ARM GAS  /tmp/cclgCBkI.s 			page 1


   1              		.syntax unified
   2              		.cpu cortex-m4
   3              		.fpu softvfp
   4              		.eabi_attribute 20, 1
   5              		.eabi_attribute 21, 1
   6              		.eabi_attribute 23, 3
   7              		.eabi_attribute 24, 1
   8              		.eabi_attribute 25, 1
   9              		.eabi_attribute 26, 1
  10              		.eabi_attribute 30, 6
  11              		.eabi_attribute 34, 1
  12              		.eabi_attribute 18, 4
  13              		.thumb
  14              		.file	"ArrayQueue_.cpp"
  15              		.text
  16              	.Ltext0:
  17              		.cfi_sections	.debug_frame
  18              	.Letext0:
  19              		.file 1 "/opt/R2P/tools/gcc-arm-none-eabi-4_9-2014q4/arm-none-eabi/include/c++/4.9.3/cstring"
  20              		.file 2 "/opt/R2P/tools/gcc-arm-none-eabi-4_9-2014q4/arm-none-eabi/include/string.h"
  21              		.file 3 "/opt/R2P/tools/gcc-arm-none-eabi-4_9-2014q4/lib/gcc/arm-none-eabi/4.9.3/include/stddef.h"
  22              		.file 4 "<built-in>"
  23              		.file 5 "/opt/R2P/core/Middleware/include/r2p/Uncopyable.hpp"
  24              		.section	.debug_info,"",%progbits
  25              	.Ldebug_info0:
  26 0000 28010000 		.4byte	0x128
  27 0004 0400     		.2byte	0x4
  28 0006 00000000 		.4byte	.Ldebug_abbrev0
  29 000a 04       		.byte	0x4
  30 000b 01       		.uleb128 0x1
  31 000c E0000000 		.4byte	.LASF16
  32 0010 04       		.byte	0x4
  33 0011 A9010000 		.4byte	.LASF17
  34 0015 5E000000 		.4byte	.LASF18
  35 0019 00000000 		.4byte	.Ldebug_line0
  36 001d 02       		.uleb128 0x2
  37 001e 04       		.byte	0x4
  38 001f 05       		.byte	0x5
  39 0020 696E7400 		.ascii	"int\000"
  40 0024 03       		.uleb128 0x3
  41 0025 2E000000 		.4byte	.LASF19
  42 0029 03       		.byte	0x3
  43 002a D4       		.byte	0xd4
  44 002b 2F000000 		.4byte	0x2f
  45 002f 04       		.uleb128 0x4
  46 0030 04       		.byte	0x4
  47 0031 07       		.byte	0x7
  48 0032 21000000 		.4byte	.LASF0
  49 0036 04       		.uleb128 0x4
  50 0037 01       		.byte	0x1
  51 0038 06       		.byte	0x6
  52 0039 D4000000 		.4byte	.LASF1
  53 003d 04       		.uleb128 0x4
  54 003e 01       		.byte	0x1
  55 003f 08       		.byte	0x8
  56 0040 9F000000 		.4byte	.LASF2
  57 0044 04       		.uleb128 0x4
ARM GAS  /tmp/cclgCBkI.s 			page 2


  58 0045 02       		.byte	0x2
  59 0046 05       		.byte	0x5
  60 0047 C3000000 		.4byte	.LASF3
  61 004b 04       		.uleb128 0x4
  62 004c 02       		.byte	0x2
  63 004d 07       		.byte	0x7
  64 004e 0E000000 		.4byte	.LASF4
  65 0052 04       		.uleb128 0x4
  66 0053 04       		.byte	0x4
  67 0054 05       		.byte	0x5
  68 0055 BA000000 		.4byte	.LASF5
  69 0059 04       		.uleb128 0x4
  70 005a 04       		.byte	0x4
  71 005b 07       		.byte	0x7
  72 005c 35000000 		.4byte	.LASF6
  73 0060 04       		.uleb128 0x4
  74 0061 08       		.byte	0x8
  75 0062 05       		.byte	0x5
  76 0063 00000000 		.4byte	.LASF7
  77 0067 04       		.uleb128 0x4
  78 0068 08       		.byte	0x8
  79 0069 07       		.byte	0x7
  80 006a 47000000 		.4byte	.LASF8
  81 006e 04       		.uleb128 0x4
  82 006f 04       		.byte	0x4
  83 0070 07       		.byte	0x7
  84 0071 E3010000 		.4byte	.LASF9
  85 0075 05       		.uleb128 0x5
  86 0076 04       		.byte	0x4
  87 0077 7B000000 		.4byte	0x7b
  88 007b 04       		.uleb128 0x4
  89 007c 01       		.byte	0x1
  90 007d 08       		.byte	0x8
  91 007e AD000000 		.4byte	.LASF10
  92 0082 05       		.uleb128 0x5
  93 0083 04       		.byte	0x4
  94 0084 88000000 		.4byte	0x88
  95 0088 06       		.uleb128 0x6
  96 0089 7B000000 		.4byte	0x7b
  97 008d 07       		.uleb128 0x7
  98 008e 73746400 		.ascii	"std\000"
  99 0092 04       		.byte	0x4
 100 0093 00       		.byte	0
 101 0094 B5000000 		.4byte	0xb5
 102 0098 08       		.uleb128 0x8
 103 0099 01       		.byte	0x1
 104 009a 52       		.byte	0x52
 105 009b B5000000 		.4byte	0xb5
 106 009f 08       		.uleb128 0x8
 107 00a0 01       		.byte	0x1
 108 00a1 55       		.byte	0x55
 109 00a2 CF000000 		.4byte	0xcf
 110 00a6 08       		.uleb128 0x8
 111 00a7 01       		.byte	0x1
 112 00a8 5B       		.byte	0x5b
 113 00a9 E4000000 		.4byte	0xe4
 114 00ad 08       		.uleb128 0x8
ARM GAS  /tmp/cclgCBkI.s 			page 3


 115 00ae 01       		.byte	0x1
 116 00af 5C       		.byte	0x5c
 117 00b0 FE000000 		.4byte	0xfe
 118 00b4 00       		.byte	0
 119 00b5 09       		.uleb128 0x9
 120 00b6 DB010000 		.4byte	.LASF11
 121 00ba 02       		.byte	0x2
 122 00bb 1D       		.byte	0x1d
 123 00bc 1D000000 		.4byte	0x1d
 124 00c0 CF000000 		.4byte	0xcf
 125 00c4 0A       		.uleb128 0xa
 126 00c5 82000000 		.4byte	0x82
 127 00c9 0A       		.uleb128 0xa
 128 00ca 82000000 		.4byte	0x82
 129 00ce 00       		.byte	0
 130 00cf 09       		.uleb128 0x9
 131 00d0 96000000 		.4byte	.LASF12
 132 00d4 02       		.byte	0x2
 133 00d5 20       		.byte	0x20
 134 00d6 75000000 		.4byte	0x75
 135 00da E4000000 		.4byte	0xe4
 136 00de 0A       		.uleb128 0xa
 137 00df 1D000000 		.4byte	0x1d
 138 00e3 00       		.byte	0
 139 00e4 09       		.uleb128 0x9
 140 00e5 CD000000 		.4byte	.LASF13
 141 00e9 02       		.byte	0x2
 142 00ea 2A       		.byte	0x2a
 143 00eb 75000000 		.4byte	0x75
 144 00ef FE000000 		.4byte	0xfe
 145 00f3 0A       		.uleb128 0xa
 146 00f4 75000000 		.4byte	0x75
 147 00f8 0A       		.uleb128 0xa
 148 00f9 82000000 		.4byte	0x82
 149 00fd 00       		.byte	0
 150 00fe 09       		.uleb128 0x9
 151 00ff B2000000 		.4byte	.LASF14
 152 0103 02       		.byte	0x2
 153 0104 2C       		.byte	0x2c
 154 0105 24000000 		.4byte	0x24
 155 0109 1D010000 		.4byte	0x11d
 156 010d 0A       		.uleb128 0xa
 157 010e 75000000 		.4byte	0x75
 158 0112 0A       		.uleb128 0xa
 159 0113 82000000 		.4byte	0x82
 160 0117 0A       		.uleb128 0xa
 161 0118 24000000 		.4byte	0x24
 162 011c 00       		.byte	0
 163 011d 0B       		.uleb128 0xb
 164 011e 72327000 		.ascii	"r2p\000"
 165 0122 05       		.byte	0x5
 166 0123 03       		.byte	0x3
 167 0124 04       		.uleb128 0x4
 168 0125 01       		.byte	0x1
 169 0126 02       		.byte	0x2
 170 0127 91000000 		.4byte	.LASF15
 171 012b 00       		.byte	0
ARM GAS  /tmp/cclgCBkI.s 			page 4


 172              		.section	.debug_abbrev,"",%progbits
 173              	.Ldebug_abbrev0:
 174 0000 01       		.uleb128 0x1
 175 0001 11       		.uleb128 0x11
 176 0002 01       		.byte	0x1
 177 0003 25       		.uleb128 0x25
 178 0004 0E       		.uleb128 0xe
 179 0005 13       		.uleb128 0x13
 180 0006 0B       		.uleb128 0xb
 181 0007 03       		.uleb128 0x3
 182 0008 0E       		.uleb128 0xe
 183 0009 1B       		.uleb128 0x1b
 184 000a 0E       		.uleb128 0xe
 185 000b 10       		.uleb128 0x10
 186 000c 17       		.uleb128 0x17
 187 000d 00       		.byte	0
 188 000e 00       		.byte	0
 189 000f 02       		.uleb128 0x2
 190 0010 24       		.uleb128 0x24
 191 0011 00       		.byte	0
 192 0012 0B       		.uleb128 0xb
 193 0013 0B       		.uleb128 0xb
 194 0014 3E       		.uleb128 0x3e
 195 0015 0B       		.uleb128 0xb
 196 0016 03       		.uleb128 0x3
 197 0017 08       		.uleb128 0x8
 198 0018 00       		.byte	0
 199 0019 00       		.byte	0
 200 001a 03       		.uleb128 0x3
 201 001b 16       		.uleb128 0x16
 202 001c 00       		.byte	0
 203 001d 03       		.uleb128 0x3
 204 001e 0E       		.uleb128 0xe
 205 001f 3A       		.uleb128 0x3a
 206 0020 0B       		.uleb128 0xb
 207 0021 3B       		.uleb128 0x3b
 208 0022 0B       		.uleb128 0xb
 209 0023 49       		.uleb128 0x49
 210 0024 13       		.uleb128 0x13
 211 0025 00       		.byte	0
 212 0026 00       		.byte	0
 213 0027 04       		.uleb128 0x4
 214 0028 24       		.uleb128 0x24
 215 0029 00       		.byte	0
 216 002a 0B       		.uleb128 0xb
 217 002b 0B       		.uleb128 0xb
 218 002c 3E       		.uleb128 0x3e
 219 002d 0B       		.uleb128 0xb
 220 002e 03       		.uleb128 0x3
 221 002f 0E       		.uleb128 0xe
 222 0030 00       		.byte	0
 223 0031 00       		.byte	0
 224 0032 05       		.uleb128 0x5
 225 0033 0F       		.uleb128 0xf
 226 0034 00       		.byte	0
 227 0035 0B       		.uleb128 0xb
 228 0036 0B       		.uleb128 0xb
ARM GAS  /tmp/cclgCBkI.s 			page 5


 229 0037 49       		.uleb128 0x49
 230 0038 13       		.uleb128 0x13
 231 0039 00       		.byte	0
 232 003a 00       		.byte	0
 233 003b 06       		.uleb128 0x6
 234 003c 26       		.uleb128 0x26
 235 003d 00       		.byte	0
 236 003e 49       		.uleb128 0x49
 237 003f 13       		.uleb128 0x13
 238 0040 00       		.byte	0
 239 0041 00       		.byte	0
 240 0042 07       		.uleb128 0x7
 241 0043 39       		.uleb128 0x39
 242 0044 01       		.byte	0x1
 243 0045 03       		.uleb128 0x3
 244 0046 08       		.uleb128 0x8
 245 0047 3A       		.uleb128 0x3a
 246 0048 0B       		.uleb128 0xb
 247 0049 3B       		.uleb128 0x3b
 248 004a 0B       		.uleb128 0xb
 249 004b 01       		.uleb128 0x1
 250 004c 13       		.uleb128 0x13
 251 004d 00       		.byte	0
 252 004e 00       		.byte	0
 253 004f 08       		.uleb128 0x8
 254 0050 08       		.uleb128 0x8
 255 0051 00       		.byte	0
 256 0052 3A       		.uleb128 0x3a
 257 0053 0B       		.uleb128 0xb
 258 0054 3B       		.uleb128 0x3b
 259 0055 0B       		.uleb128 0xb
 260 0056 18       		.uleb128 0x18
 261 0057 13       		.uleb128 0x13
 262 0058 00       		.byte	0
 263 0059 00       		.byte	0
 264 005a 09       		.uleb128 0x9
 265 005b 2E       		.uleb128 0x2e
 266 005c 01       		.byte	0x1
 267 005d 3F       		.uleb128 0x3f
 268 005e 19       		.uleb128 0x19
 269 005f 03       		.uleb128 0x3
 270 0060 0E       		.uleb128 0xe
 271 0061 3A       		.uleb128 0x3a
 272 0062 0B       		.uleb128 0xb
 273 0063 3B       		.uleb128 0x3b
 274 0064 0B       		.uleb128 0xb
 275 0065 49       		.uleb128 0x49
 276 0066 13       		.uleb128 0x13
 277 0067 3C       		.uleb128 0x3c
 278 0068 19       		.uleb128 0x19
 279 0069 01       		.uleb128 0x1
 280 006a 13       		.uleb128 0x13
 281 006b 00       		.byte	0
 282 006c 00       		.byte	0
 283 006d 0A       		.uleb128 0xa
 284 006e 05       		.uleb128 0x5
 285 006f 00       		.byte	0
ARM GAS  /tmp/cclgCBkI.s 			page 6


 286 0070 49       		.uleb128 0x49
 287 0071 13       		.uleb128 0x13
 288 0072 00       		.byte	0
 289 0073 00       		.byte	0
 290 0074 0B       		.uleb128 0xb
 291 0075 39       		.uleb128 0x39
 292 0076 00       		.byte	0
 293 0077 03       		.uleb128 0x3
 294 0078 08       		.uleb128 0x8
 295 0079 3A       		.uleb128 0x3a
 296 007a 0B       		.uleb128 0xb
 297 007b 3B       		.uleb128 0x3b
 298 007c 0B       		.uleb128 0xb
 299 007d 00       		.byte	0
 300 007e 00       		.byte	0
 301 007f 00       		.byte	0
 302              		.section	.debug_aranges,"",%progbits
 303 0000 14000000 		.4byte	0x14
 304 0004 0200     		.2byte	0x2
 305 0006 00000000 		.4byte	.Ldebug_info0
 306 000a 04       		.byte	0x4
 307 000b 00       		.byte	0
 308 000c 0000     		.2byte	0
 309 000e 0000     		.2byte	0
 310 0010 00000000 		.4byte	0
 311 0014 00000000 		.4byte	0
 312              		.section	.debug_line,"",%progbits
 313              	.Ldebug_line0:
 314 0000 5F010000 		.section	.debug_str,"MS",%progbits,1
 314      02005901 
 314      00000201 
 314      FB0E0D00 
 314      01010101 
 315              	.LASF7:
 316 0000 6C6F6E67 		.ascii	"long long int\000"
 316      206C6F6E 
 316      6720696E 
 316      7400
 317              	.LASF4:
 318 000e 73686F72 		.ascii	"short unsigned int\000"
 318      7420756E 
 318      7369676E 
 318      65642069 
 318      6E7400
 319              	.LASF0:
 320 0021 756E7369 		.ascii	"unsigned int\000"
 320      676E6564 
 320      20696E74 
 320      00
 321              	.LASF19:
 322 002e 73697A65 		.ascii	"size_t\000"
 322      5F7400
 323              	.LASF6:
 324 0035 6C6F6E67 		.ascii	"long unsigned int\000"
 324      20756E73 
 324      69676E65 
 324      6420696E 
ARM GAS  /tmp/cclgCBkI.s 			page 7


 324      7400
 325              	.LASF8:
 326 0047 6C6F6E67 		.ascii	"long long unsigned int\000"
 326      206C6F6E 
 326      6720756E 
 326      7369676E 
 326      65642069 
 327              	.LASF18:
 328 005e 2F686F6D 		.ascii	"/home/tino/workspace/openrobots/Middleware_v2-new/\000"
 328      652F7469 
 328      6E6F2F77 
 328      6F726B73 
 328      70616365 
 329              	.LASF15:
 330 0091 626F6F6C 		.ascii	"bool\000"
 330      00
 331              	.LASF12:
 332 0096 73747265 		.ascii	"strerror\000"
 332      72726F72 
 332      00
 333              	.LASF2:
 334 009f 756E7369 		.ascii	"unsigned char\000"
 334      676E6564 
 334      20636861 
 334      7200
 335              	.LASF10:
 336 00ad 63686172 		.ascii	"char\000"
 336      00
 337              	.LASF14:
 338 00b2 73747278 		.ascii	"strxfrm\000"
 338      66726D00 
 339              	.LASF5:
 340 00ba 6C6F6E67 		.ascii	"long int\000"
 340      20696E74 
 340      00
 341              	.LASF3:
 342 00c3 73686F72 		.ascii	"short int\000"
 342      7420696E 
 342      7400
 343              	.LASF13:
 344 00cd 73747274 		.ascii	"strtok\000"
 344      6F6B00
 345              	.LASF1:
 346 00d4 7369676E 		.ascii	"signed char\000"
 346      65642063 
 346      68617200 
 347              	.LASF16:
 348 00e0 474E5520 		.ascii	"GNU C++ 4.9.3 20141119 (release) [ARM/embedded-4_9-"
 348      432B2B20 
 348      342E392E 
 348      33203230 
 348      31343131 
 349 0113 6272616E 		.ascii	"branch revision 218278] -mcpu=cortex-m4 -mno-thumb-"
 349      63682072 
 349      65766973 
 349      696F6E20 
 349      32313832 
ARM GAS  /tmp/cclgCBkI.s 			page 8


 350 0146 696E7465 		.ascii	"interwork -mthumb -ggdb -O0 -fomit-frame-pointer -f"
 350      72776F72 
 350      6B202D6D 
 350      7468756D 
 350      62202D67 
 351 0179 6E6F2D72 		.ascii	"no-rtti -fno-exceptions -fno-threadsafe-statics\000"
 351      74746920 
 351      2D666E6F 
 351      2D657863 
 351      65707469 
 352              	.LASF17:
 353 01a9 2F6F7074 		.ascii	"/opt/R2P/core/Middleware/src/impl/ArrayQueue_.cpp\000"
 353      2F523250 
 353      2F636F72 
 353      652F4D69 
 353      64646C65 
 354              	.LASF11:
 355 01db 73747263 		.ascii	"strcoll\000"
 355      6F6C6C00 
 356              	.LASF9:
 357 01e3 73697A65 		.ascii	"sizetype\000"
 357      74797065 
 357      00
 358              		.ident	"GCC: (GNU Tools for ARM Embedded Processors) 4.9.3 20141119 (release) [ARM/embedded-4_9-br
ARM GAS  /tmp/cclgCBkI.s 			page 9


DEFINED SYMBOLS
                            *ABS*:00000000 ArrayQueue_.cpp

NO UNDEFINED SYMBOLS
