ARM GAS  /tmp/cc8TBCMb.s 			page 1


   1              		.syntax unified
   2              		.cpu cortex-m4
   3              		.fpu softvfp
   4              		.eabi_attribute 20, 1
   5              		.eabi_attribute 21, 1
   6              		.eabi_attribute 23, 3
   7              		.eabi_attribute 24, 1
   8              		.eabi_attribute 25, 1
   9              		.eabi_attribute 26, 1
  10              		.eabi_attribute 30, 6
  11              		.eabi_attribute 34, 1
  12              		.eabi_attribute 18, 4
  13              		.thumb
  14              		.file	"board.c"
  15              		.text
  16              	.Ltext0:
  17              		.cfi_sections	.debug_frame
  18              		.global	pal_default_config
  19              		.section	.rodata
  20              		.align	2
  21              		.type	pal_default_config, %object
  22              		.size	pal_default_config, 168
  23              	pal_default_config:
  24 0000 0000A8AA 		.word	-1431830528
  25 0004 00000000 		.word	0
  26 0008 0000FCFF 		.word	-262144
  27 000c 55550164 		.word	1677808981
  28 0010 FFFF0000 		.word	65535
  29 0014 00000000 		.word	0
  30 0018 40E40E00 		.word	975936
  31 001c B002AAA9 		.word	-1448475984
  32 0020 00000000 		.word	0
  33 0024 F003FFFF 		.word	-64528
  34 0028 05550000 		.word	21765
  35 002c FFFF0000 		.word	65535
  36 0030 00000000 		.word	0
  37 0034 99775055 		.word	1431336857
  38 0038 00000004 		.word	67108864
  39 003c 00000000 		.word	0
  40 0040 00000030 		.word	805306368
  41 0044 55555541 		.word	1096111445
  42 0048 FFDF0000 		.word	57343
  43 004c 00000000 		.word	0
  44 0050 00000000 		.word	0
  45 0054 00000000 		.word	0
  46 0058 00000000 		.word	0
  47 005c 00000000 		.word	0
  48 0060 55555555 		.word	1431655765
  49 0064 FFFF0000 		.word	65535
  50 0068 00000000 		.word	0
  51 006c 00000000 		.word	0
  52 0070 00000000 		.word	0
  53 0074 00000000 		.word	0
  54 0078 00000000 		.word	0
  55 007c 55555555 		.word	1431655765
  56 0080 FFFF0000 		.word	65535
  57 0084 00000000 		.word	0
ARM GAS  /tmp/cc8TBCMb.s 			page 2


  58 0088 00000000 		.word	0
  59 008c 04000000 		.word	4
  60 0090 00000000 		.word	0
  61 0094 00000000 		.word	0
  62 0098 55555555 		.word	1431655765
  63 009c FDFF0000 		.word	65533
  64 00a0 00000000 		.word	0
  65 00a4 00000000 		.word	0
  66              		.text
  67              		.align	2
  68              		.global	__early_init
  69              		.thumb
  70              		.thumb_func
  71              		.type	__early_init, %function
  72              	__early_init:
  73              	.LFB118:
  74              		.file 1 "board.c"
  75              		.loc 1 47 0
  76              		.cfi_startproc
  77              		@ args = 0, pretend = 0, frame = 0
  78              		@ frame_needed = 0, uses_anonymous_args = 0
  79 0000 08B5     		push	{r3, lr}
  80              		.cfi_def_cfa_offset 8
  81              		.cfi_offset 3, -8
  82              		.cfi_offset 14, -4
  83              		.loc 1 49 0
  84 0002 FFF7FEFF 		bl	stm32_clock_init
  85              		.loc 1 50 0
  86 0006 08BD     		pop	{r3, pc}
  87              		.cfi_endproc
  88              	.LFE118:
  89              		.size	__early_init, .-__early_init
  90              		.align	2
  91              		.global	boardInit
  92              		.thumb
  93              		.thumb_func
  94              		.type	boardInit, %function
  95              	boardInit:
  96              	.LFB119:
  97              		.loc 1 100 0
  98              		.cfi_startproc
  99              		@ args = 0, pretend = 0, frame = 0
 100              		@ frame_needed = 0, uses_anonymous_args = 0
 101              		@ link register save eliminated.
 102              		.loc 1 101 0
 103 0008 7047     		bx	lr
 104              		.cfi_endproc
 105              	.LFE119:
 106              		.size	boardInit, .-boardInit
 107              	.Letext0:
 108              		.file 2 "/opt/R2P/tools/gcc-arm-none-eabi-4_9-2014q4/arm-none-eabi/include/machine/_default_types.
 109              		.file 3 "/opt/R2P/tools/gcc-arm-none-eabi-4_9-2014q4/arm-none-eabi/include/stdint.h"
 110              		.file 4 "/opt/R2P/core/ChibiOS_2.6.5/os/hal/platforms/STM32/GPIOv2/pal_lld.h"
 111              		.file 5 "/opt/R2P/core/ChibiOS_2.6.5/os/ports/common/ARMCMx/CMSIS/include/core_cm4.h"
 112 000a 00BF     		.section	.debug_info,"",%progbits
 113              	.Ldebug_info0:
 114 0000 B6010000 		.4byte	0x1b6
ARM GAS  /tmp/cc8TBCMb.s 			page 3


 115 0004 0400     		.2byte	0x4
 116 0006 00000000 		.4byte	.Ldebug_abbrev0
 117 000a 04       		.byte	0x4
 118 000b 01       		.uleb128 0x1
 119 000c E8000000 		.4byte	.LASF34
 120 0010 01       		.byte	0x1
 121 0011 9A010000 		.4byte	.LASF35
 122 0015 46000000 		.4byte	.LASF36
 123 0019 00000000 		.4byte	.Ltext0
 124 001d 0A000000 		.4byte	.Letext0-.Ltext0
 125 0021 00000000 		.4byte	.Ldebug_line0
 126 0025 02       		.uleb128 0x2
 127 0026 04       		.byte	0x4
 128 0027 05       		.byte	0x5
 129 0028 696E7400 		.ascii	"int\000"
 130 002c 03       		.uleb128 0x3
 131 002d 04       		.byte	0x4
 132 002e 07       		.byte	0x7
 133 002f 32000000 		.4byte	.LASF0
 134 0033 03       		.uleb128 0x3
 135 0034 01       		.byte	0x1
 136 0035 06       		.byte	0x6
 137 0036 1F020000 		.4byte	.LASF1
 138 003a 03       		.uleb128 0x3
 139 003b 01       		.byte	0x1
 140 003c 08       		.byte	0x8
 141 003d 97000000 		.4byte	.LASF2
 142 0041 03       		.uleb128 0x3
 143 0042 02       		.byte	0x2
 144 0043 05       		.byte	0x5
 145 0044 F6010000 		.4byte	.LASF3
 146 0048 03       		.uleb128 0x3
 147 0049 02       		.byte	0x2
 148 004a 07       		.byte	0x7
 149 004b 1F000000 		.4byte	.LASF4
 150 004f 04       		.uleb128 0x4
 151 0050 15000000 		.4byte	.LASF6
 152 0054 02       		.byte	0x2
 153 0055 3F       		.byte	0x3f
 154 0056 5A000000 		.4byte	0x5a
 155 005a 03       		.uleb128 0x3
 156 005b 04       		.byte	0x4
 157 005c 05       		.byte	0x5
 158 005d 10020000 		.4byte	.LASF5
 159 0061 04       		.uleb128 0x4
 160 0062 A2010000 		.4byte	.LASF7
 161 0066 02       		.byte	0x2
 162 0067 41       		.byte	0x41
 163 0068 6C000000 		.4byte	0x6c
 164 006c 03       		.uleb128 0x3
 165 006d 04       		.byte	0x4
 166 006e 07       		.byte	0x7
 167 006f BF000000 		.4byte	.LASF8
 168 0073 03       		.uleb128 0x3
 169 0074 08       		.byte	0x8
 170 0075 05       		.byte	0x5
 171 0076 00000000 		.4byte	.LASF9
ARM GAS  /tmp/cc8TBCMb.s 			page 4


 172 007a 03       		.uleb128 0x3
 173 007b 08       		.byte	0x8
 174 007c 07       		.byte	0x7
 175 007d 79000000 		.4byte	.LASF10
 176 0081 04       		.uleb128 0x4
 177 0082 DD010000 		.4byte	.LASF11
 178 0086 03       		.byte	0x3
 179 0087 2C       		.byte	0x2c
 180 0088 4F000000 		.4byte	0x4f
 181 008c 04       		.uleb128 0x4
 182 008d 07020000 		.4byte	.LASF12
 183 0091 03       		.byte	0x3
 184 0092 2D       		.byte	0x2d
 185 0093 61000000 		.4byte	0x61
 186 0097 03       		.uleb128 0x3
 187 0098 01       		.byte	0x1
 188 0099 02       		.byte	0x2
 189 009a 2B020000 		.4byte	.LASF13
 190 009e 03       		.uleb128 0x3
 191 009f 04       		.byte	0x4
 192 00a0 07       		.byte	0x7
 193 00a1 E5010000 		.4byte	.LASF14
 194 00a5 03       		.uleb128 0x3
 195 00a6 01       		.byte	0x1
 196 00a7 08       		.byte	0x8
 197 00a8 C1010000 		.4byte	.LASF15
 198 00ac 05       		.uleb128 0x5
 199 00ad 81000000 		.4byte	0x81
 200 00b1 06       		.uleb128 0x6
 201 00b2 1C       		.byte	0x1c
 202 00b3 04       		.byte	0x4
 203 00b4 A3       		.byte	0xa3
 204 00b5 0E010000 		.4byte	0x10e
 205 00b9 07       		.uleb128 0x7
 206 00ba 19020000 		.4byte	.LASF16
 207 00be 04       		.byte	0x4
 208 00bf A5       		.byte	0xa5
 209 00c0 8C000000 		.4byte	0x8c
 210 00c4 00       		.byte	0
 211 00c5 07       		.uleb128 0x7
 212 00c6 3F000000 		.4byte	.LASF17
 213 00ca 04       		.byte	0x4
 214 00cb A7       		.byte	0xa7
 215 00cc 8C000000 		.4byte	0x8c
 216 00d0 04       		.byte	0x4
 217 00d1 07       		.uleb128 0x7
 218 00d2 EE010000 		.4byte	.LASF18
 219 00d6 04       		.byte	0x4
 220 00d7 A9       		.byte	0xa9
 221 00d8 8C000000 		.4byte	0x8c
 222 00dc 08       		.byte	0x8
 223 00dd 07       		.uleb128 0x7
 224 00de AD010000 		.4byte	.LASF19
 225 00e2 04       		.byte	0x4
 226 00e3 AB       		.byte	0xab
 227 00e4 8C000000 		.4byte	0x8c
 228 00e8 0C       		.byte	0xc
ARM GAS  /tmp/cc8TBCMb.s 			page 5


 229 00e9 08       		.uleb128 0x8
 230 00ea 6F647200 		.ascii	"odr\000"
 231 00ee 04       		.byte	0x4
 232 00ef AD       		.byte	0xad
 233 00f0 8C000000 		.4byte	0x8c
 234 00f4 10       		.byte	0x10
 235 00f5 07       		.uleb128 0x7
 236 00f6 D6000000 		.4byte	.LASF20
 237 00fa 04       		.byte	0x4
 238 00fb AF       		.byte	0xaf
 239 00fc 8C000000 		.4byte	0x8c
 240 0100 14       		.byte	0x14
 241 0101 07       		.uleb128 0x7
 242 0102 D1000000 		.4byte	.LASF21
 243 0106 04       		.byte	0x4
 244 0107 B1       		.byte	0xb1
 245 0108 8C000000 		.4byte	0x8c
 246 010c 18       		.byte	0x18
 247 010d 00       		.byte	0
 248 010e 04       		.uleb128 0x4
 249 010f A5000000 		.4byte	.LASF22
 250 0113 04       		.byte	0x4
 251 0114 B2       		.byte	0xb2
 252 0115 B1000000 		.4byte	0xb1
 253 0119 06       		.uleb128 0x6
 254 011a A8       		.byte	0xa8
 255 011b 04       		.byte	0x4
 256 011c BB       		.byte	0xbb
 257 011d 6A010000 		.4byte	0x16a
 258 0121 07       		.uleb128 0x7
 259 0122 B8000000 		.4byte	.LASF23
 260 0126 04       		.byte	0x4
 261 0127 BE       		.byte	0xbe
 262 0128 0E010000 		.4byte	0x10e
 263 012c 00       		.byte	0
 264 012d 07       		.uleb128 0x7
 265 012e BA010000 		.4byte	.LASF24
 266 0132 04       		.byte	0x4
 267 0133 C2       		.byte	0xc2
 268 0134 0E010000 		.4byte	0x10e
 269 0138 1C       		.byte	0x1c
 270 0139 07       		.uleb128 0x7
 271 013a 00020000 		.4byte	.LASF25
 272 013e 04       		.byte	0x4
 273 013f C6       		.byte	0xc6
 274 0140 0E010000 		.4byte	0x10e
 275 0144 38       		.byte	0x38
 276 0145 07       		.uleb128 0x7
 277 0146 0E000000 		.4byte	.LASF26
 278 014a 04       		.byte	0x4
 279 014b CA       		.byte	0xca
 280 014c 0E010000 		.4byte	0x10e
 281 0150 54       		.byte	0x54
 282 0151 07       		.uleb128 0x7
 283 0152 90000000 		.4byte	.LASF27
 284 0156 04       		.byte	0x4
 285 0157 CE       		.byte	0xce
ARM GAS  /tmp/cc8TBCMb.s 			page 6


 286 0158 0E010000 		.4byte	0x10e
 287 015c 70       		.byte	0x70
 288 015d 07       		.uleb128 0x7
 289 015e B3010000 		.4byte	.LASF28
 290 0162 04       		.byte	0x4
 291 0163 D2       		.byte	0xd2
 292 0164 0E010000 		.4byte	0x10e
 293 0168 8C       		.byte	0x8c
 294 0169 00       		.byte	0
 295 016a 04       		.uleb128 0x4
 296 016b 7D010000 		.4byte	.LASF29
 297 016f 04       		.byte	0x4
 298 0170 E0       		.byte	0xe0
 299 0171 19010000 		.4byte	0x119
 300 0175 09       		.uleb128 0x9
 301 0176 D0010000 		.4byte	.LASF30
 302 017a 01       		.byte	0x1
 303 017b 2F       		.byte	0x2f
 304 017c 00000000 		.4byte	.LFB118
 305 0180 08000000 		.4byte	.LFE118-.LFB118
 306 0184 01       		.uleb128 0x1
 307 0185 9C       		.byte	0x9c
 308 0186 0A       		.uleb128 0xa
 309 0187 C6010000 		.4byte	.LASF31
 310 018b 01       		.byte	0x1
 311 018c 64       		.byte	0x64
 312 018d 08000000 		.4byte	.LFB119
 313 0191 02000000 		.4byte	.LFE119-.LFB119
 314 0195 01       		.uleb128 0x1
 315 0196 9C       		.byte	0x9c
 316 0197 0B       		.uleb128 0xb
 317 0198 DB000000 		.4byte	.LASF32
 318 019c 05       		.byte	0x5
 319 019d 9806     		.2byte	0x698
 320 019f AC000000 		.4byte	0xac
 321 01a3 0C       		.uleb128 0xc
 322 01a4 87010000 		.4byte	.LASF33
 323 01a8 01       		.byte	0x1
 324 01a9 19       		.byte	0x19
 325 01aa B4010000 		.4byte	0x1b4
 326 01ae 05       		.uleb128 0x5
 327 01af 03       		.byte	0x3
 328 01b0 00000000 		.4byte	pal_default_config
 329 01b4 0D       		.uleb128 0xd
 330 01b5 6A010000 		.4byte	0x16a
 331 01b9 00       		.byte	0
 332              		.section	.debug_abbrev,"",%progbits
 333              	.Ldebug_abbrev0:
 334 0000 01       		.uleb128 0x1
 335 0001 11       		.uleb128 0x11
 336 0002 01       		.byte	0x1
 337 0003 25       		.uleb128 0x25
 338 0004 0E       		.uleb128 0xe
 339 0005 13       		.uleb128 0x13
 340 0006 0B       		.uleb128 0xb
 341 0007 03       		.uleb128 0x3
 342 0008 0E       		.uleb128 0xe
ARM GAS  /tmp/cc8TBCMb.s 			page 7


 343 0009 1B       		.uleb128 0x1b
 344 000a 0E       		.uleb128 0xe
 345 000b 11       		.uleb128 0x11
 346 000c 01       		.uleb128 0x1
 347 000d 12       		.uleb128 0x12
 348 000e 06       		.uleb128 0x6
 349 000f 10       		.uleb128 0x10
 350 0010 17       		.uleb128 0x17
 351 0011 00       		.byte	0
 352 0012 00       		.byte	0
 353 0013 02       		.uleb128 0x2
 354 0014 24       		.uleb128 0x24
 355 0015 00       		.byte	0
 356 0016 0B       		.uleb128 0xb
 357 0017 0B       		.uleb128 0xb
 358 0018 3E       		.uleb128 0x3e
 359 0019 0B       		.uleb128 0xb
 360 001a 03       		.uleb128 0x3
 361 001b 08       		.uleb128 0x8
 362 001c 00       		.byte	0
 363 001d 00       		.byte	0
 364 001e 03       		.uleb128 0x3
 365 001f 24       		.uleb128 0x24
 366 0020 00       		.byte	0
 367 0021 0B       		.uleb128 0xb
 368 0022 0B       		.uleb128 0xb
 369 0023 3E       		.uleb128 0x3e
 370 0024 0B       		.uleb128 0xb
 371 0025 03       		.uleb128 0x3
 372 0026 0E       		.uleb128 0xe
 373 0027 00       		.byte	0
 374 0028 00       		.byte	0
 375 0029 04       		.uleb128 0x4
 376 002a 16       		.uleb128 0x16
 377 002b 00       		.byte	0
 378 002c 03       		.uleb128 0x3
 379 002d 0E       		.uleb128 0xe
 380 002e 3A       		.uleb128 0x3a
 381 002f 0B       		.uleb128 0xb
 382 0030 3B       		.uleb128 0x3b
 383 0031 0B       		.uleb128 0xb
 384 0032 49       		.uleb128 0x49
 385 0033 13       		.uleb128 0x13
 386 0034 00       		.byte	0
 387 0035 00       		.byte	0
 388 0036 05       		.uleb128 0x5
 389 0037 35       		.uleb128 0x35
 390 0038 00       		.byte	0
 391 0039 49       		.uleb128 0x49
 392 003a 13       		.uleb128 0x13
 393 003b 00       		.byte	0
 394 003c 00       		.byte	0
 395 003d 06       		.uleb128 0x6
 396 003e 13       		.uleb128 0x13
 397 003f 01       		.byte	0x1
 398 0040 0B       		.uleb128 0xb
 399 0041 0B       		.uleb128 0xb
ARM GAS  /tmp/cc8TBCMb.s 			page 8


 400 0042 3A       		.uleb128 0x3a
 401 0043 0B       		.uleb128 0xb
 402 0044 3B       		.uleb128 0x3b
 403 0045 0B       		.uleb128 0xb
 404 0046 01       		.uleb128 0x1
 405 0047 13       		.uleb128 0x13
 406 0048 00       		.byte	0
 407 0049 00       		.byte	0
 408 004a 07       		.uleb128 0x7
 409 004b 0D       		.uleb128 0xd
 410 004c 00       		.byte	0
 411 004d 03       		.uleb128 0x3
 412 004e 0E       		.uleb128 0xe
 413 004f 3A       		.uleb128 0x3a
 414 0050 0B       		.uleb128 0xb
 415 0051 3B       		.uleb128 0x3b
 416 0052 0B       		.uleb128 0xb
 417 0053 49       		.uleb128 0x49
 418 0054 13       		.uleb128 0x13
 419 0055 38       		.uleb128 0x38
 420 0056 0B       		.uleb128 0xb
 421 0057 00       		.byte	0
 422 0058 00       		.byte	0
 423 0059 08       		.uleb128 0x8
 424 005a 0D       		.uleb128 0xd
 425 005b 00       		.byte	0
 426 005c 03       		.uleb128 0x3
 427 005d 08       		.uleb128 0x8
 428 005e 3A       		.uleb128 0x3a
 429 005f 0B       		.uleb128 0xb
 430 0060 3B       		.uleb128 0x3b
 431 0061 0B       		.uleb128 0xb
 432 0062 49       		.uleb128 0x49
 433 0063 13       		.uleb128 0x13
 434 0064 38       		.uleb128 0x38
 435 0065 0B       		.uleb128 0xb
 436 0066 00       		.byte	0
 437 0067 00       		.byte	0
 438 0068 09       		.uleb128 0x9
 439 0069 2E       		.uleb128 0x2e
 440 006a 00       		.byte	0
 441 006b 3F       		.uleb128 0x3f
 442 006c 19       		.uleb128 0x19
 443 006d 03       		.uleb128 0x3
 444 006e 0E       		.uleb128 0xe
 445 006f 3A       		.uleb128 0x3a
 446 0070 0B       		.uleb128 0xb
 447 0071 3B       		.uleb128 0x3b
 448 0072 0B       		.uleb128 0xb
 449 0073 27       		.uleb128 0x27
 450 0074 19       		.uleb128 0x19
 451 0075 11       		.uleb128 0x11
 452 0076 01       		.uleb128 0x1
 453 0077 12       		.uleb128 0x12
 454 0078 06       		.uleb128 0x6
 455 0079 40       		.uleb128 0x40
 456 007a 18       		.uleb128 0x18
ARM GAS  /tmp/cc8TBCMb.s 			page 9


 457 007b 9642     		.uleb128 0x2116
 458 007d 19       		.uleb128 0x19
 459 007e 00       		.byte	0
 460 007f 00       		.byte	0
 461 0080 0A       		.uleb128 0xa
 462 0081 2E       		.uleb128 0x2e
 463 0082 00       		.byte	0
 464 0083 3F       		.uleb128 0x3f
 465 0084 19       		.uleb128 0x19
 466 0085 03       		.uleb128 0x3
 467 0086 0E       		.uleb128 0xe
 468 0087 3A       		.uleb128 0x3a
 469 0088 0B       		.uleb128 0xb
 470 0089 3B       		.uleb128 0x3b
 471 008a 0B       		.uleb128 0xb
 472 008b 27       		.uleb128 0x27
 473 008c 19       		.uleb128 0x19
 474 008d 11       		.uleb128 0x11
 475 008e 01       		.uleb128 0x1
 476 008f 12       		.uleb128 0x12
 477 0090 06       		.uleb128 0x6
 478 0091 40       		.uleb128 0x40
 479 0092 18       		.uleb128 0x18
 480 0093 9742     		.uleb128 0x2117
 481 0095 19       		.uleb128 0x19
 482 0096 00       		.byte	0
 483 0097 00       		.byte	0
 484 0098 0B       		.uleb128 0xb
 485 0099 34       		.uleb128 0x34
 486 009a 00       		.byte	0
 487 009b 03       		.uleb128 0x3
 488 009c 0E       		.uleb128 0xe
 489 009d 3A       		.uleb128 0x3a
 490 009e 0B       		.uleb128 0xb
 491 009f 3B       		.uleb128 0x3b
 492 00a0 05       		.uleb128 0x5
 493 00a1 49       		.uleb128 0x49
 494 00a2 13       		.uleb128 0x13
 495 00a3 3F       		.uleb128 0x3f
 496 00a4 19       		.uleb128 0x19
 497 00a5 3C       		.uleb128 0x3c
 498 00a6 19       		.uleb128 0x19
 499 00a7 00       		.byte	0
 500 00a8 00       		.byte	0
 501 00a9 0C       		.uleb128 0xc
 502 00aa 34       		.uleb128 0x34
 503 00ab 00       		.byte	0
 504 00ac 03       		.uleb128 0x3
 505 00ad 0E       		.uleb128 0xe
 506 00ae 3A       		.uleb128 0x3a
 507 00af 0B       		.uleb128 0xb
 508 00b0 3B       		.uleb128 0x3b
 509 00b1 0B       		.uleb128 0xb
 510 00b2 49       		.uleb128 0x49
 511 00b3 13       		.uleb128 0x13
 512 00b4 3F       		.uleb128 0x3f
 513 00b5 19       		.uleb128 0x19
ARM GAS  /tmp/cc8TBCMb.s 			page 10


 514 00b6 02       		.uleb128 0x2
 515 00b7 18       		.uleb128 0x18
 516 00b8 00       		.byte	0
 517 00b9 00       		.byte	0
 518 00ba 0D       		.uleb128 0xd
 519 00bb 26       		.uleb128 0x26
 520 00bc 00       		.byte	0
 521 00bd 49       		.uleb128 0x49
 522 00be 13       		.uleb128 0x13
 523 00bf 00       		.byte	0
 524 00c0 00       		.byte	0
 525 00c1 00       		.byte	0
 526              		.section	.debug_aranges,"",%progbits
 527 0000 1C000000 		.4byte	0x1c
 528 0004 0200     		.2byte	0x2
 529 0006 00000000 		.4byte	.Ldebug_info0
 530 000a 04       		.byte	0x4
 531 000b 00       		.byte	0
 532 000c 0000     		.2byte	0
 533 000e 0000     		.2byte	0
 534 0010 00000000 		.4byte	.Ltext0
 535 0014 0A000000 		.4byte	.Letext0-.Ltext0
 536 0018 00000000 		.4byte	0
 537 001c 00000000 		.4byte	0
 538              		.section	.debug_line,"",%progbits
 539              	.Ldebug_line0:
 540 0000 7B010000 		.section	.debug_str,"MS",%progbits,1
 540      02006001 
 540      00000201 
 540      FB0E0D00 
 540      01010101 
 541              	.LASF9:
 542 0000 6C6F6E67 		.ascii	"long long int\000"
 542      206C6F6E 
 542      6720696E 
 542      7400
 543              	.LASF26:
 544 000e 50444461 		.ascii	"PDData\000"
 544      746100
 545              	.LASF6:
 546 0015 5F5F696E 		.ascii	"__int32_t\000"
 546      7433325F 
 546      7400
 547              	.LASF4:
 548 001f 73686F72 		.ascii	"short unsigned int\000"
 548      7420756E 
 548      7369676E 
 548      65642069 
 548      6E7400
 549              	.LASF0:
 550 0032 756E7369 		.ascii	"unsigned int\000"
 550      676E6564 
 550      20696E74 
 550      00
 551              	.LASF17:
 552 003f 6F747970 		.ascii	"otyper\000"
 552      657200
ARM GAS  /tmp/cc8TBCMb.s 			page 11


 553              	.LASF36:
 554 0046 2F686F6D 		.ascii	"/home/tino/workspace/openrobots/Middleware_v2-new/\000"
 554      652F7469 
 554      6E6F2F77 
 554      6F726B73 
 554      70616365 
 555              	.LASF10:
 556 0079 6C6F6E67 		.ascii	"long long unsigned int\000"
 556      206C6F6E 
 556      6720756E 
 556      7369676E 
 556      65642069 
 557              	.LASF27:
 558 0090 50454461 		.ascii	"PEData\000"
 558      746100
 559              	.LASF2:
 560 0097 756E7369 		.ascii	"unsigned char\000"
 560      676E6564 
 560      20636861 
 560      7200
 561              	.LASF22:
 562 00a5 73746D33 		.ascii	"stm32_gpio_setup_t\000"
 562      325F6770 
 562      696F5F73 
 562      65747570 
 562      5F7400
 563              	.LASF23:
 564 00b8 50414461 		.ascii	"PAData\000"
 564      746100
 565              	.LASF8:
 566 00bf 6C6F6E67 		.ascii	"long unsigned int\000"
 566      20756E73 
 566      69676E65 
 566      6420696E 
 566      7400
 567              	.LASF21:
 568 00d1 61667268 		.ascii	"afrh\000"
 568      00
 569              	.LASF20:
 570 00d6 6166726C 		.ascii	"afrl\000"
 570      00
 571              	.LASF32:
 572 00db 49544D5F 		.ascii	"ITM_RxBuffer\000"
 572      52784275 
 572      66666572 
 572      00
 573              	.LASF34:
 574 00e8 474E5520 		.ascii	"GNU C 4.9.3 20141119 (release) [ARM/embedded-4_9-br"
 574      4320342E 
 574      392E3320 
 574      32303134 
 574      31313139 
 575 011b 616E6368 		.ascii	"anch revision 218278] -mcpu=cortex-m4 -mno-thumb-in"
 575      20726576 
 575      6973696F 
 575      6E203231 
 575      38323738 
ARM GAS  /tmp/cc8TBCMb.s 			page 12


 576 014e 74657277 		.ascii	"terwork -mthumb -ggdb -O0 -fomit-frame-pointer\000"
 576      6F726B20 
 576      2D6D7468 
 576      756D6220 
 576      2D676764 
 577              	.LASF29:
 578 017d 50414C43 		.ascii	"PALConfig\000"
 578      6F6E6669 
 578      6700
 579              	.LASF33:
 580 0187 70616C5F 		.ascii	"pal_default_config\000"
 580      64656661 
 580      756C745F 
 580      636F6E66 
 580      696700
 581              	.LASF35:
 582 019a 626F6172 		.ascii	"board.c\000"
 582      642E6300 
 583              	.LASF7:
 584 01a2 5F5F7569 		.ascii	"__uint32_t\000"
 584      6E743332 
 584      5F7400
 585              	.LASF19:
 586 01ad 70757064 		.ascii	"pupdr\000"
 586      7200
 587              	.LASF28:
 588 01b3 50464461 		.ascii	"PFData\000"
 588      746100
 589              	.LASF24:
 590 01ba 50424461 		.ascii	"PBData\000"
 590      746100
 591              	.LASF15:
 592 01c1 63686172 		.ascii	"char\000"
 592      00
 593              	.LASF31:
 594 01c6 626F6172 		.ascii	"boardInit\000"
 594      64496E69 
 594      7400
 595              	.LASF30:
 596 01d0 5F5F6561 		.ascii	"__early_init\000"
 596      726C795F 
 596      696E6974 
 596      00
 597              	.LASF11:
 598 01dd 696E7433 		.ascii	"int32_t\000"
 598      325F7400 
 599              	.LASF14:
 600 01e5 73697A65 		.ascii	"sizetype\000"
 600      74797065 
 600      00
 601              	.LASF18:
 602 01ee 6F737065 		.ascii	"ospeedr\000"
 602      65647200 
 603              	.LASF3:
 604 01f6 73686F72 		.ascii	"short int\000"
 604      7420696E 
 604      7400
ARM GAS  /tmp/cc8TBCMb.s 			page 13


 605              	.LASF25:
 606 0200 50434461 		.ascii	"PCData\000"
 606      746100
 607              	.LASF12:
 608 0207 75696E74 		.ascii	"uint32_t\000"
 608      33325F74 
 608      00
 609              	.LASF5:
 610 0210 6C6F6E67 		.ascii	"long int\000"
 610      20696E74 
 610      00
 611              	.LASF16:
 612 0219 6D6F6465 		.ascii	"moder\000"
 612      7200
 613              	.LASF1:
 614 021f 7369676E 		.ascii	"signed char\000"
 614      65642063 
 614      68617200 
 615              	.LASF13:
 616 022b 5F426F6F 		.ascii	"_Bool\000"
 616      6C00
 617              		.ident	"GCC: (GNU Tools for ARM Embedded Processors) 4.9.3 20141119 (release) [ARM/embedded-4_9-br
ARM GAS  /tmp/cc8TBCMb.s 			page 14


DEFINED SYMBOLS
                            *ABS*:00000000 board.c
     /tmp/cc8TBCMb.s:23     .rodata:00000000 pal_default_config
     /tmp/cc8TBCMb.s:20     .rodata:00000000 $d
     /tmp/cc8TBCMb.s:67     .text:00000000 $t
     /tmp/cc8TBCMb.s:72     .text:00000000 __early_init
     /tmp/cc8TBCMb.s:95     .text:00000008 boardInit
                     .debug_frame:00000010 $d

UNDEFINED SYMBOLS
stm32_clock_init
