ARM GAS  /tmp/cclaAkv5.s 			page 1


   1              		.syntax unified
   2              		.cpu cortex-m4
   3              		.fpu softvfp
   4              		.eabi_attribute 20, 1
   5              		.eabi_attribute 21, 1
   6              		.eabi_attribute 23, 3
   7              		.eabi_attribute 24, 1
   8              		.eabi_attribute 25, 1
   9              		.eabi_attribute 26, 1
  10              		.eabi_attribute 30, 6
  11              		.eabi_attribute 34, 1
  12              		.eabi_attribute 18, 4
  13              		.thumb
  14              		.file	"BootMsg.cpp"
  15              		.text
  16              	.Ltext0:
  17              		.cfi_sections	.debug_frame
  18              		.align	2
  19              		.global	_ZNK3r2p10IhexRecord16compute_checksumEv
  20              		.thumb
  21              		.thumb_func
  22              		.type	_ZNK3r2p10IhexRecord16compute_checksumEv, %function
  23              	_ZNK3r2p10IhexRecord16compute_checksumEv:
  24              	.LFB49:
  25              		.file 1 "/opt/R2P/core/Middleware/src/BootMsg.cpp"
  26              		.loc 1 8 0
  27              		.cfi_startproc
  28              		@ args = 0, pretend = 0, frame = 16
  29              		@ frame_needed = 0, uses_anonymous_args = 0
  30              		@ link register save eliminated.
  31 0000 84B0     		sub	sp, sp, #16
  32              		.cfi_def_cfa_offset 16
  33 0002 0190     		str	r0, [sp, #4]
  34              	.LBB2:
  35              		.loc 1 11 0
  36 0004 019B     		ldr	r3, [sp, #4]
  37 0006 1A78     		ldrb	r2, [r3]	@ zero_extendqisi2
  38              		.loc 1 10 0
  39 0008 019B     		ldr	r3, [sp, #4]
  40 000a B3F80130 		ldrh	r3, [r3, #1]	@ unaligned
  41 000e 9BB2     		uxth	r3, r3
  42 0010 1B12     		asrs	r3, r3, #8
  43              		.loc 1 11 0
  44 0012 DBB2     		uxtb	r3, r3
  45 0014 1344     		add	r3, r3, r2
  46 0016 DAB2     		uxtb	r2, r3
  47 0018 019B     		ldr	r3, [sp, #4]
  48 001a B3F80130 		ldrh	r3, [r3, #1]	@ unaligned
  49 001e 9BB2     		uxth	r3, r3
  50 0020 DBB2     		uxtb	r3, r3
  51 0022 1344     		add	r3, r3, r2
  52 0024 DAB2     		uxtb	r2, r3
  53 0026 019B     		ldr	r3, [sp, #4]
  54 0028 DB78     		ldrb	r3, [r3, #3]	@ zero_extendqisi2
  55 002a 1344     		add	r3, r3, r2
  56 002c 8DF80F30 		strb	r3, [sp, #15]
  57              	.LBB3:
ARM GAS  /tmp/cclaAkv5.s 			page 2


  58              		.loc 1 12 0
  59 0030 0023     		movs	r3, #0
  60 0032 8DF80E30 		strb	r3, [sp, #14]
  61 0036 0EE0     		b	.L2
  62              	.L3:
  63              		.loc 1 13 0 discriminator 3
  64 0038 9DF80E30 		ldrb	r3, [sp, #14]	@ zero_extendqisi2
  65 003c 019A     		ldr	r2, [sp, #4]
  66 003e 1344     		add	r3, r3, r2
  67 0040 1A79     		ldrb	r2, [r3, #4]	@ zero_extendqisi2
  68 0042 9DF80F30 		ldrb	r3, [sp, #15]
  69 0046 1344     		add	r3, r3, r2
  70 0048 8DF80F30 		strb	r3, [sp, #15]
  71              		.loc 1 12 0 discriminator 3
  72 004c 9DF80E30 		ldrb	r3, [sp, #14]
  73 0050 0133     		adds	r3, r3, #1
  74 0052 8DF80E30 		strb	r3, [sp, #14]
  75              	.L2:
  76              		.loc 1 12 0 is_stmt 0 discriminator 1
  77 0056 019B     		ldr	r3, [sp, #4]
  78 0058 1B78     		ldrb	r3, [r3]	@ zero_extendqisi2
  79 005a 9DF80E20 		ldrb	r2, [sp, #14]	@ zero_extendqisi2
  80 005e 9A42     		cmp	r2, r3
  81 0060 EAD3     		bcc	.L3
  82              	.LBE3:
  83              		.loc 1 15 0 is_stmt 1
  84 0062 9DF80F30 		ldrb	r3, [sp, #15]
  85 0066 5B42     		negs	r3, r3
  86 0068 DBB2     		uxtb	r3, r3
  87              	.LBE2:
  88              		.loc 1 16 0
  89 006a 1846     		mov	r0, r3
  90 006c 04B0     		add	sp, sp, #16
  91              		.cfi_def_cfa_offset 0
  92              		@ sp needed
  93 006e 7047     		bx	lr
  94              		.cfi_endproc
  95              	.LFE49:
  96              		.size	_ZNK3r2p10IhexRecord16compute_checksumEv, .-_ZNK3r2p10IhexRecord16compute_checksumEv
  97              	.Letext0:
  98              		.file 2 "/opt/R2P/tools/gcc-arm-none-eabi-4_9-2014q4/lib/gcc/arm-none-eabi/4.9.3/include/stddef.h"
  99              		.file 3 "/opt/R2P/tools/gcc-arm-none-eabi-4_9-2014q4/arm-none-eabi/include/machine/_default_types.
 100              		.file 4 "/opt/R2P/tools/gcc-arm-none-eabi-4_9-2014q4/arm-none-eabi/include/c++/4.9.3/cstring"
 101              		.file 5 "/opt/R2P/tools/gcc-arm-none-eabi-4_9-2014q4/arm-none-eabi/include/string.h"
 102              		.file 6 "<built-in>"
 103              		.file 7 "/opt/R2P/core/Middleware/include/r2p/Uncopyable.hpp"
 104              		.file 8 "/opt/R2P/core/Middleware/include/r2p/BootMsg.hpp"
 105              		.file 9 "/opt/R2P/tools/gcc-arm-none-eabi-4_9-2014q4/arm-none-eabi/include/stdint.h"
 106              		.section	.debug_info,"",%progbits
 107              	.Ldebug_info0:
 108 0000 36020000 		.4byte	0x236
 109 0004 0400     		.2byte	0x4
 110 0006 00000000 		.4byte	.Ldebug_abbrev0
 111 000a 04       		.byte	0x4
 112 000b 01       		.uleb128 0x1
 113 000c B5000000 		.4byte	.LASF26
 114 0010 04       		.byte	0x4
ARM GAS  /tmp/cclaAkv5.s 			page 3


 115 0011 3E020000 		.4byte	.LASF27
 116 0015 61000000 		.4byte	.LASF28
 117 0019 00000000 		.4byte	.Ltext0
 118 001d 70000000 		.4byte	.Letext0-.Ltext0
 119 0021 00000000 		.4byte	.Ldebug_line0
 120 0025 02       		.uleb128 0x2
 121 0026 04       		.byte	0x4
 122 0027 05       		.byte	0x5
 123 0028 696E7400 		.ascii	"int\000"
 124 002c 03       		.uleb128 0x3
 125 002d 3B000000 		.4byte	.LASF2
 126 0031 02       		.byte	0x2
 127 0032 D4       		.byte	0xd4
 128 0033 37000000 		.4byte	0x37
 129 0037 04       		.uleb128 0x4
 130 0038 04       		.byte	0x4
 131 0039 07       		.byte	0x7
 132 003a B6010000 		.4byte	.LASF0
 133 003e 04       		.uleb128 0x4
 134 003f 01       		.byte	0x1
 135 0040 06       		.byte	0x6
 136 0041 67020000 		.4byte	.LASF1
 137 0045 03       		.uleb128 0x3
 138 0046 31000000 		.4byte	.LASF3
 139 004a 03       		.byte	0x3
 140 004b 1D       		.byte	0x1d
 141 004c 50000000 		.4byte	0x50
 142 0050 04       		.uleb128 0x4
 143 0051 01       		.byte	0x1
 144 0052 08       		.byte	0x8
 145 0053 A2000000 		.4byte	.LASF4
 146 0057 04       		.uleb128 0x4
 147 0058 02       		.byte	0x2
 148 0059 05       		.byte	0x5
 149 005a 22020000 		.4byte	.LASF5
 150 005e 03       		.uleb128 0x3
 151 005f A3010000 		.4byte	.LASF6
 152 0063 03       		.byte	0x3
 153 0064 2B       		.byte	0x2b
 154 0065 69000000 		.4byte	0x69
 155 0069 04       		.uleb128 0x4
 156 006a 02       		.byte	0x2
 157 006b 07       		.byte	0x7
 158 006c 90010000 		.4byte	.LASF7
 159 0070 04       		.uleb128 0x4
 160 0071 04       		.byte	0x4
 161 0072 05       		.byte	0x5
 162 0073 53000000 		.4byte	.LASF8
 163 0077 04       		.uleb128 0x4
 164 0078 04       		.byte	0x4
 165 0079 07       		.byte	0x7
 166 007a 7E010000 		.4byte	.LASF9
 167 007e 04       		.uleb128 0x4
 168 007f 08       		.byte	0x8
 169 0080 05       		.byte	0x5
 170 0081 03020000 		.4byte	.LASF10
 171 0085 04       		.uleb128 0x4
ARM GAS  /tmp/cclaAkv5.s 			page 4


 172 0086 08       		.byte	0x8
 173 0087 07       		.byte	0x7
 174 0088 CA010000 		.4byte	.LASF11
 175 008c 04       		.uleb128 0x4
 176 008d 04       		.byte	0x4
 177 008e 07       		.byte	0x7
 178 008f FA010000 		.4byte	.LASF12
 179 0093 05       		.uleb128 0x5
 180 0094 04       		.byte	0x4
 181 0095 99000000 		.4byte	0x99
 182 0099 04       		.uleb128 0x4
 183 009a 01       		.byte	0x1
 184 009b 08       		.byte	0x8
 185 009c 11020000 		.4byte	.LASF13
 186 00a0 05       		.uleb128 0x5
 187 00a1 04       		.byte	0x4
 188 00a2 A6000000 		.4byte	0xa6
 189 00a6 06       		.uleb128 0x6
 190 00a7 99000000 		.4byte	0x99
 191 00ab 07       		.uleb128 0x7
 192 00ac 73746400 		.ascii	"std\000"
 193 00b0 06       		.byte	0x6
 194 00b1 00       		.byte	0
 195 00b2 D3000000 		.4byte	0xd3
 196 00b6 08       		.uleb128 0x8
 197 00b7 04       		.byte	0x4
 198 00b8 52       		.byte	0x52
 199 00b9 D3000000 		.4byte	0xd3
 200 00bd 08       		.uleb128 0x8
 201 00be 04       		.byte	0x4
 202 00bf 55       		.byte	0x55
 203 00c0 ED000000 		.4byte	0xed
 204 00c4 08       		.uleb128 0x8
 205 00c5 04       		.byte	0x4
 206 00c6 5B       		.byte	0x5b
 207 00c7 02010000 		.4byte	0x102
 208 00cb 08       		.uleb128 0x8
 209 00cc 04       		.byte	0x4
 210 00cd 5C       		.byte	0x5c
 211 00ce 1C010000 		.4byte	0x11c
 212 00d2 00       		.byte	0
 213 00d3 09       		.uleb128 0x9
 214 00d4 29000000 		.4byte	.LASF14
 215 00d8 05       		.byte	0x5
 216 00d9 1D       		.byte	0x1d
 217 00da 25000000 		.4byte	0x25
 218 00de ED000000 		.4byte	0xed
 219 00e2 0A       		.uleb128 0xa
 220 00e3 A0000000 		.4byte	0xa0
 221 00e7 0A       		.uleb128 0xa
 222 00e8 A0000000 		.4byte	0xa0
 223 00ec 00       		.byte	0
 224 00ed 09       		.uleb128 0x9
 225 00ee 35020000 		.4byte	.LASF15
 226 00f2 05       		.byte	0x5
 227 00f3 20       		.byte	0x20
 228 00f4 93000000 		.4byte	0x93
ARM GAS  /tmp/cclaAkv5.s 			page 5


 229 00f8 02010000 		.4byte	0x102
 230 00fc 0A       		.uleb128 0xa
 231 00fd 25000000 		.4byte	0x25
 232 0101 00       		.byte	0
 233 0102 09       		.uleb128 0x9
 234 0103 C3010000 		.4byte	.LASF16
 235 0107 05       		.byte	0x5
 236 0108 2A       		.byte	0x2a
 237 0109 93000000 		.4byte	0x93
 238 010d 1C010000 		.4byte	0x11c
 239 0111 0A       		.uleb128 0xa
 240 0112 93000000 		.4byte	0x93
 241 0116 0A       		.uleb128 0xa
 242 0117 A0000000 		.4byte	0xa0
 243 011b 00       		.byte	0
 244 011c 09       		.uleb128 0x9
 245 011d AE010000 		.4byte	.LASF17
 246 0121 05       		.byte	0x5
 247 0122 2C       		.byte	0x2c
 248 0123 2C000000 		.4byte	0x2c
 249 0127 3B010000 		.4byte	0x13b
 250 012b 0A       		.uleb128 0xa
 251 012c 93000000 		.4byte	0x93
 252 0130 0A       		.uleb128 0xa
 253 0131 A0000000 		.4byte	0xa0
 254 0135 0A       		.uleb128 0xa
 255 0136 2C000000 		.4byte	0x2c
 256 013a 00       		.byte	0
 257 013b 07       		.uleb128 0x7
 258 013c 72327000 		.ascii	"r2p\000"
 259 0140 07       		.byte	0x7
 260 0141 03       		.byte	0x3
 261 0142 AE010000 		.4byte	0x1ae
 262 0146 0B       		.uleb128 0xb
 263 0147 42000000 		.4byte	.LASF29
 264 014b 15       		.byte	0x15
 265 014c 08       		.byte	0x8
 266 014d 0A       		.byte	0xa
 267 014e A8010000 		.4byte	0x1a8
 268 0152 0C       		.uleb128 0xc
 269 0153 4D000000 		.4byte	.LASF18
 270 0157 08       		.byte	0x8
 271 0158 16       		.byte	0x16
 272 0159 AE010000 		.4byte	0x1ae
 273 015d 00       		.byte	0
 274 015e 0C       		.uleb128 0xc
 275 015f 16020000 		.4byte	.LASF19
 276 0163 08       		.byte	0x8
 277 0164 17       		.byte	0x17
 278 0165 B9010000 		.4byte	0x1b9
 279 0169 01       		.byte	0x1
 280 016a 0C       		.uleb128 0xc
 281 016b 1D020000 		.4byte	.LASF20
 282 016f 08       		.byte	0x8
 283 0170 18       		.byte	0x18
 284 0171 AE010000 		.4byte	0x1ae
 285 0175 03       		.byte	0x3
ARM GAS  /tmp/cclaAkv5.s 			page 6


 286 0176 0C       		.uleb128 0xc
 287 0177 94000000 		.4byte	.LASF21
 288 017b 08       		.byte	0x8
 289 017c 19       		.byte	0x19
 290 017d CB010000 		.4byte	0x1cb
 291 0181 04       		.byte	0x4
 292 0182 0C       		.uleb128 0xc
 293 0183 99000000 		.4byte	.LASF22
 294 0187 08       		.byte	0x8
 295 0188 1A       		.byte	0x1a
 296 0189 AE010000 		.4byte	0x1ae
 297 018d 14       		.byte	0x14
 298 018e 0D       		.uleb128 0xd
 299 018f E9010000 		.4byte	.LASF30
 300 0193 08       		.byte	0x8
 301 0194 1C       		.byte	0x1c
 302 0195 00000000 		.4byte	.LASF31
 303 0199 AE010000 		.4byte	0x1ae
 304 019d A1010000 		.4byte	0x1a1
 305 01a1 0E       		.uleb128 0xe
 306 01a2 DB010000 		.4byte	0x1db
 307 01a6 00       		.byte	0
 308 01a7 00       		.byte	0
 309 01a8 06       		.uleb128 0x6
 310 01a9 46010000 		.4byte	0x146
 311 01ad 00       		.byte	0
 312 01ae 03       		.uleb128 0x3
 313 01af E1010000 		.4byte	.LASF23
 314 01b3 09       		.byte	0x9
 315 01b4 15       		.byte	0x15
 316 01b5 45000000 		.4byte	0x45
 317 01b9 03       		.uleb128 0x3
 318 01ba 2C020000 		.4byte	.LASF24
 319 01be 09       		.byte	0x9
 320 01bf 21       		.byte	0x21
 321 01c0 5E000000 		.4byte	0x5e
 322 01c4 04       		.uleb128 0x4
 323 01c5 01       		.byte	0x1
 324 01c6 02       		.byte	0x2
 325 01c7 5C000000 		.4byte	.LASF25
 326 01cb 0F       		.uleb128 0xf
 327 01cc 50000000 		.4byte	0x50
 328 01d0 DB010000 		.4byte	0x1db
 329 01d4 10       		.uleb128 0x10
 330 01d5 8C000000 		.4byte	0x8c
 331 01d9 0F       		.byte	0xf
 332 01da 00       		.byte	0
 333 01db 05       		.uleb128 0x5
 334 01dc 04       		.byte	0x4
 335 01dd A8010000 		.4byte	0x1a8
 336 01e1 11       		.uleb128 0x11
 337 01e2 8E010000 		.4byte	0x18e
 338 01e6 01       		.byte	0x1
 339 01e7 08       		.byte	0x8
 340 01e8 00000000 		.4byte	.LFB49
 341 01ec 70000000 		.4byte	.LFE49-.LFB49
 342 01f0 01       		.uleb128 0x1
ARM GAS  /tmp/cclaAkv5.s 			page 7


 343 01f1 9C       		.byte	0x9c
 344 01f2 FA010000 		.4byte	0x1fa
 345 01f6 34020000 		.4byte	0x234
 346 01fa 12       		.uleb128 0x12
 347 01fb B0000000 		.4byte	.LASF32
 348 01ff 34020000 		.4byte	0x234
 349 0203 02       		.uleb128 0x2
 350 0204 91       		.byte	0x91
 351 0205 74       		.sleb128 -12
 352 0206 13       		.uleb128 0x13
 353 0207 04000000 		.4byte	.LBB2
 354 020b 66000000 		.4byte	.LBE2-.LBB2
 355 020f 14       		.uleb128 0x14
 356 0210 637300   		.ascii	"cs\000"
 357 0213 01       		.byte	0x1
 358 0214 0A       		.byte	0xa
 359 0215 AE010000 		.4byte	0x1ae
 360 0219 02       		.uleb128 0x2
 361 021a 91       		.byte	0x91
 362 021b 7F       		.sleb128 -1
 363 021c 13       		.uleb128 0x13
 364 021d 30000000 		.4byte	.LBB3
 365 0221 32000000 		.4byte	.LBE3-.LBB3
 366 0225 14       		.uleb128 0x14
 367 0226 6900     		.ascii	"i\000"
 368 0228 01       		.byte	0x1
 369 0229 0C       		.byte	0xc
 370 022a AE010000 		.4byte	0x1ae
 371 022e 02       		.uleb128 0x2
 372 022f 91       		.byte	0x91
 373 0230 7E       		.sleb128 -2
 374 0231 00       		.byte	0
 375 0232 00       		.byte	0
 376 0233 00       		.byte	0
 377 0234 06       		.uleb128 0x6
 378 0235 DB010000 		.4byte	0x1db
 379 0239 00       		.byte	0
 380              		.section	.debug_abbrev,"",%progbits
 381              	.Ldebug_abbrev0:
 382 0000 01       		.uleb128 0x1
 383 0001 11       		.uleb128 0x11
 384 0002 01       		.byte	0x1
 385 0003 25       		.uleb128 0x25
 386 0004 0E       		.uleb128 0xe
 387 0005 13       		.uleb128 0x13
 388 0006 0B       		.uleb128 0xb
 389 0007 03       		.uleb128 0x3
 390 0008 0E       		.uleb128 0xe
 391 0009 1B       		.uleb128 0x1b
 392 000a 0E       		.uleb128 0xe
 393 000b 11       		.uleb128 0x11
 394 000c 01       		.uleb128 0x1
 395 000d 12       		.uleb128 0x12
 396 000e 06       		.uleb128 0x6
 397 000f 10       		.uleb128 0x10
 398 0010 17       		.uleb128 0x17
 399 0011 00       		.byte	0
ARM GAS  /tmp/cclaAkv5.s 			page 8


 400 0012 00       		.byte	0
 401 0013 02       		.uleb128 0x2
 402 0014 24       		.uleb128 0x24
 403 0015 00       		.byte	0
 404 0016 0B       		.uleb128 0xb
 405 0017 0B       		.uleb128 0xb
 406 0018 3E       		.uleb128 0x3e
 407 0019 0B       		.uleb128 0xb
 408 001a 03       		.uleb128 0x3
 409 001b 08       		.uleb128 0x8
 410 001c 00       		.byte	0
 411 001d 00       		.byte	0
 412 001e 03       		.uleb128 0x3
 413 001f 16       		.uleb128 0x16
 414 0020 00       		.byte	0
 415 0021 03       		.uleb128 0x3
 416 0022 0E       		.uleb128 0xe
 417 0023 3A       		.uleb128 0x3a
 418 0024 0B       		.uleb128 0xb
 419 0025 3B       		.uleb128 0x3b
 420 0026 0B       		.uleb128 0xb
 421 0027 49       		.uleb128 0x49
 422 0028 13       		.uleb128 0x13
 423 0029 00       		.byte	0
 424 002a 00       		.byte	0
 425 002b 04       		.uleb128 0x4
 426 002c 24       		.uleb128 0x24
 427 002d 00       		.byte	0
 428 002e 0B       		.uleb128 0xb
 429 002f 0B       		.uleb128 0xb
 430 0030 3E       		.uleb128 0x3e
 431 0031 0B       		.uleb128 0xb
 432 0032 03       		.uleb128 0x3
 433 0033 0E       		.uleb128 0xe
 434 0034 00       		.byte	0
 435 0035 00       		.byte	0
 436 0036 05       		.uleb128 0x5
 437 0037 0F       		.uleb128 0xf
 438 0038 00       		.byte	0
 439 0039 0B       		.uleb128 0xb
 440 003a 0B       		.uleb128 0xb
 441 003b 49       		.uleb128 0x49
 442 003c 13       		.uleb128 0x13
 443 003d 00       		.byte	0
 444 003e 00       		.byte	0
 445 003f 06       		.uleb128 0x6
 446 0040 26       		.uleb128 0x26
 447 0041 00       		.byte	0
 448 0042 49       		.uleb128 0x49
 449 0043 13       		.uleb128 0x13
 450 0044 00       		.byte	0
 451 0045 00       		.byte	0
 452 0046 07       		.uleb128 0x7
 453 0047 39       		.uleb128 0x39
 454 0048 01       		.byte	0x1
 455 0049 03       		.uleb128 0x3
 456 004a 08       		.uleb128 0x8
ARM GAS  /tmp/cclaAkv5.s 			page 9


 457 004b 3A       		.uleb128 0x3a
 458 004c 0B       		.uleb128 0xb
 459 004d 3B       		.uleb128 0x3b
 460 004e 0B       		.uleb128 0xb
 461 004f 01       		.uleb128 0x1
 462 0050 13       		.uleb128 0x13
 463 0051 00       		.byte	0
 464 0052 00       		.byte	0
 465 0053 08       		.uleb128 0x8
 466 0054 08       		.uleb128 0x8
 467 0055 00       		.byte	0
 468 0056 3A       		.uleb128 0x3a
 469 0057 0B       		.uleb128 0xb
 470 0058 3B       		.uleb128 0x3b
 471 0059 0B       		.uleb128 0xb
 472 005a 18       		.uleb128 0x18
 473 005b 13       		.uleb128 0x13
 474 005c 00       		.byte	0
 475 005d 00       		.byte	0
 476 005e 09       		.uleb128 0x9
 477 005f 2E       		.uleb128 0x2e
 478 0060 01       		.byte	0x1
 479 0061 3F       		.uleb128 0x3f
 480 0062 19       		.uleb128 0x19
 481 0063 03       		.uleb128 0x3
 482 0064 0E       		.uleb128 0xe
 483 0065 3A       		.uleb128 0x3a
 484 0066 0B       		.uleb128 0xb
 485 0067 3B       		.uleb128 0x3b
 486 0068 0B       		.uleb128 0xb
 487 0069 49       		.uleb128 0x49
 488 006a 13       		.uleb128 0x13
 489 006b 3C       		.uleb128 0x3c
 490 006c 19       		.uleb128 0x19
 491 006d 01       		.uleb128 0x1
 492 006e 13       		.uleb128 0x13
 493 006f 00       		.byte	0
 494 0070 00       		.byte	0
 495 0071 0A       		.uleb128 0xa
 496 0072 05       		.uleb128 0x5
 497 0073 00       		.byte	0
 498 0074 49       		.uleb128 0x49
 499 0075 13       		.uleb128 0x13
 500 0076 00       		.byte	0
 501 0077 00       		.byte	0
 502 0078 0B       		.uleb128 0xb
 503 0079 13       		.uleb128 0x13
 504 007a 01       		.byte	0x1
 505 007b 03       		.uleb128 0x3
 506 007c 0E       		.uleb128 0xe
 507 007d 0B       		.uleb128 0xb
 508 007e 0B       		.uleb128 0xb
 509 007f 3A       		.uleb128 0x3a
 510 0080 0B       		.uleb128 0xb
 511 0081 3B       		.uleb128 0x3b
 512 0082 0B       		.uleb128 0xb
 513 0083 01       		.uleb128 0x1
ARM GAS  /tmp/cclaAkv5.s 			page 10


 514 0084 13       		.uleb128 0x13
 515 0085 00       		.byte	0
 516 0086 00       		.byte	0
 517 0087 0C       		.uleb128 0xc
 518 0088 0D       		.uleb128 0xd
 519 0089 00       		.byte	0
 520 008a 03       		.uleb128 0x3
 521 008b 0E       		.uleb128 0xe
 522 008c 3A       		.uleb128 0x3a
 523 008d 0B       		.uleb128 0xb
 524 008e 3B       		.uleb128 0x3b
 525 008f 0B       		.uleb128 0xb
 526 0090 49       		.uleb128 0x49
 527 0091 13       		.uleb128 0x13
 528 0092 38       		.uleb128 0x38
 529 0093 0B       		.uleb128 0xb
 530 0094 00       		.byte	0
 531 0095 00       		.byte	0
 532 0096 0D       		.uleb128 0xd
 533 0097 2E       		.uleb128 0x2e
 534 0098 01       		.byte	0x1
 535 0099 3F       		.uleb128 0x3f
 536 009a 19       		.uleb128 0x19
 537 009b 03       		.uleb128 0x3
 538 009c 0E       		.uleb128 0xe
 539 009d 3A       		.uleb128 0x3a
 540 009e 0B       		.uleb128 0xb
 541 009f 3B       		.uleb128 0x3b
 542 00a0 0B       		.uleb128 0xb
 543 00a1 6E       		.uleb128 0x6e
 544 00a2 0E       		.uleb128 0xe
 545 00a3 49       		.uleb128 0x49
 546 00a4 13       		.uleb128 0x13
 547 00a5 3C       		.uleb128 0x3c
 548 00a6 19       		.uleb128 0x19
 549 00a7 64       		.uleb128 0x64
 550 00a8 13       		.uleb128 0x13
 551 00a9 00       		.byte	0
 552 00aa 00       		.byte	0
 553 00ab 0E       		.uleb128 0xe
 554 00ac 05       		.uleb128 0x5
 555 00ad 00       		.byte	0
 556 00ae 49       		.uleb128 0x49
 557 00af 13       		.uleb128 0x13
 558 00b0 34       		.uleb128 0x34
 559 00b1 19       		.uleb128 0x19
 560 00b2 00       		.byte	0
 561 00b3 00       		.byte	0
 562 00b4 0F       		.uleb128 0xf
 563 00b5 01       		.uleb128 0x1
 564 00b6 01       		.byte	0x1
 565 00b7 49       		.uleb128 0x49
 566 00b8 13       		.uleb128 0x13
 567 00b9 01       		.uleb128 0x1
 568 00ba 13       		.uleb128 0x13
 569 00bb 00       		.byte	0
 570 00bc 00       		.byte	0
ARM GAS  /tmp/cclaAkv5.s 			page 11


 571 00bd 10       		.uleb128 0x10
 572 00be 21       		.uleb128 0x21
 573 00bf 00       		.byte	0
 574 00c0 49       		.uleb128 0x49
 575 00c1 13       		.uleb128 0x13
 576 00c2 2F       		.uleb128 0x2f
 577 00c3 0B       		.uleb128 0xb
 578 00c4 00       		.byte	0
 579 00c5 00       		.byte	0
 580 00c6 11       		.uleb128 0x11
 581 00c7 2E       		.uleb128 0x2e
 582 00c8 01       		.byte	0x1
 583 00c9 47       		.uleb128 0x47
 584 00ca 13       		.uleb128 0x13
 585 00cb 3A       		.uleb128 0x3a
 586 00cc 0B       		.uleb128 0xb
 587 00cd 3B       		.uleb128 0x3b
 588 00ce 0B       		.uleb128 0xb
 589 00cf 11       		.uleb128 0x11
 590 00d0 01       		.uleb128 0x1
 591 00d1 12       		.uleb128 0x12
 592 00d2 06       		.uleb128 0x6
 593 00d3 40       		.uleb128 0x40
 594 00d4 18       		.uleb128 0x18
 595 00d5 64       		.uleb128 0x64
 596 00d6 13       		.uleb128 0x13
 597 00d7 9742     		.uleb128 0x2117
 598 00d9 19       		.uleb128 0x19
 599 00da 01       		.uleb128 0x1
 600 00db 13       		.uleb128 0x13
 601 00dc 00       		.byte	0
 602 00dd 00       		.byte	0
 603 00de 12       		.uleb128 0x12
 604 00df 05       		.uleb128 0x5
 605 00e0 00       		.byte	0
 606 00e1 03       		.uleb128 0x3
 607 00e2 0E       		.uleb128 0xe
 608 00e3 49       		.uleb128 0x49
 609 00e4 13       		.uleb128 0x13
 610 00e5 34       		.uleb128 0x34
 611 00e6 19       		.uleb128 0x19
 612 00e7 02       		.uleb128 0x2
 613 00e8 18       		.uleb128 0x18
 614 00e9 00       		.byte	0
 615 00ea 00       		.byte	0
 616 00eb 13       		.uleb128 0x13
 617 00ec 0B       		.uleb128 0xb
 618 00ed 01       		.byte	0x1
 619 00ee 11       		.uleb128 0x11
 620 00ef 01       		.uleb128 0x1
 621 00f0 12       		.uleb128 0x12
 622 00f1 06       		.uleb128 0x6
 623 00f2 00       		.byte	0
 624 00f3 00       		.byte	0
 625 00f4 14       		.uleb128 0x14
 626 00f5 34       		.uleb128 0x34
 627 00f6 00       		.byte	0
ARM GAS  /tmp/cclaAkv5.s 			page 12


 628 00f7 03       		.uleb128 0x3
 629 00f8 08       		.uleb128 0x8
 630 00f9 3A       		.uleb128 0x3a
 631 00fa 0B       		.uleb128 0xb
 632 00fb 3B       		.uleb128 0x3b
 633 00fc 0B       		.uleb128 0xb
 634 00fd 49       		.uleb128 0x49
 635 00fe 13       		.uleb128 0x13
 636 00ff 02       		.uleb128 0x2
 637 0100 18       		.uleb128 0x18
 638 0101 00       		.byte	0
 639 0102 00       		.byte	0
 640 0103 00       		.byte	0
 641              		.section	.debug_aranges,"",%progbits
 642 0000 1C000000 		.4byte	0x1c
 643 0004 0200     		.2byte	0x2
 644 0006 00000000 		.4byte	.Ldebug_info0
 645 000a 04       		.byte	0x4
 646 000b 00       		.byte	0
 647 000c 0000     		.2byte	0
 648 000e 0000     		.2byte	0
 649 0010 00000000 		.4byte	.Ltext0
 650 0014 70000000 		.4byte	.Letext0-.Ltext0
 651 0018 00000000 		.4byte	0
 652 001c 00000000 		.4byte	0
 653              		.section	.debug_line,"",%progbits
 654              	.Ldebug_line0:
 655 0000 28020000 		.section	.debug_str,"MS",%progbits,1
 655      0200FE01 
 655      00000201 
 655      FB0E0D00 
 655      01010101 
 656              	.LASF31:
 657 0000 5F5A4E4B 		.ascii	"_ZNK3r2p10IhexRecord16compute_checksumEv\000"
 657      33723270 
 657      31304968 
 657      65785265 
 657      636F7264 
 658              	.LASF14:
 659 0029 73747263 		.ascii	"strcoll\000"
 659      6F6C6C00 
 660              	.LASF3:
 661 0031 5F5F7569 		.ascii	"__uint8_t\000"
 661      6E74385F 
 661      7400
 662              	.LASF2:
 663 003b 73697A65 		.ascii	"size_t\000"
 663      5F7400
 664              	.LASF29:
 665 0042 49686578 		.ascii	"IhexRecord\000"
 665      5265636F 
 665      726400
 666              	.LASF18:
 667 004d 636F756E 		.ascii	"count\000"
 667      7400
 668              	.LASF8:
 669 0053 6C6F6E67 		.ascii	"long int\000"
ARM GAS  /tmp/cclaAkv5.s 			page 13


 669      20696E74 
 669      00
 670              	.LASF25:
 671 005c 626F6F6C 		.ascii	"bool\000"
 671      00
 672              	.LASF28:
 673 0061 2F686F6D 		.ascii	"/home/tino/workspace/openrobots/Middleware_v2-new/\000"
 673      652F7469 
 673      6E6F2F77 
 673      6F726B73 
 673      70616365 
 674              	.LASF21:
 675 0094 64617461 		.ascii	"data\000"
 675      00
 676              	.LASF22:
 677 0099 63686563 		.ascii	"checksum\000"
 677      6B73756D 
 677      00
 678              	.LASF4:
 679 00a2 756E7369 		.ascii	"unsigned char\000"
 679      676E6564 
 679      20636861 
 679      7200
 680              	.LASF32:
 681 00b0 74686973 		.ascii	"this\000"
 681      00
 682              	.LASF26:
 683 00b5 474E5520 		.ascii	"GNU C++ 4.9.3 20141119 (release) [ARM/embedded-4_9-"
 683      432B2B20 
 683      342E392E 
 683      33203230 
 683      31343131 
 684 00e8 6272616E 		.ascii	"branch revision 218278] -mcpu=cortex-m4 -mno-thumb-"
 684      63682072 
 684      65766973 
 684      696F6E20 
 684      32313832 
 685 011b 696E7465 		.ascii	"interwork -mthumb -ggdb -O0 -fomit-frame-pointer -f"
 685      72776F72 
 685      6B202D6D 
 685      7468756D 
 685      62202D67 
 686 014e 6E6F2D72 		.ascii	"no-rtti -fno-exceptions -fno-threadsafe-statics\000"
 686      74746920 
 686      2D666E6F 
 686      2D657863 
 686      65707469 
 687              	.LASF9:
 688 017e 6C6F6E67 		.ascii	"long unsigned int\000"
 688      20756E73 
 688      69676E65 
 688      6420696E 
 688      7400
 689              	.LASF7:
 690 0190 73686F72 		.ascii	"short unsigned int\000"
 690      7420756E 
 690      7369676E 
ARM GAS  /tmp/cclaAkv5.s 			page 14


 690      65642069 
 690      6E7400
 691              	.LASF6:
 692 01a3 5F5F7569 		.ascii	"__uint16_t\000"
 692      6E743136 
 692      5F7400
 693              	.LASF17:
 694 01ae 73747278 		.ascii	"strxfrm\000"
 694      66726D00 
 695              	.LASF0:
 696 01b6 756E7369 		.ascii	"unsigned int\000"
 696      676E6564 
 696      20696E74 
 696      00
 697              	.LASF16:
 698 01c3 73747274 		.ascii	"strtok\000"
 698      6F6B00
 699              	.LASF11:
 700 01ca 6C6F6E67 		.ascii	"long long unsigned int\000"
 700      206C6F6E 
 700      6720756E 
 700      7369676E 
 700      65642069 
 701              	.LASF23:
 702 01e1 75696E74 		.ascii	"uint8_t\000"
 702      385F7400 
 703              	.LASF30:
 704 01e9 636F6D70 		.ascii	"compute_checksum\000"
 704      7574655F 
 704      63686563 
 704      6B73756D 
 704      00
 705              	.LASF12:
 706 01fa 73697A65 		.ascii	"sizetype\000"
 706      74797065 
 706      00
 707              	.LASF10:
 708 0203 6C6F6E67 		.ascii	"long long int\000"
 708      206C6F6E 
 708      6720696E 
 708      7400
 709              	.LASF13:
 710 0211 63686172 		.ascii	"char\000"
 710      00
 711              	.LASF19:
 712 0216 6F666673 		.ascii	"offset\000"
 712      657400
 713              	.LASF20:
 714 021d 74797065 		.ascii	"type\000"
 714      00
 715              	.LASF5:
 716 0222 73686F72 		.ascii	"short int\000"
 716      7420696E 
 716      7400
 717              	.LASF24:
 718 022c 75696E74 		.ascii	"uint16_t\000"
 718      31365F74 
ARM GAS  /tmp/cclaAkv5.s 			page 15


 718      00
 719              	.LASF15:
 720 0235 73747265 		.ascii	"strerror\000"
 720      72726F72 
 720      00
 721              	.LASF27:
 722 023e 2F6F7074 		.ascii	"/opt/R2P/core/Middleware/src/BootMsg.cpp\000"
 722      2F523250 
 722      2F636F72 
 722      652F4D69 
 722      64646C65 
 723              	.LASF1:
 724 0267 7369676E 		.ascii	"signed char\000"
 724      65642063 
 724      68617200 
 725              		.ident	"GCC: (GNU Tools for ARM Embedded Processors) 4.9.3 20141119 (release) [ARM/embedded-4_9-br
ARM GAS  /tmp/cclaAkv5.s 			page 16


DEFINED SYMBOLS
                            *ABS*:00000000 BootMsg.cpp
     /tmp/cclaAkv5.s:18     .text:00000000 $t
     /tmp/cclaAkv5.s:23     .text:00000000 _ZNK3r2p10IhexRecord16compute_checksumEv
                     .debug_frame:00000010 $d

NO UNDEFINED SYMBOLS
