ARM GAS  /tmp/cceycxa5.s 			page 1


   1              		.syntax unified
   2              		.cpu cortex-m4
   3              		.fpu softvfp
   4              		.eabi_attribute 20, 1
   5              		.eabi_attribute 21, 1
   6              		.eabi_attribute 23, 3
   7              		.eabi_attribute 24, 1
   8              		.eabi_attribute 25, 1
   9              		.eabi_attribute 26, 1
  10              		.eabi_attribute 30, 6
  11              		.eabi_attribute 34, 1
  12              		.eabi_attribute 18, 4
  13              		.thumb
  14              		.file	"chcore.c"
  15              		.text
  16              	.Ltext0:
  17              		.cfi_sections	.debug_frame
  18              		.align	2
  19              		.weak	port_halt
  20              		.thumb
  21              		.thumb_func
  22              		.type	port_halt, %function
  23              	port_halt:
  24              	.LFB7:
  25              		.file 1 "/opt/R2P/core/ChibiOS_2.6.5/os/ports/GCC/ARMCMx/chcore.c"
  26              		.loc 1 46 0
  27              		.cfi_startproc
  28              		@ args = 0, pretend = 0, frame = 0
  29              		@ frame_needed = 0, uses_anonymous_args = 0
  30              		@ link register save eliminated.
  31              		.loc 1 48 0
  32              	@ 48 "/opt/R2P/core/ChibiOS_2.6.5/os/ports/GCC/ARMCMx/chcore.c" 1
  33 0000 72B6     		cpsid   i
  34              	@ 0 "" 2
  35              		.thumb
  36              	.L2:
  37              		.loc 1 50 0 discriminator 1
  38 0002 FEE7     		b	.L2
  39              		.cfi_endproc
  40              	.LFE7:
  41              		.size	port_halt, .-port_halt
  42              	.Letext0:
  43              		.section	.debug_info,"",%progbits
  44              	.Ldebug_info0:
  45 0000 8A000000 		.4byte	0x8a
  46 0004 0400     		.2byte	0x4
  47 0006 00000000 		.4byte	.Ldebug_abbrev0
  48 000a 04       		.byte	0x4
  49 000b 01       		.uleb128 0x1
  50 000c D2000000 		.4byte	.LASF12
  51 0010 01       		.byte	0x1
  52 0011 85000000 		.4byte	.LASF13
  53 0015 00000000 		.4byte	.Ltext0
  54 0019 04000000 		.4byte	.Letext0-.Ltext0
  55 001d 00000000 		.4byte	.Ldebug_line0
  56 0021 02       		.uleb128 0x2
  57 0022 04       		.byte	0x4
ARM GAS  /tmp/cceycxa5.s 			page 2


  58 0023 05       		.byte	0x5
  59 0024 696E7400 		.ascii	"int\000"
  60 0028 03       		.uleb128 0x3
  61 0029 04       		.byte	0x4
  62 002a 07       		.byte	0x7
  63 002b 0E000000 		.4byte	.LASF0
  64 002f 03       		.uleb128 0x3
  65 0030 01       		.byte	0x1
  66 0031 06       		.byte	0x6
  67 0032 79000000 		.4byte	.LASF1
  68 0036 03       		.uleb128 0x3
  69 0037 01       		.byte	0x1
  70 0038 08       		.byte	0x8
  71 0039 44000000 		.4byte	.LASF2
  72 003d 03       		.uleb128 0x3
  73 003e 02       		.byte	0x2
  74 003f 05       		.byte	0x5
  75 0040 C8000000 		.4byte	.LASF3
  76 0044 03       		.uleb128 0x3
  77 0045 02       		.byte	0x2
  78 0046 07       		.byte	0x7
  79 0047 66000000 		.4byte	.LASF4
  80 004b 03       		.uleb128 0x3
  81 004c 04       		.byte	0x4
  82 004d 05       		.byte	0x5
  83 004e 57000000 		.4byte	.LASF5
  84 0052 03       		.uleb128 0x3
  85 0053 04       		.byte	0x4
  86 0054 07       		.byte	0x7
  87 0055 1B000000 		.4byte	.LASF6
  88 0059 03       		.uleb128 0x3
  89 005a 08       		.byte	0x8
  90 005b 05       		.byte	0x5
  91 005c 00000000 		.4byte	.LASF7
  92 0060 03       		.uleb128 0x3
  93 0061 08       		.byte	0x8
  94 0062 07       		.byte	0x7
  95 0063 2D000000 		.4byte	.LASF8
  96 0067 03       		.uleb128 0x3
  97 0068 01       		.byte	0x1
  98 0069 02       		.byte	0x2
  99 006a 60000000 		.4byte	.LASF9
 100 006e 03       		.uleb128 0x3
 101 006f 04       		.byte	0x4
 102 0070 07       		.byte	0x7
 103 0071 67010000 		.4byte	.LASF10
 104 0075 03       		.uleb128 0x3
 105 0076 01       		.byte	0x1
 106 0077 08       		.byte	0x8
 107 0078 52000000 		.4byte	.LASF11
 108 007c 04       		.uleb128 0x4
 109 007d BE000000 		.4byte	.LASF14
 110 0081 01       		.byte	0x1
 111 0082 2E       		.byte	0x2e
 112 0083 00000000 		.4byte	.LFB7
 113 0087 04000000 		.4byte	.LFE7-.LFB7
 114 008b 01       		.uleb128 0x1
ARM GAS  /tmp/cceycxa5.s 			page 3


 115 008c 9C       		.byte	0x9c
 116 008d 00       		.byte	0
 117              		.section	.debug_abbrev,"",%progbits
 118              	.Ldebug_abbrev0:
 119 0000 01       		.uleb128 0x1
 120 0001 11       		.uleb128 0x11
 121 0002 01       		.byte	0x1
 122 0003 25       		.uleb128 0x25
 123 0004 0E       		.uleb128 0xe
 124 0005 13       		.uleb128 0x13
 125 0006 0B       		.uleb128 0xb
 126 0007 03       		.uleb128 0x3
 127 0008 0E       		.uleb128 0xe
 128 0009 11       		.uleb128 0x11
 129 000a 01       		.uleb128 0x1
 130 000b 12       		.uleb128 0x12
 131 000c 06       		.uleb128 0x6
 132 000d 10       		.uleb128 0x10
 133 000e 17       		.uleb128 0x17
 134 000f 00       		.byte	0
 135 0010 00       		.byte	0
 136 0011 02       		.uleb128 0x2
 137 0012 24       		.uleb128 0x24
 138 0013 00       		.byte	0
 139 0014 0B       		.uleb128 0xb
 140 0015 0B       		.uleb128 0xb
 141 0016 3E       		.uleb128 0x3e
 142 0017 0B       		.uleb128 0xb
 143 0018 03       		.uleb128 0x3
 144 0019 08       		.uleb128 0x8
 145 001a 00       		.byte	0
 146 001b 00       		.byte	0
 147 001c 03       		.uleb128 0x3
 148 001d 24       		.uleb128 0x24
 149 001e 00       		.byte	0
 150 001f 0B       		.uleb128 0xb
 151 0020 0B       		.uleb128 0xb
 152 0021 3E       		.uleb128 0x3e
 153 0022 0B       		.uleb128 0xb
 154 0023 03       		.uleb128 0x3
 155 0024 0E       		.uleb128 0xe
 156 0025 00       		.byte	0
 157 0026 00       		.byte	0
 158 0027 04       		.uleb128 0x4
 159 0028 2E       		.uleb128 0x2e
 160 0029 00       		.byte	0
 161 002a 3F       		.uleb128 0x3f
 162 002b 19       		.uleb128 0x19
 163 002c 03       		.uleb128 0x3
 164 002d 0E       		.uleb128 0xe
 165 002e 3A       		.uleb128 0x3a
 166 002f 0B       		.uleb128 0xb
 167 0030 3B       		.uleb128 0x3b
 168 0031 0B       		.uleb128 0xb
 169 0032 27       		.uleb128 0x27
 170 0033 19       		.uleb128 0x19
 171 0034 11       		.uleb128 0x11
ARM GAS  /tmp/cceycxa5.s 			page 4


 172 0035 01       		.uleb128 0x1
 173 0036 12       		.uleb128 0x12
 174 0037 06       		.uleb128 0x6
 175 0038 40       		.uleb128 0x40
 176 0039 18       		.uleb128 0x18
 177 003a 9742     		.uleb128 0x2117
 178 003c 19       		.uleb128 0x19
 179 003d 00       		.byte	0
 180 003e 00       		.byte	0
 181 003f 00       		.byte	0
 182              		.section	.debug_aranges,"",%progbits
 183 0000 1C000000 		.4byte	0x1c
 184 0004 0200     		.2byte	0x2
 185 0006 00000000 		.4byte	.Ldebug_info0
 186 000a 04       		.byte	0x4
 187 000b 00       		.byte	0
 188 000c 0000     		.2byte	0
 189 000e 0000     		.2byte	0
 190 0010 00000000 		.4byte	.Ltext0
 191 0014 04000000 		.4byte	.Letext0-.Ltext0
 192 0018 00000000 		.4byte	0
 193 001c 00000000 		.4byte	0
 194              		.section	.debug_line,"",%progbits
 195              	.Ldebug_line0:
 196 0000 6A000000 		.section	.debug_str,"MS",%progbits,1
 196      02004F00 
 196      00000201 
 196      FB0E0D00 
 196      01010101 
 197              	.LASF7:
 198 0000 6C6F6E67 		.ascii	"long long int\000"
 198      206C6F6E 
 198      6720696E 
 198      7400
 199              	.LASF0:
 200 000e 756E7369 		.ascii	"unsigned int\000"
 200      676E6564 
 200      20696E74 
 200      00
 201              	.LASF6:
 202 001b 6C6F6E67 		.ascii	"long unsigned int\000"
 202      20756E73 
 202      69676E65 
 202      6420696E 
 202      7400
 203              	.LASF8:
 204 002d 6C6F6E67 		.ascii	"long long unsigned int\000"
 204      206C6F6E 
 204      6720756E 
 204      7369676E 
 204      65642069 
 205              	.LASF2:
 206 0044 756E7369 		.ascii	"unsigned char\000"
 206      676E6564 
 206      20636861 
 206      7200
 207              	.LASF11:
ARM GAS  /tmp/cceycxa5.s 			page 5


 208 0052 63686172 		.ascii	"char\000"
 208      00
 209              	.LASF5:
 210 0057 6C6F6E67 		.ascii	"long int\000"
 210      20696E74 
 210      00
 211              	.LASF9:
 212 0060 5F426F6F 		.ascii	"_Bool\000"
 212      6C00
 213              	.LASF4:
 214 0066 73686F72 		.ascii	"short unsigned int\000"
 214      7420756E 
 214      7369676E 
 214      65642069 
 214      6E7400
 215              	.LASF1:
 216 0079 7369676E 		.ascii	"signed char\000"
 216      65642063 
 216      68617200 
 217              	.LASF13:
 218 0085 2F6F7074 		.ascii	"/opt/R2P/core/ChibiOS_2.6.5/os/ports/GCC/ARMCMx/chc"
 218      2F523250 
 218      2F636F72 
 218      652F4368 
 218      6962694F 
 219 00b8 6F72652E 		.ascii	"ore.c\000"
 219      6300
 220              	.LASF14:
 221 00be 706F7274 		.ascii	"port_halt\000"
 221      5F68616C 
 221      7400
 222              	.LASF3:
 223 00c8 73686F72 		.ascii	"short int\000"
 223      7420696E 
 223      7400
 224              	.LASF12:
 225 00d2 474E5520 		.ascii	"GNU C 4.9.3 20141119 (release) [ARM/embedded-4_9-br"
 225      4320342E 
 225      392E3320 
 225      32303134 
 225      31313139 
 226 0105 616E6368 		.ascii	"anch revision 218278] -mcpu=cortex-m4 -mno-thumb-in"
 226      20726576 
 226      6973696F 
 226      6E203231 
 226      38323738 
 227 0138 74657277 		.ascii	"terwork -mthumb -ggdb -O0 -fomit-frame-pointer\000"
 227      6F726B20 
 227      2D6D7468 
 227      756D6220 
 227      2D676764 
 228              	.LASF10:
 229 0167 73697A65 		.ascii	"sizetype\000"
 229      74797065 
 229      00
 230              		.ident	"GCC: (GNU Tools for ARM Embedded Processors) 4.9.3 20141119 (release) [ARM/embedded-4_9-br
ARM GAS  /tmp/cceycxa5.s 			page 6


DEFINED SYMBOLS
                            *ABS*:00000000 chcore.c
     /tmp/cceycxa5.s:18     .text:00000000 $t
     /tmp/cceycxa5.s:23     .text:00000000 port_halt
                     .debug_frame:00000010 $d

NO UNDEFINED SYMBOLS
