ARM GAS  /tmp/ccyUn036.s 			page 1


   1              		.syntax unified
   2              		.cpu cortex-m4
   3              		.fpu softvfp
   4              		.eabi_attribute 20, 1
   5              		.eabi_attribute 21, 1
   6              		.eabi_attribute 23, 3
   7              		.eabi_attribute 24, 1
   8              		.eabi_attribute 25, 1
   9              		.eabi_attribute 26, 1
  10              		.eabi_attribute 30, 6
  11              		.eabi_attribute 34, 1
  12              		.eabi_attribute 18, 4
  13              		.thumb
  14              		.file	"chcore_v7m.c"
  15              		.text
  16              	.Ltext0:
  17              		.cfi_sections	.debug_frame
  18              		.align	2
  19              		.global	SysTickVector
  20              		.thumb
  21              		.thumb_func
  22              		.type	SysTickVector, %function
  23              	SysTickVector:
  24              	.LFB7:
  25              		.file 1 "/opt/R2P/core/ChibiOS_2.6.5/os/ports/GCC/ARMCMx/chcore_v7m.c"
  26              		.loc 1 47 0
  27              		.cfi_startproc
  28              		@ args = 0, pretend = 0, frame = 0
  29              		@ frame_needed = 0, uses_anonymous_args = 0
  30 0000 08B5     		push	{r3, lr}
  31              		.cfi_def_cfa_offset 8
  32              		.cfi_offset 3, -8
  33              		.cfi_offset 14, -4
  34              		.loc 1 49 0
  35 0002 FFF7FEFF 		bl	dbg_check_enter_isr
  36              	.LBB2:
  37              		.loc 1 51 0
  38 0006 2023     		movs	r3, #32
  39              	@ 51 "/opt/R2P/core/ChibiOS_2.6.5/os/ports/GCC/ARMCMx/chcore_v7m.c" 1
  40 0008 83F31188 		msr     BASEPRI, r3
  41              	@ 0 "" 2
  42              		.thumb
  43              	.LBE2:
  44 000c FFF7FEFF 		bl	dbg_check_lock_from_isr
  45              		.loc 1 52 0
  46 0010 FFF7FEFF 		bl	chSysTimerHandlerI
  47              		.loc 1 53 0
  48 0014 FFF7FEFF 		bl	dbg_check_unlock_from_isr
  49              	.LBB3:
  50 0018 0023     		movs	r3, #0
  51              	@ 53 "/opt/R2P/core/ChibiOS_2.6.5/os/ports/GCC/ARMCMx/chcore_v7m.c" 1
  52 001a 83F31188 		msr     BASEPRI, r3
  53              	@ 0 "" 2
  54              		.thumb
  55              	.LBE3:
  56              		.loc 1 55 0
  57 001e FFF7FEFF 		bl	dbg_check_leave_isr
ARM GAS  /tmp/ccyUn036.s 			page 2


  58 0022 FFF7FEFF 		bl	_port_irq_epilogue
  59              		.loc 1 56 0
  60 0026 08BD     		pop	{r3, pc}
  61              		.cfi_endproc
  62              	.LFE7:
  63              		.size	SysTickVector, .-SysTickVector
  64              		.align	2
  65              		.global	SVCallVector
  66              		.thumb
  67              		.thumb_func
  68              		.type	SVCallVector, %function
  69              	SVCallVector:
  70              	.LFB8:
  71              		.loc 1 65 0
  72              		.cfi_startproc
  73              		@ args = 0, pretend = 0, frame = 8
  74              		@ frame_needed = 0, uses_anonymous_args = 0
  75              		@ link register save eliminated.
  76 0028 82B0     		sub	sp, sp, #8
  77              		.cfi_def_cfa_offset 8
  78              		.loc 1 74 0
  79              	@ 74 "/opt/R2P/core/ChibiOS_2.6.5/os/ports/GCC/ARMCMx/chcore_v7m.c" 1
  80 002a EFF30983 		mrs     r3, PSP
  81              	@ 0 "" 2
  82              		.thumb
  83 002e 0193     		str	r3, [sp, #4]
  84              		.loc 1 78 0
  85 0030 019B     		ldr	r3, [sp, #4]
  86 0032 2033     		adds	r3, r3, #32
  87 0034 0193     		str	r3, [sp, #4]
  88              		.loc 1 81 0
  89 0036 019B     		ldr	r3, [sp, #4]
  90              	@ 81 "/opt/R2P/core/ChibiOS_2.6.5/os/ports/GCC/ARMCMx/chcore_v7m.c" 1
  91 0038 83F30988 		msr     PSP, r3
  92              	@ 0 "" 2
  93              		.thumb
  94              	.LBB4:
  95              		.loc 1 82 0
  96 003c 0023     		movs	r3, #0
  97              	@ 82 "/opt/R2P/core/ChibiOS_2.6.5/os/ports/GCC/ARMCMx/chcore_v7m.c" 1
  98 003e 83F31188 		msr     BASEPRI, r3
  99              	@ 0 "" 2
 100              		.thumb
 101              	.LBE4:
 102              		.loc 1 83 0
 103 0042 02B0     		add	sp, sp, #8
 104              		.cfi_def_cfa_offset 0
 105              		@ sp needed
 106 0044 7047     		bx	lr
 107              		.cfi_endproc
 108              	.LFE8:
 109              		.size	SVCallVector, .-SVCallVector
 110 0046 00BF     		.align	2
 111              		.global	_port_init
 112              		.thumb
 113              		.thumb_func
 114              		.type	_port_init, %function
ARM GAS  /tmp/ccyUn036.s 			page 3


 115              	_port_init:
 116              	.LFB9:
 117              		.loc 1 120 0
 118              		.cfi_startproc
 119              		@ args = 0, pretend = 0, frame = 0
 120              		@ frame_needed = 0, uses_anonymous_args = 0
 121 0048 08B5     		push	{r3, lr}
 122              		.cfi_def_cfa_offset 8
 123              		.cfi_offset 3, -8
 124              		.cfi_offset 14, -4
 125              		.loc 1 123 0
 126 004a 094B     		ldr	r3, .L4
 127 004c 0022     		movs	r2, #0
 128 004e 9A60     		str	r2, [r3, #8]
 129              		.loc 1 124 0
 130 0050 074B     		ldr	r3, .L4
 131 0052 084A     		ldr	r2, .L4+4
 132 0054 DA60     		str	r2, [r3, #12]
 133              		.loc 1 127 0
 134 0056 0720     		movs	r0, #7
 135 0058 1021     		movs	r1, #16
 136 005a FFF7FEFF 		bl	nvicSetSystemHandlerPriority
 137              		.loc 1 129 0
 138 005e 0A20     		movs	r0, #10
 139 0060 2021     		movs	r1, #32
 140 0062 FFF7FEFF 		bl	nvicSetSystemHandlerPriority
 141              		.loc 1 131 0
 142 0066 0B20     		movs	r0, #11
 143 0068 8021     		movs	r1, #128
 144 006a FFF7FEFF 		bl	nvicSetSystemHandlerPriority
 145              		.loc 1 133 0
 146 006e 08BD     		pop	{r3, pc}
 147              	.L5:
 148              		.align	2
 149              	.L4:
 150 0070 00ED00E0 		.word	-536810240
 151 0074 0003FA05 		.word	100270848
 152              		.cfi_endproc
 153              	.LFE9:
 154              		.size	_port_init, .-_port_init
 155              		.align	2
 156              		.global	_port_irq_epilogue
 157              		.thumb
 158              		.thumb_func
 159              		.type	_port_irq_epilogue, %function
 160              	_port_irq_epilogue:
 161              	.LFB10:
 162              		.loc 1 150 0
 163              		.cfi_startproc
 164              		@ args = 0, pretend = 0, frame = 8
 165              		@ frame_needed = 0, uses_anonymous_args = 0
 166              		@ link register save eliminated.
 167 0078 82B0     		sub	sp, sp, #8
 168              		.cfi_def_cfa_offset 8
 169              	.LBB5:
 170              		.loc 1 152 0
 171 007a 2023     		movs	r3, #32
ARM GAS  /tmp/ccyUn036.s 			page 4


 172              	@ 152 "/opt/R2P/core/ChibiOS_2.6.5/os/ports/GCC/ARMCMx/chcore_v7m.c" 1
 173 007c 83F31188 		msr     BASEPRI, r3
 174              	@ 0 "" 2
 175              		.thumb
 176              	.LBE5:
 177              		.loc 1 153 0
 178 0080 134B     		ldr	r3, .L11
 179 0082 5B68     		ldr	r3, [r3, #4]
 180 0084 03F40063 		and	r3, r3, #2048
 181 0088 002B     		cmp	r3, #0
 182 008a 1CD0     		beq	.L7
 183              	.LBB6:
 184              		.loc 1 163 0
 185              	@ 163 "/opt/R2P/core/ChibiOS_2.6.5/os/ports/GCC/ARMCMx/chcore_v7m.c" 1
 186 008c EFF30983 		mrs     r3, PSP
 187              	@ 0 "" 2
 188              		.thumb
 189 0090 0193     		str	r3, [sp, #4]
 190              		.loc 1 167 0
 191 0092 019B     		ldr	r3, [sp, #4]
 192 0094 203B     		subs	r3, r3, #32
 193 0096 0193     		str	r3, [sp, #4]
 194              		.loc 1 168 0
 195 0098 019B     		ldr	r3, [sp, #4]
 196 009a 4FF08072 		mov	r2, #16777216
 197 009e DA61     		str	r2, [r3, #28]
 198              		.loc 1 169 0
 199 00a0 019B     		ldr	r3, [sp, #4]
 200              	@ 169 "/opt/R2P/core/ChibiOS_2.6.5/os/ports/GCC/ARMCMx/chcore_v7m.c" 1
 201 00a2 83F30988 		msr     PSP, r3
 202              	@ 0 "" 2
 203              		.loc 1 173 0
 204              		.thumb
 205 00a6 0B4B     		ldr	r3, .L11+4
 206 00a8 1B68     		ldr	r3, [r3]
 207 00aa 9A68     		ldr	r2, [r3, #8]
 208 00ac 094B     		ldr	r3, .L11+4
 209 00ae 9B69     		ldr	r3, [r3, #24]
 210 00b0 9B68     		ldr	r3, [r3, #8]
 211 00b2 9A42     		cmp	r2, r3
 212 00b4 03D9     		bls	.L8
 213              		.loc 1 175 0
 214 00b6 019B     		ldr	r3, [sp, #4]
 215 00b8 074A     		ldr	r2, .L11+8
 216 00ba 9A61     		str	r2, [r3, #24]
 217              		.loc 1 185 0
 218 00bc 06E0     		b	.L6
 219              	.L8:
 220              		.loc 1 180 0
 221 00be 019B     		ldr	r3, [sp, #4]
 222 00c0 064A     		ldr	r2, .L11+12
 223 00c2 9A61     		str	r2, [r3, #24]
 224              		.loc 1 185 0
 225 00c4 02E0     		b	.L6
 226              	.L7:
 227              	.LBE6:
 228              	.LBB7:
ARM GAS  /tmp/ccyUn036.s 			page 5


 229              		.loc 1 187 0
 230 00c6 0023     		movs	r3, #0
 231              	@ 187 "/opt/R2P/core/ChibiOS_2.6.5/os/ports/GCC/ARMCMx/chcore_v7m.c" 1
 232 00c8 83F31188 		msr     BASEPRI, r3
 233              	@ 0 "" 2
 234              		.thumb
 235              	.L6:
 236              	.LBE7:
 237              		.loc 1 188 0
 238 00cc 02B0     		add	sp, sp, #8
 239              		.cfi_def_cfa_offset 0
 240              		@ sp needed
 241 00ce 7047     		bx	lr
 242              	.L12:
 243              		.align	2
 244              	.L11:
 245 00d0 00ED00E0 		.word	-536810240
 246 00d4 00000000 		.word	rlist
 247 00d8 00000000 		.word	_port_switch_from_isr
 248 00dc EC000000 		.word	_port_exit_from_isr
 249              		.cfi_endproc
 250              	.LFE10:
 251              		.size	_port_irq_epilogue, .-_port_irq_epilogue
 252              		.align	2
 253              		.global	_port_switch_from_isr
 254              		.thumb
 255              		.thumb_func
 256              		.type	_port_switch_from_isr, %function
 257              	_port_switch_from_isr:
 258              	.LFB11:
 259              		.loc 1 197 0
 260              		.cfi_startproc
 261              		@ Naked Function: prologue and epilogue provided by programmer.
 262              		@ args = 0, pretend = 0, frame = 0
 263              		@ frame_needed = 0, uses_anonymous_args = 0
 264              		.loc 1 199 0
 265 00e0 FFF7FEFF 		bl	dbg_check_lock
 266              		.loc 1 200 0
 267 00e4 FFF7FEFF 		bl	chSchDoReschedule
 268              		.loc 1 201 0
 269 00e8 FFF7FEFF 		bl	dbg_check_unlock
 270              		.loc 1 202 0
 271              	@ 202 "/opt/R2P/core/ChibiOS_2.6.5/os/ports/GCC/ARMCMx/chcore_v7m.c" 1
 272              		_port_exit_from_isr:
 273              	@ 0 "" 2
 274              		.loc 1 204 0
 275              	@ 204 "/opt/R2P/core/ChibiOS_2.6.5/os/ports/GCC/ARMCMx/chcore_v7m.c" 1
 276 00ec 00DF     		svc     #0
 277              	@ 0 "" 2
 278              		.loc 1 211 0
 279              		.thumb
 280              		.cfi_endproc
 281              	.LFE11:
 282              		.size	_port_switch_from_isr, .-_port_switch_from_isr
 283 00ee 00BF     		.align	2
 284              		.global	_port_switch
 285              		.thumb
ARM GAS  /tmp/ccyUn036.s 			page 6


 286              		.thumb_func
 287              		.type	_port_switch, %function
 288              	_port_switch:
 289              	.LFB12:
 290              		.loc 1 226 0
 291              		.cfi_startproc
 292              		@ Naked Function: prologue and epilogue provided by programmer.
 293              		@ args = 0, pretend = 0, frame = 0
 294              		@ frame_needed = 0, uses_anonymous_args = 0
 295 00f0 0346     		mov	r3, r0
 296 00f2 0A46     		mov	r2, r1
 297              		.loc 1 228 0
 298              	@ 228 "/opt/R2P/core/ChibiOS_2.6.5/os/ports/GCC/ARMCMx/chcore_v7m.c" 1
 299 00f4 2DE9F04F 		push    {r4, r5, r6, r7, r8, r9, r10, r11, lr}
 300              	@ 0 "" 2
 301              		.loc 1 234 0
 302              	@ 234 "/opt/R2P/core/ChibiOS_2.6.5/os/ports/GCC/ARMCMx/chcore_v7m.c" 1
 303 00f8 C2F80CD0 		str     sp, [r2, #12]                          
 304 00fc D3F80CD0 		ldr     sp, [r3, #12]
 305              	@ 0 "" 2
 306              		.loc 1 240 0
 307              	@ 240 "/opt/R2P/core/ChibiOS_2.6.5/os/ports/GCC/ARMCMx/chcore_v7m.c" 1
 308 0100 BDE8F08F 		pop     {r4, r5, r6, r7, r8, r9, r10, r11, pc}
 309              	@ 0 "" 2
 310              		.loc 1 242 0
 311              		.thumb
 312              		.cfi_endproc
 313              	.LFE12:
 314              		.size	_port_switch, .-_port_switch
 315              		.align	2
 316              		.global	_port_thread_start
 317              		.thumb
 318              		.thumb_func
 319              		.type	_port_thread_start, %function
 320              	_port_thread_start:
 321              	.LFB13:
 322              		.loc 1 249 0
 323              		.cfi_startproc
 324              		@ args = 0, pretend = 0, frame = 0
 325              		@ frame_needed = 0, uses_anonymous_args = 0
 326 0104 08B5     		push	{r3, lr}
 327              		.cfi_def_cfa_offset 8
 328              		.cfi_offset 3, -8
 329              		.cfi_offset 14, -4
 330              		.loc 1 251 0
 331 0106 FFF7FEFF 		bl	dbg_check_unlock
 332              	.LBB8:
 333 010a 0023     		movs	r3, #0
 334              	@ 251 "/opt/R2P/core/ChibiOS_2.6.5/os/ports/GCC/ARMCMx/chcore_v7m.c" 1
 335 010c 83F31188 		msr     BASEPRI, r3
 336              	@ 0 "" 2
 337              		.thumb
 338              	.LBE8:
 339              		.loc 1 252 0
 340              	@ 252 "/opt/R2P/core/ChibiOS_2.6.5/os/ports/GCC/ARMCMx/chcore_v7m.c" 1
 341 0110 2846     		mov     r0, r5                                 
 342 0112 A047     		blx     r4                                     
ARM GAS  /tmp/ccyUn036.s 			page 7


 343 0114 FFF7FEFF 		bl      chThdExit
 344              	@ 0 "" 2
 345              		.loc 1 255 0
 346              		.thumb
 347 0118 08BD     		pop	{r3, pc}
 348              		.cfi_endproc
 349              	.LFE13:
 350              		.size	_port_thread_start, .-_port_thread_start
 351              	.Letext0:
 352              		.file 2 "/opt/R2P/tools/gcc-arm-none-eabi-4_9-2014q4/arm-none-eabi/include/machine/_default_types.
 353              		.file 3 "/opt/R2P/tools/gcc-arm-none-eabi-4_9-2014q4/arm-none-eabi/include/stdint.h"
 354              		.file 4 "/opt/R2P/core/ChibiOS_2.6.5/os/ports/GCC/ARMCMx/chtypes.h"
 355              		.file 5 "/opt/R2P/core/ChibiOS_2.6.5/os/kernel/include/chlists.h"
 356              		.file 6 "/opt/R2P/core/ChibiOS_2.6.5/os/kernel/include/chthreads.h"
 357              		.file 7 "/opt/R2P/core/ChibiOS_2.6.5/os/ports/GCC/ARMCMx/chcore_v7m.h"
 358              		.file 8 "/opt/R2P/core/ChibiOS_2.6.5/os/ports/common/ARMCMx/nvic.h"
 359              		.file 9 "/opt/R2P/core/ChibiOS_2.6.5/os/kernel/include/chschd.h"
 360              		.file 10 "/opt/R2P/core/ChibiOS_2.6.5/os/kernel/include/chmtx.h"
 361 011a 00BF     		.section	.debug_info,"",%progbits
 362              	.Ldebug_info0:
 363 0000 74070000 		.4byte	0x774
 364 0004 0400     		.2byte	0x4
 365 0006 00000000 		.4byte	.Ldebug_abbrev0
 366 000a 04       		.byte	0x4
 367 000b 01       		.uleb128 0x1
 368 000c B5020000 		.4byte	.LASF96
 369 0010 01       		.byte	0x1
 370 0011 E3030000 		.4byte	.LASF97
 371 0015 00000000 		.4byte	.Ltext0
 372 0019 1A010000 		.4byte	.Letext0-.Ltext0
 373 001d 00000000 		.4byte	.Ldebug_line0
 374 0021 02       		.uleb128 0x2
 375 0022 04       		.byte	0x4
 376 0023 05       		.byte	0x5
 377 0024 696E7400 		.ascii	"int\000"
 378 0028 03       		.uleb128 0x3
 379 0029 04       		.byte	0x4
 380 002a 07       		.byte	0x7
 381 002b EB000000 		.4byte	.LASF0
 382 002f 03       		.uleb128 0x3
 383 0030 01       		.byte	0x1
 384 0031 06       		.byte	0x6
 385 0032 71000000 		.4byte	.LASF1
 386 0036 04       		.uleb128 0x4
 387 0037 16000000 		.4byte	.LASF5
 388 003b 02       		.byte	0x2
 389 003c 1D       		.byte	0x1d
 390 003d 41000000 		.4byte	0x41
 391 0041 03       		.uleb128 0x3
 392 0042 01       		.byte	0x1
 393 0043 08       		.byte	0x8
 394 0044 33020000 		.4byte	.LASF2
 395 0048 03       		.uleb128 0x3
 396 0049 02       		.byte	0x2
 397 004a 05       		.byte	0x5
 398 004b 51020000 		.4byte	.LASF3
 399 004f 03       		.uleb128 0x3
ARM GAS  /tmp/ccyUn036.s 			page 8


 400 0050 02       		.byte	0x2
 401 0051 07       		.byte	0x7
 402 0052 48010000 		.4byte	.LASF4
 403 0056 04       		.uleb128 0x4
 404 0057 73030000 		.4byte	.LASF6
 405 005b 02       		.byte	0x2
 406 005c 3F       		.byte	0x3f
 407 005d 61000000 		.4byte	0x61
 408 0061 03       		.uleb128 0x3
 409 0062 04       		.byte	0x4
 410 0063 05       		.byte	0x5
 411 0064 8D000000 		.4byte	.LASF7
 412 0068 04       		.uleb128 0x4
 413 0069 CC000000 		.4byte	.LASF8
 414 006d 02       		.byte	0x2
 415 006e 41       		.byte	0x41
 416 006f 73000000 		.4byte	0x73
 417 0073 03       		.uleb128 0x3
 418 0074 04       		.byte	0x4
 419 0075 07       		.byte	0x7
 420 0076 13010000 		.4byte	.LASF9
 421 007a 03       		.uleb128 0x3
 422 007b 08       		.byte	0x8
 423 007c 05       		.byte	0x5
 424 007d 63000000 		.4byte	.LASF10
 425 0081 04       		.uleb128 0x4
 426 0082 FE010000 		.4byte	.LASF11
 427 0086 02       		.byte	0x2
 428 0087 5B       		.byte	0x5b
 429 0088 8C000000 		.4byte	0x8c
 430 008c 03       		.uleb128 0x3
 431 008d 08       		.byte	0x8
 432 008e 07       		.byte	0x7
 433 008f 36000000 		.4byte	.LASF12
 434 0093 04       		.uleb128 0x4
 435 0094 B7030000 		.4byte	.LASF13
 436 0098 03       		.byte	0x3
 437 0099 15       		.byte	0x15
 438 009a 36000000 		.4byte	0x36
 439 009e 04       		.uleb128 0x4
 440 009f 2B020000 		.4byte	.LASF14
 441 00a3 03       		.byte	0x3
 442 00a4 2C       		.byte	0x2c
 443 00a5 56000000 		.4byte	0x56
 444 00a9 04       		.uleb128 0x4
 445 00aa 97020000 		.4byte	.LASF15
 446 00ae 03       		.byte	0x3
 447 00af 2D       		.byte	0x2d
 448 00b0 68000000 		.4byte	0x68
 449 00b4 04       		.uleb128 0x4
 450 00b5 0D000000 		.4byte	.LASF16
 451 00b9 03       		.byte	0x3
 452 00ba 39       		.byte	0x39
 453 00bb 81000000 		.4byte	0x81
 454 00bf 03       		.uleb128 0x3
 455 00c0 01       		.byte	0x1
 456 00c1 02       		.byte	0x2
ARM GAS  /tmp/ccyUn036.s 			page 9


 457 00c2 25020000 		.4byte	.LASF17
 458 00c6 04       		.uleb128 0x4
 459 00c7 92010000 		.4byte	.LASF18
 460 00cb 04       		.byte	0x4
 461 00cc 2C       		.byte	0x2c
 462 00cd 93000000 		.4byte	0x93
 463 00d1 04       		.uleb128 0x4
 464 00d2 A3000000 		.4byte	.LASF19
 465 00d6 04       		.byte	0x4
 466 00d7 2D       		.byte	0x2d
 467 00d8 93000000 		.4byte	0x93
 468 00dc 04       		.uleb128 0x4
 469 00dd 09020000 		.4byte	.LASF20
 470 00e1 04       		.byte	0x4
 471 00e2 2E       		.byte	0x2e
 472 00e3 93000000 		.4byte	0x93
 473 00e7 04       		.uleb128 0x4
 474 00e8 1D020000 		.4byte	.LASF21
 475 00ec 04       		.byte	0x4
 476 00ed 30       		.byte	0x30
 477 00ee A9000000 		.4byte	0xa9
 478 00f2 04       		.uleb128 0x4
 479 00f3 60010000 		.4byte	.LASF22
 480 00f7 04       		.byte	0x4
 481 00f8 31       		.byte	0x31
 482 00f9 9E000000 		.4byte	0x9e
 483 00fd 04       		.uleb128 0x4
 484 00fe A6010000 		.4byte	.LASF23
 485 0102 04       		.byte	0x4
 486 0103 33       		.byte	0x33
 487 0104 A9000000 		.4byte	0xa9
 488 0108 04       		.uleb128 0x4
 489 0109 5E030000 		.4byte	.LASF24
 490 010d 04       		.byte	0x4
 491 010e 35       		.byte	0x35
 492 010f A9000000 		.4byte	0xa9
 493 0113 04       		.uleb128 0x4
 494 0114 85020000 		.4byte	.LASF25
 495 0118 05       		.byte	0x5
 496 0119 2A       		.byte	0x2a
 497 011a 1E010000 		.4byte	0x11e
 498 011e 05       		.uleb128 0x5
 499 011f 85020000 		.4byte	.LASF25
 500 0123 4C       		.byte	0x4c
 501 0124 06       		.byte	0x6
 502 0125 5E       		.byte	0x5e
 503 0126 1B020000 		.4byte	0x21b
 504 012a 06       		.uleb128 0x6
 505 012b 76020000 		.4byte	.LASF26
 506 012f 06       		.byte	0x6
 507 0130 5F       		.byte	0x5f
 508 0131 3C020000 		.4byte	0x23c
 509 0135 00       		.byte	0
 510 0136 06       		.uleb128 0x6
 511 0137 16020000 		.4byte	.LASF27
 512 013b 06       		.byte	0x6
 513 013c 61       		.byte	0x61
ARM GAS  /tmp/ccyUn036.s 			page 10


 514 013d 3C020000 		.4byte	0x23c
 515 0141 04       		.byte	0x4
 516 0142 06       		.uleb128 0x6
 517 0143 5C000000 		.4byte	.LASF28
 518 0147 06       		.byte	0x6
 519 0148 63       		.byte	0x63
 520 0149 E7000000 		.4byte	0xe7
 521 014d 08       		.byte	0x8
 522 014e 06       		.uleb128 0x6
 523 014f 28040000 		.4byte	.LASF29
 524 0153 06       		.byte	0x6
 525 0154 64       		.byte	0x64
 526 0155 69030000 		.4byte	0x369
 527 0159 0C       		.byte	0xc
 528 015a 06       		.uleb128 0x6
 529 015b BF000000 		.4byte	.LASF30
 530 015f 06       		.byte	0x6
 531 0160 66       		.byte	0x66
 532 0161 3C020000 		.4byte	0x23c
 533 0165 10       		.byte	0x10
 534 0166 06       		.uleb128 0x6
 535 0167 D1010000 		.4byte	.LASF31
 536 016b 06       		.byte	0x6
 537 016c 67       		.byte	0x67
 538 016d 3C020000 		.4byte	0x23c
 539 0171 14       		.byte	0x14
 540 0172 06       		.uleb128 0x6
 541 0173 D1030000 		.4byte	.LASF32
 542 0177 06       		.byte	0x6
 543 0178 6E       		.byte	0x6e
 544 0179 E2050000 		.4byte	0x5e2
 545 017d 18       		.byte	0x18
 546 017e 06       		.uleb128 0x6
 547 017f E0000000 		.4byte	.LASF33
 548 0183 06       		.byte	0x6
 549 0184 74       		.byte	0x74
 550 0185 F4050000 		.4byte	0x5f4
 551 0189 1C       		.byte	0x1c
 552 018a 06       		.uleb128 0x6
 553 018b 5B020000 		.4byte	.LASF34
 554 018f 06       		.byte	0x6
 555 0190 79       		.byte	0x79
 556 0191 D1000000 		.4byte	0xd1
 557 0195 20       		.byte	0x20
 558 0196 06       		.uleb128 0x6
 559 0197 7D020000 		.4byte	.LASF35
 560 019b 06       		.byte	0x6
 561 019c 7D       		.byte	0x7d
 562 019d C6000000 		.4byte	0xc6
 563 01a1 21       		.byte	0x21
 564 01a2 06       		.uleb128 0x6
 565 01a3 9B030000 		.4byte	.LASF36
 566 01a7 06       		.byte	0x6
 567 01a8 82       		.byte	0x82
 568 01a9 DC000000 		.4byte	0xdc
 569 01ad 22       		.byte	0x22
 570 01ae 06       		.uleb128 0x6
ARM GAS  /tmp/ccyUn036.s 			page 11


 571 01af 7D030000 		.4byte	.LASF37
 572 01b3 06       		.byte	0x6
 573 01b4 8F       		.byte	0x8f
 574 01b5 0A050000 		.4byte	0x50a
 575 01b9 24       		.byte	0x24
 576 01ba 07       		.uleb128 0x7
 577 01bb 705F7500 		.ascii	"p_u\000"
 578 01bf 06       		.byte	0x6
 579 01c0 B4       		.byte	0xb4
 580 01c1 AD050000 		.4byte	0x5ad
 581 01c5 28       		.byte	0x28
 582 01c6 06       		.uleb128 0x6
 583 01c7 2E040000 		.4byte	.LASF38
 584 01cb 06       		.byte	0x6
 585 01cc B9       		.byte	0xb9
 586 01cd 62020000 		.4byte	0x262
 587 01d1 2C       		.byte	0x2c
 588 01d2 06       		.uleb128 0x6
 589 01d3 90030000 		.4byte	.LASF39
 590 01d7 06       		.byte	0x6
 591 01d8 BF       		.byte	0xbf
 592 01d9 42020000 		.4byte	0x242
 593 01dd 30       		.byte	0x30
 594 01de 06       		.uleb128 0x6
 595 01df 00000000 		.4byte	.LASF40
 596 01e3 06       		.byte	0x6
 597 01e4 C3       		.byte	0xc3
 598 01e5 F2000000 		.4byte	0xf2
 599 01e9 38       		.byte	0x38
 600 01ea 06       		.uleb128 0x6
 601 01eb 8C020000 		.4byte	.LASF41
 602 01ef 06       		.byte	0x6
 603 01f0 C9       		.byte	0xc9
 604 01f1 FD000000 		.4byte	0xfd
 605 01f5 3C       		.byte	0x3c
 606 01f6 06       		.uleb128 0x6
 607 01f7 47020000 		.4byte	.LASF42
 608 01fb 06       		.byte	0x6
 609 01fc D0       		.byte	0xd0
 610 01fd FA050000 		.4byte	0x5fa
 611 0201 40       		.byte	0x40
 612 0202 06       		.uleb128 0x6
 613 0203 68030000 		.4byte	.LASF43
 614 0207 06       		.byte	0x6
 615 0208 D4       		.byte	0xd4
 616 0209 E7000000 		.4byte	0xe7
 617 020d 44       		.byte	0x44
 618 020e 06       		.uleb128 0x6
 619 020f 7D000000 		.4byte	.LASF44
 620 0213 06       		.byte	0x6
 621 0214 DA       		.byte	0xda
 622 0215 78020000 		.4byte	0x278
 623 0219 48       		.byte	0x48
 624 021a 00       		.byte	0
 625 021b 08       		.uleb128 0x8
 626 021c 08       		.byte	0x8
 627 021d 05       		.byte	0x5
ARM GAS  /tmp/ccyUn036.s 			page 12


 628 021e 61       		.byte	0x61
 629 021f 3C020000 		.4byte	0x23c
 630 0223 06       		.uleb128 0x6
 631 0224 76020000 		.4byte	.LASF26
 632 0228 05       		.byte	0x5
 633 0229 62       		.byte	0x62
 634 022a 3C020000 		.4byte	0x23c
 635 022e 00       		.byte	0
 636 022f 06       		.uleb128 0x6
 637 0230 16020000 		.4byte	.LASF27
 638 0234 05       		.byte	0x5
 639 0235 64       		.byte	0x64
 640 0236 3C020000 		.4byte	0x23c
 641 023a 04       		.byte	0x4
 642 023b 00       		.byte	0
 643 023c 09       		.uleb128 0x9
 644 023d 04       		.byte	0x4
 645 023e 13010000 		.4byte	0x113
 646 0242 04       		.uleb128 0x4
 647 0243 DF010000 		.4byte	.LASF45
 648 0247 05       		.byte	0x5
 649 0248 66       		.byte	0x66
 650 0249 1B020000 		.4byte	0x21b
 651 024d 08       		.uleb128 0x8
 652 024e 04       		.byte	0x4
 653 024f 05       		.byte	0x5
 654 0250 6B       		.byte	0x6b
 655 0251 62020000 		.4byte	0x262
 656 0255 06       		.uleb128 0x6
 657 0256 76020000 		.4byte	.LASF26
 658 025a 05       		.byte	0x5
 659 025b 6D       		.byte	0x6d
 660 025c 3C020000 		.4byte	0x23c
 661 0260 00       		.byte	0
 662 0261 00       		.byte	0
 663 0262 04       		.uleb128 0x4
 664 0263 9A010000 		.4byte	.LASF46
 665 0267 05       		.byte	0x5
 666 0268 70       		.byte	0x70
 667 0269 4D020000 		.4byte	0x24d
 668 026d 04       		.uleb128 0x4
 669 026e D7000000 		.4byte	.LASF47
 670 0272 07       		.byte	0x7
 671 0273 E5       		.byte	0xe5
 672 0274 78020000 		.4byte	0x278
 673 0278 0A       		.uleb128 0xa
 674 0279 04       		.byte	0x4
 675 027a 04       		.uleb128 0x4
 676 027b B8010000 		.4byte	.LASF48
 677 027f 07       		.byte	0x7
 678 0280 EB       		.byte	0xeb
 679 0281 B4000000 		.4byte	0xb4
 680 0285 05       		.uleb128 0x5
 681 0286 FF000000 		.4byte	.LASF49
 682 028a 20       		.byte	0x20
 683 028b 07       		.byte	0x7
 684 028c ED       		.byte	0xed
ARM GAS  /tmp/ccyUn036.s 			page 13


 685 028d ED020000 		.4byte	0x2ed
 686 0291 07       		.uleb128 0x7
 687 0292 723000   		.ascii	"r0\000"
 688 0295 07       		.byte	0x7
 689 0296 EE       		.byte	0xee
 690 0297 6D020000 		.4byte	0x26d
 691 029b 00       		.byte	0
 692 029c 07       		.uleb128 0x7
 693 029d 723100   		.ascii	"r1\000"
 694 02a0 07       		.byte	0x7
 695 02a1 EF       		.byte	0xef
 696 02a2 6D020000 		.4byte	0x26d
 697 02a6 04       		.byte	0x4
 698 02a7 07       		.uleb128 0x7
 699 02a8 723200   		.ascii	"r2\000"
 700 02ab 07       		.byte	0x7
 701 02ac F0       		.byte	0xf0
 702 02ad 6D020000 		.4byte	0x26d
 703 02b1 08       		.byte	0x8
 704 02b2 07       		.uleb128 0x7
 705 02b3 723300   		.ascii	"r3\000"
 706 02b6 07       		.byte	0x7
 707 02b7 F1       		.byte	0xf1
 708 02b8 6D020000 		.4byte	0x26d
 709 02bc 0C       		.byte	0xc
 710 02bd 07       		.uleb128 0x7
 711 02be 72313200 		.ascii	"r12\000"
 712 02c2 07       		.byte	0x7
 713 02c3 F2       		.byte	0xf2
 714 02c4 6D020000 		.4byte	0x26d
 715 02c8 10       		.byte	0x10
 716 02c9 06       		.uleb128 0x6
 717 02ca F8000000 		.4byte	.LASF50
 718 02ce 07       		.byte	0x7
 719 02cf F3       		.byte	0xf3
 720 02d0 6D020000 		.4byte	0x26d
 721 02d4 14       		.byte	0x14
 722 02d5 07       		.uleb128 0x7
 723 02d6 706300   		.ascii	"pc\000"
 724 02d9 07       		.byte	0x7
 725 02da F4       		.byte	0xf4
 726 02db 6D020000 		.4byte	0x26d
 727 02df 18       		.byte	0x18
 728 02e0 06       		.uleb128 0x6
 729 02e1 63020000 		.4byte	.LASF51
 730 02e5 07       		.byte	0x7
 731 02e6 F5       		.byte	0xf5
 732 02e7 6D020000 		.4byte	0x26d
 733 02eb 1C       		.byte	0x1c
 734 02ec 00       		.byte	0
 735 02ed 0B       		.uleb128 0xb
 736 02ee 89030000 		.4byte	.LASF52
 737 02f2 24       		.byte	0x24
 738 02f3 07       		.byte	0x7
 739 02f4 0C01     		.2byte	0x10c
 740 02f6 69030000 		.4byte	0x369
 741 02fa 0C       		.uleb128 0xc
ARM GAS  /tmp/ccyUn036.s 			page 14


 742 02fb 723400   		.ascii	"r4\000"
 743 02fe 07       		.byte	0x7
 744 02ff 1F01     		.2byte	0x11f
 745 0301 6D020000 		.4byte	0x26d
 746 0305 00       		.byte	0
 747 0306 0C       		.uleb128 0xc
 748 0307 723500   		.ascii	"r5\000"
 749 030a 07       		.byte	0x7
 750 030b 2001     		.2byte	0x120
 751 030d 6D020000 		.4byte	0x26d
 752 0311 04       		.byte	0x4
 753 0312 0C       		.uleb128 0xc
 754 0313 723600   		.ascii	"r6\000"
 755 0316 07       		.byte	0x7
 756 0317 2101     		.2byte	0x121
 757 0319 6D020000 		.4byte	0x26d
 758 031d 08       		.byte	0x8
 759 031e 0C       		.uleb128 0xc
 760 031f 723700   		.ascii	"r7\000"
 761 0322 07       		.byte	0x7
 762 0323 2201     		.2byte	0x122
 763 0325 6D020000 		.4byte	0x26d
 764 0329 0C       		.byte	0xc
 765 032a 0C       		.uleb128 0xc
 766 032b 723800   		.ascii	"r8\000"
 767 032e 07       		.byte	0x7
 768 032f 2301     		.2byte	0x123
 769 0331 6D020000 		.4byte	0x26d
 770 0335 10       		.byte	0x10
 771 0336 0C       		.uleb128 0xc
 772 0337 723900   		.ascii	"r9\000"
 773 033a 07       		.byte	0x7
 774 033b 2401     		.2byte	0x124
 775 033d 6D020000 		.4byte	0x26d
 776 0341 14       		.byte	0x14
 777 0342 0C       		.uleb128 0xc
 778 0343 72313000 		.ascii	"r10\000"
 779 0347 07       		.byte	0x7
 780 0348 2501     		.2byte	0x125
 781 034a 6D020000 		.4byte	0x26d
 782 034e 18       		.byte	0x18
 783 034f 0C       		.uleb128 0xc
 784 0350 72313100 		.ascii	"r11\000"
 785 0354 07       		.byte	0x7
 786 0355 2601     		.2byte	0x126
 787 0357 6D020000 		.4byte	0x26d
 788 035b 1C       		.byte	0x1c
 789 035c 0C       		.uleb128 0xc
 790 035d 6C7200   		.ascii	"lr\000"
 791 0360 07       		.byte	0x7
 792 0361 2701     		.2byte	0x127
 793 0363 6D020000 		.4byte	0x26d
 794 0367 20       		.byte	0x20
 795 0368 00       		.byte	0
 796 0369 0B       		.uleb128 0xb
 797 036a 40010000 		.4byte	.LASF53
 798 036e 04       		.byte	0x4
ARM GAS  /tmp/ccyUn036.s 			page 15


 799 036f 07       		.byte	0x7
 800 0370 3101     		.2byte	0x131
 801 0372 84030000 		.4byte	0x384
 802 0376 0C       		.uleb128 0xc
 803 0377 72313300 		.ascii	"r13\000"
 804 037b 07       		.byte	0x7
 805 037c 3201     		.2byte	0x132
 806 037e 84030000 		.4byte	0x384
 807 0382 00       		.byte	0
 808 0383 00       		.byte	0
 809 0384 09       		.uleb128 0x9
 810 0385 04       		.byte	0x4
 811 0386 ED020000 		.4byte	0x2ed
 812 038a 04       		.uleb128 0x4
 813 038b 4F030000 		.4byte	.LASF54
 814 038f 08       		.byte	0x8
 815 0390 3A       		.byte	0x3a
 816 0391 95030000 		.4byte	0x395
 817 0395 0D       		.uleb128 0xd
 818 0396 A9000000 		.4byte	0xa9
 819 039a 03       		.uleb128 0x3
 820 039b 04       		.byte	0x4
 821 039c 07       		.byte	0x7
 822 039d C3010000 		.4byte	.LASF55
 823 03a1 08       		.uleb128 0x8
 824 03a2 8C       		.byte	0x8c
 825 03a3 08       		.byte	0x8
 826 03a4 89       		.byte	0x89
 827 03a5 A6040000 		.4byte	0x4a6
 828 03a9 06       		.uleb128 0x6
 829 03aa 56000000 		.4byte	.LASF56
 830 03ae 08       		.byte	0x8
 831 03af 8A       		.byte	0x8a
 832 03b0 8A030000 		.4byte	0x38a
 833 03b4 00       		.byte	0
 834 03b5 06       		.uleb128 0x6
 835 03b6 5B010000 		.4byte	.LASF57
 836 03ba 08       		.byte	0x8
 837 03bb 8B       		.byte	0x8b
 838 03bc 8A030000 		.4byte	0x38a
 839 03c0 04       		.byte	0x4
 840 03c1 06       		.uleb128 0x6
 841 03c2 25010000 		.4byte	.LASF58
 842 03c6 08       		.byte	0x8
 843 03c7 8C       		.byte	0x8c
 844 03c8 8A030000 		.4byte	0x38a
 845 03cc 08       		.byte	0x8
 846 03cd 06       		.uleb128 0x6
 847 03ce 66010000 		.4byte	.LASF59
 848 03d2 08       		.byte	0x8
 849 03d3 8D       		.byte	0x8d
 850 03d4 8A030000 		.4byte	0x38a
 851 03d8 0C       		.byte	0xc
 852 03d9 07       		.uleb128 0x7
 853 03da 53435200 		.ascii	"SCR\000"
 854 03de 08       		.byte	0x8
 855 03df 8E       		.byte	0x8e
ARM GAS  /tmp/ccyUn036.s 			page 16


 856 03e0 8A030000 		.4byte	0x38a
 857 03e4 10       		.byte	0x10
 858 03e5 07       		.uleb128 0x7
 859 03e6 43435200 		.ascii	"CCR\000"
 860 03ea 08       		.byte	0x8
 861 03eb 8F       		.byte	0x8f
 862 03ec 8A030000 		.4byte	0x38a
 863 03f0 14       		.byte	0x14
 864 03f1 06       		.uleb128 0x6
 865 03f2 84030000 		.4byte	.LASF60
 866 03f6 08       		.byte	0x8
 867 03f7 90       		.byte	0x90
 868 03f8 B6040000 		.4byte	0x4b6
 869 03fc 18       		.byte	0x18
 870 03fd 06       		.uleb128 0x6
 871 03fe 41020000 		.4byte	.LASF61
 872 0402 08       		.byte	0x8
 873 0403 91       		.byte	0x91
 874 0404 8A030000 		.4byte	0x38a
 875 0408 24       		.byte	0x24
 876 0409 06       		.uleb128 0x6
 877 040a CC010000 		.4byte	.LASF62
 878 040e 08       		.byte	0x8
 879 040f 92       		.byte	0x92
 880 0410 8A030000 		.4byte	0x38a
 881 0414 28       		.byte	0x28
 882 0415 06       		.uleb128 0x6
 883 0416 DE030000 		.4byte	.LASF63
 884 041a 08       		.byte	0x8
 885 041b 93       		.byte	0x93
 886 041c 8A030000 		.4byte	0x38a
 887 0420 2C       		.byte	0x2c
 888 0421 06       		.uleb128 0x6
 889 0422 6C010000 		.4byte	.LASF64
 890 0426 08       		.byte	0x8
 891 0427 94       		.byte	0x94
 892 0428 8A030000 		.4byte	0x38a
 893 042c 30       		.byte	0x30
 894 042d 06       		.uleb128 0x6
 895 042e 79010000 		.4byte	.LASF65
 896 0432 08       		.byte	0x8
 897 0433 95       		.byte	0x95
 898 0434 8A030000 		.4byte	0x38a
 899 0438 34       		.byte	0x34
 900 0439 06       		.uleb128 0x6
 901 043a C7000000 		.4byte	.LASF66
 902 043e 08       		.byte	0x8
 903 043f 96       		.byte	0x96
 904 0440 8A030000 		.4byte	0x38a
 905 0444 38       		.byte	0x38
 906 0445 06       		.uleb128 0x6
 907 0446 A8020000 		.4byte	.LASF67
 908 044a 08       		.byte	0x8
 909 044b 97       		.byte	0x97
 910 044c 8A030000 		.4byte	0x38a
 911 0450 3C       		.byte	0x3c
 912 0451 07       		.uleb128 0x7
ARM GAS  /tmp/ccyUn036.s 			page 17


 913 0452 50465200 		.ascii	"PFR\000"
 914 0456 08       		.byte	0x8
 915 0457 98       		.byte	0x98
 916 0458 CB040000 		.4byte	0x4cb
 917 045c 40       		.byte	0x40
 918 045d 07       		.uleb128 0x7
 919 045e 44465200 		.ascii	"DFR\000"
 920 0462 08       		.byte	0x8
 921 0463 99       		.byte	0x99
 922 0464 8A030000 		.4byte	0x38a
 923 0468 48       		.byte	0x48
 924 0469 07       		.uleb128 0x7
 925 046a 41445200 		.ascii	"ADR\000"
 926 046e 08       		.byte	0x8
 927 046f 9A       		.byte	0x9a
 928 0470 8A030000 		.4byte	0x38a
 929 0474 4C       		.byte	0x4c
 930 0475 06       		.uleb128 0x6
 931 0476 AC030000 		.4byte	.LASF68
 932 047a 08       		.byte	0x8
 933 047b 9B       		.byte	0x9b
 934 047c E0040000 		.4byte	0x4e0
 935 0480 50       		.byte	0x50
 936 0481 07       		.uleb128 0x7
 937 0482 53415200 		.ascii	"SAR\000"
 938 0486 08       		.byte	0x8
 939 0487 9C       		.byte	0x9c
 940 0488 F5040000 		.4byte	0x4f5
 941 048c 60       		.byte	0x60
 942 048d 06       		.uleb128 0x6
 943 048e AD020000 		.4byte	.LASF69
 944 0492 08       		.byte	0x8
 945 0493 9D       		.byte	0x9d
 946 0494 FA040000 		.4byte	0x4fa
 947 0498 74       		.byte	0x74
 948 0499 06       		.uleb128 0x6
 949 049a D8030000 		.4byte	.LASF70
 950 049e 08       		.byte	0x8
 951 049f 9E       		.byte	0x9e
 952 04a0 8A030000 		.4byte	0x38a
 953 04a4 88       		.byte	0x88
 954 04a5 00       		.byte	0
 955 04a6 0E       		.uleb128 0xe
 956 04a7 8A030000 		.4byte	0x38a
 957 04ab B6040000 		.4byte	0x4b6
 958 04af 0F       		.uleb128 0xf
 959 04b0 9A030000 		.4byte	0x39a
 960 04b4 02       		.byte	0x2
 961 04b5 00       		.byte	0
 962 04b6 0D       		.uleb128 0xd
 963 04b7 A6040000 		.4byte	0x4a6
 964 04bb 0E       		.uleb128 0xe
 965 04bc 8A030000 		.4byte	0x38a
 966 04c0 CB040000 		.4byte	0x4cb
 967 04c4 0F       		.uleb128 0xf
 968 04c5 9A030000 		.4byte	0x39a
 969 04c9 01       		.byte	0x1
ARM GAS  /tmp/ccyUn036.s 			page 18


 970 04ca 00       		.byte	0
 971 04cb 0D       		.uleb128 0xd
 972 04cc BB040000 		.4byte	0x4bb
 973 04d0 0E       		.uleb128 0xe
 974 04d1 8A030000 		.4byte	0x38a
 975 04d5 E0040000 		.4byte	0x4e0
 976 04d9 0F       		.uleb128 0xf
 977 04da 9A030000 		.4byte	0x39a
 978 04de 03       		.byte	0x3
 979 04df 00       		.byte	0
 980 04e0 0D       		.uleb128 0xd
 981 04e1 D0040000 		.4byte	0x4d0
 982 04e5 0E       		.uleb128 0xe
 983 04e6 8A030000 		.4byte	0x38a
 984 04ea F5040000 		.4byte	0x4f5
 985 04ee 0F       		.uleb128 0xf
 986 04ef 9A030000 		.4byte	0x39a
 987 04f3 04       		.byte	0x4
 988 04f4 00       		.byte	0
 989 04f5 0D       		.uleb128 0xd
 990 04f6 E5040000 		.4byte	0x4e5
 991 04fa 0D       		.uleb128 0xd
 992 04fb E5040000 		.4byte	0x4e5
 993 04ff 04       		.uleb128 0x4
 994 0500 20000000 		.4byte	.LASF71
 995 0504 08       		.byte	0x8
 996 0505 9F       		.byte	0x9f
 997 0506 A1030000 		.4byte	0x3a1
 998 050a 0D       		.uleb128 0xd
 999 050b 08010000 		.4byte	0x108
 1000 050f 08       		.uleb128 0x8
 1001 0510 1C       		.byte	0x1c
 1002 0511 09       		.byte	0x9
 1003 0512 5E       		.byte	0x5e
 1004 0513 60050000 		.4byte	0x560
 1005 0517 06       		.uleb128 0x6
 1006 0518 A0020000 		.4byte	.LASF72
 1007 051c 09       		.byte	0x9
 1008 051d 5F       		.byte	0x5f
 1009 051e 42020000 		.4byte	0x242
 1010 0522 00       		.byte	0
 1011 0523 06       		.uleb128 0x6
 1012 0524 68020000 		.4byte	.LASF73
 1013 0528 09       		.byte	0x9
 1014 0529 60       		.byte	0x60
 1015 052a E7000000 		.4byte	0xe7
 1016 052e 08       		.byte	0x8
 1017 052f 06       		.uleb128 0x6
 1018 0530 D9010000 		.4byte	.LASF74
 1019 0534 09       		.byte	0x9
 1020 0535 62       		.byte	0x62
 1021 0536 69030000 		.4byte	0x369
 1022 053a 0C       		.byte	0xc
 1023 053b 06       		.uleb128 0x6
 1024 053c 71010000 		.4byte	.LASF75
 1025 0540 09       		.byte	0x9
 1026 0541 65       		.byte	0x65
ARM GAS  /tmp/ccyUn036.s 			page 19


 1027 0542 3C020000 		.4byte	0x23c
 1028 0546 10       		.byte	0x10
 1029 0547 06       		.uleb128 0x6
 1030 0548 F6010000 		.4byte	.LASF76
 1031 054c 09       		.byte	0x9
 1032 054d 66       		.byte	0x66
 1033 054e 3C020000 		.4byte	0x23c
 1034 0552 14       		.byte	0x14
 1035 0553 06       		.uleb128 0x6
 1036 0554 EC010000 		.4byte	.LASF77
 1037 0558 09       		.byte	0x9
 1038 0559 69       		.byte	0x69
 1039 055a 3C020000 		.4byte	0x23c
 1040 055e 18       		.byte	0x18
 1041 055f 00       		.byte	0
 1042 0560 04       		.uleb128 0x4
 1043 0561 A2030000 		.4byte	.LASF78
 1044 0565 09       		.byte	0x9
 1045 0566 6B       		.byte	0x6b
 1046 0567 0F050000 		.4byte	0x50f
 1047 056b 05       		.uleb128 0x5
 1048 056c B2010000 		.4byte	.LASF79
 1049 0570 10       		.byte	0x10
 1050 0571 0A       		.byte	0xa
 1051 0572 2C       		.byte	0x2c
 1052 0573 9C050000 		.4byte	0x59c
 1053 0577 06       		.uleb128 0x6
 1054 0578 85000000 		.4byte	.LASF80
 1055 057c 0A       		.byte	0xa
 1056 057d 2D       		.byte	0x2d
 1057 057e 42020000 		.4byte	0x242
 1058 0582 00       		.byte	0
 1059 0583 06       		.uleb128 0x6
 1060 0584 20040000 		.4byte	.LASF81
 1061 0588 0A       		.byte	0xa
 1062 0589 2F       		.byte	0x2f
 1063 058a 3C020000 		.4byte	0x23c
 1064 058e 08       		.byte	0x8
 1065 058f 06       		.uleb128 0x6
 1066 0590 57030000 		.4byte	.LASF82
 1067 0594 0A       		.byte	0xa
 1068 0595 31       		.byte	0x31
 1069 0596 9C050000 		.4byte	0x59c
 1070 059a 0C       		.byte	0xc
 1071 059b 00       		.byte	0
 1072 059c 09       		.uleb128 0x9
 1073 059d 04       		.byte	0x4
 1074 059e 6B050000 		.4byte	0x56b
 1075 05a2 04       		.uleb128 0x4
 1076 05a3 B2010000 		.4byte	.LASF79
 1077 05a7 0A       		.byte	0xa
 1078 05a8 33       		.byte	0x33
 1079 05a9 6B050000 		.4byte	0x56b
 1080 05ad 10       		.uleb128 0x10
 1081 05ae 04       		.byte	0x4
 1082 05af 06       		.byte	0x6
 1083 05b0 96       		.byte	0x96
ARM GAS  /tmp/ccyUn036.s 			page 20


 1084 05b1 E2050000 		.4byte	0x5e2
 1085 05b5 11       		.uleb128 0x11
 1086 05b6 06000000 		.4byte	.LASF83
 1087 05ba 06       		.byte	0x6
 1088 05bb 9D       		.byte	0x9d
 1089 05bc F2000000 		.4byte	0xf2
 1090 05c0 11       		.uleb128 0x11
 1091 05c1 4D000000 		.4byte	.LASF84
 1092 05c5 06       		.byte	0x6
 1093 05c6 A4       		.byte	0xa4
 1094 05c7 F2000000 		.4byte	0xf2
 1095 05cb 11       		.uleb128 0x11
 1096 05cc CA030000 		.4byte	.LASF85
 1097 05d0 06       		.byte	0x6
 1098 05d1 AB       		.byte	0xab
 1099 05d2 78020000 		.4byte	0x278
 1100 05d6 11       		.uleb128 0x11
 1101 05d7 6F020000 		.4byte	.LASF86
 1102 05db 06       		.byte	0x6
 1103 05dc B2       		.byte	0xb2
 1104 05dd FD000000 		.4byte	0xfd
 1105 05e1 00       		.byte	0
 1106 05e2 09       		.uleb128 0x9
 1107 05e3 04       		.byte	0x4
 1108 05e4 E8050000 		.4byte	0x5e8
 1109 05e8 12       		.uleb128 0x12
 1110 05e9 ED050000 		.4byte	0x5ed
 1111 05ed 03       		.uleb128 0x3
 1112 05ee 01       		.byte	0x1
 1113 05ef 08       		.byte	0x8
 1114 05f0 4A030000 		.4byte	.LASF87
 1115 05f4 09       		.uleb128 0x9
 1116 05f5 04       		.byte	0x4
 1117 05f6 7A020000 		.4byte	0x27a
 1118 05fa 09       		.uleb128 0x9
 1119 05fb 04       		.byte	0x4
 1120 05fc A2050000 		.4byte	0x5a2
 1121 0600 13       		.uleb128 0x13
 1122 0601 28000000 		.4byte	.LASF88
 1123 0605 01       		.byte	0x1
 1124 0606 2F       		.byte	0x2f
 1125 0607 00000000 		.4byte	.LFB7
 1126 060b 28000000 		.4byte	.LFE7-.LFB7
 1127 060f 01       		.uleb128 0x1
 1128 0610 9C       		.byte	0x9c
 1129 0611 48060000 		.4byte	0x648
 1130 0615 14       		.uleb128 0x14
 1131 0616 06000000 		.4byte	.LBB2
 1132 061a 06000000 		.4byte	.LBE2-.LBB2
 1133 061e 30060000 		.4byte	0x630
 1134 0622 15       		.uleb128 0x15
 1135 0623 746D7000 		.ascii	"tmp\000"
 1136 0627 01       		.byte	0x1
 1137 0628 33       		.byte	0x33
 1138 0629 A9000000 		.4byte	0xa9
 1139 062d 01       		.uleb128 0x1
 1140 062e 53       		.byte	0x53
ARM GAS  /tmp/ccyUn036.s 			page 21


 1141 062f 00       		.byte	0
 1142 0630 16       		.uleb128 0x16
 1143 0631 18000000 		.4byte	.LBB3
 1144 0635 06000000 		.4byte	.LBE3-.LBB3
 1145 0639 15       		.uleb128 0x15
 1146 063a 746D7000 		.ascii	"tmp\000"
 1147 063e 01       		.byte	0x1
 1148 063f 35       		.byte	0x35
 1149 0640 A9000000 		.4byte	0xa9
 1150 0644 01       		.uleb128 0x1
 1151 0645 53       		.byte	0x53
 1152 0646 00       		.byte	0
 1153 0647 00       		.byte	0
 1154 0648 17       		.uleb128 0x17
 1155 0649 96000000 		.4byte	.LASF89
 1156 064d 01       		.byte	0x1
 1157 064e 41       		.byte	0x41
 1158 064f 28000000 		.4byte	.LFB8
 1159 0653 1E000000 		.4byte	.LFE8-.LFB8
 1160 0657 01       		.uleb128 0x1
 1161 0658 9C       		.byte	0x9c
 1162 0659 83060000 		.4byte	0x683
 1163 065d 18       		.uleb128 0x18
 1164 065e 11020000 		.4byte	.LASF90
 1165 0662 01       		.byte	0x1
 1166 0663 42       		.byte	0x42
 1167 0664 83060000 		.4byte	0x683
 1168 0668 02       		.uleb128 0x2
 1169 0669 91       		.byte	0x91
 1170 066a 7C       		.sleb128 -4
 1171 066b 16       		.uleb128 0x16
 1172 066c 3C000000 		.4byte	.LBB4
 1173 0670 06000000 		.4byte	.LBE4-.LBB4
 1174 0674 15       		.uleb128 0x15
 1175 0675 746D7000 		.ascii	"tmp\000"
 1176 0679 01       		.byte	0x1
 1177 067a 52       		.byte	0x52
 1178 067b A9000000 		.4byte	0xa9
 1179 067f 01       		.uleb128 0x1
 1180 0680 53       		.byte	0x53
 1181 0681 00       		.byte	0
 1182 0682 00       		.byte	0
 1183 0683 09       		.uleb128 0x9
 1184 0684 04       		.byte	0x4
 1185 0685 85020000 		.4byte	0x285
 1186 0689 19       		.uleb128 0x19
 1187 068a BF030000 		.4byte	.LASF92
 1188 068e 01       		.byte	0x1
 1189 068f 78       		.byte	0x78
 1190 0690 48000000 		.4byte	.LFB9
 1191 0694 30000000 		.4byte	.LFE9-.LFB9
 1192 0698 01       		.uleb128 0x1
 1193 0699 9C       		.byte	0x9c
 1194 069a 17       		.uleb128 0x17
 1195 069b 7F010000 		.4byte	.LASF91
 1196 069f 01       		.byte	0x1
 1197 06a0 96       		.byte	0x96
ARM GAS  /tmp/ccyUn036.s 			page 22


 1198 06a1 78000000 		.4byte	.LFB10
 1199 06a5 68000000 		.4byte	.LFE10-.LFB10
 1200 06a9 01       		.uleb128 0x1
 1201 06aa 9C       		.byte	0x9c
 1202 06ab FE060000 		.4byte	0x6fe
 1203 06af 14       		.uleb128 0x14
 1204 06b0 7A000000 		.4byte	.LBB5
 1205 06b4 06000000 		.4byte	.LBE5-.LBB5
 1206 06b8 CA060000 		.4byte	0x6ca
 1207 06bc 15       		.uleb128 0x15
 1208 06bd 746D7000 		.ascii	"tmp\000"
 1209 06c1 01       		.byte	0x1
 1210 06c2 98       		.byte	0x98
 1211 06c3 A9000000 		.4byte	0xa9
 1212 06c7 01       		.uleb128 0x1
 1213 06c8 53       		.byte	0x53
 1214 06c9 00       		.byte	0
 1215 06ca 14       		.uleb128 0x14
 1216 06cb 8C000000 		.4byte	.LBB6
 1217 06cf 3A000000 		.4byte	.LBE6-.LBB6
 1218 06d3 E6060000 		.4byte	0x6e6
 1219 06d7 18       		.uleb128 0x18
 1220 06d8 11020000 		.4byte	.LASF90
 1221 06dc 01       		.byte	0x1
 1222 06dd 9A       		.byte	0x9a
 1223 06de 83060000 		.4byte	0x683
 1224 06e2 02       		.uleb128 0x2
 1225 06e3 91       		.byte	0x91
 1226 06e4 7C       		.sleb128 -4
 1227 06e5 00       		.byte	0
 1228 06e6 16       		.uleb128 0x16
 1229 06e7 C6000000 		.4byte	.LBB7
 1230 06eb 06000000 		.4byte	.LBE7-.LBB7
 1231 06ef 15       		.uleb128 0x15
 1232 06f0 746D7000 		.ascii	"tmp\000"
 1233 06f4 01       		.byte	0x1
 1234 06f5 BB       		.byte	0xbb
 1235 06f6 A9000000 		.4byte	0xa9
 1236 06fa 01       		.uleb128 0x1
 1237 06fb 53       		.byte	0x53
 1238 06fc 00       		.byte	0
 1239 06fd 00       		.byte	0
 1240 06fe 19       		.uleb128 0x19
 1241 06ff 2A010000 		.4byte	.LASF93
 1242 0703 01       		.byte	0x1
 1243 0704 C5       		.byte	0xc5
 1244 0705 E0000000 		.4byte	.LFB11
 1245 0709 0E000000 		.4byte	.LFE11-.LFB11
 1246 070d 01       		.uleb128 0x1
 1247 070e 9C       		.byte	0x9c
 1248 070f 17       		.uleb128 0x17
 1249 0710 06010000 		.4byte	.LASF94
 1250 0714 01       		.byte	0x1
 1251 0715 E2       		.byte	0xe2
 1252 0716 F0000000 		.4byte	.LFB12
 1253 071a 14000000 		.4byte	.LFE12-.LFB12
 1254 071e 01       		.uleb128 0x1
ARM GAS  /tmp/ccyUn036.s 			page 23


 1255 071f 9C       		.byte	0x9c
 1256 0720 3F070000 		.4byte	0x73f
 1257 0724 1A       		.uleb128 0x1a
 1258 0725 6E747000 		.ascii	"ntp\000"
 1259 0729 01       		.byte	0x1
 1260 072a E2       		.byte	0xe2
 1261 072b 3C020000 		.4byte	0x23c
 1262 072f 01       		.uleb128 0x1
 1263 0730 53       		.byte	0x53
 1264 0731 1A       		.uleb128 0x1a
 1265 0732 6F747000 		.ascii	"otp\000"
 1266 0736 01       		.byte	0x1
 1267 0737 E2       		.byte	0xe2
 1268 0738 3C020000 		.4byte	0x23c
 1269 073c 01       		.uleb128 0x1
 1270 073d 52       		.byte	0x52
 1271 073e 00       		.byte	0
 1272 073f 13       		.uleb128 0x13
 1273 0740 AC000000 		.4byte	.LASF95
 1274 0744 01       		.byte	0x1
 1275 0745 F9       		.byte	0xf9
 1276 0746 04010000 		.4byte	.LFB13
 1277 074a 16000000 		.4byte	.LFE13-.LFB13
 1278 074e 01       		.uleb128 0x1
 1279 074f 9C       		.byte	0x9c
 1280 0750 6C070000 		.4byte	0x76c
 1281 0754 16       		.uleb128 0x16
 1282 0755 0A010000 		.4byte	.LBB8
 1283 0759 06000000 		.4byte	.LBE8-.LBB8
 1284 075d 15       		.uleb128 0x15
 1285 075e 746D7000 		.ascii	"tmp\000"
 1286 0762 01       		.byte	0x1
 1287 0763 FB       		.byte	0xfb
 1288 0764 A9000000 		.4byte	0xa9
 1289 0768 01       		.uleb128 0x1
 1290 0769 53       		.byte	0x53
 1291 076a 00       		.byte	0
 1292 076b 00       		.byte	0
 1293 076c 1B       		.uleb128 0x1b
 1294 076d B1030000 		.4byte	.LASF98
 1295 0771 09       		.byte	0x9
 1296 0772 6F       		.byte	0x6f
 1297 0773 60050000 		.4byte	0x560
 1298 0777 00       		.byte	0
 1299              		.section	.debug_abbrev,"",%progbits
 1300              	.Ldebug_abbrev0:
 1301 0000 01       		.uleb128 0x1
 1302 0001 11       		.uleb128 0x11
 1303 0002 01       		.byte	0x1
 1304 0003 25       		.uleb128 0x25
 1305 0004 0E       		.uleb128 0xe
 1306 0005 13       		.uleb128 0x13
 1307 0006 0B       		.uleb128 0xb
 1308 0007 03       		.uleb128 0x3
 1309 0008 0E       		.uleb128 0xe
 1310 0009 11       		.uleb128 0x11
 1311 000a 01       		.uleb128 0x1
ARM GAS  /tmp/ccyUn036.s 			page 24


 1312 000b 12       		.uleb128 0x12
 1313 000c 06       		.uleb128 0x6
 1314 000d 10       		.uleb128 0x10
 1315 000e 17       		.uleb128 0x17
 1316 000f 00       		.byte	0
 1317 0010 00       		.byte	0
 1318 0011 02       		.uleb128 0x2
 1319 0012 24       		.uleb128 0x24
 1320 0013 00       		.byte	0
 1321 0014 0B       		.uleb128 0xb
 1322 0015 0B       		.uleb128 0xb
 1323 0016 3E       		.uleb128 0x3e
 1324 0017 0B       		.uleb128 0xb
 1325 0018 03       		.uleb128 0x3
 1326 0019 08       		.uleb128 0x8
 1327 001a 00       		.byte	0
 1328 001b 00       		.byte	0
 1329 001c 03       		.uleb128 0x3
 1330 001d 24       		.uleb128 0x24
 1331 001e 00       		.byte	0
 1332 001f 0B       		.uleb128 0xb
 1333 0020 0B       		.uleb128 0xb
 1334 0021 3E       		.uleb128 0x3e
 1335 0022 0B       		.uleb128 0xb
 1336 0023 03       		.uleb128 0x3
 1337 0024 0E       		.uleb128 0xe
 1338 0025 00       		.byte	0
 1339 0026 00       		.byte	0
 1340 0027 04       		.uleb128 0x4
 1341 0028 16       		.uleb128 0x16
 1342 0029 00       		.byte	0
 1343 002a 03       		.uleb128 0x3
 1344 002b 0E       		.uleb128 0xe
 1345 002c 3A       		.uleb128 0x3a
 1346 002d 0B       		.uleb128 0xb
 1347 002e 3B       		.uleb128 0x3b
 1348 002f 0B       		.uleb128 0xb
 1349 0030 49       		.uleb128 0x49
 1350 0031 13       		.uleb128 0x13
 1351 0032 00       		.byte	0
 1352 0033 00       		.byte	0
 1353 0034 05       		.uleb128 0x5
 1354 0035 13       		.uleb128 0x13
 1355 0036 01       		.byte	0x1
 1356 0037 03       		.uleb128 0x3
 1357 0038 0E       		.uleb128 0xe
 1358 0039 0B       		.uleb128 0xb
 1359 003a 0B       		.uleb128 0xb
 1360 003b 3A       		.uleb128 0x3a
 1361 003c 0B       		.uleb128 0xb
 1362 003d 3B       		.uleb128 0x3b
 1363 003e 0B       		.uleb128 0xb
 1364 003f 01       		.uleb128 0x1
 1365 0040 13       		.uleb128 0x13
 1366 0041 00       		.byte	0
 1367 0042 00       		.byte	0
 1368 0043 06       		.uleb128 0x6
ARM GAS  /tmp/ccyUn036.s 			page 25


 1369 0044 0D       		.uleb128 0xd
 1370 0045 00       		.byte	0
 1371 0046 03       		.uleb128 0x3
 1372 0047 0E       		.uleb128 0xe
 1373 0048 3A       		.uleb128 0x3a
 1374 0049 0B       		.uleb128 0xb
 1375 004a 3B       		.uleb128 0x3b
 1376 004b 0B       		.uleb128 0xb
 1377 004c 49       		.uleb128 0x49
 1378 004d 13       		.uleb128 0x13
 1379 004e 38       		.uleb128 0x38
 1380 004f 0B       		.uleb128 0xb
 1381 0050 00       		.byte	0
 1382 0051 00       		.byte	0
 1383 0052 07       		.uleb128 0x7
 1384 0053 0D       		.uleb128 0xd
 1385 0054 00       		.byte	0
 1386 0055 03       		.uleb128 0x3
 1387 0056 08       		.uleb128 0x8
 1388 0057 3A       		.uleb128 0x3a
 1389 0058 0B       		.uleb128 0xb
 1390 0059 3B       		.uleb128 0x3b
 1391 005a 0B       		.uleb128 0xb
 1392 005b 49       		.uleb128 0x49
 1393 005c 13       		.uleb128 0x13
 1394 005d 38       		.uleb128 0x38
 1395 005e 0B       		.uleb128 0xb
 1396 005f 00       		.byte	0
 1397 0060 00       		.byte	0
 1398 0061 08       		.uleb128 0x8
 1399 0062 13       		.uleb128 0x13
 1400 0063 01       		.byte	0x1
 1401 0064 0B       		.uleb128 0xb
 1402 0065 0B       		.uleb128 0xb
 1403 0066 3A       		.uleb128 0x3a
 1404 0067 0B       		.uleb128 0xb
 1405 0068 3B       		.uleb128 0x3b
 1406 0069 0B       		.uleb128 0xb
 1407 006a 01       		.uleb128 0x1
 1408 006b 13       		.uleb128 0x13
 1409 006c 00       		.byte	0
 1410 006d 00       		.byte	0
 1411 006e 09       		.uleb128 0x9
 1412 006f 0F       		.uleb128 0xf
 1413 0070 00       		.byte	0
 1414 0071 0B       		.uleb128 0xb
 1415 0072 0B       		.uleb128 0xb
 1416 0073 49       		.uleb128 0x49
 1417 0074 13       		.uleb128 0x13
 1418 0075 00       		.byte	0
 1419 0076 00       		.byte	0
 1420 0077 0A       		.uleb128 0xa
 1421 0078 0F       		.uleb128 0xf
 1422 0079 00       		.byte	0
 1423 007a 0B       		.uleb128 0xb
 1424 007b 0B       		.uleb128 0xb
 1425 007c 00       		.byte	0
ARM GAS  /tmp/ccyUn036.s 			page 26


 1426 007d 00       		.byte	0
 1427 007e 0B       		.uleb128 0xb
 1428 007f 13       		.uleb128 0x13
 1429 0080 01       		.byte	0x1
 1430 0081 03       		.uleb128 0x3
 1431 0082 0E       		.uleb128 0xe
 1432 0083 0B       		.uleb128 0xb
 1433 0084 0B       		.uleb128 0xb
 1434 0085 3A       		.uleb128 0x3a
 1435 0086 0B       		.uleb128 0xb
 1436 0087 3B       		.uleb128 0x3b
 1437 0088 05       		.uleb128 0x5
 1438 0089 01       		.uleb128 0x1
 1439 008a 13       		.uleb128 0x13
 1440 008b 00       		.byte	0
 1441 008c 00       		.byte	0
 1442 008d 0C       		.uleb128 0xc
 1443 008e 0D       		.uleb128 0xd
 1444 008f 00       		.byte	0
 1445 0090 03       		.uleb128 0x3
 1446 0091 08       		.uleb128 0x8
 1447 0092 3A       		.uleb128 0x3a
 1448 0093 0B       		.uleb128 0xb
 1449 0094 3B       		.uleb128 0x3b
 1450 0095 05       		.uleb128 0x5
 1451 0096 49       		.uleb128 0x49
 1452 0097 13       		.uleb128 0x13
 1453 0098 38       		.uleb128 0x38
 1454 0099 0B       		.uleb128 0xb
 1455 009a 00       		.byte	0
 1456 009b 00       		.byte	0
 1457 009c 0D       		.uleb128 0xd
 1458 009d 35       		.uleb128 0x35
 1459 009e 00       		.byte	0
 1460 009f 49       		.uleb128 0x49
 1461 00a0 13       		.uleb128 0x13
 1462 00a1 00       		.byte	0
 1463 00a2 00       		.byte	0
 1464 00a3 0E       		.uleb128 0xe
 1465 00a4 01       		.uleb128 0x1
 1466 00a5 01       		.byte	0x1
 1467 00a6 49       		.uleb128 0x49
 1468 00a7 13       		.uleb128 0x13
 1469 00a8 01       		.uleb128 0x1
 1470 00a9 13       		.uleb128 0x13
 1471 00aa 00       		.byte	0
 1472 00ab 00       		.byte	0
 1473 00ac 0F       		.uleb128 0xf
 1474 00ad 21       		.uleb128 0x21
 1475 00ae 00       		.byte	0
 1476 00af 49       		.uleb128 0x49
 1477 00b0 13       		.uleb128 0x13
 1478 00b1 2F       		.uleb128 0x2f
 1479 00b2 0B       		.uleb128 0xb
 1480 00b3 00       		.byte	0
 1481 00b4 00       		.byte	0
 1482 00b5 10       		.uleb128 0x10
ARM GAS  /tmp/ccyUn036.s 			page 27


 1483 00b6 17       		.uleb128 0x17
 1484 00b7 01       		.byte	0x1
 1485 00b8 0B       		.uleb128 0xb
 1486 00b9 0B       		.uleb128 0xb
 1487 00ba 3A       		.uleb128 0x3a
 1488 00bb 0B       		.uleb128 0xb
 1489 00bc 3B       		.uleb128 0x3b
 1490 00bd 0B       		.uleb128 0xb
 1491 00be 01       		.uleb128 0x1
 1492 00bf 13       		.uleb128 0x13
 1493 00c0 00       		.byte	0
 1494 00c1 00       		.byte	0
 1495 00c2 11       		.uleb128 0x11
 1496 00c3 0D       		.uleb128 0xd
 1497 00c4 00       		.byte	0
 1498 00c5 03       		.uleb128 0x3
 1499 00c6 0E       		.uleb128 0xe
 1500 00c7 3A       		.uleb128 0x3a
 1501 00c8 0B       		.uleb128 0xb
 1502 00c9 3B       		.uleb128 0x3b
 1503 00ca 0B       		.uleb128 0xb
 1504 00cb 49       		.uleb128 0x49
 1505 00cc 13       		.uleb128 0x13
 1506 00cd 00       		.byte	0
 1507 00ce 00       		.byte	0
 1508 00cf 12       		.uleb128 0x12
 1509 00d0 26       		.uleb128 0x26
 1510 00d1 00       		.byte	0
 1511 00d2 49       		.uleb128 0x49
 1512 00d3 13       		.uleb128 0x13
 1513 00d4 00       		.byte	0
 1514 00d5 00       		.byte	0
 1515 00d6 13       		.uleb128 0x13
 1516 00d7 2E       		.uleb128 0x2e
 1517 00d8 01       		.byte	0x1
 1518 00d9 3F       		.uleb128 0x3f
 1519 00da 19       		.uleb128 0x19
 1520 00db 03       		.uleb128 0x3
 1521 00dc 0E       		.uleb128 0xe
 1522 00dd 3A       		.uleb128 0x3a
 1523 00de 0B       		.uleb128 0xb
 1524 00df 3B       		.uleb128 0x3b
 1525 00e0 0B       		.uleb128 0xb
 1526 00e1 27       		.uleb128 0x27
 1527 00e2 19       		.uleb128 0x19
 1528 00e3 11       		.uleb128 0x11
 1529 00e4 01       		.uleb128 0x1
 1530 00e5 12       		.uleb128 0x12
 1531 00e6 06       		.uleb128 0x6
 1532 00e7 40       		.uleb128 0x40
 1533 00e8 18       		.uleb128 0x18
 1534 00e9 9642     		.uleb128 0x2116
 1535 00eb 19       		.uleb128 0x19
 1536 00ec 01       		.uleb128 0x1
 1537 00ed 13       		.uleb128 0x13
 1538 00ee 00       		.byte	0
 1539 00ef 00       		.byte	0
ARM GAS  /tmp/ccyUn036.s 			page 28


 1540 00f0 14       		.uleb128 0x14
 1541 00f1 0B       		.uleb128 0xb
 1542 00f2 01       		.byte	0x1
 1543 00f3 11       		.uleb128 0x11
 1544 00f4 01       		.uleb128 0x1
 1545 00f5 12       		.uleb128 0x12
 1546 00f6 06       		.uleb128 0x6
 1547 00f7 01       		.uleb128 0x1
 1548 00f8 13       		.uleb128 0x13
 1549 00f9 00       		.byte	0
 1550 00fa 00       		.byte	0
 1551 00fb 15       		.uleb128 0x15
 1552 00fc 34       		.uleb128 0x34
 1553 00fd 00       		.byte	0
 1554 00fe 03       		.uleb128 0x3
 1555 00ff 08       		.uleb128 0x8
 1556 0100 3A       		.uleb128 0x3a
 1557 0101 0B       		.uleb128 0xb
 1558 0102 3B       		.uleb128 0x3b
 1559 0103 0B       		.uleb128 0xb
 1560 0104 49       		.uleb128 0x49
 1561 0105 13       		.uleb128 0x13
 1562 0106 02       		.uleb128 0x2
 1563 0107 18       		.uleb128 0x18
 1564 0108 00       		.byte	0
 1565 0109 00       		.byte	0
 1566 010a 16       		.uleb128 0x16
 1567 010b 0B       		.uleb128 0xb
 1568 010c 01       		.byte	0x1
 1569 010d 11       		.uleb128 0x11
 1570 010e 01       		.uleb128 0x1
 1571 010f 12       		.uleb128 0x12
 1572 0110 06       		.uleb128 0x6
 1573 0111 00       		.byte	0
 1574 0112 00       		.byte	0
 1575 0113 17       		.uleb128 0x17
 1576 0114 2E       		.uleb128 0x2e
 1577 0115 01       		.byte	0x1
 1578 0116 3F       		.uleb128 0x3f
 1579 0117 19       		.uleb128 0x19
 1580 0118 03       		.uleb128 0x3
 1581 0119 0E       		.uleb128 0xe
 1582 011a 3A       		.uleb128 0x3a
 1583 011b 0B       		.uleb128 0xb
 1584 011c 3B       		.uleb128 0x3b
 1585 011d 0B       		.uleb128 0xb
 1586 011e 27       		.uleb128 0x27
 1587 011f 19       		.uleb128 0x19
 1588 0120 11       		.uleb128 0x11
 1589 0121 01       		.uleb128 0x1
 1590 0122 12       		.uleb128 0x12
 1591 0123 06       		.uleb128 0x6
 1592 0124 40       		.uleb128 0x40
 1593 0125 18       		.uleb128 0x18
 1594 0126 9742     		.uleb128 0x2117
 1595 0128 19       		.uleb128 0x19
 1596 0129 01       		.uleb128 0x1
ARM GAS  /tmp/ccyUn036.s 			page 29


 1597 012a 13       		.uleb128 0x13
 1598 012b 00       		.byte	0
 1599 012c 00       		.byte	0
 1600 012d 18       		.uleb128 0x18
 1601 012e 34       		.uleb128 0x34
 1602 012f 00       		.byte	0
 1603 0130 03       		.uleb128 0x3
 1604 0131 0E       		.uleb128 0xe
 1605 0132 3A       		.uleb128 0x3a
 1606 0133 0B       		.uleb128 0xb
 1607 0134 3B       		.uleb128 0x3b
 1608 0135 0B       		.uleb128 0xb
 1609 0136 49       		.uleb128 0x49
 1610 0137 13       		.uleb128 0x13
 1611 0138 02       		.uleb128 0x2
 1612 0139 18       		.uleb128 0x18
 1613 013a 00       		.byte	0
 1614 013b 00       		.byte	0
 1615 013c 19       		.uleb128 0x19
 1616 013d 2E       		.uleb128 0x2e
 1617 013e 00       		.byte	0
 1618 013f 3F       		.uleb128 0x3f
 1619 0140 19       		.uleb128 0x19
 1620 0141 03       		.uleb128 0x3
 1621 0142 0E       		.uleb128 0xe
 1622 0143 3A       		.uleb128 0x3a
 1623 0144 0B       		.uleb128 0xb
 1624 0145 3B       		.uleb128 0x3b
 1625 0146 0B       		.uleb128 0xb
 1626 0147 27       		.uleb128 0x27
 1627 0148 19       		.uleb128 0x19
 1628 0149 11       		.uleb128 0x11
 1629 014a 01       		.uleb128 0x1
 1630 014b 12       		.uleb128 0x12
 1631 014c 06       		.uleb128 0x6
 1632 014d 40       		.uleb128 0x40
 1633 014e 18       		.uleb128 0x18
 1634 014f 9642     		.uleb128 0x2116
 1635 0151 19       		.uleb128 0x19
 1636 0152 00       		.byte	0
 1637 0153 00       		.byte	0
 1638 0154 1A       		.uleb128 0x1a
 1639 0155 05       		.uleb128 0x5
 1640 0156 00       		.byte	0
 1641 0157 03       		.uleb128 0x3
 1642 0158 08       		.uleb128 0x8
 1643 0159 3A       		.uleb128 0x3a
 1644 015a 0B       		.uleb128 0xb
 1645 015b 3B       		.uleb128 0x3b
 1646 015c 0B       		.uleb128 0xb
 1647 015d 49       		.uleb128 0x49
 1648 015e 13       		.uleb128 0x13
 1649 015f 02       		.uleb128 0x2
 1650 0160 18       		.uleb128 0x18
 1651 0161 00       		.byte	0
 1652 0162 00       		.byte	0
 1653 0163 1B       		.uleb128 0x1b
ARM GAS  /tmp/ccyUn036.s 			page 30


 1654 0164 34       		.uleb128 0x34
 1655 0165 00       		.byte	0
 1656 0166 03       		.uleb128 0x3
 1657 0167 0E       		.uleb128 0xe
 1658 0168 3A       		.uleb128 0x3a
 1659 0169 0B       		.uleb128 0xb
 1660 016a 3B       		.uleb128 0x3b
 1661 016b 0B       		.uleb128 0xb
 1662 016c 49       		.uleb128 0x49
 1663 016d 13       		.uleb128 0x13
 1664 016e 3F       		.uleb128 0x3f
 1665 016f 19       		.uleb128 0x19
 1666 0170 3C       		.uleb128 0x3c
 1667 0171 19       		.uleb128 0x19
 1668 0172 00       		.byte	0
 1669 0173 00       		.byte	0
 1670 0174 00       		.byte	0
 1671              		.section	.debug_aranges,"",%progbits
 1672 0000 1C000000 		.4byte	0x1c
 1673 0004 0200     		.2byte	0x2
 1674 0006 00000000 		.4byte	.Ldebug_info0
 1675 000a 04       		.byte	0x4
 1676 000b 00       		.byte	0
 1677 000c 0000     		.2byte	0
 1678 000e 0000     		.2byte	0
 1679 0010 00000000 		.4byte	.Ltext0
 1680 0014 1A010000 		.4byte	.Letext0-.Ltext0
 1681 0018 00000000 		.4byte	0
 1682 001c 00000000 		.4byte	0
 1683              		.section	.debug_line,"",%progbits
 1684              	.Ldebug_line0:
 1685 0000 10020000 		.section	.debug_str,"MS",%progbits,1
 1685      0200BA01 
 1685      00000201 
 1685      FB0E0D00 
 1685      01010101 
 1686              	.LASF40:
 1687 0000 705F6D73 		.ascii	"p_msg\000"
 1687      6700
 1688              	.LASF83:
 1689 0006 7264796D 		.ascii	"rdymsg\000"
 1689      736700
 1690              	.LASF16:
 1691 000d 75696E74 		.ascii	"uint64_t\000"
 1691      36345F74 
 1691      00
 1692              	.LASF5:
 1693 0016 5F5F7569 		.ascii	"__uint8_t\000"
 1693      6E74385F 
 1693      7400
 1694              	.LASF71:
 1695 0020 434D785F 		.ascii	"CMx_SCB\000"
 1695      53434200 
 1696              	.LASF88:
 1697 0028 53797354 		.ascii	"SysTickVector\000"
 1697      69636B56 
 1697      6563746F 
ARM GAS  /tmp/ccyUn036.s 			page 31


 1697      7200
 1698              	.LASF12:
 1699 0036 6C6F6E67 		.ascii	"long long unsigned int\000"
 1699      206C6F6E 
 1699      6720756E 
 1699      7369676E 
 1699      65642069 
 1700              	.LASF84:
 1701 004d 65786974 		.ascii	"exitcode\000"
 1701      636F6465 
 1701      00
 1702              	.LASF56:
 1703 0056 43505549 		.ascii	"CPUID\000"
 1703      4400
 1704              	.LASF28:
 1705 005c 705F7072 		.ascii	"p_prio\000"
 1705      696F00
 1706              	.LASF10:
 1707 0063 6C6F6E67 		.ascii	"long long int\000"
 1707      206C6F6E 
 1707      6720696E 
 1707      7400
 1708              	.LASF1:
 1709 0071 7369676E 		.ascii	"signed char\000"
 1709      65642063 
 1709      68617200 
 1710              	.LASF44:
 1711 007d 705F6D70 		.ascii	"p_mpool\000"
 1711      6F6F6C00 
 1712              	.LASF80:
 1713 0085 6D5F7175 		.ascii	"m_queue\000"
 1713      65756500 
 1714              	.LASF7:
 1715 008d 6C6F6E67 		.ascii	"long int\000"
 1715      20696E74 
 1715      00
 1716              	.LASF89:
 1717 0096 53564361 		.ascii	"SVCallVector\000"
 1717      6C6C5665 
 1717      63746F72 
 1717      00
 1718              	.LASF19:
 1719 00a3 74737461 		.ascii	"tstate_t\000"
 1719      74655F74 
 1719      00
 1720              	.LASF95:
 1721 00ac 5F706F72 		.ascii	"_port_thread_start\000"
 1721      745F7468 
 1721      72656164 
 1721      5F737461 
 1721      727400
 1722              	.LASF30:
 1723 00bf 705F6E65 		.ascii	"p_newer\000"
 1723      77657200 
 1724              	.LASF66:
 1725 00c7 42464152 		.ascii	"BFAR\000"
 1725      00
ARM GAS  /tmp/ccyUn036.s 			page 32


 1726              	.LASF8:
 1727 00cc 5F5F7569 		.ascii	"__uint32_t\000"
 1727      6E743332 
 1727      5F7400
 1728              	.LASF47:
 1729 00d7 72656761 		.ascii	"regarm_t\000"
 1729      726D5F74 
 1729      00
 1730              	.LASF33:
 1731 00e0 705F7374 		.ascii	"p_stklimit\000"
 1731      6B6C696D 
 1731      697400
 1732              	.LASF0:
 1733 00eb 756E7369 		.ascii	"unsigned int\000"
 1733      676E6564 
 1733      20696E74 
 1733      00
 1734              	.LASF50:
 1735 00f8 6C725F74 		.ascii	"lr_thd\000"
 1735      686400
 1736              	.LASF49:
 1737 00ff 65787463 		.ascii	"extctx\000"
 1737      747800
 1738              	.LASF94:
 1739 0106 5F706F72 		.ascii	"_port_switch\000"
 1739      745F7377 
 1739      69746368 
 1739      00
 1740              	.LASF9:
 1741 0113 6C6F6E67 		.ascii	"long unsigned int\000"
 1741      20756E73 
 1741      69676E65 
 1741      6420696E 
 1741      7400
 1742              	.LASF58:
 1743 0125 56544F52 		.ascii	"VTOR\000"
 1743      00
 1744              	.LASF93:
 1745 012a 5F706F72 		.ascii	"_port_switch_from_isr\000"
 1745      745F7377 
 1745      69746368 
 1745      5F66726F 
 1745      6D5F6973 
 1746              	.LASF53:
 1747 0140 636F6E74 		.ascii	"context\000"
 1747      65787400 
 1748              	.LASF4:
 1749 0148 73686F72 		.ascii	"short unsigned int\000"
 1749      7420756E 
 1749      7369676E 
 1749      65642069 
 1749      6E7400
 1750              	.LASF57:
 1751 015b 49435352 		.ascii	"ICSR\000"
 1751      00
 1752              	.LASF22:
 1753 0160 6D73675F 		.ascii	"msg_t\000"
ARM GAS  /tmp/ccyUn036.s 			page 33


 1753      7400
 1754              	.LASF59:
 1755 0166 41495243 		.ascii	"AIRCR\000"
 1755      5200
 1756              	.LASF64:
 1757 016c 44465352 		.ascii	"DFSR\000"
 1757      00
 1758              	.LASF75:
 1759 0171 725F6E65 		.ascii	"r_newer\000"
 1759      77657200 
 1760              	.LASF65:
 1761 0179 4D4D4641 		.ascii	"MMFAR\000"
 1761      5200
 1762              	.LASF91:
 1763 017f 5F706F72 		.ascii	"_port_irq_epilogue\000"
 1763      745F6972 
 1763      715F6570 
 1763      696C6F67 
 1763      756500
 1764              	.LASF18:
 1765 0192 746D6F64 		.ascii	"tmode_t\000"
 1765      655F7400 
 1766              	.LASF46:
 1767 019a 54687265 		.ascii	"ThreadsList\000"
 1767      6164734C 
 1767      69737400 
 1768              	.LASF23:
 1769 01a6 6576656E 		.ascii	"eventmask_t\000"
 1769      746D6173 
 1769      6B5F7400 
 1770              	.LASF79:
 1771 01b2 4D757465 		.ascii	"Mutex\000"
 1771      7800
 1772              	.LASF48:
 1773 01b8 73746B61 		.ascii	"stkalign_t\000"
 1773      6C69676E 
 1773      5F7400
 1774              	.LASF55:
 1775 01c3 73697A65 		.ascii	"sizetype\000"
 1775      74797065 
 1775      00
 1776              	.LASF62:
 1777 01cc 43465352 		.ascii	"CFSR\000"
 1777      00
 1778              	.LASF31:
 1779 01d1 705F6F6C 		.ascii	"p_older\000"
 1779      64657200 
 1780              	.LASF74:
 1781 01d9 725F6374 		.ascii	"r_ctx\000"
 1781      7800
 1782              	.LASF45:
 1783 01df 54687265 		.ascii	"ThreadsQueue\000"
 1783      61647351 
 1783      75657565 
 1783      00
 1784              	.LASF77:
 1785 01ec 725F6375 		.ascii	"r_current\000"
ARM GAS  /tmp/ccyUn036.s 			page 34


 1785      7272656E 
 1785      7400
 1786              	.LASF76:
 1787 01f6 725F6F6C 		.ascii	"r_older\000"
 1787      64657200 
 1788              	.LASF11:
 1789 01fe 5F5F7569 		.ascii	"__uint64_t\000"
 1789      6E743634 
 1789      5F7400
 1790              	.LASF20:
 1791 0209 74726566 		.ascii	"trefs_t\000"
 1791      735F7400 
 1792              	.LASF90:
 1793 0211 63747870 		.ascii	"ctxp\000"
 1793      00
 1794              	.LASF27:
 1795 0216 705F7072 		.ascii	"p_prev\000"
 1795      657600
 1796              	.LASF21:
 1797 021d 74707269 		.ascii	"tprio_t\000"
 1797      6F5F7400 
 1798              	.LASF17:
 1799 0225 5F426F6F 		.ascii	"_Bool\000"
 1799      6C00
 1800              	.LASF14:
 1801 022b 696E7433 		.ascii	"int32_t\000"
 1801      325F7400 
 1802              	.LASF2:
 1803 0233 756E7369 		.ascii	"unsigned char\000"
 1803      676E6564 
 1803      20636861 
 1803      7200
 1804              	.LASF61:
 1805 0241 53484353 		.ascii	"SHCSR\000"
 1805      5200
 1806              	.LASF42:
 1807 0247 705F6D74 		.ascii	"p_mtxlist\000"
 1807      786C6973 
 1807      7400
 1808              	.LASF3:
 1809 0251 73686F72 		.ascii	"short int\000"
 1809      7420696E 
 1809      7400
 1810              	.LASF34:
 1811 025b 705F7374 		.ascii	"p_state\000"
 1811      61746500 
 1812              	.LASF51:
 1813 0263 78707372 		.ascii	"xpsr\000"
 1813      00
 1814              	.LASF73:
 1815 0268 725F7072 		.ascii	"r_prio\000"
 1815      696F00
 1816              	.LASF86:
 1817 026f 65776D61 		.ascii	"ewmask\000"
 1817      736B00
 1818              	.LASF26:
 1819 0276 705F6E65 		.ascii	"p_next\000"
ARM GAS  /tmp/ccyUn036.s 			page 35


 1819      787400
 1820              	.LASF35:
 1821 027d 705F666C 		.ascii	"p_flags\000"
 1821      61677300 
 1822              	.LASF25:
 1823 0285 54687265 		.ascii	"Thread\000"
 1823      616400
 1824              	.LASF41:
 1825 028c 705F6570 		.ascii	"p_epending\000"
 1825      656E6469 
 1825      6E6700
 1826              	.LASF15:
 1827 0297 75696E74 		.ascii	"uint32_t\000"
 1827      33325F74 
 1827      00
 1828              	.LASF72:
 1829 02a0 725F7175 		.ascii	"r_queue\000"
 1829      65756500 
 1830              	.LASF67:
 1831 02a8 41465352 		.ascii	"AFSR\000"
 1831      00
 1832              	.LASF69:
 1833 02ad 756E7573 		.ascii	"unused1\000"
 1833      65643100 
 1834              	.LASF96:
 1835 02b5 474E5520 		.ascii	"GNU C 4.9.3 20141119 (release) [ARM/embedded-4_9-br"
 1835      4320342E 
 1835      392E3320 
 1835      32303134 
 1835      31313139 
 1836 02e8 616E6368 		.ascii	"anch revision 218278] -mcpu=cortex-m4 -mno-thumb-in"
 1836      20726576 
 1836      6973696F 
 1836      6E203231 
 1836      38323738 
 1837 031b 74657277 		.ascii	"terwork -mthumb -ggdb -O0 -fomit-frame-pointer\000"
 1837      6F726B20 
 1837      2D6D7468 
 1837      756D6220 
 1837      2D676764 
 1838              	.LASF87:
 1839 034a 63686172 		.ascii	"char\000"
 1839      00
 1840              	.LASF54:
 1841 034f 494F5245 		.ascii	"IOREG32\000"
 1841      47333200 
 1842              	.LASF82:
 1843 0357 6D5F6E65 		.ascii	"m_next\000"
 1843      787400
 1844              	.LASF24:
 1845 035e 73797374 		.ascii	"systime_t\000"
 1845      696D655F 
 1845      7400
 1846              	.LASF43:
 1847 0368 705F7265 		.ascii	"p_realprio\000"
 1847      616C7072 
 1847      696F00
ARM GAS  /tmp/ccyUn036.s 			page 36


 1848              	.LASF6:
 1849 0373 5F5F696E 		.ascii	"__int32_t\000"
 1849      7433325F 
 1849      7400
 1850              	.LASF37:
 1851 037d 705F7469 		.ascii	"p_time\000"
 1851      6D6500
 1852              	.LASF60:
 1853 0384 53485052 		.ascii	"SHPR\000"
 1853      00
 1854              	.LASF52:
 1855 0389 696E7463 		.ascii	"intctx\000"
 1855      747800
 1856              	.LASF39:
 1857 0390 705F6D73 		.ascii	"p_msgqueue\000"
 1857      67717565 
 1857      756500
 1858              	.LASF36:
 1859 039b 705F7265 		.ascii	"p_refs\000"
 1859      667300
 1860              	.LASF78:
 1861 03a2 52656164 		.ascii	"ReadyList\000"
 1861      794C6973 
 1861      7400
 1862              	.LASF68:
 1863 03ac 4D4D4652 		.ascii	"MMFR\000"
 1863      00
 1864              	.LASF98:
 1865 03b1 726C6973 		.ascii	"rlist\000"
 1865      7400
 1866              	.LASF13:
 1867 03b7 75696E74 		.ascii	"uint8_t\000"
 1867      385F7400 
 1868              	.LASF92:
 1869 03bf 5F706F72 		.ascii	"_port_init\000"
 1869      745F696E 
 1869      697400
 1870              	.LASF85:
 1871 03ca 77746F62 		.ascii	"wtobjp\000"
 1871      6A7000
 1872              	.LASF32:
 1873 03d1 705F6E61 		.ascii	"p_name\000"
 1873      6D6500
 1874              	.LASF70:
 1875 03d8 43504143 		.ascii	"CPACR\000"
 1875      5200
 1876              	.LASF63:
 1877 03de 48465352 		.ascii	"HFSR\000"
 1877      00
 1878              	.LASF97:
 1879 03e3 2F6F7074 		.ascii	"/opt/R2P/core/ChibiOS_2.6.5/os/ports/GCC/ARMCMx/chc"
 1879      2F523250 
 1879      2F636F72 
 1879      652F4368 
 1879      6962694F 
 1880 0416 6F72655F 		.ascii	"ore_v7m.c\000"
 1880      76376D2E 
ARM GAS  /tmp/ccyUn036.s 			page 37


 1880      6300
 1881              	.LASF81:
 1882 0420 6D5F6F77 		.ascii	"m_owner\000"
 1882      6E657200 
 1883              	.LASF29:
 1884 0428 705F6374 		.ascii	"p_ctx\000"
 1884      7800
 1885              	.LASF38:
 1886 042e 705F7761 		.ascii	"p_waiting\000"
 1886      6974696E 
 1886      6700
 1887              		.ident	"GCC: (GNU Tools for ARM Embedded Processors) 4.9.3 20141119 (release) [ARM/embedded-4_9-br
ARM GAS  /tmp/ccyUn036.s 			page 38


DEFINED SYMBOLS
                            *ABS*:00000000 chcore_v7m.c
     /tmp/ccyUn036.s:18     .text:00000000 $t
     /tmp/ccyUn036.s:23     .text:00000000 SysTickVector
     /tmp/ccyUn036.s:160    .text:00000078 _port_irq_epilogue
     /tmp/ccyUn036.s:69     .text:00000028 SVCallVector
     /tmp/ccyUn036.s:115    .text:00000048 _port_init
     /tmp/ccyUn036.s:150    .text:00000070 $d
     /tmp/ccyUn036.s:155    .text:00000078 $t
     /tmp/ccyUn036.s:245    .text:000000d0 $d
     /tmp/ccyUn036.s:257    .text:000000e0 _port_switch_from_isr
     /tmp/ccyUn036.s:272    .text:000000ec _port_exit_from_isr
     /tmp/ccyUn036.s:252    .text:000000e0 $t
     /tmp/ccyUn036.s:288    .text:000000f0 _port_switch
     /tmp/ccyUn036.s:320    .text:00000104 _port_thread_start
                     .debug_frame:00000010 $d

UNDEFINED SYMBOLS
dbg_check_enter_isr
dbg_check_lock_from_isr
chSysTimerHandlerI
dbg_check_unlock_from_isr
dbg_check_leave_isr
nvicSetSystemHandlerPriority
rlist
dbg_check_lock
chSchDoReschedule
dbg_check_unlock
chThdExit
