ARM GAS  /tmp/ccxtcVjm.s 			page 1


   1              		.syntax unified
   2              		.cpu cortex-m4
   3              		.fpu softvfp
   4              		.eabi_attribute 20, 1
   5              		.eabi_attribute 21, 1
   6              		.eabi_attribute 23, 3
   7              		.eabi_attribute 24, 1
   8              		.eabi_attribute 25, 1
   9              		.eabi_attribute 26, 1
  10              		.eabi_attribute 30, 6
  11              		.eabi_attribute 34, 1
  12              		.eabi_attribute 18, 4
  13              		.thumb
  14              		.file	"chcond.c"
  15              		.text
  16              	.Ltext0:
  17              		.cfi_sections	.debug_frame
  18              		.align	2
  19              		.thumb
  20              		.thumb_func
  21              		.type	prio_insert, %function
  22              	prio_insert:
  23              	.LFB0:
  24              		.file 1 "/opt/R2P/core/ChibiOS_2.6.5/os/kernel/include/chinline.h"
  25              		.loc 1 41 0
  26              		.cfi_startproc
  27              		@ args = 0, pretend = 0, frame = 16
  28              		@ frame_needed = 0, uses_anonymous_args = 0
  29              		@ link register save eliminated.
  30 0000 84B0     		sub	sp, sp, #16
  31              		.cfi_def_cfa_offset 16
  32 0002 0190     		str	r0, [sp, #4]
  33 0004 0091     		str	r1, [sp]
  34              		.loc 1 43 0
  35 0006 009B     		ldr	r3, [sp]
  36 0008 0393     		str	r3, [sp, #12]
  37              	.L3:
  38              		.loc 1 45 0 discriminator 2
  39 000a 039B     		ldr	r3, [sp, #12]
  40 000c 1B68     		ldr	r3, [r3]
  41 000e 0393     		str	r3, [sp, #12]
  42              		.loc 1 46 0 discriminator 2
  43 0010 039A     		ldr	r2, [sp, #12]
  44 0012 009B     		ldr	r3, [sp]
  45 0014 9A42     		cmp	r2, r3
  46 0016 05D0     		beq	.L2
  47              		.loc 1 46 0 is_stmt 0 discriminator 1
  48 0018 039B     		ldr	r3, [sp, #12]
  49 001a 9A68     		ldr	r2, [r3, #8]
  50 001c 019B     		ldr	r3, [sp, #4]
  51 001e 9B68     		ldr	r3, [r3, #8]
  52 0020 9A42     		cmp	r2, r3
  53 0022 F2D2     		bcs	.L3
  54              	.L2:
  55              		.loc 1 47 0 is_stmt 1
  56 0024 019B     		ldr	r3, [sp, #4]
  57 0026 039A     		ldr	r2, [sp, #12]
ARM GAS  /tmp/ccxtcVjm.s 			page 2


  58 0028 1A60     		str	r2, [r3]
  59              		.loc 1 48 0
  60 002a 039B     		ldr	r3, [sp, #12]
  61 002c 5A68     		ldr	r2, [r3, #4]
  62 002e 019B     		ldr	r3, [sp, #4]
  63 0030 5A60     		str	r2, [r3, #4]
  64              		.loc 1 49 0
  65 0032 019B     		ldr	r3, [sp, #4]
  66 0034 5B68     		ldr	r3, [r3, #4]
  67 0036 039A     		ldr	r2, [sp, #12]
  68 0038 0199     		ldr	r1, [sp, #4]
  69 003a 5160     		str	r1, [r2, #4]
  70 003c 039A     		ldr	r2, [sp, #12]
  71 003e 5268     		ldr	r2, [r2, #4]
  72 0040 1A60     		str	r2, [r3]
  73              		.loc 1 50 0
  74 0042 04B0     		add	sp, sp, #16
  75              		.cfi_def_cfa_offset 0
  76              		@ sp needed
  77 0044 7047     		bx	lr
  78              		.cfi_endproc
  79              	.LFE0:
  80              		.size	prio_insert, .-prio_insert
  81 0046 00BF     		.align	2
  82              		.thumb
  83              		.thumb_func
  84              		.type	fifo_remove, %function
  85              	fifo_remove:
  86              	.LFB2:
  87              		.loc 1 59 0
  88              		.cfi_startproc
  89              		@ args = 0, pretend = 0, frame = 16
  90              		@ frame_needed = 0, uses_anonymous_args = 0
  91              		@ link register save eliminated.
  92 0048 84B0     		sub	sp, sp, #16
  93              		.cfi_def_cfa_offset 16
  94 004a 0190     		str	r0, [sp, #4]
  95              		.loc 1 60 0
  96 004c 019B     		ldr	r3, [sp, #4]
  97 004e 1B68     		ldr	r3, [r3]
  98 0050 0393     		str	r3, [sp, #12]
  99              		.loc 1 62 0
 100 0052 039B     		ldr	r3, [sp, #12]
 101 0054 1A68     		ldr	r2, [r3]
 102 0056 019B     		ldr	r3, [sp, #4]
 103 0058 1A60     		str	r2, [r3]
 104 005a 019B     		ldr	r3, [sp, #4]
 105 005c 1B68     		ldr	r3, [r3]
 106 005e 019A     		ldr	r2, [sp, #4]
 107 0060 5A60     		str	r2, [r3, #4]
 108              		.loc 1 63 0
 109 0062 039B     		ldr	r3, [sp, #12]
 110              		.loc 1 64 0
 111 0064 1846     		mov	r0, r3
 112 0066 04B0     		add	sp, sp, #16
 113              		.cfi_def_cfa_offset 0
 114              		@ sp needed
ARM GAS  /tmp/ccxtcVjm.s 			page 3


 115 0068 7047     		bx	lr
 116              		.cfi_endproc
 117              	.LFE2:
 118              		.size	fifo_remove, .-fifo_remove
 119              		.section	.rodata
 120              		.align	2
 121              	.LC0:
 122 0000 22636843 		.ascii	"\"chCondInit\"()\000"
 122      6F6E6449 
 122      6E697422 
 122      282900
 123              		.text
 124 006a 00BF     		.align	2
 125              		.global	chCondInit
 126              		.thumb
 127              		.thumb_func
 128              		.type	chCondInit, %function
 129              	chCondInit:
 130              	.LFB7:
 131              		.file 2 "/opt/R2P/core/ChibiOS_2.6.5/os/kernel/src/chcond.c"
 132              		.loc 2 59 0
 133              		.cfi_startproc
 134              		@ args = 0, pretend = 0, frame = 8
 135              		@ frame_needed = 0, uses_anonymous_args = 0
 136 006c 00B5     		push	{lr}
 137              		.cfi_def_cfa_offset 4
 138              		.cfi_offset 14, -4
 139 006e 83B0     		sub	sp, sp, #12
 140              		.cfi_def_cfa_offset 16
 141 0070 0190     		str	r0, [sp, #4]
 142              		.loc 2 61 0
 143 0072 019B     		ldr	r3, [sp, #4]
 144 0074 002B     		cmp	r3, #0
 145 0076 02D1     		bne	.L7
 146              		.loc 2 61 0 is_stmt 0 discriminator 1
 147 0078 0648     		ldr	r0, .L8
 148 007a FFF7FEFF 		bl	chDbgPanic
 149              	.L7:
 150              		.loc 2 63 0 is_stmt 1
 151 007e 019A     		ldr	r2, [sp, #4]
 152 0080 019B     		ldr	r3, [sp, #4]
 153 0082 5A60     		str	r2, [r3, #4]
 154 0084 019B     		ldr	r3, [sp, #4]
 155 0086 5A68     		ldr	r2, [r3, #4]
 156 0088 019B     		ldr	r3, [sp, #4]
 157 008a 1A60     		str	r2, [r3]
 158              		.loc 2 64 0
 159 008c 03B0     		add	sp, sp, #12
 160              		.cfi_def_cfa_offset 4
 161              		@ sp needed
 162 008e 5DF804FB 		ldr	pc, [sp], #4
 163              	.L9:
 164 0092 00BF     		.align	2
 165              	.L8:
 166 0094 00000000 		.word	.LC0
 167              		.cfi_endproc
 168              	.LFE7:
ARM GAS  /tmp/ccxtcVjm.s 			page 4


 169              		.size	chCondInit, .-chCondInit
 170              		.section	.rodata
 171 000f 00       		.align	2
 172              	.LC1:
 173 0010 22636843 		.ascii	"\"chCondSignal\"()\000"
 173      6F6E6453 
 173      69676E61 
 173      6C222829 
 173      00
 174              		.text
 175              		.align	2
 176              		.global	chCondSignal
 177              		.thumb
 178              		.thumb_func
 179              		.type	chCondSignal, %function
 180              	chCondSignal:
 181              	.LFB8:
 182              		.loc 2 73 0
 183              		.cfi_startproc
 184              		@ args = 0, pretend = 0, frame = 8
 185              		@ frame_needed = 0, uses_anonymous_args = 0
 186 0098 00B5     		push	{lr}
 187              		.cfi_def_cfa_offset 4
 188              		.cfi_offset 14, -4
 189 009a 83B0     		sub	sp, sp, #12
 190              		.cfi_def_cfa_offset 16
 191 009c 0190     		str	r0, [sp, #4]
 192              		.loc 2 75 0
 193 009e 019B     		ldr	r3, [sp, #4]
 194 00a0 002B     		cmp	r3, #0
 195 00a2 02D1     		bne	.L11
 196              		.loc 2 75 0 is_stmt 0 discriminator 1
 197 00a4 0E48     		ldr	r0, .L13
 198 00a6 FFF7FEFF 		bl	chDbgPanic
 199              	.L11:
 200              	.LBB2:
 201              		.loc 2 77 0 is_stmt 1
 202 00aa 2023     		movs	r3, #32
 203              	@ 77 "/opt/R2P/core/ChibiOS_2.6.5/os/kernel/src/chcond.c" 1
 204 00ac 83F31188 		msr     BASEPRI, r3
 205              	@ 0 "" 2
 206              		.thumb
 207              	.LBE2:
 208 00b0 FFF7FEFF 		bl	dbg_check_lock
 209              		.loc 2 78 0
 210 00b4 019B     		ldr	r3, [sp, #4]
 211 00b6 1A68     		ldr	r2, [r3]
 212 00b8 019B     		ldr	r3, [sp, #4]
 213 00ba 9A42     		cmp	r2, r3
 214 00bc 08D0     		beq	.L12
 215              		.loc 2 79 0
 216 00be 019B     		ldr	r3, [sp, #4]
 217 00c0 1846     		mov	r0, r3
 218 00c2 FFF7C1FF 		bl	fifo_remove
 219 00c6 0346     		mov	r3, r0
 220 00c8 1846     		mov	r0, r3
 221 00ca 0021     		movs	r1, #0
ARM GAS  /tmp/ccxtcVjm.s 			page 5


 222 00cc FFF7FEFF 		bl	chSchWakeupS
 223              	.L12:
 224              		.loc 2 80 0
 225 00d0 FFF7FEFF 		bl	dbg_check_unlock
 226              	.LBB3:
 227 00d4 0023     		movs	r3, #0
 228              	@ 80 "/opt/R2P/core/ChibiOS_2.6.5/os/kernel/src/chcond.c" 1
 229 00d6 83F31188 		msr     BASEPRI, r3
 230              	@ 0 "" 2
 231              		.thumb
 232              	.LBE3:
 233              		.loc 2 81 0
 234 00da 03B0     		add	sp, sp, #12
 235              		.cfi_def_cfa_offset 4
 236              		@ sp needed
 237 00dc 5DF804FB 		ldr	pc, [sp], #4
 238              	.L14:
 239              		.align	2
 240              	.L13:
 241 00e0 10000000 		.word	.LC1
 242              		.cfi_endproc
 243              	.LFE8:
 244              		.size	chCondSignal, .-chCondSignal
 245              		.section	.rodata
 246 0021 000000   		.align	2
 247              	.LC2:
 248 0024 22636843 		.ascii	"\"chCondSignalI\"()\000"
 248      6F6E6453 
 248      69676E61 
 248      6C492228 
 248      2900
 249              		.text
 250              		.align	2
 251              		.global	chCondSignalI
 252              		.thumb
 253              		.thumb_func
 254              		.type	chCondSignalI, %function
 255              	chCondSignalI:
 256              	.LFB9:
 257              		.loc 2 94 0
 258              		.cfi_startproc
 259              		@ args = 0, pretend = 0, frame = 8
 260              		@ frame_needed = 0, uses_anonymous_args = 0
 261 00e4 00B5     		push	{lr}
 262              		.cfi_def_cfa_offset 4
 263              		.cfi_offset 14, -4
 264 00e6 83B0     		sub	sp, sp, #12
 265              		.cfi_def_cfa_offset 16
 266 00e8 0190     		str	r0, [sp, #4]
 267              		.loc 2 96 0
 268 00ea FFF7FEFF 		bl	chDbgCheckClassI
 269              		.loc 2 97 0
 270 00ee 019B     		ldr	r3, [sp, #4]
 271 00f0 002B     		cmp	r3, #0
 272 00f2 02D1     		bne	.L16
 273              		.loc 2 97 0 is_stmt 0 discriminator 1
 274 00f4 0A48     		ldr	r0, .L18
ARM GAS  /tmp/ccxtcVjm.s 			page 6


 275 00f6 FFF7FEFF 		bl	chDbgPanic
 276              	.L16:
 277              		.loc 2 99 0 is_stmt 1
 278 00fa 019B     		ldr	r3, [sp, #4]
 279 00fc 1A68     		ldr	r2, [r3]
 280 00fe 019B     		ldr	r3, [sp, #4]
 281 0100 9A42     		cmp	r2, r3
 282 0102 0AD0     		beq	.L15
 283              		.loc 2 100 0
 284 0104 019B     		ldr	r3, [sp, #4]
 285 0106 1846     		mov	r0, r3
 286 0108 FFF79EFF 		bl	fifo_remove
 287 010c 0346     		mov	r3, r0
 288 010e 1846     		mov	r0, r3
 289 0110 FFF7FEFF 		bl	chSchReadyI
 290 0114 0246     		mov	r2, r0
 291 0116 0023     		movs	r3, #0
 292 0118 9362     		str	r3, [r2, #40]
 293              	.L15:
 294              		.loc 2 101 0
 295 011a 03B0     		add	sp, sp, #12
 296              		.cfi_def_cfa_offset 4
 297              		@ sp needed
 298 011c 5DF804FB 		ldr	pc, [sp], #4
 299              	.L19:
 300              		.align	2
 301              	.L18:
 302 0120 24000000 		.word	.LC2
 303              		.cfi_endproc
 304              	.LFE9:
 305              		.size	chCondSignalI, .-chCondSignalI
 306              		.align	2
 307              		.global	chCondBroadcast
 308              		.thumb
 309              		.thumb_func
 310              		.type	chCondBroadcast, %function
 311              	chCondBroadcast:
 312              	.LFB10:
 313              		.loc 2 110 0
 314              		.cfi_startproc
 315              		@ args = 0, pretend = 0, frame = 8
 316              		@ frame_needed = 0, uses_anonymous_args = 0
 317 0124 00B5     		push	{lr}
 318              		.cfi_def_cfa_offset 4
 319              		.cfi_offset 14, -4
 320 0126 83B0     		sub	sp, sp, #12
 321              		.cfi_def_cfa_offset 16
 322 0128 0190     		str	r0, [sp, #4]
 323              	.LBB4:
 324              		.loc 2 112 0
 325 012a 2023     		movs	r3, #32
 326              	@ 112 "/opt/R2P/core/ChibiOS_2.6.5/os/kernel/src/chcond.c" 1
 327 012c 83F31188 		msr     BASEPRI, r3
 328              	@ 0 "" 2
 329              		.thumb
 330              	.LBE4:
 331 0130 FFF7FEFF 		bl	dbg_check_lock
ARM GAS  /tmp/ccxtcVjm.s 			page 7


 332              		.loc 2 113 0
 333 0134 0198     		ldr	r0, [sp, #4]
 334 0136 FFF7FEFF 		bl	chCondBroadcastI
 335              		.loc 2 114 0
 336 013a FFF7FEFF 		bl	chSchRescheduleS
 337              		.loc 2 115 0
 338 013e FFF7FEFF 		bl	dbg_check_unlock
 339              	.LBB5:
 340 0142 0023     		movs	r3, #0
 341              	@ 115 "/opt/R2P/core/ChibiOS_2.6.5/os/kernel/src/chcond.c" 1
 342 0144 83F31188 		msr     BASEPRI, r3
 343              	@ 0 "" 2
 344              		.thumb
 345              	.LBE5:
 346              		.loc 2 116 0
 347 0148 03B0     		add	sp, sp, #12
 348              		.cfi_def_cfa_offset 4
 349              		@ sp needed
 350 014a 5DF804FB 		ldr	pc, [sp], #4
 351              		.cfi_endproc
 352              	.LFE10:
 353              		.size	chCondBroadcast, .-chCondBroadcast
 354              		.section	.rodata
 355 0036 0000     		.align	2
 356              	.LC3:
 357 0038 22636843 		.ascii	"\"chCondBroadcastI\"()\000"
 357      6F6E6442 
 357      726F6164 
 357      63617374 
 357      49222829 
 358              		.text
 359 014e 00BF     		.align	2
 360              		.global	chCondBroadcastI
 361              		.thumb
 362              		.thumb_func
 363              		.type	chCondBroadcastI, %function
 364              	chCondBroadcastI:
 365              	.LFB11:
 366              		.loc 2 129 0
 367              		.cfi_startproc
 368              		@ args = 0, pretend = 0, frame = 8
 369              		@ frame_needed = 0, uses_anonymous_args = 0
 370 0150 00B5     		push	{lr}
 371              		.cfi_def_cfa_offset 4
 372              		.cfi_offset 14, -4
 373 0152 83B0     		sub	sp, sp, #12
 374              		.cfi_def_cfa_offset 16
 375 0154 0190     		str	r0, [sp, #4]
 376              		.loc 2 131 0
 377 0156 FFF7FEFF 		bl	chDbgCheckClassI
 378              		.loc 2 132 0
 379 015a 019B     		ldr	r3, [sp, #4]
 380 015c 002B     		cmp	r3, #0
 381 015e 02D1     		bne	.L22
 382              		.loc 2 132 0 is_stmt 0 discriminator 1
 383 0160 0B48     		ldr	r0, .L25
 384 0162 FFF7FEFF 		bl	chDbgPanic
ARM GAS  /tmp/ccxtcVjm.s 			page 8


 385              	.L22:
 386              		.loc 2 137 0 is_stmt 1
 387 0166 0BE0     		b	.L23
 388              	.L24:
 389              		.loc 2 138 0
 390 0168 019B     		ldr	r3, [sp, #4]
 391 016a 1846     		mov	r0, r3
 392 016c FFF76CFF 		bl	fifo_remove
 393 0170 0346     		mov	r3, r0
 394 0172 1846     		mov	r0, r3
 395 0174 FFF7FEFF 		bl	chSchReadyI
 396 0178 0246     		mov	r2, r0
 397 017a 6FF00103 		mvn	r3, #1
 398 017e 9362     		str	r3, [r2, #40]
 399              	.L23:
 400              		.loc 2 137 0
 401 0180 019B     		ldr	r3, [sp, #4]
 402 0182 1A68     		ldr	r2, [r3]
 403 0184 019B     		ldr	r3, [sp, #4]
 404 0186 9A42     		cmp	r2, r3
 405 0188 EED1     		bne	.L24
 406              		.loc 2 139 0
 407 018a 03B0     		add	sp, sp, #12
 408              		.cfi_def_cfa_offset 4
 409              		@ sp needed
 410 018c 5DF804FB 		ldr	pc, [sp], #4
 411              	.L26:
 412              		.align	2
 413              	.L25:
 414 0190 38000000 		.word	.LC3
 415              		.cfi_endproc
 416              	.LFE11:
 417              		.size	chCondBroadcastI, .-chCondBroadcastI
 418              		.align	2
 419              		.global	chCondWait
 420              		.thumb
 421              		.thumb_func
 422              		.type	chCondWait, %function
 423              	chCondWait:
 424              	.LFB12:
 425              		.loc 2 158 0
 426              		.cfi_startproc
 427              		@ args = 0, pretend = 0, frame = 16
 428              		@ frame_needed = 0, uses_anonymous_args = 0
 429 0194 00B5     		push	{lr}
 430              		.cfi_def_cfa_offset 4
 431              		.cfi_offset 14, -4
 432 0196 85B0     		sub	sp, sp, #20
 433              		.cfi_def_cfa_offset 24
 434 0198 0190     		str	r0, [sp, #4]
 435              	.LBB6:
 436              		.loc 2 161 0
 437 019a 2023     		movs	r3, #32
 438              	@ 161 "/opt/R2P/core/ChibiOS_2.6.5/os/kernel/src/chcond.c" 1
 439 019c 83F31188 		msr     BASEPRI, r3
 440              	@ 0 "" 2
 441              		.thumb
ARM GAS  /tmp/ccxtcVjm.s 			page 9


 442              	.LBE6:
 443 01a0 FFF7FEFF 		bl	dbg_check_lock
 444              		.loc 2 162 0
 445 01a4 0198     		ldr	r0, [sp, #4]
 446 01a6 FFF7FEFF 		bl	chCondWaitS
 447 01aa 0390     		str	r0, [sp, #12]
 448              		.loc 2 163 0
 449 01ac FFF7FEFF 		bl	dbg_check_unlock
 450              	.LBB7:
 451 01b0 0023     		movs	r3, #0
 452              	@ 163 "/opt/R2P/core/ChibiOS_2.6.5/os/kernel/src/chcond.c" 1
 453 01b2 83F31188 		msr     BASEPRI, r3
 454              	@ 0 "" 2
 455              		.thumb
 456              	.LBE7:
 457              		.loc 2 164 0
 458 01b6 039B     		ldr	r3, [sp, #12]
 459              		.loc 2 165 0
 460 01b8 1846     		mov	r0, r3
 461 01ba 05B0     		add	sp, sp, #20
 462              		.cfi_def_cfa_offset 4
 463              		@ sp needed
 464 01bc 5DF804FB 		ldr	pc, [sp], #4
 465              		.cfi_endproc
 466              	.LFE12:
 467              		.size	chCondWait, .-chCondWait
 468              		.section	.rodata
 469 004d 000000   		.align	2
 470              	.LC4:
 471 0050 22636843 		.ascii	"\"chCondWaitS\"()\000"
 471      6F6E6457 
 471      61697453 
 471      22282900 
 472              		.align	2
 473              	.LC5:
 474 0060 6368436F 		.ascii	"chCondWaitS(), #1\000"
 474      6E645761 
 474      69745328 
 474      292C2023 
 474      3100
 475              		.text
 476              		.align	2
 477              		.global	chCondWaitS
 478              		.thumb
 479              		.thumb_func
 480              		.type	chCondWaitS, %function
 481              	chCondWaitS:
 482              	.LFB13:
 483              		.loc 2 184 0
 484              		.cfi_startproc
 485              		@ args = 0, pretend = 0, frame = 24
 486              		@ frame_needed = 0, uses_anonymous_args = 0
 487 01c0 00B5     		push	{lr}
 488              		.cfi_def_cfa_offset 4
 489              		.cfi_offset 14, -4
 490 01c2 87B0     		sub	sp, sp, #28
 491              		.cfi_def_cfa_offset 32
ARM GAS  /tmp/ccxtcVjm.s 			page 10


 492 01c4 0190     		str	r0, [sp, #4]
 493              		.loc 2 185 0
 494 01c6 154B     		ldr	r3, .L33
 495 01c8 9B69     		ldr	r3, [r3, #24]
 496 01ca 0593     		str	r3, [sp, #20]
 497              		.loc 2 189 0
 498 01cc FFF7FEFF 		bl	chDbgCheckClassS
 499              		.loc 2 190 0
 500 01d0 019B     		ldr	r3, [sp, #4]
 501 01d2 002B     		cmp	r3, #0
 502 01d4 02D1     		bne	.L30
 503              		.loc 2 190 0 is_stmt 0 discriminator 1
 504 01d6 1248     		ldr	r0, .L33+4
 505 01d8 FFF7FEFF 		bl	chDbgPanic
 506              	.L30:
 507              		.loc 2 191 0 is_stmt 1
 508 01dc 059B     		ldr	r3, [sp, #20]
 509 01de 1B6C     		ldr	r3, [r3, #64]
 510 01e0 002B     		cmp	r3, #0
 511 01e2 02D1     		bne	.L31
 512              		.loc 2 191 0 is_stmt 0 discriminator 1
 513 01e4 0F48     		ldr	r0, .L33+8
 514 01e6 FFF7FEFF 		bl	chDbgPanic
 515              	.L31:
 516              		.loc 2 195 0 is_stmt 1
 517 01ea FFF7FEFF 		bl	chMtxUnlockS
 518 01ee 0490     		str	r0, [sp, #16]
 519              		.loc 2 196 0
 520 01f0 059B     		ldr	r3, [sp, #20]
 521 01f2 019A     		ldr	r2, [sp, #4]
 522 01f4 9A62     		str	r2, [r3, #40]
 523              		.loc 2 197 0
 524 01f6 019B     		ldr	r3, [sp, #4]
 525 01f8 0598     		ldr	r0, [sp, #20]
 526 01fa 1946     		mov	r1, r3
 527 01fc FFF700FF 		bl	prio_insert
 528              		.loc 2 198 0
 529 0200 0520     		movs	r0, #5
 530 0202 FFF7FEFF 		bl	chSchGoSleepS
 531              		.loc 2 199 0
 532 0206 059B     		ldr	r3, [sp, #20]
 533 0208 9B6A     		ldr	r3, [r3, #40]
 534 020a 0393     		str	r3, [sp, #12]
 535              		.loc 2 200 0
 536 020c 0498     		ldr	r0, [sp, #16]
 537 020e FFF7FEFF 		bl	chMtxLockS
 538              		.loc 2 201 0
 539 0212 039B     		ldr	r3, [sp, #12]
 540              		.loc 2 202 0
 541 0214 1846     		mov	r0, r3
 542 0216 07B0     		add	sp, sp, #28
 543              		.cfi_def_cfa_offset 4
 544              		@ sp needed
 545 0218 5DF804FB 		ldr	pc, [sp], #4
 546              	.L34:
 547              		.align	2
 548              	.L33:
ARM GAS  /tmp/ccxtcVjm.s 			page 11


 549 021c 00000000 		.word	rlist
 550 0220 50000000 		.word	.LC4
 551 0224 60000000 		.word	.LC5
 552              		.cfi_endproc
 553              	.LFE13:
 554              		.size	chCondWaitS, .-chCondWaitS
 555              		.align	2
 556              		.global	chCondWaitTimeout
 557              		.thumb
 558              		.thumb_func
 559              		.type	chCondWaitTimeout, %function
 560              	chCondWaitTimeout:
 561              	.LFB14:
 562              		.loc 2 233 0
 563              		.cfi_startproc
 564              		@ args = 0, pretend = 0, frame = 16
 565              		@ frame_needed = 0, uses_anonymous_args = 0
 566 0228 00B5     		push	{lr}
 567              		.cfi_def_cfa_offset 4
 568              		.cfi_offset 14, -4
 569 022a 85B0     		sub	sp, sp, #20
 570              		.cfi_def_cfa_offset 24
 571 022c 0190     		str	r0, [sp, #4]
 572 022e 0091     		str	r1, [sp]
 573              	.LBB8:
 574              		.loc 2 236 0
 575 0230 2023     		movs	r3, #32
 576              	@ 236 "/opt/R2P/core/ChibiOS_2.6.5/os/kernel/src/chcond.c" 1
 577 0232 83F31188 		msr     BASEPRI, r3
 578              	@ 0 "" 2
 579              		.thumb
 580              	.LBE8:
 581 0236 FFF7FEFF 		bl	dbg_check_lock
 582              		.loc 2 237 0
 583 023a 0198     		ldr	r0, [sp, #4]
 584 023c 0099     		ldr	r1, [sp]
 585 023e FFF7FEFF 		bl	chCondWaitTimeoutS
 586 0242 0390     		str	r0, [sp, #12]
 587              		.loc 2 238 0
 588 0244 FFF7FEFF 		bl	dbg_check_unlock
 589              	.LBB9:
 590 0248 0023     		movs	r3, #0
 591              	@ 238 "/opt/R2P/core/ChibiOS_2.6.5/os/kernel/src/chcond.c" 1
 592 024a 83F31188 		msr     BASEPRI, r3
 593              	@ 0 "" 2
 594              		.thumb
 595              	.LBE9:
 596              		.loc 2 239 0
 597 024e 039B     		ldr	r3, [sp, #12]
 598              		.loc 2 240 0
 599 0250 1846     		mov	r0, r3
 600 0252 05B0     		add	sp, sp, #20
 601              		.cfi_def_cfa_offset 4
 602              		@ sp needed
 603 0254 5DF804FB 		ldr	pc, [sp], #4
 604              		.cfi_endproc
 605              	.LFE14:
ARM GAS  /tmp/ccxtcVjm.s 			page 12


 606              		.size	chCondWaitTimeout, .-chCondWaitTimeout
 607              		.section	.rodata
 608 0072 0000     		.align	2
 609              	.LC6:
 610 0074 22636843 		.ascii	"\"chCondWaitTimeoutS\"()\000"
 610      6F6E6457 
 610      61697454 
 610      696D656F 
 610      75745322 
 611 008b 00       		.align	2
 612              	.LC7:
 613 008c 6368436F 		.ascii	"chCondWaitTimeoutS(), #1\000"
 613      6E645761 
 613      69745469 
 613      6D656F75 
 613      74532829 
 614 00a5 000000   		.text
 615              		.align	2
 616              		.global	chCondWaitTimeoutS
 617              		.thumb
 618              		.thumb_func
 619              		.type	chCondWaitTimeoutS, %function
 620              	chCondWaitTimeoutS:
 621              	.LFB15:
 622              		.loc 2 270 0
 623              		.cfi_startproc
 624              		@ args = 0, pretend = 0, frame = 16
 625              		@ frame_needed = 0, uses_anonymous_args = 0
 626 0258 00B5     		push	{lr}
 627              		.cfi_def_cfa_offset 4
 628              		.cfi_offset 14, -4
 629 025a 85B0     		sub	sp, sp, #20
 630              		.cfi_def_cfa_offset 24
 631 025c 0190     		str	r0, [sp, #4]
 632 025e 0091     		str	r1, [sp]
 633              		.loc 2 274 0
 634 0260 FFF7FEFF 		bl	chDbgCheckClassS
 635              		.loc 2 275 0
 636 0264 019B     		ldr	r3, [sp, #4]
 637 0266 002B     		cmp	r3, #0
 638 0268 02D0     		beq	.L38
 639              		.loc 2 275 0 is_stmt 0 discriminator 2
 640 026a 009B     		ldr	r3, [sp]
 641 026c 002B     		cmp	r3, #0
 642 026e 02D1     		bne	.L39
 643              	.L38:
 644              		.loc 2 275 0 discriminator 3
 645 0270 1448     		ldr	r0, .L43
 646 0272 FFF7FEFF 		bl	chDbgPanic
 647              	.L39:
 648              		.loc 2 276 0 is_stmt 1
 649 0276 144B     		ldr	r3, .L43+4
 650 0278 9B69     		ldr	r3, [r3, #24]
 651 027a 1B6C     		ldr	r3, [r3, #64]
 652 027c 002B     		cmp	r3, #0
 653 027e 02D1     		bne	.L40
 654              		.loc 2 276 0 is_stmt 0 discriminator 1
ARM GAS  /tmp/ccxtcVjm.s 			page 13


 655 0280 1248     		ldr	r0, .L43+8
 656 0282 FFF7FEFF 		bl	chDbgPanic
 657              	.L40:
 658              		.loc 2 280 0 is_stmt 1
 659 0286 FFF7FEFF 		bl	chMtxUnlockS
 660 028a 0390     		str	r0, [sp, #12]
 661              		.loc 2 281 0
 662 028c 0E4B     		ldr	r3, .L43+4
 663 028e 9B69     		ldr	r3, [r3, #24]
 664 0290 019A     		ldr	r2, [sp, #4]
 665 0292 9A62     		str	r2, [r3, #40]
 666              		.loc 2 282 0
 667 0294 0C4B     		ldr	r3, .L43+4
 668 0296 9A69     		ldr	r2, [r3, #24]
 669 0298 019B     		ldr	r3, [sp, #4]
 670 029a 1046     		mov	r0, r2
 671 029c 1946     		mov	r1, r3
 672 029e FFF7AFFE 		bl	prio_insert
 673              		.loc 2 283 0
 674 02a2 0520     		movs	r0, #5
 675 02a4 0099     		ldr	r1, [sp]
 676 02a6 FFF7FEFF 		bl	chSchGoSleepTimeoutS
 677 02aa 0290     		str	r0, [sp, #8]
 678              		.loc 2 284 0
 679 02ac 029B     		ldr	r3, [sp, #8]
 680 02ae B3F1FF3F 		cmp	r3, #-1
 681 02b2 02D0     		beq	.L41
 682              		.loc 2 285 0
 683 02b4 0398     		ldr	r0, [sp, #12]
 684 02b6 FFF7FEFF 		bl	chMtxLockS
 685              	.L41:
 686              		.loc 2 286 0
 687 02ba 029B     		ldr	r3, [sp, #8]
 688              		.loc 2 287 0
 689 02bc 1846     		mov	r0, r3
 690 02be 05B0     		add	sp, sp, #20
 691              		.cfi_def_cfa_offset 4
 692              		@ sp needed
 693 02c0 5DF804FB 		ldr	pc, [sp], #4
 694              	.L44:
 695              		.align	2
 696              	.L43:
 697 02c4 74000000 		.word	.LC6
 698 02c8 00000000 		.word	rlist
 699 02cc 8C000000 		.word	.LC7
 700              		.cfi_endproc
 701              	.LFE15:
 702              		.size	chCondWaitTimeoutS, .-chCondWaitTimeoutS
 703              	.Letext0:
 704              		.file 3 "/opt/R2P/tools/gcc-arm-none-eabi-4_9-2014q4/arm-none-eabi/include/machine/_default_types.
 705              		.file 4 "/opt/R2P/tools/gcc-arm-none-eabi-4_9-2014q4/arm-none-eabi/include/stdint.h"
 706              		.file 5 "/opt/R2P/core/ChibiOS_2.6.5/os/ports/GCC/ARMCMx/chtypes.h"
 707              		.file 6 "/opt/R2P/core/ChibiOS_2.6.5/os/kernel/include/chlists.h"
 708              		.file 7 "/opt/R2P/core/ChibiOS_2.6.5/os/kernel/include/chthreads.h"
 709              		.file 8 "/opt/R2P/core/ChibiOS_2.6.5/os/ports/GCC/ARMCMx/chcore_v7m.h"
 710              		.file 9 "/opt/R2P/core/ChibiOS_2.6.5/os/kernel/include/chschd.h"
 711              		.file 10 "/opt/R2P/core/ChibiOS_2.6.5/os/kernel/include/chmtx.h"
ARM GAS  /tmp/ccxtcVjm.s 			page 14


 712              		.file 11 "/opt/R2P/core/ChibiOS_2.6.5/os/kernel/include/chcond.h"
 713              		.section	.debug_info,"",%progbits
 714              	.Ldebug_info0:
 715 0000 5E070000 		.4byte	0x75e
 716 0004 0400     		.2byte	0x4
 717 0006 00000000 		.4byte	.Ldebug_abbrev0
 718 000a 04       		.byte	0x4
 719 000b 01       		.uleb128 0x1
 720 000c 95020000 		.4byte	.LASF80
 721 0010 01       		.byte	0x1
 722 0011 70010000 		.4byte	.LASF81
 723 0015 00000000 		.4byte	.Ltext0
 724 0019 D0020000 		.4byte	.Letext0-.Ltext0
 725 001d 00000000 		.4byte	.Ldebug_line0
 726 0021 02       		.uleb128 0x2
 727 0022 04       		.byte	0x4
 728 0023 05       		.byte	0x5
 729 0024 696E7400 		.ascii	"int\000"
 730 0028 03       		.uleb128 0x3
 731 0029 04       		.byte	0x4
 732 002a 07       		.byte	0x7
 733 002b DB000000 		.4byte	.LASF0
 734 002f 03       		.uleb128 0x3
 735 0030 01       		.byte	0x1
 736 0031 06       		.byte	0x6
 737 0032 71000000 		.4byte	.LASF1
 738 0036 04       		.uleb128 0x4
 739 0037 21000000 		.4byte	.LASF5
 740 003b 03       		.byte	0x3
 741 003c 1D       		.byte	0x1d
 742 003d 41000000 		.4byte	0x41
 743 0041 03       		.uleb128 0x3
 744 0042 01       		.byte	0x1
 745 0043 08       		.byte	0x8
 746 0044 23020000 		.4byte	.LASF2
 747 0048 03       		.uleb128 0x3
 748 0049 02       		.byte	0x2
 749 004a 05       		.byte	0x5
 750 004b 3B020000 		.4byte	.LASF3
 751 004f 03       		.uleb128 0x3
 752 0050 02       		.byte	0x2
 753 0051 07       		.byte	0x7
 754 0052 02010000 		.4byte	.LASF4
 755 0056 04       		.uleb128 0x4
 756 0057 63030000 		.4byte	.LASF6
 757 005b 03       		.byte	0x3
 758 005c 3F       		.byte	0x3f
 759 005d 61000000 		.4byte	0x61
 760 0061 03       		.uleb128 0x3
 761 0062 04       		.byte	0x4
 762 0063 05       		.byte	0x5
 763 0064 95000000 		.4byte	.LASF7
 764 0068 04       		.uleb128 0x4
 765 0069 AF000000 		.4byte	.LASF8
 766 006d 03       		.byte	0x3
 767 006e 41       		.byte	0x41
 768 006f 73000000 		.4byte	0x73
ARM GAS  /tmp/ccxtcVjm.s 			page 15


 769 0073 03       		.uleb128 0x3
 770 0074 04       		.byte	0x4
 771 0075 07       		.byte	0x7
 772 0076 E8000000 		.4byte	.LASF9
 773 007a 03       		.uleb128 0x3
 774 007b 08       		.byte	0x8
 775 007c 05       		.byte	0x5
 776 007d 63000000 		.4byte	.LASF10
 777 0081 04       		.uleb128 0x4
 778 0082 E5010000 		.4byte	.LASF11
 779 0086 03       		.byte	0x3
 780 0087 5B       		.byte	0x5b
 781 0088 8C000000 		.4byte	0x8c
 782 008c 03       		.uleb128 0x3
 783 008d 08       		.byte	0x8
 784 008e 07       		.byte	0x7
 785 008f 2B000000 		.4byte	.LASF12
 786 0093 04       		.uleb128 0x4
 787 0094 B4030000 		.4byte	.LASF13
 788 0098 04       		.byte	0x4
 789 0099 15       		.byte	0x15
 790 009a 36000000 		.4byte	0x36
 791 009e 04       		.uleb128 0x4
 792 009f 1B020000 		.4byte	.LASF14
 793 00a3 04       		.byte	0x4
 794 00a4 2C       		.byte	0x2c
 795 00a5 56000000 		.4byte	0x56
 796 00a9 04       		.uleb128 0x4
 797 00aa 84020000 		.4byte	.LASF15
 798 00ae 04       		.byte	0x4
 799 00af 2D       		.byte	0x2d
 800 00b0 68000000 		.4byte	0x68
 801 00b4 04       		.uleb128 0x4
 802 00b5 18000000 		.4byte	.LASF16
 803 00b9 04       		.byte	0x4
 804 00ba 39       		.byte	0x39
 805 00bb 81000000 		.4byte	0x81
 806 00bf 03       		.uleb128 0x3
 807 00c0 01       		.byte	0x1
 808 00c1 02       		.byte	0x2
 809 00c2 15020000 		.4byte	.LASF17
 810 00c6 04       		.uleb128 0x4
 811 00c7 23010000 		.4byte	.LASF18
 812 00cb 05       		.byte	0x5
 813 00cc 2C       		.byte	0x2c
 814 00cd 93000000 		.4byte	0x93
 815 00d1 04       		.uleb128 0x4
 816 00d2 9E000000 		.4byte	.LASF19
 817 00d6 05       		.byte	0x5
 818 00d7 2D       		.byte	0x2d
 819 00d8 93000000 		.4byte	0x93
 820 00dc 04       		.uleb128 0x4
 821 00dd F0010000 		.4byte	.LASF20
 822 00e1 05       		.byte	0x5
 823 00e2 2E       		.byte	0x2e
 824 00e3 93000000 		.4byte	0x93
 825 00e7 04       		.uleb128 0x4
ARM GAS  /tmp/ccxtcVjm.s 			page 16


 826 00e8 FF010000 		.4byte	.LASF21
 827 00ec 05       		.byte	0x5
 828 00ed 30       		.byte	0x30
 829 00ee A9000000 		.4byte	0xa9
 830 00f2 04       		.uleb128 0x4
 831 00f3 15010000 		.4byte	.LASF22
 832 00f7 05       		.byte	0x5
 833 00f8 31       		.byte	0x31
 834 00f9 9E000000 		.4byte	0x9e
 835 00fd 04       		.uleb128 0x4
 836 00fe 37010000 		.4byte	.LASF23
 837 0102 05       		.byte	0x5
 838 0103 33       		.byte	0x33
 839 0104 A9000000 		.4byte	0xa9
 840 0108 04       		.uleb128 0x4
 841 0109 4E030000 		.4byte	.LASF24
 842 010d 05       		.byte	0x5
 843 010e 35       		.byte	0x35
 844 010f A9000000 		.4byte	0xa9
 845 0113 04       		.uleb128 0x4
 846 0114 6A020000 		.4byte	.LASF25
 847 0118 06       		.byte	0x6
 848 0119 2A       		.byte	0x2a
 849 011a 1E010000 		.4byte	0x11e
 850 011e 05       		.uleb128 0x5
 851 011f 6A020000 		.4byte	.LASF25
 852 0123 4C       		.byte	0x4c
 853 0124 07       		.byte	0x7
 854 0125 5E       		.byte	0x5e
 855 0126 1B020000 		.4byte	0x21b
 856 012a 06       		.uleb128 0x6
 857 012b 5B020000 		.4byte	.LASF26
 858 012f 07       		.byte	0x7
 859 0130 5F       		.byte	0x5f
 860 0131 3C020000 		.4byte	0x23c
 861 0135 00       		.byte	0
 862 0136 06       		.uleb128 0x6
 863 0137 F8010000 		.4byte	.LASF27
 864 013b 07       		.byte	0x7
 865 013c 61       		.byte	0x61
 866 013d 3C020000 		.4byte	0x23c
 867 0141 04       		.byte	0x4
 868 0142 06       		.uleb128 0x6
 869 0143 5C000000 		.4byte	.LASF28
 870 0147 07       		.byte	0x7
 871 0148 63       		.byte	0x63
 872 0149 E7000000 		.4byte	0xe7
 873 014d 08       		.byte	0x8
 874 014e 06       		.uleb128 0x6
 875 014f E4030000 		.4byte	.LASF29
 876 0153 07       		.byte	0x7
 877 0154 64       		.byte	0x64
 878 0155 01030000 		.4byte	0x301
 879 0159 0C       		.byte	0xc
 880 015a 06       		.uleb128 0x6
 881 015b A7000000 		.4byte	.LASF30
 882 015f 07       		.byte	0x7
ARM GAS  /tmp/ccxtcVjm.s 			page 17


 883 0160 66       		.byte	0x66
 884 0161 3C020000 		.4byte	0x23c
 885 0165 10       		.byte	0x10
 886 0166 06       		.uleb128 0x6
 887 0167 A3010000 		.4byte	.LASF31
 888 016b 07       		.byte	0x7
 889 016c 67       		.byte	0x67
 890 016d 3C020000 		.4byte	0x23c
 891 0171 14       		.byte	0x14
 892 0172 06       		.uleb128 0x6
 893 0173 C3030000 		.4byte	.LASF32
 894 0177 07       		.byte	0x7
 895 0178 6E       		.byte	0x6e
 896 0179 25040000 		.4byte	0x425
 897 017d 18       		.byte	0x18
 898 017e 06       		.uleb128 0x6
 899 017f D0000000 		.4byte	.LASF33
 900 0183 07       		.byte	0x7
 901 0184 74       		.byte	0x74
 902 0185 37040000 		.4byte	0x437
 903 0189 1C       		.byte	0x1c
 904 018a 06       		.uleb128 0x6
 905 018b 45020000 		.4byte	.LASF34
 906 018f 07       		.byte	0x7
 907 0190 79       		.byte	0x79
 908 0191 D1000000 		.4byte	0xd1
 909 0195 20       		.byte	0x20
 910 0196 06       		.uleb128 0x6
 911 0197 62020000 		.4byte	.LASF35
 912 019b 07       		.byte	0x7
 913 019c 7D       		.byte	0x7d
 914 019d C6000000 		.4byte	0xc6
 915 01a1 21       		.byte	0x21
 916 01a2 06       		.uleb128 0x6
 917 01a3 9D030000 		.4byte	.LASF36
 918 01a7 07       		.byte	0x7
 919 01a8 82       		.byte	0x82
 920 01a9 DC000000 		.4byte	0xdc
 921 01ad 22       		.byte	0x22
 922 01ae 06       		.uleb128 0x6
 923 01af 84030000 		.4byte	.LASF37
 924 01b3 07       		.byte	0x7
 925 01b4 8F       		.byte	0x8f
 926 01b5 29030000 		.4byte	0x329
 927 01b9 24       		.byte	0x24
 928 01ba 07       		.uleb128 0x7
 929 01bb 705F7500 		.ascii	"p_u\000"
 930 01bf 07       		.byte	0x7
 931 01c0 B4       		.byte	0xb4
 932 01c1 F0030000 		.4byte	0x3f0
 933 01c5 28       		.byte	0x28
 934 01c6 06       		.uleb128 0x6
 935 01c7 EA030000 		.4byte	.LASF38
 936 01cb 07       		.byte	0x7
 937 01cc B9       		.byte	0xb9
 938 01cd 62020000 		.4byte	0x262
 939 01d1 2C       		.byte	0x2c
ARM GAS  /tmp/ccxtcVjm.s 			page 18


 940 01d2 06       		.uleb128 0x6
 941 01d3 92030000 		.4byte	.LASF39
 942 01d7 07       		.byte	0x7
 943 01d8 BF       		.byte	0xbf
 944 01d9 42020000 		.4byte	0x242
 945 01dd 30       		.byte	0x30
 946 01de 06       		.uleb128 0x6
 947 01df 00000000 		.4byte	.LASF40
 948 01e3 07       		.byte	0x7
 949 01e4 C3       		.byte	0xc3
 950 01e5 F2000000 		.4byte	0xf2
 951 01e9 38       		.byte	0x38
 952 01ea 06       		.uleb128 0x6
 953 01eb 79020000 		.4byte	.LASF41
 954 01ef 07       		.byte	0x7
 955 01f0 C9       		.byte	0xc9
 956 01f1 FD000000 		.4byte	0xfd
 957 01f5 3C       		.byte	0x3c
 958 01f6 06       		.uleb128 0x6
 959 01f7 31020000 		.4byte	.LASF42
 960 01fb 07       		.byte	0x7
 961 01fc D0       		.byte	0xd0
 962 01fd 3D040000 		.4byte	0x43d
 963 0201 40       		.byte	0x40
 964 0202 06       		.uleb128 0x6
 965 0203 58030000 		.4byte	.LASF43
 966 0207 07       		.byte	0x7
 967 0208 D4       		.byte	0xd4
 968 0209 E7000000 		.4byte	0xe7
 969 020d 44       		.byte	0x44
 970 020e 06       		.uleb128 0x6
 971 020f 7D000000 		.4byte	.LASF44
 972 0213 07       		.byte	0x7
 973 0214 DA       		.byte	0xda
 974 0215 78020000 		.4byte	0x278
 975 0219 48       		.byte	0x48
 976 021a 00       		.byte	0
 977 021b 08       		.uleb128 0x8
 978 021c 08       		.byte	0x8
 979 021d 06       		.byte	0x6
 980 021e 61       		.byte	0x61
 981 021f 3C020000 		.4byte	0x23c
 982 0223 06       		.uleb128 0x6
 983 0224 5B020000 		.4byte	.LASF26
 984 0228 06       		.byte	0x6
 985 0229 62       		.byte	0x62
 986 022a 3C020000 		.4byte	0x23c
 987 022e 00       		.byte	0
 988 022f 06       		.uleb128 0x6
 989 0230 F8010000 		.4byte	.LASF27
 990 0234 06       		.byte	0x6
 991 0235 64       		.byte	0x64
 992 0236 3C020000 		.4byte	0x23c
 993 023a 04       		.byte	0x4
 994 023b 00       		.byte	0
 995 023c 09       		.uleb128 0x9
 996 023d 04       		.byte	0x4
ARM GAS  /tmp/ccxtcVjm.s 			page 19


 997 023e 13010000 		.4byte	0x113
 998 0242 04       		.uleb128 0x4
 999 0243 B1010000 		.4byte	.LASF45
 1000 0247 06       		.byte	0x6
 1001 0248 66       		.byte	0x66
 1002 0249 1B020000 		.4byte	0x21b
 1003 024d 08       		.uleb128 0x8
 1004 024e 04       		.byte	0x4
 1005 024f 06       		.byte	0x6
 1006 0250 6B       		.byte	0x6b
 1007 0251 62020000 		.4byte	0x262
 1008 0255 06       		.uleb128 0x6
 1009 0256 5B020000 		.4byte	.LASF26
 1010 025a 06       		.byte	0x6
 1011 025b 6D       		.byte	0x6d
 1012 025c 3C020000 		.4byte	0x23c
 1013 0260 00       		.byte	0
 1014 0261 00       		.byte	0
 1015 0262 04       		.uleb128 0x4
 1016 0263 2B010000 		.4byte	.LASF46
 1017 0267 06       		.byte	0x6
 1018 0268 70       		.byte	0x70
 1019 0269 4D020000 		.4byte	0x24d
 1020 026d 04       		.uleb128 0x4
 1021 026e BA000000 		.4byte	.LASF47
 1022 0272 08       		.byte	0x8
 1023 0273 E5       		.byte	0xe5
 1024 0274 78020000 		.4byte	0x278
 1025 0278 0A       		.uleb128 0xa
 1026 0279 04       		.byte	0x4
 1027 027a 04       		.uleb128 0x4
 1028 027b 49010000 		.4byte	.LASF48
 1029 027f 08       		.byte	0x8
 1030 0280 EB       		.byte	0xeb
 1031 0281 B4000000 		.4byte	0xb4
 1032 0285 0B       		.uleb128 0xb
 1033 0286 8B030000 		.4byte	.LASF49
 1034 028a 24       		.byte	0x24
 1035 028b 08       		.byte	0x8
 1036 028c 0C01     		.2byte	0x10c
 1037 028e 01030000 		.4byte	0x301
 1038 0292 0C       		.uleb128 0xc
 1039 0293 723400   		.ascii	"r4\000"
 1040 0296 08       		.byte	0x8
 1041 0297 1F01     		.2byte	0x11f
 1042 0299 6D020000 		.4byte	0x26d
 1043 029d 00       		.byte	0
 1044 029e 0C       		.uleb128 0xc
 1045 029f 723500   		.ascii	"r5\000"
 1046 02a2 08       		.byte	0x8
 1047 02a3 2001     		.2byte	0x120
 1048 02a5 6D020000 		.4byte	0x26d
 1049 02a9 04       		.byte	0x4
 1050 02aa 0C       		.uleb128 0xc
 1051 02ab 723600   		.ascii	"r6\000"
 1052 02ae 08       		.byte	0x8
 1053 02af 2101     		.2byte	0x121
ARM GAS  /tmp/ccxtcVjm.s 			page 20


 1054 02b1 6D020000 		.4byte	0x26d
 1055 02b5 08       		.byte	0x8
 1056 02b6 0C       		.uleb128 0xc
 1057 02b7 723700   		.ascii	"r7\000"
 1058 02ba 08       		.byte	0x8
 1059 02bb 2201     		.2byte	0x122
 1060 02bd 6D020000 		.4byte	0x26d
 1061 02c1 0C       		.byte	0xc
 1062 02c2 0C       		.uleb128 0xc
 1063 02c3 723800   		.ascii	"r8\000"
 1064 02c6 08       		.byte	0x8
 1065 02c7 2301     		.2byte	0x123
 1066 02c9 6D020000 		.4byte	0x26d
 1067 02cd 10       		.byte	0x10
 1068 02ce 0C       		.uleb128 0xc
 1069 02cf 723900   		.ascii	"r9\000"
 1070 02d2 08       		.byte	0x8
 1071 02d3 2401     		.2byte	0x124
 1072 02d5 6D020000 		.4byte	0x26d
 1073 02d9 14       		.byte	0x14
 1074 02da 0C       		.uleb128 0xc
 1075 02db 72313000 		.ascii	"r10\000"
 1076 02df 08       		.byte	0x8
 1077 02e0 2501     		.2byte	0x125
 1078 02e2 6D020000 		.4byte	0x26d
 1079 02e6 18       		.byte	0x18
 1080 02e7 0C       		.uleb128 0xc
 1081 02e8 72313100 		.ascii	"r11\000"
 1082 02ec 08       		.byte	0x8
 1083 02ed 2601     		.2byte	0x126
 1084 02ef 6D020000 		.4byte	0x26d
 1085 02f3 1C       		.byte	0x1c
 1086 02f4 0C       		.uleb128 0xc
 1087 02f5 6C7200   		.ascii	"lr\000"
 1088 02f8 08       		.byte	0x8
 1089 02f9 2701     		.2byte	0x127
 1090 02fb 6D020000 		.4byte	0x26d
 1091 02ff 20       		.byte	0x20
 1092 0300 00       		.byte	0
 1093 0301 0B       		.uleb128 0xb
 1094 0302 FA000000 		.4byte	.LASF50
 1095 0306 04       		.byte	0x4
 1096 0307 08       		.byte	0x8
 1097 0308 3101     		.2byte	0x131
 1098 030a 1C030000 		.4byte	0x31c
 1099 030e 0C       		.uleb128 0xc
 1100 030f 72313300 		.ascii	"r13\000"
 1101 0313 08       		.byte	0x8
 1102 0314 3201     		.2byte	0x132
 1103 0316 1C030000 		.4byte	0x31c
 1104 031a 00       		.byte	0
 1105 031b 00       		.byte	0
 1106 031c 09       		.uleb128 0x9
 1107 031d 04       		.byte	0x4
 1108 031e 85020000 		.4byte	0x285
 1109 0322 03       		.uleb128 0x3
 1110 0323 04       		.byte	0x4
ARM GAS  /tmp/ccxtcVjm.s 			page 21


 1111 0324 07       		.byte	0x7
 1112 0325 54010000 		.4byte	.LASF51
 1113 0329 0D       		.uleb128 0xd
 1114 032a 08010000 		.4byte	0x108
 1115 032e 08       		.uleb128 0x8
 1116 032f 1C       		.byte	0x1c
 1117 0330 09       		.byte	0x9
 1118 0331 5E       		.byte	0x5e
 1119 0332 7F030000 		.4byte	0x37f
 1120 0336 06       		.uleb128 0x6
 1121 0337 8D020000 		.4byte	.LASF52
 1122 033b 09       		.byte	0x9
 1123 033c 5F       		.byte	0x5f
 1124 033d 42020000 		.4byte	0x242
 1125 0341 00       		.byte	0
 1126 0342 06       		.uleb128 0x6
 1127 0343 4D020000 		.4byte	.LASF53
 1128 0347 09       		.byte	0x9
 1129 0348 60       		.byte	0x60
 1130 0349 E7000000 		.4byte	0xe7
 1131 034d 08       		.byte	0x8
 1132 034e 06       		.uleb128 0x6
 1133 034f AB010000 		.4byte	.LASF54
 1134 0353 09       		.byte	0x9
 1135 0354 62       		.byte	0x62
 1136 0355 01030000 		.4byte	0x301
 1137 0359 0C       		.byte	0xc
 1138 035a 06       		.uleb128 0x6
 1139 035b 1B010000 		.4byte	.LASF55
 1140 035f 09       		.byte	0x9
 1141 0360 65       		.byte	0x65
 1142 0361 3C020000 		.4byte	0x23c
 1143 0365 10       		.byte	0x10
 1144 0366 06       		.uleb128 0x6
 1145 0367 CD010000 		.4byte	.LASF56
 1146 036b 09       		.byte	0x9
 1147 036c 66       		.byte	0x66
 1148 036d 3C020000 		.4byte	0x23c
 1149 0371 14       		.byte	0x14
 1150 0372 06       		.uleb128 0x6
 1151 0373 C3010000 		.4byte	.LASF57
 1152 0377 09       		.byte	0x9
 1153 0378 69       		.byte	0x69
 1154 0379 3C020000 		.4byte	0x23c
 1155 037d 18       		.byte	0x18
 1156 037e 00       		.byte	0
 1157 037f 04       		.uleb128 0x4
 1158 0380 A4030000 		.4byte	.LASF58
 1159 0384 09       		.byte	0x9
 1160 0385 6B       		.byte	0x6b
 1161 0386 2E030000 		.4byte	0x32e
 1162 038a 05       		.uleb128 0x5
 1163 038b 43010000 		.4byte	.LASF59
 1164 038f 10       		.byte	0x10
 1165 0390 0A       		.byte	0xa
 1166 0391 2C       		.byte	0x2c
 1167 0392 BB030000 		.4byte	0x3bb
ARM GAS  /tmp/ccxtcVjm.s 			page 22


 1168 0396 06       		.uleb128 0x6
 1169 0397 85000000 		.4byte	.LASF60
 1170 039b 0A       		.byte	0xa
 1171 039c 2D       		.byte	0x2d
 1172 039d 42020000 		.4byte	0x242
 1173 03a1 00       		.byte	0
 1174 03a2 06       		.uleb128 0x6
 1175 03a3 DC030000 		.4byte	.LASF61
 1176 03a7 0A       		.byte	0xa
 1177 03a8 2F       		.byte	0x2f
 1178 03a9 3C020000 		.4byte	0x23c
 1179 03ad 08       		.byte	0x8
 1180 03ae 06       		.uleb128 0x6
 1181 03af 47030000 		.4byte	.LASF62
 1182 03b3 0A       		.byte	0xa
 1183 03b4 31       		.byte	0x31
 1184 03b5 BB030000 		.4byte	0x3bb
 1185 03b9 0C       		.byte	0xc
 1186 03ba 00       		.byte	0
 1187 03bb 09       		.uleb128 0x9
 1188 03bc 04       		.byte	0x4
 1189 03bd 8A030000 		.4byte	0x38a
 1190 03c1 04       		.uleb128 0x4
 1191 03c2 43010000 		.4byte	.LASF59
 1192 03c6 0A       		.byte	0xa
 1193 03c7 33       		.byte	0x33
 1194 03c8 8A030000 		.4byte	0x38a
 1195 03cc 05       		.uleb128 0x5
 1196 03cd 8D000000 		.4byte	.LASF63
 1197 03d1 08       		.byte	0x8
 1198 03d2 0B       		.byte	0xb
 1199 03d3 36       		.byte	0x36
 1200 03d4 E5030000 		.4byte	0x3e5
 1201 03d8 06       		.uleb128 0x6
 1202 03d9 71020000 		.4byte	.LASF64
 1203 03dd 0B       		.byte	0xb
 1204 03de 37       		.byte	0x37
 1205 03df 42020000 		.4byte	0x242
 1206 03e3 00       		.byte	0
 1207 03e4 00       		.byte	0
 1208 03e5 04       		.uleb128 0x4
 1209 03e6 8D000000 		.4byte	.LASF63
 1210 03ea 0B       		.byte	0xb
 1211 03eb 38       		.byte	0x38
 1212 03ec CC030000 		.4byte	0x3cc
 1213 03f0 0E       		.uleb128 0xe
 1214 03f1 04       		.byte	0x4
 1215 03f2 07       		.byte	0x7
 1216 03f3 96       		.byte	0x96
 1217 03f4 25040000 		.4byte	0x425
 1218 03f8 0F       		.uleb128 0xf
 1219 03f9 11000000 		.4byte	.LASF65
 1220 03fd 07       		.byte	0x7
 1221 03fe 9D       		.byte	0x9d
 1222 03ff F2000000 		.4byte	0xf2
 1223 0403 0F       		.uleb128 0xf
 1224 0404 42000000 		.4byte	.LASF66
ARM GAS  /tmp/ccxtcVjm.s 			page 23


 1225 0408 07       		.byte	0x7
 1226 0409 A4       		.byte	0xa4
 1227 040a F2000000 		.4byte	0xf2
 1228 040e 0F       		.uleb128 0xf
 1229 040f BC030000 		.4byte	.LASF67
 1230 0413 07       		.byte	0x7
 1231 0414 AB       		.byte	0xab
 1232 0415 78020000 		.4byte	0x278
 1233 0419 0F       		.uleb128 0xf
 1234 041a 54020000 		.4byte	.LASF68
 1235 041e 07       		.byte	0x7
 1236 041f B2       		.byte	0xb2
 1237 0420 FD000000 		.4byte	0xfd
 1238 0424 00       		.byte	0
 1239 0425 09       		.uleb128 0x9
 1240 0426 04       		.byte	0x4
 1241 0427 2B040000 		.4byte	0x42b
 1242 042b 10       		.uleb128 0x10
 1243 042c 30040000 		.4byte	0x430
 1244 0430 03       		.uleb128 0x3
 1245 0431 01       		.byte	0x1
 1246 0432 08       		.byte	0x8
 1247 0433 2A030000 		.4byte	.LASF69
 1248 0437 09       		.uleb128 0x9
 1249 0438 04       		.byte	0x4
 1250 0439 7A020000 		.4byte	0x27a
 1251 043d 09       		.uleb128 0x9
 1252 043e 04       		.byte	0x4
 1253 043f C1030000 		.4byte	0x3c1
 1254 0443 11       		.uleb128 0x11
 1255 0444 6D030000 		.4byte	.LASF82
 1256 0448 01       		.byte	0x1
 1257 0449 29       		.byte	0x29
 1258 044a 00000000 		.4byte	.LFB0
 1259 044e 46000000 		.4byte	.LFE0-.LFB0
 1260 0452 01       		.uleb128 0x1
 1261 0453 9C       		.byte	0x9c
 1262 0454 81040000 		.4byte	0x481
 1263 0458 12       		.uleb128 0x12
 1264 0459 747000   		.ascii	"tp\000"
 1265 045c 01       		.byte	0x1
 1266 045d 29       		.byte	0x29
 1267 045e 3C020000 		.4byte	0x23c
 1268 0462 02       		.uleb128 0x2
 1269 0463 91       		.byte	0x91
 1270 0464 74       		.sleb128 -12
 1271 0465 12       		.uleb128 0x12
 1272 0466 74717000 		.ascii	"tqp\000"
 1273 046a 01       		.byte	0x1
 1274 046b 29       		.byte	0x29
 1275 046c 81040000 		.4byte	0x481
 1276 0470 02       		.uleb128 0x2
 1277 0471 91       		.byte	0x91
 1278 0472 70       		.sleb128 -16
 1279 0473 13       		.uleb128 0x13
 1280 0474 637000   		.ascii	"cp\000"
 1281 0477 01       		.byte	0x1
ARM GAS  /tmp/ccxtcVjm.s 			page 24


 1282 0478 2B       		.byte	0x2b
 1283 0479 3C020000 		.4byte	0x23c
 1284 047d 02       		.uleb128 0x2
 1285 047e 91       		.byte	0x91
 1286 047f 7C       		.sleb128 -4
 1287 0480 00       		.byte	0
 1288 0481 09       		.uleb128 0x9
 1289 0482 04       		.byte	0x4
 1290 0483 42020000 		.4byte	0x242
 1291 0487 14       		.uleb128 0x14
 1292 0488 2F030000 		.4byte	.LASF83
 1293 048c 01       		.byte	0x1
 1294 048d 3B       		.byte	0x3b
 1295 048e 3C020000 		.4byte	0x23c
 1296 0492 48000000 		.4byte	.LFB2
 1297 0496 22000000 		.4byte	.LFE2-.LFB2
 1298 049a 01       		.uleb128 0x1
 1299 049b 9C       		.byte	0x9c
 1300 049c BC040000 		.4byte	0x4bc
 1301 04a0 12       		.uleb128 0x12
 1302 04a1 74717000 		.ascii	"tqp\000"
 1303 04a5 01       		.byte	0x1
 1304 04a6 3B       		.byte	0x3b
 1305 04a7 81040000 		.4byte	0x481
 1306 04ab 02       		.uleb128 0x2
 1307 04ac 91       		.byte	0x91
 1308 04ad 74       		.sleb128 -12
 1309 04ae 13       		.uleb128 0x13
 1310 04af 747000   		.ascii	"tp\000"
 1311 04b2 01       		.byte	0x1
 1312 04b3 3C       		.byte	0x3c
 1313 04b4 3C020000 		.4byte	0x23c
 1314 04b8 02       		.uleb128 0x2
 1315 04b9 91       		.byte	0x91
 1316 04ba 7C       		.sleb128 -4
 1317 04bb 00       		.byte	0
 1318 04bc 15       		.uleb128 0x15
 1319 04bd 06000000 		.4byte	.LASF70
 1320 04c1 02       		.byte	0x2
 1321 04c2 3B       		.byte	0x3b
 1322 04c3 6C000000 		.4byte	.LFB7
 1323 04c7 2C000000 		.4byte	.LFE7-.LFB7
 1324 04cb 01       		.uleb128 0x1
 1325 04cc 9C       		.byte	0x9c
 1326 04cd DF040000 		.4byte	0x4df
 1327 04d1 12       		.uleb128 0x12
 1328 04d2 637000   		.ascii	"cp\000"
 1329 04d5 02       		.byte	0x2
 1330 04d6 3B       		.byte	0x3b
 1331 04d7 DF040000 		.4byte	0x4df
 1332 04db 02       		.uleb128 0x2
 1333 04dc 91       		.byte	0x91
 1334 04dd 74       		.sleb128 -12
 1335 04de 00       		.byte	0
 1336 04df 09       		.uleb128 0x9
 1337 04e0 04       		.byte	0x4
 1338 04e1 E5030000 		.4byte	0x3e5
ARM GAS  /tmp/ccxtcVjm.s 			page 25


 1339 04e5 15       		.uleb128 0x15
 1340 04e6 C3000000 		.4byte	.LASF71
 1341 04ea 02       		.byte	0x2
 1342 04eb 49       		.byte	0x49
 1343 04ec 98000000 		.4byte	.LFB8
 1344 04f0 4C000000 		.4byte	.LFE8-.LFB8
 1345 04f4 01       		.uleb128 0x1
 1346 04f5 9C       		.byte	0x9c
 1347 04f6 3A050000 		.4byte	0x53a
 1348 04fa 12       		.uleb128 0x12
 1349 04fb 637000   		.ascii	"cp\000"
 1350 04fe 02       		.byte	0x2
 1351 04ff 49       		.byte	0x49
 1352 0500 DF040000 		.4byte	0x4df
 1353 0504 02       		.uleb128 0x2
 1354 0505 91       		.byte	0x91
 1355 0506 74       		.sleb128 -12
 1356 0507 16       		.uleb128 0x16
 1357 0508 AA000000 		.4byte	.LBB2
 1358 050c 06000000 		.4byte	.LBE2-.LBB2
 1359 0510 22050000 		.4byte	0x522
 1360 0514 13       		.uleb128 0x13
 1361 0515 746D7000 		.ascii	"tmp\000"
 1362 0519 02       		.byte	0x2
 1363 051a 4D       		.byte	0x4d
 1364 051b A9000000 		.4byte	0xa9
 1365 051f 01       		.uleb128 0x1
 1366 0520 53       		.byte	0x53
 1367 0521 00       		.byte	0
 1368 0522 17       		.uleb128 0x17
 1369 0523 D4000000 		.4byte	.LBB3
 1370 0527 06000000 		.4byte	.LBE3-.LBB3
 1371 052b 13       		.uleb128 0x13
 1372 052c 746D7000 		.ascii	"tmp\000"
 1373 0530 02       		.byte	0x2
 1374 0531 50       		.byte	0x50
 1375 0532 A9000000 		.4byte	0xa9
 1376 0536 01       		.uleb128 0x1
 1377 0537 53       		.byte	0x53
 1378 0538 00       		.byte	0
 1379 0539 00       		.byte	0
 1380 053a 15       		.uleb128 0x15
 1381 053b 07020000 		.4byte	.LASF72
 1382 053f 02       		.byte	0x2
 1383 0540 5E       		.byte	0x5e
 1384 0541 E4000000 		.4byte	.LFB9
 1385 0545 40000000 		.4byte	.LFE9-.LFB9
 1386 0549 01       		.uleb128 0x1
 1387 054a 9C       		.byte	0x9c
 1388 054b 5D050000 		.4byte	0x55d
 1389 054f 12       		.uleb128 0x12
 1390 0550 637000   		.ascii	"cp\000"
 1391 0553 02       		.byte	0x2
 1392 0554 5E       		.byte	0x5e
 1393 0555 DF040000 		.4byte	0x4df
 1394 0559 02       		.uleb128 0x2
 1395 055a 91       		.byte	0x91
ARM GAS  /tmp/ccxtcVjm.s 			page 26


 1396 055b 74       		.sleb128 -12
 1397 055c 00       		.byte	0
 1398 055d 15       		.uleb128 0x15
 1399 055e D5010000 		.4byte	.LASF73
 1400 0562 02       		.byte	0x2
 1401 0563 6E       		.byte	0x6e
 1402 0564 24010000 		.4byte	.LFB10
 1403 0568 2A000000 		.4byte	.LFE10-.LFB10
 1404 056c 01       		.uleb128 0x1
 1405 056d 9C       		.byte	0x9c
 1406 056e B2050000 		.4byte	0x5b2
 1407 0572 12       		.uleb128 0x12
 1408 0573 637000   		.ascii	"cp\000"
 1409 0576 02       		.byte	0x2
 1410 0577 6E       		.byte	0x6e
 1411 0578 DF040000 		.4byte	0x4df
 1412 057c 02       		.uleb128 0x2
 1413 057d 91       		.byte	0x91
 1414 057e 74       		.sleb128 -12
 1415 057f 16       		.uleb128 0x16
 1416 0580 2A010000 		.4byte	.LBB4
 1417 0584 06000000 		.4byte	.LBE4-.LBB4
 1418 0588 9A050000 		.4byte	0x59a
 1419 058c 13       		.uleb128 0x13
 1420 058d 746D7000 		.ascii	"tmp\000"
 1421 0591 02       		.byte	0x2
 1422 0592 70       		.byte	0x70
 1423 0593 A9000000 		.4byte	0xa9
 1424 0597 01       		.uleb128 0x1
 1425 0598 53       		.byte	0x53
 1426 0599 00       		.byte	0
 1427 059a 17       		.uleb128 0x17
 1428 059b 42010000 		.4byte	.LBB5
 1429 059f 06000000 		.4byte	.LBE5-.LBB5
 1430 05a3 13       		.uleb128 0x13
 1431 05a4 746D7000 		.ascii	"tmp\000"
 1432 05a8 02       		.byte	0x2
 1433 05a9 73       		.byte	0x73
 1434 05aa A9000000 		.4byte	0xa9
 1435 05ae 01       		.uleb128 0x1
 1436 05af 53       		.byte	0x53
 1437 05b0 00       		.byte	0
 1438 05b1 00       		.byte	0
 1439 05b2 15       		.uleb128 0x15
 1440 05b3 4B000000 		.4byte	.LASF74
 1441 05b7 02       		.byte	0x2
 1442 05b8 81       		.byte	0x81
 1443 05b9 50010000 		.4byte	.LFB11
 1444 05bd 44000000 		.4byte	.LFE11-.LFB11
 1445 05c1 01       		.uleb128 0x1
 1446 05c2 9C       		.byte	0x9c
 1447 05c3 D5050000 		.4byte	0x5d5
 1448 05c7 12       		.uleb128 0x12
 1449 05c8 637000   		.ascii	"cp\000"
 1450 05cb 02       		.byte	0x2
 1451 05cc 81       		.byte	0x81
 1452 05cd DF040000 		.4byte	0x4df
ARM GAS  /tmp/ccxtcVjm.s 			page 27


 1453 05d1 02       		.uleb128 0x2
 1454 05d2 91       		.byte	0x91
 1455 05d3 74       		.sleb128 -12
 1456 05d4 00       		.byte	0
 1457 05d5 18       		.uleb128 0x18
 1458 05d6 79030000 		.4byte	.LASF75
 1459 05da 02       		.byte	0x2
 1460 05db 9E       		.byte	0x9e
 1461 05dc F2000000 		.4byte	0xf2
 1462 05e0 94010000 		.4byte	.LFB12
 1463 05e4 2C000000 		.4byte	.LFE12-.LFB12
 1464 05e8 01       		.uleb128 0x1
 1465 05e9 9C       		.byte	0x9c
 1466 05ea 3C060000 		.4byte	0x63c
 1467 05ee 12       		.uleb128 0x12
 1468 05ef 637000   		.ascii	"cp\000"
 1469 05f2 02       		.byte	0x2
 1470 05f3 9E       		.byte	0x9e
 1471 05f4 DF040000 		.4byte	0x4df
 1472 05f8 02       		.uleb128 0x2
 1473 05f9 91       		.byte	0x91
 1474 05fa 6C       		.sleb128 -20
 1475 05fb 13       		.uleb128 0x13
 1476 05fc 6D736700 		.ascii	"msg\000"
 1477 0600 02       		.byte	0x2
 1478 0601 9F       		.byte	0x9f
 1479 0602 F2000000 		.4byte	0xf2
 1480 0606 02       		.uleb128 0x2
 1481 0607 91       		.byte	0x91
 1482 0608 74       		.sleb128 -12
 1483 0609 16       		.uleb128 0x16
 1484 060a 9A010000 		.4byte	.LBB6
 1485 060e 06000000 		.4byte	.LBE6-.LBB6
 1486 0612 24060000 		.4byte	0x624
 1487 0616 13       		.uleb128 0x13
 1488 0617 746D7000 		.ascii	"tmp\000"
 1489 061b 02       		.byte	0x2
 1490 061c A1       		.byte	0xa1
 1491 061d A9000000 		.4byte	0xa9
 1492 0621 01       		.uleb128 0x1
 1493 0622 53       		.byte	0x53
 1494 0623 00       		.byte	0
 1495 0624 17       		.uleb128 0x17
 1496 0625 B0010000 		.4byte	.LBB7
 1497 0629 06000000 		.4byte	.LBE7-.LBB7
 1498 062d 13       		.uleb128 0x13
 1499 062e 746D7000 		.ascii	"tmp\000"
 1500 0632 02       		.byte	0x2
 1501 0633 A3       		.byte	0xa3
 1502 0634 A9000000 		.4byte	0xa9
 1503 0638 01       		.uleb128 0x1
 1504 0639 53       		.byte	0x53
 1505 063a 00       		.byte	0
 1506 063b 00       		.byte	0
 1507 063c 18       		.uleb128 0x18
 1508 063d 3B030000 		.4byte	.LASF76
 1509 0641 02       		.byte	0x2
ARM GAS  /tmp/ccxtcVjm.s 			page 28


 1510 0642 B8       		.byte	0xb8
 1511 0643 F2000000 		.4byte	0xf2
 1512 0647 C0010000 		.4byte	.LFB13
 1513 064b 68000000 		.4byte	.LFE13-.LFB13
 1514 064f 01       		.uleb128 0x1
 1515 0650 9C       		.byte	0x9c
 1516 0651 8C060000 		.4byte	0x68c
 1517 0655 12       		.uleb128 0x12
 1518 0656 637000   		.ascii	"cp\000"
 1519 0659 02       		.byte	0x2
 1520 065a B8       		.byte	0xb8
 1521 065b DF040000 		.4byte	0x4df
 1522 065f 02       		.uleb128 0x2
 1523 0660 91       		.byte	0x91
 1524 0661 64       		.sleb128 -28
 1525 0662 13       		.uleb128 0x13
 1526 0663 63747000 		.ascii	"ctp\000"
 1527 0667 02       		.byte	0x2
 1528 0668 B9       		.byte	0xb9
 1529 0669 3C020000 		.4byte	0x23c
 1530 066d 02       		.uleb128 0x2
 1531 066e 91       		.byte	0x91
 1532 066f 74       		.sleb128 -12
 1533 0670 13       		.uleb128 0x13
 1534 0671 6D7000   		.ascii	"mp\000"
 1535 0674 02       		.byte	0x2
 1536 0675 BA       		.byte	0xba
 1537 0676 3D040000 		.4byte	0x43d
 1538 067a 02       		.uleb128 0x2
 1539 067b 91       		.byte	0x91
 1540 067c 70       		.sleb128 -16
 1541 067d 13       		.uleb128 0x13
 1542 067e 6D736700 		.ascii	"msg\000"
 1543 0682 02       		.byte	0x2
 1544 0683 BB       		.byte	0xbb
 1545 0684 F2000000 		.4byte	0xf2
 1546 0688 02       		.uleb128 0x2
 1547 0689 91       		.byte	0x91
 1548 068a 6C       		.sleb128 -20
 1549 068b 00       		.byte	0
 1550 068c 18       		.uleb128 0x18
 1551 068d CA030000 		.4byte	.LASF77
 1552 0691 02       		.byte	0x2
 1553 0692 E9       		.byte	0xe9
 1554 0693 F2000000 		.4byte	0xf2
 1555 0697 28020000 		.4byte	.LFB14
 1556 069b 30000000 		.4byte	.LFE14-.LFB14
 1557 069f 01       		.uleb128 0x1
 1558 06a0 9C       		.byte	0x9c
 1559 06a1 01070000 		.4byte	0x701
 1560 06a5 12       		.uleb128 0x12
 1561 06a6 637000   		.ascii	"cp\000"
 1562 06a9 02       		.byte	0x2
 1563 06aa E9       		.byte	0xe9
 1564 06ab DF040000 		.4byte	0x4df
 1565 06af 02       		.uleb128 0x2
 1566 06b0 91       		.byte	0x91
ARM GAS  /tmp/ccxtcVjm.s 			page 29


 1567 06b1 6C       		.sleb128 -20
 1568 06b2 19       		.uleb128 0x19
 1569 06b3 BE010000 		.4byte	.LASF78
 1570 06b7 02       		.byte	0x2
 1571 06b8 E9       		.byte	0xe9
 1572 06b9 08010000 		.4byte	0x108
 1573 06bd 02       		.uleb128 0x2
 1574 06be 91       		.byte	0x91
 1575 06bf 68       		.sleb128 -24
 1576 06c0 13       		.uleb128 0x13
 1577 06c1 6D736700 		.ascii	"msg\000"
 1578 06c5 02       		.byte	0x2
 1579 06c6 EA       		.byte	0xea
 1580 06c7 F2000000 		.4byte	0xf2
 1581 06cb 02       		.uleb128 0x2
 1582 06cc 91       		.byte	0x91
 1583 06cd 74       		.sleb128 -12
 1584 06ce 16       		.uleb128 0x16
 1585 06cf 30020000 		.4byte	.LBB8
 1586 06d3 06000000 		.4byte	.LBE8-.LBB8
 1587 06d7 E9060000 		.4byte	0x6e9
 1588 06db 13       		.uleb128 0x13
 1589 06dc 746D7000 		.ascii	"tmp\000"
 1590 06e0 02       		.byte	0x2
 1591 06e1 EC       		.byte	0xec
 1592 06e2 A9000000 		.4byte	0xa9
 1593 06e6 01       		.uleb128 0x1
 1594 06e7 53       		.byte	0x53
 1595 06e8 00       		.byte	0
 1596 06e9 17       		.uleb128 0x17
 1597 06ea 48020000 		.4byte	.LBB9
 1598 06ee 06000000 		.4byte	.LBE9-.LBB9
 1599 06f2 13       		.uleb128 0x13
 1600 06f3 746D7000 		.ascii	"tmp\000"
 1601 06f7 02       		.byte	0x2
 1602 06f8 EE       		.byte	0xee
 1603 06f9 A9000000 		.4byte	0xa9
 1604 06fd 01       		.uleb128 0x1
 1605 06fe 53       		.byte	0x53
 1606 06ff 00       		.byte	0
 1607 0700 00       		.byte	0
 1608 0701 1A       		.uleb128 0x1a
 1609 0702 5D010000 		.4byte	.LASF79
 1610 0706 02       		.byte	0x2
 1611 0707 0E01     		.2byte	0x10e
 1612 0709 F2000000 		.4byte	0xf2
 1613 070d 58020000 		.4byte	.LFB15
 1614 0711 78000000 		.4byte	.LFE15-.LFB15
 1615 0715 01       		.uleb128 0x1
 1616 0716 9C       		.byte	0x9c
 1617 0717 56070000 		.4byte	0x756
 1618 071b 1B       		.uleb128 0x1b
 1619 071c 637000   		.ascii	"cp\000"
 1620 071f 02       		.byte	0x2
 1621 0720 0E01     		.2byte	0x10e
 1622 0722 DF040000 		.4byte	0x4df
 1623 0726 02       		.uleb128 0x2
ARM GAS  /tmp/ccxtcVjm.s 			page 30


 1624 0727 91       		.byte	0x91
 1625 0728 6C       		.sleb128 -20
 1626 0729 1C       		.uleb128 0x1c
 1627 072a BE010000 		.4byte	.LASF78
 1628 072e 02       		.byte	0x2
 1629 072f 0E01     		.2byte	0x10e
 1630 0731 08010000 		.4byte	0x108
 1631 0735 02       		.uleb128 0x2
 1632 0736 91       		.byte	0x91
 1633 0737 68       		.sleb128 -24
 1634 0738 1D       		.uleb128 0x1d
 1635 0739 6D7000   		.ascii	"mp\000"
 1636 073c 02       		.byte	0x2
 1637 073d 0F01     		.2byte	0x10f
 1638 073f 3D040000 		.4byte	0x43d
 1639 0743 02       		.uleb128 0x2
 1640 0744 91       		.byte	0x91
 1641 0745 74       		.sleb128 -12
 1642 0746 1D       		.uleb128 0x1d
 1643 0747 6D736700 		.ascii	"msg\000"
 1644 074b 02       		.byte	0x2
 1645 074c 1001     		.2byte	0x110
 1646 074e F2000000 		.4byte	0xf2
 1647 0752 02       		.uleb128 0x2
 1648 0753 91       		.byte	0x91
 1649 0754 70       		.sleb128 -16
 1650 0755 00       		.byte	0
 1651 0756 1E       		.uleb128 0x1e
 1652 0757 AE030000 		.4byte	.LASF84
 1653 075b 09       		.byte	0x9
 1654 075c 6F       		.byte	0x6f
 1655 075d 7F030000 		.4byte	0x37f
 1656 0761 00       		.byte	0
 1657              		.section	.debug_abbrev,"",%progbits
 1658              	.Ldebug_abbrev0:
 1659 0000 01       		.uleb128 0x1
 1660 0001 11       		.uleb128 0x11
 1661 0002 01       		.byte	0x1
 1662 0003 25       		.uleb128 0x25
 1663 0004 0E       		.uleb128 0xe
 1664 0005 13       		.uleb128 0x13
 1665 0006 0B       		.uleb128 0xb
 1666 0007 03       		.uleb128 0x3
 1667 0008 0E       		.uleb128 0xe
 1668 0009 11       		.uleb128 0x11
 1669 000a 01       		.uleb128 0x1
 1670 000b 12       		.uleb128 0x12
 1671 000c 06       		.uleb128 0x6
 1672 000d 10       		.uleb128 0x10
 1673 000e 17       		.uleb128 0x17
 1674 000f 00       		.byte	0
 1675 0010 00       		.byte	0
 1676 0011 02       		.uleb128 0x2
 1677 0012 24       		.uleb128 0x24
 1678 0013 00       		.byte	0
 1679 0014 0B       		.uleb128 0xb
 1680 0015 0B       		.uleb128 0xb
ARM GAS  /tmp/ccxtcVjm.s 			page 31


 1681 0016 3E       		.uleb128 0x3e
 1682 0017 0B       		.uleb128 0xb
 1683 0018 03       		.uleb128 0x3
 1684 0019 08       		.uleb128 0x8
 1685 001a 00       		.byte	0
 1686 001b 00       		.byte	0
 1687 001c 03       		.uleb128 0x3
 1688 001d 24       		.uleb128 0x24
 1689 001e 00       		.byte	0
 1690 001f 0B       		.uleb128 0xb
 1691 0020 0B       		.uleb128 0xb
 1692 0021 3E       		.uleb128 0x3e
 1693 0022 0B       		.uleb128 0xb
 1694 0023 03       		.uleb128 0x3
 1695 0024 0E       		.uleb128 0xe
 1696 0025 00       		.byte	0
 1697 0026 00       		.byte	0
 1698 0027 04       		.uleb128 0x4
 1699 0028 16       		.uleb128 0x16
 1700 0029 00       		.byte	0
 1701 002a 03       		.uleb128 0x3
 1702 002b 0E       		.uleb128 0xe
 1703 002c 3A       		.uleb128 0x3a
 1704 002d 0B       		.uleb128 0xb
 1705 002e 3B       		.uleb128 0x3b
 1706 002f 0B       		.uleb128 0xb
 1707 0030 49       		.uleb128 0x49
 1708 0031 13       		.uleb128 0x13
 1709 0032 00       		.byte	0
 1710 0033 00       		.byte	0
 1711 0034 05       		.uleb128 0x5
 1712 0035 13       		.uleb128 0x13
 1713 0036 01       		.byte	0x1
 1714 0037 03       		.uleb128 0x3
 1715 0038 0E       		.uleb128 0xe
 1716 0039 0B       		.uleb128 0xb
 1717 003a 0B       		.uleb128 0xb
 1718 003b 3A       		.uleb128 0x3a
 1719 003c 0B       		.uleb128 0xb
 1720 003d 3B       		.uleb128 0x3b
 1721 003e 0B       		.uleb128 0xb
 1722 003f 01       		.uleb128 0x1
 1723 0040 13       		.uleb128 0x13
 1724 0041 00       		.byte	0
 1725 0042 00       		.byte	0
 1726 0043 06       		.uleb128 0x6
 1727 0044 0D       		.uleb128 0xd
 1728 0045 00       		.byte	0
 1729 0046 03       		.uleb128 0x3
 1730 0047 0E       		.uleb128 0xe
 1731 0048 3A       		.uleb128 0x3a
 1732 0049 0B       		.uleb128 0xb
 1733 004a 3B       		.uleb128 0x3b
 1734 004b 0B       		.uleb128 0xb
 1735 004c 49       		.uleb128 0x49
 1736 004d 13       		.uleb128 0x13
 1737 004e 38       		.uleb128 0x38
ARM GAS  /tmp/ccxtcVjm.s 			page 32


 1738 004f 0B       		.uleb128 0xb
 1739 0050 00       		.byte	0
 1740 0051 00       		.byte	0
 1741 0052 07       		.uleb128 0x7
 1742 0053 0D       		.uleb128 0xd
 1743 0054 00       		.byte	0
 1744 0055 03       		.uleb128 0x3
 1745 0056 08       		.uleb128 0x8
 1746 0057 3A       		.uleb128 0x3a
 1747 0058 0B       		.uleb128 0xb
 1748 0059 3B       		.uleb128 0x3b
 1749 005a 0B       		.uleb128 0xb
 1750 005b 49       		.uleb128 0x49
 1751 005c 13       		.uleb128 0x13
 1752 005d 38       		.uleb128 0x38
 1753 005e 0B       		.uleb128 0xb
 1754 005f 00       		.byte	0
 1755 0060 00       		.byte	0
 1756 0061 08       		.uleb128 0x8
 1757 0062 13       		.uleb128 0x13
 1758 0063 01       		.byte	0x1
 1759 0064 0B       		.uleb128 0xb
 1760 0065 0B       		.uleb128 0xb
 1761 0066 3A       		.uleb128 0x3a
 1762 0067 0B       		.uleb128 0xb
 1763 0068 3B       		.uleb128 0x3b
 1764 0069 0B       		.uleb128 0xb
 1765 006a 01       		.uleb128 0x1
 1766 006b 13       		.uleb128 0x13
 1767 006c 00       		.byte	0
 1768 006d 00       		.byte	0
 1769 006e 09       		.uleb128 0x9
 1770 006f 0F       		.uleb128 0xf
 1771 0070 00       		.byte	0
 1772 0071 0B       		.uleb128 0xb
 1773 0072 0B       		.uleb128 0xb
 1774 0073 49       		.uleb128 0x49
 1775 0074 13       		.uleb128 0x13
 1776 0075 00       		.byte	0
 1777 0076 00       		.byte	0
 1778 0077 0A       		.uleb128 0xa
 1779 0078 0F       		.uleb128 0xf
 1780 0079 00       		.byte	0
 1781 007a 0B       		.uleb128 0xb
 1782 007b 0B       		.uleb128 0xb
 1783 007c 00       		.byte	0
 1784 007d 00       		.byte	0
 1785 007e 0B       		.uleb128 0xb
 1786 007f 13       		.uleb128 0x13
 1787 0080 01       		.byte	0x1
 1788 0081 03       		.uleb128 0x3
 1789 0082 0E       		.uleb128 0xe
 1790 0083 0B       		.uleb128 0xb
 1791 0084 0B       		.uleb128 0xb
 1792 0085 3A       		.uleb128 0x3a
 1793 0086 0B       		.uleb128 0xb
 1794 0087 3B       		.uleb128 0x3b
ARM GAS  /tmp/ccxtcVjm.s 			page 33


 1795 0088 05       		.uleb128 0x5
 1796 0089 01       		.uleb128 0x1
 1797 008a 13       		.uleb128 0x13
 1798 008b 00       		.byte	0
 1799 008c 00       		.byte	0
 1800 008d 0C       		.uleb128 0xc
 1801 008e 0D       		.uleb128 0xd
 1802 008f 00       		.byte	0
 1803 0090 03       		.uleb128 0x3
 1804 0091 08       		.uleb128 0x8
 1805 0092 3A       		.uleb128 0x3a
 1806 0093 0B       		.uleb128 0xb
 1807 0094 3B       		.uleb128 0x3b
 1808 0095 05       		.uleb128 0x5
 1809 0096 49       		.uleb128 0x49
 1810 0097 13       		.uleb128 0x13
 1811 0098 38       		.uleb128 0x38
 1812 0099 0B       		.uleb128 0xb
 1813 009a 00       		.byte	0
 1814 009b 00       		.byte	0
 1815 009c 0D       		.uleb128 0xd
 1816 009d 35       		.uleb128 0x35
 1817 009e 00       		.byte	0
 1818 009f 49       		.uleb128 0x49
 1819 00a0 13       		.uleb128 0x13
 1820 00a1 00       		.byte	0
 1821 00a2 00       		.byte	0
 1822 00a3 0E       		.uleb128 0xe
 1823 00a4 17       		.uleb128 0x17
 1824 00a5 01       		.byte	0x1
 1825 00a6 0B       		.uleb128 0xb
 1826 00a7 0B       		.uleb128 0xb
 1827 00a8 3A       		.uleb128 0x3a
 1828 00a9 0B       		.uleb128 0xb
 1829 00aa 3B       		.uleb128 0x3b
 1830 00ab 0B       		.uleb128 0xb
 1831 00ac 01       		.uleb128 0x1
 1832 00ad 13       		.uleb128 0x13
 1833 00ae 00       		.byte	0
 1834 00af 00       		.byte	0
 1835 00b0 0F       		.uleb128 0xf
 1836 00b1 0D       		.uleb128 0xd
 1837 00b2 00       		.byte	0
 1838 00b3 03       		.uleb128 0x3
 1839 00b4 0E       		.uleb128 0xe
 1840 00b5 3A       		.uleb128 0x3a
 1841 00b6 0B       		.uleb128 0xb
 1842 00b7 3B       		.uleb128 0x3b
 1843 00b8 0B       		.uleb128 0xb
 1844 00b9 49       		.uleb128 0x49
 1845 00ba 13       		.uleb128 0x13
 1846 00bb 00       		.byte	0
 1847 00bc 00       		.byte	0
 1848 00bd 10       		.uleb128 0x10
 1849 00be 26       		.uleb128 0x26
 1850 00bf 00       		.byte	0
 1851 00c0 49       		.uleb128 0x49
ARM GAS  /tmp/ccxtcVjm.s 			page 34


 1852 00c1 13       		.uleb128 0x13
 1853 00c2 00       		.byte	0
 1854 00c3 00       		.byte	0
 1855 00c4 11       		.uleb128 0x11
 1856 00c5 2E       		.uleb128 0x2e
 1857 00c6 01       		.byte	0x1
 1858 00c7 03       		.uleb128 0x3
 1859 00c8 0E       		.uleb128 0xe
 1860 00c9 3A       		.uleb128 0x3a
 1861 00ca 0B       		.uleb128 0xb
 1862 00cb 3B       		.uleb128 0x3b
 1863 00cc 0B       		.uleb128 0xb
 1864 00cd 27       		.uleb128 0x27
 1865 00ce 19       		.uleb128 0x19
 1866 00cf 11       		.uleb128 0x11
 1867 00d0 01       		.uleb128 0x1
 1868 00d1 12       		.uleb128 0x12
 1869 00d2 06       		.uleb128 0x6
 1870 00d3 40       		.uleb128 0x40
 1871 00d4 18       		.uleb128 0x18
 1872 00d5 9742     		.uleb128 0x2117
 1873 00d7 19       		.uleb128 0x19
 1874 00d8 01       		.uleb128 0x1
 1875 00d9 13       		.uleb128 0x13
 1876 00da 00       		.byte	0
 1877 00db 00       		.byte	0
 1878 00dc 12       		.uleb128 0x12
 1879 00dd 05       		.uleb128 0x5
 1880 00de 00       		.byte	0
 1881 00df 03       		.uleb128 0x3
 1882 00e0 08       		.uleb128 0x8
 1883 00e1 3A       		.uleb128 0x3a
 1884 00e2 0B       		.uleb128 0xb
 1885 00e3 3B       		.uleb128 0x3b
 1886 00e4 0B       		.uleb128 0xb
 1887 00e5 49       		.uleb128 0x49
 1888 00e6 13       		.uleb128 0x13
 1889 00e7 02       		.uleb128 0x2
 1890 00e8 18       		.uleb128 0x18
 1891 00e9 00       		.byte	0
 1892 00ea 00       		.byte	0
 1893 00eb 13       		.uleb128 0x13
 1894 00ec 34       		.uleb128 0x34
 1895 00ed 00       		.byte	0
 1896 00ee 03       		.uleb128 0x3
 1897 00ef 08       		.uleb128 0x8
 1898 00f0 3A       		.uleb128 0x3a
 1899 00f1 0B       		.uleb128 0xb
 1900 00f2 3B       		.uleb128 0x3b
 1901 00f3 0B       		.uleb128 0xb
 1902 00f4 49       		.uleb128 0x49
 1903 00f5 13       		.uleb128 0x13
 1904 00f6 02       		.uleb128 0x2
 1905 00f7 18       		.uleb128 0x18
 1906 00f8 00       		.byte	0
 1907 00f9 00       		.byte	0
 1908 00fa 14       		.uleb128 0x14
ARM GAS  /tmp/ccxtcVjm.s 			page 35


 1909 00fb 2E       		.uleb128 0x2e
 1910 00fc 01       		.byte	0x1
 1911 00fd 03       		.uleb128 0x3
 1912 00fe 0E       		.uleb128 0xe
 1913 00ff 3A       		.uleb128 0x3a
 1914 0100 0B       		.uleb128 0xb
 1915 0101 3B       		.uleb128 0x3b
 1916 0102 0B       		.uleb128 0xb
 1917 0103 27       		.uleb128 0x27
 1918 0104 19       		.uleb128 0x19
 1919 0105 49       		.uleb128 0x49
 1920 0106 13       		.uleb128 0x13
 1921 0107 11       		.uleb128 0x11
 1922 0108 01       		.uleb128 0x1
 1923 0109 12       		.uleb128 0x12
 1924 010a 06       		.uleb128 0x6
 1925 010b 40       		.uleb128 0x40
 1926 010c 18       		.uleb128 0x18
 1927 010d 9742     		.uleb128 0x2117
 1928 010f 19       		.uleb128 0x19
 1929 0110 01       		.uleb128 0x1
 1930 0111 13       		.uleb128 0x13
 1931 0112 00       		.byte	0
 1932 0113 00       		.byte	0
 1933 0114 15       		.uleb128 0x15
 1934 0115 2E       		.uleb128 0x2e
 1935 0116 01       		.byte	0x1
 1936 0117 3F       		.uleb128 0x3f
 1937 0118 19       		.uleb128 0x19
 1938 0119 03       		.uleb128 0x3
 1939 011a 0E       		.uleb128 0xe
 1940 011b 3A       		.uleb128 0x3a
 1941 011c 0B       		.uleb128 0xb
 1942 011d 3B       		.uleb128 0x3b
 1943 011e 0B       		.uleb128 0xb
 1944 011f 27       		.uleb128 0x27
 1945 0120 19       		.uleb128 0x19
 1946 0121 11       		.uleb128 0x11
 1947 0122 01       		.uleb128 0x1
 1948 0123 12       		.uleb128 0x12
 1949 0124 06       		.uleb128 0x6
 1950 0125 40       		.uleb128 0x40
 1951 0126 18       		.uleb128 0x18
 1952 0127 9642     		.uleb128 0x2116
 1953 0129 19       		.uleb128 0x19
 1954 012a 01       		.uleb128 0x1
 1955 012b 13       		.uleb128 0x13
 1956 012c 00       		.byte	0
 1957 012d 00       		.byte	0
 1958 012e 16       		.uleb128 0x16
 1959 012f 0B       		.uleb128 0xb
 1960 0130 01       		.byte	0x1
 1961 0131 11       		.uleb128 0x11
 1962 0132 01       		.uleb128 0x1
 1963 0133 12       		.uleb128 0x12
 1964 0134 06       		.uleb128 0x6
 1965 0135 01       		.uleb128 0x1
ARM GAS  /tmp/ccxtcVjm.s 			page 36


 1966 0136 13       		.uleb128 0x13
 1967 0137 00       		.byte	0
 1968 0138 00       		.byte	0
 1969 0139 17       		.uleb128 0x17
 1970 013a 0B       		.uleb128 0xb
 1971 013b 01       		.byte	0x1
 1972 013c 11       		.uleb128 0x11
 1973 013d 01       		.uleb128 0x1
 1974 013e 12       		.uleb128 0x12
 1975 013f 06       		.uleb128 0x6
 1976 0140 00       		.byte	0
 1977 0141 00       		.byte	0
 1978 0142 18       		.uleb128 0x18
 1979 0143 2E       		.uleb128 0x2e
 1980 0144 01       		.byte	0x1
 1981 0145 3F       		.uleb128 0x3f
 1982 0146 19       		.uleb128 0x19
 1983 0147 03       		.uleb128 0x3
 1984 0148 0E       		.uleb128 0xe
 1985 0149 3A       		.uleb128 0x3a
 1986 014a 0B       		.uleb128 0xb
 1987 014b 3B       		.uleb128 0x3b
 1988 014c 0B       		.uleb128 0xb
 1989 014d 27       		.uleb128 0x27
 1990 014e 19       		.uleb128 0x19
 1991 014f 49       		.uleb128 0x49
 1992 0150 13       		.uleb128 0x13
 1993 0151 11       		.uleb128 0x11
 1994 0152 01       		.uleb128 0x1
 1995 0153 12       		.uleb128 0x12
 1996 0154 06       		.uleb128 0x6
 1997 0155 40       		.uleb128 0x40
 1998 0156 18       		.uleb128 0x18
 1999 0157 9642     		.uleb128 0x2116
 2000 0159 19       		.uleb128 0x19
 2001 015a 01       		.uleb128 0x1
 2002 015b 13       		.uleb128 0x13
 2003 015c 00       		.byte	0
 2004 015d 00       		.byte	0
 2005 015e 19       		.uleb128 0x19
 2006 015f 05       		.uleb128 0x5
 2007 0160 00       		.byte	0
 2008 0161 03       		.uleb128 0x3
 2009 0162 0E       		.uleb128 0xe
 2010 0163 3A       		.uleb128 0x3a
 2011 0164 0B       		.uleb128 0xb
 2012 0165 3B       		.uleb128 0x3b
 2013 0166 0B       		.uleb128 0xb
 2014 0167 49       		.uleb128 0x49
 2015 0168 13       		.uleb128 0x13
 2016 0169 02       		.uleb128 0x2
 2017 016a 18       		.uleb128 0x18
 2018 016b 00       		.byte	0
 2019 016c 00       		.byte	0
 2020 016d 1A       		.uleb128 0x1a
 2021 016e 2E       		.uleb128 0x2e
 2022 016f 01       		.byte	0x1
ARM GAS  /tmp/ccxtcVjm.s 			page 37


 2023 0170 3F       		.uleb128 0x3f
 2024 0171 19       		.uleb128 0x19
 2025 0172 03       		.uleb128 0x3
 2026 0173 0E       		.uleb128 0xe
 2027 0174 3A       		.uleb128 0x3a
 2028 0175 0B       		.uleb128 0xb
 2029 0176 3B       		.uleb128 0x3b
 2030 0177 05       		.uleb128 0x5
 2031 0178 27       		.uleb128 0x27
 2032 0179 19       		.uleb128 0x19
 2033 017a 49       		.uleb128 0x49
 2034 017b 13       		.uleb128 0x13
 2035 017c 11       		.uleb128 0x11
 2036 017d 01       		.uleb128 0x1
 2037 017e 12       		.uleb128 0x12
 2038 017f 06       		.uleb128 0x6
 2039 0180 40       		.uleb128 0x40
 2040 0181 18       		.uleb128 0x18
 2041 0182 9642     		.uleb128 0x2116
 2042 0184 19       		.uleb128 0x19
 2043 0185 01       		.uleb128 0x1
 2044 0186 13       		.uleb128 0x13
 2045 0187 00       		.byte	0
 2046 0188 00       		.byte	0
 2047 0189 1B       		.uleb128 0x1b
 2048 018a 05       		.uleb128 0x5
 2049 018b 00       		.byte	0
 2050 018c 03       		.uleb128 0x3
 2051 018d 08       		.uleb128 0x8
 2052 018e 3A       		.uleb128 0x3a
 2053 018f 0B       		.uleb128 0xb
 2054 0190 3B       		.uleb128 0x3b
 2055 0191 05       		.uleb128 0x5
 2056 0192 49       		.uleb128 0x49
 2057 0193 13       		.uleb128 0x13
 2058 0194 02       		.uleb128 0x2
 2059 0195 18       		.uleb128 0x18
 2060 0196 00       		.byte	0
 2061 0197 00       		.byte	0
 2062 0198 1C       		.uleb128 0x1c
 2063 0199 05       		.uleb128 0x5
 2064 019a 00       		.byte	0
 2065 019b 03       		.uleb128 0x3
 2066 019c 0E       		.uleb128 0xe
 2067 019d 3A       		.uleb128 0x3a
 2068 019e 0B       		.uleb128 0xb
 2069 019f 3B       		.uleb128 0x3b
 2070 01a0 05       		.uleb128 0x5
 2071 01a1 49       		.uleb128 0x49
 2072 01a2 13       		.uleb128 0x13
 2073 01a3 02       		.uleb128 0x2
 2074 01a4 18       		.uleb128 0x18
 2075 01a5 00       		.byte	0
 2076 01a6 00       		.byte	0
 2077 01a7 1D       		.uleb128 0x1d
 2078 01a8 34       		.uleb128 0x34
 2079 01a9 00       		.byte	0
ARM GAS  /tmp/ccxtcVjm.s 			page 38


 2080 01aa 03       		.uleb128 0x3
 2081 01ab 08       		.uleb128 0x8
 2082 01ac 3A       		.uleb128 0x3a
 2083 01ad 0B       		.uleb128 0xb
 2084 01ae 3B       		.uleb128 0x3b
 2085 01af 05       		.uleb128 0x5
 2086 01b0 49       		.uleb128 0x49
 2087 01b1 13       		.uleb128 0x13
 2088 01b2 02       		.uleb128 0x2
 2089 01b3 18       		.uleb128 0x18
 2090 01b4 00       		.byte	0
 2091 01b5 00       		.byte	0
 2092 01b6 1E       		.uleb128 0x1e
 2093 01b7 34       		.uleb128 0x34
 2094 01b8 00       		.byte	0
 2095 01b9 03       		.uleb128 0x3
 2096 01ba 0E       		.uleb128 0xe
 2097 01bb 3A       		.uleb128 0x3a
 2098 01bc 0B       		.uleb128 0xb
 2099 01bd 3B       		.uleb128 0x3b
 2100 01be 0B       		.uleb128 0xb
 2101 01bf 49       		.uleb128 0x49
 2102 01c0 13       		.uleb128 0x13
 2103 01c1 3F       		.uleb128 0x3f
 2104 01c2 19       		.uleb128 0x19
 2105 01c3 3C       		.uleb128 0x3c
 2106 01c4 19       		.uleb128 0x19
 2107 01c5 00       		.byte	0
 2108 01c6 00       		.byte	0
 2109 01c7 00       		.byte	0
 2110              		.section	.debug_aranges,"",%progbits
 2111 0000 1C000000 		.4byte	0x1c
 2112 0004 0200     		.2byte	0x2
 2113 0006 00000000 		.4byte	.Ldebug_info0
 2114 000a 04       		.byte	0x4
 2115 000b 00       		.byte	0
 2116 000c 0000     		.2byte	0
 2117 000e 0000     		.2byte	0
 2118 0010 00000000 		.4byte	.Ltext0
 2119 0014 D0020000 		.4byte	.Letext0-.Ltext0
 2120 0018 00000000 		.4byte	0
 2121 001c 00000000 		.4byte	0
 2122              		.section	.debug_line,"",%progbits
 2123              	.Ldebug_line0:
 2124 0000 81020000 		.section	.debug_str,"MS",%progbits,1
 2124      0200BD01 
 2124      00000201 
 2124      FB0E0D00 
 2124      01010101 
 2125              	.LASF40:
 2126 0000 705F6D73 		.ascii	"p_msg\000"
 2126      6700
 2127              	.LASF70:
 2128 0006 6368436F 		.ascii	"chCondInit\000"
 2128      6E64496E 
 2128      697400
 2129              	.LASF65:
ARM GAS  /tmp/ccxtcVjm.s 			page 39


 2130 0011 7264796D 		.ascii	"rdymsg\000"
 2130      736700
 2131              	.LASF16:
 2132 0018 75696E74 		.ascii	"uint64_t\000"
 2132      36345F74 
 2132      00
 2133              	.LASF5:
 2134 0021 5F5F7569 		.ascii	"__uint8_t\000"
 2134      6E74385F 
 2134      7400
 2135              	.LASF12:
 2136 002b 6C6F6E67 		.ascii	"long long unsigned int\000"
 2136      206C6F6E 
 2136      6720756E 
 2136      7369676E 
 2136      65642069 
 2137              	.LASF66:
 2138 0042 65786974 		.ascii	"exitcode\000"
 2138      636F6465 
 2138      00
 2139              	.LASF74:
 2140 004b 6368436F 		.ascii	"chCondBroadcastI\000"
 2140      6E644272 
 2140      6F616463 
 2140      61737449 
 2140      00
 2141              	.LASF28:
 2142 005c 705F7072 		.ascii	"p_prio\000"
 2142      696F00
 2143              	.LASF10:
 2144 0063 6C6F6E67 		.ascii	"long long int\000"
 2144      206C6F6E 
 2144      6720696E 
 2144      7400
 2145              	.LASF1:
 2146 0071 7369676E 		.ascii	"signed char\000"
 2146      65642063 
 2146      68617200 
 2147              	.LASF44:
 2148 007d 705F6D70 		.ascii	"p_mpool\000"
 2148      6F6F6C00 
 2149              	.LASF60:
 2150 0085 6D5F7175 		.ascii	"m_queue\000"
 2150      65756500 
 2151              	.LASF63:
 2152 008d 436F6E64 		.ascii	"CondVar\000"
 2152      56617200 
 2153              	.LASF7:
 2154 0095 6C6F6E67 		.ascii	"long int\000"
 2154      20696E74 
 2154      00
 2155              	.LASF19:
 2156 009e 74737461 		.ascii	"tstate_t\000"
 2156      74655F74 
 2156      00
 2157              	.LASF30:
 2158 00a7 705F6E65 		.ascii	"p_newer\000"
ARM GAS  /tmp/ccxtcVjm.s 			page 40


 2158      77657200 
 2159              	.LASF8:
 2160 00af 5F5F7569 		.ascii	"__uint32_t\000"
 2160      6E743332 
 2160      5F7400
 2161              	.LASF47:
 2162 00ba 72656761 		.ascii	"regarm_t\000"
 2162      726D5F74 
 2162      00
 2163              	.LASF71:
 2164 00c3 6368436F 		.ascii	"chCondSignal\000"
 2164      6E645369 
 2164      676E616C 
 2164      00
 2165              	.LASF33:
 2166 00d0 705F7374 		.ascii	"p_stklimit\000"
 2166      6B6C696D 
 2166      697400
 2167              	.LASF0:
 2168 00db 756E7369 		.ascii	"unsigned int\000"
 2168      676E6564 
 2168      20696E74 
 2168      00
 2169              	.LASF9:
 2170 00e8 6C6F6E67 		.ascii	"long unsigned int\000"
 2170      20756E73 
 2170      69676E65 
 2170      6420696E 
 2170      7400
 2171              	.LASF50:
 2172 00fa 636F6E74 		.ascii	"context\000"
 2172      65787400 
 2173              	.LASF4:
 2174 0102 73686F72 		.ascii	"short unsigned int\000"
 2174      7420756E 
 2174      7369676E 
 2174      65642069 
 2174      6E7400
 2175              	.LASF22:
 2176 0115 6D73675F 		.ascii	"msg_t\000"
 2176      7400
 2177              	.LASF55:
 2178 011b 725F6E65 		.ascii	"r_newer\000"
 2178      77657200 
 2179              	.LASF18:
 2180 0123 746D6F64 		.ascii	"tmode_t\000"
 2180      655F7400 
 2181              	.LASF46:
 2182 012b 54687265 		.ascii	"ThreadsList\000"
 2182      6164734C 
 2182      69737400 
 2183              	.LASF23:
 2184 0137 6576656E 		.ascii	"eventmask_t\000"
 2184      746D6173 
 2184      6B5F7400 
 2185              	.LASF59:
 2186 0143 4D757465 		.ascii	"Mutex\000"
ARM GAS  /tmp/ccxtcVjm.s 			page 41


 2186      7800
 2187              	.LASF48:
 2188 0149 73746B61 		.ascii	"stkalign_t\000"
 2188      6C69676E 
 2188      5F7400
 2189              	.LASF51:
 2190 0154 73697A65 		.ascii	"sizetype\000"
 2190      74797065 
 2190      00
 2191              	.LASF79:
 2192 015d 6368436F 		.ascii	"chCondWaitTimeoutS\000"
 2192      6E645761 
 2192      69745469 
 2192      6D656F75 
 2192      745300
 2193              	.LASF81:
 2194 0170 2F6F7074 		.ascii	"/opt/R2P/core/ChibiOS_2.6.5/os/kernel/src/chcond.c\000"
 2194      2F523250 
 2194      2F636F72 
 2194      652F4368 
 2194      6962694F 
 2195              	.LASF31:
 2196 01a3 705F6F6C 		.ascii	"p_older\000"
 2196      64657200 
 2197              	.LASF54:
 2198 01ab 725F6374 		.ascii	"r_ctx\000"
 2198      7800
 2199              	.LASF45:
 2200 01b1 54687265 		.ascii	"ThreadsQueue\000"
 2200      61647351 
 2200      75657565 
 2200      00
 2201              	.LASF78:
 2202 01be 74696D65 		.ascii	"time\000"
 2202      00
 2203              	.LASF57:
 2204 01c3 725F6375 		.ascii	"r_current\000"
 2204      7272656E 
 2204      7400
 2205              	.LASF56:
 2206 01cd 725F6F6C 		.ascii	"r_older\000"
 2206      64657200 
 2207              	.LASF73:
 2208 01d5 6368436F 		.ascii	"chCondBroadcast\000"
 2208      6E644272 
 2208      6F616463 
 2208      61737400 
 2209              	.LASF11:
 2210 01e5 5F5F7569 		.ascii	"__uint64_t\000"
 2210      6E743634 
 2210      5F7400
 2211              	.LASF20:
 2212 01f0 74726566 		.ascii	"trefs_t\000"
 2212      735F7400 
 2213              	.LASF27:
 2214 01f8 705F7072 		.ascii	"p_prev\000"
 2214      657600
ARM GAS  /tmp/ccxtcVjm.s 			page 42


 2215              	.LASF21:
 2216 01ff 74707269 		.ascii	"tprio_t\000"
 2216      6F5F7400 
 2217              	.LASF72:
 2218 0207 6368436F 		.ascii	"chCondSignalI\000"
 2218      6E645369 
 2218      676E616C 
 2218      4900
 2219              	.LASF17:
 2220 0215 5F426F6F 		.ascii	"_Bool\000"
 2220      6C00
 2221              	.LASF14:
 2222 021b 696E7433 		.ascii	"int32_t\000"
 2222      325F7400 
 2223              	.LASF2:
 2224 0223 756E7369 		.ascii	"unsigned char\000"
 2224      676E6564 
 2224      20636861 
 2224      7200
 2225              	.LASF42:
 2226 0231 705F6D74 		.ascii	"p_mtxlist\000"
 2226      786C6973 
 2226      7400
 2227              	.LASF3:
 2228 023b 73686F72 		.ascii	"short int\000"
 2228      7420696E 
 2228      7400
 2229              	.LASF34:
 2230 0245 705F7374 		.ascii	"p_state\000"
 2230      61746500 
 2231              	.LASF53:
 2232 024d 725F7072 		.ascii	"r_prio\000"
 2232      696F00
 2233              	.LASF68:
 2234 0254 65776D61 		.ascii	"ewmask\000"
 2234      736B00
 2235              	.LASF26:
 2236 025b 705F6E65 		.ascii	"p_next\000"
 2236      787400
 2237              	.LASF35:
 2238 0262 705F666C 		.ascii	"p_flags\000"
 2238      61677300 
 2239              	.LASF25:
 2240 026a 54687265 		.ascii	"Thread\000"
 2240      616400
 2241              	.LASF64:
 2242 0271 635F7175 		.ascii	"c_queue\000"
 2242      65756500 
 2243              	.LASF41:
 2244 0279 705F6570 		.ascii	"p_epending\000"
 2244      656E6469 
 2244      6E6700
 2245              	.LASF15:
 2246 0284 75696E74 		.ascii	"uint32_t\000"
 2246      33325F74 
 2246      00
 2247              	.LASF52:
ARM GAS  /tmp/ccxtcVjm.s 			page 43


 2248 028d 725F7175 		.ascii	"r_queue\000"
 2248      65756500 
 2249              	.LASF80:
 2250 0295 474E5520 		.ascii	"GNU C 4.9.3 20141119 (release) [ARM/embedded-4_9-br"
 2250      4320342E 
 2250      392E3320 
 2250      32303134 
 2250      31313139 
 2251 02c8 616E6368 		.ascii	"anch revision 218278] -mcpu=cortex-m4 -mno-thumb-in"
 2251      20726576 
 2251      6973696F 
 2251      6E203231 
 2251      38323738 
 2252 02fb 74657277 		.ascii	"terwork -mthumb -ggdb -O0 -fomit-frame-pointer\000"
 2252      6F726B20 
 2252      2D6D7468 
 2252      756D6220 
 2252      2D676764 
 2253              	.LASF69:
 2254 032a 63686172 		.ascii	"char\000"
 2254      00
 2255              	.LASF83:
 2256 032f 6669666F 		.ascii	"fifo_remove\000"
 2256      5F72656D 
 2256      6F766500 
 2257              	.LASF76:
 2258 033b 6368436F 		.ascii	"chCondWaitS\000"
 2258      6E645761 
 2258      69745300 
 2259              	.LASF62:
 2260 0347 6D5F6E65 		.ascii	"m_next\000"
 2260      787400
 2261              	.LASF24:
 2262 034e 73797374 		.ascii	"systime_t\000"
 2262      696D655F 
 2262      7400
 2263              	.LASF43:
 2264 0358 705F7265 		.ascii	"p_realprio\000"
 2264      616C7072 
 2264      696F00
 2265              	.LASF6:
 2266 0363 5F5F696E 		.ascii	"__int32_t\000"
 2266      7433325F 
 2266      7400
 2267              	.LASF82:
 2268 036d 7072696F 		.ascii	"prio_insert\000"
 2268      5F696E73 
 2268      65727400 
 2269              	.LASF75:
 2270 0379 6368436F 		.ascii	"chCondWait\000"
 2270      6E645761 
 2270      697400
 2271              	.LASF37:
 2272 0384 705F7469 		.ascii	"p_time\000"
 2272      6D6500
 2273              	.LASF49:
 2274 038b 696E7463 		.ascii	"intctx\000"
ARM GAS  /tmp/ccxtcVjm.s 			page 44


 2274      747800
 2275              	.LASF39:
 2276 0392 705F6D73 		.ascii	"p_msgqueue\000"
 2276      67717565 
 2276      756500
 2277              	.LASF36:
 2278 039d 705F7265 		.ascii	"p_refs\000"
 2278      667300
 2279              	.LASF58:
 2280 03a4 52656164 		.ascii	"ReadyList\000"
 2280      794C6973 
 2280      7400
 2281              	.LASF84:
 2282 03ae 726C6973 		.ascii	"rlist\000"
 2282      7400
 2283              	.LASF13:
 2284 03b4 75696E74 		.ascii	"uint8_t\000"
 2284      385F7400 
 2285              	.LASF67:
 2286 03bc 77746F62 		.ascii	"wtobjp\000"
 2286      6A7000
 2287              	.LASF32:
 2288 03c3 705F6E61 		.ascii	"p_name\000"
 2288      6D6500
 2289              	.LASF77:
 2290 03ca 6368436F 		.ascii	"chCondWaitTimeout\000"
 2290      6E645761 
 2290      69745469 
 2290      6D656F75 
 2290      7400
 2291              	.LASF61:
 2292 03dc 6D5F6F77 		.ascii	"m_owner\000"
 2292      6E657200 
 2293              	.LASF29:
 2294 03e4 705F6374 		.ascii	"p_ctx\000"
 2294      7800
 2295              	.LASF38:
 2296 03ea 705F7761 		.ascii	"p_waiting\000"
 2296      6974696E 
 2296      6700
 2297              		.ident	"GCC: (GNU Tools for ARM Embedded Processors) 4.9.3 20141119 (release) [ARM/embedded-4_9-br
ARM GAS  /tmp/ccxtcVjm.s 			page 45


DEFINED SYMBOLS
                            *ABS*:00000000 chcond.c
     /tmp/ccxtcVjm.s:18     .text:00000000 $t
     /tmp/ccxtcVjm.s:22     .text:00000000 prio_insert
     /tmp/ccxtcVjm.s:85     .text:00000048 fifo_remove
     /tmp/ccxtcVjm.s:120    .rodata:00000000 $d
     /tmp/ccxtcVjm.s:129    .text:0000006c chCondInit
     /tmp/ccxtcVjm.s:166    .text:00000094 $d
     /tmp/ccxtcVjm.s:175    .text:00000098 $t
     /tmp/ccxtcVjm.s:180    .text:00000098 chCondSignal
     /tmp/ccxtcVjm.s:241    .text:000000e0 $d
     /tmp/ccxtcVjm.s:250    .text:000000e4 $t
     /tmp/ccxtcVjm.s:255    .text:000000e4 chCondSignalI
     /tmp/ccxtcVjm.s:302    .text:00000120 $d
     /tmp/ccxtcVjm.s:306    .text:00000124 $t
     /tmp/ccxtcVjm.s:311    .text:00000124 chCondBroadcast
     /tmp/ccxtcVjm.s:364    .text:00000150 chCondBroadcastI
     /tmp/ccxtcVjm.s:414    .text:00000190 $d
     /tmp/ccxtcVjm.s:418    .text:00000194 $t
     /tmp/ccxtcVjm.s:423    .text:00000194 chCondWait
     /tmp/ccxtcVjm.s:481    .text:000001c0 chCondWaitS
     /tmp/ccxtcVjm.s:549    .text:0000021c $d
     /tmp/ccxtcVjm.s:555    .text:00000228 $t
     /tmp/ccxtcVjm.s:560    .text:00000228 chCondWaitTimeout
     /tmp/ccxtcVjm.s:620    .text:00000258 chCondWaitTimeoutS
     /tmp/ccxtcVjm.s:697    .text:000002c4 $d
                     .debug_frame:00000010 $d

UNDEFINED SYMBOLS
chDbgPanic
dbg_check_lock
chSchWakeupS
dbg_check_unlock
chDbgCheckClassI
chSchReadyI
chSchRescheduleS
chDbgCheckClassS
chMtxUnlockS
chSchGoSleepS
chMtxLockS
rlist
chSchGoSleepTimeoutS
