ARM GAS  /tmp/ccCqmZCb.s 			page 1


   1              		.syntax unified
   2              		.cpu cortex-m4
   3              		.fpu softvfp
   4              		.eabi_attribute 20, 1
   5              		.eabi_attribute 21, 1
   6              		.eabi_attribute 23, 3
   7              		.eabi_attribute 24, 1
   8              		.eabi_attribute 25, 1
   9              		.eabi_attribute 26, 1
  10              		.eabi_attribute 30, 6
  11              		.eabi_attribute 34, 1
  12              		.eabi_attribute 18, 4
  13              		.thumb
  14              		.file	"chdebug.c"
  15              		.text
  16              	.Ltext0:
  17              		.cfi_sections	.debug_frame
  18              		.comm	dbg_isr_cnt,4,4
  19              		.comm	dbg_lock_cnt,4,4
  20              		.section	.rodata
  21              		.align	2
  22              	.LC0:
  23 0000 53562331 		.ascii	"SV#1\000"
  23      00
  24              		.text
  25              		.align	2
  26              		.global	dbg_check_disable
  27              		.thumb
  28              		.thumb_func
  29              		.type	dbg_check_disable, %function
  30              	dbg_check_disable:
  31              	.LFB7:
  32              		.file 1 "/opt/R2P/core/ChibiOS_2.6.5/os/kernel/src/chdebug.c"
  33              		.loc 1 81 0
  34              		.cfi_startproc
  35              		@ args = 0, pretend = 0, frame = 0
  36              		@ frame_needed = 0, uses_anonymous_args = 0
  37 0000 08B5     		push	{r3, lr}
  38              		.cfi_def_cfa_offset 8
  39              		.cfi_offset 3, -8
  40              		.cfi_offset 14, -4
  41              		.loc 1 83 0
  42 0002 064B     		ldr	r3, .L4
  43 0004 1B68     		ldr	r3, [r3]
  44 0006 002B     		cmp	r3, #0
  45 0008 03D1     		bne	.L2
  46              		.loc 1 83 0 is_stmt 0 discriminator 1
  47 000a 054B     		ldr	r3, .L4+4
  48 000c 1B68     		ldr	r3, [r3]
  49 000e 002B     		cmp	r3, #0
  50 0010 02D0     		beq	.L1
  51              	.L2:
  52              		.loc 1 84 0 is_stmt 1
  53 0012 0448     		ldr	r0, .L4+8
  54 0014 FFF7FEFF 		bl	chDbgPanic
  55              	.L1:
  56              		.loc 1 85 0
ARM GAS  /tmp/ccCqmZCb.s 			page 2


  57 0018 08BD     		pop	{r3, pc}
  58              	.L5:
  59 001a 00BF     		.align	2
  60              	.L4:
  61 001c 00000000 		.word	dbg_isr_cnt
  62 0020 00000000 		.word	dbg_lock_cnt
  63 0024 00000000 		.word	.LC0
  64              		.cfi_endproc
  65              	.LFE7:
  66              		.size	dbg_check_disable, .-dbg_check_disable
  67              		.section	.rodata
  68 0005 000000   		.align	2
  69              	.LC1:
  70 0008 53562332 		.ascii	"SV#2\000"
  70      00
  71              		.text
  72              		.align	2
  73              		.global	dbg_check_suspend
  74              		.thumb
  75              		.thumb_func
  76              		.type	dbg_check_suspend, %function
  77              	dbg_check_suspend:
  78              	.LFB8:
  79              		.loc 1 92 0
  80              		.cfi_startproc
  81              		@ args = 0, pretend = 0, frame = 0
  82              		@ frame_needed = 0, uses_anonymous_args = 0
  83 0028 08B5     		push	{r3, lr}
  84              		.cfi_def_cfa_offset 8
  85              		.cfi_offset 3, -8
  86              		.cfi_offset 14, -4
  87              		.loc 1 94 0
  88 002a 064B     		ldr	r3, .L9
  89 002c 1B68     		ldr	r3, [r3]
  90 002e 002B     		cmp	r3, #0
  91 0030 03D1     		bne	.L7
  92              		.loc 1 94 0 is_stmt 0 discriminator 1
  93 0032 054B     		ldr	r3, .L9+4
  94 0034 1B68     		ldr	r3, [r3]
  95 0036 002B     		cmp	r3, #0
  96 0038 02D0     		beq	.L6
  97              	.L7:
  98              		.loc 1 95 0 is_stmt 1
  99 003a 0448     		ldr	r0, .L9+8
 100 003c FFF7FEFF 		bl	chDbgPanic
 101              	.L6:
 102              		.loc 1 96 0
 103 0040 08BD     		pop	{r3, pc}
 104              	.L10:
 105 0042 00BF     		.align	2
 106              	.L9:
 107 0044 00000000 		.word	dbg_isr_cnt
 108 0048 00000000 		.word	dbg_lock_cnt
 109 004c 08000000 		.word	.LC1
 110              		.cfi_endproc
 111              	.LFE8:
 112              		.size	dbg_check_suspend, .-dbg_check_suspend
ARM GAS  /tmp/ccCqmZCb.s 			page 3


 113              		.section	.rodata
 114 000d 000000   		.align	2
 115              	.LC2:
 116 0010 53562333 		.ascii	"SV#3\000"
 116      00
 117              		.text
 118              		.align	2
 119              		.global	dbg_check_enable
 120              		.thumb
 121              		.thumb_func
 122              		.type	dbg_check_enable, %function
 123              	dbg_check_enable:
 124              	.LFB9:
 125              		.loc 1 103 0
 126              		.cfi_startproc
 127              		@ args = 0, pretend = 0, frame = 0
 128              		@ frame_needed = 0, uses_anonymous_args = 0
 129 0050 08B5     		push	{r3, lr}
 130              		.cfi_def_cfa_offset 8
 131              		.cfi_offset 3, -8
 132              		.cfi_offset 14, -4
 133              		.loc 1 105 0
 134 0052 064B     		ldr	r3, .L14
 135 0054 1B68     		ldr	r3, [r3]
 136 0056 002B     		cmp	r3, #0
 137 0058 03D1     		bne	.L12
 138              		.loc 1 105 0 is_stmt 0 discriminator 1
 139 005a 054B     		ldr	r3, .L14+4
 140 005c 1B68     		ldr	r3, [r3]
 141 005e 002B     		cmp	r3, #0
 142 0060 02D0     		beq	.L11
 143              	.L12:
 144              		.loc 1 106 0 is_stmt 1
 145 0062 0448     		ldr	r0, .L14+8
 146 0064 FFF7FEFF 		bl	chDbgPanic
 147              	.L11:
 148              		.loc 1 107 0
 149 0068 08BD     		pop	{r3, pc}
 150              	.L15:
 151 006a 00BF     		.align	2
 152              	.L14:
 153 006c 00000000 		.word	dbg_isr_cnt
 154 0070 00000000 		.word	dbg_lock_cnt
 155 0074 10000000 		.word	.LC2
 156              		.cfi_endproc
 157              	.LFE9:
 158              		.size	dbg_check_enable, .-dbg_check_enable
 159              		.section	.rodata
 160 0015 000000   		.align	2
 161              	.LC3:
 162 0018 53562334 		.ascii	"SV#4\000"
 162      00
 163              		.text
 164              		.align	2
 165              		.global	dbg_check_lock
 166              		.thumb
 167              		.thumb_func
ARM GAS  /tmp/ccCqmZCb.s 			page 4


 168              		.type	dbg_check_lock, %function
 169              	dbg_check_lock:
 170              	.LFB10:
 171              		.loc 1 114 0
 172              		.cfi_startproc
 173              		@ args = 0, pretend = 0, frame = 0
 174              		@ frame_needed = 0, uses_anonymous_args = 0
 175 0078 08B5     		push	{r3, lr}
 176              		.cfi_def_cfa_offset 8
 177              		.cfi_offset 3, -8
 178              		.cfi_offset 14, -4
 179              		.loc 1 116 0
 180 007a 074B     		ldr	r3, .L19
 181 007c 1B68     		ldr	r3, [r3]
 182 007e 002B     		cmp	r3, #0
 183 0080 03D1     		bne	.L17
 184              		.loc 1 116 0 is_stmt 0 discriminator 1
 185 0082 064B     		ldr	r3, .L19+4
 186 0084 1B68     		ldr	r3, [r3]
 187 0086 002B     		cmp	r3, #0
 188 0088 02D0     		beq	.L18
 189              	.L17:
 190              		.loc 1 117 0 is_stmt 1
 191 008a 0548     		ldr	r0, .L19+8
 192 008c FFF7FEFF 		bl	chDbgPanic
 193              	.L18:
 194              		.loc 1 118 0
 195 0090 024B     		ldr	r3, .L19+4
 196 0092 0122     		movs	r2, #1
 197 0094 1A60     		str	r2, [r3]
 198              		.loc 1 119 0
 199 0096 08BD     		pop	{r3, pc}
 200              	.L20:
 201              		.align	2
 202              	.L19:
 203 0098 00000000 		.word	dbg_isr_cnt
 204 009c 00000000 		.word	dbg_lock_cnt
 205 00a0 18000000 		.word	.LC3
 206              		.cfi_endproc
 207              	.LFE10:
 208              		.size	dbg_check_lock, .-dbg_check_lock
 209              		.section	.rodata
 210 001d 000000   		.align	2
 211              	.LC4:
 212 0020 53562335 		.ascii	"SV#5\000"
 212      00
 213              		.text
 214              		.align	2
 215              		.global	dbg_check_unlock
 216              		.thumb
 217              		.thumb_func
 218              		.type	dbg_check_unlock, %function
 219              	dbg_check_unlock:
 220              	.LFB11:
 221              		.loc 1 126 0
 222              		.cfi_startproc
 223              		@ args = 0, pretend = 0, frame = 0
ARM GAS  /tmp/ccCqmZCb.s 			page 5


 224              		@ frame_needed = 0, uses_anonymous_args = 0
 225 00a4 08B5     		push	{r3, lr}
 226              		.cfi_def_cfa_offset 8
 227              		.cfi_offset 3, -8
 228              		.cfi_offset 14, -4
 229              		.loc 1 128 0
 230 00a6 074B     		ldr	r3, .L24
 231 00a8 1B68     		ldr	r3, [r3]
 232 00aa 002B     		cmp	r3, #0
 233 00ac 03D1     		bne	.L22
 234              		.loc 1 128 0 is_stmt 0 discriminator 1
 235 00ae 064B     		ldr	r3, .L24+4
 236 00b0 1B68     		ldr	r3, [r3]
 237 00b2 002B     		cmp	r3, #0
 238 00b4 02DC     		bgt	.L23
 239              	.L22:
 240              		.loc 1 129 0 is_stmt 1
 241 00b6 0548     		ldr	r0, .L24+8
 242 00b8 FFF7FEFF 		bl	chDbgPanic
 243              	.L23:
 244              		.loc 1 130 0
 245 00bc 024B     		ldr	r3, .L24+4
 246 00be 0022     		movs	r2, #0
 247 00c0 1A60     		str	r2, [r3]
 248              		.loc 1 131 0
 249 00c2 08BD     		pop	{r3, pc}
 250              	.L25:
 251              		.align	2
 252              	.L24:
 253 00c4 00000000 		.word	dbg_isr_cnt
 254 00c8 00000000 		.word	dbg_lock_cnt
 255 00cc 20000000 		.word	.LC4
 256              		.cfi_endproc
 257              	.LFE11:
 258              		.size	dbg_check_unlock, .-dbg_check_unlock
 259              		.section	.rodata
 260 0025 000000   		.align	2
 261              	.LC5:
 262 0028 53562336 		.ascii	"SV#6\000"
 262      00
 263              		.text
 264              		.align	2
 265              		.global	dbg_check_lock_from_isr
 266              		.thumb
 267              		.thumb_func
 268              		.type	dbg_check_lock_from_isr, %function
 269              	dbg_check_lock_from_isr:
 270              	.LFB12:
 271              		.loc 1 138 0
 272              		.cfi_startproc
 273              		@ args = 0, pretend = 0, frame = 0
 274              		@ frame_needed = 0, uses_anonymous_args = 0
 275 00d0 08B5     		push	{r3, lr}
 276              		.cfi_def_cfa_offset 8
 277              		.cfi_offset 3, -8
 278              		.cfi_offset 14, -4
 279              		.loc 1 140 0
ARM GAS  /tmp/ccCqmZCb.s 			page 6


 280 00d2 074B     		ldr	r3, .L29
 281 00d4 1B68     		ldr	r3, [r3]
 282 00d6 002B     		cmp	r3, #0
 283 00d8 03DD     		ble	.L27
 284              		.loc 1 140 0 is_stmt 0 discriminator 1
 285 00da 064B     		ldr	r3, .L29+4
 286 00dc 1B68     		ldr	r3, [r3]
 287 00de 002B     		cmp	r3, #0
 288 00e0 02D0     		beq	.L28
 289              	.L27:
 290              		.loc 1 141 0 is_stmt 1
 291 00e2 0548     		ldr	r0, .L29+8
 292 00e4 FFF7FEFF 		bl	chDbgPanic
 293              	.L28:
 294              		.loc 1 142 0
 295 00e8 024B     		ldr	r3, .L29+4
 296 00ea 0122     		movs	r2, #1
 297 00ec 1A60     		str	r2, [r3]
 298              		.loc 1 143 0
 299 00ee 08BD     		pop	{r3, pc}
 300              	.L30:
 301              		.align	2
 302              	.L29:
 303 00f0 00000000 		.word	dbg_isr_cnt
 304 00f4 00000000 		.word	dbg_lock_cnt
 305 00f8 28000000 		.word	.LC5
 306              		.cfi_endproc
 307              	.LFE12:
 308              		.size	dbg_check_lock_from_isr, .-dbg_check_lock_from_isr
 309              		.section	.rodata
 310 002d 000000   		.align	2
 311              	.LC6:
 312 0030 53562337 		.ascii	"SV#7\000"
 312      00
 313              		.text
 314              		.align	2
 315              		.global	dbg_check_unlock_from_isr
 316              		.thumb
 317              		.thumb_func
 318              		.type	dbg_check_unlock_from_isr, %function
 319              	dbg_check_unlock_from_isr:
 320              	.LFB13:
 321              		.loc 1 150 0
 322              		.cfi_startproc
 323              		@ args = 0, pretend = 0, frame = 0
 324              		@ frame_needed = 0, uses_anonymous_args = 0
 325 00fc 08B5     		push	{r3, lr}
 326              		.cfi_def_cfa_offset 8
 327              		.cfi_offset 3, -8
 328              		.cfi_offset 14, -4
 329              		.loc 1 152 0
 330 00fe 074B     		ldr	r3, .L34
 331 0100 1B68     		ldr	r3, [r3]
 332 0102 002B     		cmp	r3, #0
 333 0104 03DD     		ble	.L32
 334              		.loc 1 152 0 is_stmt 0 discriminator 1
 335 0106 064B     		ldr	r3, .L34+4
ARM GAS  /tmp/ccCqmZCb.s 			page 7


 336 0108 1B68     		ldr	r3, [r3]
 337 010a 002B     		cmp	r3, #0
 338 010c 02DC     		bgt	.L33
 339              	.L32:
 340              		.loc 1 153 0 is_stmt 1
 341 010e 0548     		ldr	r0, .L34+8
 342 0110 FFF7FEFF 		bl	chDbgPanic
 343              	.L33:
 344              		.loc 1 154 0
 345 0114 024B     		ldr	r3, .L34+4
 346 0116 0022     		movs	r2, #0
 347 0118 1A60     		str	r2, [r3]
 348              		.loc 1 155 0
 349 011a 08BD     		pop	{r3, pc}
 350              	.L35:
 351              		.align	2
 352              	.L34:
 353 011c 00000000 		.word	dbg_isr_cnt
 354 0120 00000000 		.word	dbg_lock_cnt
 355 0124 30000000 		.word	.LC6
 356              		.cfi_endproc
 357              	.LFE13:
 358              		.size	dbg_check_unlock_from_isr, .-dbg_check_unlock_from_isr
 359              		.section	.rodata
 360 0035 000000   		.align	2
 361              	.LC7:
 362 0038 53562338 		.ascii	"SV#8\000"
 362      00
 363              		.text
 364              		.align	2
 365              		.global	dbg_check_enter_isr
 366              		.thumb
 367              		.thumb_func
 368              		.type	dbg_check_enter_isr, %function
 369              	dbg_check_enter_isr:
 370              	.LFB14:
 371              		.loc 1 162 0
 372              		.cfi_startproc
 373              		@ args = 0, pretend = 0, frame = 0
 374              		@ frame_needed = 0, uses_anonymous_args = 0
 375 0128 08B5     		push	{r3, lr}
 376              		.cfi_def_cfa_offset 8
 377              		.cfi_offset 3, -8
 378              		.cfi_offset 14, -4
 379              	.LBB2:
 380              		.loc 1 164 0
 381 012a 2023     		movs	r3, #32
 382              	@ 164 "/opt/R2P/core/ChibiOS_2.6.5/os/kernel/src/chdebug.c" 1
 383 012c 83F31188 		msr     BASEPRI, r3
 384              	@ 0 "" 2
 385              		.thumb
 386              	.LBE2:
 387              		.loc 1 165 0
 388 0130 094B     		ldr	r3, .L39
 389 0132 1B68     		ldr	r3, [r3]
 390 0134 002B     		cmp	r3, #0
 391 0136 03DB     		blt	.L37
ARM GAS  /tmp/ccCqmZCb.s 			page 8


 392              		.loc 1 165 0 is_stmt 0 discriminator 1
 393 0138 084B     		ldr	r3, .L39+4
 394 013a 1B68     		ldr	r3, [r3]
 395 013c 002B     		cmp	r3, #0
 396 013e 02D0     		beq	.L38
 397              	.L37:
 398              		.loc 1 166 0 is_stmt 1
 399 0140 0748     		ldr	r0, .L39+8
 400 0142 FFF7FEFF 		bl	chDbgPanic
 401              	.L38:
 402              		.loc 1 167 0
 403 0146 044B     		ldr	r3, .L39
 404 0148 1B68     		ldr	r3, [r3]
 405 014a 0133     		adds	r3, r3, #1
 406 014c 024A     		ldr	r2, .L39
 407 014e 1360     		str	r3, [r2]
 408              	.LBB3:
 409              		.loc 1 168 0
 410 0150 0023     		movs	r3, #0
 411              	@ 168 "/opt/R2P/core/ChibiOS_2.6.5/os/kernel/src/chdebug.c" 1
 412 0152 83F31188 		msr     BASEPRI, r3
 413              	@ 0 "" 2
 414              		.thumb
 415              	.LBE3:
 416              		.loc 1 169 0
 417 0156 08BD     		pop	{r3, pc}
 418              	.L40:
 419              		.align	2
 420              	.L39:
 421 0158 00000000 		.word	dbg_isr_cnt
 422 015c 00000000 		.word	dbg_lock_cnt
 423 0160 38000000 		.word	.LC7
 424              		.cfi_endproc
 425              	.LFE14:
 426              		.size	dbg_check_enter_isr, .-dbg_check_enter_isr
 427              		.section	.rodata
 428 003d 000000   		.align	2
 429              	.LC8:
 430 0040 53562339 		.ascii	"SV#9\000"
 430      00
 431              		.text
 432              		.align	2
 433              		.global	dbg_check_leave_isr
 434              		.thumb
 435              		.thumb_func
 436              		.type	dbg_check_leave_isr, %function
 437              	dbg_check_leave_isr:
 438              	.LFB15:
 439              		.loc 1 176 0
 440              		.cfi_startproc
 441              		@ args = 0, pretend = 0, frame = 0
 442              		@ frame_needed = 0, uses_anonymous_args = 0
 443 0164 08B5     		push	{r3, lr}
 444              		.cfi_def_cfa_offset 8
 445              		.cfi_offset 3, -8
 446              		.cfi_offset 14, -4
 447              	.LBB4:
ARM GAS  /tmp/ccCqmZCb.s 			page 9


 448              		.loc 1 178 0
 449 0166 2023     		movs	r3, #32
 450              	@ 178 "/opt/R2P/core/ChibiOS_2.6.5/os/kernel/src/chdebug.c" 1
 451 0168 83F31188 		msr     BASEPRI, r3
 452              	@ 0 "" 2
 453              		.thumb
 454              	.LBE4:
 455              		.loc 1 179 0
 456 016c 094B     		ldr	r3, .L44
 457 016e 1B68     		ldr	r3, [r3]
 458 0170 002B     		cmp	r3, #0
 459 0172 03DD     		ble	.L42
 460              		.loc 1 179 0 is_stmt 0 discriminator 1
 461 0174 084B     		ldr	r3, .L44+4
 462 0176 1B68     		ldr	r3, [r3]
 463 0178 002B     		cmp	r3, #0
 464 017a 02D0     		beq	.L43
 465              	.L42:
 466              		.loc 1 180 0 is_stmt 1
 467 017c 0748     		ldr	r0, .L44+8
 468 017e FFF7FEFF 		bl	chDbgPanic
 469              	.L43:
 470              		.loc 1 181 0
 471 0182 044B     		ldr	r3, .L44
 472 0184 1B68     		ldr	r3, [r3]
 473 0186 013B     		subs	r3, r3, #1
 474 0188 024A     		ldr	r2, .L44
 475 018a 1360     		str	r3, [r2]
 476              	.LBB5:
 477              		.loc 1 182 0
 478 018c 0023     		movs	r3, #0
 479              	@ 182 "/opt/R2P/core/ChibiOS_2.6.5/os/kernel/src/chdebug.c" 1
 480 018e 83F31188 		msr     BASEPRI, r3
 481              	@ 0 "" 2
 482              		.thumb
 483              	.LBE5:
 484              		.loc 1 183 0
 485 0192 08BD     		pop	{r3, pc}
 486              	.L45:
 487              		.align	2
 488              	.L44:
 489 0194 00000000 		.word	dbg_isr_cnt
 490 0198 00000000 		.word	dbg_lock_cnt
 491 019c 40000000 		.word	.LC8
 492              		.cfi_endproc
 493              	.LFE15:
 494              		.size	dbg_check_leave_isr, .-dbg_check_leave_isr
 495              		.section	.rodata
 496 0045 000000   		.align	2
 497              	.LC9:
 498 0048 53562331 		.ascii	"SV#10\000"
 498      3000
 499              		.text
 500              		.align	2
 501              		.global	chDbgCheckClassI
 502              		.thumb
 503              		.thumb_func
ARM GAS  /tmp/ccCqmZCb.s 			page 10


 504              		.type	chDbgCheckClassI, %function
 505              	chDbgCheckClassI:
 506              	.LFB16:
 507              		.loc 1 193 0
 508              		.cfi_startproc
 509              		@ args = 0, pretend = 0, frame = 0
 510              		@ frame_needed = 0, uses_anonymous_args = 0
 511 01a0 08B5     		push	{r3, lr}
 512              		.cfi_def_cfa_offset 8
 513              		.cfi_offset 3, -8
 514              		.cfi_offset 14, -4
 515              		.loc 1 195 0
 516 01a2 064B     		ldr	r3, .L49
 517 01a4 1B68     		ldr	r3, [r3]
 518 01a6 002B     		cmp	r3, #0
 519 01a8 03DB     		blt	.L47
 520              		.loc 1 195 0 is_stmt 0 discriminator 1
 521 01aa 054B     		ldr	r3, .L49+4
 522 01ac 1B68     		ldr	r3, [r3]
 523 01ae 002B     		cmp	r3, #0
 524 01b0 02DC     		bgt	.L46
 525              	.L47:
 526              		.loc 1 196 0 is_stmt 1
 527 01b2 0448     		ldr	r0, .L49+8
 528 01b4 FFF7FEFF 		bl	chDbgPanic
 529              	.L46:
 530              		.loc 1 197 0
 531 01b8 08BD     		pop	{r3, pc}
 532              	.L50:
 533 01ba 00BF     		.align	2
 534              	.L49:
 535 01bc 00000000 		.word	dbg_isr_cnt
 536 01c0 00000000 		.word	dbg_lock_cnt
 537 01c4 48000000 		.word	.LC9
 538              		.cfi_endproc
 539              	.LFE16:
 540              		.size	chDbgCheckClassI, .-chDbgCheckClassI
 541              		.section	.rodata
 542 004e 0000     		.align	2
 543              	.LC10:
 544 0050 53562331 		.ascii	"SV#11\000"
 544      3100
 545 0056 0000     		.text
 546              		.align	2
 547              		.global	chDbgCheckClassS
 548              		.thumb
 549              		.thumb_func
 550              		.type	chDbgCheckClassS, %function
 551              	chDbgCheckClassS:
 552              	.LFB17:
 553              		.loc 1 207 0
 554              		.cfi_startproc
 555              		@ args = 0, pretend = 0, frame = 0
 556              		@ frame_needed = 0, uses_anonymous_args = 0
 557 01c8 08B5     		push	{r3, lr}
 558              		.cfi_def_cfa_offset 8
 559              		.cfi_offset 3, -8
ARM GAS  /tmp/ccCqmZCb.s 			page 11


 560              		.cfi_offset 14, -4
 561              		.loc 1 209 0
 562 01ca 064B     		ldr	r3, .L54
 563 01cc 1B68     		ldr	r3, [r3]
 564 01ce 002B     		cmp	r3, #0
 565 01d0 03D1     		bne	.L52
 566              		.loc 1 209 0 is_stmt 0 discriminator 1
 567 01d2 054B     		ldr	r3, .L54+4
 568 01d4 1B68     		ldr	r3, [r3]
 569 01d6 002B     		cmp	r3, #0
 570 01d8 02DC     		bgt	.L51
 571              	.L52:
 572              		.loc 1 210 0 is_stmt 1
 573 01da 0448     		ldr	r0, .L54+8
 574 01dc FFF7FEFF 		bl	chDbgPanic
 575              	.L51:
 576              		.loc 1 211 0
 577 01e0 08BD     		pop	{r3, pc}
 578              	.L55:
 579 01e2 00BF     		.align	2
 580              	.L54:
 581 01e4 00000000 		.word	dbg_isr_cnt
 582 01e8 00000000 		.word	dbg_lock_cnt
 583 01ec 50000000 		.word	.LC10
 584              		.cfi_endproc
 585              	.LFE17:
 586              		.size	chDbgCheckClassS, .-chDbgCheckClassS
 587              		.comm	dbg_trace_buffer,1032,4
 588              		.align	2
 589              		.global	_trace_init
 590              		.thumb
 591              		.thumb_func
 592              		.type	_trace_init, %function
 593              	_trace_init:
 594              	.LFB18:
 595              		.loc 1 229 0
 596              		.cfi_startproc
 597              		@ args = 0, pretend = 0, frame = 0
 598              		@ frame_needed = 0, uses_anonymous_args = 0
 599              		@ link register save eliminated.
 600              		.loc 1 231 0
 601 01f0 034B     		ldr	r3, .L57
 602 01f2 4022     		movs	r2, #64
 603 01f4 1A60     		str	r2, [r3]
 604              		.loc 1 232 0
 605 01f6 024B     		ldr	r3, .L57
 606 01f8 024A     		ldr	r2, .L57+4
 607 01fa 5A60     		str	r2, [r3, #4]
 608              		.loc 1 233 0
 609 01fc 7047     		bx	lr
 610              	.L58:
 611 01fe 00BF     		.align	2
 612              	.L57:
 613 0200 00000000 		.word	dbg_trace_buffer
 614 0204 08000000 		.word	dbg_trace_buffer+8
 615              		.cfi_endproc
 616              	.LFE18:
ARM GAS  /tmp/ccCqmZCb.s 			page 12


 617              		.size	_trace_init, .-_trace_init
 618              		.align	2
 619              		.global	dbg_trace
 620              		.thumb
 621              		.thumb_func
 622              		.type	dbg_trace, %function
 623              	dbg_trace:
 624              	.LFB19:
 625              		.loc 1 242 0
 626              		.cfi_startproc
 627              		@ args = 0, pretend = 0, frame = 8
 628              		@ frame_needed = 0, uses_anonymous_args = 0
 629              		@ link register save eliminated.
 630 0208 82B0     		sub	sp, sp, #8
 631              		.cfi_def_cfa_offset 8
 632 020a 0190     		str	r0, [sp, #4]
 633              		.loc 1 244 0
 634 020c 114B     		ldr	r3, .L61
 635 020e 5B68     		ldr	r3, [r3, #4]
 636 0210 114A     		ldr	r2, .L61+4
 637 0212 D268     		ldr	r2, [r2, #12]
 638 0214 1A60     		str	r2, [r3]
 639              		.loc 1 245 0
 640 0216 0F4B     		ldr	r3, .L61
 641 0218 5B68     		ldr	r3, [r3, #4]
 642 021a 104A     		ldr	r2, .L61+8
 643 021c 9269     		ldr	r2, [r2, #24]
 644 021e 5A60     		str	r2, [r3, #4]
 645              		.loc 1 246 0
 646 0220 0C4B     		ldr	r3, .L61
 647 0222 5B68     		ldr	r3, [r3, #4]
 648 0224 019A     		ldr	r2, [sp, #4]
 649 0226 926A     		ldr	r2, [r2, #40]
 650 0228 9A60     		str	r2, [r3, #8]
 651              		.loc 1 247 0
 652 022a 0A4B     		ldr	r3, .L61
 653 022c 5B68     		ldr	r3, [r3, #4]
 654 022e 019A     		ldr	r2, [sp, #4]
 655 0230 92F82020 		ldrb	r2, [r2, #32]	@ zero_extendqisi2
 656 0234 1A73     		strb	r2, [r3, #12]
 657              		.loc 1 248 0
 658 0236 074B     		ldr	r3, .L61
 659 0238 5B68     		ldr	r3, [r3, #4]
 660 023a 1033     		adds	r3, r3, #16
 661 023c 054A     		ldr	r2, .L61
 662 023e 5360     		str	r3, [r2, #4]
 663 0240 044B     		ldr	r3, .L61
 664 0242 5B68     		ldr	r3, [r3, #4]
 665 0244 064A     		ldr	r2, .L61+12
 666 0246 9342     		cmp	r3, r2
 667 0248 02D3     		bcc	.L59
 668              		.loc 1 250 0
 669 024a 024B     		ldr	r3, .L61
 670 024c 054A     		ldr	r2, .L61+16
 671 024e 5A60     		str	r2, [r3, #4]
 672              	.L59:
 673              		.loc 1 251 0
ARM GAS  /tmp/ccCqmZCb.s 			page 13


 674 0250 02B0     		add	sp, sp, #8
 675              		.cfi_def_cfa_offset 0
 676              		@ sp needed
 677 0252 7047     		bx	lr
 678              	.L62:
 679              		.align	2
 680              	.L61:
 681 0254 00000000 		.word	dbg_trace_buffer
 682 0258 00000000 		.word	vtlist
 683 025c 00000000 		.word	rlist
 684 0260 08040000 		.word	dbg_trace_buffer+1032
 685 0264 08000000 		.word	dbg_trace_buffer+8
 686              		.cfi_endproc
 687              	.LFE19:
 688              		.size	dbg_trace, .-dbg_trace
 689              		.comm	dbg_panic_msg,4,4
 690              		.align	2
 691              		.global	chDbgPanic
 692              		.thumb
 693              		.thumb_func
 694              		.type	chDbgPanic, %function
 695              	chDbgPanic:
 696              	.LFB20:
 697              		.loc 1 271 0
 698              		.cfi_startproc
 699              		@ args = 0, pretend = 0, frame = 8
 700              		@ frame_needed = 0, uses_anonymous_args = 0
 701 0268 00B5     		push	{lr}
 702              		.cfi_def_cfa_offset 4
 703              		.cfi_offset 14, -4
 704 026a 83B0     		sub	sp, sp, #12
 705              		.cfi_def_cfa_offset 16
 706 026c 0190     		str	r0, [sp, #4]
 707              		.loc 1 273 0
 708 026e 044A     		ldr	r2, .L64
 709 0270 019B     		ldr	r3, [sp, #4]
 710 0272 1360     		str	r3, [r2]
 711              		.loc 1 274 0
 712 0274 FFF7FEFF 		bl	port_halt
 713              		.loc 1 275 0
 714 0278 03B0     		add	sp, sp, #12
 715              		.cfi_def_cfa_offset 4
 716              		@ sp needed
 717 027a 5DF804FB 		ldr	pc, [sp], #4
 718              	.L65:
 719 027e 00BF     		.align	2
 720              	.L64:
 721 0280 00000000 		.word	dbg_panic_msg
 722              		.cfi_endproc
 723              	.LFE20:
 724              		.size	chDbgPanic, .-chDbgPanic
 725              	.Letext0:
 726              		.file 2 "/opt/R2P/tools/gcc-arm-none-eabi-4_9-2014q4/arm-none-eabi/include/machine/_default_types.
 727              		.file 3 "/opt/R2P/tools/gcc-arm-none-eabi-4_9-2014q4/arm-none-eabi/include/stdint.h"
 728              		.file 4 "/opt/R2P/core/ChibiOS_2.6.5/os/ports/GCC/ARMCMx/chtypes.h"
 729              		.file 5 "/opt/R2P/core/ChibiOS_2.6.5/os/kernel/include/chlists.h"
 730              		.file 6 "/opt/R2P/core/ChibiOS_2.6.5/os/kernel/include/chthreads.h"
ARM GAS  /tmp/ccCqmZCb.s 			page 14


 731              		.file 7 "/opt/R2P/core/ChibiOS_2.6.5/os/ports/GCC/ARMCMx/chcore_v7m.h"
 732              		.file 8 "/opt/R2P/core/ChibiOS_2.6.5/os/kernel/include/chvt.h"
 733              		.file 9 "/opt/R2P/core/ChibiOS_2.6.5/os/kernel/include/chschd.h"
 734              		.file 10 "/opt/R2P/core/ChibiOS_2.6.5/os/kernel/include/chmtx.h"
 735              		.file 11 "/opt/R2P/core/ChibiOS_2.6.5/os/kernel/include/chdebug.h"
 736              		.section	.debug_info,"",%progbits
 737              	.Ldebug_info0:
 738 0000 53070000 		.4byte	0x753
 739 0004 0400     		.2byte	0x4
 740 0006 00000000 		.4byte	.Ldebug_abbrev0
 741 000a 04       		.byte	0x4
 742 000b 01       		.uleb128 0x1
 743 000c 75030000 		.4byte	.LASF107
 744 0010 01       		.byte	0x1
 745 0011 46010000 		.4byte	.LASF108
 746 0015 00000000 		.4byte	.Ltext0
 747 0019 84020000 		.4byte	.Letext0-.Ltext0
 748 001d 00000000 		.4byte	.Ldebug_line0
 749 0021 02       		.uleb128 0x2
 750 0022 04       		.byte	0x4
 751 0023 05       		.byte	0x5
 752 0024 696E7400 		.ascii	"int\000"
 753 0028 03       		.uleb128 0x3
 754 0029 04       		.byte	0x4
 755 002a 07       		.byte	0x7
 756 002b 15010000 		.4byte	.LASF0
 757 002f 03       		.uleb128 0x3
 758 0030 01       		.byte	0x1
 759 0031 06       		.byte	0x6
 760 0032 82000000 		.4byte	.LASF1
 761 0036 04       		.uleb128 0x4
 762 0037 21000000 		.4byte	.LASF5
 763 003b 02       		.byte	0x2
 764 003c 1D       		.byte	0x1d
 765 003d 41000000 		.4byte	0x41
 766 0041 03       		.uleb128 0x3
 767 0042 01       		.byte	0x1
 768 0043 08       		.byte	0x8
 769 0044 F0020000 		.4byte	.LASF2
 770 0048 03       		.uleb128 0x3
 771 0049 02       		.byte	0x2
 772 004a 05       		.byte	0x5
 773 004b 16030000 		.4byte	.LASF3
 774 004f 03       		.uleb128 0x3
 775 0050 02       		.byte	0x2
 776 0051 07       		.byte	0x7
 777 0052 9D010000 		.4byte	.LASF4
 778 0056 04       		.uleb128 0x4
 779 0057 2B040000 		.4byte	.LASF6
 780 005b 02       		.byte	0x2
 781 005c 3F       		.byte	0x3f
 782 005d 61000000 		.4byte	0x61
 783 0061 03       		.uleb128 0x3
 784 0062 04       		.byte	0x4
 785 0063 05       		.byte	0x5
 786 0064 B8000000 		.4byte	.LASF7
 787 0068 04       		.uleb128 0x4
ARM GAS  /tmp/ccCqmZCb.s 			page 15


 788 0069 E0000000 		.4byte	.LASF8
 789 006d 02       		.byte	0x2
 790 006e 41       		.byte	0x41
 791 006f 73000000 		.4byte	0x73
 792 0073 03       		.uleb128 0x3
 793 0074 04       		.byte	0x4
 794 0075 07       		.byte	0x7
 795 0076 34010000 		.4byte	.LASF9
 796 007a 03       		.uleb128 0x3
 797 007b 08       		.byte	0x8
 798 007c 05       		.byte	0x5
 799 007d 74000000 		.4byte	.LASF10
 800 0081 04       		.uleb128 0x4
 801 0082 A5020000 		.4byte	.LASF11
 802 0086 02       		.byte	0x2
 803 0087 5B       		.byte	0x5b
 804 0088 8C000000 		.4byte	0x8c
 805 008c 03       		.uleb128 0x3
 806 008d 08       		.byte	0x8
 807 008e 07       		.byte	0x7
 808 008f 32000000 		.4byte	.LASF12
 809 0093 04       		.uleb128 0x4
 810 0094 B2040000 		.4byte	.LASF13
 811 0098 03       		.byte	0x3
 812 0099 15       		.byte	0x15
 813 009a 36000000 		.4byte	0x36
 814 009e 04       		.uleb128 0x4
 815 009f E8020000 		.4byte	.LASF14
 816 00a3 03       		.byte	0x3
 817 00a4 2C       		.byte	0x2c
 818 00a5 56000000 		.4byte	0x56
 819 00a9 04       		.uleb128 0x4
 820 00aa 57030000 		.4byte	.LASF15
 821 00ae 03       		.byte	0x3
 822 00af 2D       		.byte	0x2d
 823 00b0 68000000 		.4byte	0x68
 824 00b4 04       		.uleb128 0x4
 825 00b5 18000000 		.4byte	.LASF16
 826 00b9 03       		.byte	0x3
 827 00ba 39       		.byte	0x39
 828 00bb 81000000 		.4byte	0x81
 829 00bf 03       		.uleb128 0x3
 830 00c0 01       		.byte	0x1
 831 00c1 02       		.byte	0x2
 832 00c2 E2020000 		.4byte	.LASF17
 833 00c6 04       		.uleb128 0x4
 834 00c7 DB010000 		.4byte	.LASF18
 835 00cb 04       		.byte	0x4
 836 00cc 2C       		.byte	0x2c
 837 00cd 93000000 		.4byte	0x93
 838 00d1 04       		.uleb128 0x4
 839 00d2 C1000000 		.4byte	.LASF19
 840 00d6 04       		.byte	0x4
 841 00d7 2D       		.byte	0x2d
 842 00d8 93000000 		.4byte	0x93
 843 00dc 04       		.uleb128 0x4
 844 00dd C1020000 		.4byte	.LASF20
ARM GAS  /tmp/ccCqmZCb.s 			page 16


 845 00e1 04       		.byte	0x4
 846 00e2 2E       		.byte	0x2e
 847 00e3 93000000 		.4byte	0x93
 848 00e7 04       		.uleb128 0x4
 849 00e8 DA020000 		.4byte	.LASF21
 850 00ec 04       		.byte	0x4
 851 00ed 30       		.byte	0x30
 852 00ee A9000000 		.4byte	0xa9
 853 00f2 04       		.uleb128 0x4
 854 00f3 BC010000 		.4byte	.LASF22
 855 00f7 04       		.byte	0x4
 856 00f8 31       		.byte	0x31
 857 00f9 9E000000 		.4byte	0x9e
 858 00fd 04       		.uleb128 0x4
 859 00fe 0C020000 		.4byte	.LASF23
 860 0102 04       		.byte	0x4
 861 0103 33       		.byte	0x33
 862 0104 A9000000 		.4byte	0xa9
 863 0108 04       		.uleb128 0x4
 864 0109 16040000 		.4byte	.LASF24
 865 010d 04       		.byte	0x4
 866 010e 35       		.byte	0x35
 867 010f A9000000 		.4byte	0xa9
 868 0113 04       		.uleb128 0x4
 869 0114 04010000 		.4byte	.LASF25
 870 0118 04       		.byte	0x4
 871 0119 36       		.byte	0x36
 872 011a 9E000000 		.4byte	0x9e
 873 011e 04       		.uleb128 0x4
 874 011f 45030000 		.4byte	.LASF26
 875 0123 05       		.byte	0x5
 876 0124 2A       		.byte	0x2a
 877 0125 29010000 		.4byte	0x129
 878 0129 05       		.uleb128 0x5
 879 012a 45030000 		.4byte	.LASF26
 880 012e 4C       		.byte	0x4c
 881 012f 06       		.byte	0x6
 882 0130 5E       		.byte	0x5e
 883 0131 26020000 		.4byte	0x226
 884 0135 06       		.uleb128 0x6
 885 0136 36030000 		.4byte	.LASF27
 886 013a 06       		.byte	0x6
 887 013b 5F       		.byte	0x5f
 888 013c 47020000 		.4byte	0x247
 889 0140 00       		.byte	0
 890 0141 06       		.uleb128 0x6
 891 0142 D3020000 		.4byte	.LASF28
 892 0146 06       		.byte	0x6
 893 0147 61       		.byte	0x61
 894 0148 47020000 		.4byte	0x247
 895 014c 04       		.byte	0x4
 896 014d 06       		.uleb128 0x6
 897 014e 6D000000 		.4byte	.LASF29
 898 0152 06       		.byte	0x6
 899 0153 63       		.byte	0x63
 900 0154 E7000000 		.4byte	0xe7
 901 0158 08       		.byte	0x8
ARM GAS  /tmp/ccCqmZCb.s 			page 17


 902 0159 06       		.uleb128 0x6
 903 015a 16050000 		.4byte	.LASF30
 904 015e 06       		.byte	0x6
 905 015f 64       		.byte	0x64
 906 0160 0C030000 		.4byte	0x30c
 907 0164 0C       		.byte	0xc
 908 0165 06       		.uleb128 0x6
 909 0166 D0000000 		.4byte	.LASF31
 910 016a 06       		.byte	0x6
 911 016b 66       		.byte	0x66
 912 016c 47020000 		.4byte	0x247
 913 0170 10       		.byte	0x10
 914 0171 06       		.uleb128 0x6
 915 0172 67020000 		.4byte	.LASF32
 916 0176 06       		.byte	0x6
 917 0177 67       		.byte	0x67
 918 0178 47020000 		.4byte	0x247
 919 017c 14       		.byte	0x14
 920 017d 06       		.uleb128 0x6
 921 017e D9040000 		.4byte	.LASF33
 922 0182 06       		.byte	0x6
 923 0183 6E       		.byte	0x6e
 924 0184 C6040000 		.4byte	0x4c6
 925 0188 18       		.byte	0x18
 926 0189 06       		.uleb128 0x6
 927 018a 0A010000 		.4byte	.LASF34
 928 018e 06       		.byte	0x6
 929 018f 74       		.byte	0x74
 930 0190 D8040000 		.4byte	0x4d8
 931 0194 1C       		.byte	0x1c
 932 0195 06       		.uleb128 0x6
 933 0196 20030000 		.4byte	.LASF35
 934 019a 06       		.byte	0x6
 935 019b 79       		.byte	0x79
 936 019c D1000000 		.4byte	0xd1
 937 01a0 20       		.byte	0x20
 938 01a1 06       		.uleb128 0x6
 939 01a2 3D030000 		.4byte	.LASF36
 940 01a6 06       		.byte	0x6
 941 01a7 7D       		.byte	0x7d
 942 01a8 C6000000 		.4byte	0xc6
 943 01ac 21       		.byte	0x21
 944 01ad 06       		.uleb128 0x6
 945 01ae 87040000 		.4byte	.LASF37
 946 01b2 06       		.byte	0x6
 947 01b3 82       		.byte	0x82
 948 01b4 DC000000 		.4byte	0xdc
 949 01b8 22       		.byte	0x22
 950 01b9 06       		.uleb128 0x6
 951 01ba 42040000 		.4byte	.LASF38
 952 01be 06       		.byte	0x6
 953 01bf 8F       		.byte	0x8f
 954 01c0 E3030000 		.4byte	0x3e3
 955 01c4 24       		.byte	0x24
 956 01c5 07       		.uleb128 0x7
 957 01c6 705F7500 		.ascii	"p_u\000"
 958 01ca 06       		.byte	0x6
ARM GAS  /tmp/ccCqmZCb.s 			page 18


 959 01cb B4       		.byte	0xb4
 960 01cc 91040000 		.4byte	0x491
 961 01d0 28       		.byte	0x28
 962 01d1 06       		.uleb128 0x6
 963 01d2 1C050000 		.4byte	.LASF39
 964 01d6 06       		.byte	0x6
 965 01d7 B9       		.byte	0xb9
 966 01d8 6D020000 		.4byte	0x26d
 967 01dc 2C       		.byte	0x2c
 968 01dd 06       		.uleb128 0x6
 969 01de 64040000 		.4byte	.LASF40
 970 01e2 06       		.byte	0x6
 971 01e3 BF       		.byte	0xbf
 972 01e4 4D020000 		.4byte	0x24d
 973 01e8 30       		.byte	0x30
 974 01e9 06       		.uleb128 0x6
 975 01ea 00000000 		.4byte	.LASF41
 976 01ee 06       		.byte	0x6
 977 01ef C3       		.byte	0xc3
 978 01f0 F2000000 		.4byte	0xf2
 979 01f4 38       		.byte	0x38
 980 01f5 06       		.uleb128 0x6
 981 01f6 4C030000 		.4byte	.LASF42
 982 01fa 06       		.byte	0x6
 983 01fb C9       		.byte	0xc9
 984 01fc FD000000 		.4byte	0xfd
 985 0200 3C       		.byte	0x3c
 986 0201 06       		.uleb128 0x6
 987 0202 0C030000 		.4byte	.LASF43
 988 0206 06       		.byte	0x6
 989 0207 D0       		.byte	0xd0
 990 0208 DE040000 		.4byte	0x4de
 991 020c 40       		.byte	0x40
 992 020d 06       		.uleb128 0x6
 993 020e 20040000 		.4byte	.LASF44
 994 0212 06       		.byte	0x6
 995 0213 D4       		.byte	0xd4
 996 0214 E7000000 		.4byte	0xe7
 997 0218 44       		.byte	0x44
 998 0219 06       		.uleb128 0x6
 999 021a A8000000 		.4byte	.LASF45
 1000 021e 06       		.byte	0x6
 1001 021f DA       		.byte	0xda
 1002 0220 83020000 		.4byte	0x283
 1003 0224 48       		.byte	0x48
 1004 0225 00       		.byte	0
 1005 0226 08       		.uleb128 0x8
 1006 0227 08       		.byte	0x8
 1007 0228 05       		.byte	0x5
 1008 0229 61       		.byte	0x61
 1009 022a 47020000 		.4byte	0x247
 1010 022e 06       		.uleb128 0x6
 1011 022f 36030000 		.4byte	.LASF27
 1012 0233 05       		.byte	0x5
 1013 0234 62       		.byte	0x62
 1014 0235 47020000 		.4byte	0x247
 1015 0239 00       		.byte	0
ARM GAS  /tmp/ccCqmZCb.s 			page 19


 1016 023a 06       		.uleb128 0x6
 1017 023b D3020000 		.4byte	.LASF28
 1018 023f 05       		.byte	0x5
 1019 0240 64       		.byte	0x64
 1020 0241 47020000 		.4byte	0x247
 1021 0245 04       		.byte	0x4
 1022 0246 00       		.byte	0
 1023 0247 09       		.uleb128 0x9
 1024 0248 04       		.byte	0x4
 1025 0249 1E010000 		.4byte	0x11e
 1026 024d 04       		.uleb128 0x4
 1027 024e 75020000 		.4byte	.LASF46
 1028 0252 05       		.byte	0x5
 1029 0253 66       		.byte	0x66
 1030 0254 26020000 		.4byte	0x226
 1031 0258 08       		.uleb128 0x8
 1032 0259 04       		.byte	0x4
 1033 025a 05       		.byte	0x5
 1034 025b 6B       		.byte	0x6b
 1035 025c 6D020000 		.4byte	0x26d
 1036 0260 06       		.uleb128 0x6
 1037 0261 36030000 		.4byte	.LASF27
 1038 0265 05       		.byte	0x5
 1039 0266 6D       		.byte	0x6d
 1040 0267 47020000 		.4byte	0x247
 1041 026b 00       		.byte	0
 1042 026c 00       		.byte	0
 1043 026d 04       		.uleb128 0x4
 1044 026e 00020000 		.4byte	.LASF47
 1045 0272 05       		.byte	0x5
 1046 0273 70       		.byte	0x70
 1047 0274 58020000 		.4byte	0x258
 1048 0278 04       		.uleb128 0x4
 1049 0279 EB000000 		.4byte	.LASF48
 1050 027d 07       		.byte	0x7
 1051 027e E5       		.byte	0xe5
 1052 027f 83020000 		.4byte	0x283
 1053 0283 0A       		.uleb128 0xa
 1054 0284 04       		.byte	0x4
 1055 0285 04       		.uleb128 0x4
 1056 0286 1E020000 		.4byte	.LASF49
 1057 028a 07       		.byte	0x7
 1058 028b EB       		.byte	0xeb
 1059 028c B4000000 		.4byte	0xb4
 1060 0290 0B       		.uleb128 0xb
 1061 0291 5D040000 		.4byte	.LASF50
 1062 0295 24       		.byte	0x24
 1063 0296 07       		.byte	0x7
 1064 0297 0C01     		.2byte	0x10c
 1065 0299 0C030000 		.4byte	0x30c
 1066 029d 0C       		.uleb128 0xc
 1067 029e 723400   		.ascii	"r4\000"
 1068 02a1 07       		.byte	0x7
 1069 02a2 1F01     		.2byte	0x11f
 1070 02a4 78020000 		.4byte	0x278
 1071 02a8 00       		.byte	0
 1072 02a9 0C       		.uleb128 0xc
ARM GAS  /tmp/ccCqmZCb.s 			page 20


 1073 02aa 723500   		.ascii	"r5\000"
 1074 02ad 07       		.byte	0x7
 1075 02ae 2001     		.2byte	0x120
 1076 02b0 78020000 		.4byte	0x278
 1077 02b4 04       		.byte	0x4
 1078 02b5 0C       		.uleb128 0xc
 1079 02b6 723600   		.ascii	"r6\000"
 1080 02b9 07       		.byte	0x7
 1081 02ba 2101     		.2byte	0x121
 1082 02bc 78020000 		.4byte	0x278
 1083 02c0 08       		.byte	0x8
 1084 02c1 0C       		.uleb128 0xc
 1085 02c2 723700   		.ascii	"r7\000"
 1086 02c5 07       		.byte	0x7
 1087 02c6 2201     		.2byte	0x122
 1088 02c8 78020000 		.4byte	0x278
 1089 02cc 0C       		.byte	0xc
 1090 02cd 0C       		.uleb128 0xc
 1091 02ce 723800   		.ascii	"r8\000"
 1092 02d1 07       		.byte	0x7
 1093 02d2 2301     		.2byte	0x123
 1094 02d4 78020000 		.4byte	0x278
 1095 02d8 10       		.byte	0x10
 1096 02d9 0C       		.uleb128 0xc
 1097 02da 723900   		.ascii	"r9\000"
 1098 02dd 07       		.byte	0x7
 1099 02de 2401     		.2byte	0x124
 1100 02e0 78020000 		.4byte	0x278
 1101 02e4 14       		.byte	0x14
 1102 02e5 0C       		.uleb128 0xc
 1103 02e6 72313000 		.ascii	"r10\000"
 1104 02ea 07       		.byte	0x7
 1105 02eb 2501     		.2byte	0x125
 1106 02ed 78020000 		.4byte	0x278
 1107 02f1 18       		.byte	0x18
 1108 02f2 0C       		.uleb128 0xc
 1109 02f3 72313100 		.ascii	"r11\000"
 1110 02f7 07       		.byte	0x7
 1111 02f8 2601     		.2byte	0x126
 1112 02fa 78020000 		.4byte	0x278
 1113 02fe 1C       		.byte	0x1c
 1114 02ff 0C       		.uleb128 0xc
 1115 0300 6C7200   		.ascii	"lr\000"
 1116 0303 07       		.byte	0x7
 1117 0304 2701     		.2byte	0x127
 1118 0306 78020000 		.4byte	0x278
 1119 030a 20       		.byte	0x20
 1120 030b 00       		.byte	0
 1121 030c 0B       		.uleb128 0xb
 1122 030d 95010000 		.4byte	.LASF51
 1123 0311 04       		.byte	0x4
 1124 0312 07       		.byte	0x7
 1125 0313 3101     		.2byte	0x131
 1126 0315 27030000 		.4byte	0x327
 1127 0319 0C       		.uleb128 0xc
 1128 031a 72313300 		.ascii	"r13\000"
 1129 031e 07       		.byte	0x7
ARM GAS  /tmp/ccCqmZCb.s 			page 21


 1130 031f 3201     		.2byte	0x132
 1131 0321 27030000 		.4byte	0x327
 1132 0325 00       		.byte	0
 1133 0326 00       		.byte	0
 1134 0327 09       		.uleb128 0x9
 1135 0328 04       		.byte	0x4
 1136 0329 90020000 		.4byte	0x290
 1137 032d 03       		.uleb128 0x3
 1138 032e 04       		.byte	0x4
 1139 032f 07       		.byte	0x7
 1140 0330 38020000 		.4byte	.LASF52
 1141 0334 04       		.uleb128 0x4
 1142 0335 7A010000 		.4byte	.LASF53
 1143 0339 08       		.byte	0x8
 1144 033a 58       		.byte	0x58
 1145 033b 3F030000 		.4byte	0x33f
 1146 033f 09       		.uleb128 0x9
 1147 0340 04       		.byte	0x4
 1148 0341 45030000 		.4byte	0x345
 1149 0345 0D       		.uleb128 0xd
 1150 0346 50030000 		.4byte	0x350
 1151 034a 0E       		.uleb128 0xe
 1152 034b 83020000 		.4byte	0x283
 1153 034f 00       		.byte	0
 1154 0350 04       		.uleb128 0x4
 1155 0351 68030000 		.4byte	.LASF54
 1156 0355 08       		.byte	0x8
 1157 0356 5D       		.byte	0x5d
 1158 0357 5B030000 		.4byte	0x35b
 1159 035b 05       		.uleb128 0x5
 1160 035c 68030000 		.4byte	.LASF54
 1161 0360 14       		.byte	0x14
 1162 0361 08       		.byte	0x8
 1163 0362 64       		.byte	0x64
 1164 0363 A4030000 		.4byte	0x3a4
 1165 0367 06       		.uleb128 0x6
 1166 0368 22010000 		.4byte	.LASF55
 1167 036c 08       		.byte	0x8
 1168 036d 65       		.byte	0x65
 1169 036e A4030000 		.4byte	0x3a4
 1170 0372 00       		.byte	0
 1171 0373 06       		.uleb128 0x6
 1172 0374 F4000000 		.4byte	.LASF56
 1173 0378 08       		.byte	0x8
 1174 0379 67       		.byte	0x67
 1175 037a A4030000 		.4byte	0x3a4
 1176 037e 04       		.byte	0x4
 1177 037f 06       		.uleb128 0x6
 1178 0380 29020000 		.4byte	.LASF57
 1179 0384 08       		.byte	0x8
 1180 0385 69       		.byte	0x69
 1181 0386 08010000 		.4byte	0x108
 1182 038a 08       		.byte	0x8
 1183 038b 06       		.uleb128 0x6
 1184 038c 41020000 		.4byte	.LASF58
 1185 0390 08       		.byte	0x8
 1186 0391 6A       		.byte	0x6a
ARM GAS  /tmp/ccCqmZCb.s 			page 22


 1187 0392 34030000 		.4byte	0x334
 1188 0396 0C       		.byte	0xc
 1189 0397 06       		.uleb128 0x6
 1190 0398 80040000 		.4byte	.LASF59
 1191 039c 08       		.byte	0x8
 1192 039d 6C       		.byte	0x6c
 1193 039e 83020000 		.4byte	0x283
 1194 03a2 10       		.byte	0x10
 1195 03a3 00       		.byte	0
 1196 03a4 09       		.uleb128 0x9
 1197 03a5 04       		.byte	0x4
 1198 03a6 50030000 		.4byte	0x350
 1199 03aa 08       		.uleb128 0x8
 1200 03ab 10       		.byte	0x10
 1201 03ac 08       		.byte	0x8
 1202 03ad 76       		.byte	0x76
 1203 03ae E3030000 		.4byte	0x3e3
 1204 03b2 06       		.uleb128 0x6
 1205 03b3 22010000 		.4byte	.LASF55
 1206 03b7 08       		.byte	0x8
 1207 03b8 77       		.byte	0x77
 1208 03b9 A4030000 		.4byte	0x3a4
 1209 03bd 00       		.byte	0
 1210 03be 06       		.uleb128 0x6
 1211 03bf F4000000 		.4byte	.LASF56
 1212 03c3 08       		.byte	0x8
 1213 03c4 79       		.byte	0x79
 1214 03c5 A4030000 		.4byte	0x3a4
 1215 03c9 04       		.byte	0x4
 1216 03ca 06       		.uleb128 0x6
 1217 03cb 29020000 		.4byte	.LASF57
 1218 03cf 08       		.byte	0x8
 1219 03d0 7B       		.byte	0x7b
 1220 03d1 08010000 		.4byte	0x108
 1221 03d5 08       		.byte	0x8
 1222 03d6 06       		.uleb128 0x6
 1223 03d7 E0040000 		.4byte	.LASF60
 1224 03db 08       		.byte	0x8
 1225 03dc 7C       		.byte	0x7c
 1226 03dd E3030000 		.4byte	0x3e3
 1227 03e1 0C       		.byte	0xc
 1228 03e2 00       		.byte	0
 1229 03e3 0F       		.uleb128 0xf
 1230 03e4 08010000 		.4byte	0x108
 1231 03e8 04       		.uleb128 0x4
 1232 03e9 EB040000 		.4byte	.LASF61
 1233 03ed 08       		.byte	0x8
 1234 03ee 7D       		.byte	0x7d
 1235 03ef AA030000 		.4byte	0x3aa
 1236 03f3 08       		.uleb128 0x8
 1237 03f4 1C       		.byte	0x1c
 1238 03f5 09       		.byte	0x9
 1239 03f6 5E       		.byte	0x5e
 1240 03f7 44040000 		.4byte	0x444
 1241 03fb 06       		.uleb128 0x6
 1242 03fc 60030000 		.4byte	.LASF62
 1243 0400 09       		.byte	0x9
ARM GAS  /tmp/ccCqmZCb.s 			page 23


 1244 0401 5F       		.byte	0x5f
 1245 0402 4D020000 		.4byte	0x24d
 1246 0406 00       		.byte	0
 1247 0407 06       		.uleb128 0x6
 1248 0408 28030000 		.4byte	.LASF63
 1249 040c 09       		.byte	0x9
 1250 040d 60       		.byte	0x60
 1251 040e E7000000 		.4byte	0xe7
 1252 0412 08       		.byte	0x8
 1253 0413 06       		.uleb128 0x6
 1254 0414 6F020000 		.4byte	.LASF64
 1255 0418 09       		.byte	0x9
 1256 0419 62       		.byte	0x62
 1257 041a 0C030000 		.4byte	0x30c
 1258 041e 0C       		.byte	0xc
 1259 041f 06       		.uleb128 0x6
 1260 0420 C2010000 		.4byte	.LASF65
 1261 0424 09       		.byte	0x9
 1262 0425 65       		.byte	0x65
 1263 0426 47020000 		.4byte	0x247
 1264 042a 10       		.byte	0x10
 1265 042b 06       		.uleb128 0x6
 1266 042c 8C020000 		.4byte	.LASF66
 1267 0430 09       		.byte	0x9
 1268 0431 66       		.byte	0x66
 1269 0432 47020000 		.4byte	0x247
 1270 0436 14       		.byte	0x14
 1271 0437 06       		.uleb128 0x6
 1272 0438 82020000 		.4byte	.LASF67
 1273 043c 09       		.byte	0x9
 1274 043d 69       		.byte	0x69
 1275 043e 47020000 		.4byte	0x247
 1276 0442 18       		.byte	0x18
 1277 0443 00       		.byte	0
 1278 0444 04       		.uleb128 0x4
 1279 0445 8E040000 		.4byte	.LASF68
 1280 0449 09       		.byte	0x9
 1281 044a 6B       		.byte	0x6b
 1282 044b F3030000 		.4byte	0x3f3
 1283 044f 05       		.uleb128 0x5
 1284 0450 18020000 		.4byte	.LASF69
 1285 0454 10       		.byte	0x10
 1286 0455 0A       		.byte	0xa
 1287 0456 2C       		.byte	0x2c
 1288 0457 80040000 		.4byte	0x480
 1289 045b 06       		.uleb128 0x6
 1290 045c B0000000 		.4byte	.LASF70
 1291 0460 0A       		.byte	0xa
 1292 0461 2D       		.byte	0x2d
 1293 0462 4D020000 		.4byte	0x24d
 1294 0466 00       		.byte	0
 1295 0467 06       		.uleb128 0x6
 1296 0468 04050000 		.4byte	.LASF71
 1297 046c 0A       		.byte	0xa
 1298 046d 2F       		.byte	0x2f
 1299 046e 47020000 		.4byte	0x247
 1300 0472 08       		.byte	0x8
ARM GAS  /tmp/ccCqmZCb.s 			page 24


 1301 0473 06       		.uleb128 0x6
 1302 0474 0F040000 		.4byte	.LASF72
 1303 0478 0A       		.byte	0xa
 1304 0479 31       		.byte	0x31
 1305 047a 80040000 		.4byte	0x480
 1306 047e 0C       		.byte	0xc
 1307 047f 00       		.byte	0
 1308 0480 09       		.uleb128 0x9
 1309 0481 04       		.byte	0x4
 1310 0482 4F040000 		.4byte	0x44f
 1311 0486 04       		.uleb128 0x4
 1312 0487 18020000 		.4byte	.LASF69
 1313 048b 0A       		.byte	0xa
 1314 048c 33       		.byte	0x33
 1315 048d 4F040000 		.4byte	0x44f
 1316 0491 10       		.uleb128 0x10
 1317 0492 04       		.byte	0x4
 1318 0493 06       		.byte	0x6
 1319 0494 96       		.byte	0x96
 1320 0495 C6040000 		.4byte	0x4c6
 1321 0499 11       		.uleb128 0x11
 1322 049a 11000000 		.4byte	.LASF73
 1323 049e 06       		.byte	0x6
 1324 049f 9D       		.byte	0x9d
 1325 04a0 F2000000 		.4byte	0xf2
 1326 04a4 11       		.uleb128 0x11
 1327 04a5 64000000 		.4byte	.LASF74
 1328 04a9 06       		.byte	0x6
 1329 04aa A4       		.byte	0xa4
 1330 04ab F2000000 		.4byte	0xf2
 1331 04af 11       		.uleb128 0x11
 1332 04b0 D2040000 		.4byte	.LASF75
 1333 04b4 06       		.byte	0x6
 1334 04b5 AB       		.byte	0xab
 1335 04b6 83020000 		.4byte	0x283
 1336 04ba 11       		.uleb128 0x11
 1337 04bb 2F030000 		.4byte	.LASF76
 1338 04bf 06       		.byte	0x6
 1339 04c0 B2       		.byte	0xb2
 1340 04c1 FD000000 		.4byte	0xfd
 1341 04c5 00       		.byte	0
 1342 04c6 09       		.uleb128 0x9
 1343 04c7 04       		.byte	0x4
 1344 04c8 CC040000 		.4byte	0x4cc
 1345 04cc 12       		.uleb128 0x12
 1346 04cd D1040000 		.4byte	0x4d1
 1347 04d1 03       		.uleb128 0x3
 1348 04d2 01       		.byte	0x1
 1349 04d3 08       		.byte	0x8
 1350 04d4 0A040000 		.4byte	.LASF77
 1351 04d8 09       		.uleb128 0x9
 1352 04d9 04       		.byte	0x4
 1353 04da 85020000 		.4byte	0x285
 1354 04de 09       		.uleb128 0x9
 1355 04df 04       		.byte	0x4
 1356 04e0 86040000 		.4byte	0x486
 1357 04e4 08       		.uleb128 0x8
ARM GAS  /tmp/ccCqmZCb.s 			page 25


 1358 04e5 10       		.byte	0x10
 1359 04e6 0B       		.byte	0xb
 1360 04e7 71       		.byte	0x71
 1361 04e8 1D050000 		.4byte	0x51d
 1362 04ec 06       		.uleb128 0x6
 1363 04ed FC000000 		.4byte	.LASF78
 1364 04f1 0B       		.byte	0xb
 1365 04f2 72       		.byte	0x72
 1366 04f3 08010000 		.4byte	0x108
 1367 04f7 00       		.byte	0
 1368 04f8 06       		.uleb128 0x6
 1369 04f9 CA000000 		.4byte	.LASF79
 1370 04fd 0B       		.byte	0xb
 1371 04fe 73       		.byte	0x73
 1372 04ff 47020000 		.4byte	0x247
 1373 0503 04       		.byte	0x4
 1374 0504 06       		.uleb128 0x6
 1375 0505 0C050000 		.4byte	.LASF80
 1376 0509 0B       		.byte	0xb
 1377 050a 74       		.byte	0x74
 1378 050b 83020000 		.4byte	0x283
 1379 050f 08       		.byte	0x8
 1380 0510 06       		.uleb128 0x6
 1381 0511 5B000000 		.4byte	.LASF81
 1382 0515 0B       		.byte	0xb
 1383 0516 75       		.byte	0x75
 1384 0517 93000000 		.4byte	0x93
 1385 051b 0C       		.byte	0xc
 1386 051c 00       		.byte	0
 1387 051d 04       		.uleb128 0x4
 1388 051e 58020000 		.4byte	.LASF82
 1389 0522 0B       		.byte	0xb
 1390 0523 76       		.byte	0x76
 1391 0524 E4040000 		.4byte	0x4e4
 1392 0528 13       		.uleb128 0x13
 1393 0529 0804     		.2byte	0x408
 1394 052b 0B       		.byte	0xb
 1395 052c 7B       		.byte	0x7b
 1396 052d 56050000 		.4byte	0x556
 1397 0531 06       		.uleb128 0x6
 1398 0532 D8000000 		.4byte	.LASF83
 1399 0536 0B       		.byte	0xb
 1400 0537 7C       		.byte	0x7c
 1401 0538 28000000 		.4byte	0x28
 1402 053c 00       		.byte	0
 1403 053d 06       		.uleb128 0x6
 1404 053e 31020000 		.4byte	.LASF84
 1405 0542 0B       		.byte	0xb
 1406 0543 7D       		.byte	0x7d
 1407 0544 56050000 		.4byte	0x556
 1408 0548 04       		.byte	0x4
 1409 0549 06       		.uleb128 0x6
 1410 054a C9020000 		.4byte	.LASF85
 1411 054e 0B       		.byte	0xb
 1412 054f 7F       		.byte	0x7f
 1413 0550 5C050000 		.4byte	0x55c
 1414 0554 08       		.byte	0x8
ARM GAS  /tmp/ccCqmZCb.s 			page 26


 1415 0555 00       		.byte	0
 1416 0556 09       		.uleb128 0x9
 1417 0557 04       		.byte	0x4
 1418 0558 1D050000 		.4byte	0x51d
 1419 055c 14       		.uleb128 0x14
 1420 055d 1D050000 		.4byte	0x51d
 1421 0561 6C050000 		.4byte	0x56c
 1422 0565 15       		.uleb128 0x15
 1423 0566 2D030000 		.4byte	0x32d
 1424 056a 3F       		.byte	0x3f
 1425 056b 00       		.byte	0
 1426 056c 04       		.uleb128 0x4
 1427 056d 49000000 		.4byte	.LASF86
 1428 0571 0B       		.byte	0xb
 1429 0572 80       		.byte	0x80
 1430 0573 28050000 		.4byte	0x528
 1431 0577 16       		.uleb128 0x16
 1432 0578 F2040000 		.4byte	.LASF87
 1433 057c 01       		.byte	0x1
 1434 057d 51       		.byte	0x51
 1435 057e 00000000 		.4byte	.LFB7
 1436 0582 28000000 		.4byte	.LFE7-.LFB7
 1437 0586 01       		.uleb128 0x1
 1438 0587 9C       		.byte	0x9c
 1439 0588 16       		.uleb128 0x16
 1440 0589 83010000 		.4byte	.LASF88
 1441 058d 01       		.byte	0x1
 1442 058e 5C       		.byte	0x5c
 1443 058f 28000000 		.4byte	.LFB8
 1444 0593 28000000 		.4byte	.LFE8-.LFB8
 1445 0597 01       		.uleb128 0x1
 1446 0598 9C       		.byte	0x9c
 1447 0599 16       		.uleb128 0x16
 1448 059a 6F040000 		.4byte	.LASF89
 1449 059e 01       		.byte	0x1
 1450 059f 67       		.byte	0x67
 1451 05a0 50000000 		.4byte	.LFB9
 1452 05a4 28000000 		.4byte	.LFE9-.LFB9
 1453 05a8 01       		.uleb128 0x1
 1454 05a9 9C       		.byte	0x9c
 1455 05aa 16       		.uleb128 0x16
 1456 05ab 49020000 		.4byte	.LASF90
 1457 05af 01       		.byte	0x1
 1458 05b0 72       		.byte	0x72
 1459 05b1 78000000 		.4byte	.LFB10
 1460 05b5 2C000000 		.4byte	.LFE10-.LFB10
 1461 05b9 01       		.uleb128 0x1
 1462 05ba 9C       		.byte	0x9c
 1463 05bb 16       		.uleb128 0x16
 1464 05bc 94020000 		.4byte	.LASF91
 1465 05c0 01       		.byte	0x1
 1466 05c1 7E       		.byte	0x7e
 1467 05c2 A4000000 		.4byte	.LFB11
 1468 05c6 2C000000 		.4byte	.LFE11-.LFB11
 1469 05ca 01       		.uleb128 0x1
 1470 05cb 9C       		.byte	0x9c
 1471 05cc 16       		.uleb128 0x16
ARM GAS  /tmp/ccCqmZCb.s 			page 27


 1472 05cd BA040000 		.4byte	.LASF92
 1473 05d1 01       		.byte	0x1
 1474 05d2 8A       		.byte	0x8a
 1475 05d3 D0000000 		.4byte	.LFB12
 1476 05d7 2C000000 		.4byte	.LFE12-.LFB12
 1477 05db 01       		.uleb128 0x1
 1478 05dc 9C       		.byte	0x9c
 1479 05dd 16       		.uleb128 0x16
 1480 05de 8E000000 		.4byte	.LASF93
 1481 05e2 01       		.byte	0x1
 1482 05e3 96       		.byte	0x96
 1483 05e4 FC000000 		.4byte	.LFB13
 1484 05e8 2C000000 		.4byte	.LFE13-.LFB13
 1485 05ec 01       		.uleb128 0x1
 1486 05ed 9C       		.byte	0x9c
 1487 05ee 17       		.uleb128 0x17
 1488 05ef 98040000 		.4byte	.LASF94
 1489 05f3 01       		.byte	0x1
 1490 05f4 A2       		.byte	0xa2
 1491 05f5 28010000 		.4byte	.LFB14
 1492 05f9 3C000000 		.4byte	.LFE14-.LFB14
 1493 05fd 01       		.uleb128 0x1
 1494 05fe 9C       		.byte	0x9c
 1495 05ff 36060000 		.4byte	0x636
 1496 0603 18       		.uleb128 0x18
 1497 0604 2A010000 		.4byte	.LBB2
 1498 0608 06000000 		.4byte	.LBE2-.LBB2
 1499 060c 1E060000 		.4byte	0x61e
 1500 0610 19       		.uleb128 0x19
 1501 0611 746D7000 		.ascii	"tmp\000"
 1502 0615 01       		.byte	0x1
 1503 0616 A4       		.byte	0xa4
 1504 0617 A9000000 		.4byte	0xa9
 1505 061b 01       		.uleb128 0x1
 1506 061c 53       		.byte	0x53
 1507 061d 00       		.byte	0
 1508 061e 1A       		.uleb128 0x1a
 1509 061f 50010000 		.4byte	.LBB3
 1510 0623 06000000 		.4byte	.LBE3-.LBB3
 1511 0627 19       		.uleb128 0x19
 1512 0628 746D7000 		.ascii	"tmp\000"
 1513 062c 01       		.byte	0x1
 1514 062d A8       		.byte	0xa8
 1515 062e A9000000 		.4byte	0xa9
 1516 0632 01       		.uleb128 0x1
 1517 0633 53       		.byte	0x53
 1518 0634 00       		.byte	0
 1519 0635 00       		.byte	0
 1520 0636 17       		.uleb128 0x17
 1521 0637 49040000 		.4byte	.LASF95
 1522 063b 01       		.byte	0x1
 1523 063c B0       		.byte	0xb0
 1524 063d 64010000 		.4byte	.LFB15
 1525 0641 3C000000 		.4byte	.LFE15-.LFB15
 1526 0645 01       		.uleb128 0x1
 1527 0646 9C       		.byte	0x9c
 1528 0647 7E060000 		.4byte	0x67e
ARM GAS  /tmp/ccCqmZCb.s 			page 28


 1529 064b 18       		.uleb128 0x18
 1530 064c 66010000 		.4byte	.LBB4
 1531 0650 06000000 		.4byte	.LBE4-.LBB4
 1532 0654 66060000 		.4byte	0x666
 1533 0658 19       		.uleb128 0x19
 1534 0659 746D7000 		.ascii	"tmp\000"
 1535 065d 01       		.byte	0x1
 1536 065e B2       		.byte	0xb2
 1537 065f A9000000 		.4byte	0xa9
 1538 0663 01       		.uleb128 0x1
 1539 0664 53       		.byte	0x53
 1540 0665 00       		.byte	0
 1541 0666 1A       		.uleb128 0x1a
 1542 0667 8C010000 		.4byte	.LBB5
 1543 066b 06000000 		.4byte	.LBE5-.LBB5
 1544 066f 19       		.uleb128 0x19
 1545 0670 746D7000 		.ascii	"tmp\000"
 1546 0674 01       		.byte	0x1
 1547 0675 B6       		.byte	0xb6
 1548 0676 A9000000 		.4byte	0xa9
 1549 067a 01       		.uleb128 0x1
 1550 067b 53       		.byte	0x53
 1551 067c 00       		.byte	0
 1552 067d 00       		.byte	0
 1553 067e 16       		.uleb128 0x16
 1554 067f CA010000 		.4byte	.LASF96
 1555 0683 01       		.byte	0x1
 1556 0684 C1       		.byte	0xc1
 1557 0685 A0010000 		.4byte	.LFB16
 1558 0689 28000000 		.4byte	.LFE16-.LFB16
 1559 068d 01       		.uleb128 0x1
 1560 068e 9C       		.byte	0x9c
 1561 068f 16       		.uleb128 0x16
 1562 0690 EF010000 		.4byte	.LASF97
 1563 0694 01       		.byte	0x1
 1564 0695 CF       		.byte	0xcf
 1565 0696 C8010000 		.4byte	.LFB17
 1566 069a 28000000 		.4byte	.LFE17-.LFB17
 1567 069e 01       		.uleb128 0x1
 1568 069f 9C       		.byte	0x9c
 1569 06a0 1B       		.uleb128 0x1b
 1570 06a1 B0010000 		.4byte	.LASF98
 1571 06a5 01       		.byte	0x1
 1572 06a6 E5       		.byte	0xe5
 1573 06a7 F0010000 		.4byte	.LFB18
 1574 06ab 18000000 		.4byte	.LFE18-.LFB18
 1575 06af 01       		.uleb128 0x1
 1576 06b0 9C       		.byte	0x9c
 1577 06b1 1C       		.uleb128 0x1c
 1578 06b2 2A010000 		.4byte	.LASF99
 1579 06b6 01       		.byte	0x1
 1580 06b7 F2       		.byte	0xf2
 1581 06b8 08020000 		.4byte	.LFB19
 1582 06bc 60000000 		.4byte	.LFE19-.LFB19
 1583 06c0 01       		.uleb128 0x1
 1584 06c1 9C       		.byte	0x9c
 1585 06c2 D5060000 		.4byte	0x6d5
ARM GAS  /tmp/ccCqmZCb.s 			page 29


 1586 06c6 1D       		.uleb128 0x1d
 1587 06c7 6F747000 		.ascii	"otp\000"
 1588 06cb 01       		.byte	0x1
 1589 06cc F2       		.byte	0xf2
 1590 06cd 47020000 		.4byte	0x247
 1591 06d1 02       		.uleb128 0x2
 1592 06d2 91       		.byte	0x91
 1593 06d3 7C       		.sleb128 -4
 1594 06d4 00       		.byte	0
 1595 06d5 1E       		.uleb128 0x1e
 1596 06d6 06000000 		.4byte	.LASF100
 1597 06da 01       		.byte	0x1
 1598 06db 0F01     		.2byte	0x10f
 1599 06dd 68020000 		.4byte	.LFB20
 1600 06e1 1C000000 		.4byte	.LFE20-.LFB20
 1601 06e5 01       		.uleb128 0x1
 1602 06e6 9C       		.byte	0x9c
 1603 06e7 FB060000 		.4byte	0x6fb
 1604 06eb 1F       		.uleb128 0x1f
 1605 06ec 6D736700 		.ascii	"msg\000"
 1606 06f0 01       		.byte	0x1
 1607 06f1 0F01     		.2byte	0x10f
 1608 06f3 C6040000 		.4byte	0x4c6
 1609 06f7 02       		.uleb128 0x2
 1610 06f8 91       		.byte	0x91
 1611 06f9 74       		.sleb128 -12
 1612 06fa 00       		.byte	0
 1613 06fb 20       		.uleb128 0x20
 1614 06fc 2B000000 		.4byte	.LASF101
 1615 0700 08       		.byte	0x8
 1616 0701 F5       		.byte	0xf5
 1617 0702 E8030000 		.4byte	0x3e8
 1618 0706 20       		.uleb128 0x20
 1619 0707 AC040000 		.4byte	.LASF102
 1620 070b 09       		.byte	0x9
 1621 070c 6F       		.byte	0x6f
 1622 070d 44040000 		.4byte	0x444
 1623 0711 21       		.uleb128 0x21
 1624 0712 B0020000 		.4byte	.LASF103
 1625 0716 01       		.byte	0x1
 1626 0717 DF       		.byte	0xdf
 1627 0718 6C050000 		.4byte	0x56c
 1628 071c 05       		.uleb128 0x5
 1629 071d 03       		.byte	0x3
 1630 071e 00000000 		.4byte	dbg_trace_buffer
 1631 0722 21       		.uleb128 0x21
 1632 0723 E3010000 		.4byte	.LASF104
 1633 0727 01       		.byte	0x1
 1634 0728 45       		.byte	0x45
 1635 0729 13010000 		.4byte	0x113
 1636 072d 05       		.uleb128 0x5
 1637 072e 03       		.byte	0x3
 1638 072f 00000000 		.4byte	dbg_isr_cnt
 1639 0733 21       		.uleb128 0x21
 1640 0734 35040000 		.4byte	.LASF105
 1641 0738 01       		.byte	0x1
 1642 0739 4A       		.byte	0x4a
ARM GAS  /tmp/ccCqmZCb.s 			page 30


 1643 073a 13010000 		.4byte	0x113
 1644 073e 05       		.uleb128 0x5
 1645 073f 03       		.byte	0x3
 1646 0740 00000000 		.4byte	dbg_lock_cnt
 1647 0744 22       		.uleb128 0x22
 1648 0745 FE020000 		.4byte	.LASF106
 1649 0749 01       		.byte	0x1
 1650 074a 0801     		.2byte	0x108
 1651 074c C6040000 		.4byte	0x4c6
 1652 0750 05       		.uleb128 0x5
 1653 0751 03       		.byte	0x3
 1654 0752 00000000 		.4byte	dbg_panic_msg
 1655 0756 00       		.byte	0
 1656              		.section	.debug_abbrev,"",%progbits
 1657              	.Ldebug_abbrev0:
 1658 0000 01       		.uleb128 0x1
 1659 0001 11       		.uleb128 0x11
 1660 0002 01       		.byte	0x1
 1661 0003 25       		.uleb128 0x25
 1662 0004 0E       		.uleb128 0xe
 1663 0005 13       		.uleb128 0x13
 1664 0006 0B       		.uleb128 0xb
 1665 0007 03       		.uleb128 0x3
 1666 0008 0E       		.uleb128 0xe
 1667 0009 11       		.uleb128 0x11
 1668 000a 01       		.uleb128 0x1
 1669 000b 12       		.uleb128 0x12
 1670 000c 06       		.uleb128 0x6
 1671 000d 10       		.uleb128 0x10
 1672 000e 17       		.uleb128 0x17
 1673 000f 00       		.byte	0
 1674 0010 00       		.byte	0
 1675 0011 02       		.uleb128 0x2
 1676 0012 24       		.uleb128 0x24
 1677 0013 00       		.byte	0
 1678 0014 0B       		.uleb128 0xb
 1679 0015 0B       		.uleb128 0xb
 1680 0016 3E       		.uleb128 0x3e
 1681 0017 0B       		.uleb128 0xb
 1682 0018 03       		.uleb128 0x3
 1683 0019 08       		.uleb128 0x8
 1684 001a 00       		.byte	0
 1685 001b 00       		.byte	0
 1686 001c 03       		.uleb128 0x3
 1687 001d 24       		.uleb128 0x24
 1688 001e 00       		.byte	0
 1689 001f 0B       		.uleb128 0xb
 1690 0020 0B       		.uleb128 0xb
 1691 0021 3E       		.uleb128 0x3e
 1692 0022 0B       		.uleb128 0xb
 1693 0023 03       		.uleb128 0x3
 1694 0024 0E       		.uleb128 0xe
 1695 0025 00       		.byte	0
 1696 0026 00       		.byte	0
 1697 0027 04       		.uleb128 0x4
 1698 0028 16       		.uleb128 0x16
 1699 0029 00       		.byte	0
ARM GAS  /tmp/ccCqmZCb.s 			page 31


 1700 002a 03       		.uleb128 0x3
 1701 002b 0E       		.uleb128 0xe
 1702 002c 3A       		.uleb128 0x3a
 1703 002d 0B       		.uleb128 0xb
 1704 002e 3B       		.uleb128 0x3b
 1705 002f 0B       		.uleb128 0xb
 1706 0030 49       		.uleb128 0x49
 1707 0031 13       		.uleb128 0x13
 1708 0032 00       		.byte	0
 1709 0033 00       		.byte	0
 1710 0034 05       		.uleb128 0x5
 1711 0035 13       		.uleb128 0x13
 1712 0036 01       		.byte	0x1
 1713 0037 03       		.uleb128 0x3
 1714 0038 0E       		.uleb128 0xe
 1715 0039 0B       		.uleb128 0xb
 1716 003a 0B       		.uleb128 0xb
 1717 003b 3A       		.uleb128 0x3a
 1718 003c 0B       		.uleb128 0xb
 1719 003d 3B       		.uleb128 0x3b
 1720 003e 0B       		.uleb128 0xb
 1721 003f 01       		.uleb128 0x1
 1722 0040 13       		.uleb128 0x13
 1723 0041 00       		.byte	0
 1724 0042 00       		.byte	0
 1725 0043 06       		.uleb128 0x6
 1726 0044 0D       		.uleb128 0xd
 1727 0045 00       		.byte	0
 1728 0046 03       		.uleb128 0x3
 1729 0047 0E       		.uleb128 0xe
 1730 0048 3A       		.uleb128 0x3a
 1731 0049 0B       		.uleb128 0xb
 1732 004a 3B       		.uleb128 0x3b
 1733 004b 0B       		.uleb128 0xb
 1734 004c 49       		.uleb128 0x49
 1735 004d 13       		.uleb128 0x13
 1736 004e 38       		.uleb128 0x38
 1737 004f 0B       		.uleb128 0xb
 1738 0050 00       		.byte	0
 1739 0051 00       		.byte	0
 1740 0052 07       		.uleb128 0x7
 1741 0053 0D       		.uleb128 0xd
 1742 0054 00       		.byte	0
 1743 0055 03       		.uleb128 0x3
 1744 0056 08       		.uleb128 0x8
 1745 0057 3A       		.uleb128 0x3a
 1746 0058 0B       		.uleb128 0xb
 1747 0059 3B       		.uleb128 0x3b
 1748 005a 0B       		.uleb128 0xb
 1749 005b 49       		.uleb128 0x49
 1750 005c 13       		.uleb128 0x13
 1751 005d 38       		.uleb128 0x38
 1752 005e 0B       		.uleb128 0xb
 1753 005f 00       		.byte	0
 1754 0060 00       		.byte	0
 1755 0061 08       		.uleb128 0x8
 1756 0062 13       		.uleb128 0x13
ARM GAS  /tmp/ccCqmZCb.s 			page 32


 1757 0063 01       		.byte	0x1
 1758 0064 0B       		.uleb128 0xb
 1759 0065 0B       		.uleb128 0xb
 1760 0066 3A       		.uleb128 0x3a
 1761 0067 0B       		.uleb128 0xb
 1762 0068 3B       		.uleb128 0x3b
 1763 0069 0B       		.uleb128 0xb
 1764 006a 01       		.uleb128 0x1
 1765 006b 13       		.uleb128 0x13
 1766 006c 00       		.byte	0
 1767 006d 00       		.byte	0
 1768 006e 09       		.uleb128 0x9
 1769 006f 0F       		.uleb128 0xf
 1770 0070 00       		.byte	0
 1771 0071 0B       		.uleb128 0xb
 1772 0072 0B       		.uleb128 0xb
 1773 0073 49       		.uleb128 0x49
 1774 0074 13       		.uleb128 0x13
 1775 0075 00       		.byte	0
 1776 0076 00       		.byte	0
 1777 0077 0A       		.uleb128 0xa
 1778 0078 0F       		.uleb128 0xf
 1779 0079 00       		.byte	0
 1780 007a 0B       		.uleb128 0xb
 1781 007b 0B       		.uleb128 0xb
 1782 007c 00       		.byte	0
 1783 007d 00       		.byte	0
 1784 007e 0B       		.uleb128 0xb
 1785 007f 13       		.uleb128 0x13
 1786 0080 01       		.byte	0x1
 1787 0081 03       		.uleb128 0x3
 1788 0082 0E       		.uleb128 0xe
 1789 0083 0B       		.uleb128 0xb
 1790 0084 0B       		.uleb128 0xb
 1791 0085 3A       		.uleb128 0x3a
 1792 0086 0B       		.uleb128 0xb
 1793 0087 3B       		.uleb128 0x3b
 1794 0088 05       		.uleb128 0x5
 1795 0089 01       		.uleb128 0x1
 1796 008a 13       		.uleb128 0x13
 1797 008b 00       		.byte	0
 1798 008c 00       		.byte	0
 1799 008d 0C       		.uleb128 0xc
 1800 008e 0D       		.uleb128 0xd
 1801 008f 00       		.byte	0
 1802 0090 03       		.uleb128 0x3
 1803 0091 08       		.uleb128 0x8
 1804 0092 3A       		.uleb128 0x3a
 1805 0093 0B       		.uleb128 0xb
 1806 0094 3B       		.uleb128 0x3b
 1807 0095 05       		.uleb128 0x5
 1808 0096 49       		.uleb128 0x49
 1809 0097 13       		.uleb128 0x13
 1810 0098 38       		.uleb128 0x38
 1811 0099 0B       		.uleb128 0xb
 1812 009a 00       		.byte	0
 1813 009b 00       		.byte	0
ARM GAS  /tmp/ccCqmZCb.s 			page 33


 1814 009c 0D       		.uleb128 0xd
 1815 009d 15       		.uleb128 0x15
 1816 009e 01       		.byte	0x1
 1817 009f 27       		.uleb128 0x27
 1818 00a0 19       		.uleb128 0x19
 1819 00a1 01       		.uleb128 0x1
 1820 00a2 13       		.uleb128 0x13
 1821 00a3 00       		.byte	0
 1822 00a4 00       		.byte	0
 1823 00a5 0E       		.uleb128 0xe
 1824 00a6 05       		.uleb128 0x5
 1825 00a7 00       		.byte	0
 1826 00a8 49       		.uleb128 0x49
 1827 00a9 13       		.uleb128 0x13
 1828 00aa 00       		.byte	0
 1829 00ab 00       		.byte	0
 1830 00ac 0F       		.uleb128 0xf
 1831 00ad 35       		.uleb128 0x35
 1832 00ae 00       		.byte	0
 1833 00af 49       		.uleb128 0x49
 1834 00b0 13       		.uleb128 0x13
 1835 00b1 00       		.byte	0
 1836 00b2 00       		.byte	0
 1837 00b3 10       		.uleb128 0x10
 1838 00b4 17       		.uleb128 0x17
 1839 00b5 01       		.byte	0x1
 1840 00b6 0B       		.uleb128 0xb
 1841 00b7 0B       		.uleb128 0xb
 1842 00b8 3A       		.uleb128 0x3a
 1843 00b9 0B       		.uleb128 0xb
 1844 00ba 3B       		.uleb128 0x3b
 1845 00bb 0B       		.uleb128 0xb
 1846 00bc 01       		.uleb128 0x1
 1847 00bd 13       		.uleb128 0x13
 1848 00be 00       		.byte	0
 1849 00bf 00       		.byte	0
 1850 00c0 11       		.uleb128 0x11
 1851 00c1 0D       		.uleb128 0xd
 1852 00c2 00       		.byte	0
 1853 00c3 03       		.uleb128 0x3
 1854 00c4 0E       		.uleb128 0xe
 1855 00c5 3A       		.uleb128 0x3a
 1856 00c6 0B       		.uleb128 0xb
 1857 00c7 3B       		.uleb128 0x3b
 1858 00c8 0B       		.uleb128 0xb
 1859 00c9 49       		.uleb128 0x49
 1860 00ca 13       		.uleb128 0x13
 1861 00cb 00       		.byte	0
 1862 00cc 00       		.byte	0
 1863 00cd 12       		.uleb128 0x12
 1864 00ce 26       		.uleb128 0x26
 1865 00cf 00       		.byte	0
 1866 00d0 49       		.uleb128 0x49
 1867 00d1 13       		.uleb128 0x13
 1868 00d2 00       		.byte	0
 1869 00d3 00       		.byte	0
 1870 00d4 13       		.uleb128 0x13
ARM GAS  /tmp/ccCqmZCb.s 			page 34


 1871 00d5 13       		.uleb128 0x13
 1872 00d6 01       		.byte	0x1
 1873 00d7 0B       		.uleb128 0xb
 1874 00d8 05       		.uleb128 0x5
 1875 00d9 3A       		.uleb128 0x3a
 1876 00da 0B       		.uleb128 0xb
 1877 00db 3B       		.uleb128 0x3b
 1878 00dc 0B       		.uleb128 0xb
 1879 00dd 01       		.uleb128 0x1
 1880 00de 13       		.uleb128 0x13
 1881 00df 00       		.byte	0
 1882 00e0 00       		.byte	0
 1883 00e1 14       		.uleb128 0x14
 1884 00e2 01       		.uleb128 0x1
 1885 00e3 01       		.byte	0x1
 1886 00e4 49       		.uleb128 0x49
 1887 00e5 13       		.uleb128 0x13
 1888 00e6 01       		.uleb128 0x1
 1889 00e7 13       		.uleb128 0x13
 1890 00e8 00       		.byte	0
 1891 00e9 00       		.byte	0
 1892 00ea 15       		.uleb128 0x15
 1893 00eb 21       		.uleb128 0x21
 1894 00ec 00       		.byte	0
 1895 00ed 49       		.uleb128 0x49
 1896 00ee 13       		.uleb128 0x13
 1897 00ef 2F       		.uleb128 0x2f
 1898 00f0 0B       		.uleb128 0xb
 1899 00f1 00       		.byte	0
 1900 00f2 00       		.byte	0
 1901 00f3 16       		.uleb128 0x16
 1902 00f4 2E       		.uleb128 0x2e
 1903 00f5 00       		.byte	0
 1904 00f6 3F       		.uleb128 0x3f
 1905 00f7 19       		.uleb128 0x19
 1906 00f8 03       		.uleb128 0x3
 1907 00f9 0E       		.uleb128 0xe
 1908 00fa 3A       		.uleb128 0x3a
 1909 00fb 0B       		.uleb128 0xb
 1910 00fc 3B       		.uleb128 0x3b
 1911 00fd 0B       		.uleb128 0xb
 1912 00fe 27       		.uleb128 0x27
 1913 00ff 19       		.uleb128 0x19
 1914 0100 11       		.uleb128 0x11
 1915 0101 01       		.uleb128 0x1
 1916 0102 12       		.uleb128 0x12
 1917 0103 06       		.uleb128 0x6
 1918 0104 40       		.uleb128 0x40
 1919 0105 18       		.uleb128 0x18
 1920 0106 9642     		.uleb128 0x2116
 1921 0108 19       		.uleb128 0x19
 1922 0109 00       		.byte	0
 1923 010a 00       		.byte	0
 1924 010b 17       		.uleb128 0x17
 1925 010c 2E       		.uleb128 0x2e
 1926 010d 01       		.byte	0x1
 1927 010e 3F       		.uleb128 0x3f
ARM GAS  /tmp/ccCqmZCb.s 			page 35


 1928 010f 19       		.uleb128 0x19
 1929 0110 03       		.uleb128 0x3
 1930 0111 0E       		.uleb128 0xe
 1931 0112 3A       		.uleb128 0x3a
 1932 0113 0B       		.uleb128 0xb
 1933 0114 3B       		.uleb128 0x3b
 1934 0115 0B       		.uleb128 0xb
 1935 0116 27       		.uleb128 0x27
 1936 0117 19       		.uleb128 0x19
 1937 0118 11       		.uleb128 0x11
 1938 0119 01       		.uleb128 0x1
 1939 011a 12       		.uleb128 0x12
 1940 011b 06       		.uleb128 0x6
 1941 011c 40       		.uleb128 0x40
 1942 011d 18       		.uleb128 0x18
 1943 011e 9642     		.uleb128 0x2116
 1944 0120 19       		.uleb128 0x19
 1945 0121 01       		.uleb128 0x1
 1946 0122 13       		.uleb128 0x13
 1947 0123 00       		.byte	0
 1948 0124 00       		.byte	0
 1949 0125 18       		.uleb128 0x18
 1950 0126 0B       		.uleb128 0xb
 1951 0127 01       		.byte	0x1
 1952 0128 11       		.uleb128 0x11
 1953 0129 01       		.uleb128 0x1
 1954 012a 12       		.uleb128 0x12
 1955 012b 06       		.uleb128 0x6
 1956 012c 01       		.uleb128 0x1
 1957 012d 13       		.uleb128 0x13
 1958 012e 00       		.byte	0
 1959 012f 00       		.byte	0
 1960 0130 19       		.uleb128 0x19
 1961 0131 34       		.uleb128 0x34
 1962 0132 00       		.byte	0
 1963 0133 03       		.uleb128 0x3
 1964 0134 08       		.uleb128 0x8
 1965 0135 3A       		.uleb128 0x3a
 1966 0136 0B       		.uleb128 0xb
 1967 0137 3B       		.uleb128 0x3b
 1968 0138 0B       		.uleb128 0xb
 1969 0139 49       		.uleb128 0x49
 1970 013a 13       		.uleb128 0x13
 1971 013b 02       		.uleb128 0x2
 1972 013c 18       		.uleb128 0x18
 1973 013d 00       		.byte	0
 1974 013e 00       		.byte	0
 1975 013f 1A       		.uleb128 0x1a
 1976 0140 0B       		.uleb128 0xb
 1977 0141 01       		.byte	0x1
 1978 0142 11       		.uleb128 0x11
 1979 0143 01       		.uleb128 0x1
 1980 0144 12       		.uleb128 0x12
 1981 0145 06       		.uleb128 0x6
 1982 0146 00       		.byte	0
 1983 0147 00       		.byte	0
 1984 0148 1B       		.uleb128 0x1b
ARM GAS  /tmp/ccCqmZCb.s 			page 36


 1985 0149 2E       		.uleb128 0x2e
 1986 014a 00       		.byte	0
 1987 014b 3F       		.uleb128 0x3f
 1988 014c 19       		.uleb128 0x19
 1989 014d 03       		.uleb128 0x3
 1990 014e 0E       		.uleb128 0xe
 1991 014f 3A       		.uleb128 0x3a
 1992 0150 0B       		.uleb128 0xb
 1993 0151 3B       		.uleb128 0x3b
 1994 0152 0B       		.uleb128 0xb
 1995 0153 27       		.uleb128 0x27
 1996 0154 19       		.uleb128 0x19
 1997 0155 11       		.uleb128 0x11
 1998 0156 01       		.uleb128 0x1
 1999 0157 12       		.uleb128 0x12
 2000 0158 06       		.uleb128 0x6
 2001 0159 40       		.uleb128 0x40
 2002 015a 18       		.uleb128 0x18
 2003 015b 9742     		.uleb128 0x2117
 2004 015d 19       		.uleb128 0x19
 2005 015e 00       		.byte	0
 2006 015f 00       		.byte	0
 2007 0160 1C       		.uleb128 0x1c
 2008 0161 2E       		.uleb128 0x2e
 2009 0162 01       		.byte	0x1
 2010 0163 3F       		.uleb128 0x3f
 2011 0164 19       		.uleb128 0x19
 2012 0165 03       		.uleb128 0x3
 2013 0166 0E       		.uleb128 0xe
 2014 0167 3A       		.uleb128 0x3a
 2015 0168 0B       		.uleb128 0xb
 2016 0169 3B       		.uleb128 0x3b
 2017 016a 0B       		.uleb128 0xb
 2018 016b 27       		.uleb128 0x27
 2019 016c 19       		.uleb128 0x19
 2020 016d 11       		.uleb128 0x11
 2021 016e 01       		.uleb128 0x1
 2022 016f 12       		.uleb128 0x12
 2023 0170 06       		.uleb128 0x6
 2024 0171 40       		.uleb128 0x40
 2025 0172 18       		.uleb128 0x18
 2026 0173 9742     		.uleb128 0x2117
 2027 0175 19       		.uleb128 0x19
 2028 0176 01       		.uleb128 0x1
 2029 0177 13       		.uleb128 0x13
 2030 0178 00       		.byte	0
 2031 0179 00       		.byte	0
 2032 017a 1D       		.uleb128 0x1d
 2033 017b 05       		.uleb128 0x5
 2034 017c 00       		.byte	0
 2035 017d 03       		.uleb128 0x3
 2036 017e 08       		.uleb128 0x8
 2037 017f 3A       		.uleb128 0x3a
 2038 0180 0B       		.uleb128 0xb
 2039 0181 3B       		.uleb128 0x3b
 2040 0182 0B       		.uleb128 0xb
 2041 0183 49       		.uleb128 0x49
ARM GAS  /tmp/ccCqmZCb.s 			page 37


 2042 0184 13       		.uleb128 0x13
 2043 0185 02       		.uleb128 0x2
 2044 0186 18       		.uleb128 0x18
 2045 0187 00       		.byte	0
 2046 0188 00       		.byte	0
 2047 0189 1E       		.uleb128 0x1e
 2048 018a 2E       		.uleb128 0x2e
 2049 018b 01       		.byte	0x1
 2050 018c 3F       		.uleb128 0x3f
 2051 018d 19       		.uleb128 0x19
 2052 018e 03       		.uleb128 0x3
 2053 018f 0E       		.uleb128 0xe
 2054 0190 3A       		.uleb128 0x3a
 2055 0191 0B       		.uleb128 0xb
 2056 0192 3B       		.uleb128 0x3b
 2057 0193 05       		.uleb128 0x5
 2058 0194 27       		.uleb128 0x27
 2059 0195 19       		.uleb128 0x19
 2060 0196 11       		.uleb128 0x11
 2061 0197 01       		.uleb128 0x1
 2062 0198 12       		.uleb128 0x12
 2063 0199 06       		.uleb128 0x6
 2064 019a 40       		.uleb128 0x40
 2065 019b 18       		.uleb128 0x18
 2066 019c 9642     		.uleb128 0x2116
 2067 019e 19       		.uleb128 0x19
 2068 019f 01       		.uleb128 0x1
 2069 01a0 13       		.uleb128 0x13
 2070 01a1 00       		.byte	0
 2071 01a2 00       		.byte	0
 2072 01a3 1F       		.uleb128 0x1f
 2073 01a4 05       		.uleb128 0x5
 2074 01a5 00       		.byte	0
 2075 01a6 03       		.uleb128 0x3
 2076 01a7 08       		.uleb128 0x8
 2077 01a8 3A       		.uleb128 0x3a
 2078 01a9 0B       		.uleb128 0xb
 2079 01aa 3B       		.uleb128 0x3b
 2080 01ab 05       		.uleb128 0x5
 2081 01ac 49       		.uleb128 0x49
 2082 01ad 13       		.uleb128 0x13
 2083 01ae 02       		.uleb128 0x2
 2084 01af 18       		.uleb128 0x18
 2085 01b0 00       		.byte	0
 2086 01b1 00       		.byte	0
 2087 01b2 20       		.uleb128 0x20
 2088 01b3 34       		.uleb128 0x34
 2089 01b4 00       		.byte	0
 2090 01b5 03       		.uleb128 0x3
 2091 01b6 0E       		.uleb128 0xe
 2092 01b7 3A       		.uleb128 0x3a
 2093 01b8 0B       		.uleb128 0xb
 2094 01b9 3B       		.uleb128 0x3b
 2095 01ba 0B       		.uleb128 0xb
 2096 01bb 49       		.uleb128 0x49
 2097 01bc 13       		.uleb128 0x13
 2098 01bd 3F       		.uleb128 0x3f
ARM GAS  /tmp/ccCqmZCb.s 			page 38


 2099 01be 19       		.uleb128 0x19
 2100 01bf 3C       		.uleb128 0x3c
 2101 01c0 19       		.uleb128 0x19
 2102 01c1 00       		.byte	0
 2103 01c2 00       		.byte	0
 2104 01c3 21       		.uleb128 0x21
 2105 01c4 34       		.uleb128 0x34
 2106 01c5 00       		.byte	0
 2107 01c6 03       		.uleb128 0x3
 2108 01c7 0E       		.uleb128 0xe
 2109 01c8 3A       		.uleb128 0x3a
 2110 01c9 0B       		.uleb128 0xb
 2111 01ca 3B       		.uleb128 0x3b
 2112 01cb 0B       		.uleb128 0xb
 2113 01cc 49       		.uleb128 0x49
 2114 01cd 13       		.uleb128 0x13
 2115 01ce 3F       		.uleb128 0x3f
 2116 01cf 19       		.uleb128 0x19
 2117 01d0 02       		.uleb128 0x2
 2118 01d1 18       		.uleb128 0x18
 2119 01d2 00       		.byte	0
 2120 01d3 00       		.byte	0
 2121 01d4 22       		.uleb128 0x22
 2122 01d5 34       		.uleb128 0x34
 2123 01d6 00       		.byte	0
 2124 01d7 03       		.uleb128 0x3
 2125 01d8 0E       		.uleb128 0xe
 2126 01d9 3A       		.uleb128 0x3a
 2127 01da 0B       		.uleb128 0xb
 2128 01db 3B       		.uleb128 0x3b
 2129 01dc 05       		.uleb128 0x5
 2130 01dd 49       		.uleb128 0x49
 2131 01de 13       		.uleb128 0x13
 2132 01df 3F       		.uleb128 0x3f
 2133 01e0 19       		.uleb128 0x19
 2134 01e1 02       		.uleb128 0x2
 2135 01e2 18       		.uleb128 0x18
 2136 01e3 00       		.byte	0
 2137 01e4 00       		.byte	0
 2138 01e5 00       		.byte	0
 2139              		.section	.debug_aranges,"",%progbits
 2140 0000 1C000000 		.4byte	0x1c
 2141 0004 0200     		.2byte	0x2
 2142 0006 00000000 		.4byte	.Ldebug_info0
 2143 000a 04       		.byte	0x4
 2144 000b 00       		.byte	0
 2145 000c 0000     		.2byte	0
 2146 000e 0000     		.2byte	0
 2147 0010 00000000 		.4byte	.Ltext0
 2148 0014 84020000 		.4byte	.Letext0-.Ltext0
 2149 0018 00000000 		.4byte	0
 2150 001c 00000000 		.4byte	0
 2151              		.section	.debug_line,"",%progbits
 2152              	.Ldebug_line0:
 2153 0000 6D020000 		.section	.debug_str,"MS",%progbits,1
 2153      0200BB01 
 2153      00000201 
ARM GAS  /tmp/ccCqmZCb.s 			page 39


 2153      FB0E0D00 
 2153      01010101 
 2154              	.LASF41:
 2155 0000 705F6D73 		.ascii	"p_msg\000"
 2155      6700
 2156              	.LASF100:
 2157 0006 63684462 		.ascii	"chDbgPanic\000"
 2157      6750616E 
 2157      696300
 2158              	.LASF73:
 2159 0011 7264796D 		.ascii	"rdymsg\000"
 2159      736700
 2160              	.LASF16:
 2161 0018 75696E74 		.ascii	"uint64_t\000"
 2161      36345F74 
 2161      00
 2162              	.LASF5:
 2163 0021 5F5F7569 		.ascii	"__uint8_t\000"
 2163      6E74385F 
 2163      7400
 2164              	.LASF101:
 2165 002b 76746C69 		.ascii	"vtlist\000"
 2165      737400
 2166              	.LASF12:
 2167 0032 6C6F6E67 		.ascii	"long long unsigned int\000"
 2167      206C6F6E 
 2167      6720756E 
 2167      7369676E 
 2167      65642069 
 2168              	.LASF86:
 2169 0049 63685F74 		.ascii	"ch_trace_buffer_t\000"
 2169      72616365 
 2169      5F627566 
 2169      6665725F 
 2169      7400
 2170              	.LASF81:
 2171 005b 73655F73 		.ascii	"se_state\000"
 2171      74617465 
 2171      00
 2172              	.LASF74:
 2173 0064 65786974 		.ascii	"exitcode\000"
 2173      636F6465 
 2173      00
 2174              	.LASF29:
 2175 006d 705F7072 		.ascii	"p_prio\000"
 2175      696F00
 2176              	.LASF10:
 2177 0074 6C6F6E67 		.ascii	"long long int\000"
 2177      206C6F6E 
 2177      6720696E 
 2177      7400
 2178              	.LASF1:
 2179 0082 7369676E 		.ascii	"signed char\000"
 2179      65642063 
 2179      68617200 
 2180              	.LASF93:
 2181 008e 6462675F 		.ascii	"dbg_check_unlock_from_isr\000"
ARM GAS  /tmp/ccCqmZCb.s 			page 40


 2181      63686563 
 2181      6B5F756E 
 2181      6C6F636B 
 2181      5F66726F 
 2182              	.LASF45:
 2183 00a8 705F6D70 		.ascii	"p_mpool\000"
 2183      6F6F6C00 
 2184              	.LASF70:
 2185 00b0 6D5F7175 		.ascii	"m_queue\000"
 2185      65756500 
 2186              	.LASF7:
 2187 00b8 6C6F6E67 		.ascii	"long int\000"
 2187      20696E74 
 2187      00
 2188              	.LASF19:
 2189 00c1 74737461 		.ascii	"tstate_t\000"
 2189      74655F74 
 2189      00
 2190              	.LASF79:
 2191 00ca 73655F74 		.ascii	"se_tp\000"
 2191      7000
 2192              	.LASF31:
 2193 00d0 705F6E65 		.ascii	"p_newer\000"
 2193      77657200 
 2194              	.LASF83:
 2195 00d8 74625F73 		.ascii	"tb_size\000"
 2195      697A6500 
 2196              	.LASF8:
 2197 00e0 5F5F7569 		.ascii	"__uint32_t\000"
 2197      6E743332 
 2197      5F7400
 2198              	.LASF48:
 2199 00eb 72656761 		.ascii	"regarm_t\000"
 2199      726D5F74 
 2199      00
 2200              	.LASF56:
 2201 00f4 76745F70 		.ascii	"vt_prev\000"
 2201      72657600 
 2202              	.LASF78:
 2203 00fc 73655F74 		.ascii	"se_time\000"
 2203      696D6500 
 2204              	.LASF25:
 2205 0104 636E745F 		.ascii	"cnt_t\000"
 2205      7400
 2206              	.LASF34:
 2207 010a 705F7374 		.ascii	"p_stklimit\000"
 2207      6B6C696D 
 2207      697400
 2208              	.LASF0:
 2209 0115 756E7369 		.ascii	"unsigned int\000"
 2209      676E6564 
 2209      20696E74 
 2209      00
 2210              	.LASF55:
 2211 0122 76745F6E 		.ascii	"vt_next\000"
 2211      65787400 
 2212              	.LASF99:
ARM GAS  /tmp/ccCqmZCb.s 			page 41


 2213 012a 6462675F 		.ascii	"dbg_trace\000"
 2213      74726163 
 2213      6500
 2214              	.LASF9:
 2215 0134 6C6F6E67 		.ascii	"long unsigned int\000"
 2215      20756E73 
 2215      69676E65 
 2215      6420696E 
 2215      7400
 2216              	.LASF108:
 2217 0146 2F6F7074 		.ascii	"/opt/R2P/core/ChibiOS_2.6.5/os/kernel/src/chdebug.c"
 2217      2F523250 
 2217      2F636F72 
 2217      652F4368 
 2217      6962694F 
 2218 0179 00       		.ascii	"\000"
 2219              	.LASF53:
 2220 017a 76746675 		.ascii	"vtfunc_t\000"
 2220      6E635F74 
 2220      00
 2221              	.LASF88:
 2222 0183 6462675F 		.ascii	"dbg_check_suspend\000"
 2222      63686563 
 2222      6B5F7375 
 2222      7370656E 
 2222      6400
 2223              	.LASF51:
 2224 0195 636F6E74 		.ascii	"context\000"
 2224      65787400 
 2225              	.LASF4:
 2226 019d 73686F72 		.ascii	"short unsigned int\000"
 2226      7420756E 
 2226      7369676E 
 2226      65642069 
 2226      6E7400
 2227              	.LASF98:
 2228 01b0 5F747261 		.ascii	"_trace_init\000"
 2228      63655F69 
 2228      6E697400 
 2229              	.LASF22:
 2230 01bc 6D73675F 		.ascii	"msg_t\000"
 2230      7400
 2231              	.LASF65:
 2232 01c2 725F6E65 		.ascii	"r_newer\000"
 2232      77657200 
 2233              	.LASF96:
 2234 01ca 63684462 		.ascii	"chDbgCheckClassI\000"
 2234      67436865 
 2234      636B436C 
 2234      61737349 
 2234      00
 2235              	.LASF18:
 2236 01db 746D6F64 		.ascii	"tmode_t\000"
 2236      655F7400 
 2237              	.LASF104:
 2238 01e3 6462675F 		.ascii	"dbg_isr_cnt\000"
 2238      6973725F 
ARM GAS  /tmp/ccCqmZCb.s 			page 42


 2238      636E7400 
 2239              	.LASF97:
 2240 01ef 63684462 		.ascii	"chDbgCheckClassS\000"
 2240      67436865 
 2240      636B436C 
 2240      61737353 
 2240      00
 2241              	.LASF47:
 2242 0200 54687265 		.ascii	"ThreadsList\000"
 2242      6164734C 
 2242      69737400 
 2243              	.LASF23:
 2244 020c 6576656E 		.ascii	"eventmask_t\000"
 2244      746D6173 
 2244      6B5F7400 
 2245              	.LASF69:
 2246 0218 4D757465 		.ascii	"Mutex\000"
 2246      7800
 2247              	.LASF49:
 2248 021e 73746B61 		.ascii	"stkalign_t\000"
 2248      6C69676E 
 2248      5F7400
 2249              	.LASF57:
 2250 0229 76745F74 		.ascii	"vt_time\000"
 2250      696D6500 
 2251              	.LASF84:
 2252 0231 74625F70 		.ascii	"tb_ptr\000"
 2252      747200
 2253              	.LASF52:
 2254 0238 73697A65 		.ascii	"sizetype\000"
 2254      74797065 
 2254      00
 2255              	.LASF58:
 2256 0241 76745F66 		.ascii	"vt_func\000"
 2256      756E6300 
 2257              	.LASF90:
 2258 0249 6462675F 		.ascii	"dbg_check_lock\000"
 2258      63686563 
 2258      6B5F6C6F 
 2258      636B00
 2259              	.LASF82:
 2260 0258 63685F73 		.ascii	"ch_swc_event_t\000"
 2260      77635F65 
 2260      76656E74 
 2260      5F7400
 2261              	.LASF32:
 2262 0267 705F6F6C 		.ascii	"p_older\000"
 2262      64657200 
 2263              	.LASF64:
 2264 026f 725F6374 		.ascii	"r_ctx\000"
 2264      7800
 2265              	.LASF46:
 2266 0275 54687265 		.ascii	"ThreadsQueue\000"
 2266      61647351 
 2266      75657565 
 2266      00
 2267              	.LASF67:
ARM GAS  /tmp/ccCqmZCb.s 			page 43


 2268 0282 725F6375 		.ascii	"r_current\000"
 2268      7272656E 
 2268      7400
 2269              	.LASF66:
 2270 028c 725F6F6C 		.ascii	"r_older\000"
 2270      64657200 
 2271              	.LASF91:
 2272 0294 6462675F 		.ascii	"dbg_check_unlock\000"
 2272      63686563 
 2272      6B5F756E 
 2272      6C6F636B 
 2272      00
 2273              	.LASF11:
 2274 02a5 5F5F7569 		.ascii	"__uint64_t\000"
 2274      6E743634 
 2274      5F7400
 2275              	.LASF103:
 2276 02b0 6462675F 		.ascii	"dbg_trace_buffer\000"
 2276      74726163 
 2276      655F6275 
 2276      66666572 
 2276      00
 2277              	.LASF20:
 2278 02c1 74726566 		.ascii	"trefs_t\000"
 2278      735F7400 
 2279              	.LASF85:
 2280 02c9 74625F62 		.ascii	"tb_buffer\000"
 2280      75666665 
 2280      7200
 2281              	.LASF28:
 2282 02d3 705F7072 		.ascii	"p_prev\000"
 2282      657600
 2283              	.LASF21:
 2284 02da 74707269 		.ascii	"tprio_t\000"
 2284      6F5F7400 
 2285              	.LASF17:
 2286 02e2 5F426F6F 		.ascii	"_Bool\000"
 2286      6C00
 2287              	.LASF14:
 2288 02e8 696E7433 		.ascii	"int32_t\000"
 2288      325F7400 
 2289              	.LASF2:
 2290 02f0 756E7369 		.ascii	"unsigned char\000"
 2290      676E6564 
 2290      20636861 
 2290      7200
 2291              	.LASF106:
 2292 02fe 6462675F 		.ascii	"dbg_panic_msg\000"
 2292      70616E69 
 2292      635F6D73 
 2292      6700
 2293              	.LASF43:
 2294 030c 705F6D74 		.ascii	"p_mtxlist\000"
 2294      786C6973 
 2294      7400
 2295              	.LASF3:
 2296 0316 73686F72 		.ascii	"short int\000"
ARM GAS  /tmp/ccCqmZCb.s 			page 44


 2296      7420696E 
 2296      7400
 2297              	.LASF35:
 2298 0320 705F7374 		.ascii	"p_state\000"
 2298      61746500 
 2299              	.LASF63:
 2300 0328 725F7072 		.ascii	"r_prio\000"
 2300      696F00
 2301              	.LASF76:
 2302 032f 65776D61 		.ascii	"ewmask\000"
 2302      736B00
 2303              	.LASF27:
 2304 0336 705F6E65 		.ascii	"p_next\000"
 2304      787400
 2305              	.LASF36:
 2306 033d 705F666C 		.ascii	"p_flags\000"
 2306      61677300 
 2307              	.LASF26:
 2308 0345 54687265 		.ascii	"Thread\000"
 2308      616400
 2309              	.LASF42:
 2310 034c 705F6570 		.ascii	"p_epending\000"
 2310      656E6469 
 2310      6E6700
 2311              	.LASF15:
 2312 0357 75696E74 		.ascii	"uint32_t\000"
 2312      33325F74 
 2312      00
 2313              	.LASF62:
 2314 0360 725F7175 		.ascii	"r_queue\000"
 2314      65756500 
 2315              	.LASF54:
 2316 0368 56697274 		.ascii	"VirtualTimer\000"
 2316      75616C54 
 2316      696D6572 
 2316      00
 2317              	.LASF107:
 2318 0375 474E5520 		.ascii	"GNU C 4.9.3 20141119 (release) [ARM/embedded-4_9-br"
 2318      4320342E 
 2318      392E3320 
 2318      32303134 
 2318      31313139 
 2319 03a8 616E6368 		.ascii	"anch revision 218278] -mcpu=cortex-m4 -mno-thumb-in"
 2319      20726576 
 2319      6973696F 
 2319      6E203231 
 2319      38323738 
 2320 03db 74657277 		.ascii	"terwork -mthumb -ggdb -O0 -fomit-frame-pointer\000"
 2320      6F726B20 
 2320      2D6D7468 
 2320      756D6220 
 2320      2D676764 
 2321              	.LASF77:
 2322 040a 63686172 		.ascii	"char\000"
 2322      00
 2323              	.LASF72:
 2324 040f 6D5F6E65 		.ascii	"m_next\000"
ARM GAS  /tmp/ccCqmZCb.s 			page 45


 2324      787400
 2325              	.LASF24:
 2326 0416 73797374 		.ascii	"systime_t\000"
 2326      696D655F 
 2326      7400
 2327              	.LASF44:
 2328 0420 705F7265 		.ascii	"p_realprio\000"
 2328      616C7072 
 2328      696F00
 2329              	.LASF6:
 2330 042b 5F5F696E 		.ascii	"__int32_t\000"
 2330      7433325F 
 2330      7400
 2331              	.LASF105:
 2332 0435 6462675F 		.ascii	"dbg_lock_cnt\000"
 2332      6C6F636B 
 2332      5F636E74 
 2332      00
 2333              	.LASF38:
 2334 0442 705F7469 		.ascii	"p_time\000"
 2334      6D6500
 2335              	.LASF95:
 2336 0449 6462675F 		.ascii	"dbg_check_leave_isr\000"
 2336      63686563 
 2336      6B5F6C65 
 2336      6176655F 
 2336      69737200 
 2337              	.LASF50:
 2338 045d 696E7463 		.ascii	"intctx\000"
 2338      747800
 2339              	.LASF40:
 2340 0464 705F6D73 		.ascii	"p_msgqueue\000"
 2340      67717565 
 2340      756500
 2341              	.LASF89:
 2342 046f 6462675F 		.ascii	"dbg_check_enable\000"
 2342      63686563 
 2342      6B5F656E 
 2342      61626C65 
 2342      00
 2343              	.LASF59:
 2344 0480 76745F70 		.ascii	"vt_par\000"
 2344      617200
 2345              	.LASF37:
 2346 0487 705F7265 		.ascii	"p_refs\000"
 2346      667300
 2347              	.LASF68:
 2348 048e 52656164 		.ascii	"ReadyList\000"
 2348      794C6973 
 2348      7400
 2349              	.LASF94:
 2350 0498 6462675F 		.ascii	"dbg_check_enter_isr\000"
 2350      63686563 
 2350      6B5F656E 
 2350      7465725F 
 2350      69737200 
 2351              	.LASF102:
ARM GAS  /tmp/ccCqmZCb.s 			page 46


 2352 04ac 726C6973 		.ascii	"rlist\000"
 2352      7400
 2353              	.LASF13:
 2354 04b2 75696E74 		.ascii	"uint8_t\000"
 2354      385F7400 
 2355              	.LASF92:
 2356 04ba 6462675F 		.ascii	"dbg_check_lock_from_isr\000"
 2356      63686563 
 2356      6B5F6C6F 
 2356      636B5F66 
 2356      726F6D5F 
 2357              	.LASF75:
 2358 04d2 77746F62 		.ascii	"wtobjp\000"
 2358      6A7000
 2359              	.LASF33:
 2360 04d9 705F6E61 		.ascii	"p_name\000"
 2360      6D6500
 2361              	.LASF60:
 2362 04e0 76745F73 		.ascii	"vt_systime\000"
 2362      79737469 
 2362      6D6500
 2363              	.LASF61:
 2364 04eb 56544C69 		.ascii	"VTList\000"
 2364      737400
 2365              	.LASF87:
 2366 04f2 6462675F 		.ascii	"dbg_check_disable\000"
 2366      63686563 
 2366      6B5F6469 
 2366      7361626C 
 2366      6500
 2367              	.LASF71:
 2368 0504 6D5F6F77 		.ascii	"m_owner\000"
 2368      6E657200 
 2369              	.LASF80:
 2370 050c 73655F77 		.ascii	"se_wtobjp\000"
 2370      746F626A 
 2370      7000
 2371              	.LASF30:
 2372 0516 705F6374 		.ascii	"p_ctx\000"
 2372      7800
 2373              	.LASF39:
 2374 051c 705F7761 		.ascii	"p_waiting\000"
 2374      6974696E 
 2374      6700
 2375              		.ident	"GCC: (GNU Tools for ARM Embedded Processors) 4.9.3 20141119 (release) [ARM/embedded-4_9-br
ARM GAS  /tmp/ccCqmZCb.s 			page 47


DEFINED SYMBOLS
                            *ABS*:00000000 chdebug.c
                            *COM*:00000004 dbg_isr_cnt
                            *COM*:00000004 dbg_lock_cnt
     /tmp/ccCqmZCb.s:21     .rodata:00000000 $d
     /tmp/ccCqmZCb.s:25     .text:00000000 $t
     /tmp/ccCqmZCb.s:30     .text:00000000 dbg_check_disable
     /tmp/ccCqmZCb.s:695    .text:00000268 chDbgPanic
     /tmp/ccCqmZCb.s:61     .text:0000001c $d
     /tmp/ccCqmZCb.s:72     .text:00000028 $t
     /tmp/ccCqmZCb.s:77     .text:00000028 dbg_check_suspend
     /tmp/ccCqmZCb.s:107    .text:00000044 $d
     /tmp/ccCqmZCb.s:118    .text:00000050 $t
     /tmp/ccCqmZCb.s:123    .text:00000050 dbg_check_enable
     /tmp/ccCqmZCb.s:153    .text:0000006c $d
     /tmp/ccCqmZCb.s:164    .text:00000078 $t
     /tmp/ccCqmZCb.s:169    .text:00000078 dbg_check_lock
     /tmp/ccCqmZCb.s:203    .text:00000098 $d
     /tmp/ccCqmZCb.s:214    .text:000000a4 $t
     /tmp/ccCqmZCb.s:219    .text:000000a4 dbg_check_unlock
     /tmp/ccCqmZCb.s:253    .text:000000c4 $d
     /tmp/ccCqmZCb.s:264    .text:000000d0 $t
     /tmp/ccCqmZCb.s:269    .text:000000d0 dbg_check_lock_from_isr
     /tmp/ccCqmZCb.s:303    .text:000000f0 $d
     /tmp/ccCqmZCb.s:314    .text:000000fc $t
     /tmp/ccCqmZCb.s:319    .text:000000fc dbg_check_unlock_from_isr
     /tmp/ccCqmZCb.s:353    .text:0000011c $d
     /tmp/ccCqmZCb.s:364    .text:00000128 $t
     /tmp/ccCqmZCb.s:369    .text:00000128 dbg_check_enter_isr
     /tmp/ccCqmZCb.s:421    .text:00000158 $d
     /tmp/ccCqmZCb.s:432    .text:00000164 $t
     /tmp/ccCqmZCb.s:437    .text:00000164 dbg_check_leave_isr
     /tmp/ccCqmZCb.s:489    .text:00000194 $d
     /tmp/ccCqmZCb.s:500    .text:000001a0 $t
     /tmp/ccCqmZCb.s:505    .text:000001a0 chDbgCheckClassI
     /tmp/ccCqmZCb.s:535    .text:000001bc $d
     /tmp/ccCqmZCb.s:546    .text:000001c8 $t
     /tmp/ccCqmZCb.s:551    .text:000001c8 chDbgCheckClassS
     /tmp/ccCqmZCb.s:581    .text:000001e4 $d
                            *COM*:00000408 dbg_trace_buffer
     /tmp/ccCqmZCb.s:588    .text:000001f0 $t
     /tmp/ccCqmZCb.s:593    .text:000001f0 _trace_init
     /tmp/ccCqmZCb.s:613    .text:00000200 $d
     /tmp/ccCqmZCb.s:618    .text:00000208 $t
     /tmp/ccCqmZCb.s:623    .text:00000208 dbg_trace
     /tmp/ccCqmZCb.s:681    .text:00000254 $d
                            *COM*:00000004 dbg_panic_msg
     /tmp/ccCqmZCb.s:690    .text:00000268 $t
     /tmp/ccCqmZCb.s:721    .text:00000280 $d
                     .debug_frame:00000010 $d

UNDEFINED SYMBOLS
vtlist
rlist
port_halt
