ARM GAS  /tmp/cc3rpsQc.s 			page 1


   1              		.syntax unified
   2              		.cpu cortex-m4
   3              		.fpu softvfp
   4              		.eabi_attribute 20, 1
   5              		.eabi_attribute 21, 1
   6              		.eabi_attribute 23, 3
   7              		.eabi_attribute 24, 1
   8              		.eabi_attribute 25, 1
   9              		.eabi_attribute 26, 1
  10              		.eabi_attribute 30, 6
  11              		.eabi_attribute 34, 1
  12              		.eabi_attribute 18, 4
  13              		.thumb
  14              		.file	"chdynamic.c"
  15              		.text
  16              	.Ltext0:
  17              		.cfi_sections	.debug_frame
  18              		.section	.rodata
  19              		.align	2
  20              	.LC0:
  21 0000 63685468 		.ascii	"chThdAddRef(), #1\000"
  21      64416464 
  21      52656628 
  21      292C2023 
  21      3100
  22              		.text
  23              		.align	2
  24              		.global	chThdAddRef
  25              		.thumb
  26              		.thumb_func
  27              		.type	chThdAddRef, %function
  28              	chThdAddRef:
  29              	.LFB7:
  30              		.file 1 "/opt/R2P/core/ChibiOS_2.6.5/os/kernel/src/chdynamic.c"
  31              		.loc 1 52 0
  32              		.cfi_startproc
  33              		@ args = 0, pretend = 0, frame = 8
  34              		@ frame_needed = 0, uses_anonymous_args = 0
  35 0000 00B5     		push	{lr}
  36              		.cfi_def_cfa_offset 4
  37              		.cfi_offset 14, -4
  38 0002 83B0     		sub	sp, sp, #12
  39              		.cfi_def_cfa_offset 16
  40 0004 0190     		str	r0, [sp, #4]
  41              	.LBB2:
  42              		.loc 1 54 0
  43 0006 2023     		movs	r3, #32
  44              	@ 54 "/opt/R2P/core/ChibiOS_2.6.5/os/kernel/src/chdynamic.c" 1
  45 0008 83F31188 		msr     BASEPRI, r3
  46              	@ 0 "" 2
  47              		.thumb
  48              	.LBE2:
  49 000c FFF7FEFF 		bl	dbg_check_lock
  50              		.loc 1 55 0
  51 0010 019B     		ldr	r3, [sp, #4]
  52 0012 93F82230 		ldrb	r3, [r3, #34]	@ zero_extendqisi2
  53 0016 FF2B     		cmp	r3, #255
ARM GAS  /tmp/cc3rpsQc.s 			page 2


  54 0018 02D1     		bne	.L2
  55              		.loc 1 55 0 is_stmt 0 discriminator 1
  56 001a 0A48     		ldr	r0, .L4
  57 001c FFF7FEFF 		bl	chDbgPanic
  58              	.L2:
  59              		.loc 1 56 0 is_stmt 1
  60 0020 019B     		ldr	r3, [sp, #4]
  61 0022 93F82230 		ldrb	r3, [r3, #34]	@ zero_extendqisi2
  62 0026 0133     		adds	r3, r3, #1
  63 0028 DAB2     		uxtb	r2, r3
  64 002a 019B     		ldr	r3, [sp, #4]
  65 002c 83F82220 		strb	r2, [r3, #34]
  66              		.loc 1 57 0
  67 0030 FFF7FEFF 		bl	dbg_check_unlock
  68              	.LBB3:
  69 0034 0023     		movs	r3, #0
  70              	@ 57 "/opt/R2P/core/ChibiOS_2.6.5/os/kernel/src/chdynamic.c" 1
  71 0036 83F31188 		msr     BASEPRI, r3
  72              	@ 0 "" 2
  73              		.thumb
  74              	.LBE3:
  75              		.loc 1 58 0
  76 003a 019B     		ldr	r3, [sp, #4]
  77              		.loc 1 59 0
  78 003c 1846     		mov	r0, r3
  79 003e 03B0     		add	sp, sp, #12
  80              		.cfi_def_cfa_offset 4
  81              		@ sp needed
  82 0040 5DF804FB 		ldr	pc, [sp], #4
  83              	.L5:
  84              		.align	2
  85              	.L4:
  86 0044 00000000 		.word	.LC0
  87              		.cfi_endproc
  88              	.LFE7:
  89              		.size	chThdAddRef, .-chThdAddRef
  90              		.section	.rodata
  91 0012 0000     		.align	2
  92              	.LC1:
  93 0014 63685468 		.ascii	"chThdRelease(), #1\000"
  93      6452656C 
  93      65617365 
  93      28292C20 
  93      233100
  94              		.text
  95              		.align	2
  96              		.global	chThdRelease
  97              		.thumb
  98              		.thumb_func
  99              		.type	chThdRelease, %function
 100              	chThdRelease:
 101              	.LFB8:
 102              		.loc 1 74 0
 103              		.cfi_startproc
 104              		@ args = 0, pretend = 0, frame = 16
 105              		@ frame_needed = 0, uses_anonymous_args = 0
 106 0048 00B5     		push	{lr}
ARM GAS  /tmp/cc3rpsQc.s 			page 3


 107              		.cfi_def_cfa_offset 4
 108              		.cfi_offset 14, -4
 109 004a 85B0     		sub	sp, sp, #20
 110              		.cfi_def_cfa_offset 24
 111 004c 0190     		str	r0, [sp, #4]
 112              	.LBB4:
 113              		.loc 1 77 0
 114 004e 2023     		movs	r3, #32
 115              	@ 77 "/opt/R2P/core/ChibiOS_2.6.5/os/kernel/src/chdynamic.c" 1
 116 0050 83F31188 		msr     BASEPRI, r3
 117              	@ 0 "" 2
 118              		.thumb
 119              	.LBE4:
 120 0054 FFF7FEFF 		bl	dbg_check_lock
 121              		.loc 1 78 0
 122 0058 019B     		ldr	r3, [sp, #4]
 123 005a 93F82230 		ldrb	r3, [r3, #34]	@ zero_extendqisi2
 124 005e 002B     		cmp	r3, #0
 125 0060 02D1     		bne	.L7
 126              		.loc 1 78 0 is_stmt 0 discriminator 1
 127 0062 2548     		ldr	r0, .L11
 128 0064 FFF7FEFF 		bl	chDbgPanic
 129              	.L7:
 130              		.loc 1 79 0 is_stmt 1
 131 0068 019B     		ldr	r3, [sp, #4]
 132 006a 93F82230 		ldrb	r3, [r3, #34]	@ zero_extendqisi2
 133 006e 013B     		subs	r3, r3, #1
 134 0070 DAB2     		uxtb	r2, r3
 135 0072 019B     		ldr	r3, [sp, #4]
 136 0074 83F82220 		strb	r2, [r3, #34]
 137 0078 019B     		ldr	r3, [sp, #4]
 138 007a 93F82230 		ldrb	r3, [r3, #34]
 139 007e 8DF80F30 		strb	r3, [sp, #15]
 140              		.loc 1 80 0
 141 0082 FFF7FEFF 		bl	dbg_check_unlock
 142              	.LBB5:
 143 0086 0023     		movs	r3, #0
 144              	@ 80 "/opt/R2P/core/ChibiOS_2.6.5/os/kernel/src/chdynamic.c" 1
 145 0088 83F31188 		msr     BASEPRI, r3
 146              	@ 0 "" 2
 147              		.thumb
 148              	.LBE5:
 149              		.loc 1 85 0
 150 008c 9DF80F30 		ldrb	r3, [sp, #15]	@ zero_extendqisi2
 151 0090 002B     		cmp	r3, #0
 152 0092 2DD1     		bne	.L6
 153              		.loc 1 85 0 is_stmt 0 discriminator 1
 154 0094 019B     		ldr	r3, [sp, #4]
 155 0096 93F82030 		ldrb	r3, [r3, #32]	@ zero_extendqisi2
 156 009a 0E2B     		cmp	r3, #14
 157 009c 28D1     		bne	.L6
 158              		.loc 1 86 0 is_stmt 1
 159 009e 019B     		ldr	r3, [sp, #4]
 160 00a0 93F82130 		ldrb	r3, [r3, #33]	@ zero_extendqisi2
 161 00a4 03F00303 		and	r3, r3, #3
 162 00a8 012B     		cmp	r3, #1
 163 00aa 02D0     		beq	.L9
ARM GAS  /tmp/cc3rpsQc.s 			page 4


 164 00ac 022B     		cmp	r3, #2
 165 00ae 0ED0     		beq	.L10
 166 00b0 1EE0     		b	.L6
 167              	.L9:
 168              		.loc 1 90 0
 169 00b2 019B     		ldr	r3, [sp, #4]
 170 00b4 5B69     		ldr	r3, [r3, #20]
 171 00b6 019A     		ldr	r2, [sp, #4]
 172 00b8 1269     		ldr	r2, [r2, #16]
 173 00ba 1A61     		str	r2, [r3, #16]
 174 00bc 019B     		ldr	r3, [sp, #4]
 175 00be 1B69     		ldr	r3, [r3, #16]
 176 00c0 019A     		ldr	r2, [sp, #4]
 177 00c2 5269     		ldr	r2, [r2, #20]
 178 00c4 5A61     		str	r2, [r3, #20]
 179              		.loc 1 92 0
 180 00c6 0198     		ldr	r0, [sp, #4]
 181 00c8 FFF7FEFF 		bl	chHeapFree
 182              		.loc 1 93 0
 183 00cc 10E0     		b	.L6
 184              	.L10:
 185              		.loc 1 98 0
 186 00ce 019B     		ldr	r3, [sp, #4]
 187 00d0 5B69     		ldr	r3, [r3, #20]
 188 00d2 019A     		ldr	r2, [sp, #4]
 189 00d4 1269     		ldr	r2, [r2, #16]
 190 00d6 1A61     		str	r2, [r3, #16]
 191 00d8 019B     		ldr	r3, [sp, #4]
 192 00da 1B69     		ldr	r3, [r3, #16]
 193 00dc 019A     		ldr	r2, [sp, #4]
 194 00de 5269     		ldr	r2, [r2, #20]
 195 00e0 5A61     		str	r2, [r3, #20]
 196              		.loc 1 100 0
 197 00e2 019B     		ldr	r3, [sp, #4]
 198 00e4 9B6C     		ldr	r3, [r3, #72]
 199 00e6 1846     		mov	r0, r3
 200 00e8 0199     		ldr	r1, [sp, #4]
 201 00ea FFF7FEFF 		bl	chPoolFree
 202              		.loc 1 101 0
 203 00ee 00BF     		nop
 204              	.L6:
 205              		.loc 1 105 0
 206 00f0 05B0     		add	sp, sp, #20
 207              		.cfi_def_cfa_offset 4
 208              		@ sp needed
 209 00f2 5DF804FB 		ldr	pc, [sp], #4
 210              	.L12:
 211 00f6 00BF     		.align	2
 212              	.L11:
 213 00f8 14000000 		.word	.LC1
 214              		.cfi_endproc
 215              	.LFE8:
 216              		.size	chThdRelease, .-chThdRelease
 217              		.align	2
 218              		.global	chThdCreateFromHeap
 219              		.thumb
 220              		.thumb_func
ARM GAS  /tmp/cc3rpsQc.s 			page 5


 221              		.type	chThdCreateFromHeap, %function
 222              	chThdCreateFromHeap:
 223              	.LFB9:
 224              		.loc 1 131 0
 225              		.cfi_startproc
 226              		@ args = 4, pretend = 0, frame = 24
 227              		@ frame_needed = 0, uses_anonymous_args = 0
 228 00fc 00B5     		push	{lr}
 229              		.cfi_def_cfa_offset 4
 230              		.cfi_offset 14, -4
 231 00fe 89B0     		sub	sp, sp, #36
 232              		.cfi_def_cfa_offset 40
 233 0100 0590     		str	r0, [sp, #20]
 234 0102 0491     		str	r1, [sp, #16]
 235 0104 0392     		str	r2, [sp, #12]
 236 0106 0293     		str	r3, [sp, #8]
 237              		.loc 1 135 0
 238 0108 0598     		ldr	r0, [sp, #20]
 239 010a 0499     		ldr	r1, [sp, #16]
 240 010c FFF7FEFF 		bl	chHeapAlloc
 241 0110 0790     		str	r0, [sp, #28]
 242              		.loc 1 136 0
 243 0112 079B     		ldr	r3, [sp, #28]
 244 0114 002B     		cmp	r3, #0
 245 0116 01D1     		bne	.L14
 246              		.loc 1 137 0
 247 0118 0023     		movs	r3, #0
 248 011a 2DE0     		b	.L15
 249              	.L14:
 250              		.loc 1 140 0
 251 011c 079B     		ldr	r3, [sp, #28]
 252 011e 4C33     		adds	r3, r3, #76
 253 0120 0798     		ldr	r0, [sp, #28]
 254 0122 1946     		mov	r1, r3
 255 0124 FF22     		movs	r2, #255
 256 0126 FFF7FEFF 		bl	_thread_memfill
 257              		.loc 1 143 0
 258 012a 079B     		ldr	r3, [sp, #28]
 259 012c 03F14C01 		add	r1, r3, #76
 260 0130 079A     		ldr	r2, [sp, #28]
 261 0132 049B     		ldr	r3, [sp, #16]
 262 0134 1344     		add	r3, r3, r2
 263 0136 0846     		mov	r0, r1
 264 0138 1946     		mov	r1, r3
 265 013a 5522     		movs	r2, #85
 266 013c FFF7FEFF 		bl	_thread_memfill
 267              	.LBB6:
 268              		.loc 1 148 0
 269 0140 2023     		movs	r3, #32
 270              	@ 148 "/opt/R2P/core/ChibiOS_2.6.5/os/kernel/src/chdynamic.c" 1
 271 0142 83F31188 		msr     BASEPRI, r3
 272              	@ 0 "" 2
 273              		.thumb
 274              	.LBE6:
 275 0146 FFF7FEFF 		bl	dbg_check_lock
 276              		.loc 1 149 0
 277 014a 0A9B     		ldr	r3, [sp, #40]
ARM GAS  /tmp/cc3rpsQc.s 			page 6


 278 014c 0093     		str	r3, [sp]
 279 014e 0798     		ldr	r0, [sp, #28]
 280 0150 0499     		ldr	r1, [sp, #16]
 281 0152 039A     		ldr	r2, [sp, #12]
 282 0154 029B     		ldr	r3, [sp, #8]
 283 0156 FFF7FEFF 		bl	chThdCreateI
 284 015a 0690     		str	r0, [sp, #24]
 285              		.loc 1 150 0
 286 015c 069B     		ldr	r3, [sp, #24]
 287 015e 0122     		movs	r2, #1
 288 0160 83F82120 		strb	r2, [r3, #33]
 289              		.loc 1 151 0
 290 0164 0698     		ldr	r0, [sp, #24]
 291 0166 0021     		movs	r1, #0
 292 0168 FFF7FEFF 		bl	chSchWakeupS
 293              		.loc 1 152 0
 294 016c FFF7FEFF 		bl	dbg_check_unlock
 295              	.LBB7:
 296 0170 0023     		movs	r3, #0
 297              	@ 152 "/opt/R2P/core/ChibiOS_2.6.5/os/kernel/src/chdynamic.c" 1
 298 0172 83F31188 		msr     BASEPRI, r3
 299              	@ 0 "" 2
 300              		.thumb
 301              	.LBE7:
 302              		.loc 1 153 0
 303 0176 069B     		ldr	r3, [sp, #24]
 304              	.L15:
 305              		.loc 1 154 0
 306 0178 1846     		mov	r0, r3
 307 017a 09B0     		add	sp, sp, #36
 308              		.cfi_def_cfa_offset 4
 309              		@ sp needed
 310 017c 5DF804FB 		ldr	pc, [sp], #4
 311              		.cfi_endproc
 312              	.LFE9:
 313              		.size	chThdCreateFromHeap, .-chThdCreateFromHeap
 314              		.section	.rodata
 315 0027 00       		.align	2
 316              	.LC2:
 317 0028 22636854 		.ascii	"\"chThdCreateFromMemoryPool\"()\000"
 317      68644372 
 317      65617465 
 317      46726F6D 
 317      4D656D6F 
 318 0046 0000     		.text
 319              		.align	2
 320              		.global	chThdCreateFromMemoryPool
 321              		.thumb
 322              		.thumb_func
 323              		.type	chThdCreateFromMemoryPool, %function
 324              	chThdCreateFromMemoryPool:
 325              	.LFB10:
 326              		.loc 1 180 0
 327              		.cfi_startproc
 328              		@ args = 0, pretend = 0, frame = 24
 329              		@ frame_needed = 0, uses_anonymous_args = 0
 330 0180 00B5     		push	{lr}
ARM GAS  /tmp/cc3rpsQc.s 			page 7


 331              		.cfi_def_cfa_offset 4
 332              		.cfi_offset 14, -4
 333 0182 89B0     		sub	sp, sp, #36
 334              		.cfi_def_cfa_offset 40
 335 0184 0590     		str	r0, [sp, #20]
 336 0186 0491     		str	r1, [sp, #16]
 337 0188 0392     		str	r2, [sp, #12]
 338 018a 0293     		str	r3, [sp, #8]
 339              		.loc 1 184 0
 340 018c 059B     		ldr	r3, [sp, #20]
 341 018e 002B     		cmp	r3, #0
 342 0190 02D1     		bne	.L17
 343              		.loc 1 184 0 is_stmt 0 discriminator 1
 344 0192 2248     		ldr	r0, .L20
 345 0194 FFF7FEFF 		bl	chDbgPanic
 346              	.L17:
 347              		.loc 1 186 0 is_stmt 1
 348 0198 0598     		ldr	r0, [sp, #20]
 349 019a FFF7FEFF 		bl	chPoolAlloc
 350 019e 0790     		str	r0, [sp, #28]
 351              		.loc 1 187 0
 352 01a0 079B     		ldr	r3, [sp, #28]
 353 01a2 002B     		cmp	r3, #0
 354 01a4 01D1     		bne	.L18
 355              		.loc 1 188 0
 356 01a6 0023     		movs	r3, #0
 357 01a8 33E0     		b	.L19
 358              	.L18:
 359              		.loc 1 191 0
 360 01aa 079B     		ldr	r3, [sp, #28]
 361 01ac 4C33     		adds	r3, r3, #76
 362 01ae 0798     		ldr	r0, [sp, #28]
 363 01b0 1946     		mov	r1, r3
 364 01b2 FF22     		movs	r2, #255
 365 01b4 FFF7FEFF 		bl	_thread_memfill
 366              		.loc 1 194 0
 367 01b8 079B     		ldr	r3, [sp, #28]
 368 01ba 03F14C01 		add	r1, r3, #76
 369              		.loc 1 195 0
 370 01be 059B     		ldr	r3, [sp, #20]
 371 01c0 5B68     		ldr	r3, [r3, #4]
 372              		.loc 1 194 0
 373 01c2 079A     		ldr	r2, [sp, #28]
 374 01c4 1344     		add	r3, r3, r2
 375 01c6 0846     		mov	r0, r1
 376 01c8 1946     		mov	r1, r3
 377 01ca 5522     		movs	r2, #85
 378 01cc FFF7FEFF 		bl	_thread_memfill
 379              	.LBB8:
 380              		.loc 1 199 0
 381 01d0 2023     		movs	r3, #32
 382              	@ 199 "/opt/R2P/core/ChibiOS_2.6.5/os/kernel/src/chdynamic.c" 1
 383 01d2 83F31188 		msr     BASEPRI, r3
 384              	@ 0 "" 2
 385              		.thumb
 386              	.LBE8:
 387 01d6 FFF7FEFF 		bl	dbg_check_lock
ARM GAS  /tmp/cc3rpsQc.s 			page 8


 388              		.loc 1 200 0
 389 01da 059B     		ldr	r3, [sp, #20]
 390 01dc 5A68     		ldr	r2, [r3, #4]
 391 01de 029B     		ldr	r3, [sp, #8]
 392 01e0 0093     		str	r3, [sp]
 393 01e2 0798     		ldr	r0, [sp, #28]
 394 01e4 1146     		mov	r1, r2
 395 01e6 049A     		ldr	r2, [sp, #16]
 396 01e8 039B     		ldr	r3, [sp, #12]
 397 01ea FFF7FEFF 		bl	chThdCreateI
 398 01ee 0690     		str	r0, [sp, #24]
 399              		.loc 1 201 0
 400 01f0 069B     		ldr	r3, [sp, #24]
 401 01f2 0222     		movs	r2, #2
 402 01f4 83F82120 		strb	r2, [r3, #33]
 403              		.loc 1 202 0
 404 01f8 069B     		ldr	r3, [sp, #24]
 405 01fa 059A     		ldr	r2, [sp, #20]
 406 01fc 9A64     		str	r2, [r3, #72]
 407              		.loc 1 203 0
 408 01fe 0698     		ldr	r0, [sp, #24]
 409 0200 0021     		movs	r1, #0
 410 0202 FFF7FEFF 		bl	chSchWakeupS
 411              		.loc 1 204 0
 412 0206 FFF7FEFF 		bl	dbg_check_unlock
 413              	.LBB9:
 414 020a 0023     		movs	r3, #0
 415              	@ 204 "/opt/R2P/core/ChibiOS_2.6.5/os/kernel/src/chdynamic.c" 1
 416 020c 83F31188 		msr     BASEPRI, r3
 417              	@ 0 "" 2
 418              		.thumb
 419              	.LBE9:
 420              		.loc 1 205 0
 421 0210 069B     		ldr	r3, [sp, #24]
 422              	.L19:
 423              		.loc 1 206 0
 424 0212 1846     		mov	r0, r3
 425 0214 09B0     		add	sp, sp, #36
 426              		.cfi_def_cfa_offset 4
 427              		@ sp needed
 428 0216 5DF804FB 		ldr	pc, [sp], #4
 429              	.L21:
 430 021a 00BF     		.align	2
 431              	.L20:
 432 021c 28000000 		.word	.LC2
 433              		.cfi_endproc
 434              	.LFE10:
 435              		.size	chThdCreateFromMemoryPool, .-chThdCreateFromMemoryPool
 436              	.Letext0:
 437              		.file 2 "/opt/R2P/tools/gcc-arm-none-eabi-4_9-2014q4/lib/gcc/arm-none-eabi/4.9.3/include/stddef.h"
 438              		.file 3 "/opt/R2P/tools/gcc-arm-none-eabi-4_9-2014q4/arm-none-eabi/include/machine/_default_types.
 439              		.file 4 "/opt/R2P/tools/gcc-arm-none-eabi-4_9-2014q4/arm-none-eabi/include/stdint.h"
 440              		.file 5 "/opt/R2P/core/ChibiOS_2.6.5/os/ports/GCC/ARMCMx/chtypes.h"
 441              		.file 6 "/opt/R2P/core/ChibiOS_2.6.5/os/kernel/include/chlists.h"
 442              		.file 7 "/opt/R2P/core/ChibiOS_2.6.5/os/kernel/include/chthreads.h"
 443              		.file 8 "/opt/R2P/core/ChibiOS_2.6.5/os/ports/GCC/ARMCMx/chcore_v7m.h"
 444              		.file 9 "/opt/R2P/core/ChibiOS_2.6.5/os/kernel/include/chmtx.h"
ARM GAS  /tmp/cc3rpsQc.s 			page 9


 445              		.file 10 "/opt/R2P/core/ChibiOS_2.6.5/os/kernel/include/chmemcore.h"
 446              		.file 11 "/opt/R2P/core/ChibiOS_2.6.5/os/kernel/include/chheap.h"
 447              		.file 12 "/opt/R2P/core/ChibiOS_2.6.5/os/kernel/include/chmempools.h"
 448              		.section	.debug_info,"",%progbits
 449              	.Ldebug_info0:
 450 0000 14070000 		.4byte	0x714
 451 0004 0400     		.2byte	0x4
 452 0006 00000000 		.4byte	.Ldebug_abbrev0
 453 000a 04       		.byte	0x4
 454 000b 01       		.uleb128 0x1
 455 000c E7020000 		.4byte	.LASF85
 456 0010 01       		.byte	0x1
 457 0011 BC010000 		.4byte	.LASF86
 458 0015 00000000 		.4byte	.Ltext0
 459 0019 20020000 		.4byte	.Letext0-.Ltext0
 460 001d 00000000 		.4byte	.Ldebug_line0
 461 0021 02       		.uleb128 0x2
 462 0022 04       		.byte	0x4
 463 0023 05       		.byte	0x5
 464 0024 696E7400 		.ascii	"int\000"
 465 0028 03       		.uleb128 0x3
 466 0029 0E000000 		.4byte	.LASF2
 467 002d 02       		.byte	0x2
 468 002e D4       		.byte	0xd4
 469 002f 33000000 		.4byte	0x33
 470 0033 04       		.uleb128 0x4
 471 0034 04       		.byte	0x4
 472 0035 07       		.byte	0x7
 473 0036 31010000 		.4byte	.LASF0
 474 003a 04       		.uleb128 0x4
 475 003b 01       		.byte	0x1
 476 003c 06       		.byte	0x6
 477 003d 8E000000 		.4byte	.LASF1
 478 0041 03       		.uleb128 0x3
 479 0042 25000000 		.4byte	.LASF3
 480 0046 03       		.byte	0x3
 481 0047 1D       		.byte	0x1d
 482 0048 4C000000 		.4byte	0x4c
 483 004c 04       		.uleb128 0x4
 484 004d 01       		.byte	0x1
 485 004e 08       		.byte	0x8
 486 004f 63020000 		.4byte	.LASF4
 487 0053 04       		.uleb128 0x4
 488 0054 02       		.byte	0x2
 489 0055 05       		.byte	0x5
 490 0056 86020000 		.4byte	.LASF5
 491 005a 04       		.uleb128 0x4
 492 005b 02       		.byte	0x2
 493 005c 07       		.byte	0x7
 494 005d 5D010000 		.4byte	.LASF6
 495 0061 03       		.uleb128 0x3
 496 0062 9D030000 		.4byte	.LASF7
 497 0066 03       		.byte	0x3
 498 0067 3F       		.byte	0x3f
 499 0068 6C000000 		.4byte	0x6c
 500 006c 04       		.uleb128 0x4
 501 006d 04       		.byte	0x4
ARM GAS  /tmp/cc3rpsQc.s 			page 10


 502 006e 05       		.byte	0x5
 503 006f B0000000 		.4byte	.LASF8
 504 0073 03       		.uleb128 0x3
 505 0074 00010000 		.4byte	.LASF9
 506 0078 03       		.byte	0x3
 507 0079 41       		.byte	0x41
 508 007a 7E000000 		.4byte	0x7e
 509 007e 04       		.uleb128 0x4
 510 007f 04       		.byte	0x4
 511 0080 07       		.byte	0x7
 512 0081 3E010000 		.4byte	.LASF10
 513 0085 04       		.uleb128 0x4
 514 0086 08       		.byte	0x8
 515 0087 05       		.byte	0x5
 516 0088 80000000 		.4byte	.LASF11
 517 008c 03       		.uleb128 0x3
 518 008d 26020000 		.4byte	.LASF12
 519 0091 03       		.byte	0x3
 520 0092 5B       		.byte	0x5b
 521 0093 97000000 		.4byte	0x97
 522 0097 04       		.uleb128 0x4
 523 0098 08       		.byte	0x8
 524 0099 07       		.byte	0x7
 525 009a 47000000 		.4byte	.LASF13
 526 009e 03       		.uleb128 0x3
 527 009f D3030000 		.4byte	.LASF14
 528 00a3 04       		.byte	0x4
 529 00a4 15       		.byte	0x15
 530 00a5 41000000 		.4byte	0x41
 531 00a9 03       		.uleb128 0x3
 532 00aa 5B020000 		.4byte	.LASF15
 533 00ae 04       		.byte	0x4
 534 00af 2C       		.byte	0x2c
 535 00b0 61000000 		.4byte	0x61
 536 00b4 03       		.uleb128 0x3
 537 00b5 D9020000 		.4byte	.LASF16
 538 00b9 04       		.byte	0x4
 539 00ba 2D       		.byte	0x2d
 540 00bb 73000000 		.4byte	0x73
 541 00bf 03       		.uleb128 0x3
 542 00c0 1C000000 		.4byte	.LASF17
 543 00c4 04       		.byte	0x4
 544 00c5 39       		.byte	0x39
 545 00c6 8C000000 		.4byte	0x8c
 546 00ca 04       		.uleb128 0x4
 547 00cb 01       		.byte	0x1
 548 00cc 02       		.byte	0x2
 549 00cd 55020000 		.4byte	.LASF18
 550 00d1 03       		.uleb128 0x3
 551 00d2 76010000 		.4byte	.LASF19
 552 00d6 05       		.byte	0x5
 553 00d7 2C       		.byte	0x2c
 554 00d8 9E000000 		.4byte	0x9e
 555 00dc 03       		.uleb128 0x3
 556 00dd CD000000 		.4byte	.LASF20
 557 00e1 05       		.byte	0x5
 558 00e2 2D       		.byte	0x2d
ARM GAS  /tmp/cc3rpsQc.s 			page 11


 559 00e3 9E000000 		.4byte	0x9e
 560 00e7 03       		.uleb128 0x3
 561 00e8 39020000 		.4byte	.LASF21
 562 00ec 05       		.byte	0x5
 563 00ed 2E       		.byte	0x2e
 564 00ee 9E000000 		.4byte	0x9e
 565 00f2 03       		.uleb128 0x3
 566 00f3 4D020000 		.4byte	.LASF22
 567 00f7 05       		.byte	0x5
 568 00f8 30       		.byte	0x30
 569 00f9 B4000000 		.4byte	0xb4
 570 00fd 03       		.uleb128 0x3
 571 00fe 70010000 		.4byte	.LASF23
 572 0102 05       		.byte	0x5
 573 0103 31       		.byte	0x31
 574 0104 A9000000 		.4byte	0xa9
 575 0108 03       		.uleb128 0x3
 576 0109 8A010000 		.4byte	.LASF24
 577 010d 05       		.byte	0x5
 578 010e 33       		.byte	0x33
 579 010f B4000000 		.4byte	0xb4
 580 0113 03       		.uleb128 0x3
 581 0114 88030000 		.4byte	.LASF25
 582 0118 05       		.byte	0x5
 583 0119 35       		.byte	0x35
 584 011a B4000000 		.4byte	0xb4
 585 011e 03       		.uleb128 0x3
 586 011f C7020000 		.4byte	.LASF26
 587 0123 06       		.byte	0x6
 588 0124 2A       		.byte	0x2a
 589 0125 29010000 		.4byte	0x129
 590 0129 05       		.uleb128 0x5
 591 012a C7020000 		.4byte	.LASF26
 592 012e 4C       		.byte	0x4c
 593 012f 07       		.byte	0x7
 594 0130 5E       		.byte	0x5e
 595 0131 26020000 		.4byte	0x226
 596 0135 06       		.uleb128 0x6
 597 0136 AB020000 		.4byte	.LASF27
 598 013a 07       		.byte	0x7
 599 013b 5F       		.byte	0x5f
 600 013c 47020000 		.4byte	0x247
 601 0140 00       		.byte	0
 602 0141 06       		.uleb128 0x6
 603 0142 46020000 		.4byte	.LASF28
 604 0146 07       		.byte	0x7
 605 0147 61       		.byte	0x61
 606 0148 47020000 		.4byte	0x247
 607 014c 04       		.byte	0x4
 608 014d 06       		.uleb128 0x6
 609 014e 79000000 		.4byte	.LASF29
 610 0152 07       		.byte	0x7
 611 0153 63       		.byte	0x63
 612 0154 F2000000 		.4byte	0xf2
 613 0158 08       		.byte	0x8
 614 0159 06       		.uleb128 0x6
 615 015a F1030000 		.4byte	.LASF30
ARM GAS  /tmp/cc3rpsQc.s 			page 12


 616 015e 07       		.byte	0x7
 617 015f 64       		.byte	0x64
 618 0160 0C030000 		.4byte	0x30c
 619 0164 0C       		.byte	0xc
 620 0165 06       		.uleb128 0x6
 621 0166 DE000000 		.4byte	.LASF31
 622 016a 07       		.byte	0x7
 623 016b 66       		.byte	0x66
 624 016c 47020000 		.4byte	0x247
 625 0170 10       		.byte	0x10
 626 0171 06       		.uleb128 0x6
 627 0172 F2010000 		.4byte	.LASF32
 628 0176 07       		.byte	0x7
 629 0177 67       		.byte	0x67
 630 0178 47020000 		.4byte	0x247
 631 017c 14       		.byte	0x14
 632 017d 06       		.uleb128 0x6
 633 017e E2030000 		.4byte	.LASF33
 634 0182 07       		.byte	0x7
 635 0183 6E       		.byte	0x6e
 636 0184 CE040000 		.4byte	0x4ce
 637 0188 18       		.byte	0x18
 638 0189 06       		.uleb128 0x6
 639 018a 26010000 		.4byte	.LASF34
 640 018e 07       		.byte	0x7
 641 018f 74       		.byte	0x74
 642 0190 E0040000 		.4byte	0x4e0
 643 0194 1C       		.byte	0x1c
 644 0195 06       		.uleb128 0x6
 645 0196 90020000 		.4byte	.LASF35
 646 019a 07       		.byte	0x7
 647 019b 79       		.byte	0x79
 648 019c DC000000 		.4byte	0xdc
 649 01a0 20       		.byte	0x20
 650 01a1 06       		.uleb128 0x6
 651 01a2 B2020000 		.4byte	.LASF36
 652 01a6 07       		.byte	0x7
 653 01a7 7D       		.byte	0x7d
 654 01a8 D1000000 		.4byte	0xd1
 655 01ac 21       		.byte	0x21
 656 01ad 06       		.uleb128 0x6
 657 01ae CC030000 		.4byte	.LASF37
 658 01b2 07       		.byte	0x7
 659 01b3 82       		.byte	0x82
 660 01b4 E7000000 		.4byte	0xe7
 661 01b8 22       		.byte	0x22
 662 01b9 06       		.uleb128 0x6
 663 01ba A7030000 		.4byte	.LASF38
 664 01be 07       		.byte	0x7
 665 01bf 8F       		.byte	0x8f
 666 01c0 34030000 		.4byte	0x334
 667 01c4 24       		.byte	0x24
 668 01c5 07       		.uleb128 0x7
 669 01c6 705F7500 		.ascii	"p_u\000"
 670 01ca 07       		.byte	0x7
 671 01cb B4       		.byte	0xb4
 672 01cc 99040000 		.4byte	0x499
ARM GAS  /tmp/cc3rpsQc.s 			page 13


 673 01d0 28       		.byte	0x28
 674 01d1 06       		.uleb128 0x6
 675 01d2 F7030000 		.4byte	.LASF39
 676 01d6 07       		.byte	0x7
 677 01d7 B9       		.byte	0xb9
 678 01d8 6D020000 		.4byte	0x26d
 679 01dc 2C       		.byte	0x2c
 680 01dd 06       		.uleb128 0x6
 681 01de B5030000 		.4byte	.LASF40
 682 01e2 07       		.byte	0x7
 683 01e3 BF       		.byte	0xbf
 684 01e4 4D020000 		.4byte	0x24d
 685 01e8 30       		.byte	0x30
 686 01e9 06       		.uleb128 0x6
 687 01ea 08000000 		.4byte	.LASF41
 688 01ee 07       		.byte	0x7
 689 01ef C3       		.byte	0xc3
 690 01f0 FD000000 		.4byte	0xfd
 691 01f4 38       		.byte	0x38
 692 01f5 06       		.uleb128 0x6
 693 01f6 CE020000 		.4byte	.LASF42
 694 01fa 07       		.byte	0x7
 695 01fb C9       		.byte	0xc9
 696 01fc 08010000 		.4byte	0x108
 697 0200 3C       		.byte	0x3c
 698 0201 06       		.uleb128 0x6
 699 0202 7C020000 		.4byte	.LASF43
 700 0206 07       		.byte	0x7
 701 0207 D0       		.byte	0xd0
 702 0208 E6040000 		.4byte	0x4e6
 703 020c 40       		.byte	0x40
 704 020d 06       		.uleb128 0x6
 705 020e 92030000 		.4byte	.LASF44
 706 0212 07       		.byte	0x7
 707 0213 D4       		.byte	0xd4
 708 0214 F2000000 		.4byte	0xf2
 709 0218 44       		.byte	0x44
 710 0219 06       		.uleb128 0x6
 711 021a A0000000 		.4byte	.LASF45
 712 021e 07       		.byte	0x7
 713 021f DA       		.byte	0xda
 714 0220 83020000 		.4byte	0x283
 715 0224 48       		.byte	0x48
 716 0225 00       		.byte	0
 717 0226 08       		.uleb128 0x8
 718 0227 08       		.byte	0x8
 719 0228 06       		.byte	0x6
 720 0229 61       		.byte	0x61
 721 022a 47020000 		.4byte	0x247
 722 022e 06       		.uleb128 0x6
 723 022f AB020000 		.4byte	.LASF27
 724 0233 06       		.byte	0x6
 725 0234 62       		.byte	0x62
 726 0235 47020000 		.4byte	0x247
 727 0239 00       		.byte	0
 728 023a 06       		.uleb128 0x6
 729 023b 46020000 		.4byte	.LASF28
ARM GAS  /tmp/cc3rpsQc.s 			page 14


 730 023f 06       		.byte	0x6
 731 0240 64       		.byte	0x64
 732 0241 47020000 		.4byte	0x247
 733 0245 04       		.byte	0x4
 734 0246 00       		.byte	0
 735 0247 09       		.uleb128 0x9
 736 0248 04       		.byte	0x4
 737 0249 1E010000 		.4byte	0x11e
 738 024d 03       		.uleb128 0x3
 739 024e FA010000 		.4byte	.LASF46
 740 0252 06       		.byte	0x6
 741 0253 66       		.byte	0x66
 742 0254 26020000 		.4byte	0x226
 743 0258 08       		.uleb128 0x8
 744 0259 04       		.byte	0x4
 745 025a 06       		.byte	0x6
 746 025b 6B       		.byte	0x6b
 747 025c 6D020000 		.4byte	0x26d
 748 0260 06       		.uleb128 0x6
 749 0261 AB020000 		.4byte	.LASF27
 750 0265 06       		.byte	0x6
 751 0266 6D       		.byte	0x6d
 752 0267 47020000 		.4byte	0x247
 753 026b 00       		.byte	0
 754 026c 00       		.byte	0
 755 026d 03       		.uleb128 0x3
 756 026e 7E010000 		.4byte	.LASF47
 757 0272 06       		.byte	0x6
 758 0273 70       		.byte	0x70
 759 0274 58020000 		.4byte	0x258
 760 0278 03       		.uleb128 0x3
 761 0279 17010000 		.4byte	.LASF48
 762 027d 08       		.byte	0x8
 763 027e E5       		.byte	0xe5
 764 027f 83020000 		.4byte	0x283
 765 0283 0A       		.uleb128 0xa
 766 0284 04       		.byte	0x4
 767 0285 03       		.uleb128 0x3
 768 0286 A8010000 		.4byte	.LASF49
 769 028a 08       		.byte	0x8
 770 028b EB       		.byte	0xeb
 771 028c BF000000 		.4byte	0xbf
 772 0290 0B       		.uleb128 0xb
 773 0291 AE030000 		.4byte	.LASF50
 774 0295 24       		.byte	0x24
 775 0296 08       		.byte	0x8
 776 0297 0C01     		.2byte	0x10c
 777 0299 0C030000 		.4byte	0x30c
 778 029d 0C       		.uleb128 0xc
 779 029e 723400   		.ascii	"r4\000"
 780 02a1 08       		.byte	0x8
 781 02a2 1F01     		.2byte	0x11f
 782 02a4 78020000 		.4byte	0x278
 783 02a8 00       		.byte	0
 784 02a9 0C       		.uleb128 0xc
 785 02aa 723500   		.ascii	"r5\000"
 786 02ad 08       		.byte	0x8
ARM GAS  /tmp/cc3rpsQc.s 			page 15


 787 02ae 2001     		.2byte	0x120
 788 02b0 78020000 		.4byte	0x278
 789 02b4 04       		.byte	0x4
 790 02b5 0C       		.uleb128 0xc
 791 02b6 723600   		.ascii	"r6\000"
 792 02b9 08       		.byte	0x8
 793 02ba 2101     		.2byte	0x121
 794 02bc 78020000 		.4byte	0x278
 795 02c0 08       		.byte	0x8
 796 02c1 0C       		.uleb128 0xc
 797 02c2 723700   		.ascii	"r7\000"
 798 02c5 08       		.byte	0x8
 799 02c6 2201     		.2byte	0x122
 800 02c8 78020000 		.4byte	0x278
 801 02cc 0C       		.byte	0xc
 802 02cd 0C       		.uleb128 0xc
 803 02ce 723800   		.ascii	"r8\000"
 804 02d1 08       		.byte	0x8
 805 02d2 2301     		.2byte	0x123
 806 02d4 78020000 		.4byte	0x278
 807 02d8 10       		.byte	0x10
 808 02d9 0C       		.uleb128 0xc
 809 02da 723900   		.ascii	"r9\000"
 810 02dd 08       		.byte	0x8
 811 02de 2401     		.2byte	0x124
 812 02e0 78020000 		.4byte	0x278
 813 02e4 14       		.byte	0x14
 814 02e5 0C       		.uleb128 0xc
 815 02e6 72313000 		.ascii	"r10\000"
 816 02ea 08       		.byte	0x8
 817 02eb 2501     		.2byte	0x125
 818 02ed 78020000 		.4byte	0x278
 819 02f1 18       		.byte	0x18
 820 02f2 0C       		.uleb128 0xc
 821 02f3 72313100 		.ascii	"r11\000"
 822 02f7 08       		.byte	0x8
 823 02f8 2601     		.2byte	0x126
 824 02fa 78020000 		.4byte	0x278
 825 02fe 1C       		.byte	0x1c
 826 02ff 0C       		.uleb128 0xc
 827 0300 6C7200   		.ascii	"lr\000"
 828 0303 08       		.byte	0x8
 829 0304 2701     		.2byte	0x127
 830 0306 78020000 		.4byte	0x278
 831 030a 20       		.byte	0x20
 832 030b 00       		.byte	0
 833 030c 0B       		.uleb128 0xb
 834 030d 50010000 		.4byte	.LASF51
 835 0311 04       		.byte	0x4
 836 0312 08       		.byte	0x8
 837 0313 3101     		.2byte	0x131
 838 0315 27030000 		.4byte	0x327
 839 0319 0C       		.uleb128 0xc
 840 031a 72313300 		.ascii	"r13\000"
 841 031e 08       		.byte	0x8
 842 031f 3201     		.2byte	0x132
 843 0321 27030000 		.4byte	0x327
ARM GAS  /tmp/cc3rpsQc.s 			page 16


 844 0325 00       		.byte	0
 845 0326 00       		.byte	0
 846 0327 09       		.uleb128 0x9
 847 0328 04       		.byte	0x4
 848 0329 90020000 		.4byte	0x290
 849 032d 04       		.uleb128 0x4
 850 032e 04       		.byte	0x4
 851 032f 07       		.byte	0x7
 852 0330 B3010000 		.4byte	.LASF52
 853 0334 0D       		.uleb128 0xd
 854 0335 13010000 		.4byte	0x113
 855 0339 05       		.uleb128 0x5
 856 033a 96010000 		.4byte	.LASF53
 857 033e 10       		.byte	0x10
 858 033f 09       		.byte	0x9
 859 0340 2C       		.byte	0x2c
 860 0341 6A030000 		.4byte	0x36a
 861 0345 06       		.uleb128 0x6
 862 0346 A8000000 		.4byte	.LASF54
 863 034a 09       		.byte	0x9
 864 034b 2D       		.byte	0x2d
 865 034c 4D020000 		.4byte	0x24d
 866 0350 00       		.byte	0
 867 0351 06       		.uleb128 0x6
 868 0352 E9030000 		.4byte	.LASF55
 869 0356 09       		.byte	0x9
 870 0357 2F       		.byte	0x2f
 871 0358 47020000 		.4byte	0x247
 872 035c 08       		.byte	0x8
 873 035d 06       		.uleb128 0x6
 874 035e 81030000 		.4byte	.LASF56
 875 0362 09       		.byte	0x9
 876 0363 31       		.byte	0x31
 877 0364 6A030000 		.4byte	0x36a
 878 0368 0C       		.byte	0xc
 879 0369 00       		.byte	0
 880 036a 09       		.uleb128 0x9
 881 036b 04       		.byte	0x4
 882 036c 39030000 		.4byte	0x339
 883 0370 03       		.uleb128 0x3
 884 0371 96010000 		.4byte	.LASF53
 885 0375 09       		.byte	0x9
 886 0376 33       		.byte	0x33
 887 0377 39030000 		.4byte	0x339
 888 037b 03       		.uleb128 0x3
 889 037c 3A000000 		.4byte	.LASF57
 890 0380 0A       		.byte	0xa
 891 0381 2C       		.byte	0x2c
 892 0382 86030000 		.4byte	0x386
 893 0386 09       		.uleb128 0x9
 894 0387 04       		.byte	0x4
 895 0388 8C030000 		.4byte	0x38c
 896 038c 0E       		.uleb128 0xe
 897 038d 83020000 		.4byte	0x283
 898 0391 9B030000 		.4byte	0x39b
 899 0395 0F       		.uleb128 0xf
 900 0396 28000000 		.4byte	0x28
ARM GAS  /tmp/cc3rpsQc.s 			page 17


 901 039a 00       		.byte	0
 902 039b 03       		.uleb128 0x3
 903 039c 1B020000 		.4byte	.LASF58
 904 03a0 0B       		.byte	0xb
 905 03a1 34       		.byte	0x34
 906 03a2 A6030000 		.4byte	0x3a6
 907 03a6 05       		.uleb128 0x5
 908 03a7 01040000 		.4byte	.LASF59
 909 03ab 20       		.byte	0x20
 910 03ac 0B       		.byte	0xb
 911 03ad 47       		.byte	0x47
 912 03ae D7030000 		.4byte	0x3d7
 913 03b2 06       		.uleb128 0x6
 914 03b3 71020000 		.4byte	.LASF60
 915 03b7 0B       		.byte	0xb
 916 03b8 48       		.byte	0x48
 917 03b9 7B030000 		.4byte	0x37b
 918 03bd 00       		.byte	0
 919 03be 06       		.uleb128 0x6
 920 03bf 67000000 		.4byte	.LASF61
 921 03c3 0B       		.byte	0xb
 922 03c4 4A       		.byte	0x4a
 923 03c5 F6030000 		.4byte	0x3f6
 924 03c9 08       		.byte	0x8
 925 03ca 06       		.uleb128 0x6
 926 03cb 9A000000 		.4byte	.LASF62
 927 03cf 0B       		.byte	0xb
 928 03d0 4C       		.byte	0x4c
 929 03d1 70030000 		.4byte	0x370
 930 03d5 10       		.byte	0x10
 931 03d6 00       		.byte	0
 932 03d7 10       		.uleb128 0x10
 933 03d8 04       		.byte	0x4
 934 03d9 0B       		.byte	0xb
 935 03da 3C       		.byte	0x3c
 936 03db F6030000 		.4byte	0x3f6
 937 03df 11       		.uleb128 0x11
 938 03e0 74000000 		.4byte	.LASF63
 939 03e4 0B       		.byte	0xb
 940 03e5 3D       		.byte	0x3d
 941 03e6 17040000 		.4byte	0x417
 942 03ea 11       		.uleb128 0x11
 943 03eb E2020000 		.4byte	.LASF64
 944 03ef 0B       		.byte	0xb
 945 03f0 3E       		.byte	0x3e
 946 03f1 1D040000 		.4byte	0x41d
 947 03f5 00       		.byte	0
 948 03f6 12       		.uleb128 0x12
 949 03f7 98020000 		.4byte	.LASF87
 950 03fb 08       		.byte	0x8
 951 03fc 0B       		.byte	0xb
 952 03fd 39       		.byte	0x39
 953 03fe 17040000 		.4byte	0x417
 954 0402 11       		.uleb128 0x11
 955 0403 20010000 		.4byte	.LASF65
 956 0407 0B       		.byte	0xb
 957 0408 3A       		.byte	0x3a
ARM GAS  /tmp/cc3rpsQc.s 			page 18


 958 0409 85020000 		.4byte	0x285
 959 040d 13       		.uleb128 0x13
 960 040e 6800     		.ascii	"h\000"
 961 0410 0B       		.byte	0xb
 962 0411 41       		.byte	0x41
 963 0412 23040000 		.4byte	0x423
 964 0416 00       		.byte	0
 965 0417 09       		.uleb128 0x9
 966 0418 04       		.byte	0x4
 967 0419 F6030000 		.4byte	0x3f6
 968 041d 09       		.uleb128 0x9
 969 041e 04       		.byte	0x4
 970 041f 9B030000 		.4byte	0x39b
 971 0423 08       		.uleb128 0x8
 972 0424 08       		.byte	0x8
 973 0425 0B       		.byte	0xb
 974 0426 3B       		.byte	0x3b
 975 0427 42040000 		.4byte	0x442
 976 042b 07       		.uleb128 0x7
 977 042c 7500     		.ascii	"u\000"
 978 042e 0B       		.byte	0xb
 979 042f 3F       		.byte	0x3f
 980 0430 D7030000 		.4byte	0x3d7
 981 0434 00       		.byte	0
 982 0435 06       		.uleb128 0x6
 983 0436 58010000 		.4byte	.LASF66
 984 043a 0B       		.byte	0xb
 985 043b 40       		.byte	0x40
 986 043c 28000000 		.4byte	0x28
 987 0440 04       		.byte	0x4
 988 0441 00       		.byte	0
 989 0442 05       		.uleb128 0x5
 990 0443 C0030000 		.4byte	.LASF67
 991 0447 04       		.byte	0x4
 992 0448 0C       		.byte	0xc
 993 0449 2C       		.byte	0x2c
 994 044a 5B040000 		.4byte	0x45b
 995 044e 06       		.uleb128 0x6
 996 044f 31020000 		.4byte	.LASF68
 997 0453 0C       		.byte	0xc
 998 0454 2D       		.byte	0x2d
 999 0455 5B040000 		.4byte	0x45b
 1000 0459 00       		.byte	0
 1001 045a 00       		.byte	0
 1002 045b 09       		.uleb128 0x9
 1003 045c 04       		.byte	0x4
 1004 045d 42040000 		.4byte	0x442
 1005 0461 08       		.uleb128 0x8
 1006 0462 0C       		.byte	0xc
 1007 0463 0C       		.byte	0xc
 1008 0464 34       		.byte	0x34
 1009 0465 8E040000 		.4byte	0x48e
 1010 0469 06       		.uleb128 0x6
 1011 046a D6000000 		.4byte	.LASF69
 1012 046e 0C       		.byte	0xc
 1013 046f 35       		.byte	0x35
 1014 0470 5B040000 		.4byte	0x45b
ARM GAS  /tmp/cc3rpsQc.s 			page 19


 1015 0474 00       		.byte	0
 1016 0475 06       		.uleb128 0x6
 1017 0476 07020000 		.4byte	.LASF70
 1018 047a 0C       		.byte	0xc
 1019 047b 36       		.byte	0x36
 1020 047c 28000000 		.4byte	0x28
 1021 0480 04       		.byte	0x4
 1022 0481 06       		.uleb128 0x6
 1023 0482 0B010000 		.4byte	.LASF71
 1024 0486 0C       		.byte	0xc
 1025 0487 38       		.byte	0x38
 1026 0488 7B030000 		.4byte	0x37b
 1027 048c 08       		.byte	0x8
 1028 048d 00       		.byte	0
 1029 048e 03       		.uleb128 0x3
 1030 048f 2F000000 		.4byte	.LASF72
 1031 0493 0C       		.byte	0xc
 1032 0494 3A       		.byte	0x3a
 1033 0495 61040000 		.4byte	0x461
 1034 0499 10       		.uleb128 0x10
 1035 049a 04       		.byte	0x4
 1036 049b 07       		.byte	0x7
 1037 049c 96       		.byte	0x96
 1038 049d CE040000 		.4byte	0x4ce
 1039 04a1 11       		.uleb128 0x11
 1040 04a2 15000000 		.4byte	.LASF73
 1041 04a6 07       		.byte	0x7
 1042 04a7 9D       		.byte	0x9d
 1043 04a8 FD000000 		.4byte	0xfd
 1044 04ac 11       		.uleb128 0x11
 1045 04ad 5E000000 		.4byte	.LASF74
 1046 04b1 07       		.byte	0x7
 1047 04b2 A4       		.byte	0xa4
 1048 04b3 FD000000 		.4byte	0xfd
 1049 04b7 11       		.uleb128 0x11
 1050 04b8 DB030000 		.4byte	.LASF75
 1051 04bc 07       		.byte	0x7
 1052 04bd AB       		.byte	0xab
 1053 04be 83020000 		.4byte	0x283
 1054 04c2 11       		.uleb128 0x11
 1055 04c3 A4020000 		.4byte	.LASF76
 1056 04c7 07       		.byte	0x7
 1057 04c8 B2       		.byte	0xb2
 1058 04c9 08010000 		.4byte	0x108
 1059 04cd 00       		.byte	0
 1060 04ce 09       		.uleb128 0x9
 1061 04cf 04       		.byte	0x4
 1062 04d0 D4040000 		.4byte	0x4d4
 1063 04d4 14       		.uleb128 0x14
 1064 04d5 D9040000 		.4byte	0x4d9
 1065 04d9 04       		.uleb128 0x4
 1066 04da 01       		.byte	0x1
 1067 04db 08       		.byte	0x8
 1068 04dc 7C030000 		.4byte	.LASF77
 1069 04e0 09       		.uleb128 0x9
 1070 04e1 04       		.byte	0x4
 1071 04e2 85020000 		.4byte	0x285
ARM GAS  /tmp/cc3rpsQc.s 			page 20


 1072 04e6 09       		.uleb128 0x9
 1073 04e7 04       		.byte	0x4
 1074 04e8 70030000 		.4byte	0x370
 1075 04ec 03       		.uleb128 0x3
 1076 04ed 00000000 		.4byte	.LASF78
 1077 04f1 07       		.byte	0x7
 1078 04f2 E5       		.byte	0xe5
 1079 04f3 F7040000 		.4byte	0x4f7
 1080 04f7 09       		.uleb128 0x9
 1081 04f8 04       		.byte	0x4
 1082 04f9 FD040000 		.4byte	0x4fd
 1083 04fd 0E       		.uleb128 0xe
 1084 04fe FD000000 		.4byte	0xfd
 1085 0502 0C050000 		.4byte	0x50c
 1086 0506 0F       		.uleb128 0xf
 1087 0507 83020000 		.4byte	0x283
 1088 050b 00       		.byte	0
 1089 050c 15       		.uleb128 0x15
 1090 050d 9C010000 		.4byte	.LASF80
 1091 0511 01       		.byte	0x1
 1092 0512 34       		.byte	0x34
 1093 0513 47020000 		.4byte	0x247
 1094 0517 00000000 		.4byte	.LFB7
 1095 051b 48000000 		.4byte	.LFE7-.LFB7
 1096 051f 01       		.uleb128 0x1
 1097 0520 9C       		.byte	0x9c
 1098 0521 65050000 		.4byte	0x565
 1099 0525 16       		.uleb128 0x16
 1100 0526 747000   		.ascii	"tp\000"
 1101 0529 01       		.byte	0x1
 1102 052a 34       		.byte	0x34
 1103 052b 47020000 		.4byte	0x247
 1104 052f 02       		.uleb128 0x2
 1105 0530 91       		.byte	0x91
 1106 0531 74       		.sleb128 -12
 1107 0532 17       		.uleb128 0x17
 1108 0533 06000000 		.4byte	.LBB2
 1109 0537 06000000 		.4byte	.LBE2-.LBB2
 1110 053b 4D050000 		.4byte	0x54d
 1111 053f 18       		.uleb128 0x18
 1112 0540 746D7000 		.ascii	"tmp\000"
 1113 0544 01       		.byte	0x1
 1114 0545 36       		.byte	0x36
 1115 0546 B4000000 		.4byte	0xb4
 1116 054a 01       		.uleb128 0x1
 1117 054b 53       		.byte	0x53
 1118 054c 00       		.byte	0
 1119 054d 19       		.uleb128 0x19
 1120 054e 34000000 		.4byte	.LBB3
 1121 0552 06000000 		.4byte	.LBE3-.LBB3
 1122 0556 18       		.uleb128 0x18
 1123 0557 746D7000 		.ascii	"tmp\000"
 1124 055b 01       		.byte	0x1
 1125 055c 39       		.byte	0x39
 1126 055d B4000000 		.4byte	0xb4
 1127 0561 01       		.uleb128 0x1
 1128 0562 53       		.byte	0x53
ARM GAS  /tmp/cc3rpsQc.s 			page 21


 1129 0563 00       		.byte	0
 1130 0564 00       		.byte	0
 1131 0565 1A       		.uleb128 0x1a
 1132 0566 BA020000 		.4byte	.LASF88
 1133 056a 01       		.byte	0x1
 1134 056b 4A       		.byte	0x4a
 1135 056c 48000000 		.4byte	.LFB8
 1136 0570 B4000000 		.4byte	.LFE8-.LFB8
 1137 0574 01       		.uleb128 0x1
 1138 0575 9C       		.byte	0x9c
 1139 0576 C8050000 		.4byte	0x5c8
 1140 057a 16       		.uleb128 0x16
 1141 057b 747000   		.ascii	"tp\000"
 1142 057e 01       		.byte	0x1
 1143 057f 4A       		.byte	0x4a
 1144 0580 47020000 		.4byte	0x247
 1145 0584 02       		.uleb128 0x2
 1146 0585 91       		.byte	0x91
 1147 0586 6C       		.sleb128 -20
 1148 0587 1B       		.uleb128 0x1b
 1149 0588 41020000 		.4byte	.LASF79
 1150 058c 01       		.byte	0x1
 1151 058d 4B       		.byte	0x4b
 1152 058e E7000000 		.4byte	0xe7
 1153 0592 02       		.uleb128 0x2
 1154 0593 91       		.byte	0x91
 1155 0594 77       		.sleb128 -9
 1156 0595 17       		.uleb128 0x17
 1157 0596 4E000000 		.4byte	.LBB4
 1158 059a 06000000 		.4byte	.LBE4-.LBB4
 1159 059e B0050000 		.4byte	0x5b0
 1160 05a2 18       		.uleb128 0x18
 1161 05a3 746D7000 		.ascii	"tmp\000"
 1162 05a7 01       		.byte	0x1
 1163 05a8 4D       		.byte	0x4d
 1164 05a9 B4000000 		.4byte	0xb4
 1165 05ad 01       		.uleb128 0x1
 1166 05ae 53       		.byte	0x53
 1167 05af 00       		.byte	0
 1168 05b0 19       		.uleb128 0x19
 1169 05b1 86000000 		.4byte	.LBB5
 1170 05b5 06000000 		.4byte	.LBE5-.LBB5
 1171 05b9 18       		.uleb128 0x18
 1172 05ba 746D7000 		.ascii	"tmp\000"
 1173 05be 01       		.byte	0x1
 1174 05bf 50       		.byte	0x50
 1175 05c0 B4000000 		.4byte	0xb4
 1176 05c4 01       		.uleb128 0x1
 1177 05c5 53       		.byte	0x53
 1178 05c6 00       		.byte	0
 1179 05c7 00       		.byte	0
 1180 05c8 15       		.uleb128 0x15
 1181 05c9 B9000000 		.4byte	.LASF81
 1182 05cd 01       		.byte	0x1
 1183 05ce 82       		.byte	0x82
 1184 05cf 47020000 		.4byte	0x247
 1185 05d3 FC000000 		.4byte	.LFB9
ARM GAS  /tmp/cc3rpsQc.s 			page 22


 1186 05d7 84000000 		.4byte	.LFE9-.LFB9
 1187 05db 01       		.uleb128 0x1
 1188 05dc 9C       		.byte	0x9c
 1189 05dd 74060000 		.4byte	0x674
 1190 05e1 1C       		.uleb128 0x1c
 1191 05e2 6E000000 		.4byte	.LASF82
 1192 05e6 01       		.byte	0x1
 1193 05e7 82       		.byte	0x82
 1194 05e8 1D040000 		.4byte	0x41d
 1195 05ec 02       		.uleb128 0x2
 1196 05ed 91       		.byte	0x91
 1197 05ee 6C       		.sleb128 -20
 1198 05ef 1C       		.uleb128 0x1c
 1199 05f0 58010000 		.4byte	.LASF66
 1200 05f4 01       		.byte	0x1
 1201 05f5 82       		.byte	0x82
 1202 05f6 28000000 		.4byte	0x28
 1203 05fa 02       		.uleb128 0x2
 1204 05fb 91       		.byte	0x91
 1205 05fc 68       		.sleb128 -24
 1206 05fd 1C       		.uleb128 0x1c
 1207 05fe 16020000 		.4byte	.LASF83
 1208 0602 01       		.byte	0x1
 1209 0603 83       		.byte	0x83
 1210 0604 F2000000 		.4byte	0xf2
 1211 0608 02       		.uleb128 0x2
 1212 0609 91       		.byte	0x91
 1213 060a 64       		.sleb128 -28
 1214 060b 16       		.uleb128 0x16
 1215 060c 706600   		.ascii	"pf\000"
 1216 060f 01       		.byte	0x1
 1217 0610 83       		.byte	0x83
 1218 0611 EC040000 		.4byte	0x4ec
 1219 0615 02       		.uleb128 0x2
 1220 0616 91       		.byte	0x91
 1221 0617 60       		.sleb128 -32
 1222 0618 16       		.uleb128 0x16
 1223 0619 61726700 		.ascii	"arg\000"
 1224 061d 01       		.byte	0x1
 1225 061e 83       		.byte	0x83
 1226 061f 83020000 		.4byte	0x283
 1227 0623 02       		.uleb128 0x2
 1228 0624 91       		.byte	0x91
 1229 0625 00       		.sleb128 0
 1230 0626 18       		.uleb128 0x18
 1231 0627 77737000 		.ascii	"wsp\000"
 1232 062b 01       		.byte	0x1
 1233 062c 84       		.byte	0x84
 1234 062d 83020000 		.4byte	0x283
 1235 0631 02       		.uleb128 0x2
 1236 0632 91       		.byte	0x91
 1237 0633 74       		.sleb128 -12
 1238 0634 18       		.uleb128 0x18
 1239 0635 747000   		.ascii	"tp\000"
 1240 0638 01       		.byte	0x1
 1241 0639 85       		.byte	0x85
 1242 063a 47020000 		.4byte	0x247
ARM GAS  /tmp/cc3rpsQc.s 			page 23


 1243 063e 02       		.uleb128 0x2
 1244 063f 91       		.byte	0x91
 1245 0640 70       		.sleb128 -16
 1246 0641 17       		.uleb128 0x17
 1247 0642 40010000 		.4byte	.LBB6
 1248 0646 06000000 		.4byte	.LBE6-.LBB6
 1249 064a 5C060000 		.4byte	0x65c
 1250 064e 18       		.uleb128 0x18
 1251 064f 746D7000 		.ascii	"tmp\000"
 1252 0653 01       		.byte	0x1
 1253 0654 94       		.byte	0x94
 1254 0655 B4000000 		.4byte	0xb4
 1255 0659 01       		.uleb128 0x1
 1256 065a 53       		.byte	0x53
 1257 065b 00       		.byte	0
 1258 065c 19       		.uleb128 0x19
 1259 065d 70010000 		.4byte	.LBB7
 1260 0661 06000000 		.4byte	.LBE7-.LBB7
 1261 0665 18       		.uleb128 0x18
 1262 0666 746D7000 		.ascii	"tmp\000"
 1263 066a 01       		.byte	0x1
 1264 066b 98       		.byte	0x98
 1265 066c B4000000 		.4byte	0xb4
 1266 0670 01       		.uleb128 0x1
 1267 0671 53       		.byte	0x53
 1268 0672 00       		.byte	0
 1269 0673 00       		.byte	0
 1270 0674 15       		.uleb128 0x15
 1271 0675 E6000000 		.4byte	.LASF84
 1272 0679 01       		.byte	0x1
 1273 067a B3       		.byte	0xb3
 1274 067b 47020000 		.4byte	0x247
 1275 067f 80010000 		.4byte	.LFB10
 1276 0683 A0000000 		.4byte	.LFE10-.LFB10
 1277 0687 01       		.uleb128 0x1
 1278 0688 9C       		.byte	0x9c
 1279 0689 11070000 		.4byte	0x711
 1280 068d 16       		.uleb128 0x16
 1281 068e 6D7000   		.ascii	"mp\000"
 1282 0691 01       		.byte	0x1
 1283 0692 B3       		.byte	0xb3
 1284 0693 11070000 		.4byte	0x711
 1285 0697 02       		.uleb128 0x2
 1286 0698 91       		.byte	0x91
 1287 0699 6C       		.sleb128 -20
 1288 069a 1C       		.uleb128 0x1c
 1289 069b 16020000 		.4byte	.LASF83
 1290 069f 01       		.byte	0x1
 1291 06a0 B3       		.byte	0xb3
 1292 06a1 F2000000 		.4byte	0xf2
 1293 06a5 02       		.uleb128 0x2
 1294 06a6 91       		.byte	0x91
 1295 06a7 68       		.sleb128 -24
 1296 06a8 16       		.uleb128 0x16
 1297 06a9 706600   		.ascii	"pf\000"
 1298 06ac 01       		.byte	0x1
 1299 06ad B4       		.byte	0xb4
ARM GAS  /tmp/cc3rpsQc.s 			page 24


 1300 06ae EC040000 		.4byte	0x4ec
 1301 06b2 02       		.uleb128 0x2
 1302 06b3 91       		.byte	0x91
 1303 06b4 64       		.sleb128 -28
 1304 06b5 16       		.uleb128 0x16
 1305 06b6 61726700 		.ascii	"arg\000"
 1306 06ba 01       		.byte	0x1
 1307 06bb B4       		.byte	0xb4
 1308 06bc 83020000 		.4byte	0x283
 1309 06c0 02       		.uleb128 0x2
 1310 06c1 91       		.byte	0x91
 1311 06c2 60       		.sleb128 -32
 1312 06c3 18       		.uleb128 0x18
 1313 06c4 77737000 		.ascii	"wsp\000"
 1314 06c8 01       		.byte	0x1
 1315 06c9 B5       		.byte	0xb5
 1316 06ca 83020000 		.4byte	0x283
 1317 06ce 02       		.uleb128 0x2
 1318 06cf 91       		.byte	0x91
 1319 06d0 74       		.sleb128 -12
 1320 06d1 18       		.uleb128 0x18
 1321 06d2 747000   		.ascii	"tp\000"
 1322 06d5 01       		.byte	0x1
 1323 06d6 B6       		.byte	0xb6
 1324 06d7 47020000 		.4byte	0x247
 1325 06db 02       		.uleb128 0x2
 1326 06dc 91       		.byte	0x91
 1327 06dd 70       		.sleb128 -16
 1328 06de 17       		.uleb128 0x17
 1329 06df D0010000 		.4byte	.LBB8
 1330 06e3 06000000 		.4byte	.LBE8-.LBB8
 1331 06e7 F9060000 		.4byte	0x6f9
 1332 06eb 18       		.uleb128 0x18
 1333 06ec 746D7000 		.ascii	"tmp\000"
 1334 06f0 01       		.byte	0x1
 1335 06f1 C7       		.byte	0xc7
 1336 06f2 B4000000 		.4byte	0xb4
 1337 06f6 01       		.uleb128 0x1
 1338 06f7 53       		.byte	0x53
 1339 06f8 00       		.byte	0
 1340 06f9 19       		.uleb128 0x19
 1341 06fa 0A020000 		.4byte	.LBB9
 1342 06fe 06000000 		.4byte	.LBE9-.LBB9
 1343 0702 18       		.uleb128 0x18
 1344 0703 746D7000 		.ascii	"tmp\000"
 1345 0707 01       		.byte	0x1
 1346 0708 CC       		.byte	0xcc
 1347 0709 B4000000 		.4byte	0xb4
 1348 070d 01       		.uleb128 0x1
 1349 070e 53       		.byte	0x53
 1350 070f 00       		.byte	0
 1351 0710 00       		.byte	0
 1352 0711 09       		.uleb128 0x9
 1353 0712 04       		.byte	0x4
 1354 0713 8E040000 		.4byte	0x48e
 1355 0717 00       		.byte	0
 1356              		.section	.debug_abbrev,"",%progbits
ARM GAS  /tmp/cc3rpsQc.s 			page 25


 1357              	.Ldebug_abbrev0:
 1358 0000 01       		.uleb128 0x1
 1359 0001 11       		.uleb128 0x11
 1360 0002 01       		.byte	0x1
 1361 0003 25       		.uleb128 0x25
 1362 0004 0E       		.uleb128 0xe
 1363 0005 13       		.uleb128 0x13
 1364 0006 0B       		.uleb128 0xb
 1365 0007 03       		.uleb128 0x3
 1366 0008 0E       		.uleb128 0xe
 1367 0009 11       		.uleb128 0x11
 1368 000a 01       		.uleb128 0x1
 1369 000b 12       		.uleb128 0x12
 1370 000c 06       		.uleb128 0x6
 1371 000d 10       		.uleb128 0x10
 1372 000e 17       		.uleb128 0x17
 1373 000f 00       		.byte	0
 1374 0010 00       		.byte	0
 1375 0011 02       		.uleb128 0x2
 1376 0012 24       		.uleb128 0x24
 1377 0013 00       		.byte	0
 1378 0014 0B       		.uleb128 0xb
 1379 0015 0B       		.uleb128 0xb
 1380 0016 3E       		.uleb128 0x3e
 1381 0017 0B       		.uleb128 0xb
 1382 0018 03       		.uleb128 0x3
 1383 0019 08       		.uleb128 0x8
 1384 001a 00       		.byte	0
 1385 001b 00       		.byte	0
 1386 001c 03       		.uleb128 0x3
 1387 001d 16       		.uleb128 0x16
 1388 001e 00       		.byte	0
 1389 001f 03       		.uleb128 0x3
 1390 0020 0E       		.uleb128 0xe
 1391 0021 3A       		.uleb128 0x3a
 1392 0022 0B       		.uleb128 0xb
 1393 0023 3B       		.uleb128 0x3b
 1394 0024 0B       		.uleb128 0xb
 1395 0025 49       		.uleb128 0x49
 1396 0026 13       		.uleb128 0x13
 1397 0027 00       		.byte	0
 1398 0028 00       		.byte	0
 1399 0029 04       		.uleb128 0x4
 1400 002a 24       		.uleb128 0x24
 1401 002b 00       		.byte	0
 1402 002c 0B       		.uleb128 0xb
 1403 002d 0B       		.uleb128 0xb
 1404 002e 3E       		.uleb128 0x3e
 1405 002f 0B       		.uleb128 0xb
 1406 0030 03       		.uleb128 0x3
 1407 0031 0E       		.uleb128 0xe
 1408 0032 00       		.byte	0
 1409 0033 00       		.byte	0
 1410 0034 05       		.uleb128 0x5
 1411 0035 13       		.uleb128 0x13
 1412 0036 01       		.byte	0x1
 1413 0037 03       		.uleb128 0x3
ARM GAS  /tmp/cc3rpsQc.s 			page 26


 1414 0038 0E       		.uleb128 0xe
 1415 0039 0B       		.uleb128 0xb
 1416 003a 0B       		.uleb128 0xb
 1417 003b 3A       		.uleb128 0x3a
 1418 003c 0B       		.uleb128 0xb
 1419 003d 3B       		.uleb128 0x3b
 1420 003e 0B       		.uleb128 0xb
 1421 003f 01       		.uleb128 0x1
 1422 0040 13       		.uleb128 0x13
 1423 0041 00       		.byte	0
 1424 0042 00       		.byte	0
 1425 0043 06       		.uleb128 0x6
 1426 0044 0D       		.uleb128 0xd
 1427 0045 00       		.byte	0
 1428 0046 03       		.uleb128 0x3
 1429 0047 0E       		.uleb128 0xe
 1430 0048 3A       		.uleb128 0x3a
 1431 0049 0B       		.uleb128 0xb
 1432 004a 3B       		.uleb128 0x3b
 1433 004b 0B       		.uleb128 0xb
 1434 004c 49       		.uleb128 0x49
 1435 004d 13       		.uleb128 0x13
 1436 004e 38       		.uleb128 0x38
 1437 004f 0B       		.uleb128 0xb
 1438 0050 00       		.byte	0
 1439 0051 00       		.byte	0
 1440 0052 07       		.uleb128 0x7
 1441 0053 0D       		.uleb128 0xd
 1442 0054 00       		.byte	0
 1443 0055 03       		.uleb128 0x3
 1444 0056 08       		.uleb128 0x8
 1445 0057 3A       		.uleb128 0x3a
 1446 0058 0B       		.uleb128 0xb
 1447 0059 3B       		.uleb128 0x3b
 1448 005a 0B       		.uleb128 0xb
 1449 005b 49       		.uleb128 0x49
 1450 005c 13       		.uleb128 0x13
 1451 005d 38       		.uleb128 0x38
 1452 005e 0B       		.uleb128 0xb
 1453 005f 00       		.byte	0
 1454 0060 00       		.byte	0
 1455 0061 08       		.uleb128 0x8
 1456 0062 13       		.uleb128 0x13
 1457 0063 01       		.byte	0x1
 1458 0064 0B       		.uleb128 0xb
 1459 0065 0B       		.uleb128 0xb
 1460 0066 3A       		.uleb128 0x3a
 1461 0067 0B       		.uleb128 0xb
 1462 0068 3B       		.uleb128 0x3b
 1463 0069 0B       		.uleb128 0xb
 1464 006a 01       		.uleb128 0x1
 1465 006b 13       		.uleb128 0x13
 1466 006c 00       		.byte	0
 1467 006d 00       		.byte	0
 1468 006e 09       		.uleb128 0x9
 1469 006f 0F       		.uleb128 0xf
 1470 0070 00       		.byte	0
ARM GAS  /tmp/cc3rpsQc.s 			page 27


 1471 0071 0B       		.uleb128 0xb
 1472 0072 0B       		.uleb128 0xb
 1473 0073 49       		.uleb128 0x49
 1474 0074 13       		.uleb128 0x13
 1475 0075 00       		.byte	0
 1476 0076 00       		.byte	0
 1477 0077 0A       		.uleb128 0xa
 1478 0078 0F       		.uleb128 0xf
 1479 0079 00       		.byte	0
 1480 007a 0B       		.uleb128 0xb
 1481 007b 0B       		.uleb128 0xb
 1482 007c 00       		.byte	0
 1483 007d 00       		.byte	0
 1484 007e 0B       		.uleb128 0xb
 1485 007f 13       		.uleb128 0x13
 1486 0080 01       		.byte	0x1
 1487 0081 03       		.uleb128 0x3
 1488 0082 0E       		.uleb128 0xe
 1489 0083 0B       		.uleb128 0xb
 1490 0084 0B       		.uleb128 0xb
 1491 0085 3A       		.uleb128 0x3a
 1492 0086 0B       		.uleb128 0xb
 1493 0087 3B       		.uleb128 0x3b
 1494 0088 05       		.uleb128 0x5
 1495 0089 01       		.uleb128 0x1
 1496 008a 13       		.uleb128 0x13
 1497 008b 00       		.byte	0
 1498 008c 00       		.byte	0
 1499 008d 0C       		.uleb128 0xc
 1500 008e 0D       		.uleb128 0xd
 1501 008f 00       		.byte	0
 1502 0090 03       		.uleb128 0x3
 1503 0091 08       		.uleb128 0x8
 1504 0092 3A       		.uleb128 0x3a
 1505 0093 0B       		.uleb128 0xb
 1506 0094 3B       		.uleb128 0x3b
 1507 0095 05       		.uleb128 0x5
 1508 0096 49       		.uleb128 0x49
 1509 0097 13       		.uleb128 0x13
 1510 0098 38       		.uleb128 0x38
 1511 0099 0B       		.uleb128 0xb
 1512 009a 00       		.byte	0
 1513 009b 00       		.byte	0
 1514 009c 0D       		.uleb128 0xd
 1515 009d 35       		.uleb128 0x35
 1516 009e 00       		.byte	0
 1517 009f 49       		.uleb128 0x49
 1518 00a0 13       		.uleb128 0x13
 1519 00a1 00       		.byte	0
 1520 00a2 00       		.byte	0
 1521 00a3 0E       		.uleb128 0xe
 1522 00a4 15       		.uleb128 0x15
 1523 00a5 01       		.byte	0x1
 1524 00a6 27       		.uleb128 0x27
 1525 00a7 19       		.uleb128 0x19
 1526 00a8 49       		.uleb128 0x49
 1527 00a9 13       		.uleb128 0x13
ARM GAS  /tmp/cc3rpsQc.s 			page 28


 1528 00aa 01       		.uleb128 0x1
 1529 00ab 13       		.uleb128 0x13
 1530 00ac 00       		.byte	0
 1531 00ad 00       		.byte	0
 1532 00ae 0F       		.uleb128 0xf
 1533 00af 05       		.uleb128 0x5
 1534 00b0 00       		.byte	0
 1535 00b1 49       		.uleb128 0x49
 1536 00b2 13       		.uleb128 0x13
 1537 00b3 00       		.byte	0
 1538 00b4 00       		.byte	0
 1539 00b5 10       		.uleb128 0x10
 1540 00b6 17       		.uleb128 0x17
 1541 00b7 01       		.byte	0x1
 1542 00b8 0B       		.uleb128 0xb
 1543 00b9 0B       		.uleb128 0xb
 1544 00ba 3A       		.uleb128 0x3a
 1545 00bb 0B       		.uleb128 0xb
 1546 00bc 3B       		.uleb128 0x3b
 1547 00bd 0B       		.uleb128 0xb
 1548 00be 01       		.uleb128 0x1
 1549 00bf 13       		.uleb128 0x13
 1550 00c0 00       		.byte	0
 1551 00c1 00       		.byte	0
 1552 00c2 11       		.uleb128 0x11
 1553 00c3 0D       		.uleb128 0xd
 1554 00c4 00       		.byte	0
 1555 00c5 03       		.uleb128 0x3
 1556 00c6 0E       		.uleb128 0xe
 1557 00c7 3A       		.uleb128 0x3a
 1558 00c8 0B       		.uleb128 0xb
 1559 00c9 3B       		.uleb128 0x3b
 1560 00ca 0B       		.uleb128 0xb
 1561 00cb 49       		.uleb128 0x49
 1562 00cc 13       		.uleb128 0x13
 1563 00cd 00       		.byte	0
 1564 00ce 00       		.byte	0
 1565 00cf 12       		.uleb128 0x12
 1566 00d0 17       		.uleb128 0x17
 1567 00d1 01       		.byte	0x1
 1568 00d2 03       		.uleb128 0x3
 1569 00d3 0E       		.uleb128 0xe
 1570 00d4 0B       		.uleb128 0xb
 1571 00d5 0B       		.uleb128 0xb
 1572 00d6 3A       		.uleb128 0x3a
 1573 00d7 0B       		.uleb128 0xb
 1574 00d8 3B       		.uleb128 0x3b
 1575 00d9 0B       		.uleb128 0xb
 1576 00da 01       		.uleb128 0x1
 1577 00db 13       		.uleb128 0x13
 1578 00dc 00       		.byte	0
 1579 00dd 00       		.byte	0
 1580 00de 13       		.uleb128 0x13
 1581 00df 0D       		.uleb128 0xd
 1582 00e0 00       		.byte	0
 1583 00e1 03       		.uleb128 0x3
 1584 00e2 08       		.uleb128 0x8
ARM GAS  /tmp/cc3rpsQc.s 			page 29


 1585 00e3 3A       		.uleb128 0x3a
 1586 00e4 0B       		.uleb128 0xb
 1587 00e5 3B       		.uleb128 0x3b
 1588 00e6 0B       		.uleb128 0xb
 1589 00e7 49       		.uleb128 0x49
 1590 00e8 13       		.uleb128 0x13
 1591 00e9 00       		.byte	0
 1592 00ea 00       		.byte	0
 1593 00eb 14       		.uleb128 0x14
 1594 00ec 26       		.uleb128 0x26
 1595 00ed 00       		.byte	0
 1596 00ee 49       		.uleb128 0x49
 1597 00ef 13       		.uleb128 0x13
 1598 00f0 00       		.byte	0
 1599 00f1 00       		.byte	0
 1600 00f2 15       		.uleb128 0x15
 1601 00f3 2E       		.uleb128 0x2e
 1602 00f4 01       		.byte	0x1
 1603 00f5 3F       		.uleb128 0x3f
 1604 00f6 19       		.uleb128 0x19
 1605 00f7 03       		.uleb128 0x3
 1606 00f8 0E       		.uleb128 0xe
 1607 00f9 3A       		.uleb128 0x3a
 1608 00fa 0B       		.uleb128 0xb
 1609 00fb 3B       		.uleb128 0x3b
 1610 00fc 0B       		.uleb128 0xb
 1611 00fd 27       		.uleb128 0x27
 1612 00fe 19       		.uleb128 0x19
 1613 00ff 49       		.uleb128 0x49
 1614 0100 13       		.uleb128 0x13
 1615 0101 11       		.uleb128 0x11
 1616 0102 01       		.uleb128 0x1
 1617 0103 12       		.uleb128 0x12
 1618 0104 06       		.uleb128 0x6
 1619 0105 40       		.uleb128 0x40
 1620 0106 18       		.uleb128 0x18
 1621 0107 9642     		.uleb128 0x2116
 1622 0109 19       		.uleb128 0x19
 1623 010a 01       		.uleb128 0x1
 1624 010b 13       		.uleb128 0x13
 1625 010c 00       		.byte	0
 1626 010d 00       		.byte	0
 1627 010e 16       		.uleb128 0x16
 1628 010f 05       		.uleb128 0x5
 1629 0110 00       		.byte	0
 1630 0111 03       		.uleb128 0x3
 1631 0112 08       		.uleb128 0x8
 1632 0113 3A       		.uleb128 0x3a
 1633 0114 0B       		.uleb128 0xb
 1634 0115 3B       		.uleb128 0x3b
 1635 0116 0B       		.uleb128 0xb
 1636 0117 49       		.uleb128 0x49
 1637 0118 13       		.uleb128 0x13
 1638 0119 02       		.uleb128 0x2
 1639 011a 18       		.uleb128 0x18
 1640 011b 00       		.byte	0
 1641 011c 00       		.byte	0
ARM GAS  /tmp/cc3rpsQc.s 			page 30


 1642 011d 17       		.uleb128 0x17
 1643 011e 0B       		.uleb128 0xb
 1644 011f 01       		.byte	0x1
 1645 0120 11       		.uleb128 0x11
 1646 0121 01       		.uleb128 0x1
 1647 0122 12       		.uleb128 0x12
 1648 0123 06       		.uleb128 0x6
 1649 0124 01       		.uleb128 0x1
 1650 0125 13       		.uleb128 0x13
 1651 0126 00       		.byte	0
 1652 0127 00       		.byte	0
 1653 0128 18       		.uleb128 0x18
 1654 0129 34       		.uleb128 0x34
 1655 012a 00       		.byte	0
 1656 012b 03       		.uleb128 0x3
 1657 012c 08       		.uleb128 0x8
 1658 012d 3A       		.uleb128 0x3a
 1659 012e 0B       		.uleb128 0xb
 1660 012f 3B       		.uleb128 0x3b
 1661 0130 0B       		.uleb128 0xb
 1662 0131 49       		.uleb128 0x49
 1663 0132 13       		.uleb128 0x13
 1664 0133 02       		.uleb128 0x2
 1665 0134 18       		.uleb128 0x18
 1666 0135 00       		.byte	0
 1667 0136 00       		.byte	0
 1668 0137 19       		.uleb128 0x19
 1669 0138 0B       		.uleb128 0xb
 1670 0139 01       		.byte	0x1
 1671 013a 11       		.uleb128 0x11
 1672 013b 01       		.uleb128 0x1
 1673 013c 12       		.uleb128 0x12
 1674 013d 06       		.uleb128 0x6
 1675 013e 00       		.byte	0
 1676 013f 00       		.byte	0
 1677 0140 1A       		.uleb128 0x1a
 1678 0141 2E       		.uleb128 0x2e
 1679 0142 01       		.byte	0x1
 1680 0143 3F       		.uleb128 0x3f
 1681 0144 19       		.uleb128 0x19
 1682 0145 03       		.uleb128 0x3
 1683 0146 0E       		.uleb128 0xe
 1684 0147 3A       		.uleb128 0x3a
 1685 0148 0B       		.uleb128 0xb
 1686 0149 3B       		.uleb128 0x3b
 1687 014a 0B       		.uleb128 0xb
 1688 014b 27       		.uleb128 0x27
 1689 014c 19       		.uleb128 0x19
 1690 014d 11       		.uleb128 0x11
 1691 014e 01       		.uleb128 0x1
 1692 014f 12       		.uleb128 0x12
 1693 0150 06       		.uleb128 0x6
 1694 0151 40       		.uleb128 0x40
 1695 0152 18       		.uleb128 0x18
 1696 0153 9642     		.uleb128 0x2116
 1697 0155 19       		.uleb128 0x19
 1698 0156 01       		.uleb128 0x1
ARM GAS  /tmp/cc3rpsQc.s 			page 31


 1699 0157 13       		.uleb128 0x13
 1700 0158 00       		.byte	0
 1701 0159 00       		.byte	0
 1702 015a 1B       		.uleb128 0x1b
 1703 015b 34       		.uleb128 0x34
 1704 015c 00       		.byte	0
 1705 015d 03       		.uleb128 0x3
 1706 015e 0E       		.uleb128 0xe
 1707 015f 3A       		.uleb128 0x3a
 1708 0160 0B       		.uleb128 0xb
 1709 0161 3B       		.uleb128 0x3b
 1710 0162 0B       		.uleb128 0xb
 1711 0163 49       		.uleb128 0x49
 1712 0164 13       		.uleb128 0x13
 1713 0165 02       		.uleb128 0x2
 1714 0166 18       		.uleb128 0x18
 1715 0167 00       		.byte	0
 1716 0168 00       		.byte	0
 1717 0169 1C       		.uleb128 0x1c
 1718 016a 05       		.uleb128 0x5
 1719 016b 00       		.byte	0
 1720 016c 03       		.uleb128 0x3
 1721 016d 0E       		.uleb128 0xe
 1722 016e 3A       		.uleb128 0x3a
 1723 016f 0B       		.uleb128 0xb
 1724 0170 3B       		.uleb128 0x3b
 1725 0171 0B       		.uleb128 0xb
 1726 0172 49       		.uleb128 0x49
 1727 0173 13       		.uleb128 0x13
 1728 0174 02       		.uleb128 0x2
 1729 0175 18       		.uleb128 0x18
 1730 0176 00       		.byte	0
 1731 0177 00       		.byte	0
 1732 0178 00       		.byte	0
 1733              		.section	.debug_aranges,"",%progbits
 1734 0000 1C000000 		.4byte	0x1c
 1735 0004 0200     		.2byte	0x2
 1736 0006 00000000 		.4byte	.Ldebug_info0
 1737 000a 04       		.byte	0x4
 1738 000b 00       		.byte	0
 1739 000c 0000     		.2byte	0
 1740 000e 0000     		.2byte	0
 1741 0010 00000000 		.4byte	.Ltext0
 1742 0014 20020000 		.4byte	.Letext0-.Ltext0
 1743 0018 00000000 		.4byte	0
 1744 001c 00000000 		.4byte	0
 1745              		.section	.debug_line,"",%progbits
 1746              	.Ldebug_line0:
 1747 0000 8A020000 		.section	.debug_str,"MS",%progbits,1
 1747      02002102 
 1747      00000201 
 1747      FB0E0D00 
 1747      01010101 
 1748              	.LASF78:
 1749 0000 7466756E 		.ascii	"tfunc_t\000"
 1749      635F7400 
 1750              	.LASF41:
ARM GAS  /tmp/cc3rpsQc.s 			page 32


 1751 0008 705F6D73 		.ascii	"p_msg\000"
 1751      6700
 1752              	.LASF2:
 1753 000e 73697A65 		.ascii	"size_t\000"
 1753      5F7400
 1754              	.LASF73:
 1755 0015 7264796D 		.ascii	"rdymsg\000"
 1755      736700
 1756              	.LASF17:
 1757 001c 75696E74 		.ascii	"uint64_t\000"
 1757      36345F74 
 1757      00
 1758              	.LASF3:
 1759 0025 5F5F7569 		.ascii	"__uint8_t\000"
 1759      6E74385F 
 1759      7400
 1760              	.LASF72:
 1761 002f 4D656D6F 		.ascii	"MemoryPool\000"
 1761      7279506F 
 1761      6F6C00
 1762              	.LASF57:
 1763 003a 6D656D67 		.ascii	"memgetfunc_t\000"
 1763      65746675 
 1763      6E635F74 
 1763      00
 1764              	.LASF13:
 1765 0047 6C6F6E67 		.ascii	"long long unsigned int\000"
 1765      206C6F6E 
 1765      6720756E 
 1765      7369676E 
 1765      65642069 
 1766              	.LASF74:
 1767 005e 65786974 		.ascii	"exitcode\000"
 1767      636F6465 
 1767      00
 1768              	.LASF61:
 1769 0067 685F6672 		.ascii	"h_free\000"
 1769      656500
 1770              	.LASF82:
 1771 006e 68656170 		.ascii	"heapp\000"
 1771      7000
 1772              	.LASF63:
 1773 0074 6E657874 		.ascii	"next\000"
 1773      00
 1774              	.LASF29:
 1775 0079 705F7072 		.ascii	"p_prio\000"
 1775      696F00
 1776              	.LASF11:
 1777 0080 6C6F6E67 		.ascii	"long long int\000"
 1777      206C6F6E 
 1777      6720696E 
 1777      7400
 1778              	.LASF1:
 1779 008e 7369676E 		.ascii	"signed char\000"
 1779      65642063 
 1779      68617200 
 1780              	.LASF62:
ARM GAS  /tmp/cc3rpsQc.s 			page 33


 1781 009a 685F6D74 		.ascii	"h_mtx\000"
 1781      7800
 1782              	.LASF45:
 1783 00a0 705F6D70 		.ascii	"p_mpool\000"
 1783      6F6F6C00 
 1784              	.LASF54:
 1785 00a8 6D5F7175 		.ascii	"m_queue\000"
 1785      65756500 
 1786              	.LASF8:
 1787 00b0 6C6F6E67 		.ascii	"long int\000"
 1787      20696E74 
 1787      00
 1788              	.LASF81:
 1789 00b9 63685468 		.ascii	"chThdCreateFromHeap\000"
 1789      64437265 
 1789      61746546 
 1789      726F6D48 
 1789      65617000 
 1790              	.LASF20:
 1791 00cd 74737461 		.ascii	"tstate_t\000"
 1791      74655F74 
 1791      00
 1792              	.LASF69:
 1793 00d6 6D705F6E 		.ascii	"mp_next\000"
 1793      65787400 
 1794              	.LASF31:
 1795 00de 705F6E65 		.ascii	"p_newer\000"
 1795      77657200 
 1796              	.LASF84:
 1797 00e6 63685468 		.ascii	"chThdCreateFromMemoryPool\000"
 1797      64437265 
 1797      61746546 
 1797      726F6D4D 
 1797      656D6F72 
 1798              	.LASF9:
 1799 0100 5F5F7569 		.ascii	"__uint32_t\000"
 1799      6E743332 
 1799      5F7400
 1800              	.LASF71:
 1801 010b 6D705F70 		.ascii	"mp_provider\000"
 1801      726F7669 
 1801      64657200 
 1802              	.LASF48:
 1803 0117 72656761 		.ascii	"regarm_t\000"
 1803      726D5F74 
 1803      00
 1804              	.LASF65:
 1805 0120 616C6967 		.ascii	"align\000"
 1805      6E00
 1806              	.LASF34:
 1807 0126 705F7374 		.ascii	"p_stklimit\000"
 1807      6B6C696D 
 1807      697400
 1808              	.LASF0:
 1809 0131 756E7369 		.ascii	"unsigned int\000"
 1809      676E6564 
 1809      20696E74 
ARM GAS  /tmp/cc3rpsQc.s 			page 34


 1809      00
 1810              	.LASF10:
 1811 013e 6C6F6E67 		.ascii	"long unsigned int\000"
 1811      20756E73 
 1811      69676E65 
 1811      6420696E 
 1811      7400
 1812              	.LASF51:
 1813 0150 636F6E74 		.ascii	"context\000"
 1813      65787400 
 1814              	.LASF66:
 1815 0158 73697A65 		.ascii	"size\000"
 1815      00
 1816              	.LASF6:
 1817 015d 73686F72 		.ascii	"short unsigned int\000"
 1817      7420756E 
 1817      7369676E 
 1817      65642069 
 1817      6E7400
 1818              	.LASF23:
 1819 0170 6D73675F 		.ascii	"msg_t\000"
 1819      7400
 1820              	.LASF19:
 1821 0176 746D6F64 		.ascii	"tmode_t\000"
 1821      655F7400 
 1822              	.LASF47:
 1823 017e 54687265 		.ascii	"ThreadsList\000"
 1823      6164734C 
 1823      69737400 
 1824              	.LASF24:
 1825 018a 6576656E 		.ascii	"eventmask_t\000"
 1825      746D6173 
 1825      6B5F7400 
 1826              	.LASF53:
 1827 0196 4D757465 		.ascii	"Mutex\000"
 1827      7800
 1828              	.LASF80:
 1829 019c 63685468 		.ascii	"chThdAddRef\000"
 1829      64416464 
 1829      52656600 
 1830              	.LASF49:
 1831 01a8 73746B61 		.ascii	"stkalign_t\000"
 1831      6C69676E 
 1831      5F7400
 1832              	.LASF52:
 1833 01b3 73697A65 		.ascii	"sizetype\000"
 1833      74797065 
 1833      00
 1834              	.LASF86:
 1835 01bc 2F6F7074 		.ascii	"/opt/R2P/core/ChibiOS_2.6.5/os/kernel/src/chdynamic"
 1835      2F523250 
 1835      2F636F72 
 1835      652F4368 
 1835      6962694F 
 1836 01ef 2E6300   		.ascii	".c\000"
 1837              	.LASF32:
 1838 01f2 705F6F6C 		.ascii	"p_older\000"
ARM GAS  /tmp/cc3rpsQc.s 			page 35


 1838      64657200 
 1839              	.LASF46:
 1840 01fa 54687265 		.ascii	"ThreadsQueue\000"
 1840      61647351 
 1840      75657565 
 1840      00
 1841              	.LASF70:
 1842 0207 6D705F6F 		.ascii	"mp_object_size\000"
 1842      626A6563 
 1842      745F7369 
 1842      7A6500
 1843              	.LASF83:
 1844 0216 7072696F 		.ascii	"prio\000"
 1844      00
 1845              	.LASF58:
 1846 021b 4D656D6F 		.ascii	"MemoryHeap\000"
 1846      72794865 
 1846      617000
 1847              	.LASF12:
 1848 0226 5F5F7569 		.ascii	"__uint64_t\000"
 1848      6E743634 
 1848      5F7400
 1849              	.LASF68:
 1850 0231 70685F6E 		.ascii	"ph_next\000"
 1850      65787400 
 1851              	.LASF21:
 1852 0239 74726566 		.ascii	"trefs_t\000"
 1852      735F7400 
 1853              	.LASF79:
 1854 0241 72656673 		.ascii	"refs\000"
 1854      00
 1855              	.LASF28:
 1856 0246 705F7072 		.ascii	"p_prev\000"
 1856      657600
 1857              	.LASF22:
 1858 024d 74707269 		.ascii	"tprio_t\000"
 1858      6F5F7400 
 1859              	.LASF18:
 1860 0255 5F426F6F 		.ascii	"_Bool\000"
 1860      6C00
 1861              	.LASF15:
 1862 025b 696E7433 		.ascii	"int32_t\000"
 1862      325F7400 
 1863              	.LASF4:
 1864 0263 756E7369 		.ascii	"unsigned char\000"
 1864      676E6564 
 1864      20636861 
 1864      7200
 1865              	.LASF60:
 1866 0271 685F7072 		.ascii	"h_provider\000"
 1866      6F766964 
 1866      657200
 1867              	.LASF43:
 1868 027c 705F6D74 		.ascii	"p_mtxlist\000"
 1868      786C6973 
 1868      7400
 1869              	.LASF5:
ARM GAS  /tmp/cc3rpsQc.s 			page 36


 1870 0286 73686F72 		.ascii	"short int\000"
 1870      7420696E 
 1870      7400
 1871              	.LASF35:
 1872 0290 705F7374 		.ascii	"p_state\000"
 1872      61746500 
 1873              	.LASF87:
 1874 0298 68656170 		.ascii	"heap_header\000"
 1874      5F686561 
 1874      64657200 
 1875              	.LASF76:
 1876 02a4 65776D61 		.ascii	"ewmask\000"
 1876      736B00
 1877              	.LASF27:
 1878 02ab 705F6E65 		.ascii	"p_next\000"
 1878      787400
 1879              	.LASF36:
 1880 02b2 705F666C 		.ascii	"p_flags\000"
 1880      61677300 
 1881              	.LASF88:
 1882 02ba 63685468 		.ascii	"chThdRelease\000"
 1882      6452656C 
 1882      65617365 
 1882      00
 1883              	.LASF26:
 1884 02c7 54687265 		.ascii	"Thread\000"
 1884      616400
 1885              	.LASF42:
 1886 02ce 705F6570 		.ascii	"p_epending\000"
 1886      656E6469 
 1886      6E6700
 1887              	.LASF16:
 1888 02d9 75696E74 		.ascii	"uint32_t\000"
 1888      33325F74 
 1888      00
 1889              	.LASF64:
 1890 02e2 68656170 		.ascii	"heap\000"
 1890      00
 1891              	.LASF85:
 1892 02e7 474E5520 		.ascii	"GNU C 4.9.3 20141119 (release) [ARM/embedded-4_9-br"
 1892      4320342E 
 1892      392E3320 
 1892      32303134 
 1892      31313139 
 1893 031a 616E6368 		.ascii	"anch revision 218278] -mcpu=cortex-m4 -mno-thumb-in"
 1893      20726576 
 1893      6973696F 
 1893      6E203231 
 1893      38323738 
 1894 034d 74657277 		.ascii	"terwork -mthumb -ggdb -O0 -fomit-frame-pointer\000"
 1894      6F726B20 
 1894      2D6D7468 
 1894      756D6220 
 1894      2D676764 
 1895              	.LASF77:
 1896 037c 63686172 		.ascii	"char\000"
 1896      00
ARM GAS  /tmp/cc3rpsQc.s 			page 37


 1897              	.LASF56:
 1898 0381 6D5F6E65 		.ascii	"m_next\000"
 1898      787400
 1899              	.LASF25:
 1900 0388 73797374 		.ascii	"systime_t\000"
 1900      696D655F 
 1900      7400
 1901              	.LASF44:
 1902 0392 705F7265 		.ascii	"p_realprio\000"
 1902      616C7072 
 1902      696F00
 1903              	.LASF7:
 1904 039d 5F5F696E 		.ascii	"__int32_t\000"
 1904      7433325F 
 1904      7400
 1905              	.LASF38:
 1906 03a7 705F7469 		.ascii	"p_time\000"
 1906      6D6500
 1907              	.LASF50:
 1908 03ae 696E7463 		.ascii	"intctx\000"
 1908      747800
 1909              	.LASF40:
 1910 03b5 705F6D73 		.ascii	"p_msgqueue\000"
 1910      67717565 
 1910      756500
 1911              	.LASF67:
 1912 03c0 706F6F6C 		.ascii	"pool_header\000"
 1912      5F686561 
 1912      64657200 
 1913              	.LASF37:
 1914 03cc 705F7265 		.ascii	"p_refs\000"
 1914      667300
 1915              	.LASF14:
 1916 03d3 75696E74 		.ascii	"uint8_t\000"
 1916      385F7400 
 1917              	.LASF75:
 1918 03db 77746F62 		.ascii	"wtobjp\000"
 1918      6A7000
 1919              	.LASF33:
 1920 03e2 705F6E61 		.ascii	"p_name\000"
 1920      6D6500
 1921              	.LASF55:
 1922 03e9 6D5F6F77 		.ascii	"m_owner\000"
 1922      6E657200 
 1923              	.LASF30:
 1924 03f1 705F6374 		.ascii	"p_ctx\000"
 1924      7800
 1925              	.LASF39:
 1926 03f7 705F7761 		.ascii	"p_waiting\000"
 1926      6974696E 
 1926      6700
 1927              	.LASF59:
 1928 0401 6D656D6F 		.ascii	"memory_heap\000"
 1928      72795F68 
 1928      65617000 
 1929              		.ident	"GCC: (GNU Tools for ARM Embedded Processors) 4.9.3 20141119 (release) [ARM/embedded-4_9-br
ARM GAS  /tmp/cc3rpsQc.s 			page 38


DEFINED SYMBOLS
                            *ABS*:00000000 chdynamic.c
     /tmp/cc3rpsQc.s:19     .rodata:00000000 $d
     /tmp/cc3rpsQc.s:23     .text:00000000 $t
     /tmp/cc3rpsQc.s:28     .text:00000000 chThdAddRef
     /tmp/cc3rpsQc.s:86     .text:00000044 $d
     /tmp/cc3rpsQc.s:95     .text:00000048 $t
     /tmp/cc3rpsQc.s:100    .text:00000048 chThdRelease
     /tmp/cc3rpsQc.s:213    .text:000000f8 $d
     /tmp/cc3rpsQc.s:217    .text:000000fc $t
     /tmp/cc3rpsQc.s:222    .text:000000fc chThdCreateFromHeap
     /tmp/cc3rpsQc.s:324    .text:00000180 chThdCreateFromMemoryPool
     /tmp/cc3rpsQc.s:432    .text:0000021c $d
                     .debug_frame:00000010 $d

UNDEFINED SYMBOLS
dbg_check_lock
chDbgPanic
dbg_check_unlock
chHeapFree
chPoolFree
chHeapAlloc
_thread_memfill
chThdCreateI
chSchWakeupS
chPoolAlloc
