ARM GAS  /tmp/ccHh3ds7.s 			page 1


   1              		.syntax unified
   2              		.cpu cortex-m4
   3              		.fpu softvfp
   4              		.eabi_attribute 20, 1
   5              		.eabi_attribute 21, 1
   6              		.eabi_attribute 23, 3
   7              		.eabi_attribute 24, 1
   8              		.eabi_attribute 25, 1
   9              		.eabi_attribute 26, 1
  10              		.eabi_attribute 30, 6
  11              		.eabi_attribute 34, 1
  12              		.eabi_attribute 18, 4
  13              		.thumb
  14              		.file	"Checksummer.cpp"
  15              		.text
  16              	.Ltext0:
  17              		.cfi_sections	.debug_frame
  18              		.section	.text._ZN3r2p11Checksummer3addEh,"axG",%progbits,_ZN3r2p11Checksummer3addEh,comdat
  19              		.align	2
  20              		.weak	_ZN3r2p11Checksummer3addEh
  21              		.thumb
  22              		.thumb_func
  23              		.type	_ZN3r2p11Checksummer3addEh, %function
  24              	_ZN3r2p11Checksummer3addEh:
  25              	.LFB41:
  26              		.file 1 "/opt/R2P/core/Middleware/include/r2p/Checksummer.hpp"
  27              		.loc 1 104 0
  28              		.cfi_startproc
  29              		@ args = 0, pretend = 0, frame = 8
  30              		@ frame_needed = 0, uses_anonymous_args = 0
  31              		@ link register save eliminated.
  32 0000 82B0     		sub	sp, sp, #8
  33              		.cfi_def_cfa_offset 8
  34 0002 0190     		str	r0, [sp, #4]
  35 0004 0B46     		mov	r3, r1
  36 0006 8DF80330 		strb	r3, [sp, #3]
  37              		.loc 1 106 0
  38 000a 019B     		ldr	r3, [sp, #4]
  39 000c 1A78     		ldrb	r2, [r3]	@ zero_extendqisi2
  40 000e 9DF80330 		ldrb	r3, [sp, #3]
  41 0012 1344     		add	r3, r3, r2
  42 0014 DAB2     		uxtb	r2, r3
  43 0016 019B     		ldr	r3, [sp, #4]
  44 0018 1A70     		strb	r2, [r3]
  45              		.loc 1 107 0
  46 001a 02B0     		add	sp, sp, #8
  47              		.cfi_def_cfa_offset 0
  48              		@ sp needed
  49 001c 7047     		bx	lr
  50              		.cfi_endproc
  51              	.LFE41:
  52              		.size	_ZN3r2p11Checksummer3addEh, .-_ZN3r2p11Checksummer3addEh
  53 001e 00BF     		.text
  54              		.align	2
  55              		.global	_ZN3r2p11Checksummer3addEPKhj
  56              		.thumb
  57              		.thumb_func
ARM GAS  /tmp/ccHh3ds7.s 			page 2


  58              		.type	_ZN3r2p11Checksummer3addEPKhj, %function
  59              	_ZN3r2p11Checksummer3addEPKhj:
  60              	.LFB66:
  61              		.file 2 "/opt/R2P/core/Middleware/src/Checksummer.cpp"
  62              		.loc 2 7 0
  63              		.cfi_startproc
  64              		@ args = 0, pretend = 0, frame = 16
  65              		@ frame_needed = 0, uses_anonymous_args = 0
  66 0000 00B5     		push	{lr}
  67              		.cfi_def_cfa_offset 4
  68              		.cfi_offset 14, -4
  69 0002 85B0     		sub	sp, sp, #20
  70              		.cfi_def_cfa_offset 24
  71 0004 0390     		str	r0, [sp, #12]
  72 0006 0291     		str	r1, [sp, #8]
  73 0008 0192     		str	r2, [sp, #4]
  74              		.loc 2 9 0
  75 000a 07E0     		b	.L3
  76              	.L4:
  77              		.loc 2 10 0
  78 000c 029B     		ldr	r3, [sp, #8]
  79 000e 5A1C     		adds	r2, r3, #1
  80 0010 0292     		str	r2, [sp, #8]
  81 0012 1B78     		ldrb	r3, [r3]	@ zero_extendqisi2
  82 0014 0398     		ldr	r0, [sp, #12]
  83 0016 1946     		mov	r1, r3
  84 0018 FFF7FEFF 		bl	_ZN3r2p11Checksummer3addEh
  85              	.L3:
  86              		.loc 2 9 0
  87 001c 019B     		ldr	r3, [sp, #4]
  88 001e 5A1E     		subs	r2, r3, #1
  89 0020 0192     		str	r2, [sp, #4]
  90 0022 002B     		cmp	r3, #0
  91 0024 14BF     		ite	ne
  92 0026 0123     		movne	r3, #1
  93 0028 0023     		moveq	r3, #0
  94 002a DBB2     		uxtb	r3, r3
  95 002c 002B     		cmp	r3, #0
  96 002e EDD1     		bne	.L4
  97              		.loc 2 12 0
  98 0030 05B0     		add	sp, sp, #20
  99              		.cfi_def_cfa_offset 4
 100              		@ sp needed
 101 0032 5DF804FB 		ldr	pc, [sp], #4
 102              		.cfi_endproc
 103              	.LFE66:
 104              		.size	_ZN3r2p11Checksummer3addEPKhj, .-_ZN3r2p11Checksummer3addEPKhj
 105              	.Letext0:
 106              		.file 3 "/opt/R2P/tools/gcc-arm-none-eabi-4_9-2014q4/lib/gcc/arm-none-eabi/4.9.3/include/stddef.h"
 107              		.file 4 "/opt/R2P/tools/gcc-arm-none-eabi-4_9-2014q4/arm-none-eabi/include/machine/_default_types.
 108              		.file 5 "/opt/R2P/tools/gcc-arm-none-eabi-4_9-2014q4/arm-none-eabi/include/c++/4.9.3/cstring"
 109              		.file 6 "/opt/R2P/tools/gcc-arm-none-eabi-4_9-2014q4/arm-none-eabi/include/string.h"
 110              		.file 7 "<built-in>"
 111              		.file 8 "/opt/R2P/core/Middleware/include/r2p/Uncopyable.hpp"
 112              		.file 9 "/opt/R2P/tools/gcc-arm-none-eabi-4_9-2014q4/arm-none-eabi/include/stdint.h"
 113 0036 00BF     		.section	.debug_info,"",%progbits
 114              	.Ldebug_info0:
ARM GAS  /tmp/ccHh3ds7.s 			page 3


 115 0000 7B040000 		.4byte	0x47b
 116 0004 0400     		.2byte	0x4
 117 0006 00000000 		.4byte	.Ldebug_abbrev0
 118 000a 04       		.byte	0x4
 119 000b 01       		.uleb128 0x1
 120 000c 4E010000 		.4byte	.LASF42
 121 0010 04       		.byte	0x4
 122 0011 5A020000 		.4byte	.LASF43
 123 0015 F7000000 		.4byte	.LASF44
 124 0019 00000000 		.4byte	.Ldebug_ranges0+0
 125 001d 00000000 		.4byte	0
 126 0021 00000000 		.4byte	.Ldebug_line0
 127 0025 02       		.uleb128 0x2
 128 0026 04       		.byte	0x4
 129 0027 05       		.byte	0x5
 130 0028 696E7400 		.ascii	"int\000"
 131 002c 03       		.uleb128 0x3
 132 002d 55000000 		.4byte	.LASF2
 133 0031 03       		.byte	0x3
 134 0032 D4       		.byte	0xd4
 135 0033 37000000 		.4byte	0x37
 136 0037 04       		.uleb128 0x4
 137 0038 04       		.byte	0x4
 138 0039 07       		.byte	0x7
 139 003a CD020000 		.4byte	.LASF0
 140 003e 04       		.uleb128 0x4
 141 003f 01       		.byte	0x1
 142 0040 06       		.byte	0x6
 143 0041 99030000 		.4byte	.LASF1
 144 0045 03       		.uleb128 0x3
 145 0046 5C000000 		.4byte	.LASF3
 146 004a 04       		.byte	0x4
 147 004b 1D       		.byte	0x1d
 148 004c 50000000 		.4byte	0x50
 149 0050 04       		.uleb128 0x4
 150 0051 01       		.byte	0x1
 151 0052 08       		.byte	0x8
 152 0053 3B010000 		.4byte	.LASF4
 153 0057 04       		.uleb128 0x4
 154 0058 02       		.byte	0x2
 155 0059 05       		.byte	0x5
 156 005a 73030000 		.4byte	.LASF5
 157 005e 04       		.uleb128 0x4
 158 005f 02       		.byte	0x2
 159 0060 07       		.byte	0x7
 160 0061 29020000 		.4byte	.LASF6
 161 0065 04       		.uleb128 0x4
 162 0066 04       		.byte	0x4
 163 0067 05       		.byte	0x5
 164 0068 A4000000 		.4byte	.LASF7
 165 006c 04       		.uleb128 0x4
 166 006d 04       		.byte	0x4
 167 006e 07       		.byte	0x7
 168 006f 17020000 		.4byte	.LASF8
 169 0073 04       		.uleb128 0x4
 170 0074 08       		.byte	0x8
 171 0075 05       		.byte	0x5
ARM GAS  /tmp/ccHh3ds7.s 			page 4


 172 0076 51030000 		.4byte	.LASF9
 173 007a 04       		.uleb128 0x4
 174 007b 08       		.byte	0x8
 175 007c 07       		.byte	0x7
 176 007d E1020000 		.4byte	.LASF10
 177 0081 04       		.uleb128 0x4
 178 0082 04       		.byte	0x4
 179 0083 07       		.byte	0x7
 180 0084 5F030000 		.4byte	.LASF11
 181 0088 05       		.uleb128 0x5
 182 0089 04       		.byte	0x4
 183 008a 06       		.uleb128 0x6
 184 008b 04       		.byte	0x4
 185 008c 90000000 		.4byte	0x90
 186 0090 04       		.uleb128 0x4
 187 0091 01       		.byte	0x1
 188 0092 08       		.byte	0x8
 189 0093 68030000 		.4byte	.LASF12
 190 0097 06       		.uleb128 0x6
 191 0098 04       		.byte	0x4
 192 0099 9D000000 		.4byte	0x9d
 193 009d 07       		.uleb128 0x7
 194 009e 90000000 		.4byte	0x90
 195 00a2 08       		.uleb128 0x8
 196 00a3 73746400 		.ascii	"std\000"
 197 00a7 07       		.byte	0x7
 198 00a8 00       		.byte	0
 199 00a9 CA000000 		.4byte	0xca
 200 00ad 09       		.uleb128 0x9
 201 00ae 05       		.byte	0x5
 202 00af 52       		.byte	0x52
 203 00b0 CA000000 		.4byte	0xca
 204 00b4 09       		.uleb128 0x9
 205 00b5 05       		.byte	0x5
 206 00b6 55       		.byte	0x55
 207 00b7 E4000000 		.4byte	0xe4
 208 00bb 09       		.uleb128 0x9
 209 00bc 05       		.byte	0x5
 210 00bd 5B       		.byte	0x5b
 211 00be F9000000 		.4byte	0xf9
 212 00c2 09       		.uleb128 0x9
 213 00c3 05       		.byte	0x5
 214 00c4 5C       		.byte	0x5c
 215 00c5 13010000 		.4byte	0x113
 216 00c9 00       		.byte	0
 217 00ca 0A       		.uleb128 0xa
 218 00cb 23000000 		.4byte	.LASF13
 219 00cf 06       		.byte	0x6
 220 00d0 1D       		.byte	0x1d
 221 00d1 25000000 		.4byte	0x25
 222 00d5 E4000000 		.4byte	0xe4
 223 00d9 0B       		.uleb128 0xb
 224 00da 97000000 		.4byte	0x97
 225 00de 0B       		.uleb128 0xb
 226 00df 97000000 		.4byte	0x97
 227 00e3 00       		.byte	0
 228 00e4 0A       		.uleb128 0xa
ARM GAS  /tmp/ccHh3ds7.s 			page 5


 229 00e5 7D030000 		.4byte	.LASF14
 230 00e9 06       		.byte	0x6
 231 00ea 20       		.byte	0x20
 232 00eb 8A000000 		.4byte	0x8a
 233 00ef F9000000 		.4byte	0xf9
 234 00f3 0B       		.uleb128 0xb
 235 00f4 25000000 		.4byte	0x25
 236 00f8 00       		.byte	0
 237 00f9 0A       		.uleb128 0xa
 238 00fa DA020000 		.4byte	.LASF15
 239 00fe 06       		.byte	0x6
 240 00ff 2A       		.byte	0x2a
 241 0100 8A000000 		.4byte	0x8a
 242 0104 13010000 		.4byte	0x113
 243 0108 0B       		.uleb128 0xb
 244 0109 8A000000 		.4byte	0x8a
 245 010d 0B       		.uleb128 0xb
 246 010e 97000000 		.4byte	0x97
 247 0112 00       		.byte	0
 248 0113 0A       		.uleb128 0xa
 249 0114 B9020000 		.4byte	.LASF16
 250 0118 06       		.byte	0x6
 251 0119 2C       		.byte	0x2c
 252 011a 2C000000 		.4byte	0x2c
 253 011e 32010000 		.4byte	0x132
 254 0122 0B       		.uleb128 0xb
 255 0123 8A000000 		.4byte	0x8a
 256 0127 0B       		.uleb128 0xb
 257 0128 97000000 		.4byte	0x97
 258 012c 0B       		.uleb128 0xb
 259 012d 2C000000 		.4byte	0x2c
 260 0131 00       		.byte	0
 261 0132 08       		.uleb128 0x8
 262 0133 72327000 		.ascii	"r2p\000"
 263 0137 08       		.byte	0x8
 264 0138 03       		.byte	0x3
 265 0139 C6030000 		.4byte	0x3c6
 266 013d 0C       		.uleb128 0xc
 267 013e AE020000 		.4byte	.LASF17
 268 0142 01       		.byte	0x1
 269 0143 08       		.byte	0x8
 270 0144 06       		.byte	0x6
 271 0145 9D010000 		.4byte	0x19d
 272 0149 0D       		.uleb128 0xd
 273 014a AE020000 		.4byte	.LASF17
 274 014e 08       		.byte	0x8
 275 014f 09       		.byte	0x9
 276 0150 C6030000 		.4byte	0x3c6
 277 0154 5C010000 		.4byte	0x15c
 278 0158 67010000 		.4byte	0x167
 279 015c 0E       		.uleb128 0xe
 280 015d C6030000 		.4byte	0x3c6
 281 0161 0B       		.uleb128 0xb
 282 0162 CC030000 		.4byte	0x3cc
 283 0166 00       		.byte	0
 284 0167 0F       		.uleb128 0xf
 285 0168 AE020000 		.4byte	.LASF17
ARM GAS  /tmp/ccHh3ds7.s 			page 6


 286 016c 08       		.byte	0x8
 287 016d 14       		.byte	0x14
 288 016e C6030000 		.4byte	0x3c6
 289 0172 02       		.byte	0x2
 290 0173 7B010000 		.4byte	0x17b
 291 0177 81010000 		.4byte	0x181
 292 017b 0E       		.uleb128 0xe
 293 017c C6030000 		.4byte	0x3c6
 294 0180 00       		.byte	0
 295 0181 10       		.uleb128 0x10
 296 0182 C1020000 		.4byte	.LASF18
 297 0186 08       		.byte	0x8
 298 0187 15       		.byte	0x15
 299 0188 88000000 		.4byte	0x88
 300 018c 02       		.byte	0x2
 301 018d 91010000 		.4byte	0x191
 302 0191 0E       		.uleb128 0xe
 303 0192 C6030000 		.4byte	0x3c6
 304 0196 0E       		.uleb128 0xe
 305 0197 25000000 		.4byte	0x25
 306 019b 00       		.byte	0
 307 019c 00       		.byte	0
 308 019d 07       		.uleb128 0x7
 309 019e 3D010000 		.4byte	0x13d
 310 01a2 0C       		.uleb128 0xc
 311 01a3 8D030000 		.4byte	.LASF19
 312 01a7 01       		.byte	0x1
 313 01a8 01       		.byte	0x1
 314 01a9 08       		.byte	0x8
 315 01aa C0030000 		.4byte	0x3c0
 316 01ae 11       		.uleb128 0x11
 317 01af 3D010000 		.4byte	0x13d
 318 01b3 00       		.byte	0
 319 01b4 12       		.uleb128 0x12
 320 01b5 87020000 		.4byte	.LASF45
 321 01b9 01       		.byte	0x1
 322 01ba 13       		.byte	0x13
 323 01bb D2030000 		.4byte	0x3d2
 324 01bf 00       		.byte	0
 325 01c0 13       		.uleb128 0x13
 326 01c1 0B030000 		.4byte	.LASF20
 327 01c5 01       		.byte	0x1
 328 01c6 16       		.byte	0x16
 329 01c7 C8000000 		.4byte	.LASF22
 330 01cb D2030000 		.4byte	0x3d2
 331 01cf 01       		.byte	0x1
 332 01d0 D8010000 		.4byte	0x1d8
 333 01d4 DE010000 		.4byte	0x1de
 334 01d8 0E       		.uleb128 0xe
 335 01d9 EF030000 		.4byte	0x3ef
 336 01dd 00       		.byte	0
 337 01de 13       		.uleb128 0x13
 338 01df 1B030000 		.4byte	.LASF21
 339 01e3 01       		.byte	0x1
 340 01e4 17       		.byte	0x17
 341 01e5 2B000000 		.4byte	.LASF23
 342 01e9 D2030000 		.4byte	0x3d2
ARM GAS  /tmp/ccHh3ds7.s 			page 7


 343 01ed 01       		.byte	0x1
 344 01ee F6010000 		.4byte	0x1f6
 345 01f2 FC010000 		.4byte	0x1fc
 346 01f6 0E       		.uleb128 0xe
 347 01f7 EF030000 		.4byte	0x3ef
 348 01fb 00       		.byte	0
 349 01fc 13       		.uleb128 0x13
 350 01fd F1000000 		.4byte	.LASF24
 351 0201 01       		.byte	0x1
 352 0202 18       		.byte	0x18
 353 0203 2C030000 		.4byte	.LASF25
 354 0207 DD030000 		.4byte	0x3dd
 355 020b 01       		.byte	0x1
 356 020c 14020000 		.4byte	0x214
 357 0210 1F020000 		.4byte	0x21f
 358 0214 0E       		.uleb128 0xe
 359 0215 EF030000 		.4byte	0x3ef
 360 0219 0B       		.uleb128 0xb
 361 021a D2030000 		.4byte	0x3d2
 362 021e 00       		.byte	0
 363 021f 14       		.uleb128 0x14
 364 0220 83000000 		.4byte	.LASF26
 365 0224 01       		.byte	0x1
 366 0225 1A       		.byte	0x1a
 367 0226 66000000 		.4byte	.LASF46
 368 022a 01       		.byte	0x1
 369 022b 33020000 		.4byte	0x233
 370 022f 39020000 		.4byte	0x239
 371 0233 0E       		.uleb128 0xe
 372 0234 F5030000 		.4byte	0x3f5
 373 0238 00       		.byte	0
 374 0239 15       		.uleb128 0x15
 375 023a 61646400 		.ascii	"add\000"
 376 023e 01       		.byte	0x1
 377 023f 1B       		.byte	0x1b
 378 0240 89000000 		.4byte	.LASF27
 379 0244 01       		.byte	0x1
 380 0245 4D020000 		.4byte	0x24d
 381 0249 58020000 		.4byte	0x258
 382 024d 0E       		.uleb128 0xe
 383 024e F5030000 		.4byte	0x3f5
 384 0252 0B       		.uleb128 0xb
 385 0253 90000000 		.4byte	0x90
 386 0257 00       		.byte	0
 387 0258 15       		.uleb128 0x15
 388 0259 61646400 		.ascii	"add\000"
 389 025d 01       		.byte	0x1
 390 025e 1C       		.byte	0x1c
 391 025f AD000000 		.4byte	.LASF28
 392 0263 01       		.byte	0x1
 393 0264 6C020000 		.4byte	0x26c
 394 0268 77020000 		.4byte	0x277
 395 026c 0E       		.uleb128 0xe
 396 026d F5030000 		.4byte	0x3f5
 397 0271 0B       		.uleb128 0xb
 398 0272 D2030000 		.4byte	0x3d2
 399 0276 00       		.byte	0
ARM GAS  /tmp/ccHh3ds7.s 			page 8


 400 0277 15       		.uleb128 0x15
 401 0278 61646400 		.ascii	"add\000"
 402 027c 01       		.byte	0x1
 403 027d 1D       		.byte	0x1d
 404 027e 00000000 		.4byte	.LASF29
 405 0282 01       		.byte	0x1
 406 0283 8B020000 		.4byte	0x28b
 407 0287 9B020000 		.4byte	0x29b
 408 028b 0E       		.uleb128 0xe
 409 028c F5030000 		.4byte	0x3f5
 410 0290 0B       		.uleb128 0xb
 411 0291 E4030000 		.4byte	0x3e4
 412 0295 0B       		.uleb128 0xb
 413 0296 2C000000 		.4byte	0x2c
 414 029a 00       		.byte	0
 415 029b 15       		.uleb128 0x15
 416 029c 61646400 		.ascii	"add\000"
 417 02a0 01       		.byte	0x1
 418 02a1 1E       		.byte	0x1e
 419 02a2 3C020000 		.4byte	.LASF30
 420 02a6 01       		.byte	0x1
 421 02a7 AF020000 		.4byte	0x2af
 422 02ab BF020000 		.4byte	0x2bf
 423 02af 0E       		.uleb128 0xe
 424 02b0 F5030000 		.4byte	0x3f5
 425 02b4 0B       		.uleb128 0xb
 426 02b5 FB030000 		.4byte	0x3fb
 427 02b9 0B       		.uleb128 0xb
 428 02ba 2C000000 		.4byte	0x2c
 429 02be 00       		.byte	0
 430 02bf 13       		.uleb128 0x13
 431 02c0 2A010000 		.4byte	.LASF31
 432 02c4 01       		.byte	0x1
 433 02c5 23       		.byte	0x23
 434 02c6 93020000 		.4byte	.LASF32
 435 02ca D2030000 		.4byte	0x3d2
 436 02ce 01       		.byte	0x1
 437 02cf D7020000 		.4byte	0x2d7
 438 02d3 DD020000 		.4byte	0x2dd
 439 02d7 0E       		.uleb128 0xe
 440 02d8 EF030000 		.4byte	0x3ef
 441 02dc 00       		.byte	0
 442 02dd 13       		.uleb128 0x13
 443 02de 00030000 		.4byte	.LASF33
 444 02e2 01       		.byte	0x1
 445 02e3 25       		.byte	0x25
 446 02e4 A5030000 		.4byte	.LASF34
 447 02e8 02040000 		.4byte	0x402
 448 02ec 01       		.byte	0x1
 449 02ed F5020000 		.4byte	0x2f5
 450 02f1 00030000 		.4byte	0x300
 451 02f5 0E       		.uleb128 0xe
 452 02f6 F5030000 		.4byte	0x3f5
 453 02fa 0B       		.uleb128 0xb
 454 02fb 90000000 		.4byte	0x90
 455 02ff 00       		.byte	0
 456 0300 13       		.uleb128 0x13
ARM GAS  /tmp/ccHh3ds7.s 			page 9


 457 0301 00030000 		.4byte	.LASF33
 458 0305 01       		.byte	0x1
 459 0306 26       		.byte	0x26
 460 0307 BE030000 		.4byte	.LASF35
 461 030b 02040000 		.4byte	0x402
 462 030f 01       		.byte	0x1
 463 0310 18030000 		.4byte	0x318
 464 0314 23030000 		.4byte	0x323
 465 0318 0E       		.uleb128 0xe
 466 0319 F5030000 		.4byte	0x3f5
 467 031d 0B       		.uleb128 0xb
 468 031e D2030000 		.4byte	0x3d2
 469 0322 00       		.byte	0
 470 0323 0F       		.uleb128 0xf
 471 0324 8D030000 		.4byte	.LASF19
 472 0328 01       		.byte	0x1
 473 0329 2A       		.byte	0x2a
 474 032a F5030000 		.4byte	0x3f5
 475 032e 01       		.byte	0x1
 476 032f 37030000 		.4byte	0x337
 477 0333 3D030000 		.4byte	0x33d
 478 0337 0E       		.uleb128 0xe
 479 0338 F5030000 		.4byte	0x3f5
 480 033c 00       		.byte	0
 481 033d 0F       		.uleb128 0xf
 482 033e 8D030000 		.4byte	.LASF19
 483 0342 01       		.byte	0x1
 484 0343 2B       		.byte	0x2b
 485 0344 F5030000 		.4byte	0x3f5
 486 0348 01       		.byte	0x1
 487 0349 51030000 		.4byte	0x351
 488 034d 5C030000 		.4byte	0x35c
 489 0351 0E       		.uleb128 0xe
 490 0352 F5030000 		.4byte	0x3f5
 491 0356 0B       		.uleb128 0xb
 492 0357 90000000 		.4byte	0x90
 493 035b 00       		.byte	0
 494 035c 0F       		.uleb128 0xf
 495 035d 8D030000 		.4byte	.LASF19
 496 0361 01       		.byte	0x1
 497 0362 2C       		.byte	0x2c
 498 0363 F5030000 		.4byte	0x3f5
 499 0367 01       		.byte	0x1
 500 0368 70030000 		.4byte	0x370
 501 036c 7B030000 		.4byte	0x37b
 502 0370 0E       		.uleb128 0xe
 503 0371 F5030000 		.4byte	0x3f5
 504 0375 0B       		.uleb128 0xb
 505 0376 D2030000 		.4byte	0x3d2
 506 037a 00       		.byte	0
 507 037b 0F       		.uleb128 0xf
 508 037c 8D030000 		.4byte	.LASF19
 509 0380 01       		.byte	0x1
 510 0381 2D       		.byte	0x2d
 511 0382 F5030000 		.4byte	0x3f5
 512 0386 01       		.byte	0x1
 513 0387 8F030000 		.4byte	0x38f
ARM GAS  /tmp/ccHh3ds7.s 			page 10


 514 038b 9F030000 		.4byte	0x39f
 515 038f 0E       		.uleb128 0xe
 516 0390 F5030000 		.4byte	0x3f5
 517 0394 0B       		.uleb128 0xb
 518 0395 E4030000 		.4byte	0x3e4
 519 0399 0B       		.uleb128 0xb
 520 039a 2C000000 		.4byte	0x2c
 521 039e 00       		.byte	0
 522 039f 10       		.uleb128 0x10
 523 03a0 8D030000 		.4byte	.LASF19
 524 03a4 01       		.byte	0x1
 525 03a5 2E       		.byte	0x2e
 526 03a6 F5030000 		.4byte	0x3f5
 527 03aa 01       		.byte	0x1
 528 03ab AF030000 		.4byte	0x3af
 529 03af 0E       		.uleb128 0xe
 530 03b0 F5030000 		.4byte	0x3f5
 531 03b4 0B       		.uleb128 0xb
 532 03b5 FB030000 		.4byte	0x3fb
 533 03b9 0B       		.uleb128 0xb
 534 03ba 2C000000 		.4byte	0x2c
 535 03be 00       		.byte	0
 536 03bf 00       		.byte	0
 537 03c0 07       		.uleb128 0x7
 538 03c1 A2010000 		.4byte	0x1a2
 539 03c5 00       		.byte	0
 540 03c6 06       		.uleb128 0x6
 541 03c7 04       		.byte	0x4
 542 03c8 3D010000 		.4byte	0x13d
 543 03cc 16       		.uleb128 0x16
 544 03cd 04       		.byte	0x4
 545 03ce 9D010000 		.4byte	0x19d
 546 03d2 03       		.uleb128 0x3
 547 03d3 F8020000 		.4byte	.LASF36
 548 03d7 09       		.byte	0x9
 549 03d8 15       		.byte	0x15
 550 03d9 45000000 		.4byte	0x45
 551 03dd 04       		.uleb128 0x4
 552 03de 01       		.byte	0x1
 553 03df 02       		.byte	0x2
 554 03e0 1E000000 		.4byte	.LASF37
 555 03e4 06       		.uleb128 0x6
 556 03e5 04       		.byte	0x4
 557 03e6 EA030000 		.4byte	0x3ea
 558 03ea 07       		.uleb128 0x7
 559 03eb D2030000 		.4byte	0x3d2
 560 03ef 06       		.uleb128 0x6
 561 03f0 04       		.byte	0x4
 562 03f1 C0030000 		.4byte	0x3c0
 563 03f5 06       		.uleb128 0x6
 564 03f6 04       		.byte	0x4
 565 03f7 A2010000 		.4byte	0x1a2
 566 03fb 06       		.uleb128 0x6
 567 03fc 04       		.byte	0x4
 568 03fd 01040000 		.4byte	0x401
 569 0401 17       		.uleb128 0x17
 570 0402 16       		.uleb128 0x16
ARM GAS  /tmp/ccHh3ds7.s 			page 11


 571 0403 04       		.byte	0x4
 572 0404 A2010000 		.4byte	0x1a2
 573 0408 18       		.uleb128 0x18
 574 0409 58020000 		.4byte	0x258
 575 040d 68       		.byte	0x68
 576 040e 00000000 		.4byte	.LFB41
 577 0412 1E000000 		.4byte	.LFE41-.LFB41
 578 0416 01       		.uleb128 0x1
 579 0417 9C       		.byte	0x9c
 580 0418 20040000 		.4byte	0x420
 581 041c 3B040000 		.4byte	0x43b
 582 0420 19       		.uleb128 0x19
 583 0421 49010000 		.4byte	.LASF38
 584 0425 3B040000 		.4byte	0x43b
 585 0429 02       		.uleb128 0x2
 586 042a 91       		.byte	0x91
 587 042b 7C       		.sleb128 -4
 588 042c 1A       		.uleb128 0x1a
 589 042d 6D030000 		.4byte	.LASF39
 590 0431 01       		.byte	0x1
 591 0432 68       		.byte	0x68
 592 0433 EA030000 		.4byte	0x3ea
 593 0437 02       		.uleb128 0x2
 594 0438 91       		.byte	0x91
 595 0439 7B       		.sleb128 -5
 596 043a 00       		.byte	0
 597 043b 07       		.uleb128 0x7
 598 043c F5030000 		.4byte	0x3f5
 599 0440 1B       		.uleb128 0x1b
 600 0441 77020000 		.4byte	0x277
 601 0445 02       		.byte	0x2
 602 0446 07       		.byte	0x7
 603 0447 00000000 		.4byte	.LFB66
 604 044b 36000000 		.4byte	.LFE66-.LFB66
 605 044f 01       		.uleb128 0x1
 606 0450 9C       		.byte	0x9c
 607 0451 55040000 		.4byte	0x455
 608 0455 19       		.uleb128 0x19
 609 0456 49010000 		.4byte	.LASF38
 610 045a 3B040000 		.4byte	0x43b
 611 045e 02       		.uleb128 0x2
 612 045f 91       		.byte	0x91
 613 0460 74       		.sleb128 -12
 614 0461 1A       		.uleb128 0x1a
 615 0462 4A030000 		.4byte	.LASF40
 616 0466 02       		.byte	0x2
 617 0467 07       		.byte	0x7
 618 0468 E4030000 		.4byte	0x3e4
 619 046c 02       		.uleb128 0x2
 620 046d 91       		.byte	0x91
 621 046e 70       		.sleb128 -16
 622 046f 1A       		.uleb128 0x1a
 623 0470 86030000 		.4byte	.LASF41
 624 0474 02       		.byte	0x2
 625 0475 07       		.byte	0x7
 626 0476 2C000000 		.4byte	0x2c
 627 047a 02       		.uleb128 0x2
ARM GAS  /tmp/ccHh3ds7.s 			page 12


 628 047b 91       		.byte	0x91
 629 047c 6C       		.sleb128 -20
 630 047d 00       		.byte	0
 631 047e 00       		.byte	0
 632              		.section	.debug_abbrev,"",%progbits
 633              	.Ldebug_abbrev0:
 634 0000 01       		.uleb128 0x1
 635 0001 11       		.uleb128 0x11
 636 0002 01       		.byte	0x1
 637 0003 25       		.uleb128 0x25
 638 0004 0E       		.uleb128 0xe
 639 0005 13       		.uleb128 0x13
 640 0006 0B       		.uleb128 0xb
 641 0007 03       		.uleb128 0x3
 642 0008 0E       		.uleb128 0xe
 643 0009 1B       		.uleb128 0x1b
 644 000a 0E       		.uleb128 0xe
 645 000b 55       		.uleb128 0x55
 646 000c 17       		.uleb128 0x17
 647 000d 11       		.uleb128 0x11
 648 000e 01       		.uleb128 0x1
 649 000f 10       		.uleb128 0x10
 650 0010 17       		.uleb128 0x17
 651 0011 00       		.byte	0
 652 0012 00       		.byte	0
 653 0013 02       		.uleb128 0x2
 654 0014 24       		.uleb128 0x24
 655 0015 00       		.byte	0
 656 0016 0B       		.uleb128 0xb
 657 0017 0B       		.uleb128 0xb
 658 0018 3E       		.uleb128 0x3e
 659 0019 0B       		.uleb128 0xb
 660 001a 03       		.uleb128 0x3
 661 001b 08       		.uleb128 0x8
 662 001c 00       		.byte	0
 663 001d 00       		.byte	0
 664 001e 03       		.uleb128 0x3
 665 001f 16       		.uleb128 0x16
 666 0020 00       		.byte	0
 667 0021 03       		.uleb128 0x3
 668 0022 0E       		.uleb128 0xe
 669 0023 3A       		.uleb128 0x3a
 670 0024 0B       		.uleb128 0xb
 671 0025 3B       		.uleb128 0x3b
 672 0026 0B       		.uleb128 0xb
 673 0027 49       		.uleb128 0x49
 674 0028 13       		.uleb128 0x13
 675 0029 00       		.byte	0
 676 002a 00       		.byte	0
 677 002b 04       		.uleb128 0x4
 678 002c 24       		.uleb128 0x24
 679 002d 00       		.byte	0
 680 002e 0B       		.uleb128 0xb
 681 002f 0B       		.uleb128 0xb
 682 0030 3E       		.uleb128 0x3e
 683 0031 0B       		.uleb128 0xb
 684 0032 03       		.uleb128 0x3
ARM GAS  /tmp/ccHh3ds7.s 			page 13


 685 0033 0E       		.uleb128 0xe
 686 0034 00       		.byte	0
 687 0035 00       		.byte	0
 688 0036 05       		.uleb128 0x5
 689 0037 0F       		.uleb128 0xf
 690 0038 00       		.byte	0
 691 0039 0B       		.uleb128 0xb
 692 003a 0B       		.uleb128 0xb
 693 003b 00       		.byte	0
 694 003c 00       		.byte	0
 695 003d 06       		.uleb128 0x6
 696 003e 0F       		.uleb128 0xf
 697 003f 00       		.byte	0
 698 0040 0B       		.uleb128 0xb
 699 0041 0B       		.uleb128 0xb
 700 0042 49       		.uleb128 0x49
 701 0043 13       		.uleb128 0x13
 702 0044 00       		.byte	0
 703 0045 00       		.byte	0
 704 0046 07       		.uleb128 0x7
 705 0047 26       		.uleb128 0x26
 706 0048 00       		.byte	0
 707 0049 49       		.uleb128 0x49
 708 004a 13       		.uleb128 0x13
 709 004b 00       		.byte	0
 710 004c 00       		.byte	0
 711 004d 08       		.uleb128 0x8
 712 004e 39       		.uleb128 0x39
 713 004f 01       		.byte	0x1
 714 0050 03       		.uleb128 0x3
 715 0051 08       		.uleb128 0x8
 716 0052 3A       		.uleb128 0x3a
 717 0053 0B       		.uleb128 0xb
 718 0054 3B       		.uleb128 0x3b
 719 0055 0B       		.uleb128 0xb
 720 0056 01       		.uleb128 0x1
 721 0057 13       		.uleb128 0x13
 722 0058 00       		.byte	0
 723 0059 00       		.byte	0
 724 005a 09       		.uleb128 0x9
 725 005b 08       		.uleb128 0x8
 726 005c 00       		.byte	0
 727 005d 3A       		.uleb128 0x3a
 728 005e 0B       		.uleb128 0xb
 729 005f 3B       		.uleb128 0x3b
 730 0060 0B       		.uleb128 0xb
 731 0061 18       		.uleb128 0x18
 732 0062 13       		.uleb128 0x13
 733 0063 00       		.byte	0
 734 0064 00       		.byte	0
 735 0065 0A       		.uleb128 0xa
 736 0066 2E       		.uleb128 0x2e
 737 0067 01       		.byte	0x1
 738 0068 3F       		.uleb128 0x3f
 739 0069 19       		.uleb128 0x19
 740 006a 03       		.uleb128 0x3
 741 006b 0E       		.uleb128 0xe
ARM GAS  /tmp/ccHh3ds7.s 			page 14


 742 006c 3A       		.uleb128 0x3a
 743 006d 0B       		.uleb128 0xb
 744 006e 3B       		.uleb128 0x3b
 745 006f 0B       		.uleb128 0xb
 746 0070 49       		.uleb128 0x49
 747 0071 13       		.uleb128 0x13
 748 0072 3C       		.uleb128 0x3c
 749 0073 19       		.uleb128 0x19
 750 0074 01       		.uleb128 0x1
 751 0075 13       		.uleb128 0x13
 752 0076 00       		.byte	0
 753 0077 00       		.byte	0
 754 0078 0B       		.uleb128 0xb
 755 0079 05       		.uleb128 0x5
 756 007a 00       		.byte	0
 757 007b 49       		.uleb128 0x49
 758 007c 13       		.uleb128 0x13
 759 007d 00       		.byte	0
 760 007e 00       		.byte	0
 761 007f 0C       		.uleb128 0xc
 762 0080 02       		.uleb128 0x2
 763 0081 01       		.byte	0x1
 764 0082 03       		.uleb128 0x3
 765 0083 0E       		.uleb128 0xe
 766 0084 0B       		.uleb128 0xb
 767 0085 0B       		.uleb128 0xb
 768 0086 3A       		.uleb128 0x3a
 769 0087 0B       		.uleb128 0xb
 770 0088 3B       		.uleb128 0x3b
 771 0089 0B       		.uleb128 0xb
 772 008a 01       		.uleb128 0x1
 773 008b 13       		.uleb128 0x13
 774 008c 00       		.byte	0
 775 008d 00       		.byte	0
 776 008e 0D       		.uleb128 0xd
 777 008f 2E       		.uleb128 0x2e
 778 0090 01       		.byte	0x1
 779 0091 3F       		.uleb128 0x3f
 780 0092 19       		.uleb128 0x19
 781 0093 03       		.uleb128 0x3
 782 0094 0E       		.uleb128 0xe
 783 0095 3A       		.uleb128 0x3a
 784 0096 0B       		.uleb128 0xb
 785 0097 3B       		.uleb128 0x3b
 786 0098 0B       		.uleb128 0xb
 787 0099 49       		.uleb128 0x49
 788 009a 13       		.uleb128 0x13
 789 009b 3C       		.uleb128 0x3c
 790 009c 19       		.uleb128 0x19
 791 009d 64       		.uleb128 0x64
 792 009e 13       		.uleb128 0x13
 793 009f 01       		.uleb128 0x1
 794 00a0 13       		.uleb128 0x13
 795 00a1 00       		.byte	0
 796 00a2 00       		.byte	0
 797 00a3 0E       		.uleb128 0xe
 798 00a4 05       		.uleb128 0x5
ARM GAS  /tmp/ccHh3ds7.s 			page 15


 799 00a5 00       		.byte	0
 800 00a6 49       		.uleb128 0x49
 801 00a7 13       		.uleb128 0x13
 802 00a8 34       		.uleb128 0x34
 803 00a9 19       		.uleb128 0x19
 804 00aa 00       		.byte	0
 805 00ab 00       		.byte	0
 806 00ac 0F       		.uleb128 0xf
 807 00ad 2E       		.uleb128 0x2e
 808 00ae 01       		.byte	0x1
 809 00af 3F       		.uleb128 0x3f
 810 00b0 19       		.uleb128 0x19
 811 00b1 03       		.uleb128 0x3
 812 00b2 0E       		.uleb128 0xe
 813 00b3 3A       		.uleb128 0x3a
 814 00b4 0B       		.uleb128 0xb
 815 00b5 3B       		.uleb128 0x3b
 816 00b6 0B       		.uleb128 0xb
 817 00b7 49       		.uleb128 0x49
 818 00b8 13       		.uleb128 0x13
 819 00b9 32       		.uleb128 0x32
 820 00ba 0B       		.uleb128 0xb
 821 00bb 3C       		.uleb128 0x3c
 822 00bc 19       		.uleb128 0x19
 823 00bd 64       		.uleb128 0x64
 824 00be 13       		.uleb128 0x13
 825 00bf 01       		.uleb128 0x1
 826 00c0 13       		.uleb128 0x13
 827 00c1 00       		.byte	0
 828 00c2 00       		.byte	0
 829 00c3 10       		.uleb128 0x10
 830 00c4 2E       		.uleb128 0x2e
 831 00c5 01       		.byte	0x1
 832 00c6 3F       		.uleb128 0x3f
 833 00c7 19       		.uleb128 0x19
 834 00c8 03       		.uleb128 0x3
 835 00c9 0E       		.uleb128 0xe
 836 00ca 3A       		.uleb128 0x3a
 837 00cb 0B       		.uleb128 0xb
 838 00cc 3B       		.uleb128 0x3b
 839 00cd 0B       		.uleb128 0xb
 840 00ce 49       		.uleb128 0x49
 841 00cf 13       		.uleb128 0x13
 842 00d0 32       		.uleb128 0x32
 843 00d1 0B       		.uleb128 0xb
 844 00d2 3C       		.uleb128 0x3c
 845 00d3 19       		.uleb128 0x19
 846 00d4 64       		.uleb128 0x64
 847 00d5 13       		.uleb128 0x13
 848 00d6 00       		.byte	0
 849 00d7 00       		.byte	0
 850 00d8 11       		.uleb128 0x11
 851 00d9 1C       		.uleb128 0x1c
 852 00da 00       		.byte	0
 853 00db 49       		.uleb128 0x49
 854 00dc 13       		.uleb128 0x13
 855 00dd 38       		.uleb128 0x38
ARM GAS  /tmp/ccHh3ds7.s 			page 16


 856 00de 0B       		.uleb128 0xb
 857 00df 00       		.byte	0
 858 00e0 00       		.byte	0
 859 00e1 12       		.uleb128 0x12
 860 00e2 0D       		.uleb128 0xd
 861 00e3 00       		.byte	0
 862 00e4 03       		.uleb128 0x3
 863 00e5 0E       		.uleb128 0xe
 864 00e6 3A       		.uleb128 0x3a
 865 00e7 0B       		.uleb128 0xb
 866 00e8 3B       		.uleb128 0x3b
 867 00e9 0B       		.uleb128 0xb
 868 00ea 49       		.uleb128 0x49
 869 00eb 13       		.uleb128 0x13
 870 00ec 38       		.uleb128 0x38
 871 00ed 0B       		.uleb128 0xb
 872 00ee 00       		.byte	0
 873 00ef 00       		.byte	0
 874 00f0 13       		.uleb128 0x13
 875 00f1 2E       		.uleb128 0x2e
 876 00f2 01       		.byte	0x1
 877 00f3 3F       		.uleb128 0x3f
 878 00f4 19       		.uleb128 0x19
 879 00f5 03       		.uleb128 0x3
 880 00f6 0E       		.uleb128 0xe
 881 00f7 3A       		.uleb128 0x3a
 882 00f8 0B       		.uleb128 0xb
 883 00f9 3B       		.uleb128 0x3b
 884 00fa 0B       		.uleb128 0xb
 885 00fb 6E       		.uleb128 0x6e
 886 00fc 0E       		.uleb128 0xe
 887 00fd 49       		.uleb128 0x49
 888 00fe 13       		.uleb128 0x13
 889 00ff 32       		.uleb128 0x32
 890 0100 0B       		.uleb128 0xb
 891 0101 3C       		.uleb128 0x3c
 892 0102 19       		.uleb128 0x19
 893 0103 64       		.uleb128 0x64
 894 0104 13       		.uleb128 0x13
 895 0105 01       		.uleb128 0x1
 896 0106 13       		.uleb128 0x13
 897 0107 00       		.byte	0
 898 0108 00       		.byte	0
 899 0109 14       		.uleb128 0x14
 900 010a 2E       		.uleb128 0x2e
 901 010b 01       		.byte	0x1
 902 010c 3F       		.uleb128 0x3f
 903 010d 19       		.uleb128 0x19
 904 010e 03       		.uleb128 0x3
 905 010f 0E       		.uleb128 0xe
 906 0110 3A       		.uleb128 0x3a
 907 0111 0B       		.uleb128 0xb
 908 0112 3B       		.uleb128 0x3b
 909 0113 0B       		.uleb128 0xb
 910 0114 6E       		.uleb128 0x6e
 911 0115 0E       		.uleb128 0xe
 912 0116 32       		.uleb128 0x32
ARM GAS  /tmp/ccHh3ds7.s 			page 17


 913 0117 0B       		.uleb128 0xb
 914 0118 3C       		.uleb128 0x3c
 915 0119 19       		.uleb128 0x19
 916 011a 64       		.uleb128 0x64
 917 011b 13       		.uleb128 0x13
 918 011c 01       		.uleb128 0x1
 919 011d 13       		.uleb128 0x13
 920 011e 00       		.byte	0
 921 011f 00       		.byte	0
 922 0120 15       		.uleb128 0x15
 923 0121 2E       		.uleb128 0x2e
 924 0122 01       		.byte	0x1
 925 0123 3F       		.uleb128 0x3f
 926 0124 19       		.uleb128 0x19
 927 0125 03       		.uleb128 0x3
 928 0126 08       		.uleb128 0x8
 929 0127 3A       		.uleb128 0x3a
 930 0128 0B       		.uleb128 0xb
 931 0129 3B       		.uleb128 0x3b
 932 012a 0B       		.uleb128 0xb
 933 012b 6E       		.uleb128 0x6e
 934 012c 0E       		.uleb128 0xe
 935 012d 32       		.uleb128 0x32
 936 012e 0B       		.uleb128 0xb
 937 012f 3C       		.uleb128 0x3c
 938 0130 19       		.uleb128 0x19
 939 0131 64       		.uleb128 0x64
 940 0132 13       		.uleb128 0x13
 941 0133 01       		.uleb128 0x1
 942 0134 13       		.uleb128 0x13
 943 0135 00       		.byte	0
 944 0136 00       		.byte	0
 945 0137 16       		.uleb128 0x16
 946 0138 10       		.uleb128 0x10
 947 0139 00       		.byte	0
 948 013a 0B       		.uleb128 0xb
 949 013b 0B       		.uleb128 0xb
 950 013c 49       		.uleb128 0x49
 951 013d 13       		.uleb128 0x13
 952 013e 00       		.byte	0
 953 013f 00       		.byte	0
 954 0140 17       		.uleb128 0x17
 955 0141 26       		.uleb128 0x26
 956 0142 00       		.byte	0
 957 0143 00       		.byte	0
 958 0144 00       		.byte	0
 959 0145 18       		.uleb128 0x18
 960 0146 2E       		.uleb128 0x2e
 961 0147 01       		.byte	0x1
 962 0148 47       		.uleb128 0x47
 963 0149 13       		.uleb128 0x13
 964 014a 3B       		.uleb128 0x3b
 965 014b 0B       		.uleb128 0xb
 966 014c 11       		.uleb128 0x11
 967 014d 01       		.uleb128 0x1
 968 014e 12       		.uleb128 0x12
 969 014f 06       		.uleb128 0x6
ARM GAS  /tmp/ccHh3ds7.s 			page 18


 970 0150 40       		.uleb128 0x40
 971 0151 18       		.uleb128 0x18
 972 0152 64       		.uleb128 0x64
 973 0153 13       		.uleb128 0x13
 974 0154 9742     		.uleb128 0x2117
 975 0156 19       		.uleb128 0x19
 976 0157 01       		.uleb128 0x1
 977 0158 13       		.uleb128 0x13
 978 0159 00       		.byte	0
 979 015a 00       		.byte	0
 980 015b 19       		.uleb128 0x19
 981 015c 05       		.uleb128 0x5
 982 015d 00       		.byte	0
 983 015e 03       		.uleb128 0x3
 984 015f 0E       		.uleb128 0xe
 985 0160 49       		.uleb128 0x49
 986 0161 13       		.uleb128 0x13
 987 0162 34       		.uleb128 0x34
 988 0163 19       		.uleb128 0x19
 989 0164 02       		.uleb128 0x2
 990 0165 18       		.uleb128 0x18
 991 0166 00       		.byte	0
 992 0167 00       		.byte	0
 993 0168 1A       		.uleb128 0x1a
 994 0169 05       		.uleb128 0x5
 995 016a 00       		.byte	0
 996 016b 03       		.uleb128 0x3
 997 016c 0E       		.uleb128 0xe
 998 016d 3A       		.uleb128 0x3a
 999 016e 0B       		.uleb128 0xb
 1000 016f 3B       		.uleb128 0x3b
 1001 0170 0B       		.uleb128 0xb
 1002 0171 49       		.uleb128 0x49
 1003 0172 13       		.uleb128 0x13
 1004 0173 02       		.uleb128 0x2
 1005 0174 18       		.uleb128 0x18
 1006 0175 00       		.byte	0
 1007 0176 00       		.byte	0
 1008 0177 1B       		.uleb128 0x1b
 1009 0178 2E       		.uleb128 0x2e
 1010 0179 01       		.byte	0x1
 1011 017a 47       		.uleb128 0x47
 1012 017b 13       		.uleb128 0x13
 1013 017c 3A       		.uleb128 0x3a
 1014 017d 0B       		.uleb128 0xb
 1015 017e 3B       		.uleb128 0x3b
 1016 017f 0B       		.uleb128 0xb
 1017 0180 11       		.uleb128 0x11
 1018 0181 01       		.uleb128 0x1
 1019 0182 12       		.uleb128 0x12
 1020 0183 06       		.uleb128 0x6
 1021 0184 40       		.uleb128 0x40
 1022 0185 18       		.uleb128 0x18
 1023 0186 64       		.uleb128 0x64
 1024 0187 13       		.uleb128 0x13
 1025 0188 9642     		.uleb128 0x2116
 1026 018a 19       		.uleb128 0x19
ARM GAS  /tmp/ccHh3ds7.s 			page 19


 1027 018b 00       		.byte	0
 1028 018c 00       		.byte	0
 1029 018d 00       		.byte	0
 1030              		.section	.debug_aranges,"",%progbits
 1031 0000 24000000 		.4byte	0x24
 1032 0004 0200     		.2byte	0x2
 1033 0006 00000000 		.4byte	.Ldebug_info0
 1034 000a 04       		.byte	0x4
 1035 000b 00       		.byte	0
 1036 000c 0000     		.2byte	0
 1037 000e 0000     		.2byte	0
 1038 0010 00000000 		.4byte	.Ltext0
 1039 0014 36000000 		.4byte	.Letext0-.Ltext0
 1040 0018 00000000 		.4byte	.LFB41
 1041 001c 1E000000 		.4byte	.LFE41-.LFB41
 1042 0020 00000000 		.4byte	0
 1043 0024 00000000 		.4byte	0
 1044              		.section	.debug_ranges,"",%progbits
 1045              	.Ldebug_ranges0:
 1046 0000 00000000 		.4byte	.Ltext0
 1047 0004 36000000 		.4byte	.Letext0
 1048 0008 00000000 		.4byte	.LFB41
 1049 000c 1E000000 		.4byte	.LFE41
 1050 0010 00000000 		.4byte	0
 1051 0014 00000000 		.4byte	0
 1052              		.section	.debug_line,"",%progbits
 1053              	.Ldebug_line0:
 1054 0000 31020000 		.section	.debug_str,"MS",%progbits,1
 1054      02000602 
 1054      00000201 
 1054      FB0E0D00 
 1054      01010101 
 1055              	.LASF29:
 1056 0000 5F5A4E33 		.ascii	"_ZN3r2p11Checksummer3addEPKhj\000"
 1056      72327031 
 1056      31436865 
 1056      636B7375 
 1056      6D6D6572 
 1057              	.LASF37:
 1058 001e 626F6F6C 		.ascii	"bool\000"
 1058      00
 1059              	.LASF13:
 1060 0023 73747263 		.ascii	"strcoll\000"
 1060      6F6C6C00 
 1061              	.LASF23:
 1062 002b 5F5A4E4B 		.ascii	"_ZNK3r2p11Checksummer16compute_checksumEv\000"
 1062      33723270 
 1062      31314368 
 1062      65636B73 
 1062      756D6D65 
 1063              	.LASF2:
 1064 0055 73697A65 		.ascii	"size_t\000"
 1064      5F7400
 1065              	.LASF3:
 1066 005c 5F5F7569 		.ascii	"__uint8_t\000"
 1066      6E74385F 
 1066      7400
ARM GAS  /tmp/ccHh3ds7.s 			page 20


 1067              	.LASF46:
 1068 0066 5F5A4E33 		.ascii	"_ZN3r2p11Checksummer5resetEv\000"
 1068      72327031 
 1068      31436865 
 1068      636B7375 
 1068      6D6D6572 
 1069              	.LASF26:
 1070 0083 72657365 		.ascii	"reset\000"
 1070      7400
 1071              	.LASF27:
 1072 0089 5F5A4E33 		.ascii	"_ZN3r2p11Checksummer3addEc\000"
 1072      72327031 
 1072      31436865 
 1072      636B7375 
 1072      6D6D6572 
 1073              	.LASF7:
 1074 00a4 6C6F6E67 		.ascii	"long int\000"
 1074      20696E74 
 1074      00
 1075              	.LASF28:
 1076 00ad 5F5A4E33 		.ascii	"_ZN3r2p11Checksummer3addEh\000"
 1076      72327031 
 1076      31436865 
 1076      636B7375 
 1076      6D6D6572 
 1077              	.LASF22:
 1078 00c8 5F5A4E4B 		.ascii	"_ZNK3r2p11Checksummer15get_accumulatorEv\000"
 1078      33723270 
 1078      31314368 
 1078      65636B73 
 1078      756D6D65 
 1079              	.LASF24:
 1080 00f1 63686563 		.ascii	"check\000"
 1080      6B00
 1081              	.LASF44:
 1082 00f7 2F686F6D 		.ascii	"/home/tino/workspace/openrobots/Middleware_v2-new/\000"
 1082      652F7469 
 1082      6E6F2F77 
 1082      6F726B73 
 1082      70616365 
 1083              	.LASF31:
 1084 012a 6F706572 		.ascii	"operator uint8_t\000"
 1084      61746F72 
 1084      2075696E 
 1084      74385F74 
 1084      00
 1085              	.LASF4:
 1086 013b 756E7369 		.ascii	"unsigned char\000"
 1086      676E6564 
 1086      20636861 
 1086      7200
 1087              	.LASF38:
 1088 0149 74686973 		.ascii	"this\000"
 1088      00
 1089              	.LASF42:
 1090 014e 474E5520 		.ascii	"GNU C++ 4.9.3 20141119 (release) [ARM/embedded-4_9-"
 1090      432B2B20 
ARM GAS  /tmp/ccHh3ds7.s 			page 21


 1090      342E392E 
 1090      33203230 
 1090      31343131 
 1091 0181 6272616E 		.ascii	"branch revision 218278] -mcpu=cortex-m4 -mno-thumb-"
 1091      63682072 
 1091      65766973 
 1091      696F6E20 
 1091      32313832 
 1092 01b4 696E7465 		.ascii	"interwork -mthumb -ggdb -O0 -fomit-frame-pointer -f"
 1092      72776F72 
 1092      6B202D6D 
 1092      7468756D 
 1092      62202D67 
 1093 01e7 6E6F2D72 		.ascii	"no-rtti -fno-exceptions -fno-threadsafe-statics\000"
 1093      74746920 
 1093      2D666E6F 
 1093      2D657863 
 1093      65707469 
 1094              	.LASF8:
 1095 0217 6C6F6E67 		.ascii	"long unsigned int\000"
 1095      20756E73 
 1095      69676E65 
 1095      6420696E 
 1095      7400
 1096              	.LASF6:
 1097 0229 73686F72 		.ascii	"short unsigned int\000"
 1097      7420756E 
 1097      7369676E 
 1097      65642069 
 1097      6E7400
 1098              	.LASF30:
 1099 023c 5F5A4E33 		.ascii	"_ZN3r2p11Checksummer3addEPKvj\000"
 1099      72327031 
 1099      31436865 
 1099      636B7375 
 1099      6D6D6572 
 1100              	.LASF43:
 1101 025a 2F6F7074 		.ascii	"/opt/R2P/core/Middleware/src/Checksummer.cpp\000"
 1101      2F523250 
 1101      2F636F72 
 1101      652F4D69 
 1101      64646C65 
 1102              	.LASF45:
 1103 0287 61636375 		.ascii	"accumulator\000"
 1103      6D756C61 
 1103      746F7200 
 1104              	.LASF32:
 1105 0293 5F5A4E4B 		.ascii	"_ZNK3r2p11ChecksummercvhEv\000"
 1105      33723270 
 1105      31314368 
 1105      65636B73 
 1105      756D6D65 
 1106              	.LASF17:
 1107 02ae 556E636F 		.ascii	"Uncopyable\000"
 1107      70796162 
 1107      6C6500
 1108              	.LASF16:
ARM GAS  /tmp/ccHh3ds7.s 			page 22


 1109 02b9 73747278 		.ascii	"strxfrm\000"
 1109      66726D00 
 1110              	.LASF18:
 1111 02c1 7E556E63 		.ascii	"~Uncopyable\000"
 1111      6F707961 
 1111      626C6500 
 1112              	.LASF0:
 1113 02cd 756E7369 		.ascii	"unsigned int\000"
 1113      676E6564 
 1113      20696E74 
 1113      00
 1114              	.LASF15:
 1115 02da 73747274 		.ascii	"strtok\000"
 1115      6F6B00
 1116              	.LASF10:
 1117 02e1 6C6F6E67 		.ascii	"long long unsigned int\000"
 1117      206C6F6E 
 1117      6720756E 
 1117      7369676E 
 1117      65642069 
 1118              	.LASF36:
 1119 02f8 75696E74 		.ascii	"uint8_t\000"
 1119      385F7400 
 1120              	.LASF33:
 1121 0300 6F706572 		.ascii	"operator+=\000"
 1121      61746F72 
 1121      2B3D00
 1122              	.LASF20:
 1123 030b 6765745F 		.ascii	"get_accumulator\000"
 1123      61636375 
 1123      6D756C61 
 1123      746F7200 
 1124              	.LASF21:
 1125 031b 636F6D70 		.ascii	"compute_checksum\000"
 1125      7574655F 
 1125      63686563 
 1125      6B73756D 
 1125      00
 1126              	.LASF25:
 1127 032c 5F5A4E4B 		.ascii	"_ZNK3r2p11Checksummer5checkEh\000"
 1127      33723270 
 1127      31314368 
 1127      65636B73 
 1127      756D6D65 
 1128              	.LASF40:
 1129 034a 6368756E 		.ascii	"chunkp\000"
 1129      6B7000
 1130              	.LASF9:
 1131 0351 6C6F6E67 		.ascii	"long long int\000"
 1131      206C6F6E 
 1131      6720696E 
 1131      7400
 1132              	.LASF11:
 1133 035f 73697A65 		.ascii	"sizetype\000"
 1133      74797065 
 1133      00
 1134              	.LASF12:
ARM GAS  /tmp/ccHh3ds7.s 			page 23


 1135 0368 63686172 		.ascii	"char\000"
 1135      00
 1136              	.LASF39:
 1137 036d 76616C75 		.ascii	"value\000"
 1137      6500
 1138              	.LASF5:
 1139 0373 73686F72 		.ascii	"short int\000"
 1139      7420696E 
 1139      7400
 1140              	.LASF14:
 1141 037d 73747265 		.ascii	"strerror\000"
 1141      72726F72 
 1141      00
 1142              	.LASF41:
 1143 0386 6C656E67 		.ascii	"length\000"
 1143      746800
 1144              	.LASF19:
 1145 038d 43686563 		.ascii	"Checksummer\000"
 1145      6B73756D 
 1145      6D657200 
 1146              	.LASF1:
 1147 0399 7369676E 		.ascii	"signed char\000"
 1147      65642063 
 1147      68617200 
 1148              	.LASF34:
 1149 03a5 5F5A4E33 		.ascii	"_ZN3r2p11ChecksummerpLEc\000"
 1149      72327031 
 1149      31436865 
 1149      636B7375 
 1149      6D6D6572 
 1150              	.LASF35:
 1151 03be 5F5A4E33 		.ascii	"_ZN3r2p11ChecksummerpLEh\000"
 1151      72327031 
 1151      31436865 
 1151      636B7375 
 1151      6D6D6572 
 1152              		.ident	"GCC: (GNU Tools for ARM Embedded Processors) 4.9.3 20141119 (release) [ARM/embedded-4_9-br
ARM GAS  /tmp/ccHh3ds7.s 			page 24


DEFINED SYMBOLS
                            *ABS*:00000000 Checksummer.cpp
     /tmp/ccHh3ds7.s:19     .text._ZN3r2p11Checksummer3addEh:00000000 $t
     /tmp/ccHh3ds7.s:24     .text._ZN3r2p11Checksummer3addEh:00000000 _ZN3r2p11Checksummer3addEh
     /tmp/ccHh3ds7.s:54     .text:00000000 $t
     /tmp/ccHh3ds7.s:59     .text:00000000 _ZN3r2p11Checksummer3addEPKhj
                     .debug_frame:00000010 $d

NO UNDEFINED SYMBOLS
