ARM GAS  /tmp/ccboN3eA.s 			page 1


   1              		.syntax unified
   2              		.cpu cortex-m4
   3              		.fpu softvfp
   4              		.eabi_attribute 20, 1
   5              		.eabi_attribute 21, 1
   6              		.eabi_attribute 23, 3
   7              		.eabi_attribute 24, 1
   8              		.eabi_attribute 25, 1
   9              		.eabi_attribute 26, 1
  10              		.eabi_attribute 30, 6
  11              		.eabi_attribute 34, 1
  12              		.eabi_attribute 18, 4
  13              		.thumb
  14              		.file	"chheap.c"
  15              		.text
  16              	.Ltext0:
  17              		.cfi_sections	.debug_frame
  18              		.bss
  19              		.align	3
  20              	default_heap:
  21 0000 00000000 		.space	32
  21      00000000 
  21      00000000 
  21      00000000 
  21      00000000 
  22              		.text
  23              		.align	2
  24              		.global	_heap_init
  25              		.thumb
  26              		.thumb_func
  27              		.type	_heap_init, %function
  28              	_heap_init:
  29              	.LFB7:
  30              		.file 1 "/opt/R2P/core/ChibiOS_2.6.5/os/kernel/src/chheap.c"
  31              		.loc 1 75 0
  32              		.cfi_startproc
  33              		@ args = 0, pretend = 0, frame = 0
  34              		@ frame_needed = 0, uses_anonymous_args = 0
  35 0000 08B5     		push	{r3, lr}
  36              		.cfi_def_cfa_offset 8
  37              		.cfi_offset 3, -8
  38              		.cfi_offset 14, -4
  39              		.loc 1 76 0
  40 0002 064B     		ldr	r3, .L2
  41 0004 064A     		ldr	r2, .L2+4
  42 0006 1A60     		str	r2, [r3]
  43              		.loc 1 77 0
  44 0008 044B     		ldr	r3, .L2
  45 000a 0022     		movs	r2, #0
  46 000c 9A60     		str	r2, [r3, #8]
  47              		.loc 1 78 0
  48 000e 034B     		ldr	r3, .L2
  49 0010 0022     		movs	r2, #0
  50 0012 DA60     		str	r2, [r3, #12]
  51              		.loc 1 80 0
  52 0014 0348     		ldr	r0, .L2+8
  53 0016 FFF7FEFF 		bl	chMtxInit
ARM GAS  /tmp/ccboN3eA.s 			page 2


  54              		.loc 1 84 0
  55 001a 08BD     		pop	{r3, pc}
  56              	.L3:
  57              		.align	2
  58              	.L2:
  59 001c 00000000 		.word	default_heap
  60 0020 00000000 		.word	chCoreAlloc
  61 0024 10000000 		.word	default_heap+16
  62              		.cfi_endproc
  63              	.LFE7:
  64              		.size	_heap_init, .-_heap_init
  65              		.section	.rodata
  66              		.align	2
  67              	.LC0:
  68 0000 22636848 		.ascii	"\"chHeapInit\"()\000"
  68      65617049 
  68      6E697422 
  68      282900
  69              		.text
  70              		.align	2
  71              		.global	chHeapInit
  72              		.thumb
  73              		.thumb_func
  74              		.type	chHeapInit, %function
  75              	chHeapInit:
  76              	.LFB8:
  77              		.loc 1 99 0
  78              		.cfi_startproc
  79              		@ args = 0, pretend = 0, frame = 24
  80              		@ frame_needed = 0, uses_anonymous_args = 0
  81 0028 00B5     		push	{lr}
  82              		.cfi_def_cfa_offset 4
  83              		.cfi_offset 14, -4
  84 002a 87B0     		sub	sp, sp, #28
  85              		.cfi_def_cfa_offset 32
  86 002c 0390     		str	r0, [sp, #12]
  87 002e 0291     		str	r1, [sp, #8]
  88 0030 0192     		str	r2, [sp, #4]
  89              		.loc 1 102 0
  90 0032 029B     		ldr	r3, [sp, #8]
  91 0034 03F00703 		and	r3, r3, #7
  92 0038 002B     		cmp	r3, #0
  93 003a 04D1     		bne	.L5
  94              		.loc 1 102 0 is_stmt 0 discriminator 2
  95 003c 019B     		ldr	r3, [sp, #4]
  96 003e 03F00703 		and	r3, r3, #7
  97 0042 002B     		cmp	r3, #0
  98 0044 02D0     		beq	.L6
  99              	.L5:
 100              		.loc 1 102 0 discriminator 3
 101 0046 0F48     		ldr	r0, .L7
 102 0048 FFF7FEFF 		bl	chDbgPanic
 103              	.L6:
 104              		.loc 1 104 0 is_stmt 1
 105 004c 039B     		ldr	r3, [sp, #12]
 106 004e 0022     		movs	r2, #0
 107 0050 1A60     		str	r2, [r3]
ARM GAS  /tmp/ccboN3eA.s 			page 3


 108              		.loc 1 105 0
 109 0052 029B     		ldr	r3, [sp, #8]
 110 0054 0593     		str	r3, [sp, #20]
 111 0056 039B     		ldr	r3, [sp, #12]
 112 0058 059A     		ldr	r2, [sp, #20]
 113 005a 9A60     		str	r2, [r3, #8]
 114              		.loc 1 106 0
 115 005c 039B     		ldr	r3, [sp, #12]
 116 005e 0022     		movs	r2, #0
 117 0060 DA60     		str	r2, [r3, #12]
 118              		.loc 1 107 0
 119 0062 059B     		ldr	r3, [sp, #20]
 120 0064 0022     		movs	r2, #0
 121 0066 1A60     		str	r2, [r3]
 122              		.loc 1 108 0
 123 0068 019B     		ldr	r3, [sp, #4]
 124 006a A3F10802 		sub	r2, r3, #8
 125 006e 059B     		ldr	r3, [sp, #20]
 126 0070 5A60     		str	r2, [r3, #4]
 127              		.loc 1 110 0
 128 0072 039B     		ldr	r3, [sp, #12]
 129 0074 1033     		adds	r3, r3, #16
 130 0076 1846     		mov	r0, r3
 131 0078 FFF7FEFF 		bl	chMtxInit
 132              		.loc 1 114 0
 133 007c 07B0     		add	sp, sp, #28
 134              		.cfi_def_cfa_offset 4
 135              		@ sp needed
 136 007e 5DF804FB 		ldr	pc, [sp], #4
 137              	.L8:
 138 0082 00BF     		.align	2
 139              	.L7:
 140 0084 00000000 		.word	.LC0
 141              		.cfi_endproc
 142              	.LFE8:
 143              		.size	chHeapInit, .-chHeapInit
 144              		.align	2
 145              		.global	chHeapAlloc
 146              		.thumb
 147              		.thumb_func
 148              		.type	chHeapAlloc, %function
 149              	chHeapAlloc:
 150              	.LFB9:
 151              		.loc 1 132 0
 152              		.cfi_startproc
 153              		@ args = 0, pretend = 0, frame = 24
 154              		@ frame_needed = 0, uses_anonymous_args = 0
 155 0088 00B5     		push	{lr}
 156              		.cfi_def_cfa_offset 4
 157              		.cfi_offset 14, -4
 158 008a 87B0     		sub	sp, sp, #28
 159              		.cfi_def_cfa_offset 32
 160 008c 0190     		str	r0, [sp, #4]
 161 008e 0091     		str	r1, [sp]
 162              		.loc 1 135 0
 163 0090 019B     		ldr	r3, [sp, #4]
 164 0092 002B     		cmp	r3, #0
ARM GAS  /tmp/ccboN3eA.s 			page 4


 165 0094 01D1     		bne	.L10
 166              		.loc 1 136 0
 167 0096 344B     		ldr	r3, .L18
 168 0098 0193     		str	r3, [sp, #4]
 169              	.L10:
 170              		.loc 1 138 0
 171 009a 009B     		ldr	r3, [sp]
 172 009c 0733     		adds	r3, r3, #7
 173 009e 23F00703 		bic	r3, r3, #7
 174 00a2 0093     		str	r3, [sp]
 175              		.loc 1 139 0
 176 00a4 019B     		ldr	r3, [sp, #4]
 177 00a6 0833     		adds	r3, r3, #8
 178 00a8 0593     		str	r3, [sp, #20]
 179              		.loc 1 140 0
 180 00aa 019B     		ldr	r3, [sp, #4]
 181 00ac 1033     		adds	r3, r3, #16
 182 00ae 1846     		mov	r0, r3
 183 00b0 FFF7FEFF 		bl	chMtxLock
 184              		.loc 1 142 0
 185 00b4 33E0     		b	.L11
 186              	.L16:
 187              		.loc 1 143 0
 188 00b6 059B     		ldr	r3, [sp, #20]
 189 00b8 1B68     		ldr	r3, [r3]
 190 00ba 0493     		str	r3, [sp, #16]
 191              		.loc 1 144 0
 192 00bc 049B     		ldr	r3, [sp, #16]
 193 00be 5A68     		ldr	r2, [r3, #4]
 194 00c0 009B     		ldr	r3, [sp]
 195 00c2 9A42     		cmp	r2, r3
 196 00c4 29D3     		bcc	.L12
 197              		.loc 1 145 0
 198 00c6 049B     		ldr	r3, [sp, #16]
 199 00c8 5A68     		ldr	r2, [r3, #4]
 200 00ca 009B     		ldr	r3, [sp]
 201 00cc 0833     		adds	r3, r3, #8
 202 00ce 9A42     		cmp	r2, r3
 203 00d0 04D2     		bcs	.L13
 204              		.loc 1 149 0
 205 00d2 049B     		ldr	r3, [sp, #16]
 206 00d4 1A68     		ldr	r2, [r3]
 207 00d6 059B     		ldr	r3, [sp, #20]
 208 00d8 1A60     		str	r2, [r3]
 209 00da 16E0     		b	.L14
 210              	.L13:
 211              		.loc 1 153 0
 212 00dc 009B     		ldr	r3, [sp]
 213 00de 0833     		adds	r3, r3, #8
 214 00e0 049A     		ldr	r2, [sp, #16]
 215 00e2 1344     		add	r3, r3, r2
 216 00e4 0393     		str	r3, [sp, #12]
 217              		.loc 1 154 0
 218 00e6 049B     		ldr	r3, [sp, #16]
 219 00e8 1A68     		ldr	r2, [r3]
 220 00ea 039B     		ldr	r3, [sp, #12]
 221 00ec 1A60     		str	r2, [r3]
ARM GAS  /tmp/ccboN3eA.s 			page 5


 222              		.loc 1 155 0
 223 00ee 049B     		ldr	r3, [sp, #16]
 224 00f0 5A68     		ldr	r2, [r3, #4]
 225 00f2 009B     		ldr	r3, [sp]
 226 00f4 D31A     		subs	r3, r2, r3
 227 00f6 A3F10802 		sub	r2, r3, #8
 228 00fa 039B     		ldr	r3, [sp, #12]
 229 00fc 5A60     		str	r2, [r3, #4]
 230              		.loc 1 156 0
 231 00fe 059B     		ldr	r3, [sp, #20]
 232 0100 039A     		ldr	r2, [sp, #12]
 233 0102 1A60     		str	r2, [r3]
 234              		.loc 1 157 0
 235 0104 049B     		ldr	r3, [sp, #16]
 236 0106 009A     		ldr	r2, [sp]
 237 0108 5A60     		str	r2, [r3, #4]
 238              	.L14:
 239              		.loc 1 159 0
 240 010a 049B     		ldr	r3, [sp, #16]
 241 010c 019A     		ldr	r2, [sp, #4]
 242 010e 1A60     		str	r2, [r3]
 243              		.loc 1 161 0
 244 0110 FFF7FEFF 		bl	chMtxUnlock
 245              		.loc 1 162 0
 246 0114 049B     		ldr	r3, [sp, #16]
 247 0116 0833     		adds	r3, r3, #8
 248 0118 21E0     		b	.L15
 249              	.L12:
 250              		.loc 1 164 0
 251 011a 049B     		ldr	r3, [sp, #16]
 252 011c 0593     		str	r3, [sp, #20]
 253              	.L11:
 254              		.loc 1 142 0
 255 011e 059B     		ldr	r3, [sp, #20]
 256 0120 1B68     		ldr	r3, [r3]
 257 0122 002B     		cmp	r3, #0
 258 0124 C7D1     		bne	.L16
 259              		.loc 1 167 0
 260 0126 FFF7FEFF 		bl	chMtxUnlock
 261              		.loc 1 171 0
 262 012a 019B     		ldr	r3, [sp, #4]
 263 012c 1B68     		ldr	r3, [r3]
 264 012e 002B     		cmp	r3, #0
 265 0130 14D0     		beq	.L17
 266              		.loc 1 172 0
 267 0132 019B     		ldr	r3, [sp, #4]
 268 0134 1B68     		ldr	r3, [r3]
 269 0136 009A     		ldr	r2, [sp]
 270 0138 0832     		adds	r2, r2, #8
 271 013a 1046     		mov	r0, r2
 272 013c 9847     		blx	r3
 273 013e 0490     		str	r0, [sp, #16]
 274              		.loc 1 173 0
 275 0140 049B     		ldr	r3, [sp, #16]
 276 0142 002B     		cmp	r3, #0
 277 0144 0AD0     		beq	.L17
 278              		.loc 1 174 0
ARM GAS  /tmp/ccboN3eA.s 			page 6


 279 0146 049B     		ldr	r3, [sp, #16]
 280 0148 019A     		ldr	r2, [sp, #4]
 281 014a 1A60     		str	r2, [r3]
 282              		.loc 1 175 0
 283 014c 049B     		ldr	r3, [sp, #16]
 284 014e 009A     		ldr	r2, [sp]
 285 0150 5A60     		str	r2, [r3, #4]
 286              		.loc 1 176 0
 287 0152 049B     		ldr	r3, [sp, #16]
 288 0154 0833     		adds	r3, r3, #8
 289 0156 0493     		str	r3, [sp, #16]
 290              		.loc 1 177 0
 291 0158 049B     		ldr	r3, [sp, #16]
 292 015a 00E0     		b	.L15
 293              	.L17:
 294              		.loc 1 180 0
 295 015c 0023     		movs	r3, #0
 296              	.L15:
 297              		.loc 1 181 0
 298 015e 1846     		mov	r0, r3
 299 0160 07B0     		add	sp, sp, #28
 300              		.cfi_def_cfa_offset 4
 301              		@ sp needed
 302 0162 5DF804FB 		ldr	pc, [sp], #4
 303              	.L19:
 304 0166 00BF     		.align	2
 305              	.L18:
 306 0168 00000000 		.word	default_heap
 307              		.cfi_endproc
 308              	.LFE9:
 309              		.size	chHeapAlloc, .-chHeapAlloc
 310              		.section	.rodata
 311 000f 00       		.align	2
 312              	.LC1:
 313 0010 22636848 		.ascii	"\"chHeapFree\"()\000"
 313      65617046 
 313      72656522 
 313      282900
 314 001f 00       		.align	2
 315              	.LC2:
 316 0020 63684865 		.ascii	"chHeapFree(), #1\000"
 316      61704672 
 316      65652829 
 316      2C202331 
 316      00
 317 0031 000000   		.text
 318              		.align	2
 319              		.global	chHeapFree
 320              		.thumb
 321              		.thumb_func
 322              		.type	chHeapFree, %function
 323              	chHeapFree:
 324              	.LFB10:
 325              		.loc 1 194 0
 326              		.cfi_startproc
 327              		@ args = 0, pretend = 0, frame = 24
 328              		@ frame_needed = 0, uses_anonymous_args = 0
ARM GAS  /tmp/ccboN3eA.s 			page 7


 329 016c 00B5     		push	{lr}
 330              		.cfi_def_cfa_offset 4
 331              		.cfi_offset 14, -4
 332 016e 87B0     		sub	sp, sp, #28
 333              		.cfi_def_cfa_offset 32
 334 0170 0190     		str	r0, [sp, #4]
 335              		.loc 1 198 0
 336 0172 019B     		ldr	r3, [sp, #4]
 337 0174 002B     		cmp	r3, #0
 338 0176 02D1     		bne	.L21
 339              		.loc 1 198 0 is_stmt 0 discriminator 1
 340 0178 3948     		ldr	r0, .L31
 341 017a FFF7FEFF 		bl	chDbgPanic
 342              	.L21:
 343              		.loc 1 200 0 is_stmt 1
 344 017e 019B     		ldr	r3, [sp, #4]
 345 0180 083B     		subs	r3, r3, #8
 346 0182 0493     		str	r3, [sp, #16]
 347              		.loc 1 201 0
 348 0184 049B     		ldr	r3, [sp, #16]
 349 0186 1B68     		ldr	r3, [r3]
 350 0188 0393     		str	r3, [sp, #12]
 351              		.loc 1 202 0
 352 018a 039B     		ldr	r3, [sp, #12]
 353 018c 0833     		adds	r3, r3, #8
 354 018e 0593     		str	r3, [sp, #20]
 355              		.loc 1 203 0
 356 0190 039B     		ldr	r3, [sp, #12]
 357 0192 1033     		adds	r3, r3, #16
 358 0194 1846     		mov	r0, r3
 359 0196 FFF7FEFF 		bl	chMtxLock
 360              	.L29:
 361              		.loc 1 206 0
 362 019a 049A     		ldr	r2, [sp, #16]
 363 019c 059B     		ldr	r3, [sp, #20]
 364 019e 9A42     		cmp	r2, r3
 365 01a0 0AD3     		bcc	.L22
 366              		.loc 1 206 0 is_stmt 0 discriminator 1
 367 01a2 059B     		ldr	r3, [sp, #20]
 368 01a4 5B68     		ldr	r3, [r3, #4]
 369 01a6 0833     		adds	r3, r3, #8
 370 01a8 059A     		ldr	r2, [sp, #20]
 371 01aa 1A44     		add	r2, r2, r3
 372 01ac 049B     		ldr	r3, [sp, #16]
 373 01ae 9A42     		cmp	r2, r3
 374 01b0 02D9     		bls	.L22
 375              		.loc 1 206 0 discriminator 2
 376 01b2 2C48     		ldr	r0, .L31+4
 377 01b4 FFF7FEFF 		bl	chDbgPanic
 378              	.L22:
 379              		.loc 1 210 0 is_stmt 1
 380 01b8 039B     		ldr	r3, [sp, #12]
 381 01ba 03F10802 		add	r2, r3, #8
 382 01be 059B     		ldr	r3, [sp, #20]
 383 01c0 9A42     		cmp	r2, r3
 384 01c2 03D0     		beq	.L23
 385              		.loc 1 210 0 is_stmt 0 discriminator 2
ARM GAS  /tmp/ccboN3eA.s 			page 8


 386 01c4 049A     		ldr	r2, [sp, #16]
 387 01c6 059B     		ldr	r3, [sp, #20]
 388 01c8 9A42     		cmp	r2, r3
 389 01ca 3ED9     		bls	.L24
 390              	.L23:
 391              		.loc 1 211 0 is_stmt 1 discriminator 3
 392 01cc 059B     		ldr	r3, [sp, #20]
 393 01ce 1B68     		ldr	r3, [r3]
 394              		.loc 1 210 0 discriminator 3
 395 01d0 002B     		cmp	r3, #0
 396 01d2 04D0     		beq	.L25
 397              		.loc 1 211 0
 398 01d4 059B     		ldr	r3, [sp, #20]
 399 01d6 1A68     		ldr	r2, [r3]
 400 01d8 049B     		ldr	r3, [sp, #16]
 401 01da 9A42     		cmp	r2, r3
 402 01dc 35D9     		bls	.L24
 403              	.L25:
 404              		.loc 1 213 0
 405 01de 059B     		ldr	r3, [sp, #20]
 406 01e0 1A68     		ldr	r2, [r3]
 407 01e2 049B     		ldr	r3, [sp, #16]
 408 01e4 1A60     		str	r2, [r3]
 409              		.loc 1 214 0
 410 01e6 059B     		ldr	r3, [sp, #20]
 411 01e8 049A     		ldr	r2, [sp, #16]
 412 01ea 1A60     		str	r2, [r3]
 413              		.loc 1 216 0
 414 01ec 049B     		ldr	r3, [sp, #16]
 415 01ee 5B68     		ldr	r3, [r3, #4]
 416 01f0 0833     		adds	r3, r3, #8
 417 01f2 049A     		ldr	r2, [sp, #16]
 418 01f4 1A44     		add	r2, r2, r3
 419 01f6 049B     		ldr	r3, [sp, #16]
 420 01f8 1B68     		ldr	r3, [r3]
 421 01fa 9A42     		cmp	r2, r3
 422 01fc 0ED1     		bne	.L26
 423              		.loc 1 218 0
 424 01fe 049B     		ldr	r3, [sp, #16]
 425 0200 5A68     		ldr	r2, [r3, #4]
 426 0202 049B     		ldr	r3, [sp, #16]
 427 0204 1B68     		ldr	r3, [r3]
 428 0206 5B68     		ldr	r3, [r3, #4]
 429 0208 1344     		add	r3, r3, r2
 430 020a 03F10802 		add	r2, r3, #8
 431 020e 049B     		ldr	r3, [sp, #16]
 432 0210 5A60     		str	r2, [r3, #4]
 433              		.loc 1 219 0
 434 0212 049B     		ldr	r3, [sp, #16]
 435 0214 1B68     		ldr	r3, [r3]
 436 0216 1A68     		ldr	r2, [r3]
 437 0218 049B     		ldr	r3, [sp, #16]
 438 021a 1A60     		str	r2, [r3]
 439              	.L26:
 440              		.loc 1 221 0
 441 021c 059B     		ldr	r3, [sp, #20]
 442 021e 5B68     		ldr	r3, [r3, #4]
ARM GAS  /tmp/ccboN3eA.s 			page 9


 443 0220 0833     		adds	r3, r3, #8
 444 0222 059A     		ldr	r2, [sp, #20]
 445 0224 1A44     		add	r2, r2, r3
 446 0226 049B     		ldr	r3, [sp, #16]
 447 0228 9A42     		cmp	r2, r3
 448 022a 0DD1     		bne	.L27
 449              		.loc 1 223 0
 450 022c 059B     		ldr	r3, [sp, #20]
 451 022e 5A68     		ldr	r2, [r3, #4]
 452 0230 049B     		ldr	r3, [sp, #16]
 453 0232 5B68     		ldr	r3, [r3, #4]
 454 0234 1344     		add	r3, r3, r2
 455 0236 03F10802 		add	r2, r3, #8
 456 023a 059B     		ldr	r3, [sp, #20]
 457 023c 5A60     		str	r2, [r3, #4]
 458              		.loc 1 224 0
 459 023e 049B     		ldr	r3, [sp, #16]
 460 0240 1A68     		ldr	r2, [r3]
 461 0242 059B     		ldr	r3, [sp, #20]
 462 0244 1A60     		str	r2, [r3]
 463              		.loc 1 226 0
 464 0246 04E0     		b	.L28
 465              	.L27:
 466 0248 03E0     		b	.L28
 467              	.L24:
 468              		.loc 1 228 0
 469 024a 059B     		ldr	r3, [sp, #20]
 470 024c 1B68     		ldr	r3, [r3]
 471 024e 0593     		str	r3, [sp, #20]
 472              		.loc 1 229 0
 473 0250 A3E7     		b	.L29
 474              	.L28:
 475              		.loc 1 231 0
 476 0252 FFF7FEFF 		bl	chMtxUnlock
 477              		.loc 1 232 0
 478 0256 00BF     		nop
 479              		.loc 1 233 0
 480 0258 07B0     		add	sp, sp, #28
 481              		.cfi_def_cfa_offset 4
 482              		@ sp needed
 483 025a 5DF804FB 		ldr	pc, [sp], #4
 484              	.L32:
 485 025e 00BF     		.align	2
 486              	.L31:
 487 0260 10000000 		.word	.LC1
 488 0264 20000000 		.word	.LC2
 489              		.cfi_endproc
 490              	.LFE10:
 491              		.size	chHeapFree, .-chHeapFree
 492              		.align	2
 493              		.global	chHeapStatus
 494              		.thumb
 495              		.thumb_func
 496              		.type	chHeapStatus, %function
 497              	chHeapStatus:
 498              	.LFB11:
 499              		.loc 1 250 0
ARM GAS  /tmp/ccboN3eA.s 			page 10


 500              		.cfi_startproc
 501              		@ args = 0, pretend = 0, frame = 24
 502              		@ frame_needed = 0, uses_anonymous_args = 0
 503 0268 00B5     		push	{lr}
 504              		.cfi_def_cfa_offset 4
 505              		.cfi_offset 14, -4
 506 026a 87B0     		sub	sp, sp, #28
 507              		.cfi_def_cfa_offset 32
 508 026c 0190     		str	r0, [sp, #4]
 509 026e 0091     		str	r1, [sp]
 510              		.loc 1 254 0
 511 0270 019B     		ldr	r3, [sp, #4]
 512 0272 002B     		cmp	r3, #0
 513 0274 01D1     		bne	.L34
 514              		.loc 1 255 0
 515 0276 164B     		ldr	r3, .L39
 516 0278 0193     		str	r3, [sp, #4]
 517              	.L34:
 518              		.loc 1 257 0
 519 027a 019B     		ldr	r3, [sp, #4]
 520 027c 1033     		adds	r3, r3, #16
 521 027e 1846     		mov	r0, r3
 522 0280 FFF7FEFF 		bl	chMtxLock
 523              		.loc 1 259 0
 524 0284 0023     		movs	r3, #0
 525 0286 0393     		str	r3, [sp, #12]
 526              		.loc 1 260 0
 527 0288 0023     		movs	r3, #0
 528 028a 0493     		str	r3, [sp, #16]
 529 028c 019B     		ldr	r3, [sp, #4]
 530 028e 0833     		adds	r3, r3, #8
 531 0290 0593     		str	r3, [sp, #20]
 532 0292 0BE0     		b	.L35
 533              	.L36:
 534              		.loc 1 261 0 discriminator 3
 535 0294 059B     		ldr	r3, [sp, #20]
 536 0296 1B68     		ldr	r3, [r3]
 537 0298 5B68     		ldr	r3, [r3, #4]
 538 029a 039A     		ldr	r2, [sp, #12]
 539 029c 1344     		add	r3, r3, r2
 540 029e 0393     		str	r3, [sp, #12]
 541              		.loc 1 260 0 discriminator 3
 542 02a0 049B     		ldr	r3, [sp, #16]
 543 02a2 0133     		adds	r3, r3, #1
 544 02a4 0493     		str	r3, [sp, #16]
 545 02a6 059B     		ldr	r3, [sp, #20]
 546 02a8 1B68     		ldr	r3, [r3]
 547 02aa 0593     		str	r3, [sp, #20]
 548              	.L35:
 549              		.loc 1 260 0 is_stmt 0 discriminator 1
 550 02ac 059B     		ldr	r3, [sp, #20]
 551 02ae 1B68     		ldr	r3, [r3]
 552 02b0 002B     		cmp	r3, #0
 553 02b2 EFD1     		bne	.L36
 554              		.loc 1 262 0 is_stmt 1
 555 02b4 009B     		ldr	r3, [sp]
 556 02b6 002B     		cmp	r3, #0
ARM GAS  /tmp/ccboN3eA.s 			page 11


 557 02b8 02D0     		beq	.L37
 558              		.loc 1 263 0
 559 02ba 009B     		ldr	r3, [sp]
 560 02bc 039A     		ldr	r2, [sp, #12]
 561 02be 1A60     		str	r2, [r3]
 562              	.L37:
 563              		.loc 1 265 0
 564 02c0 FFF7FEFF 		bl	chMtxUnlock
 565              		.loc 1 266 0
 566 02c4 049B     		ldr	r3, [sp, #16]
 567              		.loc 1 267 0
 568 02c6 1846     		mov	r0, r3
 569 02c8 07B0     		add	sp, sp, #28
 570              		.cfi_def_cfa_offset 4
 571              		@ sp needed
 572 02ca 5DF804FB 		ldr	pc, [sp], #4
 573              	.L40:
 574 02ce 00BF     		.align	2
 575              	.L39:
 576 02d0 00000000 		.word	default_heap
 577              		.cfi_endproc
 578              	.LFE11:
 579              		.size	chHeapStatus, .-chHeapStatus
 580              	.Letext0:
 581              		.file 2 "/opt/R2P/tools/gcc-arm-none-eabi-4_9-2014q4/lib/gcc/arm-none-eabi/4.9.3/include/stddef.h"
 582              		.file 3 "/opt/R2P/tools/gcc-arm-none-eabi-4_9-2014q4/arm-none-eabi/include/machine/_default_types.
 583              		.file 4 "/opt/R2P/tools/gcc-arm-none-eabi-4_9-2014q4/arm-none-eabi/include/stdint.h"
 584              		.file 5 "/opt/R2P/core/ChibiOS_2.6.5/os/ports/GCC/ARMCMx/chtypes.h"
 585              		.file 6 "/opt/R2P/core/ChibiOS_2.6.5/os/kernel/include/chlists.h"
 586              		.file 7 "/opt/R2P/core/ChibiOS_2.6.5/os/kernel/include/chthreads.h"
 587              		.file 8 "/opt/R2P/core/ChibiOS_2.6.5/os/ports/GCC/ARMCMx/chcore_v7m.h"
 588              		.file 9 "/opt/R2P/core/ChibiOS_2.6.5/os/kernel/include/chmtx.h"
 589              		.file 10 "/opt/R2P/core/ChibiOS_2.6.5/os/kernel/include/chmemcore.h"
 590              		.file 11 "/opt/R2P/core/ChibiOS_2.6.5/os/kernel/include/chheap.h"
 591              		.section	.debug_info,"",%progbits
 592              	.Ldebug_info0:
 593 0000 0A060000 		.4byte	0x60a
 594 0004 0400     		.2byte	0x4
 595 0006 00000000 		.4byte	.Ldebug_abbrev0
 596 000a 04       		.byte	0x4
 597 000b 01       		.uleb128 0x1
 598 000c 77020000 		.4byte	.LASF79
 599 0010 01       		.byte	0x1
 600 0011 37010000 		.4byte	.LASF80
 601 0015 00000000 		.4byte	.Ltext0
 602 0019 D4020000 		.4byte	.Letext0-.Ltext0
 603 001d 00000000 		.4byte	.Ldebug_line0
 604 0021 02       		.uleb128 0x2
 605 0022 04       		.byte	0x4
 606 0023 05       		.byte	0x5
 607 0024 696E7400 		.ascii	"int\000"
 608 0028 03       		.uleb128 0x3
 609 0029 06000000 		.4byte	.LASF2
 610 002d 02       		.byte	0x2
 611 002e D4       		.byte	0xd4
 612 002f 33000000 		.4byte	0x33
 613 0033 04       		.uleb128 0x4
ARM GAS  /tmp/ccboN3eA.s 			page 12


 614 0034 04       		.byte	0x4
 615 0035 07       		.byte	0x7
 616 0036 F2000000 		.4byte	.LASF0
 617 003a 04       		.uleb128 0x4
 618 003b 01       		.byte	0x1
 619 003c 06       		.byte	0x6
 620 003d 86000000 		.4byte	.LASF1
 621 0041 03       		.uleb128 0x3
 622 0042 1D000000 		.4byte	.LASF3
 623 0046 03       		.byte	0x3
 624 0047 1D       		.byte	0x1d
 625 0048 4C000000 		.4byte	0x4c
 626 004c 04       		.uleb128 0x4
 627 004d 01       		.byte	0x1
 628 004e 08       		.byte	0x8
 629 004f F4010000 		.4byte	.LASF4
 630 0053 04       		.uleb128 0x4
 631 0054 02       		.byte	0x2
 632 0055 05       		.byte	0x5
 633 0056 17020000 		.4byte	.LASF5
 634 005a 04       		.uleb128 0x4
 635 005b 02       		.byte	0x2
 636 005c 07       		.byte	0x7
 637 005d 1E010000 		.4byte	.LASF6
 638 0061 03       		.uleb128 0x3
 639 0062 47030000 		.4byte	.LASF7
 640 0066 03       		.byte	0x3
 641 0067 3F       		.byte	0x3f
 642 0068 6C000000 		.4byte	0x6c
 643 006c 04       		.uleb128 0x4
 644 006d 04       		.byte	0x4
 645 006e 05       		.byte	0x5
 646 006f B3000000 		.4byte	.LASF8
 647 0073 03       		.uleb128 0x3
 648 0074 CD000000 		.4byte	.LASF9
 649 0078 03       		.byte	0x3
 650 0079 41       		.byte	0x41
 651 007a 7E000000 		.4byte	0x7e
 652 007e 04       		.uleb128 0x4
 653 007f 04       		.byte	0x4
 654 0080 07       		.byte	0x7
 655 0081 FF000000 		.4byte	.LASF10
 656 0085 04       		.uleb128 0x4
 657 0086 08       		.byte	0x8
 658 0087 05       		.byte	0x5
 659 0088 78000000 		.4byte	.LASF11
 660 008c 03       		.uleb128 0x3
 661 008d C4010000 		.4byte	.LASF12
 662 0091 03       		.byte	0x3
 663 0092 5B       		.byte	0x5b
 664 0093 97000000 		.4byte	0x97
 665 0097 04       		.uleb128 0x4
 666 0098 08       		.byte	0x8
 667 0099 07       		.byte	0x7
 668 009a 34000000 		.4byte	.LASF13
 669 009e 03       		.uleb128 0x3
 670 009f 71030000 		.4byte	.LASF14
ARM GAS  /tmp/ccboN3eA.s 			page 13


 671 00a3 04       		.byte	0x4
 672 00a4 15       		.byte	0x15
 673 00a5 41000000 		.4byte	0x41
 674 00a9 03       		.uleb128 0x3
 675 00aa EC010000 		.4byte	.LASF15
 676 00ae 04       		.byte	0x4
 677 00af 2C       		.byte	0x2c
 678 00b0 61000000 		.4byte	0x61
 679 00b4 03       		.uleb128 0x3
 680 00b5 69020000 		.4byte	.LASF16
 681 00b9 04       		.byte	0x4
 682 00ba 2D       		.byte	0x2d
 683 00bb 73000000 		.4byte	0x73
 684 00bf 03       		.uleb128 0x3
 685 00c0 14000000 		.4byte	.LASF17
 686 00c4 04       		.byte	0x4
 687 00c5 39       		.byte	0x39
 688 00c6 8C000000 		.4byte	0x8c
 689 00ca 04       		.uleb128 0x4
 690 00cb 01       		.byte	0x1
 691 00cc 02       		.byte	0x2
 692 00cd E6010000 		.4byte	.LASF18
 693 00d1 03       		.uleb128 0x3
 694 00d2 6A010000 		.4byte	.LASF19
 695 00d6 05       		.byte	0x5
 696 00d7 2C       		.byte	0x2c
 697 00d8 9E000000 		.4byte	0x9e
 698 00dc 03       		.uleb128 0x3
 699 00dd BC000000 		.4byte	.LASF20
 700 00e1 05       		.byte	0x5
 701 00e2 2D       		.byte	0x2d
 702 00e3 9E000000 		.4byte	0x9e
 703 00e7 03       		.uleb128 0x3
 704 00e8 CF010000 		.4byte	.LASF21
 705 00ec 05       		.byte	0x5
 706 00ed 2E       		.byte	0x2e
 707 00ee 9E000000 		.4byte	0x9e
 708 00f2 03       		.uleb128 0x3
 709 00f3 DE010000 		.4byte	.LASF22
 710 00f7 05       		.byte	0x5
 711 00f8 30       		.byte	0x30
 712 00f9 B4000000 		.4byte	0xb4
 713 00fd 03       		.uleb128 0x3
 714 00fe 31010000 		.4byte	.LASF23
 715 0102 05       		.byte	0x5
 716 0103 31       		.byte	0x31
 717 0104 A9000000 		.4byte	0xa9
 718 0108 03       		.uleb128 0x3
 719 0109 7E010000 		.4byte	.LASF24
 720 010d 05       		.byte	0x5
 721 010e 33       		.byte	0x33
 722 010f B4000000 		.4byte	0xb4
 723 0113 03       		.uleb128 0x3
 724 0114 32030000 		.4byte	.LASF25
 725 0118 05       		.byte	0x5
 726 0119 35       		.byte	0x35
 727 011a B4000000 		.4byte	0xb4
ARM GAS  /tmp/ccboN3eA.s 			page 14


 728 011e 03       		.uleb128 0x3
 729 011f 4B020000 		.4byte	.LASF26
 730 0123 06       		.byte	0x6
 731 0124 2A       		.byte	0x2a
 732 0125 29010000 		.4byte	0x129
 733 0129 05       		.uleb128 0x5
 734 012a 4B020000 		.4byte	.LASF26
 735 012e 4C       		.byte	0x4c
 736 012f 07       		.byte	0x7
 737 0130 5E       		.byte	0x5e
 738 0131 26020000 		.4byte	0x226
 739 0135 06       		.uleb128 0x6
 740 0136 3C020000 		.4byte	.LASF27
 741 013a 07       		.byte	0x7
 742 013b 5F       		.byte	0x5f
 743 013c 47020000 		.4byte	0x247
 744 0140 00       		.byte	0
 745 0141 06       		.uleb128 0x6
 746 0142 D7010000 		.4byte	.LASF28
 747 0146 07       		.byte	0x7
 748 0147 61       		.byte	0x61
 749 0148 47020000 		.4byte	0x247
 750 014c 04       		.byte	0x4
 751 014d 06       		.uleb128 0x6
 752 014e 71000000 		.4byte	.LASF29
 753 0152 07       		.byte	0x7
 754 0153 63       		.byte	0x63
 755 0154 F2000000 		.4byte	0xf2
 756 0158 08       		.byte	0x8
 757 0159 06       		.uleb128 0x6
 758 015a A0030000 		.4byte	.LASF30
 759 015e 07       		.byte	0x7
 760 015f 64       		.byte	0x64
 761 0160 0C030000 		.4byte	0x30c
 762 0164 0C       		.byte	0xc
 763 0165 06       		.uleb128 0x6
 764 0166 C5000000 		.4byte	.LASF31
 765 016a 07       		.byte	0x7
 766 016b 66       		.byte	0x66
 767 016c 47020000 		.4byte	0x247
 768 0170 10       		.byte	0x10
 769 0171 06       		.uleb128 0x6
 770 0172 A4010000 		.4byte	.LASF32
 771 0176 07       		.byte	0x7
 772 0177 67       		.byte	0x67
 773 0178 47020000 		.4byte	0x247
 774 017c 14       		.byte	0x14
 775 017d 06       		.uleb128 0x6
 776 017e 86030000 		.4byte	.LASF33
 777 0182 07       		.byte	0x7
 778 0183 6E       		.byte	0x6e
 779 0184 77040000 		.4byte	0x477
 780 0188 18       		.byte	0x18
 781 0189 06       		.uleb128 0x6
 782 018a E7000000 		.4byte	.LASF34
 783 018e 07       		.byte	0x7
 784 018f 74       		.byte	0x74
ARM GAS  /tmp/ccboN3eA.s 			page 15


 785 0190 89040000 		.4byte	0x489
 786 0194 1C       		.byte	0x1c
 787 0195 06       		.uleb128 0x6
 788 0196 21020000 		.4byte	.LASF35
 789 019a 07       		.byte	0x7
 790 019b 79       		.byte	0x79
 791 019c DC000000 		.4byte	0xdc
 792 01a0 20       		.byte	0x20
 793 01a1 06       		.uleb128 0x6
 794 01a2 43020000 		.4byte	.LASF36
 795 01a6 07       		.byte	0x7
 796 01a7 7D       		.byte	0x7d
 797 01a8 D1000000 		.4byte	0xd1
 798 01ac 21       		.byte	0x21
 799 01ad 06       		.uleb128 0x6
 800 01ae 6A030000 		.4byte	.LASF37
 801 01b2 07       		.byte	0x7
 802 01b3 82       		.byte	0x82
 803 01b4 E7000000 		.4byte	0xe7
 804 01b8 22       		.byte	0x22
 805 01b9 06       		.uleb128 0x6
 806 01ba 51030000 		.4byte	.LASF38
 807 01be 07       		.byte	0x7
 808 01bf 8F       		.byte	0x8f
 809 01c0 34030000 		.4byte	0x334
 810 01c4 24       		.byte	0x24
 811 01c5 07       		.uleb128 0x7
 812 01c6 705F7500 		.ascii	"p_u\000"
 813 01ca 07       		.byte	0x7
 814 01cb B4       		.byte	0xb4
 815 01cc 42040000 		.4byte	0x442
 816 01d0 28       		.byte	0x28
 817 01d1 06       		.uleb128 0x6
 818 01d2 A6030000 		.4byte	.LASF39
 819 01d6 07       		.byte	0x7
 820 01d7 B9       		.byte	0xb9
 821 01d8 6D020000 		.4byte	0x26d
 822 01dc 2C       		.byte	0x2c
 823 01dd 06       		.uleb128 0x6
 824 01de 5F030000 		.4byte	.LASF40
 825 01e2 07       		.byte	0x7
 826 01e3 BF       		.byte	0xbf
 827 01e4 4D020000 		.4byte	0x24d
 828 01e8 30       		.byte	0x30
 829 01e9 06       		.uleb128 0x6
 830 01ea 00000000 		.4byte	.LASF41
 831 01ee 07       		.byte	0x7
 832 01ef C3       		.byte	0xc3
 833 01f0 FD000000 		.4byte	0xfd
 834 01f4 38       		.byte	0x38
 835 01f5 06       		.uleb128 0x6
 836 01f6 5E020000 		.4byte	.LASF42
 837 01fa 07       		.byte	0x7
 838 01fb C9       		.byte	0xc9
 839 01fc 08010000 		.4byte	0x108
 840 0200 3C       		.byte	0x3c
 841 0201 06       		.uleb128 0x6
ARM GAS  /tmp/ccboN3eA.s 			page 16


 842 0202 0D020000 		.4byte	.LASF43
 843 0206 07       		.byte	0x7
 844 0207 D0       		.byte	0xd0
 845 0208 8F040000 		.4byte	0x48f
 846 020c 40       		.byte	0x40
 847 020d 06       		.uleb128 0x6
 848 020e 3C030000 		.4byte	.LASF44
 849 0212 07       		.byte	0x7
 850 0213 D4       		.byte	0xd4
 851 0214 F2000000 		.4byte	0xf2
 852 0218 44       		.byte	0x44
 853 0219 06       		.uleb128 0x6
 854 021a 98000000 		.4byte	.LASF45
 855 021e 07       		.byte	0x7
 856 021f DA       		.byte	0xda
 857 0220 83020000 		.4byte	0x283
 858 0224 48       		.byte	0x48
 859 0225 00       		.byte	0
 860 0226 08       		.uleb128 0x8
 861 0227 08       		.byte	0x8
 862 0228 06       		.byte	0x6
 863 0229 61       		.byte	0x61
 864 022a 47020000 		.4byte	0x247
 865 022e 06       		.uleb128 0x6
 866 022f 3C020000 		.4byte	.LASF27
 867 0233 06       		.byte	0x6
 868 0234 62       		.byte	0x62
 869 0235 47020000 		.4byte	0x247
 870 0239 00       		.byte	0
 871 023a 06       		.uleb128 0x6
 872 023b D7010000 		.4byte	.LASF28
 873 023f 06       		.byte	0x6
 874 0240 64       		.byte	0x64
 875 0241 47020000 		.4byte	0x247
 876 0245 04       		.byte	0x4
 877 0246 00       		.byte	0
 878 0247 09       		.uleb128 0x9
 879 0248 04       		.byte	0x4
 880 0249 1E010000 		.4byte	0x11e
 881 024d 03       		.uleb128 0x3
 882 024e AC010000 		.4byte	.LASF46
 883 0252 06       		.byte	0x6
 884 0253 66       		.byte	0x66
 885 0254 26020000 		.4byte	0x226
 886 0258 08       		.uleb128 0x8
 887 0259 04       		.byte	0x4
 888 025a 06       		.byte	0x6
 889 025b 6B       		.byte	0x6b
 890 025c 6D020000 		.4byte	0x26d
 891 0260 06       		.uleb128 0x6
 892 0261 3C020000 		.4byte	.LASF27
 893 0265 06       		.byte	0x6
 894 0266 6D       		.byte	0x6d
 895 0267 47020000 		.4byte	0x247
 896 026b 00       		.byte	0
 897 026c 00       		.byte	0
 898 026d 03       		.uleb128 0x3
ARM GAS  /tmp/ccboN3eA.s 			page 17


 899 026e 72010000 		.4byte	.LASF47
 900 0272 06       		.byte	0x6
 901 0273 70       		.byte	0x70
 902 0274 58020000 		.4byte	0x258
 903 0278 03       		.uleb128 0x3
 904 0279 D8000000 		.4byte	.LASF48
 905 027d 08       		.byte	0x8
 906 027e E5       		.byte	0xe5
 907 027f 83020000 		.4byte	0x283
 908 0283 0A       		.uleb128 0xa
 909 0284 04       		.byte	0x4
 910 0285 03       		.uleb128 0x3
 911 0286 90010000 		.4byte	.LASF49
 912 028a 08       		.byte	0x8
 913 028b EB       		.byte	0xeb
 914 028c BF000000 		.4byte	0xbf
 915 0290 0B       		.uleb128 0xb
 916 0291 58030000 		.4byte	.LASF50
 917 0295 24       		.byte	0x24
 918 0296 08       		.byte	0x8
 919 0297 0C01     		.2byte	0x10c
 920 0299 0C030000 		.4byte	0x30c
 921 029d 0C       		.uleb128 0xc
 922 029e 723400   		.ascii	"r4\000"
 923 02a1 08       		.byte	0x8
 924 02a2 1F01     		.2byte	0x11f
 925 02a4 78020000 		.4byte	0x278
 926 02a8 00       		.byte	0
 927 02a9 0C       		.uleb128 0xc
 928 02aa 723500   		.ascii	"r5\000"
 929 02ad 08       		.byte	0x8
 930 02ae 2001     		.2byte	0x120
 931 02b0 78020000 		.4byte	0x278
 932 02b4 04       		.byte	0x4
 933 02b5 0C       		.uleb128 0xc
 934 02b6 723600   		.ascii	"r6\000"
 935 02b9 08       		.byte	0x8
 936 02ba 2101     		.2byte	0x121
 937 02bc 78020000 		.4byte	0x278
 938 02c0 08       		.byte	0x8
 939 02c1 0C       		.uleb128 0xc
 940 02c2 723700   		.ascii	"r7\000"
 941 02c5 08       		.byte	0x8
 942 02c6 2201     		.2byte	0x122
 943 02c8 78020000 		.4byte	0x278
 944 02cc 0C       		.byte	0xc
 945 02cd 0C       		.uleb128 0xc
 946 02ce 723800   		.ascii	"r8\000"
 947 02d1 08       		.byte	0x8
 948 02d2 2301     		.2byte	0x123
 949 02d4 78020000 		.4byte	0x278
 950 02d8 10       		.byte	0x10
 951 02d9 0C       		.uleb128 0xc
 952 02da 723900   		.ascii	"r9\000"
 953 02dd 08       		.byte	0x8
 954 02de 2401     		.2byte	0x124
 955 02e0 78020000 		.4byte	0x278
ARM GAS  /tmp/ccboN3eA.s 			page 18


 956 02e4 14       		.byte	0x14
 957 02e5 0C       		.uleb128 0xc
 958 02e6 72313000 		.ascii	"r10\000"
 959 02ea 08       		.byte	0x8
 960 02eb 2501     		.2byte	0x125
 961 02ed 78020000 		.4byte	0x278
 962 02f1 18       		.byte	0x18
 963 02f2 0C       		.uleb128 0xc
 964 02f3 72313100 		.ascii	"r11\000"
 965 02f7 08       		.byte	0x8
 966 02f8 2601     		.2byte	0x126
 967 02fa 78020000 		.4byte	0x278
 968 02fe 1C       		.byte	0x1c
 969 02ff 0C       		.uleb128 0xc
 970 0300 6C7200   		.ascii	"lr\000"
 971 0303 08       		.byte	0x8
 972 0304 2701     		.2byte	0x127
 973 0306 78020000 		.4byte	0x278
 974 030a 20       		.byte	0x20
 975 030b 00       		.byte	0
 976 030c 0B       		.uleb128 0xb
 977 030d 11010000 		.4byte	.LASF51
 978 0311 04       		.byte	0x4
 979 0312 08       		.byte	0x8
 980 0313 3101     		.2byte	0x131
 981 0315 27030000 		.4byte	0x327
 982 0319 0C       		.uleb128 0xc
 983 031a 72313300 		.ascii	"r13\000"
 984 031e 08       		.byte	0x8
 985 031f 3201     		.2byte	0x132
 986 0321 27030000 		.4byte	0x327
 987 0325 00       		.byte	0
 988 0326 00       		.byte	0
 989 0327 09       		.uleb128 0x9
 990 0328 04       		.byte	0x4
 991 0329 90020000 		.4byte	0x290
 992 032d 04       		.uleb128 0x4
 993 032e 04       		.byte	0x4
 994 032f 07       		.byte	0x7
 995 0330 9B010000 		.4byte	.LASF52
 996 0334 0D       		.uleb128 0xd
 997 0335 13010000 		.4byte	0x113
 998 0339 05       		.uleb128 0x5
 999 033a 8A010000 		.4byte	.LASF53
 1000 033e 10       		.byte	0x10
 1001 033f 09       		.byte	0x9
 1002 0340 2C       		.byte	0x2c
 1003 0341 6A030000 		.4byte	0x36a
 1004 0345 06       		.uleb128 0x6
 1005 0346 A0000000 		.4byte	.LASF54
 1006 034a 09       		.byte	0x9
 1007 034b 2D       		.byte	0x2d
 1008 034c 4D020000 		.4byte	0x24d
 1009 0350 00       		.byte	0
 1010 0351 06       		.uleb128 0x6
 1011 0352 98030000 		.4byte	.LASF55
 1012 0356 09       		.byte	0x9
ARM GAS  /tmp/ccboN3eA.s 			page 19


 1013 0357 2F       		.byte	0x2f
 1014 0358 47020000 		.4byte	0x247
 1015 035c 08       		.byte	0x8
 1016 035d 06       		.uleb128 0x6
 1017 035e 2B030000 		.4byte	.LASF56
 1018 0362 09       		.byte	0x9
 1019 0363 31       		.byte	0x31
 1020 0364 6A030000 		.4byte	0x36a
 1021 0368 0C       		.byte	0xc
 1022 0369 00       		.byte	0
 1023 036a 09       		.uleb128 0x9
 1024 036b 04       		.byte	0x4
 1025 036c 39030000 		.4byte	0x339
 1026 0370 03       		.uleb128 0x3
 1027 0371 8A010000 		.4byte	.LASF53
 1028 0375 09       		.byte	0x9
 1029 0376 33       		.byte	0x33
 1030 0377 39030000 		.4byte	0x339
 1031 037b 03       		.uleb128 0x3
 1032 037c 27000000 		.4byte	.LASF57
 1033 0380 0A       		.byte	0xa
 1034 0381 2C       		.byte	0x2c
 1035 0382 86030000 		.4byte	0x386
 1036 0386 09       		.uleb128 0x9
 1037 0387 04       		.byte	0x4
 1038 0388 8C030000 		.4byte	0x38c
 1039 038c 0E       		.uleb128 0xe
 1040 038d 83020000 		.4byte	0x283
 1041 0391 9B030000 		.4byte	0x39b
 1042 0395 0F       		.uleb128 0xf
 1043 0396 28000000 		.4byte	0x28
 1044 039a 00       		.byte	0
 1045 039b 03       		.uleb128 0x3
 1046 039c B9010000 		.4byte	.LASF58
 1047 03a0 0B       		.byte	0xb
 1048 03a1 34       		.byte	0x34
 1049 03a2 A6030000 		.4byte	0x3a6
 1050 03a6 05       		.uleb128 0x5
 1051 03a7 B0030000 		.4byte	.LASF59
 1052 03ab 20       		.byte	0x20
 1053 03ac 0B       		.byte	0xb
 1054 03ad 47       		.byte	0x47
 1055 03ae D7030000 		.4byte	0x3d7
 1056 03b2 06       		.uleb128 0x6
 1057 03b3 02020000 		.4byte	.LASF60
 1058 03b7 0B       		.byte	0xb
 1059 03b8 48       		.byte	0x48
 1060 03b9 7B030000 		.4byte	0x37b
 1061 03bd 00       		.byte	0
 1062 03be 06       		.uleb128 0x6
 1063 03bf 54000000 		.4byte	.LASF61
 1064 03c3 0B       		.byte	0xb
 1065 03c4 4A       		.byte	0x4a
 1066 03c5 F6030000 		.4byte	0x3f6
 1067 03c9 08       		.byte	0x8
 1068 03ca 06       		.uleb128 0x6
 1069 03cb 92000000 		.4byte	.LASF62
ARM GAS  /tmp/ccboN3eA.s 			page 20


 1070 03cf 0B       		.byte	0xb
 1071 03d0 4C       		.byte	0x4c
 1072 03d1 70030000 		.4byte	0x370
 1073 03d5 10       		.byte	0x10
 1074 03d6 00       		.byte	0
 1075 03d7 10       		.uleb128 0x10
 1076 03d8 04       		.byte	0x4
 1077 03d9 0B       		.byte	0xb
 1078 03da 3C       		.byte	0x3c
 1079 03db F6030000 		.4byte	0x3f6
 1080 03df 11       		.uleb128 0x11
 1081 03e0 6C000000 		.4byte	.LASF63
 1082 03e4 0B       		.byte	0xb
 1083 03e5 3D       		.byte	0x3d
 1084 03e6 17040000 		.4byte	0x417
 1085 03ea 11       		.uleb128 0x11
 1086 03eb 72020000 		.4byte	.LASF64
 1087 03ef 0B       		.byte	0xb
 1088 03f0 3E       		.byte	0x3e
 1089 03f1 1D040000 		.4byte	0x41d
 1090 03f5 00       		.byte	0
 1091 03f6 12       		.uleb128 0x12
 1092 03f7 29020000 		.4byte	.LASF81
 1093 03fb 08       		.byte	0x8
 1094 03fc 0B       		.byte	0xb
 1095 03fd 39       		.byte	0x39
 1096 03fe 17040000 		.4byte	0x417
 1097 0402 11       		.uleb128 0x11
 1098 0403 E1000000 		.4byte	.LASF65
 1099 0407 0B       		.byte	0xb
 1100 0408 3A       		.byte	0x3a
 1101 0409 85020000 		.4byte	0x285
 1102 040d 13       		.uleb128 0x13
 1103 040e 6800     		.ascii	"h\000"
 1104 0410 0B       		.byte	0xb
 1105 0411 41       		.byte	0x41
 1106 0412 23040000 		.4byte	0x423
 1107 0416 00       		.byte	0
 1108 0417 09       		.uleb128 0x9
 1109 0418 04       		.byte	0x4
 1110 0419 F6030000 		.4byte	0x3f6
 1111 041d 09       		.uleb128 0x9
 1112 041e 04       		.byte	0x4
 1113 041f 9B030000 		.4byte	0x39b
 1114 0423 08       		.uleb128 0x8
 1115 0424 08       		.byte	0x8
 1116 0425 0B       		.byte	0xb
 1117 0426 3B       		.byte	0x3b
 1118 0427 42040000 		.4byte	0x442
 1119 042b 07       		.uleb128 0x7
 1120 042c 7500     		.ascii	"u\000"
 1121 042e 0B       		.byte	0xb
 1122 042f 3F       		.byte	0x3f
 1123 0430 D7030000 		.4byte	0x3d7
 1124 0434 00       		.byte	0
 1125 0435 06       		.uleb128 0x6
 1126 0436 19010000 		.4byte	.LASF66
ARM GAS  /tmp/ccboN3eA.s 			page 21


 1127 043a 0B       		.byte	0xb
 1128 043b 40       		.byte	0x40
 1129 043c 28000000 		.4byte	0x28
 1130 0440 04       		.byte	0x4
 1131 0441 00       		.byte	0
 1132 0442 10       		.uleb128 0x10
 1133 0443 04       		.byte	0x4
 1134 0444 07       		.byte	0x7
 1135 0445 96       		.byte	0x96
 1136 0446 77040000 		.4byte	0x477
 1137 044a 11       		.uleb128 0x11
 1138 044b 0D000000 		.4byte	.LASF67
 1139 044f 07       		.byte	0x7
 1140 0450 9D       		.byte	0x9d
 1141 0451 FD000000 		.4byte	0xfd
 1142 0455 11       		.uleb128 0x11
 1143 0456 4B000000 		.4byte	.LASF68
 1144 045a 07       		.byte	0x7
 1145 045b A4       		.byte	0xa4
 1146 045c FD000000 		.4byte	0xfd
 1147 0460 11       		.uleb128 0x11
 1148 0461 79030000 		.4byte	.LASF69
 1149 0465 07       		.byte	0x7
 1150 0466 AB       		.byte	0xab
 1151 0467 83020000 		.4byte	0x283
 1152 046b 11       		.uleb128 0x11
 1153 046c 35020000 		.4byte	.LASF70
 1154 0470 07       		.byte	0x7
 1155 0471 B2       		.byte	0xb2
 1156 0472 08010000 		.4byte	0x108
 1157 0476 00       		.byte	0
 1158 0477 09       		.uleb128 0x9
 1159 0478 04       		.byte	0x4
 1160 0479 7D040000 		.4byte	0x47d
 1161 047d 14       		.uleb128 0x14
 1162 047e 82040000 		.4byte	0x482
 1163 0482 04       		.uleb128 0x4
 1164 0483 01       		.byte	0x1
 1165 0484 08       		.byte	0x8
 1166 0485 19030000 		.4byte	.LASF71
 1167 0489 09       		.uleb128 0x9
 1168 048a 04       		.byte	0x4
 1169 048b 85020000 		.4byte	0x285
 1170 048f 09       		.uleb128 0x9
 1171 0490 04       		.byte	0x4
 1172 0491 70030000 		.4byte	0x370
 1173 0495 15       		.uleb128 0x15
 1174 0496 8D030000 		.4byte	.LASF82
 1175 049a 01       		.byte	0x1
 1176 049b 4B       		.byte	0x4b
 1177 049c 00000000 		.4byte	.LFB7
 1178 04a0 28000000 		.4byte	.LFE7-.LFB7
 1179 04a4 01       		.uleb128 0x1
 1180 04a5 9C       		.byte	0x9c
 1181 04a6 16       		.uleb128 0x16
 1182 04a7 61000000 		.4byte	.LASF73
 1183 04ab 01       		.byte	0x1
ARM GAS  /tmp/ccboN3eA.s 			page 22


 1184 04ac 63       		.byte	0x63
 1185 04ad 28000000 		.4byte	.LFB8
 1186 04b1 60000000 		.4byte	.LFE8-.LFB8
 1187 04b5 01       		.uleb128 0x1
 1188 04b6 9C       		.byte	0x9c
 1189 04b7 F3040000 		.4byte	0x4f3
 1190 04bb 17       		.uleb128 0x17
 1191 04bc 5B000000 		.4byte	.LASF72
 1192 04c0 01       		.byte	0x1
 1193 04c1 63       		.byte	0x63
 1194 04c2 1D040000 		.4byte	0x41d
 1195 04c6 02       		.uleb128 0x2
 1196 04c7 91       		.byte	0x91
 1197 04c8 6C       		.sleb128 -20
 1198 04c9 18       		.uleb128 0x18
 1199 04ca 62756600 		.ascii	"buf\000"
 1200 04ce 01       		.byte	0x1
 1201 04cf 63       		.byte	0x63
 1202 04d0 83020000 		.4byte	0x283
 1203 04d4 02       		.uleb128 0x2
 1204 04d5 91       		.byte	0x91
 1205 04d6 68       		.sleb128 -24
 1206 04d7 17       		.uleb128 0x17
 1207 04d8 19010000 		.4byte	.LASF66
 1208 04dc 01       		.byte	0x1
 1209 04dd 63       		.byte	0x63
 1210 04de 28000000 		.4byte	0x28
 1211 04e2 02       		.uleb128 0x2
 1212 04e3 91       		.byte	0x91
 1213 04e4 64       		.sleb128 -28
 1214 04e5 19       		.uleb128 0x19
 1215 04e6 687000   		.ascii	"hp\000"
 1216 04e9 01       		.byte	0x1
 1217 04ea 64       		.byte	0x64
 1218 04eb 17040000 		.4byte	0x417
 1219 04ef 02       		.uleb128 0x2
 1220 04f0 91       		.byte	0x91
 1221 04f1 74       		.sleb128 -12
 1222 04f2 00       		.byte	0
 1223 04f3 1A       		.uleb128 0x1a
 1224 04f4 52020000 		.4byte	.LASF75
 1225 04f8 01       		.byte	0x1
 1226 04f9 84       		.byte	0x84
 1227 04fa 83020000 		.4byte	0x283
 1228 04fe 88000000 		.4byte	.LFB9
 1229 0502 E4000000 		.4byte	.LFE9-.LFB9
 1230 0506 01       		.uleb128 0x1
 1231 0507 9C       		.byte	0x9c
 1232 0508 50050000 		.4byte	0x550
 1233 050c 17       		.uleb128 0x17
 1234 050d 5B000000 		.4byte	.LASF72
 1235 0511 01       		.byte	0x1
 1236 0512 84       		.byte	0x84
 1237 0513 1D040000 		.4byte	0x41d
 1238 0517 02       		.uleb128 0x2
 1239 0518 91       		.byte	0x91
 1240 0519 64       		.sleb128 -28
ARM GAS  /tmp/ccboN3eA.s 			page 23


 1241 051a 17       		.uleb128 0x17
 1242 051b 19010000 		.4byte	.LASF66
 1243 051f 01       		.byte	0x1
 1244 0520 84       		.byte	0x84
 1245 0521 28000000 		.4byte	0x28
 1246 0525 02       		.uleb128 0x2
 1247 0526 91       		.byte	0x91
 1248 0527 60       		.sleb128 -32
 1249 0528 19       		.uleb128 0x19
 1250 0529 717000   		.ascii	"qp\000"
 1251 052c 01       		.byte	0x1
 1252 052d 85       		.byte	0x85
 1253 052e 17040000 		.4byte	0x417
 1254 0532 02       		.uleb128 0x2
 1255 0533 91       		.byte	0x91
 1256 0534 74       		.sleb128 -12
 1257 0535 19       		.uleb128 0x19
 1258 0536 687000   		.ascii	"hp\000"
 1259 0539 01       		.byte	0x1
 1260 053a 85       		.byte	0x85
 1261 053b 17040000 		.4byte	0x417
 1262 053f 02       		.uleb128 0x2
 1263 0540 91       		.byte	0x91
 1264 0541 70       		.sleb128 -16
 1265 0542 19       		.uleb128 0x19
 1266 0543 667000   		.ascii	"fp\000"
 1267 0546 01       		.byte	0x1
 1268 0547 85       		.byte	0x85
 1269 0548 17040000 		.4byte	0x417
 1270 054c 02       		.uleb128 0x2
 1271 054d 91       		.byte	0x91
 1272 054e 6C       		.sleb128 -20
 1273 054f 00       		.byte	0
 1274 0550 16       		.uleb128 0x16
 1275 0551 A8000000 		.4byte	.LASF74
 1276 0555 01       		.byte	0x1
 1277 0556 C2       		.byte	0xc2
 1278 0557 6C010000 		.4byte	.LFB10
 1279 055b FC000000 		.4byte	.LFE10-.LFB10
 1280 055f 01       		.uleb128 0x1
 1281 0560 9C       		.byte	0x9c
 1282 0561 9A050000 		.4byte	0x59a
 1283 0565 18       		.uleb128 0x18
 1284 0566 7000     		.ascii	"p\000"
 1285 0568 01       		.byte	0x1
 1286 0569 C2       		.byte	0xc2
 1287 056a 83020000 		.4byte	0x283
 1288 056e 02       		.uleb128 0x2
 1289 056f 91       		.byte	0x91
 1290 0570 64       		.sleb128 -28
 1291 0571 19       		.uleb128 0x19
 1292 0572 717000   		.ascii	"qp\000"
 1293 0575 01       		.byte	0x1
 1294 0576 C3       		.byte	0xc3
 1295 0577 17040000 		.4byte	0x417
 1296 057b 02       		.uleb128 0x2
 1297 057c 91       		.byte	0x91
ARM GAS  /tmp/ccboN3eA.s 			page 24


 1298 057d 74       		.sleb128 -12
 1299 057e 19       		.uleb128 0x19
 1300 057f 687000   		.ascii	"hp\000"
 1301 0582 01       		.byte	0x1
 1302 0583 C3       		.byte	0xc3
 1303 0584 17040000 		.4byte	0x417
 1304 0588 02       		.uleb128 0x2
 1305 0589 91       		.byte	0x91
 1306 058a 70       		.sleb128 -16
 1307 058b 1B       		.uleb128 0x1b
 1308 058c 5B000000 		.4byte	.LASF72
 1309 0590 01       		.byte	0x1
 1310 0591 C4       		.byte	0xc4
 1311 0592 1D040000 		.4byte	0x41d
 1312 0596 02       		.uleb128 0x2
 1313 0597 91       		.byte	0x91
 1314 0598 6C       		.sleb128 -20
 1315 0599 00       		.byte	0
 1316 059a 1A       		.uleb128 0x1a
 1317 059b 1E030000 		.4byte	.LASF76
 1318 059f 01       		.byte	0x1
 1319 05a0 FA       		.byte	0xfa
 1320 05a1 28000000 		.4byte	0x28
 1321 05a5 68020000 		.4byte	.LFB11
 1322 05a9 6C000000 		.4byte	.LFE11-.LFB11
 1323 05ad 01       		.uleb128 0x1
 1324 05ae 9C       		.byte	0x9c
 1325 05af F6050000 		.4byte	0x5f6
 1326 05b3 17       		.uleb128 0x17
 1327 05b4 5B000000 		.4byte	.LASF72
 1328 05b8 01       		.byte	0x1
 1329 05b9 FA       		.byte	0xfa
 1330 05ba 1D040000 		.4byte	0x41d
 1331 05be 02       		.uleb128 0x2
 1332 05bf 91       		.byte	0x91
 1333 05c0 64       		.sleb128 -28
 1334 05c1 17       		.uleb128 0x17
 1335 05c2 80030000 		.4byte	.LASF77
 1336 05c6 01       		.byte	0x1
 1337 05c7 FA       		.byte	0xfa
 1338 05c8 F6050000 		.4byte	0x5f6
 1339 05cc 02       		.uleb128 0x2
 1340 05cd 91       		.byte	0x91
 1341 05ce 60       		.sleb128 -32
 1342 05cf 19       		.uleb128 0x19
 1343 05d0 717000   		.ascii	"qp\000"
 1344 05d3 01       		.byte	0x1
 1345 05d4 FB       		.byte	0xfb
 1346 05d5 17040000 		.4byte	0x417
 1347 05d9 02       		.uleb128 0x2
 1348 05da 91       		.byte	0x91
 1349 05db 74       		.sleb128 -12
 1350 05dc 19       		.uleb128 0x19
 1351 05dd 6E00     		.ascii	"n\000"
 1352 05df 01       		.byte	0x1
 1353 05e0 FC       		.byte	0xfc
 1354 05e1 28000000 		.4byte	0x28
ARM GAS  /tmp/ccboN3eA.s 			page 25


 1355 05e5 02       		.uleb128 0x2
 1356 05e6 91       		.byte	0x91
 1357 05e7 70       		.sleb128 -16
 1358 05e8 19       		.uleb128 0x19
 1359 05e9 737A00   		.ascii	"sz\000"
 1360 05ec 01       		.byte	0x1
 1361 05ed FC       		.byte	0xfc
 1362 05ee 28000000 		.4byte	0x28
 1363 05f2 02       		.uleb128 0x2
 1364 05f3 91       		.byte	0x91
 1365 05f4 6C       		.sleb128 -20
 1366 05f5 00       		.byte	0
 1367 05f6 09       		.uleb128 0x9
 1368 05f7 04       		.byte	0x4
 1369 05f8 28000000 		.4byte	0x28
 1370 05fc 1B       		.uleb128 0x1b
 1371 05fd 0C030000 		.4byte	.LASF78
 1372 0601 01       		.byte	0x1
 1373 0602 44       		.byte	0x44
 1374 0603 9B030000 		.4byte	0x39b
 1375 0607 05       		.uleb128 0x5
 1376 0608 03       		.byte	0x3
 1377 0609 00000000 		.4byte	default_heap
 1378 060d 00       		.byte	0
 1379              		.section	.debug_abbrev,"",%progbits
 1380              	.Ldebug_abbrev0:
 1381 0000 01       		.uleb128 0x1
 1382 0001 11       		.uleb128 0x11
 1383 0002 01       		.byte	0x1
 1384 0003 25       		.uleb128 0x25
 1385 0004 0E       		.uleb128 0xe
 1386 0005 13       		.uleb128 0x13
 1387 0006 0B       		.uleb128 0xb
 1388 0007 03       		.uleb128 0x3
 1389 0008 0E       		.uleb128 0xe
 1390 0009 11       		.uleb128 0x11
 1391 000a 01       		.uleb128 0x1
 1392 000b 12       		.uleb128 0x12
 1393 000c 06       		.uleb128 0x6
 1394 000d 10       		.uleb128 0x10
 1395 000e 17       		.uleb128 0x17
 1396 000f 00       		.byte	0
 1397 0010 00       		.byte	0
 1398 0011 02       		.uleb128 0x2
 1399 0012 24       		.uleb128 0x24
 1400 0013 00       		.byte	0
 1401 0014 0B       		.uleb128 0xb
 1402 0015 0B       		.uleb128 0xb
 1403 0016 3E       		.uleb128 0x3e
 1404 0017 0B       		.uleb128 0xb
 1405 0018 03       		.uleb128 0x3
 1406 0019 08       		.uleb128 0x8
 1407 001a 00       		.byte	0
 1408 001b 00       		.byte	0
 1409 001c 03       		.uleb128 0x3
 1410 001d 16       		.uleb128 0x16
 1411 001e 00       		.byte	0
ARM GAS  /tmp/ccboN3eA.s 			page 26


 1412 001f 03       		.uleb128 0x3
 1413 0020 0E       		.uleb128 0xe
 1414 0021 3A       		.uleb128 0x3a
 1415 0022 0B       		.uleb128 0xb
 1416 0023 3B       		.uleb128 0x3b
 1417 0024 0B       		.uleb128 0xb
 1418 0025 49       		.uleb128 0x49
 1419 0026 13       		.uleb128 0x13
 1420 0027 00       		.byte	0
 1421 0028 00       		.byte	0
 1422 0029 04       		.uleb128 0x4
 1423 002a 24       		.uleb128 0x24
 1424 002b 00       		.byte	0
 1425 002c 0B       		.uleb128 0xb
 1426 002d 0B       		.uleb128 0xb
 1427 002e 3E       		.uleb128 0x3e
 1428 002f 0B       		.uleb128 0xb
 1429 0030 03       		.uleb128 0x3
 1430 0031 0E       		.uleb128 0xe
 1431 0032 00       		.byte	0
 1432 0033 00       		.byte	0
 1433 0034 05       		.uleb128 0x5
 1434 0035 13       		.uleb128 0x13
 1435 0036 01       		.byte	0x1
 1436 0037 03       		.uleb128 0x3
 1437 0038 0E       		.uleb128 0xe
 1438 0039 0B       		.uleb128 0xb
 1439 003a 0B       		.uleb128 0xb
 1440 003b 3A       		.uleb128 0x3a
 1441 003c 0B       		.uleb128 0xb
 1442 003d 3B       		.uleb128 0x3b
 1443 003e 0B       		.uleb128 0xb
 1444 003f 01       		.uleb128 0x1
 1445 0040 13       		.uleb128 0x13
 1446 0041 00       		.byte	0
 1447 0042 00       		.byte	0
 1448 0043 06       		.uleb128 0x6
 1449 0044 0D       		.uleb128 0xd
 1450 0045 00       		.byte	0
 1451 0046 03       		.uleb128 0x3
 1452 0047 0E       		.uleb128 0xe
 1453 0048 3A       		.uleb128 0x3a
 1454 0049 0B       		.uleb128 0xb
 1455 004a 3B       		.uleb128 0x3b
 1456 004b 0B       		.uleb128 0xb
 1457 004c 49       		.uleb128 0x49
 1458 004d 13       		.uleb128 0x13
 1459 004e 38       		.uleb128 0x38
 1460 004f 0B       		.uleb128 0xb
 1461 0050 00       		.byte	0
 1462 0051 00       		.byte	0
 1463 0052 07       		.uleb128 0x7
 1464 0053 0D       		.uleb128 0xd
 1465 0054 00       		.byte	0
 1466 0055 03       		.uleb128 0x3
 1467 0056 08       		.uleb128 0x8
 1468 0057 3A       		.uleb128 0x3a
ARM GAS  /tmp/ccboN3eA.s 			page 27


 1469 0058 0B       		.uleb128 0xb
 1470 0059 3B       		.uleb128 0x3b
 1471 005a 0B       		.uleb128 0xb
 1472 005b 49       		.uleb128 0x49
 1473 005c 13       		.uleb128 0x13
 1474 005d 38       		.uleb128 0x38
 1475 005e 0B       		.uleb128 0xb
 1476 005f 00       		.byte	0
 1477 0060 00       		.byte	0
 1478 0061 08       		.uleb128 0x8
 1479 0062 13       		.uleb128 0x13
 1480 0063 01       		.byte	0x1
 1481 0064 0B       		.uleb128 0xb
 1482 0065 0B       		.uleb128 0xb
 1483 0066 3A       		.uleb128 0x3a
 1484 0067 0B       		.uleb128 0xb
 1485 0068 3B       		.uleb128 0x3b
 1486 0069 0B       		.uleb128 0xb
 1487 006a 01       		.uleb128 0x1
 1488 006b 13       		.uleb128 0x13
 1489 006c 00       		.byte	0
 1490 006d 00       		.byte	0
 1491 006e 09       		.uleb128 0x9
 1492 006f 0F       		.uleb128 0xf
 1493 0070 00       		.byte	0
 1494 0071 0B       		.uleb128 0xb
 1495 0072 0B       		.uleb128 0xb
 1496 0073 49       		.uleb128 0x49
 1497 0074 13       		.uleb128 0x13
 1498 0075 00       		.byte	0
 1499 0076 00       		.byte	0
 1500 0077 0A       		.uleb128 0xa
 1501 0078 0F       		.uleb128 0xf
 1502 0079 00       		.byte	0
 1503 007a 0B       		.uleb128 0xb
 1504 007b 0B       		.uleb128 0xb
 1505 007c 00       		.byte	0
 1506 007d 00       		.byte	0
 1507 007e 0B       		.uleb128 0xb
 1508 007f 13       		.uleb128 0x13
 1509 0080 01       		.byte	0x1
 1510 0081 03       		.uleb128 0x3
 1511 0082 0E       		.uleb128 0xe
 1512 0083 0B       		.uleb128 0xb
 1513 0084 0B       		.uleb128 0xb
 1514 0085 3A       		.uleb128 0x3a
 1515 0086 0B       		.uleb128 0xb
 1516 0087 3B       		.uleb128 0x3b
 1517 0088 05       		.uleb128 0x5
 1518 0089 01       		.uleb128 0x1
 1519 008a 13       		.uleb128 0x13
 1520 008b 00       		.byte	0
 1521 008c 00       		.byte	0
 1522 008d 0C       		.uleb128 0xc
 1523 008e 0D       		.uleb128 0xd
 1524 008f 00       		.byte	0
 1525 0090 03       		.uleb128 0x3
ARM GAS  /tmp/ccboN3eA.s 			page 28


 1526 0091 08       		.uleb128 0x8
 1527 0092 3A       		.uleb128 0x3a
 1528 0093 0B       		.uleb128 0xb
 1529 0094 3B       		.uleb128 0x3b
 1530 0095 05       		.uleb128 0x5
 1531 0096 49       		.uleb128 0x49
 1532 0097 13       		.uleb128 0x13
 1533 0098 38       		.uleb128 0x38
 1534 0099 0B       		.uleb128 0xb
 1535 009a 00       		.byte	0
 1536 009b 00       		.byte	0
 1537 009c 0D       		.uleb128 0xd
 1538 009d 35       		.uleb128 0x35
 1539 009e 00       		.byte	0
 1540 009f 49       		.uleb128 0x49
 1541 00a0 13       		.uleb128 0x13
 1542 00a1 00       		.byte	0
 1543 00a2 00       		.byte	0
 1544 00a3 0E       		.uleb128 0xe
 1545 00a4 15       		.uleb128 0x15
 1546 00a5 01       		.byte	0x1
 1547 00a6 27       		.uleb128 0x27
 1548 00a7 19       		.uleb128 0x19
 1549 00a8 49       		.uleb128 0x49
 1550 00a9 13       		.uleb128 0x13
 1551 00aa 01       		.uleb128 0x1
 1552 00ab 13       		.uleb128 0x13
 1553 00ac 00       		.byte	0
 1554 00ad 00       		.byte	0
 1555 00ae 0F       		.uleb128 0xf
 1556 00af 05       		.uleb128 0x5
 1557 00b0 00       		.byte	0
 1558 00b1 49       		.uleb128 0x49
 1559 00b2 13       		.uleb128 0x13
 1560 00b3 00       		.byte	0
 1561 00b4 00       		.byte	0
 1562 00b5 10       		.uleb128 0x10
 1563 00b6 17       		.uleb128 0x17
 1564 00b7 01       		.byte	0x1
 1565 00b8 0B       		.uleb128 0xb
 1566 00b9 0B       		.uleb128 0xb
 1567 00ba 3A       		.uleb128 0x3a
 1568 00bb 0B       		.uleb128 0xb
 1569 00bc 3B       		.uleb128 0x3b
 1570 00bd 0B       		.uleb128 0xb
 1571 00be 01       		.uleb128 0x1
 1572 00bf 13       		.uleb128 0x13
 1573 00c0 00       		.byte	0
 1574 00c1 00       		.byte	0
 1575 00c2 11       		.uleb128 0x11
 1576 00c3 0D       		.uleb128 0xd
 1577 00c4 00       		.byte	0
 1578 00c5 03       		.uleb128 0x3
 1579 00c6 0E       		.uleb128 0xe
 1580 00c7 3A       		.uleb128 0x3a
 1581 00c8 0B       		.uleb128 0xb
 1582 00c9 3B       		.uleb128 0x3b
ARM GAS  /tmp/ccboN3eA.s 			page 29


 1583 00ca 0B       		.uleb128 0xb
 1584 00cb 49       		.uleb128 0x49
 1585 00cc 13       		.uleb128 0x13
 1586 00cd 00       		.byte	0
 1587 00ce 00       		.byte	0
 1588 00cf 12       		.uleb128 0x12
 1589 00d0 17       		.uleb128 0x17
 1590 00d1 01       		.byte	0x1
 1591 00d2 03       		.uleb128 0x3
 1592 00d3 0E       		.uleb128 0xe
 1593 00d4 0B       		.uleb128 0xb
 1594 00d5 0B       		.uleb128 0xb
 1595 00d6 3A       		.uleb128 0x3a
 1596 00d7 0B       		.uleb128 0xb
 1597 00d8 3B       		.uleb128 0x3b
 1598 00d9 0B       		.uleb128 0xb
 1599 00da 01       		.uleb128 0x1
 1600 00db 13       		.uleb128 0x13
 1601 00dc 00       		.byte	0
 1602 00dd 00       		.byte	0
 1603 00de 13       		.uleb128 0x13
 1604 00df 0D       		.uleb128 0xd
 1605 00e0 00       		.byte	0
 1606 00e1 03       		.uleb128 0x3
 1607 00e2 08       		.uleb128 0x8
 1608 00e3 3A       		.uleb128 0x3a
 1609 00e4 0B       		.uleb128 0xb
 1610 00e5 3B       		.uleb128 0x3b
 1611 00e6 0B       		.uleb128 0xb
 1612 00e7 49       		.uleb128 0x49
 1613 00e8 13       		.uleb128 0x13
 1614 00e9 00       		.byte	0
 1615 00ea 00       		.byte	0
 1616 00eb 14       		.uleb128 0x14
 1617 00ec 26       		.uleb128 0x26
 1618 00ed 00       		.byte	0
 1619 00ee 49       		.uleb128 0x49
 1620 00ef 13       		.uleb128 0x13
 1621 00f0 00       		.byte	0
 1622 00f1 00       		.byte	0
 1623 00f2 15       		.uleb128 0x15
 1624 00f3 2E       		.uleb128 0x2e
 1625 00f4 00       		.byte	0
 1626 00f5 3F       		.uleb128 0x3f
 1627 00f6 19       		.uleb128 0x19
 1628 00f7 03       		.uleb128 0x3
 1629 00f8 0E       		.uleb128 0xe
 1630 00f9 3A       		.uleb128 0x3a
 1631 00fa 0B       		.uleb128 0xb
 1632 00fb 3B       		.uleb128 0x3b
 1633 00fc 0B       		.uleb128 0xb
 1634 00fd 27       		.uleb128 0x27
 1635 00fe 19       		.uleb128 0x19
 1636 00ff 11       		.uleb128 0x11
 1637 0100 01       		.uleb128 0x1
 1638 0101 12       		.uleb128 0x12
 1639 0102 06       		.uleb128 0x6
ARM GAS  /tmp/ccboN3eA.s 			page 30


 1640 0103 40       		.uleb128 0x40
 1641 0104 18       		.uleb128 0x18
 1642 0105 9642     		.uleb128 0x2116
 1643 0107 19       		.uleb128 0x19
 1644 0108 00       		.byte	0
 1645 0109 00       		.byte	0
 1646 010a 16       		.uleb128 0x16
 1647 010b 2E       		.uleb128 0x2e
 1648 010c 01       		.byte	0x1
 1649 010d 3F       		.uleb128 0x3f
 1650 010e 19       		.uleb128 0x19
 1651 010f 03       		.uleb128 0x3
 1652 0110 0E       		.uleb128 0xe
 1653 0111 3A       		.uleb128 0x3a
 1654 0112 0B       		.uleb128 0xb
 1655 0113 3B       		.uleb128 0x3b
 1656 0114 0B       		.uleb128 0xb
 1657 0115 27       		.uleb128 0x27
 1658 0116 19       		.uleb128 0x19
 1659 0117 11       		.uleb128 0x11
 1660 0118 01       		.uleb128 0x1
 1661 0119 12       		.uleb128 0x12
 1662 011a 06       		.uleb128 0x6
 1663 011b 40       		.uleb128 0x40
 1664 011c 18       		.uleb128 0x18
 1665 011d 9642     		.uleb128 0x2116
 1666 011f 19       		.uleb128 0x19
 1667 0120 01       		.uleb128 0x1
 1668 0121 13       		.uleb128 0x13
 1669 0122 00       		.byte	0
 1670 0123 00       		.byte	0
 1671 0124 17       		.uleb128 0x17
 1672 0125 05       		.uleb128 0x5
 1673 0126 00       		.byte	0
 1674 0127 03       		.uleb128 0x3
 1675 0128 0E       		.uleb128 0xe
 1676 0129 3A       		.uleb128 0x3a
 1677 012a 0B       		.uleb128 0xb
 1678 012b 3B       		.uleb128 0x3b
 1679 012c 0B       		.uleb128 0xb
 1680 012d 49       		.uleb128 0x49
 1681 012e 13       		.uleb128 0x13
 1682 012f 02       		.uleb128 0x2
 1683 0130 18       		.uleb128 0x18
 1684 0131 00       		.byte	0
 1685 0132 00       		.byte	0
 1686 0133 18       		.uleb128 0x18
 1687 0134 05       		.uleb128 0x5
 1688 0135 00       		.byte	0
 1689 0136 03       		.uleb128 0x3
 1690 0137 08       		.uleb128 0x8
 1691 0138 3A       		.uleb128 0x3a
 1692 0139 0B       		.uleb128 0xb
 1693 013a 3B       		.uleb128 0x3b
 1694 013b 0B       		.uleb128 0xb
 1695 013c 49       		.uleb128 0x49
 1696 013d 13       		.uleb128 0x13
ARM GAS  /tmp/ccboN3eA.s 			page 31


 1697 013e 02       		.uleb128 0x2
 1698 013f 18       		.uleb128 0x18
 1699 0140 00       		.byte	0
 1700 0141 00       		.byte	0
 1701 0142 19       		.uleb128 0x19
 1702 0143 34       		.uleb128 0x34
 1703 0144 00       		.byte	0
 1704 0145 03       		.uleb128 0x3
 1705 0146 08       		.uleb128 0x8
 1706 0147 3A       		.uleb128 0x3a
 1707 0148 0B       		.uleb128 0xb
 1708 0149 3B       		.uleb128 0x3b
 1709 014a 0B       		.uleb128 0xb
 1710 014b 49       		.uleb128 0x49
 1711 014c 13       		.uleb128 0x13
 1712 014d 02       		.uleb128 0x2
 1713 014e 18       		.uleb128 0x18
 1714 014f 00       		.byte	0
 1715 0150 00       		.byte	0
 1716 0151 1A       		.uleb128 0x1a
 1717 0152 2E       		.uleb128 0x2e
 1718 0153 01       		.byte	0x1
 1719 0154 3F       		.uleb128 0x3f
 1720 0155 19       		.uleb128 0x19
 1721 0156 03       		.uleb128 0x3
 1722 0157 0E       		.uleb128 0xe
 1723 0158 3A       		.uleb128 0x3a
 1724 0159 0B       		.uleb128 0xb
 1725 015a 3B       		.uleb128 0x3b
 1726 015b 0B       		.uleb128 0xb
 1727 015c 27       		.uleb128 0x27
 1728 015d 19       		.uleb128 0x19
 1729 015e 49       		.uleb128 0x49
 1730 015f 13       		.uleb128 0x13
 1731 0160 11       		.uleb128 0x11
 1732 0161 01       		.uleb128 0x1
 1733 0162 12       		.uleb128 0x12
 1734 0163 06       		.uleb128 0x6
 1735 0164 40       		.uleb128 0x40
 1736 0165 18       		.uleb128 0x18
 1737 0166 9642     		.uleb128 0x2116
 1738 0168 19       		.uleb128 0x19
 1739 0169 01       		.uleb128 0x1
 1740 016a 13       		.uleb128 0x13
 1741 016b 00       		.byte	0
 1742 016c 00       		.byte	0
 1743 016d 1B       		.uleb128 0x1b
 1744 016e 34       		.uleb128 0x34
 1745 016f 00       		.byte	0
 1746 0170 03       		.uleb128 0x3
 1747 0171 0E       		.uleb128 0xe
 1748 0172 3A       		.uleb128 0x3a
 1749 0173 0B       		.uleb128 0xb
 1750 0174 3B       		.uleb128 0x3b
 1751 0175 0B       		.uleb128 0xb
 1752 0176 49       		.uleb128 0x49
 1753 0177 13       		.uleb128 0x13
ARM GAS  /tmp/ccboN3eA.s 			page 32


 1754 0178 02       		.uleb128 0x2
 1755 0179 18       		.uleb128 0x18
 1756 017a 00       		.byte	0
 1757 017b 00       		.byte	0
 1758 017c 00       		.byte	0
 1759              		.section	.debug_aranges,"",%progbits
 1760 0000 1C000000 		.4byte	0x1c
 1761 0004 0200     		.2byte	0x2
 1762 0006 00000000 		.4byte	.Ldebug_info0
 1763 000a 04       		.byte	0x4
 1764 000b 00       		.byte	0
 1765 000c 0000     		.2byte	0
 1766 000e 0000     		.2byte	0
 1767 0010 00000000 		.4byte	.Ltext0
 1768 0014 D4020000 		.4byte	.Letext0-.Ltext0
 1769 0018 00000000 		.4byte	0
 1770 001c 00000000 		.4byte	0
 1771              		.section	.debug_line,"",%progbits
 1772              	.Ldebug_line0:
 1773 0000 C0020000 		.section	.debug_str,"MS",%progbits,1
 1773      02000E02 
 1773      00000201 
 1773      FB0E0D00 
 1773      01010101 
 1774              	.LASF41:
 1775 0000 705F6D73 		.ascii	"p_msg\000"
 1775      6700
 1776              	.LASF2:
 1777 0006 73697A65 		.ascii	"size_t\000"
 1777      5F7400
 1778              	.LASF67:
 1779 000d 7264796D 		.ascii	"rdymsg\000"
 1779      736700
 1780              	.LASF17:
 1781 0014 75696E74 		.ascii	"uint64_t\000"
 1781      36345F74 
 1781      00
 1782              	.LASF3:
 1783 001d 5F5F7569 		.ascii	"__uint8_t\000"
 1783      6E74385F 
 1783      7400
 1784              	.LASF57:
 1785 0027 6D656D67 		.ascii	"memgetfunc_t\000"
 1785      65746675 
 1785      6E635F74 
 1785      00
 1786              	.LASF13:
 1787 0034 6C6F6E67 		.ascii	"long long unsigned int\000"
 1787      206C6F6E 
 1787      6720756E 
 1787      7369676E 
 1787      65642069 
 1788              	.LASF68:
 1789 004b 65786974 		.ascii	"exitcode\000"
 1789      636F6465 
 1789      00
 1790              	.LASF61:
ARM GAS  /tmp/ccboN3eA.s 			page 33


 1791 0054 685F6672 		.ascii	"h_free\000"
 1791      656500
 1792              	.LASF72:
 1793 005b 68656170 		.ascii	"heapp\000"
 1793      7000
 1794              	.LASF73:
 1795 0061 63684865 		.ascii	"chHeapInit\000"
 1795      6170496E 
 1795      697400
 1796              	.LASF63:
 1797 006c 6E657874 		.ascii	"next\000"
 1797      00
 1798              	.LASF29:
 1799 0071 705F7072 		.ascii	"p_prio\000"
 1799      696F00
 1800              	.LASF11:
 1801 0078 6C6F6E67 		.ascii	"long long int\000"
 1801      206C6F6E 
 1801      6720696E 
 1801      7400
 1802              	.LASF1:
 1803 0086 7369676E 		.ascii	"signed char\000"
 1803      65642063 
 1803      68617200 
 1804              	.LASF62:
 1805 0092 685F6D74 		.ascii	"h_mtx\000"
 1805      7800
 1806              	.LASF45:
 1807 0098 705F6D70 		.ascii	"p_mpool\000"
 1807      6F6F6C00 
 1808              	.LASF54:
 1809 00a0 6D5F7175 		.ascii	"m_queue\000"
 1809      65756500 
 1810              	.LASF74:
 1811 00a8 63684865 		.ascii	"chHeapFree\000"
 1811      61704672 
 1811      656500
 1812              	.LASF8:
 1813 00b3 6C6F6E67 		.ascii	"long int\000"
 1813      20696E74 
 1813      00
 1814              	.LASF20:
 1815 00bc 74737461 		.ascii	"tstate_t\000"
 1815      74655F74 
 1815      00
 1816              	.LASF31:
 1817 00c5 705F6E65 		.ascii	"p_newer\000"
 1817      77657200 
 1818              	.LASF9:
 1819 00cd 5F5F7569 		.ascii	"__uint32_t\000"
 1819      6E743332 
 1819      5F7400
 1820              	.LASF48:
 1821 00d8 72656761 		.ascii	"regarm_t\000"
 1821      726D5F74 
 1821      00
 1822              	.LASF65:
ARM GAS  /tmp/ccboN3eA.s 			page 34


 1823 00e1 616C6967 		.ascii	"align\000"
 1823      6E00
 1824              	.LASF34:
 1825 00e7 705F7374 		.ascii	"p_stklimit\000"
 1825      6B6C696D 
 1825      697400
 1826              	.LASF0:
 1827 00f2 756E7369 		.ascii	"unsigned int\000"
 1827      676E6564 
 1827      20696E74 
 1827      00
 1828              	.LASF10:
 1829 00ff 6C6F6E67 		.ascii	"long unsigned int\000"
 1829      20756E73 
 1829      69676E65 
 1829      6420696E 
 1829      7400
 1830              	.LASF51:
 1831 0111 636F6E74 		.ascii	"context\000"
 1831      65787400 
 1832              	.LASF66:
 1833 0119 73697A65 		.ascii	"size\000"
 1833      00
 1834              	.LASF6:
 1835 011e 73686F72 		.ascii	"short unsigned int\000"
 1835      7420756E 
 1835      7369676E 
 1835      65642069 
 1835      6E7400
 1836              	.LASF23:
 1837 0131 6D73675F 		.ascii	"msg_t\000"
 1837      7400
 1838              	.LASF80:
 1839 0137 2F6F7074 		.ascii	"/opt/R2P/core/ChibiOS_2.6.5/os/kernel/src/chheap.c\000"
 1839      2F523250 
 1839      2F636F72 
 1839      652F4368 
 1839      6962694F 
 1840              	.LASF19:
 1841 016a 746D6F64 		.ascii	"tmode_t\000"
 1841      655F7400 
 1842              	.LASF47:
 1843 0172 54687265 		.ascii	"ThreadsList\000"
 1843      6164734C 
 1843      69737400 
 1844              	.LASF24:
 1845 017e 6576656E 		.ascii	"eventmask_t\000"
 1845      746D6173 
 1845      6B5F7400 
 1846              	.LASF53:
 1847 018a 4D757465 		.ascii	"Mutex\000"
 1847      7800
 1848              	.LASF49:
 1849 0190 73746B61 		.ascii	"stkalign_t\000"
 1849      6C69676E 
 1849      5F7400
 1850              	.LASF52:
ARM GAS  /tmp/ccboN3eA.s 			page 35


 1851 019b 73697A65 		.ascii	"sizetype\000"
 1851      74797065 
 1851      00
 1852              	.LASF32:
 1853 01a4 705F6F6C 		.ascii	"p_older\000"
 1853      64657200 
 1854              	.LASF46:
 1855 01ac 54687265 		.ascii	"ThreadsQueue\000"
 1855      61647351 
 1855      75657565 
 1855      00
 1856              	.LASF58:
 1857 01b9 4D656D6F 		.ascii	"MemoryHeap\000"
 1857      72794865 
 1857      617000
 1858              	.LASF12:
 1859 01c4 5F5F7569 		.ascii	"__uint64_t\000"
 1859      6E743634 
 1859      5F7400
 1860              	.LASF21:
 1861 01cf 74726566 		.ascii	"trefs_t\000"
 1861      735F7400 
 1862              	.LASF28:
 1863 01d7 705F7072 		.ascii	"p_prev\000"
 1863      657600
 1864              	.LASF22:
 1865 01de 74707269 		.ascii	"tprio_t\000"
 1865      6F5F7400 
 1866              	.LASF18:
 1867 01e6 5F426F6F 		.ascii	"_Bool\000"
 1867      6C00
 1868              	.LASF15:
 1869 01ec 696E7433 		.ascii	"int32_t\000"
 1869      325F7400 
 1870              	.LASF4:
 1871 01f4 756E7369 		.ascii	"unsigned char\000"
 1871      676E6564 
 1871      20636861 
 1871      7200
 1872              	.LASF60:
 1873 0202 685F7072 		.ascii	"h_provider\000"
 1873      6F766964 
 1873      657200
 1874              	.LASF43:
 1875 020d 705F6D74 		.ascii	"p_mtxlist\000"
 1875      786C6973 
 1875      7400
 1876              	.LASF5:
 1877 0217 73686F72 		.ascii	"short int\000"
 1877      7420696E 
 1877      7400
 1878              	.LASF35:
 1879 0221 705F7374 		.ascii	"p_state\000"
 1879      61746500 
 1880              	.LASF81:
 1881 0229 68656170 		.ascii	"heap_header\000"
 1881      5F686561 
ARM GAS  /tmp/ccboN3eA.s 			page 36


 1881      64657200 
 1882              	.LASF70:
 1883 0235 65776D61 		.ascii	"ewmask\000"
 1883      736B00
 1884              	.LASF27:
 1885 023c 705F6E65 		.ascii	"p_next\000"
 1885      787400
 1886              	.LASF36:
 1887 0243 705F666C 		.ascii	"p_flags\000"
 1887      61677300 
 1888              	.LASF26:
 1889 024b 54687265 		.ascii	"Thread\000"
 1889      616400
 1890              	.LASF75:
 1891 0252 63684865 		.ascii	"chHeapAlloc\000"
 1891      6170416C 
 1891      6C6F6300 
 1892              	.LASF42:
 1893 025e 705F6570 		.ascii	"p_epending\000"
 1893      656E6469 
 1893      6E6700
 1894              	.LASF16:
 1895 0269 75696E74 		.ascii	"uint32_t\000"
 1895      33325F74 
 1895      00
 1896              	.LASF64:
 1897 0272 68656170 		.ascii	"heap\000"
 1897      00
 1898              	.LASF79:
 1899 0277 474E5520 		.ascii	"GNU C 4.9.3 20141119 (release) [ARM/embedded-4_9-br"
 1899      4320342E 
 1899      392E3320 
 1899      32303134 
 1899      31313139 
 1900 02aa 616E6368 		.ascii	"anch revision 218278] -mcpu=cortex-m4 -mno-thumb-in"
 1900      20726576 
 1900      6973696F 
 1900      6E203231 
 1900      38323738 
 1901 02dd 74657277 		.ascii	"terwork -mthumb -ggdb -O0 -fomit-frame-pointer\000"
 1901      6F726B20 
 1901      2D6D7468 
 1901      756D6220 
 1901      2D676764 
 1902              	.LASF78:
 1903 030c 64656661 		.ascii	"default_heap\000"
 1903      756C745F 
 1903      68656170 
 1903      00
 1904              	.LASF71:
 1905 0319 63686172 		.ascii	"char\000"
 1905      00
 1906              	.LASF76:
 1907 031e 63684865 		.ascii	"chHeapStatus\000"
 1907      61705374 
 1907      61747573 
 1907      00
ARM GAS  /tmp/ccboN3eA.s 			page 37


 1908              	.LASF56:
 1909 032b 6D5F6E65 		.ascii	"m_next\000"
 1909      787400
 1910              	.LASF25:
 1911 0332 73797374 		.ascii	"systime_t\000"
 1911      696D655F 
 1911      7400
 1912              	.LASF44:
 1913 033c 705F7265 		.ascii	"p_realprio\000"
 1913      616C7072 
 1913      696F00
 1914              	.LASF7:
 1915 0347 5F5F696E 		.ascii	"__int32_t\000"
 1915      7433325F 
 1915      7400
 1916              	.LASF38:
 1917 0351 705F7469 		.ascii	"p_time\000"
 1917      6D6500
 1918              	.LASF50:
 1919 0358 696E7463 		.ascii	"intctx\000"
 1919      747800
 1920              	.LASF40:
 1921 035f 705F6D73 		.ascii	"p_msgqueue\000"
 1921      67717565 
 1921      756500
 1922              	.LASF37:
 1923 036a 705F7265 		.ascii	"p_refs\000"
 1923      667300
 1924              	.LASF14:
 1925 0371 75696E74 		.ascii	"uint8_t\000"
 1925      385F7400 
 1926              	.LASF69:
 1927 0379 77746F62 		.ascii	"wtobjp\000"
 1927      6A7000
 1928              	.LASF77:
 1929 0380 73697A65 		.ascii	"sizep\000"
 1929      7000
 1930              	.LASF33:
 1931 0386 705F6E61 		.ascii	"p_name\000"
 1931      6D6500
 1932              	.LASF82:
 1933 038d 5F686561 		.ascii	"_heap_init\000"
 1933      705F696E 
 1933      697400
 1934              	.LASF55:
 1935 0398 6D5F6F77 		.ascii	"m_owner\000"
 1935      6E657200 
 1936              	.LASF30:
 1937 03a0 705F6374 		.ascii	"p_ctx\000"
 1937      7800
 1938              	.LASF39:
 1939 03a6 705F7761 		.ascii	"p_waiting\000"
 1939      6974696E 
 1939      6700
 1940              	.LASF59:
 1941 03b0 6D656D6F 		.ascii	"memory_heap\000"
 1941      72795F68 
ARM GAS  /tmp/ccboN3eA.s 			page 38


 1941      65617000 
 1942              		.ident	"GCC: (GNU Tools for ARM Embedded Processors) 4.9.3 20141119 (release) [ARM/embedded-4_9-br
ARM GAS  /tmp/ccboN3eA.s 			page 39


DEFINED SYMBOLS
                            *ABS*:00000000 chheap.c
     /tmp/ccboN3eA.s:19     .bss:00000000 $d
     /tmp/ccboN3eA.s:20     .bss:00000000 default_heap
     /tmp/ccboN3eA.s:23     .text:00000000 $t
     /tmp/ccboN3eA.s:28     .text:00000000 _heap_init
     /tmp/ccboN3eA.s:59     .text:0000001c $d
     /tmp/ccboN3eA.s:66     .rodata:00000000 $d
     /tmp/ccboN3eA.s:70     .text:00000028 $t
     /tmp/ccboN3eA.s:75     .text:00000028 chHeapInit
     /tmp/ccboN3eA.s:140    .text:00000084 $d
     /tmp/ccboN3eA.s:144    .text:00000088 $t
     /tmp/ccboN3eA.s:149    .text:00000088 chHeapAlloc
     /tmp/ccboN3eA.s:306    .text:00000168 $d
     /tmp/ccboN3eA.s:318    .text:0000016c $t
     /tmp/ccboN3eA.s:323    .text:0000016c chHeapFree
     /tmp/ccboN3eA.s:487    .text:00000260 $d
     /tmp/ccboN3eA.s:492    .text:00000268 $t
     /tmp/ccboN3eA.s:497    .text:00000268 chHeapStatus
     /tmp/ccboN3eA.s:576    .text:000002d0 $d
                     .debug_frame:00000010 $d

UNDEFINED SYMBOLS
chMtxInit
chCoreAlloc
chDbgPanic
chMtxLock
chMtxUnlock
