ARM GAS  /tmp/ccR5p6et.s 			page 1


   1              		.syntax unified
   2              		.cpu cortex-m4
   3              		.fpu softvfp
   4              		.eabi_attribute 20, 1
   5              		.eabi_attribute 21, 1
   6              		.eabi_attribute 23, 3
   7              		.eabi_attribute 24, 1
   8              		.eabi_attribute 25, 1
   9              		.eabi_attribute 26, 1
  10              		.eabi_attribute 30, 6
  11              		.eabi_attribute 34, 1
  12              		.eabi_attribute 18, 4
  13              		.thumb
  14              		.file	"chmboxes.c"
  15              		.text
  16              	.Ltext0:
  17              		.cfi_sections	.debug_frame
  18              		.section	.rodata
  19              		.align	2
  20              	.LC0:
  21 0000 2263684D 		.ascii	"\"chMBInit\"()\000"
  21      42496E69 
  21      74222829 
  21      00
  22              		.text
  23              		.align	2
  24              		.global	chMBInit
  25              		.thumb
  26              		.thumb_func
  27              		.type	chMBInit, %function
  28              	chMBInit:
  29              	.LFB7:
  30              		.file 1 "/opt/R2P/core/ChibiOS_2.6.5/os/kernel/src/chmboxes.c"
  31              		.loc 1 72 0
  32              		.cfi_startproc
  33              		@ args = 0, pretend = 0, frame = 16
  34              		@ frame_needed = 0, uses_anonymous_args = 0
  35 0000 00B5     		push	{lr}
  36              		.cfi_def_cfa_offset 4
  37              		.cfi_offset 14, -4
  38 0002 85B0     		sub	sp, sp, #20
  39              		.cfi_def_cfa_offset 24
  40 0004 0390     		str	r0, [sp, #12]
  41 0006 0291     		str	r1, [sp, #8]
  42 0008 0192     		str	r2, [sp, #4]
  43              		.loc 1 74 0
  44 000a 039B     		ldr	r3, [sp, #12]
  45 000c 002B     		cmp	r3, #0
  46 000e 05D0     		beq	.L2
  47              		.loc 1 74 0 is_stmt 0 discriminator 2
  48 0010 029B     		ldr	r3, [sp, #8]
  49 0012 002B     		cmp	r3, #0
  50 0014 02D0     		beq	.L2
  51              		.loc 1 74 0 discriminator 4
  52 0016 019B     		ldr	r3, [sp, #4]
  53 0018 002B     		cmp	r3, #0
  54 001a 02DC     		bgt	.L3
ARM GAS  /tmp/ccR5p6et.s 			page 2


  55              	.L2:
  56              		.loc 1 74 0 discriminator 5
  57 001c 1148     		ldr	r0, .L4
  58 001e FFF7FEFF 		bl	chDbgPanic
  59              	.L3:
  60              		.loc 1 76 0 is_stmt 1
  61 0022 039B     		ldr	r3, [sp, #12]
  62 0024 029A     		ldr	r2, [sp, #8]
  63 0026 DA60     		str	r2, [r3, #12]
  64 0028 039B     		ldr	r3, [sp, #12]
  65 002a DA68     		ldr	r2, [r3, #12]
  66 002c 039B     		ldr	r3, [sp, #12]
  67 002e 9A60     		str	r2, [r3, #8]
  68 0030 039B     		ldr	r3, [sp, #12]
  69 0032 9A68     		ldr	r2, [r3, #8]
  70 0034 039B     		ldr	r3, [sp, #12]
  71 0036 1A60     		str	r2, [r3]
  72              		.loc 1 77 0
  73 0038 019B     		ldr	r3, [sp, #4]
  74 003a 9B00     		lsls	r3, r3, #2
  75 003c 029A     		ldr	r2, [sp, #8]
  76 003e 1A44     		add	r2, r2, r3
  77 0040 039B     		ldr	r3, [sp, #12]
  78 0042 5A60     		str	r2, [r3, #4]
  79              		.loc 1 78 0
  80 0044 039B     		ldr	r3, [sp, #12]
  81 0046 1C33     		adds	r3, r3, #28
  82 0048 1846     		mov	r0, r3
  83 004a 0199     		ldr	r1, [sp, #4]
  84 004c FFF7FEFF 		bl	chSemInit
  85              		.loc 1 79 0
  86 0050 039B     		ldr	r3, [sp, #12]
  87 0052 1033     		adds	r3, r3, #16
  88 0054 1846     		mov	r0, r3
  89 0056 0021     		movs	r1, #0
  90 0058 FFF7FEFF 		bl	chSemInit
  91              		.loc 1 80 0
  92 005c 05B0     		add	sp, sp, #20
  93              		.cfi_def_cfa_offset 4
  94              		@ sp needed
  95 005e 5DF804FB 		ldr	pc, [sp], #4
  96              	.L5:
  97 0062 00BF     		.align	2
  98              	.L4:
  99 0064 00000000 		.word	.LC0
 100              		.cfi_endproc
 101              	.LFE7:
 102              		.size	chMBInit, .-chMBInit
 103              		.section	.rodata
 104 000d 000000   		.align	2
 105              	.LC1:
 106 0010 2263684D 		.ascii	"\"chMBReset\"()\000"
 106      42526573 
 106      65742228 
 106      2900
 107              		.text
 108              		.align	2
ARM GAS  /tmp/ccR5p6et.s 			page 3


 109              		.global	chMBReset
 110              		.thumb
 111              		.thumb_func
 112              		.type	chMBReset, %function
 113              	chMBReset:
 114              	.LFB8:
 115              		.loc 1 91 0
 116              		.cfi_startproc
 117              		@ args = 0, pretend = 0, frame = 8
 118              		@ frame_needed = 0, uses_anonymous_args = 0
 119 0068 00B5     		push	{lr}
 120              		.cfi_def_cfa_offset 4
 121              		.cfi_offset 14, -4
 122 006a 83B0     		sub	sp, sp, #12
 123              		.cfi_def_cfa_offset 16
 124 006c 0190     		str	r0, [sp, #4]
 125              		.loc 1 93 0
 126 006e 019B     		ldr	r3, [sp, #4]
 127 0070 002B     		cmp	r3, #0
 128 0072 02D1     		bne	.L7
 129              		.loc 1 93 0 is_stmt 0 discriminator 1
 130 0074 1648     		ldr	r0, .L8
 131 0076 FFF7FEFF 		bl	chDbgPanic
 132              	.L7:
 133              	.LBB2:
 134              		.loc 1 95 0 is_stmt 1
 135 007a 2023     		movs	r3, #32
 136              	@ 95 "/opt/R2P/core/ChibiOS_2.6.5/os/kernel/src/chmboxes.c" 1
 137 007c 83F31188 		msr     BASEPRI, r3
 138              	@ 0 "" 2
 139              		.thumb
 140              	.LBE2:
 141 0080 FFF7FEFF 		bl	dbg_check_lock
 142              		.loc 1 96 0
 143 0084 019B     		ldr	r3, [sp, #4]
 144 0086 1A68     		ldr	r2, [r3]
 145 0088 019B     		ldr	r3, [sp, #4]
 146 008a DA60     		str	r2, [r3, #12]
 147 008c 019B     		ldr	r3, [sp, #4]
 148 008e DA68     		ldr	r2, [r3, #12]
 149 0090 019B     		ldr	r3, [sp, #4]
 150 0092 9A60     		str	r2, [r3, #8]
 151              		.loc 1 97 0
 152 0094 019B     		ldr	r3, [sp, #4]
 153 0096 03F11C02 		add	r2, r3, #28
 154 009a 019B     		ldr	r3, [sp, #4]
 155 009c 5B68     		ldr	r3, [r3, #4]
 156 009e 1946     		mov	r1, r3
 157 00a0 019B     		ldr	r3, [sp, #4]
 158 00a2 1B68     		ldr	r3, [r3]
 159 00a4 CB1A     		subs	r3, r1, r3
 160 00a6 9B10     		asrs	r3, r3, #2
 161 00a8 1046     		mov	r0, r2
 162 00aa 1946     		mov	r1, r3
 163 00ac FFF7FEFF 		bl	chSemResetI
 164              		.loc 1 98 0
 165 00b0 019B     		ldr	r3, [sp, #4]
ARM GAS  /tmp/ccR5p6et.s 			page 4


 166 00b2 1033     		adds	r3, r3, #16
 167 00b4 1846     		mov	r0, r3
 168 00b6 0021     		movs	r1, #0
 169 00b8 FFF7FEFF 		bl	chSemResetI
 170              		.loc 1 99 0
 171 00bc FFF7FEFF 		bl	chSchRescheduleS
 172              		.loc 1 100 0
 173 00c0 FFF7FEFF 		bl	dbg_check_unlock
 174              	.LBB3:
 175 00c4 0023     		movs	r3, #0
 176              	@ 100 "/opt/R2P/core/ChibiOS_2.6.5/os/kernel/src/chmboxes.c" 1
 177 00c6 83F31188 		msr     BASEPRI, r3
 178              	@ 0 "" 2
 179              		.thumb
 180              	.LBE3:
 181              		.loc 1 101 0
 182 00ca 03B0     		add	sp, sp, #12
 183              		.cfi_def_cfa_offset 4
 184              		@ sp needed
 185 00cc 5DF804FB 		ldr	pc, [sp], #4
 186              	.L9:
 187              		.align	2
 188              	.L8:
 189 00d0 10000000 		.word	.LC1
 190              		.cfi_endproc
 191              	.LFE8:
 192              		.size	chMBReset, .-chMBReset
 193              		.align	2
 194              		.global	chMBPost
 195              		.thumb
 196              		.thumb_func
 197              		.type	chMBPost, %function
 198              	chMBPost:
 199              	.LFB9:
 200              		.loc 1 122 0
 201              		.cfi_startproc
 202              		@ args = 0, pretend = 0, frame = 24
 203              		@ frame_needed = 0, uses_anonymous_args = 0
 204 00d4 00B5     		push	{lr}
 205              		.cfi_def_cfa_offset 4
 206              		.cfi_offset 14, -4
 207 00d6 87B0     		sub	sp, sp, #28
 208              		.cfi_def_cfa_offset 32
 209 00d8 0390     		str	r0, [sp, #12]
 210 00da 0291     		str	r1, [sp, #8]
 211 00dc 0192     		str	r2, [sp, #4]
 212              	.LBB4:
 213              		.loc 1 125 0
 214 00de 2023     		movs	r3, #32
 215              	@ 125 "/opt/R2P/core/ChibiOS_2.6.5/os/kernel/src/chmboxes.c" 1
 216 00e0 83F31188 		msr     BASEPRI, r3
 217              	@ 0 "" 2
 218              		.thumb
 219              	.LBE4:
 220 00e4 FFF7FEFF 		bl	dbg_check_lock
 221              		.loc 1 126 0
 222 00e8 0398     		ldr	r0, [sp, #12]
ARM GAS  /tmp/ccR5p6et.s 			page 5


 223 00ea 0299     		ldr	r1, [sp, #8]
 224 00ec 019A     		ldr	r2, [sp, #4]
 225 00ee FFF7FEFF 		bl	chMBPostS
 226 00f2 0590     		str	r0, [sp, #20]
 227              		.loc 1 127 0
 228 00f4 FFF7FEFF 		bl	dbg_check_unlock
 229              	.LBB5:
 230 00f8 0023     		movs	r3, #0
 231              	@ 127 "/opt/R2P/core/ChibiOS_2.6.5/os/kernel/src/chmboxes.c" 1
 232 00fa 83F31188 		msr     BASEPRI, r3
 233              	@ 0 "" 2
 234              		.thumb
 235              	.LBE5:
 236              		.loc 1 128 0
 237 00fe 059B     		ldr	r3, [sp, #20]
 238              		.loc 1 129 0
 239 0100 1846     		mov	r0, r3
 240 0102 07B0     		add	sp, sp, #28
 241              		.cfi_def_cfa_offset 4
 242              		@ sp needed
 243 0104 5DF804FB 		ldr	pc, [sp], #4
 244              		.cfi_endproc
 245              	.LFE9:
 246              		.size	chMBPost, .-chMBPost
 247              		.section	.rodata
 248 001e 0000     		.align	2
 249              	.LC2:
 250 0020 2263684D 		.ascii	"\"chMBPostS\"()\000"
 250      42506F73 
 250      74532228 
 250      2900
 251              		.text
 252              		.align	2
 253              		.global	chMBPostS
 254              		.thumb
 255              		.thumb_func
 256              		.type	chMBPostS, %function
 257              	chMBPostS:
 258              	.LFB10:
 259              		.loc 1 150 0
 260              		.cfi_startproc
 261              		@ args = 0, pretend = 0, frame = 24
 262              		@ frame_needed = 0, uses_anonymous_args = 0
 263 0108 00B5     		push	{lr}
 264              		.cfi_def_cfa_offset 4
 265              		.cfi_offset 14, -4
 266 010a 87B0     		sub	sp, sp, #28
 267              		.cfi_def_cfa_offset 32
 268 010c 0390     		str	r0, [sp, #12]
 269 010e 0291     		str	r1, [sp, #8]
 270 0110 0192     		str	r2, [sp, #4]
 271              		.loc 1 153 0
 272 0112 FFF7FEFF 		bl	chDbgCheckClassS
 273              		.loc 1 154 0
 274 0116 039B     		ldr	r3, [sp, #12]
 275 0118 002B     		cmp	r3, #0
 276 011a 02D1     		bne	.L13
ARM GAS  /tmp/ccR5p6et.s 			page 6


 277              		.loc 1 154 0 is_stmt 0 discriminator 1
 278 011c 1448     		ldr	r0, .L17
 279 011e FFF7FEFF 		bl	chDbgPanic
 280              	.L13:
 281              		.loc 1 156 0 is_stmt 1
 282 0122 039B     		ldr	r3, [sp, #12]
 283 0124 1C33     		adds	r3, r3, #28
 284 0126 1846     		mov	r0, r3
 285 0128 0199     		ldr	r1, [sp, #4]
 286 012a FFF7FEFF 		bl	chSemWaitTimeoutS
 287 012e 0590     		str	r0, [sp, #20]
 288              		.loc 1 157 0
 289 0130 059B     		ldr	r3, [sp, #20]
 290 0132 002B     		cmp	r3, #0
 291 0134 17D1     		bne	.L14
 292              		.loc 1 158 0
 293 0136 039B     		ldr	r3, [sp, #12]
 294 0138 9B68     		ldr	r3, [r3, #8]
 295 013a 191D     		adds	r1, r3, #4
 296 013c 039A     		ldr	r2, [sp, #12]
 297 013e 9160     		str	r1, [r2, #8]
 298 0140 029A     		ldr	r2, [sp, #8]
 299 0142 1A60     		str	r2, [r3]
 300              		.loc 1 159 0
 301 0144 039B     		ldr	r3, [sp, #12]
 302 0146 9A68     		ldr	r2, [r3, #8]
 303 0148 039B     		ldr	r3, [sp, #12]
 304 014a 5B68     		ldr	r3, [r3, #4]
 305 014c 9A42     		cmp	r2, r3
 306 014e 03D3     		bcc	.L15
 307              		.loc 1 160 0
 308 0150 039B     		ldr	r3, [sp, #12]
 309 0152 1A68     		ldr	r2, [r3]
 310 0154 039B     		ldr	r3, [sp, #12]
 311 0156 9A60     		str	r2, [r3, #8]
 312              	.L15:
 313              		.loc 1 161 0
 314 0158 039B     		ldr	r3, [sp, #12]
 315 015a 1033     		adds	r3, r3, #16
 316 015c 1846     		mov	r0, r3
 317 015e FFF7FEFF 		bl	chSemSignalI
 318              		.loc 1 162 0
 319 0162 FFF7FEFF 		bl	chSchRescheduleS
 320              	.L14:
 321              		.loc 1 164 0
 322 0166 059B     		ldr	r3, [sp, #20]
 323              		.loc 1 165 0
 324 0168 1846     		mov	r0, r3
 325 016a 07B0     		add	sp, sp, #28
 326              		.cfi_def_cfa_offset 4
 327              		@ sp needed
 328 016c 5DF804FB 		ldr	pc, [sp], #4
 329              	.L18:
 330              		.align	2
 331              	.L17:
 332 0170 20000000 		.word	.LC2
 333              		.cfi_endproc
ARM GAS  /tmp/ccR5p6et.s 			page 7


 334              	.LFE10:
 335              		.size	chMBPostS, .-chMBPostS
 336              		.section	.rodata
 337 002e 0000     		.align	2
 338              	.LC3:
 339 0030 2263684D 		.ascii	"\"chMBPostI\"()\000"
 339      42506F73 
 339      74492228 
 339      2900
 340              		.text
 341              		.align	2
 342              		.global	chMBPostI
 343              		.thumb
 344              		.thumb_func
 345              		.type	chMBPostI, %function
 346              	chMBPostI:
 347              	.LFB11:
 348              		.loc 1 181 0
 349              		.cfi_startproc
 350              		@ args = 0, pretend = 0, frame = 8
 351              		@ frame_needed = 0, uses_anonymous_args = 0
 352 0174 00B5     		push	{lr}
 353              		.cfi_def_cfa_offset 4
 354              		.cfi_offset 14, -4
 355 0176 83B0     		sub	sp, sp, #12
 356              		.cfi_def_cfa_offset 16
 357 0178 0190     		str	r0, [sp, #4]
 358 017a 0091     		str	r1, [sp]
 359              		.loc 1 183 0
 360 017c FFF7FEFF 		bl	chDbgCheckClassI
 361              		.loc 1 184 0
 362 0180 019B     		ldr	r3, [sp, #4]
 363 0182 002B     		cmp	r3, #0
 364 0184 02D1     		bne	.L20
 365              		.loc 1 184 0 is_stmt 0 discriminator 1
 366 0186 1548     		ldr	r0, .L24
 367 0188 FFF7FEFF 		bl	chDbgPanic
 368              	.L20:
 369              		.loc 1 186 0 is_stmt 1
 370 018c 019B     		ldr	r3, [sp, #4]
 371 018e 5B6A     		ldr	r3, [r3, #36]
 372 0190 002B     		cmp	r3, #0
 373 0192 02DC     		bgt	.L21
 374              		.loc 1 187 0
 375 0194 4FF0FF33 		mov	r3, #-1
 376 0198 1BE0     		b	.L22
 377              	.L21:
 378              		.loc 1 188 0
 379 019a 019B     		ldr	r3, [sp, #4]
 380 019c 5B6A     		ldr	r3, [r3, #36]
 381 019e 5A1E     		subs	r2, r3, #1
 382 01a0 019B     		ldr	r3, [sp, #4]
 383 01a2 5A62     		str	r2, [r3, #36]
 384              		.loc 1 189 0
 385 01a4 019B     		ldr	r3, [sp, #4]
 386 01a6 9B68     		ldr	r3, [r3, #8]
 387 01a8 191D     		adds	r1, r3, #4
ARM GAS  /tmp/ccR5p6et.s 			page 8


 388 01aa 019A     		ldr	r2, [sp, #4]
 389 01ac 9160     		str	r1, [r2, #8]
 390 01ae 009A     		ldr	r2, [sp]
 391 01b0 1A60     		str	r2, [r3]
 392              		.loc 1 190 0
 393 01b2 019B     		ldr	r3, [sp, #4]
 394 01b4 9A68     		ldr	r2, [r3, #8]
 395 01b6 019B     		ldr	r3, [sp, #4]
 396 01b8 5B68     		ldr	r3, [r3, #4]
 397 01ba 9A42     		cmp	r2, r3
 398 01bc 03D3     		bcc	.L23
 399              		.loc 1 191 0
 400 01be 019B     		ldr	r3, [sp, #4]
 401 01c0 1A68     		ldr	r2, [r3]
 402 01c2 019B     		ldr	r3, [sp, #4]
 403 01c4 9A60     		str	r2, [r3, #8]
 404              	.L23:
 405              		.loc 1 192 0
 406 01c6 019B     		ldr	r3, [sp, #4]
 407 01c8 1033     		adds	r3, r3, #16
 408 01ca 1846     		mov	r0, r3
 409 01cc FFF7FEFF 		bl	chSemSignalI
 410              		.loc 1 193 0
 411 01d0 0023     		movs	r3, #0
 412              	.L22:
 413              		.loc 1 194 0
 414 01d2 1846     		mov	r0, r3
 415 01d4 03B0     		add	sp, sp, #12
 416              		.cfi_def_cfa_offset 4
 417              		@ sp needed
 418 01d6 5DF804FB 		ldr	pc, [sp], #4
 419              	.L25:
 420 01da 00BF     		.align	2
 421              	.L24:
 422 01dc 30000000 		.word	.LC3
 423              		.cfi_endproc
 424              	.LFE11:
 425              		.size	chMBPostI, .-chMBPostI
 426              		.align	2
 427              		.global	chMBPostAhead
 428              		.thumb
 429              		.thumb_func
 430              		.type	chMBPostAhead, %function
 431              	chMBPostAhead:
 432              	.LFB12:
 433              		.loc 1 215 0
 434              		.cfi_startproc
 435              		@ args = 0, pretend = 0, frame = 24
 436              		@ frame_needed = 0, uses_anonymous_args = 0
 437 01e0 00B5     		push	{lr}
 438              		.cfi_def_cfa_offset 4
 439              		.cfi_offset 14, -4
 440 01e2 87B0     		sub	sp, sp, #28
 441              		.cfi_def_cfa_offset 32
 442 01e4 0390     		str	r0, [sp, #12]
 443 01e6 0291     		str	r1, [sp, #8]
 444 01e8 0192     		str	r2, [sp, #4]
ARM GAS  /tmp/ccR5p6et.s 			page 9


 445              	.LBB6:
 446              		.loc 1 218 0
 447 01ea 2023     		movs	r3, #32
 448              	@ 218 "/opt/R2P/core/ChibiOS_2.6.5/os/kernel/src/chmboxes.c" 1
 449 01ec 83F31188 		msr     BASEPRI, r3
 450              	@ 0 "" 2
 451              		.thumb
 452              	.LBE6:
 453 01f0 FFF7FEFF 		bl	dbg_check_lock
 454              		.loc 1 219 0
 455 01f4 0398     		ldr	r0, [sp, #12]
 456 01f6 0299     		ldr	r1, [sp, #8]
 457 01f8 019A     		ldr	r2, [sp, #4]
 458 01fa FFF7FEFF 		bl	chMBPostAheadS
 459 01fe 0590     		str	r0, [sp, #20]
 460              		.loc 1 220 0
 461 0200 FFF7FEFF 		bl	dbg_check_unlock
 462              	.LBB7:
 463 0204 0023     		movs	r3, #0
 464              	@ 220 "/opt/R2P/core/ChibiOS_2.6.5/os/kernel/src/chmboxes.c" 1
 465 0206 83F31188 		msr     BASEPRI, r3
 466              	@ 0 "" 2
 467              		.thumb
 468              	.LBE7:
 469              		.loc 1 221 0
 470 020a 059B     		ldr	r3, [sp, #20]
 471              		.loc 1 222 0
 472 020c 1846     		mov	r0, r3
 473 020e 07B0     		add	sp, sp, #28
 474              		.cfi_def_cfa_offset 4
 475              		@ sp needed
 476 0210 5DF804FB 		ldr	pc, [sp], #4
 477              		.cfi_endproc
 478              	.LFE12:
 479              		.size	chMBPostAhead, .-chMBPostAhead
 480              		.section	.rodata
 481 003e 0000     		.align	2
 482              	.LC4:
 483 0040 2263684D 		.ascii	"\"chMBPostAheadS\"()\000"
 483      42506F73 
 483      74416865 
 483      61645322 
 483      282900
 484              		.text
 485              		.align	2
 486              		.global	chMBPostAheadS
 487              		.thumb
 488              		.thumb_func
 489              		.type	chMBPostAheadS, %function
 490              	chMBPostAheadS:
 491              	.LFB13:
 492              		.loc 1 243 0
 493              		.cfi_startproc
 494              		@ args = 0, pretend = 0, frame = 24
 495              		@ frame_needed = 0, uses_anonymous_args = 0
 496 0214 00B5     		push	{lr}
 497              		.cfi_def_cfa_offset 4
ARM GAS  /tmp/ccR5p6et.s 			page 10


 498              		.cfi_offset 14, -4
 499 0216 87B0     		sub	sp, sp, #28
 500              		.cfi_def_cfa_offset 32
 501 0218 0390     		str	r0, [sp, #12]
 502 021a 0291     		str	r1, [sp, #8]
 503 021c 0192     		str	r2, [sp, #4]
 504              		.loc 1 246 0
 505 021e FFF7FEFF 		bl	chDbgCheckClassS
 506              		.loc 1 247 0
 507 0222 039B     		ldr	r3, [sp, #12]
 508 0224 002B     		cmp	r3, #0
 509 0226 02D1     		bne	.L29
 510              		.loc 1 247 0 is_stmt 0 discriminator 1
 511 0228 1648     		ldr	r0, .L33
 512 022a FFF7FEFF 		bl	chDbgPanic
 513              	.L29:
 514              		.loc 1 249 0 is_stmt 1
 515 022e 039B     		ldr	r3, [sp, #12]
 516 0230 1C33     		adds	r3, r3, #28
 517 0232 1846     		mov	r0, r3
 518 0234 0199     		ldr	r1, [sp, #4]
 519 0236 FFF7FEFF 		bl	chSemWaitTimeoutS
 520 023a 0590     		str	r0, [sp, #20]
 521              		.loc 1 250 0
 522 023c 059B     		ldr	r3, [sp, #20]
 523 023e 002B     		cmp	r3, #0
 524 0240 1AD1     		bne	.L30
 525              		.loc 1 251 0
 526 0242 039B     		ldr	r3, [sp, #12]
 527 0244 DB68     		ldr	r3, [r3, #12]
 528 0246 1A1F     		subs	r2, r3, #4
 529 0248 039B     		ldr	r3, [sp, #12]
 530 024a DA60     		str	r2, [r3, #12]
 531 024c 039B     		ldr	r3, [sp, #12]
 532 024e DA68     		ldr	r2, [r3, #12]
 533 0250 039B     		ldr	r3, [sp, #12]
 534 0252 1B68     		ldr	r3, [r3]
 535 0254 9A42     		cmp	r2, r3
 536 0256 04D2     		bcs	.L31
 537              		.loc 1 252 0
 538 0258 039B     		ldr	r3, [sp, #12]
 539 025a 5B68     		ldr	r3, [r3, #4]
 540 025c 1A1F     		subs	r2, r3, #4
 541 025e 039B     		ldr	r3, [sp, #12]
 542 0260 DA60     		str	r2, [r3, #12]
 543              	.L31:
 544              		.loc 1 253 0
 545 0262 039B     		ldr	r3, [sp, #12]
 546 0264 DB68     		ldr	r3, [r3, #12]
 547 0266 029A     		ldr	r2, [sp, #8]
 548 0268 1A60     		str	r2, [r3]
 549              		.loc 1 254 0
 550 026a 039B     		ldr	r3, [sp, #12]
 551 026c 1033     		adds	r3, r3, #16
 552 026e 1846     		mov	r0, r3
 553 0270 FFF7FEFF 		bl	chSemSignalI
 554              		.loc 1 255 0
ARM GAS  /tmp/ccR5p6et.s 			page 11


 555 0274 FFF7FEFF 		bl	chSchRescheduleS
 556              	.L30:
 557              		.loc 1 257 0
 558 0278 059B     		ldr	r3, [sp, #20]
 559              		.loc 1 258 0
 560 027a 1846     		mov	r0, r3
 561 027c 07B0     		add	sp, sp, #28
 562              		.cfi_def_cfa_offset 4
 563              		@ sp needed
 564 027e 5DF804FB 		ldr	pc, [sp], #4
 565              	.L34:
 566 0282 00BF     		.align	2
 567              	.L33:
 568 0284 40000000 		.word	.LC4
 569              		.cfi_endproc
 570              	.LFE13:
 571              		.size	chMBPostAheadS, .-chMBPostAheadS
 572              		.section	.rodata
 573 0053 00       		.align	2
 574              	.LC5:
 575 0054 2263684D 		.ascii	"\"chMBPostAheadI\"()\000"
 575      42506F73 
 575      74416865 
 575      61644922 
 575      282900
 576              		.text
 577              		.align	2
 578              		.global	chMBPostAheadI
 579              		.thumb
 580              		.thumb_func
 581              		.type	chMBPostAheadI, %function
 582              	chMBPostAheadI:
 583              	.LFB14:
 584              		.loc 1 274 0
 585              		.cfi_startproc
 586              		@ args = 0, pretend = 0, frame = 8
 587              		@ frame_needed = 0, uses_anonymous_args = 0
 588 0288 00B5     		push	{lr}
 589              		.cfi_def_cfa_offset 4
 590              		.cfi_offset 14, -4
 591 028a 83B0     		sub	sp, sp, #12
 592              		.cfi_def_cfa_offset 16
 593 028c 0190     		str	r0, [sp, #4]
 594 028e 0091     		str	r1, [sp]
 595              		.loc 1 276 0
 596 0290 FFF7FEFF 		bl	chDbgCheckClassI
 597              		.loc 1 277 0
 598 0294 019B     		ldr	r3, [sp, #4]
 599 0296 002B     		cmp	r3, #0
 600 0298 02D1     		bne	.L36
 601              		.loc 1 277 0 is_stmt 0 discriminator 1
 602 029a 1648     		ldr	r0, .L40
 603 029c FFF7FEFF 		bl	chDbgPanic
 604              	.L36:
 605              		.loc 1 279 0 is_stmt 1
 606 02a0 019B     		ldr	r3, [sp, #4]
 607 02a2 5B6A     		ldr	r3, [r3, #36]
ARM GAS  /tmp/ccR5p6et.s 			page 12


 608 02a4 002B     		cmp	r3, #0
 609 02a6 02DC     		bgt	.L37
 610              		.loc 1 280 0
 611 02a8 4FF0FF33 		mov	r3, #-1
 612 02ac 1EE0     		b	.L38
 613              	.L37:
 614              		.loc 1 281 0
 615 02ae 019B     		ldr	r3, [sp, #4]
 616 02b0 5B6A     		ldr	r3, [r3, #36]
 617 02b2 5A1E     		subs	r2, r3, #1
 618 02b4 019B     		ldr	r3, [sp, #4]
 619 02b6 5A62     		str	r2, [r3, #36]
 620              		.loc 1 282 0
 621 02b8 019B     		ldr	r3, [sp, #4]
 622 02ba DB68     		ldr	r3, [r3, #12]
 623 02bc 1A1F     		subs	r2, r3, #4
 624 02be 019B     		ldr	r3, [sp, #4]
 625 02c0 DA60     		str	r2, [r3, #12]
 626 02c2 019B     		ldr	r3, [sp, #4]
 627 02c4 DA68     		ldr	r2, [r3, #12]
 628 02c6 019B     		ldr	r3, [sp, #4]
 629 02c8 1B68     		ldr	r3, [r3]
 630 02ca 9A42     		cmp	r2, r3
 631 02cc 04D2     		bcs	.L39
 632              		.loc 1 283 0
 633 02ce 019B     		ldr	r3, [sp, #4]
 634 02d0 5B68     		ldr	r3, [r3, #4]
 635 02d2 1A1F     		subs	r2, r3, #4
 636 02d4 019B     		ldr	r3, [sp, #4]
 637 02d6 DA60     		str	r2, [r3, #12]
 638              	.L39:
 639              		.loc 1 284 0
 640 02d8 019B     		ldr	r3, [sp, #4]
 641 02da DB68     		ldr	r3, [r3, #12]
 642 02dc 009A     		ldr	r2, [sp]
 643 02de 1A60     		str	r2, [r3]
 644              		.loc 1 285 0
 645 02e0 019B     		ldr	r3, [sp, #4]
 646 02e2 1033     		adds	r3, r3, #16
 647 02e4 1846     		mov	r0, r3
 648 02e6 FFF7FEFF 		bl	chSemSignalI
 649              		.loc 1 286 0
 650 02ea 0023     		movs	r3, #0
 651              	.L38:
 652              		.loc 1 287 0
 653 02ec 1846     		mov	r0, r3
 654 02ee 03B0     		add	sp, sp, #12
 655              		.cfi_def_cfa_offset 4
 656              		@ sp needed
 657 02f0 5DF804FB 		ldr	pc, [sp], #4
 658              	.L41:
 659              		.align	2
 660              	.L40:
 661 02f4 54000000 		.word	.LC5
 662              		.cfi_endproc
 663              	.LFE14:
 664              		.size	chMBPostAheadI, .-chMBPostAheadI
ARM GAS  /tmp/ccR5p6et.s 			page 13


 665              		.align	2
 666              		.global	chMBFetch
 667              		.thumb
 668              		.thumb_func
 669              		.type	chMBFetch, %function
 670              	chMBFetch:
 671              	.LFB15:
 672              		.loc 1 308 0
 673              		.cfi_startproc
 674              		@ args = 0, pretend = 0, frame = 24
 675              		@ frame_needed = 0, uses_anonymous_args = 0
 676 02f8 00B5     		push	{lr}
 677              		.cfi_def_cfa_offset 4
 678              		.cfi_offset 14, -4
 679 02fa 87B0     		sub	sp, sp, #28
 680              		.cfi_def_cfa_offset 32
 681 02fc 0390     		str	r0, [sp, #12]
 682 02fe 0291     		str	r1, [sp, #8]
 683 0300 0192     		str	r2, [sp, #4]
 684              	.LBB8:
 685              		.loc 1 311 0
 686 0302 2023     		movs	r3, #32
 687              	@ 311 "/opt/R2P/core/ChibiOS_2.6.5/os/kernel/src/chmboxes.c" 1
 688 0304 83F31188 		msr     BASEPRI, r3
 689              	@ 0 "" 2
 690              		.thumb
 691              	.LBE8:
 692 0308 FFF7FEFF 		bl	dbg_check_lock
 693              		.loc 1 312 0
 694 030c 0398     		ldr	r0, [sp, #12]
 695 030e 0299     		ldr	r1, [sp, #8]
 696 0310 019A     		ldr	r2, [sp, #4]
 697 0312 FFF7FEFF 		bl	chMBFetchS
 698 0316 0590     		str	r0, [sp, #20]
 699              		.loc 1 313 0
 700 0318 FFF7FEFF 		bl	dbg_check_unlock
 701              	.LBB9:
 702 031c 0023     		movs	r3, #0
 703              	@ 313 "/opt/R2P/core/ChibiOS_2.6.5/os/kernel/src/chmboxes.c" 1
 704 031e 83F31188 		msr     BASEPRI, r3
 705              	@ 0 "" 2
 706              		.thumb
 707              	.LBE9:
 708              		.loc 1 314 0
 709 0322 059B     		ldr	r3, [sp, #20]
 710              		.loc 1 315 0
 711 0324 1846     		mov	r0, r3
 712 0326 07B0     		add	sp, sp, #28
 713              		.cfi_def_cfa_offset 4
 714              		@ sp needed
 715 0328 5DF804FB 		ldr	pc, [sp], #4
 716              		.cfi_endproc
 717              	.LFE15:
 718              		.size	chMBFetch, .-chMBFetch
 719              		.section	.rodata
 720 0067 00       		.align	2
 721              	.LC6:
ARM GAS  /tmp/ccR5p6et.s 			page 14


 722 0068 2263684D 		.ascii	"\"chMBFetchS\"()\000"
 722      42466574 
 722      63685322 
 722      282900
 723              		.text
 724              		.align	2
 725              		.global	chMBFetchS
 726              		.thumb
 727              		.thumb_func
 728              		.type	chMBFetchS, %function
 729              	chMBFetchS:
 730              	.LFB16:
 731              		.loc 1 336 0
 732              		.cfi_startproc
 733              		@ args = 0, pretend = 0, frame = 24
 734              		@ frame_needed = 0, uses_anonymous_args = 0
 735 032c 00B5     		push	{lr}
 736              		.cfi_def_cfa_offset 4
 737              		.cfi_offset 14, -4
 738 032e 87B0     		sub	sp, sp, #28
 739              		.cfi_def_cfa_offset 32
 740 0330 0390     		str	r0, [sp, #12]
 741 0332 0291     		str	r1, [sp, #8]
 742 0334 0192     		str	r2, [sp, #4]
 743              		.loc 1 339 0
 744 0336 FFF7FEFF 		bl	chDbgCheckClassS
 745              		.loc 1 340 0
 746 033a 039B     		ldr	r3, [sp, #12]
 747 033c 002B     		cmp	r3, #0
 748 033e 02D0     		beq	.L45
 749              		.loc 1 340 0 is_stmt 0 discriminator 2
 750 0340 029B     		ldr	r3, [sp, #8]
 751 0342 002B     		cmp	r3, #0
 752 0344 02D1     		bne	.L46
 753              	.L45:
 754              		.loc 1 340 0 discriminator 3
 755 0346 1548     		ldr	r0, .L50
 756 0348 FFF7FEFF 		bl	chDbgPanic
 757              	.L46:
 758              		.loc 1 342 0 is_stmt 1
 759 034c 039B     		ldr	r3, [sp, #12]
 760 034e 1033     		adds	r3, r3, #16
 761 0350 1846     		mov	r0, r3
 762 0352 0199     		ldr	r1, [sp, #4]
 763 0354 FFF7FEFF 		bl	chSemWaitTimeoutS
 764 0358 0590     		str	r0, [sp, #20]
 765              		.loc 1 343 0
 766 035a 059B     		ldr	r3, [sp, #20]
 767 035c 002B     		cmp	r3, #0
 768 035e 18D1     		bne	.L47
 769              		.loc 1 344 0
 770 0360 039B     		ldr	r3, [sp, #12]
 771 0362 DB68     		ldr	r3, [r3, #12]
 772 0364 191D     		adds	r1, r3, #4
 773 0366 039A     		ldr	r2, [sp, #12]
 774 0368 D160     		str	r1, [r2, #12]
 775 036a 1A68     		ldr	r2, [r3]
ARM GAS  /tmp/ccR5p6et.s 			page 15


 776 036c 029B     		ldr	r3, [sp, #8]
 777 036e 1A60     		str	r2, [r3]
 778              		.loc 1 345 0
 779 0370 039B     		ldr	r3, [sp, #12]
 780 0372 DA68     		ldr	r2, [r3, #12]
 781 0374 039B     		ldr	r3, [sp, #12]
 782 0376 5B68     		ldr	r3, [r3, #4]
 783 0378 9A42     		cmp	r2, r3
 784 037a 03D3     		bcc	.L48
 785              		.loc 1 346 0
 786 037c 039B     		ldr	r3, [sp, #12]
 787 037e 1A68     		ldr	r2, [r3]
 788 0380 039B     		ldr	r3, [sp, #12]
 789 0382 DA60     		str	r2, [r3, #12]
 790              	.L48:
 791              		.loc 1 347 0
 792 0384 039B     		ldr	r3, [sp, #12]
 793 0386 1C33     		adds	r3, r3, #28
 794 0388 1846     		mov	r0, r3
 795 038a FFF7FEFF 		bl	chSemSignalI
 796              		.loc 1 348 0
 797 038e FFF7FEFF 		bl	chSchRescheduleS
 798              	.L47:
 799              		.loc 1 350 0
 800 0392 059B     		ldr	r3, [sp, #20]
 801              		.loc 1 351 0
 802 0394 1846     		mov	r0, r3
 803 0396 07B0     		add	sp, sp, #28
 804              		.cfi_def_cfa_offset 4
 805              		@ sp needed
 806 0398 5DF804FB 		ldr	pc, [sp], #4
 807              	.L51:
 808              		.align	2
 809              	.L50:
 810 039c 68000000 		.word	.LC6
 811              		.cfi_endproc
 812              	.LFE16:
 813              		.size	chMBFetchS, .-chMBFetchS
 814              		.section	.rodata
 815 0077 00       		.align	2
 816              	.LC7:
 817 0078 2263684D 		.ascii	"\"chMBFetchI\"()\000"
 817      42466574 
 817      63684922 
 817      282900
 818 0087 00       		.text
 819              		.align	2
 820              		.global	chMBFetchI
 821              		.thumb
 822              		.thumb_func
 823              		.type	chMBFetchI, %function
 824              	chMBFetchI:
 825              	.LFB17:
 826              		.loc 1 367 0
 827              		.cfi_startproc
 828              		@ args = 0, pretend = 0, frame = 8
 829              		@ frame_needed = 0, uses_anonymous_args = 0
ARM GAS  /tmp/ccR5p6et.s 			page 16


 830 03a0 00B5     		push	{lr}
 831              		.cfi_def_cfa_offset 4
 832              		.cfi_offset 14, -4
 833 03a2 83B0     		sub	sp, sp, #12
 834              		.cfi_def_cfa_offset 16
 835 03a4 0190     		str	r0, [sp, #4]
 836 03a6 0091     		str	r1, [sp]
 837              		.loc 1 369 0
 838 03a8 FFF7FEFF 		bl	chDbgCheckClassI
 839              		.loc 1 370 0
 840 03ac 019B     		ldr	r3, [sp, #4]
 841 03ae 002B     		cmp	r3, #0
 842 03b0 02D0     		beq	.L53
 843              		.loc 1 370 0 is_stmt 0 discriminator 2
 844 03b2 009B     		ldr	r3, [sp]
 845 03b4 002B     		cmp	r3, #0
 846 03b6 02D1     		bne	.L54
 847              	.L53:
 848              		.loc 1 370 0 discriminator 3
 849 03b8 1548     		ldr	r0, .L58
 850 03ba FFF7FEFF 		bl	chDbgPanic
 851              	.L54:
 852              		.loc 1 372 0 is_stmt 1
 853 03be 019B     		ldr	r3, [sp, #4]
 854 03c0 9B69     		ldr	r3, [r3, #24]
 855 03c2 002B     		cmp	r3, #0
 856 03c4 02DC     		bgt	.L55
 857              		.loc 1 373 0
 858 03c6 4FF0FF33 		mov	r3, #-1
 859 03ca 1CE0     		b	.L56
 860              	.L55:
 861              		.loc 1 374 0
 862 03cc 019B     		ldr	r3, [sp, #4]
 863 03ce 9B69     		ldr	r3, [r3, #24]
 864 03d0 5A1E     		subs	r2, r3, #1
 865 03d2 019B     		ldr	r3, [sp, #4]
 866 03d4 9A61     		str	r2, [r3, #24]
 867              		.loc 1 375 0
 868 03d6 019B     		ldr	r3, [sp, #4]
 869 03d8 DB68     		ldr	r3, [r3, #12]
 870 03da 191D     		adds	r1, r3, #4
 871 03dc 019A     		ldr	r2, [sp, #4]
 872 03de D160     		str	r1, [r2, #12]
 873 03e0 1A68     		ldr	r2, [r3]
 874 03e2 009B     		ldr	r3, [sp]
 875 03e4 1A60     		str	r2, [r3]
 876              		.loc 1 376 0
 877 03e6 019B     		ldr	r3, [sp, #4]
 878 03e8 DA68     		ldr	r2, [r3, #12]
 879 03ea 019B     		ldr	r3, [sp, #4]
 880 03ec 5B68     		ldr	r3, [r3, #4]
 881 03ee 9A42     		cmp	r2, r3
 882 03f0 03D3     		bcc	.L57
 883              		.loc 1 377 0
 884 03f2 019B     		ldr	r3, [sp, #4]
 885 03f4 1A68     		ldr	r2, [r3]
 886 03f6 019B     		ldr	r3, [sp, #4]
ARM GAS  /tmp/ccR5p6et.s 			page 17


 887 03f8 DA60     		str	r2, [r3, #12]
 888              	.L57:
 889              		.loc 1 378 0
 890 03fa 019B     		ldr	r3, [sp, #4]
 891 03fc 1C33     		adds	r3, r3, #28
 892 03fe 1846     		mov	r0, r3
 893 0400 FFF7FEFF 		bl	chSemSignalI
 894              		.loc 1 379 0
 895 0404 0023     		movs	r3, #0
 896              	.L56:
 897              		.loc 1 380 0
 898 0406 1846     		mov	r0, r3
 899 0408 03B0     		add	sp, sp, #12
 900              		.cfi_def_cfa_offset 4
 901              		@ sp needed
 902 040a 5DF804FB 		ldr	pc, [sp], #4
 903              	.L59:
 904 040e 00BF     		.align	2
 905              	.L58:
 906 0410 78000000 		.word	.LC7
 907              		.cfi_endproc
 908              	.LFE17:
 909              		.size	chMBFetchI, .-chMBFetchI
 910              	.Letext0:
 911              		.file 2 "/opt/R2P/tools/gcc-arm-none-eabi-4_9-2014q4/arm-none-eabi/include/machine/_default_types.
 912              		.file 3 "/opt/R2P/tools/gcc-arm-none-eabi-4_9-2014q4/arm-none-eabi/include/stdint.h"
 913              		.file 4 "/opt/R2P/core/ChibiOS_2.6.5/os/ports/GCC/ARMCMx/chtypes.h"
 914              		.file 5 "/opt/R2P/core/ChibiOS_2.6.5/os/kernel/include/chlists.h"
 915              		.file 6 "/opt/R2P/core/ChibiOS_2.6.5/os/kernel/include/chthreads.h"
 916              		.file 7 "/opt/R2P/core/ChibiOS_2.6.5/os/ports/GCC/ARMCMx/chcore_v7m.h"
 917              		.file 8 "/opt/R2P/core/ChibiOS_2.6.5/os/kernel/include/chsem.h"
 918              		.file 9 "/opt/R2P/core/ChibiOS_2.6.5/os/kernel/include/chmtx.h"
 919              		.file 10 "/opt/R2P/core/ChibiOS_2.6.5/os/kernel/include/chmboxes.h"
 920              		.section	.debug_info,"",%progbits
 921              	.Ldebug_info0:
 922 0000 29080000 		.4byte	0x829
 923 0004 0400     		.2byte	0x4
 924 0006 00000000 		.4byte	.Ldebug_abbrev0
 925 000a 04       		.byte	0x4
 926 000b 01       		.uleb128 0x1
 927 000c B2020000 		.4byte	.LASF85
 928 0010 01       		.byte	0x1
 929 0011 62000000 		.4byte	.LASF86
 930 0015 00000000 		.4byte	.Ltext0
 931 0019 14040000 		.4byte	.Letext0-.Ltext0
 932 001d 00000000 		.4byte	.Ldebug_line0
 933 0021 02       		.uleb128 0x2
 934 0022 04       		.byte	0x4
 935 0023 05       		.byte	0x5
 936 0024 696E7400 		.ascii	"int\000"
 937 0028 03       		.uleb128 0x3
 938 0029 04       		.byte	0x4
 939 002a 07       		.byte	0x7
 940 002b 30010000 		.4byte	.LASF0
 941 002f 03       		.uleb128 0x3
 942 0030 01       		.byte	0x1
 943 0031 06       		.byte	0x6
ARM GAS  /tmp/ccR5p6et.s 			page 18


 944 0032 CD000000 		.4byte	.LASF1
 945 0036 04       		.uleb128 0x4
 946 0037 16000000 		.4byte	.LASF5
 947 003b 02       		.byte	0x2
 948 003c 1D       		.byte	0x1d
 949 003d 41000000 		.4byte	0x41
 950 0041 03       		.uleb128 0x3
 951 0042 01       		.byte	0x1
 952 0043 08       		.byte	0x8
 953 0044 47020000 		.4byte	.LASF2
 954 0048 03       		.uleb128 0x3
 955 0049 02       		.byte	0x2
 956 004a 05       		.byte	0x5
 957 004b 66020000 		.4byte	.LASF3
 958 004f 03       		.uleb128 0x3
 959 0050 02       		.byte	0x2
 960 0051 07       		.byte	0x7
 961 0052 72010000 		.4byte	.LASF4
 962 0056 04       		.uleb128 0x4
 963 0057 68030000 		.4byte	.LASF6
 964 005b 02       		.byte	0x2
 965 005c 3F       		.byte	0x3f
 966 005d 61000000 		.4byte	0x61
 967 0061 03       		.uleb128 0x3
 968 0062 04       		.byte	0x4
 969 0063 05       		.byte	0x5
 970 0064 E9000000 		.4byte	.LASF7
 971 0068 04       		.uleb128 0x4
 972 0069 0B010000 		.4byte	.LASF8
 973 006d 02       		.byte	0x2
 974 006e 41       		.byte	0x41
 975 006f 73000000 		.4byte	0x73
 976 0073 03       		.uleb128 0x3
 977 0074 04       		.byte	0x4
 978 0075 07       		.byte	0x7
 979 0076 46010000 		.4byte	.LASF9
 980 007a 03       		.uleb128 0x3
 981 007b 08       		.byte	0x8
 982 007c 05       		.byte	0x5
 983 007d BF000000 		.4byte	.LASF10
 984 0081 04       		.uleb128 0x4
 985 0082 17020000 		.4byte	.LASF11
 986 0086 02       		.byte	0x2
 987 0087 5B       		.byte	0x5b
 988 0088 8C000000 		.4byte	0x8c
 989 008c 03       		.uleb128 0x3
 990 008d 08       		.byte	0x8
 991 008e 07       		.byte	0x7
 992 008f 4B000000 		.4byte	.LASF12
 993 0093 04       		.uleb128 0x4
 994 0094 BF030000 		.4byte	.LASF13
 995 0098 03       		.byte	0x3
 996 0099 15       		.byte	0x15
 997 009a 36000000 		.4byte	0x36
 998 009e 04       		.uleb128 0x4
 999 009f 3F020000 		.4byte	.LASF14
 1000 00a3 03       		.byte	0x3
ARM GAS  /tmp/ccR5p6et.s 			page 19


 1001 00a4 2C       		.byte	0x2c
 1002 00a5 56000000 		.4byte	0x56
 1003 00a9 04       		.uleb128 0x4
 1004 00aa A9020000 		.4byte	.LASF15
 1005 00ae 03       		.byte	0x3
 1006 00af 2D       		.byte	0x2d
 1007 00b0 68000000 		.4byte	0x68
 1008 00b4 04       		.uleb128 0x4
 1009 00b5 0D000000 		.4byte	.LASF16
 1010 00b9 03       		.byte	0x3
 1011 00ba 39       		.byte	0x39
 1012 00bb 81000000 		.4byte	0x81
 1013 00bf 03       		.uleb128 0x3
 1014 00c0 01       		.byte	0x1
 1015 00c1 02       		.byte	0x2
 1016 00c2 39020000 		.4byte	.LASF17
 1017 00c6 04       		.uleb128 0x4
 1018 00c7 A1010000 		.4byte	.LASF18
 1019 00cb 04       		.byte	0x4
 1020 00cc 2C       		.byte	0x2c
 1021 00cd 93000000 		.4byte	0x93
 1022 00d1 04       		.uleb128 0x4
 1023 00d2 F2000000 		.4byte	.LASF19
 1024 00d6 04       		.byte	0x4
 1025 00d7 2D       		.byte	0x2d
 1026 00d8 93000000 		.4byte	0x93
 1027 00dc 04       		.uleb128 0x4
 1028 00dd 22020000 		.4byte	.LASF20
 1029 00e1 04       		.byte	0x4
 1030 00e2 2E       		.byte	0x2e
 1031 00e3 93000000 		.4byte	0x93
 1032 00e7 04       		.uleb128 0x4
 1033 00e8 31020000 		.4byte	.LASF21
 1034 00ec 04       		.byte	0x4
 1035 00ed 30       		.byte	0x30
 1036 00ee A9000000 		.4byte	0xa9
 1037 00f2 04       		.uleb128 0x4
 1038 00f3 90010000 		.4byte	.LASF22
 1039 00f7 04       		.byte	0x4
 1040 00f8 31       		.byte	0x31
 1041 00f9 9E000000 		.4byte	0x9e
 1042 00fd 04       		.uleb128 0x4
 1043 00fe B5010000 		.4byte	.LASF23
 1044 0102 04       		.byte	0x4
 1045 0103 33       		.byte	0x33
 1046 0104 A9000000 		.4byte	0xa9
 1047 0108 04       		.uleb128 0x4
 1048 0109 53030000 		.4byte	.LASF24
 1049 010d 04       		.byte	0x4
 1050 010e 35       		.byte	0x35
 1051 010f A9000000 		.4byte	0xa9
 1052 0113 04       		.uleb128 0x4
 1053 0114 1F010000 		.4byte	.LASF25
 1054 0118 04       		.byte	0x4
 1055 0119 36       		.byte	0x36
 1056 011a 9E000000 		.4byte	0x9e
 1057 011e 04       		.uleb128 0x4
ARM GAS  /tmp/ccR5p6et.s 			page 20


 1058 011f 97020000 		.4byte	.LASF26
 1059 0123 05       		.byte	0x5
 1060 0124 2A       		.byte	0x2a
 1061 0125 29010000 		.4byte	0x129
 1062 0129 05       		.uleb128 0x5
 1063 012a 97020000 		.4byte	.LASF26
 1064 012e 4C       		.byte	0x4c
 1065 012f 06       		.byte	0x6
 1066 0130 5E       		.byte	0x5e
 1067 0131 26020000 		.4byte	0x226
 1068 0135 06       		.uleb128 0x6
 1069 0136 7F020000 		.4byte	.LASF27
 1070 013a 06       		.byte	0x6
 1071 013b 5F       		.byte	0x5f
 1072 013c 47020000 		.4byte	0x247
 1073 0140 00       		.byte	0
 1074 0141 06       		.uleb128 0x6
 1075 0142 2A020000 		.4byte	.LASF28
 1076 0146 06       		.byte	0x6
 1077 0147 61       		.byte	0x61
 1078 0148 47020000 		.4byte	0x247
 1079 014c 04       		.byte	0x4
 1080 014d 06       		.uleb128 0x6
 1081 014e B8000000 		.4byte	.LASF29
 1082 0152 06       		.byte	0x6
 1083 0153 63       		.byte	0x63
 1084 0154 E7000000 		.4byte	0xe7
 1085 0158 08       		.byte	0x8
 1086 0159 06       		.uleb128 0x6
 1087 015a DD030000 		.4byte	.LASF30
 1088 015e 06       		.byte	0x6
 1089 015f 64       		.byte	0x64
 1090 0160 0C030000 		.4byte	0x30c
 1091 0164 0C       		.byte	0xc
 1092 0165 06       		.uleb128 0x6
 1093 0166 FB000000 		.4byte	.LASF31
 1094 016a 06       		.byte	0x6
 1095 016b 66       		.byte	0x66
 1096 016c 47020000 		.4byte	0x247
 1097 0170 10       		.byte	0x10
 1098 0171 06       		.uleb128 0x6
 1099 0172 F3010000 		.4byte	.LASF32
 1100 0176 06       		.byte	0x6
 1101 0177 67       		.byte	0x67
 1102 0178 47020000 		.4byte	0x247
 1103 017c 14       		.byte	0x14
 1104 017d 06       		.uleb128 0x6
 1105 017e CE030000 		.4byte	.LASF33
 1106 0182 06       		.byte	0x6
 1107 0183 6E       		.byte	0x6e
 1108 0184 42040000 		.4byte	0x442
 1109 0188 18       		.byte	0x18
 1110 0189 06       		.uleb128 0x6
 1111 018a 25010000 		.4byte	.LASF34
 1112 018e 06       		.byte	0x6
 1113 018f 74       		.byte	0x74
 1114 0190 54040000 		.4byte	0x454
ARM GAS  /tmp/ccR5p6et.s 			page 21


 1115 0194 1C       		.byte	0x1c
 1116 0195 06       		.uleb128 0x6
 1117 0196 70020000 		.4byte	.LASF35
 1118 019a 06       		.byte	0x6
 1119 019b 79       		.byte	0x79
 1120 019c D1000000 		.4byte	0xd1
 1121 01a0 20       		.byte	0x20
 1122 01a1 06       		.uleb128 0x6
 1123 01a2 86020000 		.4byte	.LASF36
 1124 01a6 06       		.byte	0x6
 1125 01a7 7D       		.byte	0x7d
 1126 01a8 C6000000 		.4byte	0xc6
 1127 01ac 21       		.byte	0x21
 1128 01ad 06       		.uleb128 0x6
 1129 01ae B8030000 		.4byte	.LASF37
 1130 01b2 06       		.byte	0x6
 1131 01b3 82       		.byte	0x82
 1132 01b4 DC000000 		.4byte	0xdc
 1133 01b8 22       		.byte	0x22
 1134 01b9 06       		.uleb128 0x6
 1135 01ba 72030000 		.4byte	.LASF38
 1136 01be 06       		.byte	0x6
 1137 01bf 8F       		.byte	0x8f
 1138 01c0 34030000 		.4byte	0x334
 1139 01c4 24       		.byte	0x24
 1140 01c5 07       		.uleb128 0x7
 1141 01c6 705F7500 		.ascii	"p_u\000"
 1142 01ca 06       		.byte	0x6
 1143 01cb B4       		.byte	0xb4
 1144 01cc 0D040000 		.4byte	0x40d
 1145 01d0 28       		.byte	0x28
 1146 01d1 06       		.uleb128 0x6
 1147 01d2 E3030000 		.4byte	.LASF39
 1148 01d6 06       		.byte	0x6
 1149 01d7 B9       		.byte	0xb9
 1150 01d8 6D020000 		.4byte	0x26d
 1151 01dc 2C       		.byte	0x2c
 1152 01dd 06       		.uleb128 0x6
 1153 01de 8E030000 		.4byte	.LASF40
 1154 01e2 06       		.byte	0x6
 1155 01e3 BF       		.byte	0xbf
 1156 01e4 4D020000 		.4byte	0x24d
 1157 01e8 30       		.byte	0x30
 1158 01e9 06       		.uleb128 0x6
 1159 01ea 00000000 		.4byte	.LASF41
 1160 01ee 06       		.byte	0x6
 1161 01ef C3       		.byte	0xc3
 1162 01f0 F2000000 		.4byte	0xf2
 1163 01f4 38       		.byte	0x38
 1164 01f5 06       		.uleb128 0x6
 1165 01f6 9E020000 		.4byte	.LASF42
 1166 01fa 06       		.byte	0x6
 1167 01fb C9       		.byte	0xc9
 1168 01fc FD000000 		.4byte	0xfd
 1169 0200 3C       		.byte	0x3c
 1170 0201 06       		.uleb128 0x6
 1171 0202 5C020000 		.4byte	.LASF43
ARM GAS  /tmp/ccR5p6et.s 			page 22


 1172 0206 06       		.byte	0x6
 1173 0207 D0       		.byte	0xd0
 1174 0208 5A040000 		.4byte	0x45a
 1175 020c 40       		.byte	0x40
 1176 020d 06       		.uleb128 0x6
 1177 020e 5D030000 		.4byte	.LASF44
 1178 0212 06       		.byte	0x6
 1179 0213 D4       		.byte	0xd4
 1180 0214 E7000000 		.4byte	0xe7
 1181 0218 44       		.byte	0x44
 1182 0219 06       		.uleb128 0x6
 1183 021a D9000000 		.4byte	.LASF45
 1184 021e 06       		.byte	0x6
 1185 021f DA       		.byte	0xda
 1186 0220 83020000 		.4byte	0x283
 1187 0224 48       		.byte	0x48
 1188 0225 00       		.byte	0
 1189 0226 08       		.uleb128 0x8
 1190 0227 08       		.byte	0x8
 1191 0228 05       		.byte	0x5
 1192 0229 61       		.byte	0x61
 1193 022a 47020000 		.4byte	0x247
 1194 022e 06       		.uleb128 0x6
 1195 022f 7F020000 		.4byte	.LASF27
 1196 0233 05       		.byte	0x5
 1197 0234 62       		.byte	0x62
 1198 0235 47020000 		.4byte	0x247
 1199 0239 00       		.byte	0
 1200 023a 06       		.uleb128 0x6
 1201 023b 2A020000 		.4byte	.LASF28
 1202 023f 05       		.byte	0x5
 1203 0240 64       		.byte	0x64
 1204 0241 47020000 		.4byte	0x247
 1205 0245 04       		.byte	0x4
 1206 0246 00       		.byte	0
 1207 0247 09       		.uleb128 0x9
 1208 0248 04       		.byte	0x4
 1209 0249 1E010000 		.4byte	0x11e
 1210 024d 04       		.uleb128 0x4
 1211 024e FB010000 		.4byte	.LASF46
 1212 0252 05       		.byte	0x5
 1213 0253 66       		.byte	0x66
 1214 0254 26020000 		.4byte	0x226
 1215 0258 08       		.uleb128 0x8
 1216 0259 04       		.byte	0x4
 1217 025a 05       		.byte	0x5
 1218 025b 6B       		.byte	0x6b
 1219 025c 6D020000 		.4byte	0x26d
 1220 0260 06       		.uleb128 0x6
 1221 0261 7F020000 		.4byte	.LASF27
 1222 0265 05       		.byte	0x5
 1223 0266 6D       		.byte	0x6d
 1224 0267 47020000 		.4byte	0x247
 1225 026b 00       		.byte	0
 1226 026c 00       		.byte	0
 1227 026d 04       		.uleb128 0x4
 1228 026e A9010000 		.4byte	.LASF47
ARM GAS  /tmp/ccR5p6et.s 			page 23


 1229 0272 05       		.byte	0x5
 1230 0273 70       		.byte	0x70
 1231 0274 58020000 		.4byte	0x258
 1232 0278 04       		.uleb128 0x4
 1233 0279 16010000 		.4byte	.LASF48
 1234 027d 07       		.byte	0x7
 1235 027e E5       		.byte	0xe5
 1236 027f 83020000 		.4byte	0x283
 1237 0283 0A       		.uleb128 0xa
 1238 0284 04       		.byte	0x4
 1239 0285 04       		.uleb128 0x4
 1240 0286 CC010000 		.4byte	.LASF49
 1241 028a 07       		.byte	0x7
 1242 028b EB       		.byte	0xeb
 1243 028c B4000000 		.4byte	0xb4
 1244 0290 0B       		.uleb128 0xb
 1245 0291 87030000 		.4byte	.LASF50
 1246 0295 24       		.byte	0x24
 1247 0296 07       		.byte	0x7
 1248 0297 0C01     		.2byte	0x10c
 1249 0299 0C030000 		.4byte	0x30c
 1250 029d 0C       		.uleb128 0xc
 1251 029e 723400   		.ascii	"r4\000"
 1252 02a1 07       		.byte	0x7
 1253 02a2 1F01     		.2byte	0x11f
 1254 02a4 78020000 		.4byte	0x278
 1255 02a8 00       		.byte	0
 1256 02a9 0C       		.uleb128 0xc
 1257 02aa 723500   		.ascii	"r5\000"
 1258 02ad 07       		.byte	0x7
 1259 02ae 2001     		.2byte	0x120
 1260 02b0 78020000 		.4byte	0x278
 1261 02b4 04       		.byte	0x4
 1262 02b5 0C       		.uleb128 0xc
 1263 02b6 723600   		.ascii	"r6\000"
 1264 02b9 07       		.byte	0x7
 1265 02ba 2101     		.2byte	0x121
 1266 02bc 78020000 		.4byte	0x278
 1267 02c0 08       		.byte	0x8
 1268 02c1 0C       		.uleb128 0xc
 1269 02c2 723700   		.ascii	"r7\000"
 1270 02c5 07       		.byte	0x7
 1271 02c6 2201     		.2byte	0x122
 1272 02c8 78020000 		.4byte	0x278
 1273 02cc 0C       		.byte	0xc
 1274 02cd 0C       		.uleb128 0xc
 1275 02ce 723800   		.ascii	"r8\000"
 1276 02d1 07       		.byte	0x7
 1277 02d2 2301     		.2byte	0x123
 1278 02d4 78020000 		.4byte	0x278
 1279 02d8 10       		.byte	0x10
 1280 02d9 0C       		.uleb128 0xc
 1281 02da 723900   		.ascii	"r9\000"
 1282 02dd 07       		.byte	0x7
 1283 02de 2401     		.2byte	0x124
 1284 02e0 78020000 		.4byte	0x278
 1285 02e4 14       		.byte	0x14
ARM GAS  /tmp/ccR5p6et.s 			page 24


 1286 02e5 0C       		.uleb128 0xc
 1287 02e6 72313000 		.ascii	"r10\000"
 1288 02ea 07       		.byte	0x7
 1289 02eb 2501     		.2byte	0x125
 1290 02ed 78020000 		.4byte	0x278
 1291 02f1 18       		.byte	0x18
 1292 02f2 0C       		.uleb128 0xc
 1293 02f3 72313100 		.ascii	"r11\000"
 1294 02f7 07       		.byte	0x7
 1295 02f8 2601     		.2byte	0x126
 1296 02fa 78020000 		.4byte	0x278
 1297 02fe 1C       		.byte	0x1c
 1298 02ff 0C       		.uleb128 0xc
 1299 0300 6C7200   		.ascii	"lr\000"
 1300 0303 07       		.byte	0x7
 1301 0304 2701     		.2byte	0x127
 1302 0306 78020000 		.4byte	0x278
 1303 030a 20       		.byte	0x20
 1304 030b 00       		.byte	0
 1305 030c 0B       		.uleb128 0xb
 1306 030d 6A010000 		.4byte	.LASF51
 1307 0311 04       		.byte	0x4
 1308 0312 07       		.byte	0x7
 1309 0313 3101     		.2byte	0x131
 1310 0315 27030000 		.4byte	0x327
 1311 0319 0C       		.uleb128 0xc
 1312 031a 72313300 		.ascii	"r13\000"
 1313 031e 07       		.byte	0x7
 1314 031f 3201     		.2byte	0x132
 1315 0321 27030000 		.4byte	0x327
 1316 0325 00       		.byte	0
 1317 0326 00       		.byte	0
 1318 0327 09       		.uleb128 0x9
 1319 0328 04       		.byte	0x4
 1320 0329 90020000 		.4byte	0x290
 1321 032d 03       		.uleb128 0x3
 1322 032e 04       		.byte	0x4
 1323 032f 07       		.byte	0x7
 1324 0330 D7010000 		.4byte	.LASF52
 1325 0334 0D       		.uleb128 0xd
 1326 0335 08010000 		.4byte	0x108
 1327 0339 05       		.uleb128 0x5
 1328 033a A3030000 		.4byte	.LASF53
 1329 033e 0C       		.byte	0xc
 1330 033f 08       		.byte	0x8
 1331 0340 2C       		.byte	0x2c
 1332 0341 5E030000 		.4byte	0x35e
 1333 0345 06       		.uleb128 0x6
 1334 0346 03010000 		.4byte	.LASF54
 1335 034a 08       		.byte	0x8
 1336 034b 2D       		.byte	0x2d
 1337 034c 4D020000 		.4byte	0x24d
 1338 0350 00       		.byte	0
 1339 0351 06       		.uleb128 0x6
 1340 0352 64010000 		.4byte	.LASF55
 1341 0356 08       		.byte	0x8
 1342 0357 2F       		.byte	0x2f
ARM GAS  /tmp/ccR5p6et.s 			page 25


 1343 0358 13010000 		.4byte	0x113
 1344 035c 08       		.byte	0x8
 1345 035d 00       		.byte	0
 1346 035e 04       		.uleb128 0x4
 1347 035f A3030000 		.4byte	.LASF53
 1348 0363 08       		.byte	0x8
 1349 0364 30       		.byte	0x30
 1350 0365 39030000 		.4byte	0x339
 1351 0369 05       		.uleb128 0x5
 1352 036a C1010000 		.4byte	.LASF56
 1353 036e 10       		.byte	0x10
 1354 036f 09       		.byte	0x9
 1355 0370 2C       		.byte	0x2c
 1356 0371 9A030000 		.4byte	0x39a
 1357 0375 06       		.uleb128 0x6
 1358 0376 E1000000 		.4byte	.LASF57
 1359 037a 09       		.byte	0x9
 1360 037b 2D       		.byte	0x2d
 1361 037c 4D020000 		.4byte	0x24d
 1362 0380 00       		.byte	0
 1363 0381 06       		.uleb128 0x6
 1364 0382 D5030000 		.4byte	.LASF58
 1365 0386 09       		.byte	0x9
 1366 0387 2F       		.byte	0x2f
 1367 0388 47020000 		.4byte	0x247
 1368 038c 08       		.byte	0x8
 1369 038d 06       		.uleb128 0x6
 1370 038e 4C030000 		.4byte	.LASF59
 1371 0392 09       		.byte	0x9
 1372 0393 31       		.byte	0x31
 1373 0394 9A030000 		.4byte	0x39a
 1374 0398 0C       		.byte	0xc
 1375 0399 00       		.byte	0
 1376 039a 09       		.uleb128 0x9
 1377 039b 04       		.byte	0x4
 1378 039c 69030000 		.4byte	0x369
 1379 03a0 04       		.uleb128 0x4
 1380 03a1 C1010000 		.4byte	.LASF56
 1381 03a5 09       		.byte	0x9
 1382 03a6 33       		.byte	0x33
 1383 03a7 69030000 		.4byte	0x369
 1384 03ab 08       		.uleb128 0x8
 1385 03ac 28       		.byte	0x28
 1386 03ad 0A       		.byte	0xa
 1387 03ae 33       		.byte	0x33
 1388 03af FC030000 		.4byte	0x3fc
 1389 03b3 06       		.uleb128 0x6
 1390 03b4 08020000 		.4byte	.LASF60
 1391 03b8 0A       		.byte	0xa
 1392 03b9 34       		.byte	0x34
 1393 03ba FC030000 		.4byte	0x3fc
 1394 03be 00       		.byte	0
 1395 03bf 06       		.uleb128 0x6
 1396 03c0 55020000 		.4byte	.LASF61
 1397 03c4 0A       		.byte	0xa
 1398 03c5 36       		.byte	0x36
 1399 03c6 FC030000 		.4byte	0x3fc
ARM GAS  /tmp/ccR5p6et.s 			page 26


 1400 03ca 04       		.byte	0x4
 1401 03cb 06       		.uleb128 0x6
 1402 03cc AF000000 		.4byte	.LASF62
 1403 03d0 0A       		.byte	0xa
 1404 03d1 38       		.byte	0x38
 1405 03d2 FC030000 		.4byte	0x3fc
 1406 03d6 08       		.byte	0x8
 1407 03d7 06       		.uleb128 0x6
 1408 03d8 E0010000 		.4byte	.LASF63
 1409 03dc 0A       		.byte	0xa
 1410 03dd 39       		.byte	0x39
 1411 03de FC030000 		.4byte	0x3fc
 1412 03e2 0C       		.byte	0xc
 1413 03e3 06       		.uleb128 0x6
 1414 03e4 AD030000 		.4byte	.LASF64
 1415 03e8 0A       		.byte	0xa
 1416 03e9 3A       		.byte	0x3a
 1417 03ea 5E030000 		.4byte	0x35e
 1418 03ee 10       		.byte	0x10
 1419 03ef 06       		.uleb128 0x6
 1420 03f0 58010000 		.4byte	.LASF65
 1421 03f4 0A       		.byte	0xa
 1422 03f5 3C       		.byte	0x3c
 1423 03f6 5E030000 		.4byte	0x35e
 1424 03fa 1C       		.byte	0x1c
 1425 03fb 00       		.byte	0
 1426 03fc 09       		.uleb128 0x9
 1427 03fd 04       		.byte	0x4
 1428 03fe F2000000 		.4byte	0xf2
 1429 0402 04       		.uleb128 0x4
 1430 0403 34000000 		.4byte	.LASF66
 1431 0407 0A       		.byte	0xa
 1432 0408 3E       		.byte	0x3e
 1433 0409 AB030000 		.4byte	0x3ab
 1434 040d 0E       		.uleb128 0xe
 1435 040e 04       		.byte	0x4
 1436 040f 06       		.byte	0x6
 1437 0410 96       		.byte	0x96
 1438 0411 42040000 		.4byte	0x442
 1439 0415 0F       		.uleb128 0xf
 1440 0416 06000000 		.4byte	.LASF67
 1441 041a 06       		.byte	0x6
 1442 041b 9D       		.byte	0x9d
 1443 041c F2000000 		.4byte	0xf2
 1444 0420 0F       		.uleb128 0xf
 1445 0421 97000000 		.4byte	.LASF68
 1446 0425 06       		.byte	0x6
 1447 0426 A4       		.byte	0xa4
 1448 0427 F2000000 		.4byte	0xf2
 1449 042b 0F       		.uleb128 0xf
 1450 042c C7030000 		.4byte	.LASF69
 1451 0430 06       		.byte	0x6
 1452 0431 AB       		.byte	0xab
 1453 0432 83020000 		.4byte	0x283
 1454 0436 0F       		.uleb128 0xf
 1455 0437 78020000 		.4byte	.LASF70
 1456 043b 06       		.byte	0x6
ARM GAS  /tmp/ccR5p6et.s 			page 27


 1457 043c B2       		.byte	0xb2
 1458 043d FD000000 		.4byte	0xfd
 1459 0441 00       		.byte	0
 1460 0442 09       		.uleb128 0x9
 1461 0443 04       		.byte	0x4
 1462 0444 48040000 		.4byte	0x448
 1463 0448 10       		.uleb128 0x10
 1464 0449 4D040000 		.4byte	0x44d
 1465 044d 03       		.uleb128 0x3
 1466 044e 01       		.byte	0x1
 1467 044f 08       		.byte	0x8
 1468 0450 47030000 		.4byte	.LASF71
 1469 0454 09       		.uleb128 0x9
 1470 0455 04       		.byte	0x4
 1471 0456 85020000 		.4byte	0x285
 1472 045a 09       		.uleb128 0x9
 1473 045b 04       		.byte	0x4
 1474 045c A0030000 		.4byte	0x3a0
 1475 0460 11       		.uleb128 0x11
 1476 0461 3D010000 		.4byte	.LASF72
 1477 0465 01       		.byte	0x1
 1478 0466 48       		.byte	0x48
 1479 0467 00000000 		.4byte	.LFB7
 1480 046b 68000000 		.4byte	.LFE7-.LFB7
 1481 046f 01       		.uleb128 0x1
 1482 0470 9C       		.byte	0x9c
 1483 0471 9E040000 		.4byte	0x49e
 1484 0475 12       		.uleb128 0x12
 1485 0476 6D627000 		.ascii	"mbp\000"
 1486 047a 01       		.byte	0x1
 1487 047b 48       		.byte	0x48
 1488 047c 9E040000 		.4byte	0x49e
 1489 0480 02       		.uleb128 0x2
 1490 0481 91       		.byte	0x91
 1491 0482 74       		.sleb128 -12
 1492 0483 12       		.uleb128 0x12
 1493 0484 62756600 		.ascii	"buf\000"
 1494 0488 01       		.byte	0x1
 1495 0489 48       		.byte	0x48
 1496 048a FC030000 		.4byte	0x3fc
 1497 048e 02       		.uleb128 0x2
 1498 048f 91       		.byte	0x91
 1499 0490 70       		.sleb128 -16
 1500 0491 12       		.uleb128 0x12
 1501 0492 6E00     		.ascii	"n\000"
 1502 0494 01       		.byte	0x1
 1503 0495 48       		.byte	0x48
 1504 0496 13010000 		.4byte	0x113
 1505 049a 02       		.uleb128 0x2
 1506 049b 91       		.byte	0x91
 1507 049c 6C       		.sleb128 -20
 1508 049d 00       		.byte	0
 1509 049e 09       		.uleb128 0x9
 1510 049f 04       		.byte	0x4
 1511 04a0 02040000 		.4byte	0x402
 1512 04a4 11       		.uleb128 0x11
 1513 04a5 E9010000 		.4byte	.LASF73
ARM GAS  /tmp/ccR5p6et.s 			page 28


 1514 04a9 01       		.byte	0x1
 1515 04aa 5B       		.byte	0x5b
 1516 04ab 68000000 		.4byte	.LFB8
 1517 04af 6C000000 		.4byte	.LFE8-.LFB8
 1518 04b3 01       		.uleb128 0x1
 1519 04b4 9C       		.byte	0x9c
 1520 04b5 FA040000 		.4byte	0x4fa
 1521 04b9 12       		.uleb128 0x12
 1522 04ba 6D627000 		.ascii	"mbp\000"
 1523 04be 01       		.byte	0x1
 1524 04bf 5B       		.byte	0x5b
 1525 04c0 9E040000 		.4byte	0x49e
 1526 04c4 02       		.uleb128 0x2
 1527 04c5 91       		.byte	0x91
 1528 04c6 74       		.sleb128 -12
 1529 04c7 13       		.uleb128 0x13
 1530 04c8 7A000000 		.4byte	.LBB2
 1531 04cc 06000000 		.4byte	.LBE2-.LBB2
 1532 04d0 E2040000 		.4byte	0x4e2
 1533 04d4 14       		.uleb128 0x14
 1534 04d5 746D7000 		.ascii	"tmp\000"
 1535 04d9 01       		.byte	0x1
 1536 04da 5F       		.byte	0x5f
 1537 04db A9000000 		.4byte	0xa9
 1538 04df 01       		.uleb128 0x1
 1539 04e0 53       		.byte	0x53
 1540 04e1 00       		.byte	0
 1541 04e2 15       		.uleb128 0x15
 1542 04e3 C4000000 		.4byte	.LBB3
 1543 04e7 06000000 		.4byte	.LBE3-.LBB3
 1544 04eb 14       		.uleb128 0x14
 1545 04ec 746D7000 		.ascii	"tmp\000"
 1546 04f0 01       		.byte	0x1
 1547 04f1 64       		.byte	0x64
 1548 04f2 A9000000 		.4byte	0xa9
 1549 04f6 01       		.uleb128 0x1
 1550 04f7 53       		.byte	0x53
 1551 04f8 00       		.byte	0
 1552 04f9 00       		.byte	0
 1553 04fa 16       		.uleb128 0x16
 1554 04fb 8E020000 		.4byte	.LASF75
 1555 04ff 01       		.byte	0x1
 1556 0500 7A       		.byte	0x7a
 1557 0501 F2000000 		.4byte	0xf2
 1558 0505 D4000000 		.4byte	.LFB9
 1559 0509 34000000 		.4byte	.LFE9-.LFB9
 1560 050d 01       		.uleb128 0x1
 1561 050e 9C       		.byte	0x9c
 1562 050f 7E050000 		.4byte	0x57e
 1563 0513 12       		.uleb128 0x12
 1564 0514 6D627000 		.ascii	"mbp\000"
 1565 0518 01       		.byte	0x1
 1566 0519 7A       		.byte	0x7a
 1567 051a 9E040000 		.4byte	0x49e
 1568 051e 02       		.uleb128 0x2
 1569 051f 91       		.byte	0x91
 1570 0520 6C       		.sleb128 -20
ARM GAS  /tmp/ccR5p6et.s 			page 29


 1571 0521 12       		.uleb128 0x12
 1572 0522 6D736700 		.ascii	"msg\000"
 1573 0526 01       		.byte	0x1
 1574 0527 7A       		.byte	0x7a
 1575 0528 F2000000 		.4byte	0xf2
 1576 052c 02       		.uleb128 0x2
 1577 052d 91       		.byte	0x91
 1578 052e 68       		.sleb128 -24
 1579 052f 17       		.uleb128 0x17
 1580 0530 12020000 		.4byte	.LASF74
 1581 0534 01       		.byte	0x1
 1582 0535 7A       		.byte	0x7a
 1583 0536 08010000 		.4byte	0x108
 1584 053a 02       		.uleb128 0x2
 1585 053b 91       		.byte	0x91
 1586 053c 64       		.sleb128 -28
 1587 053d 18       		.uleb128 0x18
 1588 053e 06000000 		.4byte	.LASF67
 1589 0542 01       		.byte	0x1
 1590 0543 7B       		.byte	0x7b
 1591 0544 F2000000 		.4byte	0xf2
 1592 0548 02       		.uleb128 0x2
 1593 0549 91       		.byte	0x91
 1594 054a 74       		.sleb128 -12
 1595 054b 13       		.uleb128 0x13
 1596 054c DE000000 		.4byte	.LBB4
 1597 0550 06000000 		.4byte	.LBE4-.LBB4
 1598 0554 66050000 		.4byte	0x566
 1599 0558 14       		.uleb128 0x14
 1600 0559 746D7000 		.ascii	"tmp\000"
 1601 055d 01       		.byte	0x1
 1602 055e 7D       		.byte	0x7d
 1603 055f A9000000 		.4byte	0xa9
 1604 0563 01       		.uleb128 0x1
 1605 0564 53       		.byte	0x53
 1606 0565 00       		.byte	0
 1607 0566 15       		.uleb128 0x15
 1608 0567 F8000000 		.4byte	.LBB5
 1609 056b 06000000 		.4byte	.LBE5-.LBB5
 1610 056f 14       		.uleb128 0x14
 1611 0570 746D7000 		.ascii	"tmp\000"
 1612 0574 01       		.byte	0x1
 1613 0575 7F       		.byte	0x7f
 1614 0576 A9000000 		.4byte	0xa9
 1615 057a 01       		.uleb128 0x1
 1616 057b 53       		.byte	0x53
 1617 057c 00       		.byte	0
 1618 057d 00       		.byte	0
 1619 057e 16       		.uleb128 0x16
 1620 057f 2A000000 		.4byte	.LASF76
 1621 0583 01       		.byte	0x1
 1622 0584 96       		.byte	0x96
 1623 0585 F2000000 		.4byte	0xf2
 1624 0589 08010000 		.4byte	.LFB10
 1625 058d 6C000000 		.4byte	.LFE10-.LFB10
 1626 0591 01       		.uleb128 0x1
 1627 0592 9C       		.byte	0x9c
ARM GAS  /tmp/ccR5p6et.s 			page 30


 1628 0593 D0050000 		.4byte	0x5d0
 1629 0597 12       		.uleb128 0x12
 1630 0598 6D627000 		.ascii	"mbp\000"
 1631 059c 01       		.byte	0x1
 1632 059d 96       		.byte	0x96
 1633 059e 9E040000 		.4byte	0x49e
 1634 05a2 02       		.uleb128 0x2
 1635 05a3 91       		.byte	0x91
 1636 05a4 6C       		.sleb128 -20
 1637 05a5 12       		.uleb128 0x12
 1638 05a6 6D736700 		.ascii	"msg\000"
 1639 05aa 01       		.byte	0x1
 1640 05ab 96       		.byte	0x96
 1641 05ac F2000000 		.4byte	0xf2
 1642 05b0 02       		.uleb128 0x2
 1643 05b1 91       		.byte	0x91
 1644 05b2 68       		.sleb128 -24
 1645 05b3 17       		.uleb128 0x17
 1646 05b4 12020000 		.4byte	.LASF74
 1647 05b8 01       		.byte	0x1
 1648 05b9 96       		.byte	0x96
 1649 05ba 08010000 		.4byte	0x108
 1650 05be 02       		.uleb128 0x2
 1651 05bf 91       		.byte	0x91
 1652 05c0 64       		.sleb128 -28
 1653 05c1 18       		.uleb128 0x18
 1654 05c2 06000000 		.4byte	.LASF67
 1655 05c6 01       		.byte	0x1
 1656 05c7 97       		.byte	0x97
 1657 05c8 F2000000 		.4byte	0xf2
 1658 05cc 02       		.uleb128 0x2
 1659 05cd 91       		.byte	0x91
 1660 05ce 74       		.sleb128 -12
 1661 05cf 00       		.byte	0
 1662 05d0 16       		.uleb128 0x16
 1663 05d1 20000000 		.4byte	.LASF77
 1664 05d5 01       		.byte	0x1
 1665 05d6 B5       		.byte	0xb5
 1666 05d7 F2000000 		.4byte	0xf2
 1667 05db 74010000 		.4byte	.LFB11
 1668 05df 6C000000 		.4byte	.LFE11-.LFB11
 1669 05e3 01       		.uleb128 0x1
 1670 05e4 9C       		.byte	0x9c
 1671 05e5 06060000 		.4byte	0x606
 1672 05e9 12       		.uleb128 0x12
 1673 05ea 6D627000 		.ascii	"mbp\000"
 1674 05ee 01       		.byte	0x1
 1675 05ef B5       		.byte	0xb5
 1676 05f0 9E040000 		.4byte	0x49e
 1677 05f4 02       		.uleb128 0x2
 1678 05f5 91       		.byte	0x91
 1679 05f6 74       		.sleb128 -12
 1680 05f7 12       		.uleb128 0x12
 1681 05f8 6D736700 		.ascii	"msg\000"
 1682 05fc 01       		.byte	0x1
 1683 05fd B5       		.byte	0xb5
 1684 05fe F2000000 		.4byte	0xf2
ARM GAS  /tmp/ccR5p6et.s 			page 31


 1685 0602 02       		.uleb128 0x2
 1686 0603 91       		.byte	0x91
 1687 0604 70       		.sleb128 -16
 1688 0605 00       		.byte	0
 1689 0606 16       		.uleb128 0x16
 1690 0607 79030000 		.4byte	.LASF78
 1691 060b 01       		.byte	0x1
 1692 060c D7       		.byte	0xd7
 1693 060d F2000000 		.4byte	0xf2
 1694 0611 E0010000 		.4byte	.LFB12
 1695 0615 34000000 		.4byte	.LFE12-.LFB12
 1696 0619 01       		.uleb128 0x1
 1697 061a 9C       		.byte	0x9c
 1698 061b 8A060000 		.4byte	0x68a
 1699 061f 12       		.uleb128 0x12
 1700 0620 6D627000 		.ascii	"mbp\000"
 1701 0624 01       		.byte	0x1
 1702 0625 D7       		.byte	0xd7
 1703 0626 9E040000 		.4byte	0x49e
 1704 062a 02       		.uleb128 0x2
 1705 062b 91       		.byte	0x91
 1706 062c 6C       		.sleb128 -20
 1707 062d 12       		.uleb128 0x12
 1708 062e 6D736700 		.ascii	"msg\000"
 1709 0632 01       		.byte	0x1
 1710 0633 D7       		.byte	0xd7
 1711 0634 F2000000 		.4byte	0xf2
 1712 0638 02       		.uleb128 0x2
 1713 0639 91       		.byte	0x91
 1714 063a 68       		.sleb128 -24
 1715 063b 17       		.uleb128 0x17
 1716 063c 12020000 		.4byte	.LASF74
 1717 0640 01       		.byte	0x1
 1718 0641 D7       		.byte	0xd7
 1719 0642 08010000 		.4byte	0x108
 1720 0646 02       		.uleb128 0x2
 1721 0647 91       		.byte	0x91
 1722 0648 64       		.sleb128 -28
 1723 0649 18       		.uleb128 0x18
 1724 064a 06000000 		.4byte	.LASF67
 1725 064e 01       		.byte	0x1
 1726 064f D8       		.byte	0xd8
 1727 0650 F2000000 		.4byte	0xf2
 1728 0654 02       		.uleb128 0x2
 1729 0655 91       		.byte	0x91
 1730 0656 74       		.sleb128 -12
 1731 0657 13       		.uleb128 0x13
 1732 0658 EA010000 		.4byte	.LBB6
 1733 065c 06000000 		.4byte	.LBE6-.LBB6
 1734 0660 72060000 		.4byte	0x672
 1735 0664 14       		.uleb128 0x14
 1736 0665 746D7000 		.ascii	"tmp\000"
 1737 0669 01       		.byte	0x1
 1738 066a DA       		.byte	0xda
 1739 066b A9000000 		.4byte	0xa9
 1740 066f 01       		.uleb128 0x1
 1741 0670 53       		.byte	0x53
ARM GAS  /tmp/ccR5p6et.s 			page 32


 1742 0671 00       		.byte	0
 1743 0672 15       		.uleb128 0x15
 1744 0673 04020000 		.4byte	.LBB7
 1745 0677 06000000 		.4byte	.LBE7-.LBB7
 1746 067b 14       		.uleb128 0x14
 1747 067c 746D7000 		.ascii	"tmp\000"
 1748 0680 01       		.byte	0x1
 1749 0681 DC       		.byte	0xdc
 1750 0682 A9000000 		.4byte	0xa9
 1751 0686 01       		.uleb128 0x1
 1752 0687 53       		.byte	0x53
 1753 0688 00       		.byte	0
 1754 0689 00       		.byte	0
 1755 068a 16       		.uleb128 0x16
 1756 068b A0000000 		.4byte	.LASF79
 1757 068f 01       		.byte	0x1
 1758 0690 F3       		.byte	0xf3
 1759 0691 F2000000 		.4byte	0xf2
 1760 0695 14020000 		.4byte	.LFB13
 1761 0699 74000000 		.4byte	.LFE13-.LFB13
 1762 069d 01       		.uleb128 0x1
 1763 069e 9C       		.byte	0x9c
 1764 069f DC060000 		.4byte	0x6dc
 1765 06a3 12       		.uleb128 0x12
 1766 06a4 6D627000 		.ascii	"mbp\000"
 1767 06a8 01       		.byte	0x1
 1768 06a9 F3       		.byte	0xf3
 1769 06aa 9E040000 		.4byte	0x49e
 1770 06ae 02       		.uleb128 0x2
 1771 06af 91       		.byte	0x91
 1772 06b0 6C       		.sleb128 -20
 1773 06b1 12       		.uleb128 0x12
 1774 06b2 6D736700 		.ascii	"msg\000"
 1775 06b6 01       		.byte	0x1
 1776 06b7 F3       		.byte	0xf3
 1777 06b8 F2000000 		.4byte	0xf2
 1778 06bc 02       		.uleb128 0x2
 1779 06bd 91       		.byte	0x91
 1780 06be 68       		.sleb128 -24
 1781 06bf 17       		.uleb128 0x17
 1782 06c0 12020000 		.4byte	.LASF74
 1783 06c4 01       		.byte	0x1
 1784 06c5 F3       		.byte	0xf3
 1785 06c6 08010000 		.4byte	0x108
 1786 06ca 02       		.uleb128 0x2
 1787 06cb 91       		.byte	0x91
 1788 06cc 64       		.sleb128 -28
 1789 06cd 18       		.uleb128 0x18
 1790 06ce 06000000 		.4byte	.LASF67
 1791 06d2 01       		.byte	0x1
 1792 06d3 F4       		.byte	0xf4
 1793 06d4 F2000000 		.4byte	0xf2
 1794 06d8 02       		.uleb128 0x2
 1795 06d9 91       		.byte	0x91
 1796 06da 74       		.sleb128 -12
 1797 06db 00       		.byte	0
 1798 06dc 19       		.uleb128 0x19
ARM GAS  /tmp/ccR5p6et.s 			page 33


 1799 06dd 3C000000 		.4byte	.LASF80
 1800 06e1 01       		.byte	0x1
 1801 06e2 1201     		.2byte	0x112
 1802 06e4 F2000000 		.4byte	0xf2
 1803 06e8 88020000 		.4byte	.LFB14
 1804 06ec 70000000 		.4byte	.LFE14-.LFB14
 1805 06f0 01       		.uleb128 0x1
 1806 06f1 9C       		.byte	0x9c
 1807 06f2 15070000 		.4byte	0x715
 1808 06f6 1A       		.uleb128 0x1a
 1809 06f7 6D627000 		.ascii	"mbp\000"
 1810 06fb 01       		.byte	0x1
 1811 06fc 1201     		.2byte	0x112
 1812 06fe 9E040000 		.4byte	0x49e
 1813 0702 02       		.uleb128 0x2
 1814 0703 91       		.byte	0x91
 1815 0704 74       		.sleb128 -12
 1816 0705 1A       		.uleb128 0x1a
 1817 0706 6D736700 		.ascii	"msg\000"
 1818 070a 01       		.byte	0x1
 1819 070b 1201     		.2byte	0x112
 1820 070d F2000000 		.4byte	0xf2
 1821 0711 02       		.uleb128 0x2
 1822 0712 91       		.byte	0x91
 1823 0713 70       		.sleb128 -16
 1824 0714 00       		.byte	0
 1825 0715 19       		.uleb128 0x19
 1826 0716 99030000 		.4byte	.LASF81
 1827 071a 01       		.byte	0x1
 1828 071b 3401     		.2byte	0x134
 1829 071d F2000000 		.4byte	0xf2
 1830 0721 F8020000 		.4byte	.LFB15
 1831 0725 34000000 		.4byte	.LFE15-.LFB15
 1832 0729 01       		.uleb128 0x1
 1833 072a 9C       		.byte	0x9c
 1834 072b A0070000 		.4byte	0x7a0
 1835 072f 1A       		.uleb128 0x1a
 1836 0730 6D627000 		.ascii	"mbp\000"
 1837 0734 01       		.byte	0x1
 1838 0735 3401     		.2byte	0x134
 1839 0737 9E040000 		.4byte	0x49e
 1840 073b 02       		.uleb128 0x2
 1841 073c 91       		.byte	0x91
 1842 073d 6C       		.sleb128 -20
 1843 073e 1B       		.uleb128 0x1b
 1844 073f C7010000 		.4byte	.LASF82
 1845 0743 01       		.byte	0x1
 1846 0744 3401     		.2byte	0x134
 1847 0746 FC030000 		.4byte	0x3fc
 1848 074a 02       		.uleb128 0x2
 1849 074b 91       		.byte	0x91
 1850 074c 68       		.sleb128 -24
 1851 074d 1B       		.uleb128 0x1b
 1852 074e 12020000 		.4byte	.LASF74
 1853 0752 01       		.byte	0x1
 1854 0753 3401     		.2byte	0x134
 1855 0755 08010000 		.4byte	0x108
ARM GAS  /tmp/ccR5p6et.s 			page 34


 1856 0759 02       		.uleb128 0x2
 1857 075a 91       		.byte	0x91
 1858 075b 64       		.sleb128 -28
 1859 075c 1C       		.uleb128 0x1c
 1860 075d 06000000 		.4byte	.LASF67
 1861 0761 01       		.byte	0x1
 1862 0762 3501     		.2byte	0x135
 1863 0764 F2000000 		.4byte	0xf2
 1864 0768 02       		.uleb128 0x2
 1865 0769 91       		.byte	0x91
 1866 076a 74       		.sleb128 -12
 1867 076b 13       		.uleb128 0x13
 1868 076c 02030000 		.4byte	.LBB8
 1869 0770 06000000 		.4byte	.LBE8-.LBB8
 1870 0774 87070000 		.4byte	0x787
 1871 0778 1D       		.uleb128 0x1d
 1872 0779 746D7000 		.ascii	"tmp\000"
 1873 077d 01       		.byte	0x1
 1874 077e 3701     		.2byte	0x137
 1875 0780 A9000000 		.4byte	0xa9
 1876 0784 01       		.uleb128 0x1
 1877 0785 53       		.byte	0x53
 1878 0786 00       		.byte	0
 1879 0787 15       		.uleb128 0x15
 1880 0788 1C030000 		.4byte	.LBB9
 1881 078c 06000000 		.4byte	.LBE9-.LBB9
 1882 0790 1D       		.uleb128 0x1d
 1883 0791 746D7000 		.ascii	"tmp\000"
 1884 0795 01       		.byte	0x1
 1885 0796 3901     		.2byte	0x139
 1886 0798 A9000000 		.4byte	0xa9
 1887 079c 01       		.uleb128 0x1
 1888 079d 53       		.byte	0x53
 1889 079e 00       		.byte	0
 1890 079f 00       		.byte	0
 1891 07a0 19       		.uleb128 0x19
 1892 07a1 96010000 		.4byte	.LASF83
 1893 07a5 01       		.byte	0x1
 1894 07a6 5001     		.2byte	0x150
 1895 07a8 F2000000 		.4byte	0xf2
 1896 07ac 2C030000 		.4byte	.LFB16
 1897 07b0 74000000 		.4byte	.LFE16-.LFB16
 1898 07b4 01       		.uleb128 0x1
 1899 07b5 9C       		.byte	0x9c
 1900 07b6 F7070000 		.4byte	0x7f7
 1901 07ba 1A       		.uleb128 0x1a
 1902 07bb 6D627000 		.ascii	"mbp\000"
 1903 07bf 01       		.byte	0x1
 1904 07c0 5001     		.2byte	0x150
 1905 07c2 9E040000 		.4byte	0x49e
 1906 07c6 02       		.uleb128 0x2
 1907 07c7 91       		.byte	0x91
 1908 07c8 6C       		.sleb128 -20
 1909 07c9 1B       		.uleb128 0x1b
 1910 07ca C7010000 		.4byte	.LASF82
 1911 07ce 01       		.byte	0x1
 1912 07cf 5001     		.2byte	0x150
ARM GAS  /tmp/ccR5p6et.s 			page 35


 1913 07d1 FC030000 		.4byte	0x3fc
 1914 07d5 02       		.uleb128 0x2
 1915 07d6 91       		.byte	0x91
 1916 07d7 68       		.sleb128 -24
 1917 07d8 1B       		.uleb128 0x1b
 1918 07d9 12020000 		.4byte	.LASF74
 1919 07dd 01       		.byte	0x1
 1920 07de 5001     		.2byte	0x150
 1921 07e0 08010000 		.4byte	0x108
 1922 07e4 02       		.uleb128 0x2
 1923 07e5 91       		.byte	0x91
 1924 07e6 64       		.sleb128 -28
 1925 07e7 1C       		.uleb128 0x1c
 1926 07e8 06000000 		.4byte	.LASF67
 1927 07ec 01       		.byte	0x1
 1928 07ed 5101     		.2byte	0x151
 1929 07ef F2000000 		.4byte	0xf2
 1930 07f3 02       		.uleb128 0x2
 1931 07f4 91       		.byte	0x91
 1932 07f5 74       		.sleb128 -12
 1933 07f6 00       		.byte	0
 1934 07f7 1E       		.uleb128 0x1e
 1935 07f8 85010000 		.4byte	.LASF84
 1936 07fc 01       		.byte	0x1
 1937 07fd 6F01     		.2byte	0x16f
 1938 07ff F2000000 		.4byte	0xf2
 1939 0803 A0030000 		.4byte	.LFB17
 1940 0807 74000000 		.4byte	.LFE17-.LFB17
 1941 080b 01       		.uleb128 0x1
 1942 080c 9C       		.byte	0x9c
 1943 080d 1A       		.uleb128 0x1a
 1944 080e 6D627000 		.ascii	"mbp\000"
 1945 0812 01       		.byte	0x1
 1946 0813 6F01     		.2byte	0x16f
 1947 0815 9E040000 		.4byte	0x49e
 1948 0819 02       		.uleb128 0x2
 1949 081a 91       		.byte	0x91
 1950 081b 74       		.sleb128 -12
 1951 081c 1B       		.uleb128 0x1b
 1952 081d C7010000 		.4byte	.LASF82
 1953 0821 01       		.byte	0x1
 1954 0822 6F01     		.2byte	0x16f
 1955 0824 FC030000 		.4byte	0x3fc
 1956 0828 02       		.uleb128 0x2
 1957 0829 91       		.byte	0x91
 1958 082a 70       		.sleb128 -16
 1959 082b 00       		.byte	0
 1960 082c 00       		.byte	0
 1961              		.section	.debug_abbrev,"",%progbits
 1962              	.Ldebug_abbrev0:
 1963 0000 01       		.uleb128 0x1
 1964 0001 11       		.uleb128 0x11
 1965 0002 01       		.byte	0x1
 1966 0003 25       		.uleb128 0x25
 1967 0004 0E       		.uleb128 0xe
 1968 0005 13       		.uleb128 0x13
 1969 0006 0B       		.uleb128 0xb
ARM GAS  /tmp/ccR5p6et.s 			page 36


 1970 0007 03       		.uleb128 0x3
 1971 0008 0E       		.uleb128 0xe
 1972 0009 11       		.uleb128 0x11
 1973 000a 01       		.uleb128 0x1
 1974 000b 12       		.uleb128 0x12
 1975 000c 06       		.uleb128 0x6
 1976 000d 10       		.uleb128 0x10
 1977 000e 17       		.uleb128 0x17
 1978 000f 00       		.byte	0
 1979 0010 00       		.byte	0
 1980 0011 02       		.uleb128 0x2
 1981 0012 24       		.uleb128 0x24
 1982 0013 00       		.byte	0
 1983 0014 0B       		.uleb128 0xb
 1984 0015 0B       		.uleb128 0xb
 1985 0016 3E       		.uleb128 0x3e
 1986 0017 0B       		.uleb128 0xb
 1987 0018 03       		.uleb128 0x3
 1988 0019 08       		.uleb128 0x8
 1989 001a 00       		.byte	0
 1990 001b 00       		.byte	0
 1991 001c 03       		.uleb128 0x3
 1992 001d 24       		.uleb128 0x24
 1993 001e 00       		.byte	0
 1994 001f 0B       		.uleb128 0xb
 1995 0020 0B       		.uleb128 0xb
 1996 0021 3E       		.uleb128 0x3e
 1997 0022 0B       		.uleb128 0xb
 1998 0023 03       		.uleb128 0x3
 1999 0024 0E       		.uleb128 0xe
 2000 0025 00       		.byte	0
 2001 0026 00       		.byte	0
 2002 0027 04       		.uleb128 0x4
 2003 0028 16       		.uleb128 0x16
 2004 0029 00       		.byte	0
 2005 002a 03       		.uleb128 0x3
 2006 002b 0E       		.uleb128 0xe
 2007 002c 3A       		.uleb128 0x3a
 2008 002d 0B       		.uleb128 0xb
 2009 002e 3B       		.uleb128 0x3b
 2010 002f 0B       		.uleb128 0xb
 2011 0030 49       		.uleb128 0x49
 2012 0031 13       		.uleb128 0x13
 2013 0032 00       		.byte	0
 2014 0033 00       		.byte	0
 2015 0034 05       		.uleb128 0x5
 2016 0035 13       		.uleb128 0x13
 2017 0036 01       		.byte	0x1
 2018 0037 03       		.uleb128 0x3
 2019 0038 0E       		.uleb128 0xe
 2020 0039 0B       		.uleb128 0xb
 2021 003a 0B       		.uleb128 0xb
 2022 003b 3A       		.uleb128 0x3a
 2023 003c 0B       		.uleb128 0xb
 2024 003d 3B       		.uleb128 0x3b
 2025 003e 0B       		.uleb128 0xb
 2026 003f 01       		.uleb128 0x1
ARM GAS  /tmp/ccR5p6et.s 			page 37


 2027 0040 13       		.uleb128 0x13
 2028 0041 00       		.byte	0
 2029 0042 00       		.byte	0
 2030 0043 06       		.uleb128 0x6
 2031 0044 0D       		.uleb128 0xd
 2032 0045 00       		.byte	0
 2033 0046 03       		.uleb128 0x3
 2034 0047 0E       		.uleb128 0xe
 2035 0048 3A       		.uleb128 0x3a
 2036 0049 0B       		.uleb128 0xb
 2037 004a 3B       		.uleb128 0x3b
 2038 004b 0B       		.uleb128 0xb
 2039 004c 49       		.uleb128 0x49
 2040 004d 13       		.uleb128 0x13
 2041 004e 38       		.uleb128 0x38
 2042 004f 0B       		.uleb128 0xb
 2043 0050 00       		.byte	0
 2044 0051 00       		.byte	0
 2045 0052 07       		.uleb128 0x7
 2046 0053 0D       		.uleb128 0xd
 2047 0054 00       		.byte	0
 2048 0055 03       		.uleb128 0x3
 2049 0056 08       		.uleb128 0x8
 2050 0057 3A       		.uleb128 0x3a
 2051 0058 0B       		.uleb128 0xb
 2052 0059 3B       		.uleb128 0x3b
 2053 005a 0B       		.uleb128 0xb
 2054 005b 49       		.uleb128 0x49
 2055 005c 13       		.uleb128 0x13
 2056 005d 38       		.uleb128 0x38
 2057 005e 0B       		.uleb128 0xb
 2058 005f 00       		.byte	0
 2059 0060 00       		.byte	0
 2060 0061 08       		.uleb128 0x8
 2061 0062 13       		.uleb128 0x13
 2062 0063 01       		.byte	0x1
 2063 0064 0B       		.uleb128 0xb
 2064 0065 0B       		.uleb128 0xb
 2065 0066 3A       		.uleb128 0x3a
 2066 0067 0B       		.uleb128 0xb
 2067 0068 3B       		.uleb128 0x3b
 2068 0069 0B       		.uleb128 0xb
 2069 006a 01       		.uleb128 0x1
 2070 006b 13       		.uleb128 0x13
 2071 006c 00       		.byte	0
 2072 006d 00       		.byte	0
 2073 006e 09       		.uleb128 0x9
 2074 006f 0F       		.uleb128 0xf
 2075 0070 00       		.byte	0
 2076 0071 0B       		.uleb128 0xb
 2077 0072 0B       		.uleb128 0xb
 2078 0073 49       		.uleb128 0x49
 2079 0074 13       		.uleb128 0x13
 2080 0075 00       		.byte	0
 2081 0076 00       		.byte	0
 2082 0077 0A       		.uleb128 0xa
 2083 0078 0F       		.uleb128 0xf
ARM GAS  /tmp/ccR5p6et.s 			page 38


 2084 0079 00       		.byte	0
 2085 007a 0B       		.uleb128 0xb
 2086 007b 0B       		.uleb128 0xb
 2087 007c 00       		.byte	0
 2088 007d 00       		.byte	0
 2089 007e 0B       		.uleb128 0xb
 2090 007f 13       		.uleb128 0x13
 2091 0080 01       		.byte	0x1
 2092 0081 03       		.uleb128 0x3
 2093 0082 0E       		.uleb128 0xe
 2094 0083 0B       		.uleb128 0xb
 2095 0084 0B       		.uleb128 0xb
 2096 0085 3A       		.uleb128 0x3a
 2097 0086 0B       		.uleb128 0xb
 2098 0087 3B       		.uleb128 0x3b
 2099 0088 05       		.uleb128 0x5
 2100 0089 01       		.uleb128 0x1
 2101 008a 13       		.uleb128 0x13
 2102 008b 00       		.byte	0
 2103 008c 00       		.byte	0
 2104 008d 0C       		.uleb128 0xc
 2105 008e 0D       		.uleb128 0xd
 2106 008f 00       		.byte	0
 2107 0090 03       		.uleb128 0x3
 2108 0091 08       		.uleb128 0x8
 2109 0092 3A       		.uleb128 0x3a
 2110 0093 0B       		.uleb128 0xb
 2111 0094 3B       		.uleb128 0x3b
 2112 0095 05       		.uleb128 0x5
 2113 0096 49       		.uleb128 0x49
 2114 0097 13       		.uleb128 0x13
 2115 0098 38       		.uleb128 0x38
 2116 0099 0B       		.uleb128 0xb
 2117 009a 00       		.byte	0
 2118 009b 00       		.byte	0
 2119 009c 0D       		.uleb128 0xd
 2120 009d 35       		.uleb128 0x35
 2121 009e 00       		.byte	0
 2122 009f 49       		.uleb128 0x49
 2123 00a0 13       		.uleb128 0x13
 2124 00a1 00       		.byte	0
 2125 00a2 00       		.byte	0
 2126 00a3 0E       		.uleb128 0xe
 2127 00a4 17       		.uleb128 0x17
 2128 00a5 01       		.byte	0x1
 2129 00a6 0B       		.uleb128 0xb
 2130 00a7 0B       		.uleb128 0xb
 2131 00a8 3A       		.uleb128 0x3a
 2132 00a9 0B       		.uleb128 0xb
 2133 00aa 3B       		.uleb128 0x3b
 2134 00ab 0B       		.uleb128 0xb
 2135 00ac 01       		.uleb128 0x1
 2136 00ad 13       		.uleb128 0x13
 2137 00ae 00       		.byte	0
 2138 00af 00       		.byte	0
 2139 00b0 0F       		.uleb128 0xf
 2140 00b1 0D       		.uleb128 0xd
ARM GAS  /tmp/ccR5p6et.s 			page 39


 2141 00b2 00       		.byte	0
 2142 00b3 03       		.uleb128 0x3
 2143 00b4 0E       		.uleb128 0xe
 2144 00b5 3A       		.uleb128 0x3a
 2145 00b6 0B       		.uleb128 0xb
 2146 00b7 3B       		.uleb128 0x3b
 2147 00b8 0B       		.uleb128 0xb
 2148 00b9 49       		.uleb128 0x49
 2149 00ba 13       		.uleb128 0x13
 2150 00bb 00       		.byte	0
 2151 00bc 00       		.byte	0
 2152 00bd 10       		.uleb128 0x10
 2153 00be 26       		.uleb128 0x26
 2154 00bf 00       		.byte	0
 2155 00c0 49       		.uleb128 0x49
 2156 00c1 13       		.uleb128 0x13
 2157 00c2 00       		.byte	0
 2158 00c3 00       		.byte	0
 2159 00c4 11       		.uleb128 0x11
 2160 00c5 2E       		.uleb128 0x2e
 2161 00c6 01       		.byte	0x1
 2162 00c7 3F       		.uleb128 0x3f
 2163 00c8 19       		.uleb128 0x19
 2164 00c9 03       		.uleb128 0x3
 2165 00ca 0E       		.uleb128 0xe
 2166 00cb 3A       		.uleb128 0x3a
 2167 00cc 0B       		.uleb128 0xb
 2168 00cd 3B       		.uleb128 0x3b
 2169 00ce 0B       		.uleb128 0xb
 2170 00cf 27       		.uleb128 0x27
 2171 00d0 19       		.uleb128 0x19
 2172 00d1 11       		.uleb128 0x11
 2173 00d2 01       		.uleb128 0x1
 2174 00d3 12       		.uleb128 0x12
 2175 00d4 06       		.uleb128 0x6
 2176 00d5 40       		.uleb128 0x40
 2177 00d6 18       		.uleb128 0x18
 2178 00d7 9642     		.uleb128 0x2116
 2179 00d9 19       		.uleb128 0x19
 2180 00da 01       		.uleb128 0x1
 2181 00db 13       		.uleb128 0x13
 2182 00dc 00       		.byte	0
 2183 00dd 00       		.byte	0
 2184 00de 12       		.uleb128 0x12
 2185 00df 05       		.uleb128 0x5
 2186 00e0 00       		.byte	0
 2187 00e1 03       		.uleb128 0x3
 2188 00e2 08       		.uleb128 0x8
 2189 00e3 3A       		.uleb128 0x3a
 2190 00e4 0B       		.uleb128 0xb
 2191 00e5 3B       		.uleb128 0x3b
 2192 00e6 0B       		.uleb128 0xb
 2193 00e7 49       		.uleb128 0x49
 2194 00e8 13       		.uleb128 0x13
 2195 00e9 02       		.uleb128 0x2
 2196 00ea 18       		.uleb128 0x18
 2197 00eb 00       		.byte	0
ARM GAS  /tmp/ccR5p6et.s 			page 40


 2198 00ec 00       		.byte	0
 2199 00ed 13       		.uleb128 0x13
 2200 00ee 0B       		.uleb128 0xb
 2201 00ef 01       		.byte	0x1
 2202 00f0 11       		.uleb128 0x11
 2203 00f1 01       		.uleb128 0x1
 2204 00f2 12       		.uleb128 0x12
 2205 00f3 06       		.uleb128 0x6
 2206 00f4 01       		.uleb128 0x1
 2207 00f5 13       		.uleb128 0x13
 2208 00f6 00       		.byte	0
 2209 00f7 00       		.byte	0
 2210 00f8 14       		.uleb128 0x14
 2211 00f9 34       		.uleb128 0x34
 2212 00fa 00       		.byte	0
 2213 00fb 03       		.uleb128 0x3
 2214 00fc 08       		.uleb128 0x8
 2215 00fd 3A       		.uleb128 0x3a
 2216 00fe 0B       		.uleb128 0xb
 2217 00ff 3B       		.uleb128 0x3b
 2218 0100 0B       		.uleb128 0xb
 2219 0101 49       		.uleb128 0x49
 2220 0102 13       		.uleb128 0x13
 2221 0103 02       		.uleb128 0x2
 2222 0104 18       		.uleb128 0x18
 2223 0105 00       		.byte	0
 2224 0106 00       		.byte	0
 2225 0107 15       		.uleb128 0x15
 2226 0108 0B       		.uleb128 0xb
 2227 0109 01       		.byte	0x1
 2228 010a 11       		.uleb128 0x11
 2229 010b 01       		.uleb128 0x1
 2230 010c 12       		.uleb128 0x12
 2231 010d 06       		.uleb128 0x6
 2232 010e 00       		.byte	0
 2233 010f 00       		.byte	0
 2234 0110 16       		.uleb128 0x16
 2235 0111 2E       		.uleb128 0x2e
 2236 0112 01       		.byte	0x1
 2237 0113 3F       		.uleb128 0x3f
 2238 0114 19       		.uleb128 0x19
 2239 0115 03       		.uleb128 0x3
 2240 0116 0E       		.uleb128 0xe
 2241 0117 3A       		.uleb128 0x3a
 2242 0118 0B       		.uleb128 0xb
 2243 0119 3B       		.uleb128 0x3b
 2244 011a 0B       		.uleb128 0xb
 2245 011b 27       		.uleb128 0x27
 2246 011c 19       		.uleb128 0x19
 2247 011d 49       		.uleb128 0x49
 2248 011e 13       		.uleb128 0x13
 2249 011f 11       		.uleb128 0x11
 2250 0120 01       		.uleb128 0x1
 2251 0121 12       		.uleb128 0x12
 2252 0122 06       		.uleb128 0x6
 2253 0123 40       		.uleb128 0x40
 2254 0124 18       		.uleb128 0x18
ARM GAS  /tmp/ccR5p6et.s 			page 41


 2255 0125 9642     		.uleb128 0x2116
 2256 0127 19       		.uleb128 0x19
 2257 0128 01       		.uleb128 0x1
 2258 0129 13       		.uleb128 0x13
 2259 012a 00       		.byte	0
 2260 012b 00       		.byte	0
 2261 012c 17       		.uleb128 0x17
 2262 012d 05       		.uleb128 0x5
 2263 012e 00       		.byte	0
 2264 012f 03       		.uleb128 0x3
 2265 0130 0E       		.uleb128 0xe
 2266 0131 3A       		.uleb128 0x3a
 2267 0132 0B       		.uleb128 0xb
 2268 0133 3B       		.uleb128 0x3b
 2269 0134 0B       		.uleb128 0xb
 2270 0135 49       		.uleb128 0x49
 2271 0136 13       		.uleb128 0x13
 2272 0137 02       		.uleb128 0x2
 2273 0138 18       		.uleb128 0x18
 2274 0139 00       		.byte	0
 2275 013a 00       		.byte	0
 2276 013b 18       		.uleb128 0x18
 2277 013c 34       		.uleb128 0x34
 2278 013d 00       		.byte	0
 2279 013e 03       		.uleb128 0x3
 2280 013f 0E       		.uleb128 0xe
 2281 0140 3A       		.uleb128 0x3a
 2282 0141 0B       		.uleb128 0xb
 2283 0142 3B       		.uleb128 0x3b
 2284 0143 0B       		.uleb128 0xb
 2285 0144 49       		.uleb128 0x49
 2286 0145 13       		.uleb128 0x13
 2287 0146 02       		.uleb128 0x2
 2288 0147 18       		.uleb128 0x18
 2289 0148 00       		.byte	0
 2290 0149 00       		.byte	0
 2291 014a 19       		.uleb128 0x19
 2292 014b 2E       		.uleb128 0x2e
 2293 014c 01       		.byte	0x1
 2294 014d 3F       		.uleb128 0x3f
 2295 014e 19       		.uleb128 0x19
 2296 014f 03       		.uleb128 0x3
 2297 0150 0E       		.uleb128 0xe
 2298 0151 3A       		.uleb128 0x3a
 2299 0152 0B       		.uleb128 0xb
 2300 0153 3B       		.uleb128 0x3b
 2301 0154 05       		.uleb128 0x5
 2302 0155 27       		.uleb128 0x27
 2303 0156 19       		.uleb128 0x19
 2304 0157 49       		.uleb128 0x49
 2305 0158 13       		.uleb128 0x13
 2306 0159 11       		.uleb128 0x11
 2307 015a 01       		.uleb128 0x1
 2308 015b 12       		.uleb128 0x12
 2309 015c 06       		.uleb128 0x6
 2310 015d 40       		.uleb128 0x40
 2311 015e 18       		.uleb128 0x18
ARM GAS  /tmp/ccR5p6et.s 			page 42


 2312 015f 9642     		.uleb128 0x2116
 2313 0161 19       		.uleb128 0x19
 2314 0162 01       		.uleb128 0x1
 2315 0163 13       		.uleb128 0x13
 2316 0164 00       		.byte	0
 2317 0165 00       		.byte	0
 2318 0166 1A       		.uleb128 0x1a
 2319 0167 05       		.uleb128 0x5
 2320 0168 00       		.byte	0
 2321 0169 03       		.uleb128 0x3
 2322 016a 08       		.uleb128 0x8
 2323 016b 3A       		.uleb128 0x3a
 2324 016c 0B       		.uleb128 0xb
 2325 016d 3B       		.uleb128 0x3b
 2326 016e 05       		.uleb128 0x5
 2327 016f 49       		.uleb128 0x49
 2328 0170 13       		.uleb128 0x13
 2329 0171 02       		.uleb128 0x2
 2330 0172 18       		.uleb128 0x18
 2331 0173 00       		.byte	0
 2332 0174 00       		.byte	0
 2333 0175 1B       		.uleb128 0x1b
 2334 0176 05       		.uleb128 0x5
 2335 0177 00       		.byte	0
 2336 0178 03       		.uleb128 0x3
 2337 0179 0E       		.uleb128 0xe
 2338 017a 3A       		.uleb128 0x3a
 2339 017b 0B       		.uleb128 0xb
 2340 017c 3B       		.uleb128 0x3b
 2341 017d 05       		.uleb128 0x5
 2342 017e 49       		.uleb128 0x49
 2343 017f 13       		.uleb128 0x13
 2344 0180 02       		.uleb128 0x2
 2345 0181 18       		.uleb128 0x18
 2346 0182 00       		.byte	0
 2347 0183 00       		.byte	0
 2348 0184 1C       		.uleb128 0x1c
 2349 0185 34       		.uleb128 0x34
 2350 0186 00       		.byte	0
 2351 0187 03       		.uleb128 0x3
 2352 0188 0E       		.uleb128 0xe
 2353 0189 3A       		.uleb128 0x3a
 2354 018a 0B       		.uleb128 0xb
 2355 018b 3B       		.uleb128 0x3b
 2356 018c 05       		.uleb128 0x5
 2357 018d 49       		.uleb128 0x49
 2358 018e 13       		.uleb128 0x13
 2359 018f 02       		.uleb128 0x2
 2360 0190 18       		.uleb128 0x18
 2361 0191 00       		.byte	0
 2362 0192 00       		.byte	0
 2363 0193 1D       		.uleb128 0x1d
 2364 0194 34       		.uleb128 0x34
 2365 0195 00       		.byte	0
 2366 0196 03       		.uleb128 0x3
 2367 0197 08       		.uleb128 0x8
 2368 0198 3A       		.uleb128 0x3a
ARM GAS  /tmp/ccR5p6et.s 			page 43


 2369 0199 0B       		.uleb128 0xb
 2370 019a 3B       		.uleb128 0x3b
 2371 019b 05       		.uleb128 0x5
 2372 019c 49       		.uleb128 0x49
 2373 019d 13       		.uleb128 0x13
 2374 019e 02       		.uleb128 0x2
 2375 019f 18       		.uleb128 0x18
 2376 01a0 00       		.byte	0
 2377 01a1 00       		.byte	0
 2378 01a2 1E       		.uleb128 0x1e
 2379 01a3 2E       		.uleb128 0x2e
 2380 01a4 01       		.byte	0x1
 2381 01a5 3F       		.uleb128 0x3f
 2382 01a6 19       		.uleb128 0x19
 2383 01a7 03       		.uleb128 0x3
 2384 01a8 0E       		.uleb128 0xe
 2385 01a9 3A       		.uleb128 0x3a
 2386 01aa 0B       		.uleb128 0xb
 2387 01ab 3B       		.uleb128 0x3b
 2388 01ac 05       		.uleb128 0x5
 2389 01ad 27       		.uleb128 0x27
 2390 01ae 19       		.uleb128 0x19
 2391 01af 49       		.uleb128 0x49
 2392 01b0 13       		.uleb128 0x13
 2393 01b1 11       		.uleb128 0x11
 2394 01b2 01       		.uleb128 0x1
 2395 01b3 12       		.uleb128 0x12
 2396 01b4 06       		.uleb128 0x6
 2397 01b5 40       		.uleb128 0x40
 2398 01b6 18       		.uleb128 0x18
 2399 01b7 9642     		.uleb128 0x2116
 2400 01b9 19       		.uleb128 0x19
 2401 01ba 00       		.byte	0
 2402 01bb 00       		.byte	0
 2403 01bc 00       		.byte	0
 2404              		.section	.debug_aranges,"",%progbits
 2405 0000 1C000000 		.4byte	0x1c
 2406 0004 0200     		.2byte	0x2
 2407 0006 00000000 		.4byte	.Ldebug_info0
 2408 000a 04       		.byte	0x4
 2409 000b 00       		.byte	0
 2410 000c 0000     		.2byte	0
 2411 000e 0000     		.2byte	0
 2412 0010 00000000 		.4byte	.Ltext0
 2413 0014 14040000 		.4byte	.Letext0-.Ltext0
 2414 0018 00000000 		.4byte	0
 2415 001c 00000000 		.4byte	0
 2416              		.section	.debug_line,"",%progbits
 2417              	.Ldebug_line0:
 2418 0000 91020000 		.section	.debug_str,"MS",%progbits,1
 2418      0200B201 
 2418      00000201 
 2418      FB0E0D00 
 2418      01010101 
 2419              	.LASF41:
 2420 0000 705F6D73 		.ascii	"p_msg\000"
 2420      6700
ARM GAS  /tmp/ccR5p6et.s 			page 44


 2421              	.LASF67:
 2422 0006 7264796D 		.ascii	"rdymsg\000"
 2422      736700
 2423              	.LASF16:
 2424 000d 75696E74 		.ascii	"uint64_t\000"
 2424      36345F74 
 2424      00
 2425              	.LASF5:
 2426 0016 5F5F7569 		.ascii	"__uint8_t\000"
 2426      6E74385F 
 2426      7400
 2427              	.LASF77:
 2428 0020 63684D42 		.ascii	"chMBPostI\000"
 2428      506F7374 
 2428      4900
 2429              	.LASF76:
 2430 002a 63684D42 		.ascii	"chMBPostS\000"
 2430      506F7374 
 2430      5300
 2431              	.LASF66:
 2432 0034 4D61696C 		.ascii	"Mailbox\000"
 2432      626F7800 
 2433              	.LASF80:
 2434 003c 63684D42 		.ascii	"chMBPostAheadI\000"
 2434      506F7374 
 2434      41686561 
 2434      644900
 2435              	.LASF12:
 2436 004b 6C6F6E67 		.ascii	"long long unsigned int\000"
 2436      206C6F6E 
 2436      6720756E 
 2436      7369676E 
 2436      65642069 
 2437              	.LASF86:
 2438 0062 2F6F7074 		.ascii	"/opt/R2P/core/ChibiOS_2.6.5/os/kernel/src/chmboxes."
 2438      2F523250 
 2438      2F636F72 
 2438      652F4368 
 2438      6962694F 
 2439 0095 6300     		.ascii	"c\000"
 2440              	.LASF68:
 2441 0097 65786974 		.ascii	"exitcode\000"
 2441      636F6465 
 2441      00
 2442              	.LASF79:
 2443 00a0 63684D42 		.ascii	"chMBPostAheadS\000"
 2443      506F7374 
 2443      41686561 
 2443      645300
 2444              	.LASF62:
 2445 00af 6D625F77 		.ascii	"mb_wrptr\000"
 2445      72707472 
 2445      00
 2446              	.LASF29:
 2447 00b8 705F7072 		.ascii	"p_prio\000"
 2447      696F00
 2448              	.LASF10:
ARM GAS  /tmp/ccR5p6et.s 			page 45


 2449 00bf 6C6F6E67 		.ascii	"long long int\000"
 2449      206C6F6E 
 2449      6720696E 
 2449      7400
 2450              	.LASF1:
 2451 00cd 7369676E 		.ascii	"signed char\000"
 2451      65642063 
 2451      68617200 
 2452              	.LASF45:
 2453 00d9 705F6D70 		.ascii	"p_mpool\000"
 2453      6F6F6C00 
 2454              	.LASF57:
 2455 00e1 6D5F7175 		.ascii	"m_queue\000"
 2455      65756500 
 2456              	.LASF7:
 2457 00e9 6C6F6E67 		.ascii	"long int\000"
 2457      20696E74 
 2457      00
 2458              	.LASF19:
 2459 00f2 74737461 		.ascii	"tstate_t\000"
 2459      74655F74 
 2459      00
 2460              	.LASF31:
 2461 00fb 705F6E65 		.ascii	"p_newer\000"
 2461      77657200 
 2462              	.LASF54:
 2463 0103 735F7175 		.ascii	"s_queue\000"
 2463      65756500 
 2464              	.LASF8:
 2465 010b 5F5F7569 		.ascii	"__uint32_t\000"
 2465      6E743332 
 2465      5F7400
 2466              	.LASF48:
 2467 0116 72656761 		.ascii	"regarm_t\000"
 2467      726D5F74 
 2467      00
 2468              	.LASF25:
 2469 011f 636E745F 		.ascii	"cnt_t\000"
 2469      7400
 2470              	.LASF34:
 2471 0125 705F7374 		.ascii	"p_stklimit\000"
 2471      6B6C696D 
 2471      697400
 2472              	.LASF0:
 2473 0130 756E7369 		.ascii	"unsigned int\000"
 2473      676E6564 
 2473      20696E74 
 2473      00
 2474              	.LASF72:
 2475 013d 63684D42 		.ascii	"chMBInit\000"
 2475      496E6974 
 2475      00
 2476              	.LASF9:
 2477 0146 6C6F6E67 		.ascii	"long unsigned int\000"
 2477      20756E73 
 2477      69676E65 
 2477      6420696E 
ARM GAS  /tmp/ccR5p6et.s 			page 46


 2477      7400
 2478              	.LASF65:
 2479 0158 6D625F65 		.ascii	"mb_emptysem\000"
 2479      6D707479 
 2479      73656D00 
 2480              	.LASF55:
 2481 0164 735F636E 		.ascii	"s_cnt\000"
 2481      7400
 2482              	.LASF51:
 2483 016a 636F6E74 		.ascii	"context\000"
 2483      65787400 
 2484              	.LASF4:
 2485 0172 73686F72 		.ascii	"short unsigned int\000"
 2485      7420756E 
 2485      7369676E 
 2485      65642069 
 2485      6E7400
 2486              	.LASF84:
 2487 0185 63684D42 		.ascii	"chMBFetchI\000"
 2487      46657463 
 2487      684900
 2488              	.LASF22:
 2489 0190 6D73675F 		.ascii	"msg_t\000"
 2489      7400
 2490              	.LASF83:
 2491 0196 63684D42 		.ascii	"chMBFetchS\000"
 2491      46657463 
 2491      685300
 2492              	.LASF18:
 2493 01a1 746D6F64 		.ascii	"tmode_t\000"
 2493      655F7400 
 2494              	.LASF47:
 2495 01a9 54687265 		.ascii	"ThreadsList\000"
 2495      6164734C 
 2495      69737400 
 2496              	.LASF23:
 2497 01b5 6576656E 		.ascii	"eventmask_t\000"
 2497      746D6173 
 2497      6B5F7400 
 2498              	.LASF56:
 2499 01c1 4D757465 		.ascii	"Mutex\000"
 2499      7800
 2500              	.LASF82:
 2501 01c7 6D736770 		.ascii	"msgp\000"
 2501      00
 2502              	.LASF49:
 2503 01cc 73746B61 		.ascii	"stkalign_t\000"
 2503      6C69676E 
 2503      5F7400
 2504              	.LASF52:
 2505 01d7 73697A65 		.ascii	"sizetype\000"
 2505      74797065 
 2505      00
 2506              	.LASF63:
 2507 01e0 6D625F72 		.ascii	"mb_rdptr\000"
 2507      64707472 
 2507      00
ARM GAS  /tmp/ccR5p6et.s 			page 47


 2508              	.LASF73:
 2509 01e9 63684D42 		.ascii	"chMBReset\000"
 2509      52657365 
 2509      7400
 2510              	.LASF32:
 2511 01f3 705F6F6C 		.ascii	"p_older\000"
 2511      64657200 
 2512              	.LASF46:
 2513 01fb 54687265 		.ascii	"ThreadsQueue\000"
 2513      61647351 
 2513      75657565 
 2513      00
 2514              	.LASF60:
 2515 0208 6D625F62 		.ascii	"mb_buffer\000"
 2515      75666665 
 2515      7200
 2516              	.LASF74:
 2517 0212 74696D65 		.ascii	"time\000"
 2517      00
 2518              	.LASF11:
 2519 0217 5F5F7569 		.ascii	"__uint64_t\000"
 2519      6E743634 
 2519      5F7400
 2520              	.LASF20:
 2521 0222 74726566 		.ascii	"trefs_t\000"
 2521      735F7400 
 2522              	.LASF28:
 2523 022a 705F7072 		.ascii	"p_prev\000"
 2523      657600
 2524              	.LASF21:
 2525 0231 74707269 		.ascii	"tprio_t\000"
 2525      6F5F7400 
 2526              	.LASF17:
 2527 0239 5F426F6F 		.ascii	"_Bool\000"
 2527      6C00
 2528              	.LASF14:
 2529 023f 696E7433 		.ascii	"int32_t\000"
 2529      325F7400 
 2530              	.LASF2:
 2531 0247 756E7369 		.ascii	"unsigned char\000"
 2531      676E6564 
 2531      20636861 
 2531      7200
 2532              	.LASF61:
 2533 0255 6D625F74 		.ascii	"mb_top\000"
 2533      6F7000
 2534              	.LASF43:
 2535 025c 705F6D74 		.ascii	"p_mtxlist\000"
 2535      786C6973 
 2535      7400
 2536              	.LASF3:
 2537 0266 73686F72 		.ascii	"short int\000"
 2537      7420696E 
 2537      7400
 2538              	.LASF35:
 2539 0270 705F7374 		.ascii	"p_state\000"
 2539      61746500 
ARM GAS  /tmp/ccR5p6et.s 			page 48


 2540              	.LASF70:
 2541 0278 65776D61 		.ascii	"ewmask\000"
 2541      736B00
 2542              	.LASF27:
 2543 027f 705F6E65 		.ascii	"p_next\000"
 2543      787400
 2544              	.LASF36:
 2545 0286 705F666C 		.ascii	"p_flags\000"
 2545      61677300 
 2546              	.LASF75:
 2547 028e 63684D42 		.ascii	"chMBPost\000"
 2547      506F7374 
 2547      00
 2548              	.LASF26:
 2549 0297 54687265 		.ascii	"Thread\000"
 2549      616400
 2550              	.LASF42:
 2551 029e 705F6570 		.ascii	"p_epending\000"
 2551      656E6469 
 2551      6E6700
 2552              	.LASF15:
 2553 02a9 75696E74 		.ascii	"uint32_t\000"
 2553      33325F74 
 2553      00
 2554              	.LASF85:
 2555 02b2 474E5520 		.ascii	"GNU C 4.9.3 20141119 (release) [ARM/embedded-4_9-br"
 2555      4320342E 
 2555      392E3320 
 2555      32303134 
 2555      31313139 
 2556 02e5 616E6368 		.ascii	"anch revision 218278] -mcpu=cortex-m4 -mno-thumb-in"
 2556      20726576 
 2556      6973696F 
 2556      6E203231 
 2556      38323738 
 2557 0318 74657277 		.ascii	"terwork -mthumb -ggdb -O0 -fomit-frame-pointer\000"
 2557      6F726B20 
 2557      2D6D7468 
 2557      756D6220 
 2557      2D676764 
 2558              	.LASF71:
 2559 0347 63686172 		.ascii	"char\000"
 2559      00
 2560              	.LASF59:
 2561 034c 6D5F6E65 		.ascii	"m_next\000"
 2561      787400
 2562              	.LASF24:
 2563 0353 73797374 		.ascii	"systime_t\000"
 2563      696D655F 
 2563      7400
 2564              	.LASF44:
 2565 035d 705F7265 		.ascii	"p_realprio\000"
 2565      616C7072 
 2565      696F00
 2566              	.LASF6:
 2567 0368 5F5F696E 		.ascii	"__int32_t\000"
 2567      7433325F 
ARM GAS  /tmp/ccR5p6et.s 			page 49


 2567      7400
 2568              	.LASF38:
 2569 0372 705F7469 		.ascii	"p_time\000"
 2569      6D6500
 2570              	.LASF78:
 2571 0379 63684D42 		.ascii	"chMBPostAhead\000"
 2571      506F7374 
 2571      41686561 
 2571      6400
 2572              	.LASF50:
 2573 0387 696E7463 		.ascii	"intctx\000"
 2573      747800
 2574              	.LASF40:
 2575 038e 705F6D73 		.ascii	"p_msgqueue\000"
 2575      67717565 
 2575      756500
 2576              	.LASF81:
 2577 0399 63684D42 		.ascii	"chMBFetch\000"
 2577      46657463 
 2577      6800
 2578              	.LASF53:
 2579 03a3 53656D61 		.ascii	"Semaphore\000"
 2579      70686F72 
 2579      6500
 2580              	.LASF64:
 2581 03ad 6D625F66 		.ascii	"mb_fullsem\000"
 2581      756C6C73 
 2581      656D00
 2582              	.LASF37:
 2583 03b8 705F7265 		.ascii	"p_refs\000"
 2583      667300
 2584              	.LASF13:
 2585 03bf 75696E74 		.ascii	"uint8_t\000"
 2585      385F7400 
 2586              	.LASF69:
 2587 03c7 77746F62 		.ascii	"wtobjp\000"
 2587      6A7000
 2588              	.LASF33:
 2589 03ce 705F6E61 		.ascii	"p_name\000"
 2589      6D6500
 2590              	.LASF58:
 2591 03d5 6D5F6F77 		.ascii	"m_owner\000"
 2591      6E657200 
 2592              	.LASF30:
 2593 03dd 705F6374 		.ascii	"p_ctx\000"
 2593      7800
 2594              	.LASF39:
 2595 03e3 705F7761 		.ascii	"p_waiting\000"
 2595      6974696E 
 2595      6700
 2596              		.ident	"GCC: (GNU Tools for ARM Embedded Processors) 4.9.3 20141119 (release) [ARM/embedded-4_9-br
ARM GAS  /tmp/ccR5p6et.s 			page 50


DEFINED SYMBOLS
                            *ABS*:00000000 chmboxes.c
     /tmp/ccR5p6et.s:19     .rodata:00000000 $d
     /tmp/ccR5p6et.s:23     .text:00000000 $t
     /tmp/ccR5p6et.s:28     .text:00000000 chMBInit
     /tmp/ccR5p6et.s:99     .text:00000064 $d
     /tmp/ccR5p6et.s:108    .text:00000068 $t
     /tmp/ccR5p6et.s:113    .text:00000068 chMBReset
     /tmp/ccR5p6et.s:189    .text:000000d0 $d
     /tmp/ccR5p6et.s:193    .text:000000d4 $t
     /tmp/ccR5p6et.s:198    .text:000000d4 chMBPost
     /tmp/ccR5p6et.s:257    .text:00000108 chMBPostS
     /tmp/ccR5p6et.s:332    .text:00000170 $d
     /tmp/ccR5p6et.s:341    .text:00000174 $t
     /tmp/ccR5p6et.s:346    .text:00000174 chMBPostI
     /tmp/ccR5p6et.s:422    .text:000001dc $d
     /tmp/ccR5p6et.s:426    .text:000001e0 $t
     /tmp/ccR5p6et.s:431    .text:000001e0 chMBPostAhead
     /tmp/ccR5p6et.s:490    .text:00000214 chMBPostAheadS
     /tmp/ccR5p6et.s:568    .text:00000284 $d
     /tmp/ccR5p6et.s:577    .text:00000288 $t
     /tmp/ccR5p6et.s:582    .text:00000288 chMBPostAheadI
     /tmp/ccR5p6et.s:661    .text:000002f4 $d
     /tmp/ccR5p6et.s:665    .text:000002f8 $t
     /tmp/ccR5p6et.s:670    .text:000002f8 chMBFetch
     /tmp/ccR5p6et.s:729    .text:0000032c chMBFetchS
     /tmp/ccR5p6et.s:810    .text:0000039c $d
     /tmp/ccR5p6et.s:819    .text:000003a0 $t
     /tmp/ccR5p6et.s:824    .text:000003a0 chMBFetchI
     /tmp/ccR5p6et.s:906    .text:00000410 $d
                     .debug_frame:00000010 $d

UNDEFINED SYMBOLS
chDbgPanic
chSemInit
dbg_check_lock
chSemResetI
chSchRescheduleS
dbg_check_unlock
chDbgCheckClassS
chSemWaitTimeoutS
chSemSignalI
chDbgCheckClassI
