ARM GAS  /tmp/cc1ABHjE.s 			page 1


   1              		.syntax unified
   2              		.cpu cortex-m4
   3              		.fpu softvfp
   4              		.eabi_attribute 20, 1
   5              		.eabi_attribute 21, 1
   6              		.eabi_attribute 23, 3
   7              		.eabi_attribute 24, 1
   8              		.eabi_attribute 25, 1
   9              		.eabi_attribute 26, 1
  10              		.eabi_attribute 30, 6
  11              		.eabi_attribute 34, 1
  12              		.eabi_attribute 18, 4
  13              		.thumb
  14              		.file	"chmempools.c"
  15              		.text
  16              	.Ltext0:
  17              		.cfi_sections	.debug_frame
  18              		.section	.rodata
  19              		.align	2
  20              	.LC0:
  21 0000 22636850 		.ascii	"\"chPoolInit\"()\000"
  21      6F6F6C49 
  21      6E697422 
  21      282900
  22              		.text
  23              		.align	2
  24              		.global	chPoolInit
  25              		.thumb
  26              		.thumb_func
  27              		.type	chPoolInit, %function
  28              	chPoolInit:
  29              	.LFB7:
  30              		.file 1 "/opt/R2P/core/ChibiOS_2.6.5/os/kernel/src/chmempools.c"
  31              		.loc 1 62 0
  32              		.cfi_startproc
  33              		@ args = 0, pretend = 0, frame = 16
  34              		@ frame_needed = 0, uses_anonymous_args = 0
  35 0000 00B5     		push	{lr}
  36              		.cfi_def_cfa_offset 4
  37              		.cfi_offset 14, -4
  38 0002 85B0     		sub	sp, sp, #20
  39              		.cfi_def_cfa_offset 24
  40 0004 0390     		str	r0, [sp, #12]
  41 0006 0291     		str	r1, [sp, #8]
  42 0008 0192     		str	r2, [sp, #4]
  43              		.loc 1 64 0
  44 000a 039B     		ldr	r3, [sp, #12]
  45 000c 002B     		cmp	r3, #0
  46 000e 02D0     		beq	.L2
  47              		.loc 1 64 0 is_stmt 0 discriminator 2
  48 0010 029B     		ldr	r3, [sp, #8]
  49 0012 032B     		cmp	r3, #3
  50 0014 02D8     		bhi	.L3
  51              	.L2:
  52              		.loc 1 64 0 discriminator 3
  53 0016 0748     		ldr	r0, .L4
  54 0018 FFF7FEFF 		bl	chDbgPanic
ARM GAS  /tmp/cc1ABHjE.s 			page 2


  55              	.L3:
  56              		.loc 1 66 0 is_stmt 1
  57 001c 039B     		ldr	r3, [sp, #12]
  58 001e 0022     		movs	r2, #0
  59 0020 1A60     		str	r2, [r3]
  60              		.loc 1 67 0
  61 0022 039B     		ldr	r3, [sp, #12]
  62 0024 029A     		ldr	r2, [sp, #8]
  63 0026 5A60     		str	r2, [r3, #4]
  64              		.loc 1 68 0
  65 0028 039B     		ldr	r3, [sp, #12]
  66 002a 019A     		ldr	r2, [sp, #4]
  67 002c 9A60     		str	r2, [r3, #8]
  68              		.loc 1 69 0
  69 002e 05B0     		add	sp, sp, #20
  70              		.cfi_def_cfa_offset 4
  71              		@ sp needed
  72 0030 5DF804FB 		ldr	pc, [sp], #4
  73              	.L5:
  74              		.align	2
  75              	.L4:
  76 0034 00000000 		.word	.LC0
  77              		.cfi_endproc
  78              	.LFE7:
  79              		.size	chPoolInit, .-chPoolInit
  80              		.section	.rodata
  81 000f 00       		.align	2
  82              	.LC1:
  83 0010 22636850 		.ascii	"\"chPoolLoadArray\"()\000"
  83      6F6F6C4C 
  83      6F616441 
  83      72726179 
  83      22282900 
  84              		.text
  85              		.align	2
  86              		.global	chPoolLoadArray
  87              		.thumb
  88              		.thumb_func
  89              		.type	chPoolLoadArray, %function
  90              	chPoolLoadArray:
  91              	.LFB8:
  92              		.loc 1 84 0
  93              		.cfi_startproc
  94              		@ args = 0, pretend = 0, frame = 16
  95              		@ frame_needed = 0, uses_anonymous_args = 0
  96 0038 00B5     		push	{lr}
  97              		.cfi_def_cfa_offset 4
  98              		.cfi_offset 14, -4
  99 003a 85B0     		sub	sp, sp, #20
 100              		.cfi_def_cfa_offset 24
 101 003c 0390     		str	r0, [sp, #12]
 102 003e 0291     		str	r1, [sp, #8]
 103 0040 0192     		str	r2, [sp, #4]
 104              		.loc 1 86 0
 105 0042 039B     		ldr	r3, [sp, #12]
 106 0044 002B     		cmp	r3, #0
 107 0046 02D0     		beq	.L7
ARM GAS  /tmp/cc1ABHjE.s 			page 3


 108              		.loc 1 86 0 is_stmt 0 discriminator 2
 109 0048 019B     		ldr	r3, [sp, #4]
 110 004a 002B     		cmp	r3, #0
 111 004c 02D1     		bne	.L8
 112              	.L7:
 113              		.loc 1 86 0 discriminator 3
 114 004e 0B48     		ldr	r0, .L11
 115 0050 FFF7FEFF 		bl	chDbgPanic
 116              	.L8:
 117              		.loc 1 88 0 is_stmt 1
 118 0054 0BE0     		b	.L9
 119              	.L10:
 120              		.loc 1 89 0
 121 0056 0398     		ldr	r0, [sp, #12]
 122 0058 0299     		ldr	r1, [sp, #8]
 123 005a FFF7FEFF 		bl	chPoolFree
 124              		.loc 1 90 0
 125 005e 039B     		ldr	r3, [sp, #12]
 126 0060 5B68     		ldr	r3, [r3, #4]
 127 0062 029A     		ldr	r2, [sp, #8]
 128 0064 1344     		add	r3, r3, r2
 129 0066 0293     		str	r3, [sp, #8]
 130              		.loc 1 91 0
 131 0068 019B     		ldr	r3, [sp, #4]
 132 006a 013B     		subs	r3, r3, #1
 133 006c 0193     		str	r3, [sp, #4]
 134              	.L9:
 135              		.loc 1 88 0
 136 006e 019B     		ldr	r3, [sp, #4]
 137 0070 002B     		cmp	r3, #0
 138 0072 F0D1     		bne	.L10
 139              		.loc 1 93 0
 140 0074 05B0     		add	sp, sp, #20
 141              		.cfi_def_cfa_offset 4
 142              		@ sp needed
 143 0076 5DF804FB 		ldr	pc, [sp], #4
 144              	.L12:
 145 007a 00BF     		.align	2
 146              	.L11:
 147 007c 10000000 		.word	.LC1
 148              		.cfi_endproc
 149              	.LFE8:
 150              		.size	chPoolLoadArray, .-chPoolLoadArray
 151              		.section	.rodata
 152              		.align	2
 153              	.LC2:
 154 0024 22636850 		.ascii	"\"chPoolAllocI\"()\000"
 154      6F6F6C41 
 154      6C6C6F63 
 154      49222829 
 154      00
 155              		.text
 156              		.align	2
 157              		.global	chPoolAllocI
 158              		.thumb
 159              		.thumb_func
 160              		.type	chPoolAllocI, %function
ARM GAS  /tmp/cc1ABHjE.s 			page 4


 161              	chPoolAllocI:
 162              	.LFB9:
 163              		.loc 1 105 0
 164              		.cfi_startproc
 165              		@ args = 0, pretend = 0, frame = 16
 166              		@ frame_needed = 0, uses_anonymous_args = 0
 167 0080 00B5     		push	{lr}
 168              		.cfi_def_cfa_offset 4
 169              		.cfi_offset 14, -4
 170 0082 85B0     		sub	sp, sp, #20
 171              		.cfi_def_cfa_offset 24
 172 0084 0190     		str	r0, [sp, #4]
 173              		.loc 1 108 0
 174 0086 FFF7FEFF 		bl	chDbgCheckClassI
 175              		.loc 1 109 0
 176 008a 019B     		ldr	r3, [sp, #4]
 177 008c 002B     		cmp	r3, #0
 178 008e 02D1     		bne	.L14
 179              		.loc 1 109 0 is_stmt 0 discriminator 1
 180 0090 0F48     		ldr	r0, .L18
 181 0092 FFF7FEFF 		bl	chDbgPanic
 182              	.L14:
 183              		.loc 1 111 0 is_stmt 1
 184 0096 019B     		ldr	r3, [sp, #4]
 185 0098 1B68     		ldr	r3, [r3]
 186 009a 0393     		str	r3, [sp, #12]
 187 009c 039B     		ldr	r3, [sp, #12]
 188 009e 002B     		cmp	r3, #0
 189 00a0 05D0     		beq	.L15
 190              		.loc 1 112 0
 191 00a2 019B     		ldr	r3, [sp, #4]
 192 00a4 1B68     		ldr	r3, [r3]
 193 00a6 1A68     		ldr	r2, [r3]
 194 00a8 019B     		ldr	r3, [sp, #4]
 195 00aa 1A60     		str	r2, [r3]
 196 00ac 0AE0     		b	.L16
 197              	.L15:
 198              		.loc 1 113 0
 199 00ae 019B     		ldr	r3, [sp, #4]
 200 00b0 9B68     		ldr	r3, [r3, #8]
 201 00b2 002B     		cmp	r3, #0
 202 00b4 06D0     		beq	.L16
 203              		.loc 1 114 0
 204 00b6 019B     		ldr	r3, [sp, #4]
 205 00b8 9B68     		ldr	r3, [r3, #8]
 206 00ba 019A     		ldr	r2, [sp, #4]
 207 00bc 5268     		ldr	r2, [r2, #4]
 208 00be 1046     		mov	r0, r2
 209 00c0 9847     		blx	r3
 210 00c2 0390     		str	r0, [sp, #12]
 211              	.L16:
 212              		.loc 1 115 0
 213 00c4 039B     		ldr	r3, [sp, #12]
 214              		.loc 1 116 0
 215 00c6 1846     		mov	r0, r3
 216 00c8 05B0     		add	sp, sp, #20
 217              		.cfi_def_cfa_offset 4
ARM GAS  /tmp/cc1ABHjE.s 			page 5


 218              		@ sp needed
 219 00ca 5DF804FB 		ldr	pc, [sp], #4
 220              	.L19:
 221 00ce 00BF     		.align	2
 222              	.L18:
 223 00d0 24000000 		.word	.LC2
 224              		.cfi_endproc
 225              	.LFE9:
 226              		.size	chPoolAllocI, .-chPoolAllocI
 227              		.align	2
 228              		.global	chPoolAlloc
 229              		.thumb
 230              		.thumb_func
 231              		.type	chPoolAlloc, %function
 232              	chPoolAlloc:
 233              	.LFB10:
 234              		.loc 1 128 0
 235              		.cfi_startproc
 236              		@ args = 0, pretend = 0, frame = 16
 237              		@ frame_needed = 0, uses_anonymous_args = 0
 238 00d4 00B5     		push	{lr}
 239              		.cfi_def_cfa_offset 4
 240              		.cfi_offset 14, -4
 241 00d6 85B0     		sub	sp, sp, #20
 242              		.cfi_def_cfa_offset 24
 243 00d8 0190     		str	r0, [sp, #4]
 244              	.LBB2:
 245              		.loc 1 131 0
 246 00da 2023     		movs	r3, #32
 247              	@ 131 "/opt/R2P/core/ChibiOS_2.6.5/os/kernel/src/chmempools.c" 1
 248 00dc 83F31188 		msr     BASEPRI, r3
 249              	@ 0 "" 2
 250              		.thumb
 251              	.LBE2:
 252 00e0 FFF7FEFF 		bl	dbg_check_lock
 253              		.loc 1 132 0
 254 00e4 0198     		ldr	r0, [sp, #4]
 255 00e6 FFF7FEFF 		bl	chPoolAllocI
 256 00ea 0390     		str	r0, [sp, #12]
 257              		.loc 1 133 0
 258 00ec FFF7FEFF 		bl	dbg_check_unlock
 259              	.LBB3:
 260 00f0 0023     		movs	r3, #0
 261              	@ 133 "/opt/R2P/core/ChibiOS_2.6.5/os/kernel/src/chmempools.c" 1
 262 00f2 83F31188 		msr     BASEPRI, r3
 263              	@ 0 "" 2
 264              		.thumb
 265              	.LBE3:
 266              		.loc 1 134 0
 267 00f6 039B     		ldr	r3, [sp, #12]
 268              		.loc 1 135 0
 269 00f8 1846     		mov	r0, r3
 270 00fa 05B0     		add	sp, sp, #20
 271              		.cfi_def_cfa_offset 4
 272              		@ sp needed
 273 00fc 5DF804FB 		ldr	pc, [sp], #4
 274              		.cfi_endproc
ARM GAS  /tmp/cc1ABHjE.s 			page 6


 275              	.LFE10:
 276              		.size	chPoolAlloc, .-chPoolAlloc
 277              		.section	.rodata
 278 0035 000000   		.align	2
 279              	.LC3:
 280 0038 22636850 		.ascii	"\"chPoolFreeI\"()\000"
 280      6F6F6C46 
 280      72656549 
 280      22282900 
 281              		.text
 282              		.align	2
 283              		.global	chPoolFreeI
 284              		.thumb
 285              		.thumb_func
 286              		.type	chPoolFreeI, %function
 287              	chPoolFreeI:
 288              	.LFB11:
 289              		.loc 1 149 0
 290              		.cfi_startproc
 291              		@ args = 0, pretend = 0, frame = 16
 292              		@ frame_needed = 0, uses_anonymous_args = 0
 293 0100 00B5     		push	{lr}
 294              		.cfi_def_cfa_offset 4
 295              		.cfi_offset 14, -4
 296 0102 85B0     		sub	sp, sp, #20
 297              		.cfi_def_cfa_offset 24
 298 0104 0190     		str	r0, [sp, #4]
 299 0106 0091     		str	r1, [sp]
 300              		.loc 1 150 0
 301 0108 009B     		ldr	r3, [sp]
 302 010a 0393     		str	r3, [sp, #12]
 303              		.loc 1 152 0
 304 010c FFF7FEFF 		bl	chDbgCheckClassI
 305              		.loc 1 153 0
 306 0110 019B     		ldr	r3, [sp, #4]
 307 0112 002B     		cmp	r3, #0
 308 0114 02D0     		beq	.L23
 309              		.loc 1 153 0 is_stmt 0 discriminator 2
 310 0116 009B     		ldr	r3, [sp]
 311 0118 002B     		cmp	r3, #0
 312 011a 02D1     		bne	.L24
 313              	.L23:
 314              		.loc 1 153 0 discriminator 3
 315 011c 0648     		ldr	r0, .L25
 316 011e FFF7FEFF 		bl	chDbgPanic
 317              	.L24:
 318              		.loc 1 155 0 is_stmt 1
 319 0122 019B     		ldr	r3, [sp, #4]
 320 0124 1A68     		ldr	r2, [r3]
 321 0126 039B     		ldr	r3, [sp, #12]
 322 0128 1A60     		str	r2, [r3]
 323              		.loc 1 156 0
 324 012a 019B     		ldr	r3, [sp, #4]
 325 012c 039A     		ldr	r2, [sp, #12]
 326 012e 1A60     		str	r2, [r3]
 327              		.loc 1 157 0
 328 0130 05B0     		add	sp, sp, #20
ARM GAS  /tmp/cc1ABHjE.s 			page 7


 329              		.cfi_def_cfa_offset 4
 330              		@ sp needed
 331 0132 5DF804FB 		ldr	pc, [sp], #4
 332              	.L26:
 333 0136 00BF     		.align	2
 334              	.L25:
 335 0138 38000000 		.word	.LC3
 336              		.cfi_endproc
 337              	.LFE11:
 338              		.size	chPoolFreeI, .-chPoolFreeI
 339              		.align	2
 340              		.global	chPoolFree
 341              		.thumb
 342              		.thumb_func
 343              		.type	chPoolFree, %function
 344              	chPoolFree:
 345              	.LFB12:
 346              		.loc 1 171 0
 347              		.cfi_startproc
 348              		@ args = 0, pretend = 0, frame = 8
 349              		@ frame_needed = 0, uses_anonymous_args = 0
 350 013c 00B5     		push	{lr}
 351              		.cfi_def_cfa_offset 4
 352              		.cfi_offset 14, -4
 353 013e 83B0     		sub	sp, sp, #12
 354              		.cfi_def_cfa_offset 16
 355 0140 0190     		str	r0, [sp, #4]
 356 0142 0091     		str	r1, [sp]
 357              	.LBB4:
 358              		.loc 1 173 0
 359 0144 2023     		movs	r3, #32
 360              	@ 173 "/opt/R2P/core/ChibiOS_2.6.5/os/kernel/src/chmempools.c" 1
 361 0146 83F31188 		msr     BASEPRI, r3
 362              	@ 0 "" 2
 363              		.thumb
 364              	.LBE4:
 365 014a FFF7FEFF 		bl	dbg_check_lock
 366              		.loc 1 174 0
 367 014e 0198     		ldr	r0, [sp, #4]
 368 0150 0099     		ldr	r1, [sp]
 369 0152 FFF7FEFF 		bl	chPoolFreeI
 370              		.loc 1 175 0
 371 0156 FFF7FEFF 		bl	dbg_check_unlock
 372              	.LBB5:
 373 015a 0023     		movs	r3, #0
 374              	@ 175 "/opt/R2P/core/ChibiOS_2.6.5/os/kernel/src/chmempools.c" 1
 375 015c 83F31188 		msr     BASEPRI, r3
 376              	@ 0 "" 2
 377              		.thumb
 378              	.LBE5:
 379              		.loc 1 176 0
 380 0160 03B0     		add	sp, sp, #12
 381              		.cfi_def_cfa_offset 4
 382              		@ sp needed
 383 0162 5DF804FB 		ldr	pc, [sp], #4
 384              		.cfi_endproc
 385              	.LFE12:
ARM GAS  /tmp/cc1ABHjE.s 			page 8


 386              		.size	chPoolFree, .-chPoolFree
 387              	.Letext0:
 388              		.file 2 "/opt/R2P/tools/gcc-arm-none-eabi-4_9-2014q4/lib/gcc/arm-none-eabi/4.9.3/include/stddef.h"
 389              		.file 3 "/opt/R2P/tools/gcc-arm-none-eabi-4_9-2014q4/arm-none-eabi/include/machine/_default_types.
 390              		.file 4 "/opt/R2P/tools/gcc-arm-none-eabi-4_9-2014q4/arm-none-eabi/include/stdint.h"
 391              		.file 5 "/opt/R2P/core/ChibiOS_2.6.5/os/kernel/include/chmemcore.h"
 392              		.file 6 "/opt/R2P/core/ChibiOS_2.6.5/os/kernel/include/chmempools.h"
 393 0166 00BF     		.section	.debug_info,"",%progbits
 394              	.Ldebug_info0:
 395 0000 E3020000 		.4byte	0x2e3
 396 0004 0400     		.2byte	0x4
 397 0006 00000000 		.4byte	.Ldebug_abbrev0
 398 000a 04       		.byte	0x4
 399 000b 01       		.uleb128 0x1
 400 000c C0000000 		.4byte	.LASF31
 401 0010 01       		.byte	0x1
 402 0011 11000000 		.4byte	.LASF32
 403 0015 00000000 		.4byte	.Ltext0
 404 0019 66010000 		.4byte	.Letext0-.Ltext0
 405 001d 00000000 		.4byte	.Ldebug_line0
 406 0021 02       		.uleb128 0x2
 407 0022 04       		.byte	0x4
 408 0023 05       		.byte	0x5
 409 0024 696E7400 		.ascii	"int\000"
 410 0028 03       		.uleb128 0x3
 411 0029 0A000000 		.4byte	.LASF2
 412 002d 02       		.byte	0x2
 413 002e D4       		.byte	0xd4
 414 002f 33000000 		.4byte	0x33
 415 0033 04       		.uleb128 0x4
 416 0034 04       		.byte	0x4
 417 0035 07       		.byte	0x7
 418 0036 88010000 		.4byte	.LASF0
 419 003a 04       		.uleb128 0x4
 420 003b 01       		.byte	0x1
 421 003c 06       		.byte	0x6
 422 003d 19020000 		.4byte	.LASF1
 423 0041 03       		.uleb128 0x3
 424 0042 00000000 		.4byte	.LASF3
 425 0046 03       		.byte	0x3
 426 0047 1D       		.byte	0x1d
 427 0048 4C000000 		.4byte	0x4c
 428 004c 04       		.uleb128 0x4
 429 004d 01       		.byte	0x1
 430 004e 08       		.byte	0x8
 431 004f B2000000 		.4byte	.LASF4
 432 0053 04       		.uleb128 0x4
 433 0054 02       		.byte	0x2
 434 0055 05       		.byte	0x5
 435 0056 F1010000 		.4byte	.LASF5
 436 005a 04       		.uleb128 0x4
 437 005b 02       		.byte	0x2
 438 005c 07       		.byte	0x7
 439 005d 8A000000 		.4byte	.LASF6
 440 0061 04       		.uleb128 0x4
 441 0062 04       		.byte	0x4
 442 0063 05       		.byte	0x5
ARM GAS  /tmp/cc1ABHjE.s 			page 9


 443 0064 10020000 		.4byte	.LASF7
 444 0068 03       		.uleb128 0x3
 445 0069 55010000 		.4byte	.LASF8
 446 006d 03       		.byte	0x3
 447 006e 41       		.byte	0x41
 448 006f 73000000 		.4byte	0x73
 449 0073 04       		.uleb128 0x4
 450 0074 04       		.byte	0x4
 451 0075 07       		.byte	0x7
 452 0076 78000000 		.4byte	.LASF9
 453 007a 04       		.uleb128 0x4
 454 007b 08       		.byte	0x8
 455 007c 05       		.byte	0x5
 456 007d C5010000 		.4byte	.LASF10
 457 0081 04       		.uleb128 0x4
 458 0082 08       		.byte	0x8
 459 0083 07       		.byte	0x7
 460 0084 95010000 		.4byte	.LASF11
 461 0088 03       		.uleb128 0x3
 462 0089 AC010000 		.4byte	.LASF12
 463 008d 04       		.byte	0x4
 464 008e 15       		.byte	0x15
 465 008f 41000000 		.4byte	0x41
 466 0093 03       		.uleb128 0x3
 467 0094 07020000 		.4byte	.LASF13
 468 0098 04       		.byte	0x4
 469 0099 2D       		.byte	0x2d
 470 009a 68000000 		.4byte	0x68
 471 009e 04       		.uleb128 0x4
 472 009f 01       		.byte	0x1
 473 00a0 02       		.byte	0x2
 474 00a1 2D020000 		.4byte	.LASF14
 475 00a5 05       		.uleb128 0x5
 476 00a6 04       		.byte	0x4
 477 00a7 04       		.uleb128 0x4
 478 00a8 04       		.byte	0x4
 479 00a9 07       		.byte	0x7
 480 00aa BC010000 		.4byte	.LASF15
 481 00ae 03       		.uleb128 0x3
 482 00af D8010000 		.4byte	.LASF16
 483 00b3 05       		.byte	0x5
 484 00b4 2C       		.byte	0x2c
 485 00b5 B9000000 		.4byte	0xb9
 486 00b9 06       		.uleb128 0x6
 487 00ba 04       		.byte	0x4
 488 00bb BF000000 		.4byte	0xbf
 489 00bf 07       		.uleb128 0x7
 490 00c0 A5000000 		.4byte	0xa5
 491 00c4 CE000000 		.4byte	0xce
 492 00c8 08       		.uleb128 0x8
 493 00c9 28000000 		.4byte	0x28
 494 00cd 00       		.byte	0
 495 00ce 09       		.uleb128 0x9
 496 00cf 67000000 		.4byte	.LASF33
 497 00d3 04       		.byte	0x4
 498 00d4 06       		.byte	0x6
 499 00d5 2C       		.byte	0x2c
ARM GAS  /tmp/cc1ABHjE.s 			page 10


 500 00d6 E7000000 		.4byte	0xe7
 501 00da 0A       		.uleb128 0xa
 502 00db B4010000 		.4byte	.LASF17
 503 00df 06       		.byte	0x6
 504 00e0 2D       		.byte	0x2d
 505 00e1 E7000000 		.4byte	0xe7
 506 00e5 00       		.byte	0
 507 00e6 00       		.byte	0
 508 00e7 06       		.uleb128 0x6
 509 00e8 04       		.byte	0x4
 510 00e9 CE000000 		.4byte	0xce
 511 00ed 0B       		.uleb128 0xb
 512 00ee 0C       		.byte	0xc
 513 00ef 06       		.byte	0x6
 514 00f0 34       		.byte	0x34
 515 00f1 1A010000 		.4byte	0x11a
 516 00f5 0A       		.uleb128 0xa
 517 00f6 25020000 		.4byte	.LASF18
 518 00fa 06       		.byte	0x6
 519 00fb 35       		.byte	0x35
 520 00fc E7000000 		.4byte	0xe7
 521 0100 00       		.byte	0
 522 0101 0A       		.uleb128 0xa
 523 0102 48000000 		.4byte	.LASF19
 524 0106 06       		.byte	0x6
 525 0107 36       		.byte	0x36
 526 0108 28000000 		.4byte	0x28
 527 010c 04       		.byte	0x4
 528 010d 0A       		.uleb128 0xa
 529 010e E5010000 		.4byte	.LASF20
 530 0112 06       		.byte	0x6
 531 0113 38       		.byte	0x38
 532 0114 AE000000 		.4byte	0xae
 533 0118 08       		.byte	0x8
 534 0119 00       		.byte	0
 535 011a 03       		.uleb128 0x3
 536 011b 6B010000 		.4byte	.LASF21
 537 011f 06       		.byte	0x6
 538 0120 3A       		.byte	0x3a
 539 0121 ED000000 		.4byte	0xed
 540 0125 04       		.uleb128 0x4
 541 0126 01       		.byte	0x1
 542 0127 08       		.byte	0x8
 543 0128 D3010000 		.4byte	.LASF22
 544 012c 0C       		.uleb128 0xc
 545 012d 33020000 		.4byte	.LASF25
 546 0131 01       		.byte	0x1
 547 0132 3E       		.byte	0x3e
 548 0133 00000000 		.4byte	.LFB7
 549 0137 38000000 		.4byte	.LFE7-.LFB7
 550 013b 01       		.uleb128 0x1
 551 013c 9C       		.byte	0x9c
 552 013d 6B010000 		.4byte	0x16b
 553 0141 0D       		.uleb128 0xd
 554 0142 6D7000   		.ascii	"mp\000"
 555 0145 01       		.byte	0x1
 556 0146 3E       		.byte	0x3e
ARM GAS  /tmp/cc1ABHjE.s 			page 11


 557 0147 6B010000 		.4byte	0x16b
 558 014b 02       		.uleb128 0x2
 559 014c 91       		.byte	0x91
 560 014d 74       		.sleb128 -12
 561 014e 0E       		.uleb128 0xe
 562 014f 73000000 		.4byte	.LASF23
 563 0153 01       		.byte	0x1
 564 0154 3E       		.byte	0x3e
 565 0155 28000000 		.4byte	0x28
 566 0159 02       		.uleb128 0x2
 567 015a 91       		.byte	0x91
 568 015b 70       		.sleb128 -16
 569 015c 0E       		.uleb128 0xe
 570 015d 9D000000 		.4byte	.LASF24
 571 0161 01       		.byte	0x1
 572 0162 3E       		.byte	0x3e
 573 0163 AE000000 		.4byte	0xae
 574 0167 02       		.uleb128 0x2
 575 0168 91       		.byte	0x91
 576 0169 6C       		.sleb128 -20
 577 016a 00       		.byte	0
 578 016b 06       		.uleb128 0x6
 579 016c 04       		.byte	0x4
 580 016d 1A010000 		.4byte	0x11a
 581 0171 0C       		.uleb128 0xc
 582 0172 57000000 		.4byte	.LASF26
 583 0176 01       		.byte	0x1
 584 0177 54       		.byte	0x54
 585 0178 38000000 		.4byte	.LFB8
 586 017c 48000000 		.4byte	.LFE8-.LFB8
 587 0180 01       		.uleb128 0x1
 588 0181 9C       		.byte	0x9c
 589 0182 AC010000 		.4byte	0x1ac
 590 0186 0D       		.uleb128 0xd
 591 0187 6D7000   		.ascii	"mp\000"
 592 018a 01       		.byte	0x1
 593 018b 54       		.byte	0x54
 594 018c 6B010000 		.4byte	0x16b
 595 0190 02       		.uleb128 0x2
 596 0191 91       		.byte	0x91
 597 0192 74       		.sleb128 -12
 598 0193 0D       		.uleb128 0xd
 599 0194 7000     		.ascii	"p\000"
 600 0196 01       		.byte	0x1
 601 0197 54       		.byte	0x54
 602 0198 A5000000 		.4byte	0xa5
 603 019c 02       		.uleb128 0x2
 604 019d 91       		.byte	0x91
 605 019e 70       		.sleb128 -16
 606 019f 0D       		.uleb128 0xd
 607 01a0 6E00     		.ascii	"n\000"
 608 01a2 01       		.byte	0x1
 609 01a3 54       		.byte	0x54
 610 01a4 28000000 		.4byte	0x28
 611 01a8 02       		.uleb128 0x2
 612 01a9 91       		.byte	0x91
 613 01aa 6C       		.sleb128 -20
ARM GAS  /tmp/cc1ABHjE.s 			page 12


 614 01ab 00       		.byte	0
 615 01ac 0F       		.uleb128 0xf
 616 01ad 7B010000 		.4byte	.LASF27
 617 01b1 01       		.byte	0x1
 618 01b2 69       		.byte	0x69
 619 01b3 A5000000 		.4byte	0xa5
 620 01b7 80000000 		.4byte	.LFB9
 621 01bb 54000000 		.4byte	.LFE9-.LFB9
 622 01bf 01       		.uleb128 0x1
 623 01c0 9C       		.byte	0x9c
 624 01c1 E1010000 		.4byte	0x1e1
 625 01c5 0D       		.uleb128 0xd
 626 01c6 6D7000   		.ascii	"mp\000"
 627 01c9 01       		.byte	0x1
 628 01ca 69       		.byte	0x69
 629 01cb 6B010000 		.4byte	0x16b
 630 01cf 02       		.uleb128 0x2
 631 01d0 91       		.byte	0x91
 632 01d1 6C       		.sleb128 -20
 633 01d2 10       		.uleb128 0x10
 634 01d3 76010000 		.4byte	.LASF29
 635 01d7 01       		.byte	0x1
 636 01d8 6A       		.byte	0x6a
 637 01d9 A5000000 		.4byte	0xa5
 638 01dd 02       		.uleb128 0x2
 639 01de 91       		.byte	0x91
 640 01df 74       		.sleb128 -12
 641 01e0 00       		.byte	0
 642 01e1 0F       		.uleb128 0xf
 643 01e2 FB010000 		.4byte	.LASF28
 644 01e6 01       		.byte	0x1
 645 01e7 80       		.byte	0x80
 646 01e8 A5000000 		.4byte	0xa5
 647 01ec D4000000 		.4byte	.LFB10
 648 01f0 2C000000 		.4byte	.LFE10-.LFB10
 649 01f4 01       		.uleb128 0x1
 650 01f5 9C       		.byte	0x9c
 651 01f6 48020000 		.4byte	0x248
 652 01fa 0D       		.uleb128 0xd
 653 01fb 6D7000   		.ascii	"mp\000"
 654 01fe 01       		.byte	0x1
 655 01ff 80       		.byte	0x80
 656 0200 6B010000 		.4byte	0x16b
 657 0204 02       		.uleb128 0x2
 658 0205 91       		.byte	0x91
 659 0206 6C       		.sleb128 -20
 660 0207 10       		.uleb128 0x10
 661 0208 76010000 		.4byte	.LASF29
 662 020c 01       		.byte	0x1
 663 020d 81       		.byte	0x81
 664 020e A5000000 		.4byte	0xa5
 665 0212 02       		.uleb128 0x2
 666 0213 91       		.byte	0x91
 667 0214 74       		.sleb128 -12
 668 0215 11       		.uleb128 0x11
 669 0216 DA000000 		.4byte	.LBB2
 670 021a 06000000 		.4byte	.LBE2-.LBB2
ARM GAS  /tmp/cc1ABHjE.s 			page 13


 671 021e 30020000 		.4byte	0x230
 672 0222 12       		.uleb128 0x12
 673 0223 746D7000 		.ascii	"tmp\000"
 674 0227 01       		.byte	0x1
 675 0228 83       		.byte	0x83
 676 0229 93000000 		.4byte	0x93
 677 022d 01       		.uleb128 0x1
 678 022e 53       		.byte	0x53
 679 022f 00       		.byte	0
 680 0230 13       		.uleb128 0x13
 681 0231 F0000000 		.4byte	.LBB3
 682 0235 06000000 		.4byte	.LBE3-.LBB3
 683 0239 12       		.uleb128 0x12
 684 023a 746D7000 		.ascii	"tmp\000"
 685 023e 01       		.byte	0x1
 686 023f 85       		.byte	0x85
 687 0240 93000000 		.4byte	0x93
 688 0244 01       		.uleb128 0x1
 689 0245 53       		.byte	0x53
 690 0246 00       		.byte	0
 691 0247 00       		.byte	0
 692 0248 0C       		.uleb128 0xc
 693 0249 A6000000 		.4byte	.LASF30
 694 024d 01       		.byte	0x1
 695 024e 95       		.byte	0x95
 696 024f 00010000 		.4byte	.LFB11
 697 0253 3C000000 		.4byte	.LFE11-.LFB11
 698 0257 01       		.uleb128 0x1
 699 0258 9C       		.byte	0x9c
 700 0259 87020000 		.4byte	0x287
 701 025d 0D       		.uleb128 0xd
 702 025e 6D7000   		.ascii	"mp\000"
 703 0261 01       		.byte	0x1
 704 0262 95       		.byte	0x95
 705 0263 6B010000 		.4byte	0x16b
 706 0267 02       		.uleb128 0x2
 707 0268 91       		.byte	0x91
 708 0269 6C       		.sleb128 -20
 709 026a 0E       		.uleb128 0xe
 710 026b 76010000 		.4byte	.LASF29
 711 026f 01       		.byte	0x1
 712 0270 95       		.byte	0x95
 713 0271 A5000000 		.4byte	0xa5
 714 0275 02       		.uleb128 0x2
 715 0276 91       		.byte	0x91
 716 0277 68       		.sleb128 -24
 717 0278 12       		.uleb128 0x12
 718 0279 70687000 		.ascii	"php\000"
 719 027d 01       		.byte	0x1
 720 027e 96       		.byte	0x96
 721 027f E7000000 		.4byte	0xe7
 722 0283 02       		.uleb128 0x2
 723 0284 91       		.byte	0x91
 724 0285 74       		.sleb128 -12
 725 0286 00       		.byte	0
 726 0287 14       		.uleb128 0x14
 727 0288 60010000 		.4byte	.LASF34
ARM GAS  /tmp/cc1ABHjE.s 			page 14


 728 028c 01       		.byte	0x1
 729 028d AB       		.byte	0xab
 730 028e 3C010000 		.4byte	.LFB12
 731 0292 2A000000 		.4byte	.LFE12-.LFB12
 732 0296 01       		.uleb128 0x1
 733 0297 9C       		.byte	0x9c
 734 0298 0D       		.uleb128 0xd
 735 0299 6D7000   		.ascii	"mp\000"
 736 029c 01       		.byte	0x1
 737 029d AB       		.byte	0xab
 738 029e 6B010000 		.4byte	0x16b
 739 02a2 02       		.uleb128 0x2
 740 02a3 91       		.byte	0x91
 741 02a4 74       		.sleb128 -12
 742 02a5 0E       		.uleb128 0xe
 743 02a6 76010000 		.4byte	.LASF29
 744 02aa 01       		.byte	0x1
 745 02ab AB       		.byte	0xab
 746 02ac A5000000 		.4byte	0xa5
 747 02b0 02       		.uleb128 0x2
 748 02b1 91       		.byte	0x91
 749 02b2 70       		.sleb128 -16
 750 02b3 11       		.uleb128 0x11
 751 02b4 44010000 		.4byte	.LBB4
 752 02b8 06000000 		.4byte	.LBE4-.LBB4
 753 02bc CE020000 		.4byte	0x2ce
 754 02c0 12       		.uleb128 0x12
 755 02c1 746D7000 		.ascii	"tmp\000"
 756 02c5 01       		.byte	0x1
 757 02c6 AD       		.byte	0xad
 758 02c7 93000000 		.4byte	0x93
 759 02cb 01       		.uleb128 0x1
 760 02cc 53       		.byte	0x53
 761 02cd 00       		.byte	0
 762 02ce 13       		.uleb128 0x13
 763 02cf 5A010000 		.4byte	.LBB5
 764 02d3 06000000 		.4byte	.LBE5-.LBB5
 765 02d7 12       		.uleb128 0x12
 766 02d8 746D7000 		.ascii	"tmp\000"
 767 02dc 01       		.byte	0x1
 768 02dd AF       		.byte	0xaf
 769 02de 93000000 		.4byte	0x93
 770 02e2 01       		.uleb128 0x1
 771 02e3 53       		.byte	0x53
 772 02e4 00       		.byte	0
 773 02e5 00       		.byte	0
 774 02e6 00       		.byte	0
 775              		.section	.debug_abbrev,"",%progbits
 776              	.Ldebug_abbrev0:
 777 0000 01       		.uleb128 0x1
 778 0001 11       		.uleb128 0x11
 779 0002 01       		.byte	0x1
 780 0003 25       		.uleb128 0x25
 781 0004 0E       		.uleb128 0xe
 782 0005 13       		.uleb128 0x13
 783 0006 0B       		.uleb128 0xb
 784 0007 03       		.uleb128 0x3
ARM GAS  /tmp/cc1ABHjE.s 			page 15


 785 0008 0E       		.uleb128 0xe
 786 0009 11       		.uleb128 0x11
 787 000a 01       		.uleb128 0x1
 788 000b 12       		.uleb128 0x12
 789 000c 06       		.uleb128 0x6
 790 000d 10       		.uleb128 0x10
 791 000e 17       		.uleb128 0x17
 792 000f 00       		.byte	0
 793 0010 00       		.byte	0
 794 0011 02       		.uleb128 0x2
 795 0012 24       		.uleb128 0x24
 796 0013 00       		.byte	0
 797 0014 0B       		.uleb128 0xb
 798 0015 0B       		.uleb128 0xb
 799 0016 3E       		.uleb128 0x3e
 800 0017 0B       		.uleb128 0xb
 801 0018 03       		.uleb128 0x3
 802 0019 08       		.uleb128 0x8
 803 001a 00       		.byte	0
 804 001b 00       		.byte	0
 805 001c 03       		.uleb128 0x3
 806 001d 16       		.uleb128 0x16
 807 001e 00       		.byte	0
 808 001f 03       		.uleb128 0x3
 809 0020 0E       		.uleb128 0xe
 810 0021 3A       		.uleb128 0x3a
 811 0022 0B       		.uleb128 0xb
 812 0023 3B       		.uleb128 0x3b
 813 0024 0B       		.uleb128 0xb
 814 0025 49       		.uleb128 0x49
 815 0026 13       		.uleb128 0x13
 816 0027 00       		.byte	0
 817 0028 00       		.byte	0
 818 0029 04       		.uleb128 0x4
 819 002a 24       		.uleb128 0x24
 820 002b 00       		.byte	0
 821 002c 0B       		.uleb128 0xb
 822 002d 0B       		.uleb128 0xb
 823 002e 3E       		.uleb128 0x3e
 824 002f 0B       		.uleb128 0xb
 825 0030 03       		.uleb128 0x3
 826 0031 0E       		.uleb128 0xe
 827 0032 00       		.byte	0
 828 0033 00       		.byte	0
 829 0034 05       		.uleb128 0x5
 830 0035 0F       		.uleb128 0xf
 831 0036 00       		.byte	0
 832 0037 0B       		.uleb128 0xb
 833 0038 0B       		.uleb128 0xb
 834 0039 00       		.byte	0
 835 003a 00       		.byte	0
 836 003b 06       		.uleb128 0x6
 837 003c 0F       		.uleb128 0xf
 838 003d 00       		.byte	0
 839 003e 0B       		.uleb128 0xb
 840 003f 0B       		.uleb128 0xb
 841 0040 49       		.uleb128 0x49
ARM GAS  /tmp/cc1ABHjE.s 			page 16


 842 0041 13       		.uleb128 0x13
 843 0042 00       		.byte	0
 844 0043 00       		.byte	0
 845 0044 07       		.uleb128 0x7
 846 0045 15       		.uleb128 0x15
 847 0046 01       		.byte	0x1
 848 0047 27       		.uleb128 0x27
 849 0048 19       		.uleb128 0x19
 850 0049 49       		.uleb128 0x49
 851 004a 13       		.uleb128 0x13
 852 004b 01       		.uleb128 0x1
 853 004c 13       		.uleb128 0x13
 854 004d 00       		.byte	0
 855 004e 00       		.byte	0
 856 004f 08       		.uleb128 0x8
 857 0050 05       		.uleb128 0x5
 858 0051 00       		.byte	0
 859 0052 49       		.uleb128 0x49
 860 0053 13       		.uleb128 0x13
 861 0054 00       		.byte	0
 862 0055 00       		.byte	0
 863 0056 09       		.uleb128 0x9
 864 0057 13       		.uleb128 0x13
 865 0058 01       		.byte	0x1
 866 0059 03       		.uleb128 0x3
 867 005a 0E       		.uleb128 0xe
 868 005b 0B       		.uleb128 0xb
 869 005c 0B       		.uleb128 0xb
 870 005d 3A       		.uleb128 0x3a
 871 005e 0B       		.uleb128 0xb
 872 005f 3B       		.uleb128 0x3b
 873 0060 0B       		.uleb128 0xb
 874 0061 01       		.uleb128 0x1
 875 0062 13       		.uleb128 0x13
 876 0063 00       		.byte	0
 877 0064 00       		.byte	0
 878 0065 0A       		.uleb128 0xa
 879 0066 0D       		.uleb128 0xd
 880 0067 00       		.byte	0
 881 0068 03       		.uleb128 0x3
 882 0069 0E       		.uleb128 0xe
 883 006a 3A       		.uleb128 0x3a
 884 006b 0B       		.uleb128 0xb
 885 006c 3B       		.uleb128 0x3b
 886 006d 0B       		.uleb128 0xb
 887 006e 49       		.uleb128 0x49
 888 006f 13       		.uleb128 0x13
 889 0070 38       		.uleb128 0x38
 890 0071 0B       		.uleb128 0xb
 891 0072 00       		.byte	0
 892 0073 00       		.byte	0
 893 0074 0B       		.uleb128 0xb
 894 0075 13       		.uleb128 0x13
 895 0076 01       		.byte	0x1
 896 0077 0B       		.uleb128 0xb
 897 0078 0B       		.uleb128 0xb
 898 0079 3A       		.uleb128 0x3a
ARM GAS  /tmp/cc1ABHjE.s 			page 17


 899 007a 0B       		.uleb128 0xb
 900 007b 3B       		.uleb128 0x3b
 901 007c 0B       		.uleb128 0xb
 902 007d 01       		.uleb128 0x1
 903 007e 13       		.uleb128 0x13
 904 007f 00       		.byte	0
 905 0080 00       		.byte	0
 906 0081 0C       		.uleb128 0xc
 907 0082 2E       		.uleb128 0x2e
 908 0083 01       		.byte	0x1
 909 0084 3F       		.uleb128 0x3f
 910 0085 19       		.uleb128 0x19
 911 0086 03       		.uleb128 0x3
 912 0087 0E       		.uleb128 0xe
 913 0088 3A       		.uleb128 0x3a
 914 0089 0B       		.uleb128 0xb
 915 008a 3B       		.uleb128 0x3b
 916 008b 0B       		.uleb128 0xb
 917 008c 27       		.uleb128 0x27
 918 008d 19       		.uleb128 0x19
 919 008e 11       		.uleb128 0x11
 920 008f 01       		.uleb128 0x1
 921 0090 12       		.uleb128 0x12
 922 0091 06       		.uleb128 0x6
 923 0092 40       		.uleb128 0x40
 924 0093 18       		.uleb128 0x18
 925 0094 9642     		.uleb128 0x2116
 926 0096 19       		.uleb128 0x19
 927 0097 01       		.uleb128 0x1
 928 0098 13       		.uleb128 0x13
 929 0099 00       		.byte	0
 930 009a 00       		.byte	0
 931 009b 0D       		.uleb128 0xd
 932 009c 05       		.uleb128 0x5
 933 009d 00       		.byte	0
 934 009e 03       		.uleb128 0x3
 935 009f 08       		.uleb128 0x8
 936 00a0 3A       		.uleb128 0x3a
 937 00a1 0B       		.uleb128 0xb
 938 00a2 3B       		.uleb128 0x3b
 939 00a3 0B       		.uleb128 0xb
 940 00a4 49       		.uleb128 0x49
 941 00a5 13       		.uleb128 0x13
 942 00a6 02       		.uleb128 0x2
 943 00a7 18       		.uleb128 0x18
 944 00a8 00       		.byte	0
 945 00a9 00       		.byte	0
 946 00aa 0E       		.uleb128 0xe
 947 00ab 05       		.uleb128 0x5
 948 00ac 00       		.byte	0
 949 00ad 03       		.uleb128 0x3
 950 00ae 0E       		.uleb128 0xe
 951 00af 3A       		.uleb128 0x3a
 952 00b0 0B       		.uleb128 0xb
 953 00b1 3B       		.uleb128 0x3b
 954 00b2 0B       		.uleb128 0xb
 955 00b3 49       		.uleb128 0x49
ARM GAS  /tmp/cc1ABHjE.s 			page 18


 956 00b4 13       		.uleb128 0x13
 957 00b5 02       		.uleb128 0x2
 958 00b6 18       		.uleb128 0x18
 959 00b7 00       		.byte	0
 960 00b8 00       		.byte	0
 961 00b9 0F       		.uleb128 0xf
 962 00ba 2E       		.uleb128 0x2e
 963 00bb 01       		.byte	0x1
 964 00bc 3F       		.uleb128 0x3f
 965 00bd 19       		.uleb128 0x19
 966 00be 03       		.uleb128 0x3
 967 00bf 0E       		.uleb128 0xe
 968 00c0 3A       		.uleb128 0x3a
 969 00c1 0B       		.uleb128 0xb
 970 00c2 3B       		.uleb128 0x3b
 971 00c3 0B       		.uleb128 0xb
 972 00c4 27       		.uleb128 0x27
 973 00c5 19       		.uleb128 0x19
 974 00c6 49       		.uleb128 0x49
 975 00c7 13       		.uleb128 0x13
 976 00c8 11       		.uleb128 0x11
 977 00c9 01       		.uleb128 0x1
 978 00ca 12       		.uleb128 0x12
 979 00cb 06       		.uleb128 0x6
 980 00cc 40       		.uleb128 0x40
 981 00cd 18       		.uleb128 0x18
 982 00ce 9642     		.uleb128 0x2116
 983 00d0 19       		.uleb128 0x19
 984 00d1 01       		.uleb128 0x1
 985 00d2 13       		.uleb128 0x13
 986 00d3 00       		.byte	0
 987 00d4 00       		.byte	0
 988 00d5 10       		.uleb128 0x10
 989 00d6 34       		.uleb128 0x34
 990 00d7 00       		.byte	0
 991 00d8 03       		.uleb128 0x3
 992 00d9 0E       		.uleb128 0xe
 993 00da 3A       		.uleb128 0x3a
 994 00db 0B       		.uleb128 0xb
 995 00dc 3B       		.uleb128 0x3b
 996 00dd 0B       		.uleb128 0xb
 997 00de 49       		.uleb128 0x49
 998 00df 13       		.uleb128 0x13
 999 00e0 02       		.uleb128 0x2
 1000 00e1 18       		.uleb128 0x18
 1001 00e2 00       		.byte	0
 1002 00e3 00       		.byte	0
 1003 00e4 11       		.uleb128 0x11
 1004 00e5 0B       		.uleb128 0xb
 1005 00e6 01       		.byte	0x1
 1006 00e7 11       		.uleb128 0x11
 1007 00e8 01       		.uleb128 0x1
 1008 00e9 12       		.uleb128 0x12
 1009 00ea 06       		.uleb128 0x6
 1010 00eb 01       		.uleb128 0x1
 1011 00ec 13       		.uleb128 0x13
 1012 00ed 00       		.byte	0
ARM GAS  /tmp/cc1ABHjE.s 			page 19


 1013 00ee 00       		.byte	0
 1014 00ef 12       		.uleb128 0x12
 1015 00f0 34       		.uleb128 0x34
 1016 00f1 00       		.byte	0
 1017 00f2 03       		.uleb128 0x3
 1018 00f3 08       		.uleb128 0x8
 1019 00f4 3A       		.uleb128 0x3a
 1020 00f5 0B       		.uleb128 0xb
 1021 00f6 3B       		.uleb128 0x3b
 1022 00f7 0B       		.uleb128 0xb
 1023 00f8 49       		.uleb128 0x49
 1024 00f9 13       		.uleb128 0x13
 1025 00fa 02       		.uleb128 0x2
 1026 00fb 18       		.uleb128 0x18
 1027 00fc 00       		.byte	0
 1028 00fd 00       		.byte	0
 1029 00fe 13       		.uleb128 0x13
 1030 00ff 0B       		.uleb128 0xb
 1031 0100 01       		.byte	0x1
 1032 0101 11       		.uleb128 0x11
 1033 0102 01       		.uleb128 0x1
 1034 0103 12       		.uleb128 0x12
 1035 0104 06       		.uleb128 0x6
 1036 0105 00       		.byte	0
 1037 0106 00       		.byte	0
 1038 0107 14       		.uleb128 0x14
 1039 0108 2E       		.uleb128 0x2e
 1040 0109 01       		.byte	0x1
 1041 010a 3F       		.uleb128 0x3f
 1042 010b 19       		.uleb128 0x19
 1043 010c 03       		.uleb128 0x3
 1044 010d 0E       		.uleb128 0xe
 1045 010e 3A       		.uleb128 0x3a
 1046 010f 0B       		.uleb128 0xb
 1047 0110 3B       		.uleb128 0x3b
 1048 0111 0B       		.uleb128 0xb
 1049 0112 27       		.uleb128 0x27
 1050 0113 19       		.uleb128 0x19
 1051 0114 11       		.uleb128 0x11
 1052 0115 01       		.uleb128 0x1
 1053 0116 12       		.uleb128 0x12
 1054 0117 06       		.uleb128 0x6
 1055 0118 40       		.uleb128 0x40
 1056 0119 18       		.uleb128 0x18
 1057 011a 9642     		.uleb128 0x2116
 1058 011c 19       		.uleb128 0x19
 1059 011d 00       		.byte	0
 1060 011e 00       		.byte	0
 1061 011f 00       		.byte	0
 1062              		.section	.debug_aranges,"",%progbits
 1063 0000 1C000000 		.4byte	0x1c
 1064 0004 0200     		.2byte	0x2
 1065 0006 00000000 		.4byte	.Ldebug_info0
 1066 000a 04       		.byte	0x4
 1067 000b 00       		.byte	0
 1068 000c 0000     		.2byte	0
 1069 000e 0000     		.2byte	0
ARM GAS  /tmp/cc1ABHjE.s 			page 20


 1070 0010 00000000 		.4byte	.Ltext0
 1071 0014 66010000 		.4byte	.Letext0-.Ltext0
 1072 0018 00000000 		.4byte	0
 1073 001c 00000000 		.4byte	0
 1074              		.section	.debug_line,"",%progbits
 1075              	.Ldebug_line0:
 1076 0000 14020000 		.section	.debug_str,"MS",%progbits,1
 1076      0200A201 
 1076      00000201 
 1076      FB0E0D00 
 1076      01010101 
 1077              	.LASF3:
 1078 0000 5F5F7569 		.ascii	"__uint8_t\000"
 1078      6E74385F 
 1078      7400
 1079              	.LASF2:
 1080 000a 73697A65 		.ascii	"size_t\000"
 1080      5F7400
 1081              	.LASF32:
 1082 0011 2F6F7074 		.ascii	"/opt/R2P/core/ChibiOS_2.6.5/os/kernel/src/chmempool"
 1082      2F523250 
 1082      2F636F72 
 1082      652F4368 
 1082      6962694F 
 1083 0044 732E6300 		.ascii	"s.c\000"
 1084              	.LASF19:
 1085 0048 6D705F6F 		.ascii	"mp_object_size\000"
 1085      626A6563 
 1085      745F7369 
 1085      7A6500
 1086              	.LASF26:
 1087 0057 6368506F 		.ascii	"chPoolLoadArray\000"
 1087      6F6C4C6F 
 1087      61644172 
 1087      72617900 
 1088              	.LASF33:
 1089 0067 706F6F6C 		.ascii	"pool_header\000"
 1089      5F686561 
 1089      64657200 
 1090              	.LASF23:
 1091 0073 73697A65 		.ascii	"size\000"
 1091      00
 1092              	.LASF9:
 1093 0078 6C6F6E67 		.ascii	"long unsigned int\000"
 1093      20756E73 
 1093      69676E65 
 1093      6420696E 
 1093      7400
 1094              	.LASF6:
 1095 008a 73686F72 		.ascii	"short unsigned int\000"
 1095      7420756E 
 1095      7369676E 
 1095      65642069 
 1095      6E7400
 1096              	.LASF24:
 1097 009d 70726F76 		.ascii	"provider\000"
 1097      69646572 
ARM GAS  /tmp/cc1ABHjE.s 			page 21


 1097      00
 1098              	.LASF30:
 1099 00a6 6368506F 		.ascii	"chPoolFreeI\000"
 1099      6F6C4672 
 1099      65654900 
 1100              	.LASF4:
 1101 00b2 756E7369 		.ascii	"unsigned char\000"
 1101      676E6564 
 1101      20636861 
 1101      7200
 1102              	.LASF31:
 1103 00c0 474E5520 		.ascii	"GNU C 4.9.3 20141119 (release) [ARM/embedded-4_9-br"
 1103      4320342E 
 1103      392E3320 
 1103      32303134 
 1103      31313139 
 1104 00f3 616E6368 		.ascii	"anch revision 218278] -mcpu=cortex-m4 -mno-thumb-in"
 1104      20726576 
 1104      6973696F 
 1104      6E203231 
 1104      38323738 
 1105 0126 74657277 		.ascii	"terwork -mthumb -ggdb -O0 -fomit-frame-pointer\000"
 1105      6F726B20 
 1105      2D6D7468 
 1105      756D6220 
 1105      2D676764 
 1106              	.LASF8:
 1107 0155 5F5F7569 		.ascii	"__uint32_t\000"
 1107      6E743332 
 1107      5F7400
 1108              	.LASF34:
 1109 0160 6368506F 		.ascii	"chPoolFree\000"
 1109      6F6C4672 
 1109      656500
 1110              	.LASF21:
 1111 016b 4D656D6F 		.ascii	"MemoryPool\000"
 1111      7279506F 
 1111      6F6C00
 1112              	.LASF29:
 1113 0176 6F626A70 		.ascii	"objp\000"
 1113      00
 1114              	.LASF27:
 1115 017b 6368506F 		.ascii	"chPoolAllocI\000"
 1115      6F6C416C 
 1115      6C6F6349 
 1115      00
 1116              	.LASF0:
 1117 0188 756E7369 		.ascii	"unsigned int\000"
 1117      676E6564 
 1117      20696E74 
 1117      00
 1118              	.LASF11:
 1119 0195 6C6F6E67 		.ascii	"long long unsigned int\000"
 1119      206C6F6E 
 1119      6720756E 
 1119      7369676E 
 1119      65642069 
ARM GAS  /tmp/cc1ABHjE.s 			page 22


 1120              	.LASF12:
 1121 01ac 75696E74 		.ascii	"uint8_t\000"
 1121      385F7400 
 1122              	.LASF17:
 1123 01b4 70685F6E 		.ascii	"ph_next\000"
 1123      65787400 
 1124              	.LASF15:
 1125 01bc 73697A65 		.ascii	"sizetype\000"
 1125      74797065 
 1125      00
 1126              	.LASF10:
 1127 01c5 6C6F6E67 		.ascii	"long long int\000"
 1127      206C6F6E 
 1127      6720696E 
 1127      7400
 1128              	.LASF22:
 1129 01d3 63686172 		.ascii	"char\000"
 1129      00
 1130              	.LASF16:
 1131 01d8 6D656D67 		.ascii	"memgetfunc_t\000"
 1131      65746675 
 1131      6E635F74 
 1131      00
 1132              	.LASF20:
 1133 01e5 6D705F70 		.ascii	"mp_provider\000"
 1133      726F7669 
 1133      64657200 
 1134              	.LASF5:
 1135 01f1 73686F72 		.ascii	"short int\000"
 1135      7420696E 
 1135      7400
 1136              	.LASF28:
 1137 01fb 6368506F 		.ascii	"chPoolAlloc\000"
 1137      6F6C416C 
 1137      6C6F6300 
 1138              	.LASF13:
 1139 0207 75696E74 		.ascii	"uint32_t\000"
 1139      33325F74 
 1139      00
 1140              	.LASF7:
 1141 0210 6C6F6E67 		.ascii	"long int\000"
 1141      20696E74 
 1141      00
 1142              	.LASF1:
 1143 0219 7369676E 		.ascii	"signed char\000"
 1143      65642063 
 1143      68617200 
 1144              	.LASF18:
 1145 0225 6D705F6E 		.ascii	"mp_next\000"
 1145      65787400 
 1146              	.LASF14:
 1147 022d 5F426F6F 		.ascii	"_Bool\000"
 1147      6C00
 1148              	.LASF25:
 1149 0233 6368506F 		.ascii	"chPoolInit\000"
 1149      6F6C496E 
 1149      697400
ARM GAS  /tmp/cc1ABHjE.s 			page 23


 1150              		.ident	"GCC: (GNU Tools for ARM Embedded Processors) 4.9.3 20141119 (release) [ARM/embedded-4_9-br
ARM GAS  /tmp/cc1ABHjE.s 			page 24


DEFINED SYMBOLS
                            *ABS*:00000000 chmempools.c
     /tmp/cc1ABHjE.s:19     .rodata:00000000 $d
     /tmp/cc1ABHjE.s:23     .text:00000000 $t
     /tmp/cc1ABHjE.s:28     .text:00000000 chPoolInit
     /tmp/cc1ABHjE.s:76     .text:00000034 $d
     /tmp/cc1ABHjE.s:85     .text:00000038 $t
     /tmp/cc1ABHjE.s:90     .text:00000038 chPoolLoadArray
     /tmp/cc1ABHjE.s:344    .text:0000013c chPoolFree
     /tmp/cc1ABHjE.s:147    .text:0000007c $d
     /tmp/cc1ABHjE.s:156    .text:00000080 $t
     /tmp/cc1ABHjE.s:161    .text:00000080 chPoolAllocI
     /tmp/cc1ABHjE.s:223    .text:000000d0 $d
     /tmp/cc1ABHjE.s:227    .text:000000d4 $t
     /tmp/cc1ABHjE.s:232    .text:000000d4 chPoolAlloc
     /tmp/cc1ABHjE.s:287    .text:00000100 chPoolFreeI
     /tmp/cc1ABHjE.s:335    .text:00000138 $d
     /tmp/cc1ABHjE.s:339    .text:0000013c $t
                     .debug_frame:00000010 $d

UNDEFINED SYMBOLS
chDbgPanic
chDbgCheckClassI
dbg_check_lock
dbg_check_unlock
