ARM GAS  /tmp/ccrOybKq.s 			page 1


   1              		.syntax unified
   2              		.cpu cortex-m4
   3              		.fpu softvfp
   4              		.eabi_attribute 20, 1
   5              		.eabi_attribute 21, 1
   6              		.eabi_attribute 23, 3
   7              		.eabi_attribute 24, 1
   8              		.eabi_attribute 25, 1
   9              		.eabi_attribute 26, 1
  10              		.eabi_attribute 30, 6
  11              		.eabi_attribute 34, 1
  12              		.eabi_attribute 18, 4
  13              		.thumb
  14              		.file	"chmsg.c"
  15              		.text
  16              	.Ltext0:
  17              		.cfi_sections	.debug_frame
  18              		.align	2
  19              		.thumb
  20              		.thumb_func
  21              		.type	queue_insert, %function
  22              	queue_insert:
  23              	.LFB1:
  24              		.file 1 "/opt/R2P/core/ChibiOS_2.6.5/os/kernel/include/chinline.h"
  25              		.loc 1 52 0
  26              		.cfi_startproc
  27              		@ args = 0, pretend = 0, frame = 8
  28              		@ frame_needed = 0, uses_anonymous_args = 0
  29              		@ link register save eliminated.
  30 0000 82B0     		sub	sp, sp, #8
  31              		.cfi_def_cfa_offset 8
  32 0002 0190     		str	r0, [sp, #4]
  33 0004 0091     		str	r1, [sp]
  34              		.loc 1 54 0
  35 0006 019B     		ldr	r3, [sp, #4]
  36 0008 009A     		ldr	r2, [sp]
  37 000a 1A60     		str	r2, [r3]
  38              		.loc 1 55 0
  39 000c 009B     		ldr	r3, [sp]
  40 000e 5A68     		ldr	r2, [r3, #4]
  41 0010 019B     		ldr	r3, [sp, #4]
  42 0012 5A60     		str	r2, [r3, #4]
  43              		.loc 1 56 0
  44 0014 019B     		ldr	r3, [sp, #4]
  45 0016 5B68     		ldr	r3, [r3, #4]
  46 0018 009A     		ldr	r2, [sp]
  47 001a 0199     		ldr	r1, [sp, #4]
  48 001c 5160     		str	r1, [r2, #4]
  49 001e 009A     		ldr	r2, [sp]
  50 0020 5268     		ldr	r2, [r2, #4]
  51 0022 1A60     		str	r2, [r3]
  52              		.loc 1 57 0
  53 0024 02B0     		add	sp, sp, #8
  54              		.cfi_def_cfa_offset 0
  55              		@ sp needed
  56 0026 7047     		bx	lr
  57              		.cfi_endproc
ARM GAS  /tmp/ccrOybKq.s 			page 2


  58              	.LFE1:
  59              		.size	queue_insert, .-queue_insert
  60              		.align	2
  61              		.thumb
  62              		.thumb_func
  63              		.type	fifo_remove, %function
  64              	fifo_remove:
  65              	.LFB2:
  66              		.loc 1 59 0
  67              		.cfi_startproc
  68              		@ args = 0, pretend = 0, frame = 16
  69              		@ frame_needed = 0, uses_anonymous_args = 0
  70              		@ link register save eliminated.
  71 0028 84B0     		sub	sp, sp, #16
  72              		.cfi_def_cfa_offset 16
  73 002a 0190     		str	r0, [sp, #4]
  74              		.loc 1 60 0
  75 002c 019B     		ldr	r3, [sp, #4]
  76 002e 1B68     		ldr	r3, [r3]
  77 0030 0393     		str	r3, [sp, #12]
  78              		.loc 1 62 0
  79 0032 039B     		ldr	r3, [sp, #12]
  80 0034 1A68     		ldr	r2, [r3]
  81 0036 019B     		ldr	r3, [sp, #4]
  82 0038 1A60     		str	r2, [r3]
  83 003a 019B     		ldr	r3, [sp, #4]
  84 003c 1B68     		ldr	r3, [r3]
  85 003e 019A     		ldr	r2, [sp, #4]
  86 0040 5A60     		str	r2, [r3, #4]
  87              		.loc 1 63 0
  88 0042 039B     		ldr	r3, [sp, #12]
  89              		.loc 1 64 0
  90 0044 1846     		mov	r0, r3
  91 0046 04B0     		add	sp, sp, #16
  92              		.cfi_def_cfa_offset 0
  93              		@ sp needed
  94 0048 7047     		bx	lr
  95              		.cfi_endproc
  96              	.LFE2:
  97              		.size	fifo_remove, .-fifo_remove
  98              		.section	.rodata
  99              		.align	2
 100              	.LC0:
 101 0000 2263684D 		.ascii	"\"chMsgSend\"()\000"
 101      73675365 
 101      6E642228 
 101      2900
 102              		.text
 103 004a 00BF     		.align	2
 104              		.global	chMsgSend
 105              		.thumb
 106              		.thumb_func
 107              		.type	chMsgSend, %function
 108              	chMsgSend:
 109              	.LFB7:
 110              		.file 2 "/opt/R2P/core/ChibiOS_2.6.5/os/kernel/src/chmsg.c"
 111              		.loc 2 75 0
ARM GAS  /tmp/ccrOybKq.s 			page 3


 112              		.cfi_startproc
 113              		@ args = 0, pretend = 0, frame = 16
 114              		@ frame_needed = 0, uses_anonymous_args = 0
 115 004c 00B5     		push	{lr}
 116              		.cfi_def_cfa_offset 4
 117              		.cfi_offset 14, -4
 118 004e 85B0     		sub	sp, sp, #20
 119              		.cfi_def_cfa_offset 24
 120 0050 0190     		str	r0, [sp, #4]
 121 0052 0091     		str	r1, [sp]
 122              		.loc 2 76 0
 123 0054 194B     		ldr	r3, .L8
 124 0056 9B69     		ldr	r3, [r3, #24]
 125 0058 0393     		str	r3, [sp, #12]
 126              		.loc 2 78 0
 127 005a 019B     		ldr	r3, [sp, #4]
 128 005c 002B     		cmp	r3, #0
 129 005e 02D1     		bne	.L5
 130              		.loc 2 78 0 is_stmt 0 discriminator 1
 131 0060 1748     		ldr	r0, .L8+4
 132 0062 FFF7FEFF 		bl	chDbgPanic
 133              	.L5:
 134              	.LBB2:
 135              		.loc 2 80 0 is_stmt 1
 136 0066 2023     		movs	r3, #32
 137              	@ 80 "/opt/R2P/core/ChibiOS_2.6.5/os/kernel/src/chmsg.c" 1
 138 0068 83F31188 		msr     BASEPRI, r3
 139              	@ 0 "" 2
 140              		.thumb
 141              	.LBE2:
 142 006c FFF7FEFF 		bl	dbg_check_lock
 143              		.loc 2 81 0
 144 0070 039B     		ldr	r3, [sp, #12]
 145 0072 009A     		ldr	r2, [sp]
 146 0074 9A63     		str	r2, [r3, #56]
 147              		.loc 2 82 0
 148 0076 019B     		ldr	r3, [sp, #4]
 149 0078 03F13002 		add	r2, r3, #48
 150 007c 039B     		ldr	r3, [sp, #12]
 151 007e 9A62     		str	r2, [r3, #40]
 152              		.loc 2 83 0
 153 0080 019B     		ldr	r3, [sp, #4]
 154 0082 3033     		adds	r3, r3, #48
 155 0084 0398     		ldr	r0, [sp, #12]
 156 0086 1946     		mov	r1, r3
 157 0088 FFF7BAFF 		bl	queue_insert
 158              		.loc 2 84 0
 159 008c 019B     		ldr	r3, [sp, #4]
 160 008e 93F82030 		ldrb	r3, [r3, #32]	@ zero_extendqisi2
 161 0092 0C2B     		cmp	r3, #12
 162 0094 02D1     		bne	.L6
 163              		.loc 2 85 0
 164 0096 0198     		ldr	r0, [sp, #4]
 165 0098 FFF7FEFF 		bl	chSchReadyI
 166              	.L6:
 167              		.loc 2 86 0
 168 009c 0A20     		movs	r0, #10
ARM GAS  /tmp/ccrOybKq.s 			page 4


 169 009e FFF7FEFF 		bl	chSchGoSleepS
 170              		.loc 2 87 0
 171 00a2 039B     		ldr	r3, [sp, #12]
 172 00a4 9B6A     		ldr	r3, [r3, #40]
 173 00a6 0093     		str	r3, [sp]
 174              		.loc 2 88 0
 175 00a8 FFF7FEFF 		bl	dbg_check_unlock
 176              	.LBB3:
 177 00ac 0023     		movs	r3, #0
 178              	@ 88 "/opt/R2P/core/ChibiOS_2.6.5/os/kernel/src/chmsg.c" 1
 179 00ae 83F31188 		msr     BASEPRI, r3
 180              	@ 0 "" 2
 181              		.thumb
 182              	.LBE3:
 183              		.loc 2 89 0
 184 00b2 009B     		ldr	r3, [sp]
 185              		.loc 2 90 0
 186 00b4 1846     		mov	r0, r3
 187 00b6 05B0     		add	sp, sp, #20
 188              		.cfi_def_cfa_offset 4
 189              		@ sp needed
 190 00b8 5DF804FB 		ldr	pc, [sp], #4
 191              	.L9:
 192              		.align	2
 193              	.L8:
 194 00bc 00000000 		.word	rlist
 195 00c0 00000000 		.word	.LC0
 196              		.cfi_endproc
 197              	.LFE7:
 198              		.size	chMsgSend, .-chMsgSend
 199              		.align	2
 200              		.global	chMsgWait
 201              		.thumb
 202              		.thumb_func
 203              		.type	chMsgWait, %function
 204              	chMsgWait:
 205              	.LFB8:
 206              		.loc 2 106 0
 207              		.cfi_startproc
 208              		@ args = 0, pretend = 0, frame = 8
 209              		@ frame_needed = 0, uses_anonymous_args = 0
 210 00c4 00B5     		push	{lr}
 211              		.cfi_def_cfa_offset 4
 212              		.cfi_offset 14, -4
 213 00c6 83B0     		sub	sp, sp, #12
 214              		.cfi_def_cfa_offset 16
 215              	.LBB4:
 216              		.loc 2 109 0
 217 00c8 2023     		movs	r3, #32
 218              	@ 109 "/opt/R2P/core/ChibiOS_2.6.5/os/kernel/src/chmsg.c" 1
 219 00ca 83F31188 		msr     BASEPRI, r3
 220              	@ 0 "" 2
 221              		.thumb
 222              	.LBE4:
 223 00ce FFF7FEFF 		bl	dbg_check_lock
 224              		.loc 2 110 0
 225 00d2 104B     		ldr	r3, .L13
ARM GAS  /tmp/ccrOybKq.s 			page 5


 226 00d4 9B69     		ldr	r3, [r3, #24]
 227 00d6 1A6B     		ldr	r2, [r3, #48]
 228 00d8 0E4B     		ldr	r3, .L13
 229 00da 9B69     		ldr	r3, [r3, #24]
 230 00dc 3033     		adds	r3, r3, #48
 231 00de 9A42     		cmp	r2, r3
 232 00e0 02D1     		bne	.L11
 233              		.loc 2 111 0
 234 00e2 0C20     		movs	r0, #12
 235 00e4 FFF7FEFF 		bl	chSchGoSleepS
 236              	.L11:
 237              		.loc 2 112 0
 238 00e8 0A4B     		ldr	r3, .L13
 239 00ea 9B69     		ldr	r3, [r3, #24]
 240 00ec 3033     		adds	r3, r3, #48
 241 00ee 1846     		mov	r0, r3
 242 00f0 FFF79AFF 		bl	fifo_remove
 243 00f4 0190     		str	r0, [sp, #4]
 244              		.loc 2 113 0
 245 00f6 019B     		ldr	r3, [sp, #4]
 246 00f8 0B22     		movs	r2, #11
 247 00fa 83F82020 		strb	r2, [r3, #32]
 248              		.loc 2 114 0
 249 00fe FFF7FEFF 		bl	dbg_check_unlock
 250              	.LBB5:
 251 0102 0023     		movs	r3, #0
 252              	@ 114 "/opt/R2P/core/ChibiOS_2.6.5/os/kernel/src/chmsg.c" 1
 253 0104 83F31188 		msr     BASEPRI, r3
 254              	@ 0 "" 2
 255              		.thumb
 256              	.LBE5:
 257              		.loc 2 115 0
 258 0108 019B     		ldr	r3, [sp, #4]
 259              		.loc 2 116 0
 260 010a 1846     		mov	r0, r3
 261 010c 03B0     		add	sp, sp, #12
 262              		.cfi_def_cfa_offset 4
 263              		@ sp needed
 264 010e 5DF804FB 		ldr	pc, [sp], #4
 265              	.L14:
 266 0112 00BF     		.align	2
 267              	.L13:
 268 0114 00000000 		.word	rlist
 269              		.cfi_endproc
 270              	.LFE8:
 271              		.size	chMsgWait, .-chMsgWait
 272              		.section	.rodata
 273 000e 0000     		.align	2
 274              	.LC1:
 275 0010 63684D73 		.ascii	"chMsgRelease(), #1\000"
 275      6752656C 
 275      65617365 
 275      28292C20 
 275      233100
 276 0023 00       		.text
 277              		.align	2
 278              		.global	chMsgRelease
ARM GAS  /tmp/ccrOybKq.s 			page 6


 279              		.thumb
 280              		.thumb_func
 281              		.type	chMsgRelease, %function
 282              	chMsgRelease:
 283              	.LFB9:
 284              		.loc 2 128 0
 285              		.cfi_startproc
 286              		@ args = 0, pretend = 0, frame = 8
 287              		@ frame_needed = 0, uses_anonymous_args = 0
 288 0118 00B5     		push	{lr}
 289              		.cfi_def_cfa_offset 4
 290              		.cfi_offset 14, -4
 291 011a 83B0     		sub	sp, sp, #12
 292              		.cfi_def_cfa_offset 16
 293 011c 0190     		str	r0, [sp, #4]
 294 011e 0091     		str	r1, [sp]
 295              	.LBB6:
 296              		.loc 2 130 0
 297 0120 2023     		movs	r3, #32
 298              	@ 130 "/opt/R2P/core/ChibiOS_2.6.5/os/kernel/src/chmsg.c" 1
 299 0122 83F31188 		msr     BASEPRI, r3
 300              	@ 0 "" 2
 301              		.thumb
 302              	.LBE6:
 303 0126 FFF7FEFF 		bl	dbg_check_lock
 304              		.loc 2 131 0
 305 012a 019B     		ldr	r3, [sp, #4]
 306 012c 93F82030 		ldrb	r3, [r3, #32]	@ zero_extendqisi2
 307 0130 0B2B     		cmp	r3, #11
 308 0132 02D0     		beq	.L16
 309              		.loc 2 131 0 is_stmt 0 discriminator 1
 310 0134 0748     		ldr	r0, .L17
 311 0136 FFF7FEFF 		bl	chDbgPanic
 312              	.L16:
 313              		.loc 2 133 0 is_stmt 1
 314 013a 0198     		ldr	r0, [sp, #4]
 315 013c 0099     		ldr	r1, [sp]
 316 013e FFF7FEFF 		bl	chSchWakeupS
 317              		.loc 2 134 0
 318 0142 FFF7FEFF 		bl	dbg_check_unlock
 319              	.LBB7:
 320 0146 0023     		movs	r3, #0
 321              	@ 134 "/opt/R2P/core/ChibiOS_2.6.5/os/kernel/src/chmsg.c" 1
 322 0148 83F31188 		msr     BASEPRI, r3
 323              	@ 0 "" 2
 324              		.thumb
 325              	.LBE7:
 326              		.loc 2 135 0
 327 014c 03B0     		add	sp, sp, #12
 328              		.cfi_def_cfa_offset 4
 329              		@ sp needed
 330 014e 5DF804FB 		ldr	pc, [sp], #4
 331              	.L18:
 332 0152 00BF     		.align	2
 333              	.L17:
 334 0154 10000000 		.word	.LC1
 335              		.cfi_endproc
ARM GAS  /tmp/ccrOybKq.s 			page 7


 336              	.LFE9:
 337              		.size	chMsgRelease, .-chMsgRelease
 338              	.Letext0:
 339              		.file 3 "/opt/R2P/tools/gcc-arm-none-eabi-4_9-2014q4/arm-none-eabi/include/machine/_default_types.
 340              		.file 4 "/opt/R2P/tools/gcc-arm-none-eabi-4_9-2014q4/arm-none-eabi/include/stdint.h"
 341              		.file 5 "/opt/R2P/core/ChibiOS_2.6.5/os/ports/GCC/ARMCMx/chtypes.h"
 342              		.file 6 "/opt/R2P/core/ChibiOS_2.6.5/os/kernel/include/chlists.h"
 343              		.file 7 "/opt/R2P/core/ChibiOS_2.6.5/os/kernel/include/chthreads.h"
 344              		.file 8 "/opt/R2P/core/ChibiOS_2.6.5/os/ports/GCC/ARMCMx/chcore_v7m.h"
 345              		.file 9 "/opt/R2P/core/ChibiOS_2.6.5/os/kernel/include/chschd.h"
 346              		.file 10 "/opt/R2P/core/ChibiOS_2.6.5/os/kernel/include/chmtx.h"
 347              		.section	.debug_info,"",%progbits
 348              	.Ldebug_info0:
 349 0000 C4050000 		.4byte	0x5c4
 350 0004 0400     		.2byte	0x4
 351 0006 00000000 		.4byte	.Ldebug_abbrev0
 352 000a 04       		.byte	0x4
 353 000b 01       		.uleb128 0x1
 354 000c 17020000 		.4byte	.LASF70
 355 0010 01       		.byte	0x1
 356 0011 17030000 		.4byte	.LASF71
 357 0015 00000000 		.4byte	.Ltext0
 358 0019 58010000 		.4byte	.Letext0-.Ltext0
 359 001d 00000000 		.4byte	.Ldebug_line0
 360 0021 02       		.uleb128 0x2
 361 0022 04       		.byte	0x4
 362 0023 05       		.byte	0x5
 363 0024 696E7400 		.ascii	"int\000"
 364 0028 03       		.uleb128 0x3
 365 0029 04       		.byte	0x4
 366 002a 07       		.byte	0x7
 367 002b C1000000 		.4byte	.LASF0
 368 002f 03       		.uleb128 0x3
 369 0030 01       		.byte	0x1
 370 0031 06       		.byte	0x6
 371 0032 62000000 		.4byte	.LASF1
 372 0036 04       		.uleb128 0x4
 373 0037 23000000 		.4byte	.LASF5
 374 003b 03       		.byte	0x3
 375 003c 1D       		.byte	0x1d
 376 003d 41000000 		.4byte	0x41
 377 0041 03       		.uleb128 0x3
 378 0042 01       		.byte	0x1
 379 0043 08       		.byte	0x8
 380 0044 A0010000 		.4byte	.LASF2
 381 0048 03       		.uleb128 0x3
 382 0049 02       		.byte	0x2
 383 004a 05       		.byte	0x5
 384 004b B8010000 		.4byte	.LASF3
 385 004f 03       		.uleb128 0x3
 386 0050 02       		.byte	0x2
 387 0051 07       		.byte	0x7
 388 0052 E8000000 		.4byte	.LASF4
 389 0056 04       		.uleb128 0x4
 390 0057 D9020000 		.4byte	.LASF6
 391 005b 03       		.byte	0x3
 392 005c 3F       		.byte	0x3f
ARM GAS  /tmp/ccrOybKq.s 			page 8


 393 005d 61000000 		.4byte	0x61
 394 0061 03       		.uleb128 0x3
 395 0062 04       		.byte	0x4
 396 0063 05       		.byte	0x5
 397 0064 7E000000 		.4byte	.LASF7
 398 0068 04       		.uleb128 0x4
 399 0069 A2000000 		.4byte	.LASF8
 400 006d 03       		.byte	0x3
 401 006e 41       		.byte	0x41
 402 006f 73000000 		.4byte	0x73
 403 0073 03       		.uleb128 0x3
 404 0074 04       		.byte	0x4
 405 0075 07       		.byte	0x7
 406 0076 CE000000 		.4byte	.LASF9
 407 007a 03       		.uleb128 0x3
 408 007b 08       		.byte	0x8
 409 007c 05       		.byte	0x5
 410 007d 54000000 		.4byte	.LASF10
 411 0081 04       		.uleb128 0x4
 412 0082 70010000 		.4byte	.LASF11
 413 0086 03       		.byte	0x3
 414 0087 5B       		.byte	0x5b
 415 0088 8C000000 		.4byte	0x8c
 416 008c 03       		.uleb128 0x3
 417 008d 08       		.byte	0x8
 418 008e 07       		.byte	0x7
 419 008f 2D000000 		.4byte	.LASF12
 420 0093 04       		.uleb128 0x4
 421 0094 4F030000 		.4byte	.LASF13
 422 0098 04       		.byte	0x4
 423 0099 15       		.byte	0x15
 424 009a 36000000 		.4byte	0x36
 425 009e 04       		.uleb128 0x4
 426 009f 98010000 		.4byte	.LASF14
 427 00a3 04       		.byte	0x4
 428 00a4 2C       		.byte	0x2c
 429 00a5 56000000 		.4byte	0x56
 430 00a9 04       		.uleb128 0x4
 431 00aa 06020000 		.4byte	.LASF15
 432 00ae 04       		.byte	0x4
 433 00af 2D       		.byte	0x2d
 434 00b0 68000000 		.4byte	0x68
 435 00b4 04       		.uleb128 0x4
 436 00b5 1A000000 		.4byte	.LASF16
 437 00b9 04       		.byte	0x4
 438 00ba 39       		.byte	0x39
 439 00bb 81000000 		.4byte	0x81
 440 00bf 03       		.uleb128 0x3
 441 00c0 01       		.byte	0x1
 442 00c1 02       		.byte	0x2
 443 00c2 92010000 		.4byte	.LASF17
 444 00c6 04       		.uleb128 0x4
 445 00c7 09010000 		.4byte	.LASF18
 446 00cb 05       		.byte	0x5
 447 00cc 2C       		.byte	0x2c
 448 00cd 93000000 		.4byte	0x93
 449 00d1 04       		.uleb128 0x4
ARM GAS  /tmp/ccrOybKq.s 			page 9


 450 00d2 91000000 		.4byte	.LASF19
 451 00d6 05       		.byte	0x5
 452 00d7 2D       		.byte	0x2d
 453 00d8 93000000 		.4byte	0x93
 454 00dc 04       		.uleb128 0x4
 455 00dd 7B010000 		.4byte	.LASF20
 456 00e1 05       		.byte	0x5
 457 00e2 2E       		.byte	0x2e
 458 00e3 93000000 		.4byte	0x93
 459 00e7 04       		.uleb128 0x4
 460 00e8 8A010000 		.4byte	.LASF21
 461 00ec 05       		.byte	0x5
 462 00ed 30       		.byte	0x30
 463 00ee A9000000 		.4byte	0xa9
 464 00f2 04       		.uleb128 0x4
 465 00f3 FB000000 		.4byte	.LASF22
 466 00f7 05       		.byte	0x5
 467 00f8 31       		.byte	0x31
 468 00f9 9E000000 		.4byte	0x9e
 469 00fd 04       		.uleb128 0x4
 470 00fe 1D010000 		.4byte	.LASF23
 471 0102 05       		.byte	0x5
 472 0103 33       		.byte	0x33
 473 0104 A9000000 		.4byte	0xa9
 474 0108 04       		.uleb128 0x4
 475 0109 C4020000 		.4byte	.LASF24
 476 010d 05       		.byte	0x5
 477 010e 35       		.byte	0x35
 478 010f A9000000 		.4byte	0xa9
 479 0113 04       		.uleb128 0x4
 480 0114 E7010000 		.4byte	.LASF25
 481 0118 06       		.byte	0x6
 482 0119 2A       		.byte	0x2a
 483 011a 1E010000 		.4byte	0x11e
 484 011e 05       		.uleb128 0x5
 485 011f E7010000 		.4byte	.LASF25
 486 0123 4C       		.byte	0x4c
 487 0124 07       		.byte	0x7
 488 0125 5E       		.byte	0x5e
 489 0126 1B020000 		.4byte	0x21b
 490 012a 06       		.uleb128 0x6
 491 012b D8010000 		.4byte	.LASF26
 492 012f 07       		.byte	0x7
 493 0130 5F       		.byte	0x5f
 494 0131 3C020000 		.4byte	0x23c
 495 0135 00       		.byte	0
 496 0136 06       		.uleb128 0x6
 497 0137 83010000 		.4byte	.LASF27
 498 013b 07       		.byte	0x7
 499 013c 61       		.byte	0x61
 500 013d 3C020000 		.4byte	0x23c
 501 0141 04       		.byte	0x4
 502 0142 06       		.uleb128 0x6
 503 0143 4D000000 		.4byte	.LASF28
 504 0147 07       		.byte	0x7
 505 0148 63       		.byte	0x63
 506 0149 E7000000 		.4byte	0xe7
ARM GAS  /tmp/ccrOybKq.s 			page 10


 507 014d 08       		.byte	0x8
 508 014e 06       		.uleb128 0x6
 509 014f 6D030000 		.4byte	.LASF29
 510 0153 07       		.byte	0x7
 511 0154 64       		.byte	0x64
 512 0155 01030000 		.4byte	0x301
 513 0159 0C       		.byte	0xc
 514 015a 06       		.uleb128 0x6
 515 015b 9A000000 		.4byte	.LASF30
 516 015f 07       		.byte	0x7
 517 0160 66       		.byte	0x66
 518 0161 3C020000 		.4byte	0x23c
 519 0165 10       		.byte	0x10
 520 0166 06       		.uleb128 0x6
 521 0167 43010000 		.4byte	.LASF31
 522 016b 07       		.byte	0x7
 523 016c 67       		.byte	0x67
 524 016d 3C020000 		.4byte	0x23c
 525 0171 14       		.byte	0x14
 526 0172 06       		.uleb128 0x6
 527 0173 5E030000 		.4byte	.LASF32
 528 0177 07       		.byte	0x7
 529 0178 6E       		.byte	0x6e
 530 0179 01040000 		.4byte	0x401
 531 017d 18       		.byte	0x18
 532 017e 06       		.uleb128 0x6
 533 017f B6000000 		.4byte	.LASF33
 534 0183 07       		.byte	0x7
 535 0184 74       		.byte	0x74
 536 0185 13040000 		.4byte	0x413
 537 0189 1C       		.byte	0x1c
 538 018a 06       		.uleb128 0x6
 539 018b C2010000 		.4byte	.LASF34
 540 018f 07       		.byte	0x7
 541 0190 79       		.byte	0x79
 542 0191 D1000000 		.4byte	0xd1
 543 0195 20       		.byte	0x20
 544 0196 06       		.uleb128 0x6
 545 0197 DF010000 		.4byte	.LASF35
 546 019b 07       		.byte	0x7
 547 019c 7D       		.byte	0x7d
 548 019d C6000000 		.4byte	0xc6
 549 01a1 21       		.byte	0x21
 550 01a2 06       		.uleb128 0x6
 551 01a3 06030000 		.4byte	.LASF36
 552 01a7 07       		.byte	0x7
 553 01a8 82       		.byte	0x82
 554 01a9 DC000000 		.4byte	0xdc
 555 01ad 22       		.byte	0x22
 556 01ae 06       		.uleb128 0x6
 557 01af E3020000 		.4byte	.LASF37
 558 01b3 07       		.byte	0x7
 559 01b4 8F       		.byte	0x8f
 560 01b5 29030000 		.4byte	0x329
 561 01b9 24       		.byte	0x24
 562 01ba 07       		.uleb128 0x7
 563 01bb 705F7500 		.ascii	"p_u\000"
ARM GAS  /tmp/ccrOybKq.s 			page 11


 564 01bf 07       		.byte	0x7
 565 01c0 B4       		.byte	0xb4
 566 01c1 CC030000 		.4byte	0x3cc
 567 01c5 28       		.byte	0x28
 568 01c6 06       		.uleb128 0x6
 569 01c7 73030000 		.4byte	.LASF38
 570 01cb 07       		.byte	0x7
 571 01cc B9       		.byte	0xb9
 572 01cd 62020000 		.4byte	0x262
 573 01d1 2C       		.byte	0x2c
 574 01d2 06       		.uleb128 0x6
 575 01d3 F1020000 		.4byte	.LASF39
 576 01d7 07       		.byte	0x7
 577 01d8 BF       		.byte	0xbf
 578 01d9 42020000 		.4byte	0x242
 579 01dd 30       		.byte	0x30
 580 01de 06       		.uleb128 0x6
 581 01df 00000000 		.4byte	.LASF40
 582 01e3 07       		.byte	0x7
 583 01e4 C3       		.byte	0xc3
 584 01e5 F2000000 		.4byte	0xf2
 585 01e9 38       		.byte	0x38
 586 01ea 06       		.uleb128 0x6
 587 01eb FB010000 		.4byte	.LASF41
 588 01ef 07       		.byte	0x7
 589 01f0 C9       		.byte	0xc9
 590 01f1 FD000000 		.4byte	0xfd
 591 01f5 3C       		.byte	0x3c
 592 01f6 06       		.uleb128 0x6
 593 01f7 AE010000 		.4byte	.LASF42
 594 01fb 07       		.byte	0x7
 595 01fc D0       		.byte	0xd0
 596 01fd 19040000 		.4byte	0x419
 597 0201 40       		.byte	0x40
 598 0202 06       		.uleb128 0x6
 599 0203 CE020000 		.4byte	.LASF43
 600 0207 07       		.byte	0x7
 601 0208 D4       		.byte	0xd4
 602 0209 E7000000 		.4byte	0xe7
 603 020d 44       		.byte	0x44
 604 020e 06       		.uleb128 0x6
 605 020f 6E000000 		.4byte	.LASF44
 606 0213 07       		.byte	0x7
 607 0214 DA       		.byte	0xda
 608 0215 78020000 		.4byte	0x278
 609 0219 48       		.byte	0x48
 610 021a 00       		.byte	0
 611 021b 08       		.uleb128 0x8
 612 021c 08       		.byte	0x8
 613 021d 06       		.byte	0x6
 614 021e 61       		.byte	0x61
 615 021f 3C020000 		.4byte	0x23c
 616 0223 06       		.uleb128 0x6
 617 0224 D8010000 		.4byte	.LASF26
 618 0228 06       		.byte	0x6
 619 0229 62       		.byte	0x62
 620 022a 3C020000 		.4byte	0x23c
ARM GAS  /tmp/ccrOybKq.s 			page 12


 621 022e 00       		.byte	0
 622 022f 06       		.uleb128 0x6
 623 0230 83010000 		.4byte	.LASF27
 624 0234 06       		.byte	0x6
 625 0235 64       		.byte	0x64
 626 0236 3C020000 		.4byte	0x23c
 627 023a 04       		.byte	0x4
 628 023b 00       		.byte	0
 629 023c 09       		.uleb128 0x9
 630 023d 04       		.byte	0x4
 631 023e 13010000 		.4byte	0x113
 632 0242 04       		.uleb128 0x4
 633 0243 51010000 		.4byte	.LASF45
 634 0247 06       		.byte	0x6
 635 0248 66       		.byte	0x66
 636 0249 1B020000 		.4byte	0x21b
 637 024d 08       		.uleb128 0x8
 638 024e 04       		.byte	0x4
 639 024f 06       		.byte	0x6
 640 0250 6B       		.byte	0x6b
 641 0251 62020000 		.4byte	0x262
 642 0255 06       		.uleb128 0x6
 643 0256 D8010000 		.4byte	.LASF26
 644 025a 06       		.byte	0x6
 645 025b 6D       		.byte	0x6d
 646 025c 3C020000 		.4byte	0x23c
 647 0260 00       		.byte	0
 648 0261 00       		.byte	0
 649 0262 04       		.uleb128 0x4
 650 0263 11010000 		.4byte	.LASF46
 651 0267 06       		.byte	0x6
 652 0268 70       		.byte	0x70
 653 0269 4D020000 		.4byte	0x24d
 654 026d 04       		.uleb128 0x4
 655 026e AD000000 		.4byte	.LASF47
 656 0272 08       		.byte	0x8
 657 0273 E5       		.byte	0xe5
 658 0274 78020000 		.4byte	0x278
 659 0278 0A       		.uleb128 0xa
 660 0279 04       		.byte	0x4
 661 027a 04       		.uleb128 0x4
 662 027b 2F010000 		.4byte	.LASF48
 663 027f 08       		.byte	0x8
 664 0280 EB       		.byte	0xeb
 665 0281 B4000000 		.4byte	0xb4
 666 0285 0B       		.uleb128 0xb
 667 0286 EA020000 		.4byte	.LASF49
 668 028a 24       		.byte	0x24
 669 028b 08       		.byte	0x8
 670 028c 0C01     		.2byte	0x10c
 671 028e 01030000 		.4byte	0x301
 672 0292 0C       		.uleb128 0xc
 673 0293 723400   		.ascii	"r4\000"
 674 0296 08       		.byte	0x8
 675 0297 1F01     		.2byte	0x11f
 676 0299 6D020000 		.4byte	0x26d
 677 029d 00       		.byte	0
ARM GAS  /tmp/ccrOybKq.s 			page 13


 678 029e 0C       		.uleb128 0xc
 679 029f 723500   		.ascii	"r5\000"
 680 02a2 08       		.byte	0x8
 681 02a3 2001     		.2byte	0x120
 682 02a5 6D020000 		.4byte	0x26d
 683 02a9 04       		.byte	0x4
 684 02aa 0C       		.uleb128 0xc
 685 02ab 723600   		.ascii	"r6\000"
 686 02ae 08       		.byte	0x8
 687 02af 2101     		.2byte	0x121
 688 02b1 6D020000 		.4byte	0x26d
 689 02b5 08       		.byte	0x8
 690 02b6 0C       		.uleb128 0xc
 691 02b7 723700   		.ascii	"r7\000"
 692 02ba 08       		.byte	0x8
 693 02bb 2201     		.2byte	0x122
 694 02bd 6D020000 		.4byte	0x26d
 695 02c1 0C       		.byte	0xc
 696 02c2 0C       		.uleb128 0xc
 697 02c3 723800   		.ascii	"r8\000"
 698 02c6 08       		.byte	0x8
 699 02c7 2301     		.2byte	0x123
 700 02c9 6D020000 		.4byte	0x26d
 701 02cd 10       		.byte	0x10
 702 02ce 0C       		.uleb128 0xc
 703 02cf 723900   		.ascii	"r9\000"
 704 02d2 08       		.byte	0x8
 705 02d3 2401     		.2byte	0x124
 706 02d5 6D020000 		.4byte	0x26d
 707 02d9 14       		.byte	0x14
 708 02da 0C       		.uleb128 0xc
 709 02db 72313000 		.ascii	"r10\000"
 710 02df 08       		.byte	0x8
 711 02e0 2501     		.2byte	0x125
 712 02e2 6D020000 		.4byte	0x26d
 713 02e6 18       		.byte	0x18
 714 02e7 0C       		.uleb128 0xc
 715 02e8 72313100 		.ascii	"r11\000"
 716 02ec 08       		.byte	0x8
 717 02ed 2601     		.2byte	0x126
 718 02ef 6D020000 		.4byte	0x26d
 719 02f3 1C       		.byte	0x1c
 720 02f4 0C       		.uleb128 0xc
 721 02f5 6C7200   		.ascii	"lr\000"
 722 02f8 08       		.byte	0x8
 723 02f9 2701     		.2byte	0x127
 724 02fb 6D020000 		.4byte	0x26d
 725 02ff 20       		.byte	0x20
 726 0300 00       		.byte	0
 727 0301 0B       		.uleb128 0xb
 728 0302 E0000000 		.4byte	.LASF50
 729 0306 04       		.byte	0x4
 730 0307 08       		.byte	0x8
 731 0308 3101     		.2byte	0x131
 732 030a 1C030000 		.4byte	0x31c
 733 030e 0C       		.uleb128 0xc
 734 030f 72313300 		.ascii	"r13\000"
ARM GAS  /tmp/ccrOybKq.s 			page 14


 735 0313 08       		.byte	0x8
 736 0314 3201     		.2byte	0x132
 737 0316 1C030000 		.4byte	0x31c
 738 031a 00       		.byte	0
 739 031b 00       		.byte	0
 740 031c 09       		.uleb128 0x9
 741 031d 04       		.byte	0x4
 742 031e 85020000 		.4byte	0x285
 743 0322 03       		.uleb128 0x3
 744 0323 04       		.byte	0x4
 745 0324 07       		.byte	0x7
 746 0325 3A010000 		.4byte	.LASF51
 747 0329 0D       		.uleb128 0xd
 748 032a 08010000 		.4byte	0x108
 749 032e 08       		.uleb128 0x8
 750 032f 1C       		.byte	0x1c
 751 0330 09       		.byte	0x9
 752 0331 5E       		.byte	0x5e
 753 0332 7F030000 		.4byte	0x37f
 754 0336 06       		.uleb128 0x6
 755 0337 0F020000 		.4byte	.LASF52
 756 033b 09       		.byte	0x9
 757 033c 5F       		.byte	0x5f
 758 033d 42020000 		.4byte	0x242
 759 0341 00       		.byte	0
 760 0342 06       		.uleb128 0x6
 761 0343 CA010000 		.4byte	.LASF53
 762 0347 09       		.byte	0x9
 763 0348 60       		.byte	0x60
 764 0349 E7000000 		.4byte	0xe7
 765 034d 08       		.byte	0x8
 766 034e 06       		.uleb128 0x6
 767 034f 4B010000 		.4byte	.LASF54
 768 0353 09       		.byte	0x9
 769 0354 62       		.byte	0x62
 770 0355 01030000 		.4byte	0x301
 771 0359 0C       		.byte	0xc
 772 035a 06       		.uleb128 0x6
 773 035b 01010000 		.4byte	.LASF55
 774 035f 09       		.byte	0x9
 775 0360 65       		.byte	0x65
 776 0361 3C020000 		.4byte	0x23c
 777 0365 10       		.byte	0x10
 778 0366 06       		.uleb128 0x6
 779 0367 68010000 		.4byte	.LASF56
 780 036b 09       		.byte	0x9
 781 036c 66       		.byte	0x66
 782 036d 3C020000 		.4byte	0x23c
 783 0371 14       		.byte	0x14
 784 0372 06       		.uleb128 0x6
 785 0373 5E010000 		.4byte	.LASF57
 786 0377 09       		.byte	0x9
 787 0378 69       		.byte	0x69
 788 0379 3C020000 		.4byte	0x23c
 789 037d 18       		.byte	0x18
 790 037e 00       		.byte	0
 791 037f 04       		.uleb128 0x4
ARM GAS  /tmp/ccrOybKq.s 			page 15


 792 0380 0D030000 		.4byte	.LASF58
 793 0384 09       		.byte	0x9
 794 0385 6B       		.byte	0x6b
 795 0386 2E030000 		.4byte	0x32e
 796 038a 05       		.uleb128 0x5
 797 038b 29010000 		.4byte	.LASF59
 798 038f 10       		.byte	0x10
 799 0390 0A       		.byte	0xa
 800 0391 2C       		.byte	0x2c
 801 0392 BB030000 		.4byte	0x3bb
 802 0396 06       		.uleb128 0x6
 803 0397 76000000 		.4byte	.LASF60
 804 039b 0A       		.byte	0xa
 805 039c 2D       		.byte	0x2d
 806 039d 42020000 		.4byte	0x242
 807 03a1 00       		.byte	0
 808 03a2 06       		.uleb128 0x6
 809 03a3 65030000 		.4byte	.LASF61
 810 03a7 0A       		.byte	0xa
 811 03a8 2F       		.byte	0x2f
 812 03a9 3C020000 		.4byte	0x23c
 813 03ad 08       		.byte	0x8
 814 03ae 06       		.uleb128 0x6
 815 03af BD020000 		.4byte	.LASF62
 816 03b3 0A       		.byte	0xa
 817 03b4 31       		.byte	0x31
 818 03b5 BB030000 		.4byte	0x3bb
 819 03b9 0C       		.byte	0xc
 820 03ba 00       		.byte	0
 821 03bb 09       		.uleb128 0x9
 822 03bc 04       		.byte	0x4
 823 03bd 8A030000 		.4byte	0x38a
 824 03c1 04       		.uleb128 0x4
 825 03c2 29010000 		.4byte	.LASF59
 826 03c6 0A       		.byte	0xa
 827 03c7 33       		.byte	0x33
 828 03c8 8A030000 		.4byte	0x38a
 829 03cc 0E       		.uleb128 0xe
 830 03cd 04       		.byte	0x4
 831 03ce 07       		.byte	0x7
 832 03cf 96       		.byte	0x96
 833 03d0 01040000 		.4byte	0x401
 834 03d4 0F       		.uleb128 0xf
 835 03d5 13000000 		.4byte	.LASF63
 836 03d9 07       		.byte	0x7
 837 03da 9D       		.byte	0x9d
 838 03db F2000000 		.4byte	0xf2
 839 03df 0F       		.uleb128 0xf
 840 03e0 44000000 		.4byte	.LASF64
 841 03e4 07       		.byte	0x7
 842 03e5 A4       		.byte	0xa4
 843 03e6 F2000000 		.4byte	0xf2
 844 03ea 0F       		.uleb128 0xf
 845 03eb 57030000 		.4byte	.LASF65
 846 03ef 07       		.byte	0x7
 847 03f0 AB       		.byte	0xab
 848 03f1 78020000 		.4byte	0x278
ARM GAS  /tmp/ccrOybKq.s 			page 16


 849 03f5 0F       		.uleb128 0xf
 850 03f6 D1010000 		.4byte	.LASF66
 851 03fa 07       		.byte	0x7
 852 03fb B2       		.byte	0xb2
 853 03fc FD000000 		.4byte	0xfd
 854 0400 00       		.byte	0
 855 0401 09       		.uleb128 0x9
 856 0402 04       		.byte	0x4
 857 0403 07040000 		.4byte	0x407
 858 0407 10       		.uleb128 0x10
 859 0408 0C040000 		.4byte	0x40c
 860 040c 03       		.uleb128 0x3
 861 040d 01       		.byte	0x1
 862 040e 08       		.byte	0x8
 863 040f AC020000 		.4byte	.LASF67
 864 0413 09       		.uleb128 0x9
 865 0414 04       		.byte	0x4
 866 0415 7A020000 		.4byte	0x27a
 867 0419 09       		.uleb128 0x9
 868 041a 04       		.byte	0x4
 869 041b C1030000 		.4byte	0x3c1
 870 041f 11       		.uleb128 0x11
 871 0420 06000000 		.4byte	.LASF72
 872 0424 01       		.byte	0x1
 873 0425 34       		.byte	0x34
 874 0426 00000000 		.4byte	.LFB1
 875 042a 28000000 		.4byte	.LFE1-.LFB1
 876 042e 01       		.uleb128 0x1
 877 042f 9C       		.byte	0x9c
 878 0430 50040000 		.4byte	0x450
 879 0434 12       		.uleb128 0x12
 880 0435 747000   		.ascii	"tp\000"
 881 0438 01       		.byte	0x1
 882 0439 34       		.byte	0x34
 883 043a 3C020000 		.4byte	0x23c
 884 043e 02       		.uleb128 0x2
 885 043f 91       		.byte	0x91
 886 0440 7C       		.sleb128 -4
 887 0441 12       		.uleb128 0x12
 888 0442 74717000 		.ascii	"tqp\000"
 889 0446 01       		.byte	0x1
 890 0447 34       		.byte	0x34
 891 0448 50040000 		.4byte	0x450
 892 044c 02       		.uleb128 0x2
 893 044d 91       		.byte	0x91
 894 044e 78       		.sleb128 -8
 895 044f 00       		.byte	0
 896 0450 09       		.uleb128 0x9
 897 0451 04       		.byte	0x4
 898 0452 42020000 		.4byte	0x242
 899 0456 13       		.uleb128 0x13
 900 0457 B1020000 		.4byte	.LASF73
 901 045b 01       		.byte	0x1
 902 045c 3B       		.byte	0x3b
 903 045d 3C020000 		.4byte	0x23c
 904 0461 28000000 		.4byte	.LFB2
 905 0465 22000000 		.4byte	.LFE2-.LFB2
ARM GAS  /tmp/ccrOybKq.s 			page 17


 906 0469 01       		.uleb128 0x1
 907 046a 9C       		.byte	0x9c
 908 046b 8B040000 		.4byte	0x48b
 909 046f 12       		.uleb128 0x12
 910 0470 74717000 		.ascii	"tqp\000"
 911 0474 01       		.byte	0x1
 912 0475 3B       		.byte	0x3b
 913 0476 50040000 		.4byte	0x450
 914 047a 02       		.uleb128 0x2
 915 047b 91       		.byte	0x91
 916 047c 74       		.sleb128 -12
 917 047d 14       		.uleb128 0x14
 918 047e 747000   		.ascii	"tp\000"
 919 0481 01       		.byte	0x1
 920 0482 3C       		.byte	0x3c
 921 0483 3C020000 		.4byte	0x23c
 922 0487 02       		.uleb128 0x2
 923 0488 91       		.byte	0x91
 924 0489 7C       		.sleb128 -4
 925 048a 00       		.byte	0
 926 048b 15       		.uleb128 0x15
 927 048c 87000000 		.4byte	.LASF68
 928 0490 02       		.byte	0x2
 929 0491 4B       		.byte	0x4b
 930 0492 F2000000 		.4byte	0xf2
 931 0496 4C000000 		.4byte	.LFB7
 932 049a 78000000 		.4byte	.LFE7-.LFB7
 933 049e 01       		.uleb128 0x1
 934 049f 9C       		.byte	0x9c
 935 04a0 00050000 		.4byte	0x500
 936 04a4 12       		.uleb128 0x12
 937 04a5 747000   		.ascii	"tp\000"
 938 04a8 02       		.byte	0x2
 939 04a9 4B       		.byte	0x4b
 940 04aa 3C020000 		.4byte	0x23c
 941 04ae 02       		.uleb128 0x2
 942 04af 91       		.byte	0x91
 943 04b0 6C       		.sleb128 -20
 944 04b1 12       		.uleb128 0x12
 945 04b2 6D736700 		.ascii	"msg\000"
 946 04b6 02       		.byte	0x2
 947 04b7 4B       		.byte	0x4b
 948 04b8 F2000000 		.4byte	0xf2
 949 04bc 02       		.uleb128 0x2
 950 04bd 91       		.byte	0x91
 951 04be 68       		.sleb128 -24
 952 04bf 14       		.uleb128 0x14
 953 04c0 63747000 		.ascii	"ctp\000"
 954 04c4 02       		.byte	0x2
 955 04c5 4C       		.byte	0x4c
 956 04c6 3C020000 		.4byte	0x23c
 957 04ca 02       		.uleb128 0x2
 958 04cb 91       		.byte	0x91
 959 04cc 74       		.sleb128 -12
 960 04cd 16       		.uleb128 0x16
 961 04ce 66000000 		.4byte	.LBB2
 962 04d2 06000000 		.4byte	.LBE2-.LBB2
ARM GAS  /tmp/ccrOybKq.s 			page 18


 963 04d6 E8040000 		.4byte	0x4e8
 964 04da 14       		.uleb128 0x14
 965 04db 746D7000 		.ascii	"tmp\000"
 966 04df 02       		.byte	0x2
 967 04e0 50       		.byte	0x50
 968 04e1 A9000000 		.4byte	0xa9
 969 04e5 01       		.uleb128 0x1
 970 04e6 53       		.byte	0x53
 971 04e7 00       		.byte	0
 972 04e8 17       		.uleb128 0x17
 973 04e9 AC000000 		.4byte	.LBB3
 974 04ed 06000000 		.4byte	.LBE3-.LBB3
 975 04f1 14       		.uleb128 0x14
 976 04f2 746D7000 		.ascii	"tmp\000"
 977 04f6 02       		.byte	0x2
 978 04f7 58       		.byte	0x58
 979 04f8 A9000000 		.4byte	0xa9
 980 04fc 01       		.uleb128 0x1
 981 04fd 53       		.byte	0x53
 982 04fe 00       		.byte	0
 983 04ff 00       		.byte	0
 984 0500 15       		.uleb128 0x15
 985 0501 FC020000 		.4byte	.LASF69
 986 0505 02       		.byte	0x2
 987 0506 6A       		.byte	0x6a
 988 0507 3C020000 		.4byte	0x23c
 989 050b C4000000 		.4byte	.LFB8
 990 050f 54000000 		.4byte	.LFE8-.LFB8
 991 0513 01       		.uleb128 0x1
 992 0514 9C       		.byte	0x9c
 993 0515 59050000 		.4byte	0x559
 994 0519 14       		.uleb128 0x14
 995 051a 747000   		.ascii	"tp\000"
 996 051d 02       		.byte	0x2
 997 051e 6B       		.byte	0x6b
 998 051f 3C020000 		.4byte	0x23c
 999 0523 02       		.uleb128 0x2
 1000 0524 91       		.byte	0x91
 1001 0525 74       		.sleb128 -12
 1002 0526 16       		.uleb128 0x16
 1003 0527 C8000000 		.4byte	.LBB4
 1004 052b 06000000 		.4byte	.LBE4-.LBB4
 1005 052f 41050000 		.4byte	0x541
 1006 0533 14       		.uleb128 0x14
 1007 0534 746D7000 		.ascii	"tmp\000"
 1008 0538 02       		.byte	0x2
 1009 0539 6D       		.byte	0x6d
 1010 053a A9000000 		.4byte	0xa9
 1011 053e 01       		.uleb128 0x1
 1012 053f 53       		.byte	0x53
 1013 0540 00       		.byte	0
 1014 0541 17       		.uleb128 0x17
 1015 0542 02010000 		.4byte	.LBB5
 1016 0546 06000000 		.4byte	.LBE5-.LBB5
 1017 054a 14       		.uleb128 0x14
 1018 054b 746D7000 		.ascii	"tmp\000"
 1019 054f 02       		.byte	0x2
ARM GAS  /tmp/ccrOybKq.s 			page 19


 1020 0550 72       		.byte	0x72
 1021 0551 A9000000 		.4byte	0xa9
 1022 0555 01       		.uleb128 0x1
 1023 0556 53       		.byte	0x53
 1024 0557 00       		.byte	0
 1025 0558 00       		.byte	0
 1026 0559 18       		.uleb128 0x18
 1027 055a EE010000 		.4byte	.LASF74
 1028 055e 02       		.byte	0x2
 1029 055f 80       		.byte	0x80
 1030 0560 18010000 		.4byte	.LFB9
 1031 0564 40000000 		.4byte	.LFE9-.LFB9
 1032 0568 01       		.uleb128 0x1
 1033 0569 9C       		.byte	0x9c
 1034 056a BC050000 		.4byte	0x5bc
 1035 056e 12       		.uleb128 0x12
 1036 056f 747000   		.ascii	"tp\000"
 1037 0572 02       		.byte	0x2
 1038 0573 80       		.byte	0x80
 1039 0574 3C020000 		.4byte	0x23c
 1040 0578 02       		.uleb128 0x2
 1041 0579 91       		.byte	0x91
 1042 057a 74       		.sleb128 -12
 1043 057b 12       		.uleb128 0x12
 1044 057c 6D736700 		.ascii	"msg\000"
 1045 0580 02       		.byte	0x2
 1046 0581 80       		.byte	0x80
 1047 0582 F2000000 		.4byte	0xf2
 1048 0586 02       		.uleb128 0x2
 1049 0587 91       		.byte	0x91
 1050 0588 70       		.sleb128 -16
 1051 0589 16       		.uleb128 0x16
 1052 058a 20010000 		.4byte	.LBB6
 1053 058e 06000000 		.4byte	.LBE6-.LBB6
 1054 0592 A4050000 		.4byte	0x5a4
 1055 0596 14       		.uleb128 0x14
 1056 0597 746D7000 		.ascii	"tmp\000"
 1057 059b 02       		.byte	0x2
 1058 059c 82       		.byte	0x82
 1059 059d A9000000 		.4byte	0xa9
 1060 05a1 01       		.uleb128 0x1
 1061 05a2 53       		.byte	0x53
 1062 05a3 00       		.byte	0
 1063 05a4 17       		.uleb128 0x17
 1064 05a5 46010000 		.4byte	.LBB7
 1065 05a9 06000000 		.4byte	.LBE7-.LBB7
 1066 05ad 14       		.uleb128 0x14
 1067 05ae 746D7000 		.ascii	"tmp\000"
 1068 05b2 02       		.byte	0x2
 1069 05b3 86       		.byte	0x86
 1070 05b4 A9000000 		.4byte	0xa9
 1071 05b8 01       		.uleb128 0x1
 1072 05b9 53       		.byte	0x53
 1073 05ba 00       		.byte	0
 1074 05bb 00       		.byte	0
 1075 05bc 19       		.uleb128 0x19
 1076 05bd 49030000 		.4byte	.LASF75
ARM GAS  /tmp/ccrOybKq.s 			page 20


 1077 05c1 09       		.byte	0x9
 1078 05c2 6F       		.byte	0x6f
 1079 05c3 7F030000 		.4byte	0x37f
 1080 05c7 00       		.byte	0
 1081              		.section	.debug_abbrev,"",%progbits
 1082              	.Ldebug_abbrev0:
 1083 0000 01       		.uleb128 0x1
 1084 0001 11       		.uleb128 0x11
 1085 0002 01       		.byte	0x1
 1086 0003 25       		.uleb128 0x25
 1087 0004 0E       		.uleb128 0xe
 1088 0005 13       		.uleb128 0x13
 1089 0006 0B       		.uleb128 0xb
 1090 0007 03       		.uleb128 0x3
 1091 0008 0E       		.uleb128 0xe
 1092 0009 11       		.uleb128 0x11
 1093 000a 01       		.uleb128 0x1
 1094 000b 12       		.uleb128 0x12
 1095 000c 06       		.uleb128 0x6
 1096 000d 10       		.uleb128 0x10
 1097 000e 17       		.uleb128 0x17
 1098 000f 00       		.byte	0
 1099 0010 00       		.byte	0
 1100 0011 02       		.uleb128 0x2
 1101 0012 24       		.uleb128 0x24
 1102 0013 00       		.byte	0
 1103 0014 0B       		.uleb128 0xb
 1104 0015 0B       		.uleb128 0xb
 1105 0016 3E       		.uleb128 0x3e
 1106 0017 0B       		.uleb128 0xb
 1107 0018 03       		.uleb128 0x3
 1108 0019 08       		.uleb128 0x8
 1109 001a 00       		.byte	0
 1110 001b 00       		.byte	0
 1111 001c 03       		.uleb128 0x3
 1112 001d 24       		.uleb128 0x24
 1113 001e 00       		.byte	0
 1114 001f 0B       		.uleb128 0xb
 1115 0020 0B       		.uleb128 0xb
 1116 0021 3E       		.uleb128 0x3e
 1117 0022 0B       		.uleb128 0xb
 1118 0023 03       		.uleb128 0x3
 1119 0024 0E       		.uleb128 0xe
 1120 0025 00       		.byte	0
 1121 0026 00       		.byte	0
 1122 0027 04       		.uleb128 0x4
 1123 0028 16       		.uleb128 0x16
 1124 0029 00       		.byte	0
 1125 002a 03       		.uleb128 0x3
 1126 002b 0E       		.uleb128 0xe
 1127 002c 3A       		.uleb128 0x3a
 1128 002d 0B       		.uleb128 0xb
 1129 002e 3B       		.uleb128 0x3b
 1130 002f 0B       		.uleb128 0xb
 1131 0030 49       		.uleb128 0x49
 1132 0031 13       		.uleb128 0x13
 1133 0032 00       		.byte	0
ARM GAS  /tmp/ccrOybKq.s 			page 21


 1134 0033 00       		.byte	0
 1135 0034 05       		.uleb128 0x5
 1136 0035 13       		.uleb128 0x13
 1137 0036 01       		.byte	0x1
 1138 0037 03       		.uleb128 0x3
 1139 0038 0E       		.uleb128 0xe
 1140 0039 0B       		.uleb128 0xb
 1141 003a 0B       		.uleb128 0xb
 1142 003b 3A       		.uleb128 0x3a
 1143 003c 0B       		.uleb128 0xb
 1144 003d 3B       		.uleb128 0x3b
 1145 003e 0B       		.uleb128 0xb
 1146 003f 01       		.uleb128 0x1
 1147 0040 13       		.uleb128 0x13
 1148 0041 00       		.byte	0
 1149 0042 00       		.byte	0
 1150 0043 06       		.uleb128 0x6
 1151 0044 0D       		.uleb128 0xd
 1152 0045 00       		.byte	0
 1153 0046 03       		.uleb128 0x3
 1154 0047 0E       		.uleb128 0xe
 1155 0048 3A       		.uleb128 0x3a
 1156 0049 0B       		.uleb128 0xb
 1157 004a 3B       		.uleb128 0x3b
 1158 004b 0B       		.uleb128 0xb
 1159 004c 49       		.uleb128 0x49
 1160 004d 13       		.uleb128 0x13
 1161 004e 38       		.uleb128 0x38
 1162 004f 0B       		.uleb128 0xb
 1163 0050 00       		.byte	0
 1164 0051 00       		.byte	0
 1165 0052 07       		.uleb128 0x7
 1166 0053 0D       		.uleb128 0xd
 1167 0054 00       		.byte	0
 1168 0055 03       		.uleb128 0x3
 1169 0056 08       		.uleb128 0x8
 1170 0057 3A       		.uleb128 0x3a
 1171 0058 0B       		.uleb128 0xb
 1172 0059 3B       		.uleb128 0x3b
 1173 005a 0B       		.uleb128 0xb
 1174 005b 49       		.uleb128 0x49
 1175 005c 13       		.uleb128 0x13
 1176 005d 38       		.uleb128 0x38
 1177 005e 0B       		.uleb128 0xb
 1178 005f 00       		.byte	0
 1179 0060 00       		.byte	0
 1180 0061 08       		.uleb128 0x8
 1181 0062 13       		.uleb128 0x13
 1182 0063 01       		.byte	0x1
 1183 0064 0B       		.uleb128 0xb
 1184 0065 0B       		.uleb128 0xb
 1185 0066 3A       		.uleb128 0x3a
 1186 0067 0B       		.uleb128 0xb
 1187 0068 3B       		.uleb128 0x3b
 1188 0069 0B       		.uleb128 0xb
 1189 006a 01       		.uleb128 0x1
 1190 006b 13       		.uleb128 0x13
ARM GAS  /tmp/ccrOybKq.s 			page 22


 1191 006c 00       		.byte	0
 1192 006d 00       		.byte	0
 1193 006e 09       		.uleb128 0x9
 1194 006f 0F       		.uleb128 0xf
 1195 0070 00       		.byte	0
 1196 0071 0B       		.uleb128 0xb
 1197 0072 0B       		.uleb128 0xb
 1198 0073 49       		.uleb128 0x49
 1199 0074 13       		.uleb128 0x13
 1200 0075 00       		.byte	0
 1201 0076 00       		.byte	0
 1202 0077 0A       		.uleb128 0xa
 1203 0078 0F       		.uleb128 0xf
 1204 0079 00       		.byte	0
 1205 007a 0B       		.uleb128 0xb
 1206 007b 0B       		.uleb128 0xb
 1207 007c 00       		.byte	0
 1208 007d 00       		.byte	0
 1209 007e 0B       		.uleb128 0xb
 1210 007f 13       		.uleb128 0x13
 1211 0080 01       		.byte	0x1
 1212 0081 03       		.uleb128 0x3
 1213 0082 0E       		.uleb128 0xe
 1214 0083 0B       		.uleb128 0xb
 1215 0084 0B       		.uleb128 0xb
 1216 0085 3A       		.uleb128 0x3a
 1217 0086 0B       		.uleb128 0xb
 1218 0087 3B       		.uleb128 0x3b
 1219 0088 05       		.uleb128 0x5
 1220 0089 01       		.uleb128 0x1
 1221 008a 13       		.uleb128 0x13
 1222 008b 00       		.byte	0
 1223 008c 00       		.byte	0
 1224 008d 0C       		.uleb128 0xc
 1225 008e 0D       		.uleb128 0xd
 1226 008f 00       		.byte	0
 1227 0090 03       		.uleb128 0x3
 1228 0091 08       		.uleb128 0x8
 1229 0092 3A       		.uleb128 0x3a
 1230 0093 0B       		.uleb128 0xb
 1231 0094 3B       		.uleb128 0x3b
 1232 0095 05       		.uleb128 0x5
 1233 0096 49       		.uleb128 0x49
 1234 0097 13       		.uleb128 0x13
 1235 0098 38       		.uleb128 0x38
 1236 0099 0B       		.uleb128 0xb
 1237 009a 00       		.byte	0
 1238 009b 00       		.byte	0
 1239 009c 0D       		.uleb128 0xd
 1240 009d 35       		.uleb128 0x35
 1241 009e 00       		.byte	0
 1242 009f 49       		.uleb128 0x49
 1243 00a0 13       		.uleb128 0x13
 1244 00a1 00       		.byte	0
 1245 00a2 00       		.byte	0
 1246 00a3 0E       		.uleb128 0xe
 1247 00a4 17       		.uleb128 0x17
ARM GAS  /tmp/ccrOybKq.s 			page 23


 1248 00a5 01       		.byte	0x1
 1249 00a6 0B       		.uleb128 0xb
 1250 00a7 0B       		.uleb128 0xb
 1251 00a8 3A       		.uleb128 0x3a
 1252 00a9 0B       		.uleb128 0xb
 1253 00aa 3B       		.uleb128 0x3b
 1254 00ab 0B       		.uleb128 0xb
 1255 00ac 01       		.uleb128 0x1
 1256 00ad 13       		.uleb128 0x13
 1257 00ae 00       		.byte	0
 1258 00af 00       		.byte	0
 1259 00b0 0F       		.uleb128 0xf
 1260 00b1 0D       		.uleb128 0xd
 1261 00b2 00       		.byte	0
 1262 00b3 03       		.uleb128 0x3
 1263 00b4 0E       		.uleb128 0xe
 1264 00b5 3A       		.uleb128 0x3a
 1265 00b6 0B       		.uleb128 0xb
 1266 00b7 3B       		.uleb128 0x3b
 1267 00b8 0B       		.uleb128 0xb
 1268 00b9 49       		.uleb128 0x49
 1269 00ba 13       		.uleb128 0x13
 1270 00bb 00       		.byte	0
 1271 00bc 00       		.byte	0
 1272 00bd 10       		.uleb128 0x10
 1273 00be 26       		.uleb128 0x26
 1274 00bf 00       		.byte	0
 1275 00c0 49       		.uleb128 0x49
 1276 00c1 13       		.uleb128 0x13
 1277 00c2 00       		.byte	0
 1278 00c3 00       		.byte	0
 1279 00c4 11       		.uleb128 0x11
 1280 00c5 2E       		.uleb128 0x2e
 1281 00c6 01       		.byte	0x1
 1282 00c7 03       		.uleb128 0x3
 1283 00c8 0E       		.uleb128 0xe
 1284 00c9 3A       		.uleb128 0x3a
 1285 00ca 0B       		.uleb128 0xb
 1286 00cb 3B       		.uleb128 0x3b
 1287 00cc 0B       		.uleb128 0xb
 1288 00cd 27       		.uleb128 0x27
 1289 00ce 19       		.uleb128 0x19
 1290 00cf 11       		.uleb128 0x11
 1291 00d0 01       		.uleb128 0x1
 1292 00d1 12       		.uleb128 0x12
 1293 00d2 06       		.uleb128 0x6
 1294 00d3 40       		.uleb128 0x40
 1295 00d4 18       		.uleb128 0x18
 1296 00d5 9742     		.uleb128 0x2117
 1297 00d7 19       		.uleb128 0x19
 1298 00d8 01       		.uleb128 0x1
 1299 00d9 13       		.uleb128 0x13
 1300 00da 00       		.byte	0
 1301 00db 00       		.byte	0
 1302 00dc 12       		.uleb128 0x12
 1303 00dd 05       		.uleb128 0x5
 1304 00de 00       		.byte	0
ARM GAS  /tmp/ccrOybKq.s 			page 24


 1305 00df 03       		.uleb128 0x3
 1306 00e0 08       		.uleb128 0x8
 1307 00e1 3A       		.uleb128 0x3a
 1308 00e2 0B       		.uleb128 0xb
 1309 00e3 3B       		.uleb128 0x3b
 1310 00e4 0B       		.uleb128 0xb
 1311 00e5 49       		.uleb128 0x49
 1312 00e6 13       		.uleb128 0x13
 1313 00e7 02       		.uleb128 0x2
 1314 00e8 18       		.uleb128 0x18
 1315 00e9 00       		.byte	0
 1316 00ea 00       		.byte	0
 1317 00eb 13       		.uleb128 0x13
 1318 00ec 2E       		.uleb128 0x2e
 1319 00ed 01       		.byte	0x1
 1320 00ee 03       		.uleb128 0x3
 1321 00ef 0E       		.uleb128 0xe
 1322 00f0 3A       		.uleb128 0x3a
 1323 00f1 0B       		.uleb128 0xb
 1324 00f2 3B       		.uleb128 0x3b
 1325 00f3 0B       		.uleb128 0xb
 1326 00f4 27       		.uleb128 0x27
 1327 00f5 19       		.uleb128 0x19
 1328 00f6 49       		.uleb128 0x49
 1329 00f7 13       		.uleb128 0x13
 1330 00f8 11       		.uleb128 0x11
 1331 00f9 01       		.uleb128 0x1
 1332 00fa 12       		.uleb128 0x12
 1333 00fb 06       		.uleb128 0x6
 1334 00fc 40       		.uleb128 0x40
 1335 00fd 18       		.uleb128 0x18
 1336 00fe 9742     		.uleb128 0x2117
 1337 0100 19       		.uleb128 0x19
 1338 0101 01       		.uleb128 0x1
 1339 0102 13       		.uleb128 0x13
 1340 0103 00       		.byte	0
 1341 0104 00       		.byte	0
 1342 0105 14       		.uleb128 0x14
 1343 0106 34       		.uleb128 0x34
 1344 0107 00       		.byte	0
 1345 0108 03       		.uleb128 0x3
 1346 0109 08       		.uleb128 0x8
 1347 010a 3A       		.uleb128 0x3a
 1348 010b 0B       		.uleb128 0xb
 1349 010c 3B       		.uleb128 0x3b
 1350 010d 0B       		.uleb128 0xb
 1351 010e 49       		.uleb128 0x49
 1352 010f 13       		.uleb128 0x13
 1353 0110 02       		.uleb128 0x2
 1354 0111 18       		.uleb128 0x18
 1355 0112 00       		.byte	0
 1356 0113 00       		.byte	0
 1357 0114 15       		.uleb128 0x15
 1358 0115 2E       		.uleb128 0x2e
 1359 0116 01       		.byte	0x1
 1360 0117 3F       		.uleb128 0x3f
 1361 0118 19       		.uleb128 0x19
ARM GAS  /tmp/ccrOybKq.s 			page 25


 1362 0119 03       		.uleb128 0x3
 1363 011a 0E       		.uleb128 0xe
 1364 011b 3A       		.uleb128 0x3a
 1365 011c 0B       		.uleb128 0xb
 1366 011d 3B       		.uleb128 0x3b
 1367 011e 0B       		.uleb128 0xb
 1368 011f 27       		.uleb128 0x27
 1369 0120 19       		.uleb128 0x19
 1370 0121 49       		.uleb128 0x49
 1371 0122 13       		.uleb128 0x13
 1372 0123 11       		.uleb128 0x11
 1373 0124 01       		.uleb128 0x1
 1374 0125 12       		.uleb128 0x12
 1375 0126 06       		.uleb128 0x6
 1376 0127 40       		.uleb128 0x40
 1377 0128 18       		.uleb128 0x18
 1378 0129 9642     		.uleb128 0x2116
 1379 012b 19       		.uleb128 0x19
 1380 012c 01       		.uleb128 0x1
 1381 012d 13       		.uleb128 0x13
 1382 012e 00       		.byte	0
 1383 012f 00       		.byte	0
 1384 0130 16       		.uleb128 0x16
 1385 0131 0B       		.uleb128 0xb
 1386 0132 01       		.byte	0x1
 1387 0133 11       		.uleb128 0x11
 1388 0134 01       		.uleb128 0x1
 1389 0135 12       		.uleb128 0x12
 1390 0136 06       		.uleb128 0x6
 1391 0137 01       		.uleb128 0x1
 1392 0138 13       		.uleb128 0x13
 1393 0139 00       		.byte	0
 1394 013a 00       		.byte	0
 1395 013b 17       		.uleb128 0x17
 1396 013c 0B       		.uleb128 0xb
 1397 013d 01       		.byte	0x1
 1398 013e 11       		.uleb128 0x11
 1399 013f 01       		.uleb128 0x1
 1400 0140 12       		.uleb128 0x12
 1401 0141 06       		.uleb128 0x6
 1402 0142 00       		.byte	0
 1403 0143 00       		.byte	0
 1404 0144 18       		.uleb128 0x18
 1405 0145 2E       		.uleb128 0x2e
 1406 0146 01       		.byte	0x1
 1407 0147 3F       		.uleb128 0x3f
 1408 0148 19       		.uleb128 0x19
 1409 0149 03       		.uleb128 0x3
 1410 014a 0E       		.uleb128 0xe
 1411 014b 3A       		.uleb128 0x3a
 1412 014c 0B       		.uleb128 0xb
 1413 014d 3B       		.uleb128 0x3b
 1414 014e 0B       		.uleb128 0xb
 1415 014f 27       		.uleb128 0x27
 1416 0150 19       		.uleb128 0x19
 1417 0151 11       		.uleb128 0x11
 1418 0152 01       		.uleb128 0x1
ARM GAS  /tmp/ccrOybKq.s 			page 26


 1419 0153 12       		.uleb128 0x12
 1420 0154 06       		.uleb128 0x6
 1421 0155 40       		.uleb128 0x40
 1422 0156 18       		.uleb128 0x18
 1423 0157 9642     		.uleb128 0x2116
 1424 0159 19       		.uleb128 0x19
 1425 015a 01       		.uleb128 0x1
 1426 015b 13       		.uleb128 0x13
 1427 015c 00       		.byte	0
 1428 015d 00       		.byte	0
 1429 015e 19       		.uleb128 0x19
 1430 015f 34       		.uleb128 0x34
 1431 0160 00       		.byte	0
 1432 0161 03       		.uleb128 0x3
 1433 0162 0E       		.uleb128 0xe
 1434 0163 3A       		.uleb128 0x3a
 1435 0164 0B       		.uleb128 0xb
 1436 0165 3B       		.uleb128 0x3b
 1437 0166 0B       		.uleb128 0xb
 1438 0167 49       		.uleb128 0x49
 1439 0168 13       		.uleb128 0x13
 1440 0169 3F       		.uleb128 0x3f
 1441 016a 19       		.uleb128 0x19
 1442 016b 3C       		.uleb128 0x3c
 1443 016c 19       		.uleb128 0x19
 1444 016d 00       		.byte	0
 1445 016e 00       		.byte	0
 1446 016f 00       		.byte	0
 1447              		.section	.debug_aranges,"",%progbits
 1448 0000 1C000000 		.4byte	0x1c
 1449 0004 0200     		.2byte	0x2
 1450 0006 00000000 		.4byte	.Ldebug_info0
 1451 000a 04       		.byte	0x4
 1452 000b 00       		.byte	0
 1453 000c 0000     		.2byte	0
 1454 000e 0000     		.2byte	0
 1455 0010 00000000 		.4byte	.Ltext0
 1456 0014 58010000 		.4byte	.Letext0-.Ltext0
 1457 0018 00000000 		.4byte	0
 1458 001c 00000000 		.4byte	0
 1459              		.section	.debug_line,"",%progbits
 1460              	.Ldebug_line0:
 1461 0000 01020000 		.section	.debug_str,"MS",%progbits,1
 1461      0200B001 
 1461      00000201 
 1461      FB0E0D00 
 1461      01010101 
 1462              	.LASF40:
 1463 0000 705F6D73 		.ascii	"p_msg\000"
 1463      6700
 1464              	.LASF72:
 1465 0006 71756575 		.ascii	"queue_insert\000"
 1465      655F696E 
 1465      73657274 
 1465      00
 1466              	.LASF63:
 1467 0013 7264796D 		.ascii	"rdymsg\000"
ARM GAS  /tmp/ccrOybKq.s 			page 27


 1467      736700
 1468              	.LASF16:
 1469 001a 75696E74 		.ascii	"uint64_t\000"
 1469      36345F74 
 1469      00
 1470              	.LASF5:
 1471 0023 5F5F7569 		.ascii	"__uint8_t\000"
 1471      6E74385F 
 1471      7400
 1472              	.LASF12:
 1473 002d 6C6F6E67 		.ascii	"long long unsigned int\000"
 1473      206C6F6E 
 1473      6720756E 
 1473      7369676E 
 1473      65642069 
 1474              	.LASF64:
 1475 0044 65786974 		.ascii	"exitcode\000"
 1475      636F6465 
 1475      00
 1476              	.LASF28:
 1477 004d 705F7072 		.ascii	"p_prio\000"
 1477      696F00
 1478              	.LASF10:
 1479 0054 6C6F6E67 		.ascii	"long long int\000"
 1479      206C6F6E 
 1479      6720696E 
 1479      7400
 1480              	.LASF1:
 1481 0062 7369676E 		.ascii	"signed char\000"
 1481      65642063 
 1481      68617200 
 1482              	.LASF44:
 1483 006e 705F6D70 		.ascii	"p_mpool\000"
 1483      6F6F6C00 
 1484              	.LASF60:
 1485 0076 6D5F7175 		.ascii	"m_queue\000"
 1485      65756500 
 1486              	.LASF7:
 1487 007e 6C6F6E67 		.ascii	"long int\000"
 1487      20696E74 
 1487      00
 1488              	.LASF68:
 1489 0087 63684D73 		.ascii	"chMsgSend\000"
 1489      6753656E 
 1489      6400
 1490              	.LASF19:
 1491 0091 74737461 		.ascii	"tstate_t\000"
 1491      74655F74 
 1491      00
 1492              	.LASF30:
 1493 009a 705F6E65 		.ascii	"p_newer\000"
 1493      77657200 
 1494              	.LASF8:
 1495 00a2 5F5F7569 		.ascii	"__uint32_t\000"
 1495      6E743332 
 1495      5F7400
 1496              	.LASF47:
ARM GAS  /tmp/ccrOybKq.s 			page 28


 1497 00ad 72656761 		.ascii	"regarm_t\000"
 1497      726D5F74 
 1497      00
 1498              	.LASF33:
 1499 00b6 705F7374 		.ascii	"p_stklimit\000"
 1499      6B6C696D 
 1499      697400
 1500              	.LASF0:
 1501 00c1 756E7369 		.ascii	"unsigned int\000"
 1501      676E6564 
 1501      20696E74 
 1501      00
 1502              	.LASF9:
 1503 00ce 6C6F6E67 		.ascii	"long unsigned int\000"
 1503      20756E73 
 1503      69676E65 
 1503      6420696E 
 1503      7400
 1504              	.LASF50:
 1505 00e0 636F6E74 		.ascii	"context\000"
 1505      65787400 
 1506              	.LASF4:
 1507 00e8 73686F72 		.ascii	"short unsigned int\000"
 1507      7420756E 
 1507      7369676E 
 1507      65642069 
 1507      6E7400
 1508              	.LASF22:
 1509 00fb 6D73675F 		.ascii	"msg_t\000"
 1509      7400
 1510              	.LASF55:
 1511 0101 725F6E65 		.ascii	"r_newer\000"
 1511      77657200 
 1512              	.LASF18:
 1513 0109 746D6F64 		.ascii	"tmode_t\000"
 1513      655F7400 
 1514              	.LASF46:
 1515 0111 54687265 		.ascii	"ThreadsList\000"
 1515      6164734C 
 1515      69737400 
 1516              	.LASF23:
 1517 011d 6576656E 		.ascii	"eventmask_t\000"
 1517      746D6173 
 1517      6B5F7400 
 1518              	.LASF59:
 1519 0129 4D757465 		.ascii	"Mutex\000"
 1519      7800
 1520              	.LASF48:
 1521 012f 73746B61 		.ascii	"stkalign_t\000"
 1521      6C69676E 
 1521      5F7400
 1522              	.LASF51:
 1523 013a 73697A65 		.ascii	"sizetype\000"
 1523      74797065 
 1523      00
 1524              	.LASF31:
 1525 0143 705F6F6C 		.ascii	"p_older\000"
ARM GAS  /tmp/ccrOybKq.s 			page 29


 1525      64657200 
 1526              	.LASF54:
 1527 014b 725F6374 		.ascii	"r_ctx\000"
 1527      7800
 1528              	.LASF45:
 1529 0151 54687265 		.ascii	"ThreadsQueue\000"
 1529      61647351 
 1529      75657565 
 1529      00
 1530              	.LASF57:
 1531 015e 725F6375 		.ascii	"r_current\000"
 1531      7272656E 
 1531      7400
 1532              	.LASF56:
 1533 0168 725F6F6C 		.ascii	"r_older\000"
 1533      64657200 
 1534              	.LASF11:
 1535 0170 5F5F7569 		.ascii	"__uint64_t\000"
 1535      6E743634 
 1535      5F7400
 1536              	.LASF20:
 1537 017b 74726566 		.ascii	"trefs_t\000"
 1537      735F7400 
 1538              	.LASF27:
 1539 0183 705F7072 		.ascii	"p_prev\000"
 1539      657600
 1540              	.LASF21:
 1541 018a 74707269 		.ascii	"tprio_t\000"
 1541      6F5F7400 
 1542              	.LASF17:
 1543 0192 5F426F6F 		.ascii	"_Bool\000"
 1543      6C00
 1544              	.LASF14:
 1545 0198 696E7433 		.ascii	"int32_t\000"
 1545      325F7400 
 1546              	.LASF2:
 1547 01a0 756E7369 		.ascii	"unsigned char\000"
 1547      676E6564 
 1547      20636861 
 1547      7200
 1548              	.LASF42:
 1549 01ae 705F6D74 		.ascii	"p_mtxlist\000"
 1549      786C6973 
 1549      7400
 1550              	.LASF3:
 1551 01b8 73686F72 		.ascii	"short int\000"
 1551      7420696E 
 1551      7400
 1552              	.LASF34:
 1553 01c2 705F7374 		.ascii	"p_state\000"
 1553      61746500 
 1554              	.LASF53:
 1555 01ca 725F7072 		.ascii	"r_prio\000"
 1555      696F00
 1556              	.LASF66:
 1557 01d1 65776D61 		.ascii	"ewmask\000"
 1557      736B00
ARM GAS  /tmp/ccrOybKq.s 			page 30


 1558              	.LASF26:
 1559 01d8 705F6E65 		.ascii	"p_next\000"
 1559      787400
 1560              	.LASF35:
 1561 01df 705F666C 		.ascii	"p_flags\000"
 1561      61677300 
 1562              	.LASF25:
 1563 01e7 54687265 		.ascii	"Thread\000"
 1563      616400
 1564              	.LASF74:
 1565 01ee 63684D73 		.ascii	"chMsgRelease\000"
 1565      6752656C 
 1565      65617365 
 1565      00
 1566              	.LASF41:
 1567 01fb 705F6570 		.ascii	"p_epending\000"
 1567      656E6469 
 1567      6E6700
 1568              	.LASF15:
 1569 0206 75696E74 		.ascii	"uint32_t\000"
 1569      33325F74 
 1569      00
 1570              	.LASF52:
 1571 020f 725F7175 		.ascii	"r_queue\000"
 1571      65756500 
 1572              	.LASF70:
 1573 0217 474E5520 		.ascii	"GNU C 4.9.3 20141119 (release) [ARM/embedded-4_9-br"
 1573      4320342E 
 1573      392E3320 
 1573      32303134 
 1573      31313139 
 1574 024a 616E6368 		.ascii	"anch revision 218278] -mcpu=cortex-m4 -mno-thumb-in"
 1574      20726576 
 1574      6973696F 
 1574      6E203231 
 1574      38323738 
 1575 027d 74657277 		.ascii	"terwork -mthumb -ggdb -O0 -fomit-frame-pointer\000"
 1575      6F726B20 
 1575      2D6D7468 
 1575      756D6220 
 1575      2D676764 
 1576              	.LASF67:
 1577 02ac 63686172 		.ascii	"char\000"
 1577      00
 1578              	.LASF73:
 1579 02b1 6669666F 		.ascii	"fifo_remove\000"
 1579      5F72656D 
 1579      6F766500 
 1580              	.LASF62:
 1581 02bd 6D5F6E65 		.ascii	"m_next\000"
 1581      787400
 1582              	.LASF24:
 1583 02c4 73797374 		.ascii	"systime_t\000"
 1583      696D655F 
 1583      7400
 1584              	.LASF43:
 1585 02ce 705F7265 		.ascii	"p_realprio\000"
ARM GAS  /tmp/ccrOybKq.s 			page 31


 1585      616C7072 
 1585      696F00
 1586              	.LASF6:
 1587 02d9 5F5F696E 		.ascii	"__int32_t\000"
 1587      7433325F 
 1587      7400
 1588              	.LASF37:
 1589 02e3 705F7469 		.ascii	"p_time\000"
 1589      6D6500
 1590              	.LASF49:
 1591 02ea 696E7463 		.ascii	"intctx\000"
 1591      747800
 1592              	.LASF39:
 1593 02f1 705F6D73 		.ascii	"p_msgqueue\000"
 1593      67717565 
 1593      756500
 1594              	.LASF69:
 1595 02fc 63684D73 		.ascii	"chMsgWait\000"
 1595      67576169 
 1595      7400
 1596              	.LASF36:
 1597 0306 705F7265 		.ascii	"p_refs\000"
 1597      667300
 1598              	.LASF58:
 1599 030d 52656164 		.ascii	"ReadyList\000"
 1599      794C6973 
 1599      7400
 1600              	.LASF71:
 1601 0317 2F6F7074 		.ascii	"/opt/R2P/core/ChibiOS_2.6.5/os/kernel/src/chmsg.c\000"
 1601      2F523250 
 1601      2F636F72 
 1601      652F4368 
 1601      6962694F 
 1602              	.LASF75:
 1603 0349 726C6973 		.ascii	"rlist\000"
 1603      7400
 1604              	.LASF13:
 1605 034f 75696E74 		.ascii	"uint8_t\000"
 1605      385F7400 
 1606              	.LASF65:
 1607 0357 77746F62 		.ascii	"wtobjp\000"
 1607      6A7000
 1608              	.LASF32:
 1609 035e 705F6E61 		.ascii	"p_name\000"
 1609      6D6500
 1610              	.LASF61:
 1611 0365 6D5F6F77 		.ascii	"m_owner\000"
 1611      6E657200 
 1612              	.LASF29:
 1613 036d 705F6374 		.ascii	"p_ctx\000"
 1613      7800
 1614              	.LASF38:
 1615 0373 705F7761 		.ascii	"p_waiting\000"
 1615      6974696E 
 1615      6700
 1616              		.ident	"GCC: (GNU Tools for ARM Embedded Processors) 4.9.3 20141119 (release) [ARM/embedded-4_9-br
ARM GAS  /tmp/ccrOybKq.s 			page 32


DEFINED SYMBOLS
                            *ABS*:00000000 chmsg.c
     /tmp/ccrOybKq.s:18     .text:00000000 $t
     /tmp/ccrOybKq.s:22     .text:00000000 queue_insert
     /tmp/ccrOybKq.s:64     .text:00000028 fifo_remove
     /tmp/ccrOybKq.s:99     .rodata:00000000 $d
     /tmp/ccrOybKq.s:108    .text:0000004c chMsgSend
     /tmp/ccrOybKq.s:194    .text:000000bc $d
     /tmp/ccrOybKq.s:199    .text:000000c4 $t
     /tmp/ccrOybKq.s:204    .text:000000c4 chMsgWait
     /tmp/ccrOybKq.s:268    .text:00000114 $d
     /tmp/ccrOybKq.s:277    .text:00000118 $t
     /tmp/ccrOybKq.s:282    .text:00000118 chMsgRelease
     /tmp/ccrOybKq.s:334    .text:00000154 $d
                     .debug_frame:00000010 $d

UNDEFINED SYMBOLS
chDbgPanic
dbg_check_lock
chSchReadyI
chSchGoSleepS
dbg_check_unlock
rlist
chSchWakeupS
