ARM GAS  /tmp/ccc4q77M.s 			page 1


   1              		.syntax unified
   2              		.cpu cortex-m4
   3              		.fpu softvfp
   4              		.eabi_attribute 20, 1
   5              		.eabi_attribute 21, 1
   6              		.eabi_attribute 23, 3
   7              		.eabi_attribute 24, 1
   8              		.eabi_attribute 25, 1
   9              		.eabi_attribute 26, 1
  10              		.eabi_attribute 30, 6
  11              		.eabi_attribute 34, 1
  12              		.eabi_attribute 18, 4
  13              		.thumb
  14              		.file	"chnew.cpp"
  15              		.text
  16              	.Ltext0:
  17              		.cfi_sections	.debug_frame
  18              		.align	2
  19              		.global	_Znwj
  20              		.thumb
  21              		.thumb_func
  22              		.type	_Znwj, %function
  23              	_Znwj:
  24              	.LFB7:
  25              		.file 1 "chnew.cpp"
  26              		.loc 1 5 0
  27              		.cfi_startproc
  28              		@ args = 0, pretend = 0, frame = 8
  29              		@ frame_needed = 0, uses_anonymous_args = 0
  30 0000 00B5     		push	{lr}
  31              		.cfi_def_cfa_offset 4
  32              		.cfi_offset 14, -4
  33 0002 83B0     		sub	sp, sp, #12
  34              		.cfi_def_cfa_offset 16
  35 0004 0190     		str	r0, [sp, #4]
  36              		.loc 1 7 0
  37 0006 019B     		ldr	r3, [sp, #4]
  38 0008 002B     		cmp	r3, #0
  39 000a 01D0     		beq	.L2
  40              		.loc 1 7 0 is_stmt 0 discriminator 1
  41 000c 019B     		ldr	r3, [sp, #4]
  42 000e 00E0     		b	.L3
  43              	.L2:
  44              		.loc 1 7 0 discriminator 2
  45 0010 0123     		movs	r3, #1
  46              	.L3:
  47              		.loc 1 7 0 discriminator 4
  48 0012 0020     		movs	r0, #0
  49 0014 1946     		mov	r1, r3
  50 0016 FFF7FEFF 		bl	chHeapAlloc
  51 001a 0346     		mov	r3, r0
  52              		.loc 1 8 0 is_stmt 1 discriminator 4
  53 001c 1846     		mov	r0, r3
  54 001e 03B0     		add	sp, sp, #12
  55              		.cfi_def_cfa_offset 4
  56              		@ sp needed
  57 0020 5DF804FB 		ldr	pc, [sp], #4
ARM GAS  /tmp/ccc4q77M.s 			page 2


  58              		.cfi_endproc
  59              	.LFE7:
  60              		.size	_Znwj, .-_Znwj
  61              		.align	2
  62              		.global	_ZnwjP11memory_heap
  63              		.thumb
  64              		.thumb_func
  65              		.type	_ZnwjP11memory_heap, %function
  66              	_ZnwjP11memory_heap:
  67              	.LFB8:
  68              		.loc 1 11 0
  69              		.cfi_startproc
  70              		@ args = 0, pretend = 0, frame = 8
  71              		@ frame_needed = 0, uses_anonymous_args = 0
  72 0024 00B5     		push	{lr}
  73              		.cfi_def_cfa_offset 4
  74              		.cfi_offset 14, -4
  75 0026 83B0     		sub	sp, sp, #12
  76              		.cfi_def_cfa_offset 16
  77 0028 0190     		str	r0, [sp, #4]
  78 002a 0091     		str	r1, [sp]
  79              		.loc 1 13 0
  80 002c 019B     		ldr	r3, [sp, #4]
  81 002e 002B     		cmp	r3, #0
  82 0030 01D0     		beq	.L6
  83              		.loc 1 13 0 is_stmt 0 discriminator 1
  84 0032 019B     		ldr	r3, [sp, #4]
  85 0034 00E0     		b	.L7
  86              	.L6:
  87              		.loc 1 13 0 discriminator 2
  88 0036 0123     		movs	r3, #1
  89              	.L7:
  90              		.loc 1 13 0 discriminator 4
  91 0038 0098     		ldr	r0, [sp]
  92 003a 1946     		mov	r1, r3
  93 003c FFF7FEFF 		bl	chHeapAlloc
  94 0040 0346     		mov	r3, r0
  95              		.loc 1 14 0 is_stmt 1 discriminator 4
  96 0042 1846     		mov	r0, r3
  97 0044 03B0     		add	sp, sp, #12
  98              		.cfi_def_cfa_offset 4
  99              		@ sp needed
 100 0046 5DF804FB 		ldr	pc, [sp], #4
 101              		.cfi_endproc
 102              	.LFE8:
 103              		.size	_ZnwjP11memory_heap, .-_ZnwjP11memory_heap
 104 004a 00BF     		.align	2
 105              		.global	_Znaj
 106              		.thumb
 107              		.thumb_func
 108              		.type	_Znaj, %function
 109              	_Znaj:
 110              	.LFB9:
 111              		.loc 1 17 0
 112              		.cfi_startproc
 113              		@ args = 0, pretend = 0, frame = 8
 114              		@ frame_needed = 0, uses_anonymous_args = 0
ARM GAS  /tmp/ccc4q77M.s 			page 3


 115 004c 00B5     		push	{lr}
 116              		.cfi_def_cfa_offset 4
 117              		.cfi_offset 14, -4
 118 004e 83B0     		sub	sp, sp, #12
 119              		.cfi_def_cfa_offset 16
 120 0050 0190     		str	r0, [sp, #4]
 121              		.loc 1 19 0
 122 0052 019B     		ldr	r3, [sp, #4]
 123 0054 002B     		cmp	r3, #0
 124 0056 01D0     		beq	.L10
 125              		.loc 1 19 0 is_stmt 0 discriminator 1
 126 0058 019B     		ldr	r3, [sp, #4]
 127 005a 00E0     		b	.L11
 128              	.L10:
 129              		.loc 1 19 0 discriminator 2
 130 005c 0123     		movs	r3, #1
 131              	.L11:
 132              		.loc 1 19 0 discriminator 4
 133 005e 0020     		movs	r0, #0
 134 0060 1946     		mov	r1, r3
 135 0062 FFF7FEFF 		bl	chHeapAlloc
 136 0066 0346     		mov	r3, r0
 137              		.loc 1 20 0 is_stmt 1 discriminator 4
 138 0068 1846     		mov	r0, r3
 139 006a 03B0     		add	sp, sp, #12
 140              		.cfi_def_cfa_offset 4
 141              		@ sp needed
 142 006c 5DF804FB 		ldr	pc, [sp], #4
 143              		.cfi_endproc
 144              	.LFE9:
 145              		.size	_Znaj, .-_Znaj
 146              		.align	2
 147              		.global	_ZnajP11memory_heap
 148              		.thumb
 149              		.thumb_func
 150              		.type	_ZnajP11memory_heap, %function
 151              	_ZnajP11memory_heap:
 152              	.LFB10:
 153              		.loc 1 23 0
 154              		.cfi_startproc
 155              		@ args = 0, pretend = 0, frame = 8
 156              		@ frame_needed = 0, uses_anonymous_args = 0
 157 0070 00B5     		push	{lr}
 158              		.cfi_def_cfa_offset 4
 159              		.cfi_offset 14, -4
 160 0072 83B0     		sub	sp, sp, #12
 161              		.cfi_def_cfa_offset 16
 162 0074 0190     		str	r0, [sp, #4]
 163 0076 0091     		str	r1, [sp]
 164              		.loc 1 25 0
 165 0078 019B     		ldr	r3, [sp, #4]
 166 007a 002B     		cmp	r3, #0
 167 007c 01D0     		beq	.L14
 168              		.loc 1 25 0 is_stmt 0 discriminator 1
 169 007e 019B     		ldr	r3, [sp, #4]
 170 0080 00E0     		b	.L15
 171              	.L14:
ARM GAS  /tmp/ccc4q77M.s 			page 4


 172              		.loc 1 25 0 discriminator 2
 173 0082 0123     		movs	r3, #1
 174              	.L15:
 175              		.loc 1 25 0 discriminator 4
 176 0084 0098     		ldr	r0, [sp]
 177 0086 1946     		mov	r1, r3
 178 0088 FFF7FEFF 		bl	chHeapAlloc
 179 008c 0346     		mov	r3, r0
 180              		.loc 1 26 0 is_stmt 1 discriminator 4
 181 008e 1846     		mov	r0, r3
 182 0090 03B0     		add	sp, sp, #12
 183              		.cfi_def_cfa_offset 4
 184              		@ sp needed
 185 0092 5DF804FB 		ldr	pc, [sp], #4
 186              		.cfi_endproc
 187              	.LFE10:
 188              		.size	_ZnajP11memory_heap, .-_ZnajP11memory_heap
 189 0096 00BF     		.align	2
 190              		.global	_ZdlPv
 191              		.thumb
 192              		.thumb_func
 193              		.type	_ZdlPv, %function
 194              	_ZdlPv:
 195              	.LFB11:
 196              		.loc 1 29 0
 197              		.cfi_startproc
 198              		@ args = 0, pretend = 0, frame = 8
 199              		@ frame_needed = 0, uses_anonymous_args = 0
 200 0098 00B5     		push	{lr}
 201              		.cfi_def_cfa_offset 4
 202              		.cfi_offset 14, -4
 203 009a 83B0     		sub	sp, sp, #12
 204              		.cfi_def_cfa_offset 16
 205 009c 0190     		str	r0, [sp, #4]
 206              		.loc 1 31 0
 207 009e 019B     		ldr	r3, [sp, #4]
 208 00a0 002B     		cmp	r3, #0
 209 00a2 02D0     		beq	.L17
 210              		.loc 1 32 0
 211 00a4 0198     		ldr	r0, [sp, #4]
 212 00a6 FFF7FEFF 		bl	chHeapFree
 213              	.L17:
 214              		.loc 1 34 0
 215 00aa 03B0     		add	sp, sp, #12
 216              		.cfi_def_cfa_offset 4
 217              		@ sp needed
 218 00ac 5DF804FB 		ldr	pc, [sp], #4
 219              		.cfi_endproc
 220              	.LFE11:
 221              		.size	_ZdlPv, .-_ZdlPv
 222              		.align	2
 223              		.global	_ZdlPvP11memory_heap
 224              		.thumb
 225              		.thumb_func
 226              		.type	_ZdlPvP11memory_heap, %function
 227              	_ZdlPvP11memory_heap:
 228              	.LFB12:
ARM GAS  /tmp/ccc4q77M.s 			page 5


 229              		.loc 1 37 0
 230              		.cfi_startproc
 231              		@ args = 0, pretend = 0, frame = 8
 232              		@ frame_needed = 0, uses_anonymous_args = 0
 233 00b0 00B5     		push	{lr}
 234              		.cfi_def_cfa_offset 4
 235              		.cfi_offset 14, -4
 236 00b2 83B0     		sub	sp, sp, #12
 237              		.cfi_def_cfa_offset 16
 238 00b4 0190     		str	r0, [sp, #4]
 239 00b6 0091     		str	r1, [sp]
 240              		.loc 1 40 0
 241 00b8 019B     		ldr	r3, [sp, #4]
 242 00ba 002B     		cmp	r3, #0
 243 00bc 02D0     		beq	.L19
 244              		.loc 1 41 0
 245 00be 0198     		ldr	r0, [sp, #4]
 246 00c0 FFF7FEFF 		bl	chHeapFree
 247              	.L19:
 248              		.loc 1 43 0
 249 00c4 03B0     		add	sp, sp, #12
 250              		.cfi_def_cfa_offset 4
 251              		@ sp needed
 252 00c6 5DF804FB 		ldr	pc, [sp], #4
 253              		.cfi_endproc
 254              	.LFE12:
 255              		.size	_ZdlPvP11memory_heap, .-_ZdlPvP11memory_heap
 256 00ca 00BF     		.align	2
 257              		.global	_ZdaPv
 258              		.thumb
 259              		.thumb_func
 260              		.type	_ZdaPv, %function
 261              	_ZdaPv:
 262              	.LFB13:
 263              		.loc 1 46 0
 264              		.cfi_startproc
 265              		@ args = 0, pretend = 0, frame = 8
 266              		@ frame_needed = 0, uses_anonymous_args = 0
 267 00cc 00B5     		push	{lr}
 268              		.cfi_def_cfa_offset 4
 269              		.cfi_offset 14, -4
 270 00ce 83B0     		sub	sp, sp, #12
 271              		.cfi_def_cfa_offset 16
 272 00d0 0190     		str	r0, [sp, #4]
 273              		.loc 1 48 0
 274 00d2 019B     		ldr	r3, [sp, #4]
 275 00d4 002B     		cmp	r3, #0
 276 00d6 02D0     		beq	.L21
 277              		.loc 1 49 0
 278 00d8 0198     		ldr	r0, [sp, #4]
 279 00da FFF7FEFF 		bl	chHeapFree
 280              	.L21:
 281              		.loc 1 51 0
 282 00de 03B0     		add	sp, sp, #12
 283              		.cfi_def_cfa_offset 4
 284              		@ sp needed
 285 00e0 5DF804FB 		ldr	pc, [sp], #4
ARM GAS  /tmp/ccc4q77M.s 			page 6


 286              		.cfi_endproc
 287              	.LFE13:
 288              		.size	_ZdaPv, .-_ZdaPv
 289              		.align	2
 290              		.global	_ZdaPvP11memory_heap
 291              		.thumb
 292              		.thumb_func
 293              		.type	_ZdaPvP11memory_heap, %function
 294              	_ZdaPvP11memory_heap:
 295              	.LFB14:
 296              		.loc 1 54 0
 297              		.cfi_startproc
 298              		@ args = 0, pretend = 0, frame = 8
 299              		@ frame_needed = 0, uses_anonymous_args = 0
 300 00e4 00B5     		push	{lr}
 301              		.cfi_def_cfa_offset 4
 302              		.cfi_offset 14, -4
 303 00e6 83B0     		sub	sp, sp, #12
 304              		.cfi_def_cfa_offset 16
 305 00e8 0190     		str	r0, [sp, #4]
 306 00ea 0091     		str	r1, [sp]
 307              		.loc 1 57 0
 308 00ec 019B     		ldr	r3, [sp, #4]
 309 00ee 002B     		cmp	r3, #0
 310 00f0 02D0     		beq	.L23
 311              		.loc 1 58 0
 312 00f2 0198     		ldr	r0, [sp, #4]
 313 00f4 FFF7FEFF 		bl	chHeapFree
 314              	.L23:
 315              		.loc 1 60 0
 316 00f8 03B0     		add	sp, sp, #12
 317              		.cfi_def_cfa_offset 4
 318              		@ sp needed
 319 00fa 5DF804FB 		ldr	pc, [sp], #4
 320              		.cfi_endproc
 321              	.LFE14:
 322              		.size	_ZdaPvP11memory_heap, .-_ZdaPvP11memory_heap
 323              	.Letext0:
 324              		.file 2 "/opt/R2P/tools/gcc-arm-none-eabi-4_9-2014q4/lib/gcc/arm-none-eabi/4.9.3/include/stddef.h"
 325              		.file 3 "/opt/R2P/tools/gcc-arm-none-eabi-4_9-2014q4/arm-none-eabi/include/machine/_default_types.
 326              		.file 4 "/opt/R2P/tools/gcc-arm-none-eabi-4_9-2014q4/arm-none-eabi/include/stdint.h"
 327              		.file 5 "/opt/R2P/core/ChibiOS_2.6.5/os/ports/GCC/ARMCMx/chtypes.h"
 328              		.file 6 "/opt/R2P/core/ChibiOS_2.6.5/os/kernel/include/chlists.h"
 329              		.file 7 "/opt/R2P/core/ChibiOS_2.6.5/os/kernel/include/chthreads.h"
 330              		.file 8 "/opt/R2P/core/ChibiOS_2.6.5/os/ports/GCC/ARMCMx/chcore_v7m.h"
 331              		.file 9 "/opt/R2P/core/ChibiOS_2.6.5/os/kernel/include/chmtx.h"
 332              		.file 10 "/opt/R2P/core/ChibiOS_2.6.5/os/kernel/include/chmemcore.h"
 333              		.file 11 "/opt/R2P/core/ChibiOS_2.6.5/os/kernel/include/chheap.h"
 334 00fe 00BF     		.section	.debug_info,"",%progbits
 335              	.Ldebug_info0:
 336 0000 28060000 		.4byte	0x628
 337 0004 0400     		.2byte	0x4
 338 0006 00000000 		.4byte	.Ldebug_abbrev0
 339 000a 04       		.byte	0x4
 340 000b 01       		.uleb128 0x1
 341 000c 4E030000 		.4byte	.LASF87
 342 0010 04       		.byte	0x4
ARM GAS  /tmp/ccc4q77M.s 			page 7


 343 0011 76020000 		.4byte	.LASF88
 344 0015 F7010000 		.4byte	.LASF89
 345 0019 00000000 		.4byte	.Ltext0
 346 001d FE000000 		.4byte	.Letext0-.Ltext0
 347 0021 00000000 		.4byte	.Ldebug_line0
 348 0025 02       		.uleb128 0x2
 349 0026 04       		.byte	0x4
 350 0027 05       		.byte	0x5
 351 0028 696E7400 		.ascii	"int\000"
 352 002c 03       		.uleb128 0x3
 353 002d 06000000 		.4byte	.LASF2
 354 0031 02       		.byte	0x2
 355 0032 D4       		.byte	0xd4
 356 0033 37000000 		.4byte	0x37
 357 0037 04       		.uleb128 0x4
 358 0038 04       		.byte	0x4
 359 0039 07       		.byte	0x7
 360 003a 00010000 		.4byte	.LASF0
 361 003e 04       		.uleb128 0x4
 362 003f 01       		.byte	0x1
 363 0040 06       		.byte	0x6
 364 0041 8B000000 		.4byte	.LASF1
 365 0045 03       		.uleb128 0x3
 366 0046 1D000000 		.4byte	.LASF3
 367 004a 03       		.byte	0x3
 368 004b 1D       		.byte	0x1d
 369 004c 50000000 		.4byte	0x50
 370 0050 04       		.uleb128 0x4
 371 0051 01       		.byte	0x1
 372 0052 08       		.byte	0x8
 373 0053 5D020000 		.4byte	.LASF4
 374 0057 04       		.uleb128 0x4
 375 0058 02       		.byte	0x2
 376 0059 05       		.byte	0x5
 377 005a 8A020000 		.4byte	.LASF5
 378 005e 04       		.uleb128 0x4
 379 005f 02       		.byte	0x2
 380 0060 07       		.byte	0x7
 381 0061 42010000 		.4byte	.LASF6
 382 0065 03       		.uleb128 0x3
 383 0066 2B030000 		.4byte	.LASF7
 384 006a 03       		.byte	0x3
 385 006b 3F       		.byte	0x3f
 386 006c 70000000 		.4byte	0x70
 387 0070 04       		.uleb128 0x4
 388 0071 04       		.byte	0x4
 389 0072 05       		.byte	0x5
 390 0073 BB000000 		.4byte	.LASF8
 391 0077 03       		.uleb128 0x3
 392 0078 DB000000 		.4byte	.LASF9
 393 007c 03       		.byte	0x3
 394 007d 41       		.byte	0x41
 395 007e 82000000 		.4byte	0x82
 396 0082 04       		.uleb128 0x4
 397 0083 04       		.byte	0x4
 398 0084 07       		.byte	0x7
 399 0085 23010000 		.4byte	.LASF10
ARM GAS  /tmp/ccc4q77M.s 			page 8


 400 0089 04       		.uleb128 0x4
 401 008a 08       		.byte	0x8
 402 008b 05       		.byte	0x5
 403 008c 7D000000 		.4byte	.LASF11
 404 0090 03       		.uleb128 0x3
 405 0091 EC010000 		.4byte	.LASF12
 406 0095 03       		.byte	0x3
 407 0096 5B       		.byte	0x5b
 408 0097 9B000000 		.4byte	0x9b
 409 009b 04       		.uleb128 0x4
 410 009c 08       		.byte	0x8
 411 009d 07       		.byte	0x7
 412 009e 34000000 		.4byte	.LASF13
 413 00a2 03       		.uleb128 0x3
 414 00a3 1E040000 		.4byte	.LASF14
 415 00a7 04       		.byte	0x4
 416 00a8 15       		.byte	0x15
 417 00a9 45000000 		.4byte	0x45
 418 00ad 03       		.uleb128 0x3
 419 00ae 55020000 		.4byte	.LASF15
 420 00b2 04       		.byte	0x4
 421 00b3 2C       		.byte	0x2c
 422 00b4 65000000 		.4byte	0x65
 423 00b8 03       		.uleb128 0x3
 424 00b9 E8020000 		.4byte	.LASF16
 425 00bd 04       		.byte	0x4
 426 00be 2D       		.byte	0x2d
 427 00bf 77000000 		.4byte	0x77
 428 00c3 03       		.uleb128 0x3
 429 00c4 14000000 		.4byte	.LASF17
 430 00c8 04       		.byte	0x4
 431 00c9 39       		.byte	0x39
 432 00ca 90000000 		.4byte	0x90
 433 00ce 04       		.uleb128 0x4
 434 00cf 01       		.byte	0x1
 435 00d0 02       		.byte	0x2
 436 00d1 63010000 		.4byte	.LASF18
 437 00d5 03       		.uleb128 0x3
 438 00d6 5B010000 		.4byte	.LASF19
 439 00da 05       		.byte	0x5
 440 00db 2C       		.byte	0x2c
 441 00dc A2000000 		.4byte	0xa2
 442 00e0 03       		.uleb128 0x3
 443 00e1 C4000000 		.4byte	.LASF20
 444 00e5 05       		.byte	0x5
 445 00e6 2D       		.byte	0x2d
 446 00e7 A2000000 		.4byte	0xa2
 447 00eb 03       		.uleb128 0x3
 448 00ec 3E020000 		.4byte	.LASF21
 449 00f0 05       		.byte	0x5
 450 00f1 2E       		.byte	0x2e
 451 00f2 A2000000 		.4byte	0xa2
 452 00f6 03       		.uleb128 0x3
 453 00f7 4D020000 		.4byte	.LASF22
 454 00fb 05       		.byte	0x5
 455 00fc 30       		.byte	0x30
 456 00fd B8000000 		.4byte	0xb8
ARM GAS  /tmp/ccc4q77M.s 			page 9


 457 0101 03       		.uleb128 0x3
 458 0102 55010000 		.4byte	.LASF23
 459 0106 05       		.byte	0x5
 460 0107 31       		.byte	0x31
 461 0108 AD000000 		.4byte	0xad
 462 010c 03       		.uleb128 0x3
 463 010d 74010000 		.4byte	.LASF24
 464 0111 05       		.byte	0x5
 465 0112 33       		.byte	0x33
 466 0113 B8000000 		.4byte	0xb8
 467 0117 03       		.uleb128 0x3
 468 0118 16030000 		.4byte	.LASF25
 469 011c 05       		.byte	0x5
 470 011d 35       		.byte	0x35
 471 011e B8000000 		.4byte	0xb8
 472 0122 03       		.uleb128 0x3
 473 0123 D6020000 		.4byte	.LASF26
 474 0127 06       		.byte	0x6
 475 0128 2A       		.byte	0x2a
 476 0129 2D010000 		.4byte	0x12d
 477 012d 05       		.uleb128 0x5
 478 012e D6020000 		.4byte	.LASF26
 479 0132 4C       		.byte	0x4c
 480 0133 07       		.byte	0x7
 481 0134 5E       		.byte	0x5e
 482 0135 5F020000 		.4byte	0x25f
 483 0139 06       		.uleb128 0x6
 484 013a 04       		.byte	0x4
 485 013b 07       		.byte	0x7
 486 013c 96       		.byte	0x96
 487 013d 6E010000 		.4byte	0x16e
 488 0141 07       		.uleb128 0x7
 489 0142 0D000000 		.4byte	.LASF27
 490 0146 07       		.byte	0x7
 491 0147 9D       		.byte	0x9d
 492 0148 01010000 		.4byte	0x101
 493 014c 07       		.uleb128 0x7
 494 014d 5B000000 		.4byte	.LASF28
 495 0151 07       		.byte	0x7
 496 0152 A4       		.byte	0xa4
 497 0153 01010000 		.4byte	0x101
 498 0157 07       		.uleb128 0x7
 499 0158 26040000 		.4byte	.LASF29
 500 015c 07       		.byte	0x7
 501 015d AB       		.byte	0xab
 502 015e C4020000 		.4byte	0x2c4
 503 0162 07       		.uleb128 0x7
 504 0163 A8020000 		.4byte	.LASF30
 505 0167 07       		.byte	0x7
 506 0168 B2       		.byte	0xb2
 507 0169 0C010000 		.4byte	0x10c
 508 016d 00       		.byte	0
 509 016e 08       		.uleb128 0x8
 510 016f AF020000 		.4byte	.LASF31
 511 0173 07       		.byte	0x7
 512 0174 5F       		.byte	0x5f
 513 0175 83040000 		.4byte	0x483
ARM GAS  /tmp/ccc4q77M.s 			page 10


 514 0179 00       		.byte	0
 515 017a 08       		.uleb128 0x8
 516 017b 46020000 		.4byte	.LASF32
 517 017f 07       		.byte	0x7
 518 0180 61       		.byte	0x61
 519 0181 83040000 		.4byte	0x483
 520 0185 04       		.byte	0x4
 521 0186 08       		.uleb128 0x8
 522 0187 76000000 		.4byte	.LASF33
 523 018b 07       		.byte	0x7
 524 018c 63       		.byte	0x63
 525 018d F6000000 		.4byte	0xf6
 526 0191 08       		.byte	0x8
 527 0192 08       		.uleb128 0x8
 528 0193 5E040000 		.4byte	.LASF34
 529 0197 07       		.byte	0x7
 530 0198 64       		.byte	0x64
 531 0199 4D030000 		.4byte	0x34d
 532 019d 0C       		.byte	0xc
 533 019e 08       		.uleb128 0x8
 534 019f D3000000 		.4byte	.LASF35
 535 01a3 07       		.byte	0x7
 536 01a4 66       		.byte	0x66
 537 01a5 83040000 		.4byte	0x483
 538 01a9 10       		.byte	0x10
 539 01aa 08       		.uleb128 0x8
 540 01ab BD010000 		.4byte	.LASF36
 541 01af 07       		.byte	0x7
 542 01b0 67       		.byte	0x67
 543 01b1 83040000 		.4byte	0x483
 544 01b5 14       		.byte	0x14
 545 01b6 08       		.uleb128 0x8
 546 01b7 2D040000 		.4byte	.LASF37
 547 01bb 07       		.byte	0x7
 548 01bc 6E       		.byte	0x6e
 549 01bd 89040000 		.4byte	0x489
 550 01c1 18       		.byte	0x18
 551 01c2 08       		.uleb128 0x8
 552 01c3 F5000000 		.4byte	.LASF38
 553 01c7 07       		.byte	0x7
 554 01c8 74       		.byte	0x74
 555 01c9 9B040000 		.4byte	0x49b
 556 01cd 1C       		.byte	0x1c
 557 01ce 08       		.uleb128 0x8
 558 01cf 94020000 		.4byte	.LASF39
 559 01d3 07       		.byte	0x7
 560 01d4 79       		.byte	0x79
 561 01d5 E0000000 		.4byte	0xe0
 562 01d9 20       		.byte	0x20
 563 01da 08       		.uleb128 0x8
 564 01db B6020000 		.4byte	.LASF40
 565 01df 07       		.byte	0x7
 566 01e0 7D       		.byte	0x7d
 567 01e1 D5000000 		.4byte	0xd5
 568 01e5 21       		.byte	0x21
 569 01e6 08       		.uleb128 0x8
 570 01e7 17040000 		.4byte	.LASF41
ARM GAS  /tmp/ccc4q77M.s 			page 11


 571 01eb 07       		.byte	0x7
 572 01ec 82       		.byte	0x82
 573 01ed EB000000 		.4byte	0xeb
 574 01f1 22       		.byte	0x22
 575 01f2 08       		.uleb128 0x8
 576 01f3 35030000 		.4byte	.LASF42
 577 01f7 07       		.byte	0x7
 578 01f8 8F       		.byte	0x8f
 579 01f9 75030000 		.4byte	0x375
 580 01fd 24       		.byte	0x24
 581 01fe 09       		.uleb128 0x9
 582 01ff 705F7500 		.ascii	"p_u\000"
 583 0203 07       		.byte	0x7
 584 0204 B4       		.byte	0xb4
 585 0205 39010000 		.4byte	0x139
 586 0209 28       		.byte	0x28
 587 020a 08       		.uleb128 0x8
 588 020b 64040000 		.4byte	.LASF43
 589 020f 07       		.byte	0x7
 590 0210 B9       		.byte	0xb9
 591 0211 AE020000 		.4byte	0x2ae
 592 0215 2C       		.byte	0x2c
 593 0216 08       		.uleb128 0x8
 594 0217 43030000 		.4byte	.LASF44
 595 021b 07       		.byte	0x7
 596 021c BF       		.byte	0xbf
 597 021d 8A020000 		.4byte	0x28a
 598 0221 30       		.byte	0x30
 599 0222 08       		.uleb128 0x8
 600 0223 00000000 		.4byte	.LASF45
 601 0227 07       		.byte	0x7
 602 0228 C3       		.byte	0xc3
 603 0229 01010000 		.4byte	0x101
 604 022d 38       		.byte	0x38
 605 022e 08       		.uleb128 0x8
 606 022f DD020000 		.4byte	.LASF46
 607 0233 07       		.byte	0x7
 608 0234 C9       		.byte	0xc9
 609 0235 0C010000 		.4byte	0x10c
 610 0239 3C       		.byte	0x3c
 611 023a 08       		.uleb128 0x8
 612 023b 80020000 		.4byte	.LASF47
 613 023f 07       		.byte	0x7
 614 0240 D0       		.byte	0xd0
 615 0241 A1040000 		.4byte	0x4a1
 616 0245 40       		.byte	0x40
 617 0246 08       		.uleb128 0x8
 618 0247 20030000 		.4byte	.LASF48
 619 024b 07       		.byte	0x7
 620 024c D4       		.byte	0xd4
 621 024d F6000000 		.4byte	0xf6
 622 0251 44       		.byte	0x44
 623 0252 08       		.uleb128 0x8
 624 0253 9D000000 		.4byte	.LASF49
 625 0257 07       		.byte	0x7
 626 0258 DA       		.byte	0xda
 627 0259 C4020000 		.4byte	0x2c4
ARM GAS  /tmp/ccc4q77M.s 			page 12


 628 025d 48       		.byte	0x48
 629 025e 00       		.byte	0
 630 025f 0A       		.uleb128 0xa
 631 0260 08       		.byte	0x8
 632 0261 06       		.byte	0x6
 633 0262 61       		.byte	0x61
 634 0263 DD010000 		.4byte	.LASF51
 635 0267 84020000 		.4byte	0x284
 636 026b 08       		.uleb128 0x8
 637 026c AF020000 		.4byte	.LASF31
 638 0270 06       		.byte	0x6
 639 0271 62       		.byte	0x62
 640 0272 84020000 		.4byte	0x284
 641 0276 00       		.byte	0
 642 0277 08       		.uleb128 0x8
 643 0278 46020000 		.4byte	.LASF32
 644 027c 06       		.byte	0x6
 645 027d 64       		.byte	0x64
 646 027e 84020000 		.4byte	0x284
 647 0282 04       		.byte	0x4
 648 0283 00       		.byte	0
 649 0284 0B       		.uleb128 0xb
 650 0285 04       		.byte	0x4
 651 0286 22010000 		.4byte	0x122
 652 028a 03       		.uleb128 0x3
 653 028b C5010000 		.4byte	.LASF50
 654 028f 06       		.byte	0x6
 655 0290 66       		.byte	0x66
 656 0291 5F020000 		.4byte	0x25f
 657 0295 0A       		.uleb128 0xa
 658 0296 04       		.byte	0x4
 659 0297 06       		.byte	0x6
 660 0298 6B       		.byte	0x6b
 661 0299 AD000000 		.4byte	.LASF52
 662 029d AE020000 		.4byte	0x2ae
 663 02a1 08       		.uleb128 0x8
 664 02a2 AF020000 		.4byte	.LASF31
 665 02a6 06       		.byte	0x6
 666 02a7 6D       		.byte	0x6d
 667 02a8 84020000 		.4byte	0x284
 668 02ac 00       		.byte	0
 669 02ad 00       		.byte	0
 670 02ae 03       		.uleb128 0x3
 671 02af 68010000 		.4byte	.LASF53
 672 02b3 06       		.byte	0x6
 673 02b4 70       		.byte	0x70
 674 02b5 95020000 		.4byte	0x295
 675 02b9 03       		.uleb128 0x3
 676 02ba E6000000 		.4byte	.LASF54
 677 02be 08       		.byte	0x8
 678 02bf E5       		.byte	0xe5
 679 02c0 C4020000 		.4byte	0x2c4
 680 02c4 0C       		.uleb128 0xc
 681 02c5 04       		.byte	0x4
 682 02c6 03       		.uleb128 0x3
 683 02c7 86010000 		.4byte	.LASF55
 684 02cb 08       		.byte	0x8
ARM GAS  /tmp/ccc4q77M.s 			page 13


 685 02cc EB       		.byte	0xeb
 686 02cd C3000000 		.4byte	0xc3
 687 02d1 0D       		.uleb128 0xd
 688 02d2 3C030000 		.4byte	.LASF56
 689 02d6 24       		.byte	0x24
 690 02d7 08       		.byte	0x8
 691 02d8 0C01     		.2byte	0x10c
 692 02da 4D030000 		.4byte	0x34d
 693 02de 0E       		.uleb128 0xe
 694 02df 723400   		.ascii	"r4\000"
 695 02e2 08       		.byte	0x8
 696 02e3 1F01     		.2byte	0x11f
 697 02e5 B9020000 		.4byte	0x2b9
 698 02e9 00       		.byte	0
 699 02ea 0E       		.uleb128 0xe
 700 02eb 723500   		.ascii	"r5\000"
 701 02ee 08       		.byte	0x8
 702 02ef 2001     		.2byte	0x120
 703 02f1 B9020000 		.4byte	0x2b9
 704 02f5 04       		.byte	0x4
 705 02f6 0E       		.uleb128 0xe
 706 02f7 723600   		.ascii	"r6\000"
 707 02fa 08       		.byte	0x8
 708 02fb 2101     		.2byte	0x121
 709 02fd B9020000 		.4byte	0x2b9
 710 0301 08       		.byte	0x8
 711 0302 0E       		.uleb128 0xe
 712 0303 723700   		.ascii	"r7\000"
 713 0306 08       		.byte	0x8
 714 0307 2201     		.2byte	0x122
 715 0309 B9020000 		.4byte	0x2b9
 716 030d 0C       		.byte	0xc
 717 030e 0E       		.uleb128 0xe
 718 030f 723800   		.ascii	"r8\000"
 719 0312 08       		.byte	0x8
 720 0313 2301     		.2byte	0x123
 721 0315 B9020000 		.4byte	0x2b9
 722 0319 10       		.byte	0x10
 723 031a 0E       		.uleb128 0xe
 724 031b 723900   		.ascii	"r9\000"
 725 031e 08       		.byte	0x8
 726 031f 2401     		.2byte	0x124
 727 0321 B9020000 		.4byte	0x2b9
 728 0325 14       		.byte	0x14
 729 0326 0E       		.uleb128 0xe
 730 0327 72313000 		.ascii	"r10\000"
 731 032b 08       		.byte	0x8
 732 032c 2501     		.2byte	0x125
 733 032e B9020000 		.4byte	0x2b9
 734 0332 18       		.byte	0x18
 735 0333 0E       		.uleb128 0xe
 736 0334 72313100 		.ascii	"r11\000"
 737 0338 08       		.byte	0x8
 738 0339 2601     		.2byte	0x126
 739 033b B9020000 		.4byte	0x2b9
 740 033f 1C       		.byte	0x1c
 741 0340 0E       		.uleb128 0xe
ARM GAS  /tmp/ccc4q77M.s 			page 14


 742 0341 6C7200   		.ascii	"lr\000"
 743 0344 08       		.byte	0x8
 744 0345 2701     		.2byte	0x127
 745 0347 B9020000 		.4byte	0x2b9
 746 034b 20       		.byte	0x20
 747 034c 00       		.byte	0
 748 034d 0D       		.uleb128 0xd
 749 034e 35010000 		.4byte	.LASF57
 750 0352 04       		.byte	0x4
 751 0353 08       		.byte	0x8
 752 0354 3101     		.2byte	0x131
 753 0356 68030000 		.4byte	0x368
 754 035a 0E       		.uleb128 0xe
 755 035b 72313300 		.ascii	"r13\000"
 756 035f 08       		.byte	0x8
 757 0360 3201     		.2byte	0x132
 758 0362 68030000 		.4byte	0x368
 759 0366 00       		.byte	0
 760 0367 00       		.byte	0
 761 0368 0B       		.uleb128 0xb
 762 0369 04       		.byte	0x4
 763 036a D1020000 		.4byte	0x2d1
 764 036e 04       		.uleb128 0x4
 765 036f 04       		.byte	0x4
 766 0370 07       		.byte	0x7
 767 0371 A6010000 		.4byte	.LASF58
 768 0375 0F       		.uleb128 0xf
 769 0376 17010000 		.4byte	0x117
 770 037a 05       		.uleb128 0x5
 771 037b 80010000 		.4byte	.LASF59
 772 037f 10       		.byte	0x10
 773 0380 09       		.byte	0x9
 774 0381 2C       		.byte	0x2c
 775 0382 AB030000 		.4byte	0x3ab
 776 0386 08       		.uleb128 0x8
 777 0387 A5000000 		.4byte	.LASF60
 778 038b 09       		.byte	0x9
 779 038c 2D       		.byte	0x2d
 780 038d 8A020000 		.4byte	0x28a
 781 0391 00       		.byte	0
 782 0392 08       		.uleb128 0x8
 783 0393 56040000 		.4byte	.LASF61
 784 0397 09       		.byte	0x9
 785 0398 2F       		.byte	0x2f
 786 0399 84020000 		.4byte	0x284
 787 039d 08       		.byte	0x8
 788 039e 08       		.uleb128 0x8
 789 039f 0F030000 		.4byte	.LASF62
 790 03a3 09       		.byte	0x9
 791 03a4 31       		.byte	0x31
 792 03a5 AB030000 		.4byte	0x3ab
 793 03a9 0C       		.byte	0xc
 794 03aa 00       		.byte	0
 795 03ab 0B       		.uleb128 0xb
 796 03ac 04       		.byte	0x4
 797 03ad 7A030000 		.4byte	0x37a
 798 03b1 03       		.uleb128 0x3
ARM GAS  /tmp/ccc4q77M.s 			page 15


 799 03b2 80010000 		.4byte	.LASF59
 800 03b6 09       		.byte	0x9
 801 03b7 33       		.byte	0x33
 802 03b8 7A030000 		.4byte	0x37a
 803 03bc 03       		.uleb128 0x3
 804 03bd 27000000 		.4byte	.LASF63
 805 03c1 0A       		.byte	0xa
 806 03c2 2C       		.byte	0x2c
 807 03c3 C7030000 		.4byte	0x3c7
 808 03c7 0B       		.uleb128 0xb
 809 03c8 04       		.byte	0x4
 810 03c9 CD030000 		.4byte	0x3cd
 811 03cd 10       		.uleb128 0x10
 812 03ce C4020000 		.4byte	0x2c4
 813 03d2 DC030000 		.4byte	0x3dc
 814 03d6 11       		.uleb128 0x11
 815 03d7 2C000000 		.4byte	0x2c
 816 03db 00       		.byte	0
 817 03dc 03       		.uleb128 0x3
 818 03dd D2010000 		.4byte	.LASF64
 819 03e1 0B       		.byte	0xb
 820 03e2 34       		.byte	0x34
 821 03e3 E7030000 		.4byte	0x3e7
 822 03e7 05       		.uleb128 0x5
 823 03e8 6E040000 		.4byte	.LASF65
 824 03ec 20       		.byte	0x20
 825 03ed 0B       		.byte	0xb
 826 03ee 47       		.byte	0x47
 827 03ef 18040000 		.4byte	0x418
 828 03f3 08       		.uleb128 0x8
 829 03f4 6B020000 		.4byte	.LASF66
 830 03f8 0B       		.byte	0xb
 831 03f9 48       		.byte	0x48
 832 03fa BC030000 		.4byte	0x3bc
 833 03fe 00       		.byte	0
 834 03ff 08       		.uleb128 0x8
 835 0400 64000000 		.4byte	.LASF67
 836 0404 0B       		.byte	0xb
 837 0405 4A       		.byte	0x4a
 838 0406 18040000 		.4byte	0x418
 839 040a 08       		.byte	0x8
 840 040b 08       		.uleb128 0x8
 841 040c 97000000 		.4byte	.LASF68
 842 0410 0B       		.byte	0xb
 843 0411 4C       		.byte	0x4c
 844 0412 B1030000 		.4byte	0x3b1
 845 0416 10       		.byte	0x10
 846 0417 00       		.byte	0
 847 0418 12       		.uleb128 0x12
 848 0419 9C020000 		.4byte	.LASF90
 849 041d 08       		.byte	0x8
 850 041e 0B       		.byte	0xb
 851 041f 39       		.byte	0x39
 852 0420 77040000 		.4byte	0x477
 853 0424 13       		.uleb128 0x13
 854 0425 08       		.byte	0x8
 855 0426 0B       		.byte	0xb
ARM GAS  /tmp/ccc4q77M.s 			page 16


 856 0427 3B       		.byte	0x3b
 857 0428 62040000 		.4byte	0x462
 858 042c 06       		.uleb128 0x6
 859 042d 04       		.byte	0x4
 860 042e 0B       		.byte	0xb
 861 042f 3C       		.byte	0x3c
 862 0430 4B040000 		.4byte	0x44b
 863 0434 07       		.uleb128 0x7
 864 0435 71000000 		.4byte	.LASF69
 865 0439 0B       		.byte	0xb
 866 043a 3D       		.byte	0x3d
 867 043b 77040000 		.4byte	0x477
 868 043f 07       		.uleb128 0x7
 869 0440 05030000 		.4byte	.LASF70
 870 0444 0B       		.byte	0xb
 871 0445 3E       		.byte	0x3e
 872 0446 7D040000 		.4byte	0x47d
 873 044a 00       		.byte	0
 874 044b 09       		.uleb128 0x9
 875 044c 7500     		.ascii	"u\000"
 876 044e 0B       		.byte	0xb
 877 044f 3F       		.byte	0x3f
 878 0450 2C040000 		.4byte	0x42c
 879 0454 00       		.byte	0
 880 0455 08       		.uleb128 0x8
 881 0456 3D010000 		.4byte	.LASF71
 882 045a 0B       		.byte	0xb
 883 045b 40       		.byte	0x40
 884 045c 2C000000 		.4byte	0x2c
 885 0460 04       		.byte	0x4
 886 0461 00       		.byte	0
 887 0462 07       		.uleb128 0x7
 888 0463 EF000000 		.4byte	.LASF72
 889 0467 0B       		.byte	0xb
 890 0468 3A       		.byte	0x3a
 891 0469 C6020000 		.4byte	0x2c6
 892 046d 14       		.uleb128 0x14
 893 046e 6800     		.ascii	"h\000"
 894 0470 0B       		.byte	0xb
 895 0471 41       		.byte	0x41
 896 0472 24040000 		.4byte	0x424
 897 0476 00       		.byte	0
 898 0477 0B       		.uleb128 0xb
 899 0478 04       		.byte	0x4
 900 0479 18040000 		.4byte	0x418
 901 047d 0B       		.uleb128 0xb
 902 047e 04       		.byte	0x4
 903 047f DC030000 		.4byte	0x3dc
 904 0483 0B       		.uleb128 0xb
 905 0484 04       		.byte	0x4
 906 0485 2D010000 		.4byte	0x12d
 907 0489 0B       		.uleb128 0xb
 908 048a 04       		.byte	0x4
 909 048b 8F040000 		.4byte	0x48f
 910 048f 15       		.uleb128 0x15
 911 0490 94040000 		.4byte	0x494
 912 0494 04       		.uleb128 0x4
ARM GAS  /tmp/ccc4q77M.s 			page 17


 913 0495 01       		.byte	0x1
 914 0496 08       		.byte	0x8
 915 0497 0A030000 		.4byte	.LASF73
 916 049b 0B       		.uleb128 0xb
 917 049c 04       		.byte	0x4
 918 049d C6020000 		.4byte	0x2c6
 919 04a1 0B       		.uleb128 0xb
 920 04a2 04       		.byte	0x4
 921 04a3 B1030000 		.4byte	0x3b1
 922 04a7 16       		.uleb128 0x16
 923 04a8 49040000 		.4byte	.LASF74
 924 04ac 01       		.byte	0x1
 925 04ad 05       		.byte	0x5
 926 04ae CD000000 		.4byte	.LASF75
 927 04b2 C4020000 		.4byte	0x2c4
 928 04b6 00000000 		.4byte	.LFB7
 929 04ba 24000000 		.4byte	.LFE7-.LFB7
 930 04be 01       		.uleb128 0x1
 931 04bf 9C       		.byte	0x9c
 932 04c0 D3040000 		.4byte	0x4d3
 933 04c4 17       		.uleb128 0x17
 934 04c5 3D010000 		.4byte	.LASF71
 935 04c9 01       		.byte	0x1
 936 04ca 05       		.byte	0x5
 937 04cb 2C000000 		.4byte	0x2c
 938 04cf 02       		.uleb128 0x2
 939 04d0 91       		.byte	0x91
 940 04d1 74       		.sleb128 -12
 941 04d2 00       		.byte	0
 942 04d3 16       		.uleb128 0x16
 943 04d4 49040000 		.4byte	.LASF74
 944 04d8 01       		.byte	0x1
 945 04d9 0B       		.byte	0xb
 946 04da 2A020000 		.4byte	.LASF76
 947 04de C4020000 		.4byte	0x2c4
 948 04e2 24000000 		.4byte	.LFB8
 949 04e6 26000000 		.4byte	.LFE8-.LFB8
 950 04ea 01       		.uleb128 0x1
 951 04eb 9C       		.byte	0x9c
 952 04ec 0D050000 		.4byte	0x50d
 953 04f0 17       		.uleb128 0x17
 954 04f1 3D010000 		.4byte	.LASF71
 955 04f5 01       		.byte	0x1
 956 04f6 0B       		.byte	0xb
 957 04f7 2C000000 		.4byte	0x2c
 958 04fb 02       		.uleb128 0x2
 959 04fc 91       		.byte	0x91
 960 04fd 74       		.sleb128 -12
 961 04fe 17       		.uleb128 0x17
 962 04ff 6B000000 		.4byte	.LASF77
 963 0503 01       		.byte	0x1
 964 0504 0B       		.byte	0xb
 965 0505 7D040000 		.4byte	0x47d
 966 0509 02       		.uleb128 0x2
 967 050a 91       		.byte	0x91
 968 050b 70       		.sleb128 -16
 969 050c 00       		.byte	0
ARM GAS  /tmp/ccc4q77M.s 			page 18


 970 050d 16       		.uleb128 0x16
 971 050e 4B000000 		.4byte	.LASF78
 972 0512 01       		.byte	0x1
 973 0513 11       		.byte	0x11
 974 0514 1D010000 		.4byte	.LASF79
 975 0518 C4020000 		.4byte	0x2c4
 976 051c 4C000000 		.4byte	.LFB9
 977 0520 24000000 		.4byte	.LFE9-.LFB9
 978 0524 01       		.uleb128 0x1
 979 0525 9C       		.byte	0x9c
 980 0526 39050000 		.4byte	0x539
 981 052a 17       		.uleb128 0x17
 982 052b 3D010000 		.4byte	.LASF71
 983 052f 01       		.byte	0x1
 984 0530 11       		.byte	0x11
 985 0531 2C000000 		.4byte	0x2c
 986 0535 02       		.uleb128 0x2
 987 0536 91       		.byte	0x91
 988 0537 74       		.sleb128 -12
 989 0538 00       		.byte	0
 990 0539 16       		.uleb128 0x16
 991 053a 4B000000 		.4byte	.LASF78
 992 053e 01       		.byte	0x1
 993 053f 17       		.byte	0x17
 994 0540 F1020000 		.4byte	.LASF80
 995 0544 C4020000 		.4byte	0x2c4
 996 0548 70000000 		.4byte	.LFB10
 997 054c 26000000 		.4byte	.LFE10-.LFB10
 998 0550 01       		.uleb128 0x1
 999 0551 9C       		.byte	0x9c
 1000 0552 73050000 		.4byte	0x573
 1001 0556 17       		.uleb128 0x17
 1002 0557 3D010000 		.4byte	.LASF71
 1003 055b 01       		.byte	0x1
 1004 055c 17       		.byte	0x17
 1005 055d 2C000000 		.4byte	0x2c
 1006 0561 02       		.uleb128 0x2
 1007 0562 91       		.byte	0x91
 1008 0563 74       		.sleb128 -12
 1009 0564 17       		.uleb128 0x17
 1010 0565 6B000000 		.4byte	.LASF77
 1011 0569 01       		.byte	0x1
 1012 056a 17       		.byte	0x17
 1013 056b 7D040000 		.4byte	0x47d
 1014 056f 02       		.uleb128 0x2
 1015 0570 91       		.byte	0x91
 1016 0571 70       		.sleb128 -16
 1017 0572 00       		.byte	0
 1018 0573 18       		.uleb128 0x18
 1019 0574 0D010000 		.4byte	.LASF82
 1020 0578 01       		.byte	0x1
 1021 0579 1D       		.byte	0x1d
 1022 057a B6010000 		.4byte	.LASF83
 1023 057e 98000000 		.4byte	.LFB11
 1024 0582 18000000 		.4byte	.LFE11-.LFB11
 1025 0586 01       		.uleb128 0x1
 1026 0587 9C       		.byte	0x9c
ARM GAS  /tmp/ccc4q77M.s 			page 19


 1027 0588 9B050000 		.4byte	0x59b
 1028 058c 17       		.uleb128 0x17
 1029 058d BE020000 		.4byte	.LASF81
 1030 0591 01       		.byte	0x1
 1031 0592 1D       		.byte	0x1d
 1032 0593 C4020000 		.4byte	0x2c4
 1033 0597 02       		.uleb128 0x2
 1034 0598 91       		.byte	0x91
 1035 0599 74       		.sleb128 -12
 1036 059a 00       		.byte	0
 1037 059b 18       		.uleb128 0x18
 1038 059c 0D010000 		.4byte	.LASF82
 1039 05a0 01       		.byte	0x1
 1040 05a1 25       		.byte	0x25
 1041 05a2 34040000 		.4byte	.LASF84
 1042 05a6 B0000000 		.4byte	.LFB12
 1043 05aa 1A000000 		.4byte	.LFE12-.LFB12
 1044 05ae 01       		.uleb128 0x1
 1045 05af 9C       		.byte	0x9c
 1046 05b0 D1050000 		.4byte	0x5d1
 1047 05b4 17       		.uleb128 0x17
 1048 05b5 BE020000 		.4byte	.LASF81
 1049 05b9 01       		.byte	0x1
 1050 05ba 25       		.byte	0x25
 1051 05bb C4020000 		.4byte	0x2c4
 1052 05bf 02       		.uleb128 0x2
 1053 05c0 91       		.byte	0x91
 1054 05c1 74       		.sleb128 -12
 1055 05c2 17       		.uleb128 0x17
 1056 05c3 6B000000 		.4byte	.LASF77
 1057 05c7 01       		.byte	0x1
 1058 05c8 25       		.byte	0x25
 1059 05c9 7D040000 		.4byte	0x47d
 1060 05cd 02       		.uleb128 0x2
 1061 05ce 91       		.byte	0x91
 1062 05cf 70       		.sleb128 -16
 1063 05d0 00       		.byte	0
 1064 05d1 18       		.uleb128 0x18
 1065 05d2 C3020000 		.4byte	.LASF85
 1066 05d6 01       		.byte	0x1
 1067 05d7 2E       		.byte	0x2e
 1068 05d8 AF010000 		.4byte	.LASF86
 1069 05dc CC000000 		.4byte	.LFB13
 1070 05e0 18000000 		.4byte	.LFE13-.LFB13
 1071 05e4 01       		.uleb128 0x1
 1072 05e5 9C       		.byte	0x9c
 1073 05e6 F9050000 		.4byte	0x5f9
 1074 05ea 17       		.uleb128 0x17
 1075 05eb BE020000 		.4byte	.LASF81
 1076 05ef 01       		.byte	0x1
 1077 05f0 2E       		.byte	0x2e
 1078 05f1 C4020000 		.4byte	0x2c4
 1079 05f5 02       		.uleb128 0x2
 1080 05f6 91       		.byte	0x91
 1081 05f7 74       		.sleb128 -12
 1082 05f8 00       		.byte	0
 1083 05f9 19       		.uleb128 0x19
ARM GAS  /tmp/ccc4q77M.s 			page 20


 1084 05fa C3020000 		.4byte	.LASF85
 1085 05fe 01       		.byte	0x1
 1086 05ff 36       		.byte	0x36
 1087 0600 91010000 		.4byte	.LASF91
 1088 0604 E4000000 		.4byte	.LFB14
 1089 0608 1A000000 		.4byte	.LFE14-.LFB14
 1090 060c 01       		.uleb128 0x1
 1091 060d 9C       		.byte	0x9c
 1092 060e 17       		.uleb128 0x17
 1093 060f BE020000 		.4byte	.LASF81
 1094 0613 01       		.byte	0x1
 1095 0614 36       		.byte	0x36
 1096 0615 C4020000 		.4byte	0x2c4
 1097 0619 02       		.uleb128 0x2
 1098 061a 91       		.byte	0x91
 1099 061b 74       		.sleb128 -12
 1100 061c 17       		.uleb128 0x17
 1101 061d 6B000000 		.4byte	.LASF77
 1102 0621 01       		.byte	0x1
 1103 0622 36       		.byte	0x36
 1104 0623 7D040000 		.4byte	0x47d
 1105 0627 02       		.uleb128 0x2
 1106 0628 91       		.byte	0x91
 1107 0629 70       		.sleb128 -16
 1108 062a 00       		.byte	0
 1109 062b 00       		.byte	0
 1110              		.section	.debug_abbrev,"",%progbits
 1111              	.Ldebug_abbrev0:
 1112 0000 01       		.uleb128 0x1
 1113 0001 11       		.uleb128 0x11
 1114 0002 01       		.byte	0x1
 1115 0003 25       		.uleb128 0x25
 1116 0004 0E       		.uleb128 0xe
 1117 0005 13       		.uleb128 0x13
 1118 0006 0B       		.uleb128 0xb
 1119 0007 03       		.uleb128 0x3
 1120 0008 0E       		.uleb128 0xe
 1121 0009 1B       		.uleb128 0x1b
 1122 000a 0E       		.uleb128 0xe
 1123 000b 11       		.uleb128 0x11
 1124 000c 01       		.uleb128 0x1
 1125 000d 12       		.uleb128 0x12
 1126 000e 06       		.uleb128 0x6
 1127 000f 10       		.uleb128 0x10
 1128 0010 17       		.uleb128 0x17
 1129 0011 00       		.byte	0
 1130 0012 00       		.byte	0
 1131 0013 02       		.uleb128 0x2
 1132 0014 24       		.uleb128 0x24
 1133 0015 00       		.byte	0
 1134 0016 0B       		.uleb128 0xb
 1135 0017 0B       		.uleb128 0xb
 1136 0018 3E       		.uleb128 0x3e
 1137 0019 0B       		.uleb128 0xb
 1138 001a 03       		.uleb128 0x3
 1139 001b 08       		.uleb128 0x8
 1140 001c 00       		.byte	0
ARM GAS  /tmp/ccc4q77M.s 			page 21


 1141 001d 00       		.byte	0
 1142 001e 03       		.uleb128 0x3
 1143 001f 16       		.uleb128 0x16
 1144 0020 00       		.byte	0
 1145 0021 03       		.uleb128 0x3
 1146 0022 0E       		.uleb128 0xe
 1147 0023 3A       		.uleb128 0x3a
 1148 0024 0B       		.uleb128 0xb
 1149 0025 3B       		.uleb128 0x3b
 1150 0026 0B       		.uleb128 0xb
 1151 0027 49       		.uleb128 0x49
 1152 0028 13       		.uleb128 0x13
 1153 0029 00       		.byte	0
 1154 002a 00       		.byte	0
 1155 002b 04       		.uleb128 0x4
 1156 002c 24       		.uleb128 0x24
 1157 002d 00       		.byte	0
 1158 002e 0B       		.uleb128 0xb
 1159 002f 0B       		.uleb128 0xb
 1160 0030 3E       		.uleb128 0x3e
 1161 0031 0B       		.uleb128 0xb
 1162 0032 03       		.uleb128 0x3
 1163 0033 0E       		.uleb128 0xe
 1164 0034 00       		.byte	0
 1165 0035 00       		.byte	0
 1166 0036 05       		.uleb128 0x5
 1167 0037 13       		.uleb128 0x13
 1168 0038 01       		.byte	0x1
 1169 0039 03       		.uleb128 0x3
 1170 003a 0E       		.uleb128 0xe
 1171 003b 0B       		.uleb128 0xb
 1172 003c 0B       		.uleb128 0xb
 1173 003d 3A       		.uleb128 0x3a
 1174 003e 0B       		.uleb128 0xb
 1175 003f 3B       		.uleb128 0x3b
 1176 0040 0B       		.uleb128 0xb
 1177 0041 01       		.uleb128 0x1
 1178 0042 13       		.uleb128 0x13
 1179 0043 00       		.byte	0
 1180 0044 00       		.byte	0
 1181 0045 06       		.uleb128 0x6
 1182 0046 17       		.uleb128 0x17
 1183 0047 01       		.byte	0x1
 1184 0048 0B       		.uleb128 0xb
 1185 0049 0B       		.uleb128 0xb
 1186 004a 3A       		.uleb128 0x3a
 1187 004b 0B       		.uleb128 0xb
 1188 004c 3B       		.uleb128 0x3b
 1189 004d 0B       		.uleb128 0xb
 1190 004e 01       		.uleb128 0x1
 1191 004f 13       		.uleb128 0x13
 1192 0050 00       		.byte	0
 1193 0051 00       		.byte	0
 1194 0052 07       		.uleb128 0x7
 1195 0053 0D       		.uleb128 0xd
 1196 0054 00       		.byte	0
 1197 0055 03       		.uleb128 0x3
ARM GAS  /tmp/ccc4q77M.s 			page 22


 1198 0056 0E       		.uleb128 0xe
 1199 0057 3A       		.uleb128 0x3a
 1200 0058 0B       		.uleb128 0xb
 1201 0059 3B       		.uleb128 0x3b
 1202 005a 0B       		.uleb128 0xb
 1203 005b 49       		.uleb128 0x49
 1204 005c 13       		.uleb128 0x13
 1205 005d 00       		.byte	0
 1206 005e 00       		.byte	0
 1207 005f 08       		.uleb128 0x8
 1208 0060 0D       		.uleb128 0xd
 1209 0061 00       		.byte	0
 1210 0062 03       		.uleb128 0x3
 1211 0063 0E       		.uleb128 0xe
 1212 0064 3A       		.uleb128 0x3a
 1213 0065 0B       		.uleb128 0xb
 1214 0066 3B       		.uleb128 0x3b
 1215 0067 0B       		.uleb128 0xb
 1216 0068 49       		.uleb128 0x49
 1217 0069 13       		.uleb128 0x13
 1218 006a 38       		.uleb128 0x38
 1219 006b 0B       		.uleb128 0xb
 1220 006c 00       		.byte	0
 1221 006d 00       		.byte	0
 1222 006e 09       		.uleb128 0x9
 1223 006f 0D       		.uleb128 0xd
 1224 0070 00       		.byte	0
 1225 0071 03       		.uleb128 0x3
 1226 0072 08       		.uleb128 0x8
 1227 0073 3A       		.uleb128 0x3a
 1228 0074 0B       		.uleb128 0xb
 1229 0075 3B       		.uleb128 0x3b
 1230 0076 0B       		.uleb128 0xb
 1231 0077 49       		.uleb128 0x49
 1232 0078 13       		.uleb128 0x13
 1233 0079 38       		.uleb128 0x38
 1234 007a 0B       		.uleb128 0xb
 1235 007b 00       		.byte	0
 1236 007c 00       		.byte	0
 1237 007d 0A       		.uleb128 0xa
 1238 007e 13       		.uleb128 0x13
 1239 007f 01       		.byte	0x1
 1240 0080 0B       		.uleb128 0xb
 1241 0081 0B       		.uleb128 0xb
 1242 0082 3A       		.uleb128 0x3a
 1243 0083 0B       		.uleb128 0xb
 1244 0084 3B       		.uleb128 0x3b
 1245 0085 0B       		.uleb128 0xb
 1246 0086 6E       		.uleb128 0x6e
 1247 0087 0E       		.uleb128 0xe
 1248 0088 01       		.uleb128 0x1
 1249 0089 13       		.uleb128 0x13
 1250 008a 00       		.byte	0
 1251 008b 00       		.byte	0
 1252 008c 0B       		.uleb128 0xb
 1253 008d 0F       		.uleb128 0xf
 1254 008e 00       		.byte	0
ARM GAS  /tmp/ccc4q77M.s 			page 23


 1255 008f 0B       		.uleb128 0xb
 1256 0090 0B       		.uleb128 0xb
 1257 0091 49       		.uleb128 0x49
 1258 0092 13       		.uleb128 0x13
 1259 0093 00       		.byte	0
 1260 0094 00       		.byte	0
 1261 0095 0C       		.uleb128 0xc
 1262 0096 0F       		.uleb128 0xf
 1263 0097 00       		.byte	0
 1264 0098 0B       		.uleb128 0xb
 1265 0099 0B       		.uleb128 0xb
 1266 009a 00       		.byte	0
 1267 009b 00       		.byte	0
 1268 009c 0D       		.uleb128 0xd
 1269 009d 13       		.uleb128 0x13
 1270 009e 01       		.byte	0x1
 1271 009f 03       		.uleb128 0x3
 1272 00a0 0E       		.uleb128 0xe
 1273 00a1 0B       		.uleb128 0xb
 1274 00a2 0B       		.uleb128 0xb
 1275 00a3 3A       		.uleb128 0x3a
 1276 00a4 0B       		.uleb128 0xb
 1277 00a5 3B       		.uleb128 0x3b
 1278 00a6 05       		.uleb128 0x5
 1279 00a7 01       		.uleb128 0x1
 1280 00a8 13       		.uleb128 0x13
 1281 00a9 00       		.byte	0
 1282 00aa 00       		.byte	0
 1283 00ab 0E       		.uleb128 0xe
 1284 00ac 0D       		.uleb128 0xd
 1285 00ad 00       		.byte	0
 1286 00ae 03       		.uleb128 0x3
 1287 00af 08       		.uleb128 0x8
 1288 00b0 3A       		.uleb128 0x3a
 1289 00b1 0B       		.uleb128 0xb
 1290 00b2 3B       		.uleb128 0x3b
 1291 00b3 05       		.uleb128 0x5
 1292 00b4 49       		.uleb128 0x49
 1293 00b5 13       		.uleb128 0x13
 1294 00b6 38       		.uleb128 0x38
 1295 00b7 0B       		.uleb128 0xb
 1296 00b8 00       		.byte	0
 1297 00b9 00       		.byte	0
 1298 00ba 0F       		.uleb128 0xf
 1299 00bb 35       		.uleb128 0x35
 1300 00bc 00       		.byte	0
 1301 00bd 49       		.uleb128 0x49
 1302 00be 13       		.uleb128 0x13
 1303 00bf 00       		.byte	0
 1304 00c0 00       		.byte	0
 1305 00c1 10       		.uleb128 0x10
 1306 00c2 15       		.uleb128 0x15
 1307 00c3 01       		.byte	0x1
 1308 00c4 49       		.uleb128 0x49
 1309 00c5 13       		.uleb128 0x13
 1310 00c6 01       		.uleb128 0x1
 1311 00c7 13       		.uleb128 0x13
ARM GAS  /tmp/ccc4q77M.s 			page 24


 1312 00c8 00       		.byte	0
 1313 00c9 00       		.byte	0
 1314 00ca 11       		.uleb128 0x11
 1315 00cb 05       		.uleb128 0x5
 1316 00cc 00       		.byte	0
 1317 00cd 49       		.uleb128 0x49
 1318 00ce 13       		.uleb128 0x13
 1319 00cf 00       		.byte	0
 1320 00d0 00       		.byte	0
 1321 00d1 12       		.uleb128 0x12
 1322 00d2 17       		.uleb128 0x17
 1323 00d3 01       		.byte	0x1
 1324 00d4 03       		.uleb128 0x3
 1325 00d5 0E       		.uleb128 0xe
 1326 00d6 0B       		.uleb128 0xb
 1327 00d7 0B       		.uleb128 0xb
 1328 00d8 3A       		.uleb128 0x3a
 1329 00d9 0B       		.uleb128 0xb
 1330 00da 3B       		.uleb128 0x3b
 1331 00db 0B       		.uleb128 0xb
 1332 00dc 01       		.uleb128 0x1
 1333 00dd 13       		.uleb128 0x13
 1334 00de 00       		.byte	0
 1335 00df 00       		.byte	0
 1336 00e0 13       		.uleb128 0x13
 1337 00e1 13       		.uleb128 0x13
 1338 00e2 01       		.byte	0x1
 1339 00e3 0B       		.uleb128 0xb
 1340 00e4 0B       		.uleb128 0xb
 1341 00e5 3A       		.uleb128 0x3a
 1342 00e6 0B       		.uleb128 0xb
 1343 00e7 3B       		.uleb128 0x3b
 1344 00e8 0B       		.uleb128 0xb
 1345 00e9 01       		.uleb128 0x1
 1346 00ea 13       		.uleb128 0x13
 1347 00eb 00       		.byte	0
 1348 00ec 00       		.byte	0
 1349 00ed 14       		.uleb128 0x14
 1350 00ee 0D       		.uleb128 0xd
 1351 00ef 00       		.byte	0
 1352 00f0 03       		.uleb128 0x3
 1353 00f1 08       		.uleb128 0x8
 1354 00f2 3A       		.uleb128 0x3a
 1355 00f3 0B       		.uleb128 0xb
 1356 00f4 3B       		.uleb128 0x3b
 1357 00f5 0B       		.uleb128 0xb
 1358 00f6 49       		.uleb128 0x49
 1359 00f7 13       		.uleb128 0x13
 1360 00f8 00       		.byte	0
 1361 00f9 00       		.byte	0
 1362 00fa 15       		.uleb128 0x15
 1363 00fb 26       		.uleb128 0x26
 1364 00fc 00       		.byte	0
 1365 00fd 49       		.uleb128 0x49
 1366 00fe 13       		.uleb128 0x13
 1367 00ff 00       		.byte	0
 1368 0100 00       		.byte	0
ARM GAS  /tmp/ccc4q77M.s 			page 25


 1369 0101 16       		.uleb128 0x16
 1370 0102 2E       		.uleb128 0x2e
 1371 0103 01       		.byte	0x1
 1372 0104 3F       		.uleb128 0x3f
 1373 0105 19       		.uleb128 0x19
 1374 0106 03       		.uleb128 0x3
 1375 0107 0E       		.uleb128 0xe
 1376 0108 3A       		.uleb128 0x3a
 1377 0109 0B       		.uleb128 0xb
 1378 010a 3B       		.uleb128 0x3b
 1379 010b 0B       		.uleb128 0xb
 1380 010c 6E       		.uleb128 0x6e
 1381 010d 0E       		.uleb128 0xe
 1382 010e 49       		.uleb128 0x49
 1383 010f 13       		.uleb128 0x13
 1384 0110 11       		.uleb128 0x11
 1385 0111 01       		.uleb128 0x1
 1386 0112 12       		.uleb128 0x12
 1387 0113 06       		.uleb128 0x6
 1388 0114 40       		.uleb128 0x40
 1389 0115 18       		.uleb128 0x18
 1390 0116 9642     		.uleb128 0x2116
 1391 0118 19       		.uleb128 0x19
 1392 0119 01       		.uleb128 0x1
 1393 011a 13       		.uleb128 0x13
 1394 011b 00       		.byte	0
 1395 011c 00       		.byte	0
 1396 011d 17       		.uleb128 0x17
 1397 011e 05       		.uleb128 0x5
 1398 011f 00       		.byte	0
 1399 0120 03       		.uleb128 0x3
 1400 0121 0E       		.uleb128 0xe
 1401 0122 3A       		.uleb128 0x3a
 1402 0123 0B       		.uleb128 0xb
 1403 0124 3B       		.uleb128 0x3b
 1404 0125 0B       		.uleb128 0xb
 1405 0126 49       		.uleb128 0x49
 1406 0127 13       		.uleb128 0x13
 1407 0128 02       		.uleb128 0x2
 1408 0129 18       		.uleb128 0x18
 1409 012a 00       		.byte	0
 1410 012b 00       		.byte	0
 1411 012c 18       		.uleb128 0x18
 1412 012d 2E       		.uleb128 0x2e
 1413 012e 01       		.byte	0x1
 1414 012f 3F       		.uleb128 0x3f
 1415 0130 19       		.uleb128 0x19
 1416 0131 03       		.uleb128 0x3
 1417 0132 0E       		.uleb128 0xe
 1418 0133 3A       		.uleb128 0x3a
 1419 0134 0B       		.uleb128 0xb
 1420 0135 3B       		.uleb128 0x3b
 1421 0136 0B       		.uleb128 0xb
 1422 0137 6E       		.uleb128 0x6e
 1423 0138 0E       		.uleb128 0xe
 1424 0139 11       		.uleb128 0x11
 1425 013a 01       		.uleb128 0x1
ARM GAS  /tmp/ccc4q77M.s 			page 26


 1426 013b 12       		.uleb128 0x12
 1427 013c 06       		.uleb128 0x6
 1428 013d 40       		.uleb128 0x40
 1429 013e 18       		.uleb128 0x18
 1430 013f 9642     		.uleb128 0x2116
 1431 0141 19       		.uleb128 0x19
 1432 0142 01       		.uleb128 0x1
 1433 0143 13       		.uleb128 0x13
 1434 0144 00       		.byte	0
 1435 0145 00       		.byte	0
 1436 0146 19       		.uleb128 0x19
 1437 0147 2E       		.uleb128 0x2e
 1438 0148 01       		.byte	0x1
 1439 0149 3F       		.uleb128 0x3f
 1440 014a 19       		.uleb128 0x19
 1441 014b 03       		.uleb128 0x3
 1442 014c 0E       		.uleb128 0xe
 1443 014d 3A       		.uleb128 0x3a
 1444 014e 0B       		.uleb128 0xb
 1445 014f 3B       		.uleb128 0x3b
 1446 0150 0B       		.uleb128 0xb
 1447 0151 6E       		.uleb128 0x6e
 1448 0152 0E       		.uleb128 0xe
 1449 0153 11       		.uleb128 0x11
 1450 0154 01       		.uleb128 0x1
 1451 0155 12       		.uleb128 0x12
 1452 0156 06       		.uleb128 0x6
 1453 0157 40       		.uleb128 0x40
 1454 0158 18       		.uleb128 0x18
 1455 0159 9642     		.uleb128 0x2116
 1456 015b 19       		.uleb128 0x19
 1457 015c 00       		.byte	0
 1458 015d 00       		.byte	0
 1459 015e 00       		.byte	0
 1460              		.section	.debug_aranges,"",%progbits
 1461 0000 1C000000 		.4byte	0x1c
 1462 0004 0200     		.2byte	0x2
 1463 0006 00000000 		.4byte	.Ldebug_info0
 1464 000a 04       		.byte	0x4
 1465 000b 00       		.byte	0
 1466 000c 0000     		.2byte	0
 1467 000e 0000     		.2byte	0
 1468 0010 00000000 		.4byte	.Ltext0
 1469 0014 FE000000 		.4byte	.Letext0-.Ltext0
 1470 0018 00000000 		.4byte	0
 1471 001c 00000000 		.4byte	0
 1472              		.section	.debug_line,"",%progbits
 1473              	.Ldebug_line0:
 1474 0000 67020000 		.section	.debug_str,"MS",%progbits,1
 1474      0200E501 
 1474      00000201 
 1474      FB0E0D00 
 1474      01010101 
 1475              	.LASF45:
 1476 0000 705F6D73 		.ascii	"p_msg\000"
 1476      6700
 1477              	.LASF2:
ARM GAS  /tmp/ccc4q77M.s 			page 27


 1478 0006 73697A65 		.ascii	"size_t\000"
 1478      5F7400
 1479              	.LASF27:
 1480 000d 7264796D 		.ascii	"rdymsg\000"
 1480      736700
 1481              	.LASF17:
 1482 0014 75696E74 		.ascii	"uint64_t\000"
 1482      36345F74 
 1482      00
 1483              	.LASF3:
 1484 001d 5F5F7569 		.ascii	"__uint8_t\000"
 1484      6E74385F 
 1484      7400
 1485              	.LASF63:
 1486 0027 6D656D67 		.ascii	"memgetfunc_t\000"
 1486      65746675 
 1486      6E635F74 
 1486      00
 1487              	.LASF13:
 1488 0034 6C6F6E67 		.ascii	"long long unsigned int\000"
 1488      206C6F6E 
 1488      6720756E 
 1488      7369676E 
 1488      65642069 
 1489              	.LASF78:
 1490 004b 6F706572 		.ascii	"operator new []\000"
 1490      61746F72 
 1490      206E6577 
 1490      205B5D00 
 1491              	.LASF28:
 1492 005b 65786974 		.ascii	"exitcode\000"
 1492      636F6465 
 1492      00
 1493              	.LASF67:
 1494 0064 685F6672 		.ascii	"h_free\000"
 1494      656500
 1495              	.LASF77:
 1496 006b 68656170 		.ascii	"heapp\000"
 1496      7000
 1497              	.LASF69:
 1498 0071 6E657874 		.ascii	"next\000"
 1498      00
 1499              	.LASF33:
 1500 0076 705F7072 		.ascii	"p_prio\000"
 1500      696F00
 1501              	.LASF11:
 1502 007d 6C6F6E67 		.ascii	"long long int\000"
 1502      206C6F6E 
 1502      6720696E 
 1502      7400
 1503              	.LASF1:
 1504 008b 7369676E 		.ascii	"signed char\000"
 1504      65642063 
 1504      68617200 
 1505              	.LASF68:
 1506 0097 685F6D74 		.ascii	"h_mtx\000"
 1506      7800
ARM GAS  /tmp/ccc4q77M.s 			page 28


 1507              	.LASF49:
 1508 009d 705F6D70 		.ascii	"p_mpool\000"
 1508      6F6F6C00 
 1509              	.LASF60:
 1510 00a5 6D5F7175 		.ascii	"m_queue\000"
 1510      65756500 
 1511              	.LASF52:
 1512 00ad 31315468 		.ascii	"11ThreadsList\000"
 1512      72656164 
 1512      734C6973 
 1512      7400
 1513              	.LASF8:
 1514 00bb 6C6F6E67 		.ascii	"long int\000"
 1514      20696E74 
 1514      00
 1515              	.LASF20:
 1516 00c4 74737461 		.ascii	"tstate_t\000"
 1516      74655F74 
 1516      00
 1517              	.LASF75:
 1518 00cd 5F5A6E77 		.ascii	"_Znwj\000"
 1518      6A00
 1519              	.LASF35:
 1520 00d3 705F6E65 		.ascii	"p_newer\000"
 1520      77657200 
 1521              	.LASF9:
 1522 00db 5F5F7569 		.ascii	"__uint32_t\000"
 1522      6E743332 
 1522      5F7400
 1523              	.LASF54:
 1524 00e6 72656761 		.ascii	"regarm_t\000"
 1524      726D5F74 
 1524      00
 1525              	.LASF72:
 1526 00ef 616C6967 		.ascii	"align\000"
 1526      6E00
 1527              	.LASF38:
 1528 00f5 705F7374 		.ascii	"p_stklimit\000"
 1528      6B6C696D 
 1528      697400
 1529              	.LASF0:
 1530 0100 756E7369 		.ascii	"unsigned int\000"
 1530      676E6564 
 1530      20696E74 
 1530      00
 1531              	.LASF82:
 1532 010d 6F706572 		.ascii	"operator delete\000"
 1532      61746F72 
 1532      2064656C 
 1532      65746500 
 1533              	.LASF79:
 1534 011d 5F5A6E61 		.ascii	"_Znaj\000"
 1534      6A00
 1535              	.LASF10:
 1536 0123 6C6F6E67 		.ascii	"long unsigned int\000"
 1536      20756E73 
 1536      69676E65 
ARM GAS  /tmp/ccc4q77M.s 			page 29


 1536      6420696E 
 1536      7400
 1537              	.LASF57:
 1538 0135 636F6E74 		.ascii	"context\000"
 1538      65787400 
 1539              	.LASF71:
 1540 013d 73697A65 		.ascii	"size\000"
 1540      00
 1541              	.LASF6:
 1542 0142 73686F72 		.ascii	"short unsigned int\000"
 1542      7420756E 
 1542      7369676E 
 1542      65642069 
 1542      6E7400
 1543              	.LASF23:
 1544 0155 6D73675F 		.ascii	"msg_t\000"
 1544      7400
 1545              	.LASF19:
 1546 015b 746D6F64 		.ascii	"tmode_t\000"
 1546      655F7400 
 1547              	.LASF18:
 1548 0163 626F6F6C 		.ascii	"bool\000"
 1548      00
 1549              	.LASF53:
 1550 0168 54687265 		.ascii	"ThreadsList\000"
 1550      6164734C 
 1550      69737400 
 1551              	.LASF24:
 1552 0174 6576656E 		.ascii	"eventmask_t\000"
 1552      746D6173 
 1552      6B5F7400 
 1553              	.LASF59:
 1554 0180 4D757465 		.ascii	"Mutex\000"
 1554      7800
 1555              	.LASF55:
 1556 0186 73746B61 		.ascii	"stkalign_t\000"
 1556      6C69676E 
 1556      5F7400
 1557              	.LASF91:
 1558 0191 5F5A6461 		.ascii	"_ZdaPvP11memory_heap\000"
 1558      50765031 
 1558      316D656D 
 1558      6F72795F 
 1558      68656170 
 1559              	.LASF58:
 1560 01a6 73697A65 		.ascii	"sizetype\000"
 1560      74797065 
 1560      00
 1561              	.LASF86:
 1562 01af 5F5A6461 		.ascii	"_ZdaPv\000"
 1562      507600
 1563              	.LASF83:
 1564 01b6 5F5A646C 		.ascii	"_ZdlPv\000"
 1564      507600
 1565              	.LASF36:
 1566 01bd 705F6F6C 		.ascii	"p_older\000"
 1566      64657200 
ARM GAS  /tmp/ccc4q77M.s 			page 30


 1567              	.LASF50:
 1568 01c5 54687265 		.ascii	"ThreadsQueue\000"
 1568      61647351 
 1568      75657565 
 1568      00
 1569              	.LASF64:
 1570 01d2 4D656D6F 		.ascii	"MemoryHeap\000"
 1570      72794865 
 1570      617000
 1571              	.LASF51:
 1572 01dd 31325468 		.ascii	"12ThreadsQueue\000"
 1572      72656164 
 1572      73517565 
 1572      756500
 1573              	.LASF12:
 1574 01ec 5F5F7569 		.ascii	"__uint64_t\000"
 1574      6E743634 
 1574      5F7400
 1575              	.LASF89:
 1576 01f7 2F686F6D 		.ascii	"/home/tino/workspace/openrobots/Middleware_v2-new/\000"
 1576      652F7469 
 1576      6E6F2F77 
 1576      6F726B73 
 1576      70616365 
 1577              	.LASF76:
 1578 022a 5F5A6E77 		.ascii	"_ZnwjP11memory_heap\000"
 1578      6A503131 
 1578      6D656D6F 
 1578      72795F68 
 1578      65617000 
 1579              	.LASF21:
 1580 023e 74726566 		.ascii	"trefs_t\000"
 1580      735F7400 
 1581              	.LASF32:
 1582 0246 705F7072 		.ascii	"p_prev\000"
 1582      657600
 1583              	.LASF22:
 1584 024d 74707269 		.ascii	"tprio_t\000"
 1584      6F5F7400 
 1585              	.LASF15:
 1586 0255 696E7433 		.ascii	"int32_t\000"
 1586      325F7400 
 1587              	.LASF4:
 1588 025d 756E7369 		.ascii	"unsigned char\000"
 1588      676E6564 
 1588      20636861 
 1588      7200
 1589              	.LASF66:
 1590 026b 685F7072 		.ascii	"h_provider\000"
 1590      6F766964 
 1590      657200
 1591              	.LASF88:
 1592 0276 63686E65 		.ascii	"chnew.cpp\000"
 1592      772E6370 
 1592      7000
 1593              	.LASF47:
 1594 0280 705F6D74 		.ascii	"p_mtxlist\000"
ARM GAS  /tmp/ccc4q77M.s 			page 31


 1594      786C6973 
 1594      7400
 1595              	.LASF5:
 1596 028a 73686F72 		.ascii	"short int\000"
 1596      7420696E 
 1596      7400
 1597              	.LASF39:
 1598 0294 705F7374 		.ascii	"p_state\000"
 1598      61746500 
 1599              	.LASF90:
 1600 029c 68656170 		.ascii	"heap_header\000"
 1600      5F686561 
 1600      64657200 
 1601              	.LASF30:
 1602 02a8 65776D61 		.ascii	"ewmask\000"
 1602      736B00
 1603              	.LASF31:
 1604 02af 705F6E65 		.ascii	"p_next\000"
 1604      787400
 1605              	.LASF40:
 1606 02b6 705F666C 		.ascii	"p_flags\000"
 1606      61677300 
 1607              	.LASF81:
 1608 02be 6F626A70 		.ascii	"objp\000"
 1608      00
 1609              	.LASF85:
 1610 02c3 6F706572 		.ascii	"operator delete []\000"
 1610      61746F72 
 1610      2064656C 
 1610      65746520 
 1610      5B5D00
 1611              	.LASF26:
 1612 02d6 54687265 		.ascii	"Thread\000"
 1612      616400
 1613              	.LASF46:
 1614 02dd 705F6570 		.ascii	"p_epending\000"
 1614      656E6469 
 1614      6E6700
 1615              	.LASF16:
 1616 02e8 75696E74 		.ascii	"uint32_t\000"
 1616      33325F74 
 1616      00
 1617              	.LASF80:
 1618 02f1 5F5A6E61 		.ascii	"_ZnajP11memory_heap\000"
 1618      6A503131 
 1618      6D656D6F 
 1618      72795F68 
 1618      65617000 
 1619              	.LASF70:
 1620 0305 68656170 		.ascii	"heap\000"
 1620      00
 1621              	.LASF73:
 1622 030a 63686172 		.ascii	"char\000"
 1622      00
 1623              	.LASF62:
 1624 030f 6D5F6E65 		.ascii	"m_next\000"
 1624      787400
ARM GAS  /tmp/ccc4q77M.s 			page 32


 1625              	.LASF25:
 1626 0316 73797374 		.ascii	"systime_t\000"
 1626      696D655F 
 1626      7400
 1627              	.LASF48:
 1628 0320 705F7265 		.ascii	"p_realprio\000"
 1628      616C7072 
 1628      696F00
 1629              	.LASF7:
 1630 032b 5F5F696E 		.ascii	"__int32_t\000"
 1630      7433325F 
 1630      7400
 1631              	.LASF42:
 1632 0335 705F7469 		.ascii	"p_time\000"
 1632      6D6500
 1633              	.LASF56:
 1634 033c 696E7463 		.ascii	"intctx\000"
 1634      747800
 1635              	.LASF44:
 1636 0343 705F6D73 		.ascii	"p_msgqueue\000"
 1636      67717565 
 1636      756500
 1637              	.LASF87:
 1638 034e 474E5520 		.ascii	"GNU C++ 4.9.3 20141119 (release) [ARM/embedded-4_9-"
 1638      432B2B20 
 1638      342E392E 
 1638      33203230 
 1638      31343131 
 1639 0381 6272616E 		.ascii	"branch revision 218278] -mcpu=cortex-m4 -mno-thumb-"
 1639      63682072 
 1639      65766973 
 1639      696F6E20 
 1639      32313832 
 1640 03b4 696E7465 		.ascii	"interwork -mthumb -ggdb -O0 -fomit-frame-pointer -f"
 1640      72776F72 
 1640      6B202D6D 
 1640      7468756D 
 1640      62202D67 
 1641 03e7 6E6F2D72 		.ascii	"no-rtti -fno-exceptions -fno-threadsafe-statics\000"
 1641      74746920 
 1641      2D666E6F 
 1641      2D657863 
 1641      65707469 
 1642              	.LASF41:
 1643 0417 705F7265 		.ascii	"p_refs\000"
 1643      667300
 1644              	.LASF14:
 1645 041e 75696E74 		.ascii	"uint8_t\000"
 1645      385F7400 
 1646              	.LASF29:
 1647 0426 77746F62 		.ascii	"wtobjp\000"
 1647      6A7000
 1648              	.LASF37:
 1649 042d 705F6E61 		.ascii	"p_name\000"
 1649      6D6500
 1650              	.LASF84:
 1651 0434 5F5A646C 		.ascii	"_ZdlPvP11memory_heap\000"
ARM GAS  /tmp/ccc4q77M.s 			page 33


 1651      50765031 
 1651      316D656D 
 1651      6F72795F 
 1651      68656170 
 1652              	.LASF74:
 1653 0449 6F706572 		.ascii	"operator new\000"
 1653      61746F72 
 1653      206E6577 
 1653      00
 1654              	.LASF61:
 1655 0456 6D5F6F77 		.ascii	"m_owner\000"
 1655      6E657200 
 1656              	.LASF34:
 1657 045e 705F6374 		.ascii	"p_ctx\000"
 1657      7800
 1658              	.LASF43:
 1659 0464 705F7761 		.ascii	"p_waiting\000"
 1659      6974696E 
 1659      6700
 1660              	.LASF65:
 1661 046e 6D656D6F 		.ascii	"memory_heap\000"
 1661      72795F68 
 1661      65617000 
 1662              		.ident	"GCC: (GNU Tools for ARM Embedded Processors) 4.9.3 20141119 (release) [ARM/embedded-4_9-br
ARM GAS  /tmp/ccc4q77M.s 			page 34


DEFINED SYMBOLS
                            *ABS*:00000000 chnew.cpp
     /tmp/ccc4q77M.s:18     .text:00000000 $t
     /tmp/ccc4q77M.s:23     .text:00000000 _Znwj
     /tmp/ccc4q77M.s:66     .text:00000024 _ZnwjP11memory_heap
     /tmp/ccc4q77M.s:109    .text:0000004c _Znaj
     /tmp/ccc4q77M.s:151    .text:00000070 _ZnajP11memory_heap
     /tmp/ccc4q77M.s:194    .text:00000098 _ZdlPv
     /tmp/ccc4q77M.s:227    .text:000000b0 _ZdlPvP11memory_heap
     /tmp/ccc4q77M.s:261    .text:000000cc _ZdaPv
     /tmp/ccc4q77M.s:294    .text:000000e4 _ZdaPvP11memory_heap
                     .debug_frame:00000010 $d

UNDEFINED SYMBOLS
chHeapAlloc
chHeapFree
