ARM GAS  /tmp/cckmiftk.s 			page 1


   1              		.syntax unified
   2              		.cpu cortex-m4
   3              		.fpu softvfp
   4              		.eabi_attribute 20, 1
   5              		.eabi_attribute 21, 1
   6              		.eabi_attribute 23, 3
   7              		.eabi_attribute 24, 1
   8              		.eabi_attribute 25, 1
   9              		.eabi_attribute 26, 1
  10              		.eabi_attribute 30, 6
  11              		.eabi_attribute 34, 1
  12              		.eabi_attribute 18, 4
  13              		.thumb
  14              		.file	"chprintf.c"
  15              		.text
  16              	.Ltext0:
  17              		.cfi_sections	.debug_frame
  18              		.align	2
  19              		.thumb
  20              		.thumb_func
  21              		.type	long_to_string_with_divisor, %function
  22              	long_to_string_with_divisor:
  23              	.LFB8:
  24              		.file 1 "/opt/R2P/core/ChibiOS_2.6.5/os/various/chprintf.c"
  25              		.loc 1 40 0
  26              		.cfi_startproc
  27              		@ args = 0, pretend = 0, frame = 32
  28              		@ frame_needed = 0, uses_anonymous_args = 0
  29              		@ link register save eliminated.
  30 0000 88B0     		sub	sp, sp, #32
  31              		.cfi_def_cfa_offset 32
  32 0002 0390     		str	r0, [sp, #12]
  33 0004 0291     		str	r1, [sp, #8]
  34 0006 0192     		str	r2, [sp, #4]
  35 0008 0093     		str	r3, [sp]
  36              		.loc 1 45 0
  37 000a 029B     		ldr	r3, [sp, #8]
  38 000c 0593     		str	r3, [sp, #20]
  39              		.loc 1 46 0
  40 000e 009B     		ldr	r3, [sp]
  41 0010 002B     		cmp	r3, #0
  42 0012 02D1     		bne	.L2
  43              		.loc 1 47 0
  44 0014 029B     		ldr	r3, [sp, #8]
  45 0016 0493     		str	r3, [sp, #16]
  46 0018 01E0     		b	.L3
  47              	.L2:
  48              		.loc 1 49 0
  49 001a 009B     		ldr	r3, [sp]
  50 001c 0493     		str	r3, [sp, #16]
  51              	.L3:
  52              		.loc 1 52 0
  53 001e 039B     		ldr	r3, [sp, #12]
  54 0020 0B33     		adds	r3, r3, #11
  55 0022 0693     		str	r3, [sp, #24]
  56              	.L5:
  57              		.loc 1 54 0
ARM GAS  /tmp/cckmiftk.s 			page 2


  58 0024 059B     		ldr	r3, [sp, #20]
  59 0026 019A     		ldr	r2, [sp, #4]
  60 0028 B3FBF2F2 		udiv	r2, r3, r2
  61 002c 0199     		ldr	r1, [sp, #4]
  62 002e 01FB02F2 		mul	r2, r1, r2
  63 0032 9B1A     		subs	r3, r3, r2
  64 0034 0793     		str	r3, [sp, #28]
  65              		.loc 1 55 0
  66 0036 079B     		ldr	r3, [sp, #28]
  67 0038 3033     		adds	r3, r3, #48
  68 003a 0793     		str	r3, [sp, #28]
  69              		.loc 1 56 0
  70 003c 079B     		ldr	r3, [sp, #28]
  71 003e 392B     		cmp	r3, #57
  72 0040 02DD     		ble	.L4
  73              		.loc 1 57 0
  74 0042 079B     		ldr	r3, [sp, #28]
  75 0044 0733     		adds	r3, r3, #7
  76 0046 0793     		str	r3, [sp, #28]
  77              	.L4:
  78              		.loc 1 58 0
  79 0048 069B     		ldr	r3, [sp, #24]
  80 004a 013B     		subs	r3, r3, #1
  81 004c 0693     		str	r3, [sp, #24]
  82 004e 079B     		ldr	r3, [sp, #28]
  83 0050 DAB2     		uxtb	r2, r3
  84 0052 069B     		ldr	r3, [sp, #24]
  85 0054 1A70     		strb	r2, [r3]
  86              		.loc 1 59 0
  87 0056 059A     		ldr	r2, [sp, #20]
  88 0058 019B     		ldr	r3, [sp, #4]
  89 005a B2FBF3F3 		udiv	r3, r2, r3
  90 005e 0593     		str	r3, [sp, #20]
  91              		.loc 1 60 0
  92 0060 049A     		ldr	r2, [sp, #16]
  93 0062 019B     		ldr	r3, [sp, #4]
  94 0064 B2FBF3F3 		udiv	r3, r2, r3
  95 0068 0493     		str	r3, [sp, #16]
  96 006a 049B     		ldr	r3, [sp, #16]
  97 006c 002B     		cmp	r3, #0
  98 006e D9D1     		bne	.L5
  99              		.loc 1 62 0
 100 0070 039B     		ldr	r3, [sp, #12]
 101 0072 0B33     		adds	r3, r3, #11
 102 0074 1A46     		mov	r2, r3
 103 0076 069B     		ldr	r3, [sp, #24]
 104 0078 D31A     		subs	r3, r2, r3
 105 007a 0793     		str	r3, [sp, #28]
 106              	.L6:
 107              		.loc 1 64 0 discriminator 1
 108 007c 039B     		ldr	r3, [sp, #12]
 109 007e 5A1C     		adds	r2, r3, #1
 110 0080 0392     		str	r2, [sp, #12]
 111 0082 069A     		ldr	r2, [sp, #24]
 112 0084 511C     		adds	r1, r2, #1
 113 0086 0691     		str	r1, [sp, #24]
 114 0088 1278     		ldrb	r2, [r2]	@ zero_extendqisi2
ARM GAS  /tmp/cckmiftk.s 			page 3


 115 008a 1A70     		strb	r2, [r3]
 116              		.loc 1 65 0 discriminator 1
 117 008c 079B     		ldr	r3, [sp, #28]
 118 008e 013B     		subs	r3, r3, #1
 119 0090 0793     		str	r3, [sp, #28]
 120 0092 079B     		ldr	r3, [sp, #28]
 121 0094 002B     		cmp	r3, #0
 122 0096 F1D1     		bne	.L6
 123              		.loc 1 67 0
 124 0098 039B     		ldr	r3, [sp, #12]
 125              		.loc 1 68 0
 126 009a 1846     		mov	r0, r3
 127 009c 08B0     		add	sp, sp, #32
 128              		.cfi_def_cfa_offset 0
 129              		@ sp needed
 130 009e 7047     		bx	lr
 131              		.cfi_endproc
 132              	.LFE8:
 133              		.size	long_to_string_with_divisor, .-long_to_string_with_divisor
 134              		.align	2
 135              		.thumb
 136              		.thumb_func
 137              		.type	ltoa, %function
 138              	ltoa:
 139              	.LFB9:
 140              		.loc 1 70 0
 141              		.cfi_startproc
 142              		@ args = 0, pretend = 0, frame = 16
 143              		@ frame_needed = 0, uses_anonymous_args = 0
 144 00a0 00B5     		push	{lr}
 145              		.cfi_def_cfa_offset 4
 146              		.cfi_offset 14, -4
 147 00a2 85B0     		sub	sp, sp, #20
 148              		.cfi_def_cfa_offset 24
 149 00a4 0390     		str	r0, [sp, #12]
 150 00a6 0291     		str	r1, [sp, #8]
 151 00a8 0192     		str	r2, [sp, #4]
 152              		.loc 1 72 0
 153 00aa 0398     		ldr	r0, [sp, #12]
 154 00ac 0299     		ldr	r1, [sp, #8]
 155 00ae 019A     		ldr	r2, [sp, #4]
 156 00b0 0023     		movs	r3, #0
 157 00b2 FFF7A5FF 		bl	long_to_string_with_divisor
 158 00b6 0346     		mov	r3, r0
 159              		.loc 1 73 0
 160 00b8 1846     		mov	r0, r3
 161 00ba 05B0     		add	sp, sp, #20
 162              		.cfi_def_cfa_offset 4
 163              		@ sp needed
 164 00bc 5DF804FB 		ldr	pc, [sp], #4
 165              		.cfi_endproc
 166              	.LFE9:
 167              		.size	ltoa, .-ltoa
 168              		.global	__aeabi_d2iz
 169              		.global	__aeabi_i2d
 170              		.global	__aeabi_dsub
 171              		.global	__aeabi_ui2d
ARM GAS  /tmp/cckmiftk.s 			page 4


 172              		.global	__aeabi_dmul
 173              		.align	2
 174              		.thumb
 175              		.thumb_func
 176              		.type	ftoa, %function
 177              	ftoa:
 178              	.LFB10:
 179              		.loc 1 76 0
 180              		.cfi_startproc
 181              		@ args = 0, pretend = 0, frame = 24
 182              		@ frame_needed = 0, uses_anonymous_args = 0
 183 00c0 30B5     		push	{r4, r5, lr}
 184              		.cfi_def_cfa_offset 12
 185              		.cfi_offset 4, -12
 186              		.cfi_offset 5, -8
 187              		.cfi_offset 14, -4
 188 00c2 87B0     		sub	sp, sp, #28
 189              		.cfi_def_cfa_offset 40
 190 00c4 0390     		str	r0, [sp, #12]
 191 00c6 CDE90023 		strd	r2, [sp]
 192              		.loc 1 78 0
 193 00ca 204B     		ldr	r3, .L12
 194 00cc 0593     		str	r3, [sp, #20]
 195              		.loc 1 80 0
 196 00ce DDE90001 		ldrd	r0, [sp]
 197 00d2 FFF7FEFF 		bl	__aeabi_d2iz
 198 00d6 0346     		mov	r3, r0
 199 00d8 0493     		str	r3, [sp, #16]
 200              		.loc 1 81 0
 201 00da 0398     		ldr	r0, [sp, #12]
 202 00dc 0499     		ldr	r1, [sp, #16]
 203 00de 0A22     		movs	r2, #10
 204 00e0 0023     		movs	r3, #0
 205 00e2 FFF78DFF 		bl	long_to_string_with_divisor
 206 00e6 0390     		str	r0, [sp, #12]
 207              		.loc 1 82 0
 208 00e8 039B     		ldr	r3, [sp, #12]
 209 00ea 5A1C     		adds	r2, r3, #1
 210 00ec 0392     		str	r2, [sp, #12]
 211 00ee 2E22     		movs	r2, #46
 212 00f0 1A70     		strb	r2, [r3]
 213              		.loc 1 83 0
 214 00f2 0498     		ldr	r0, [sp, #16]
 215 00f4 FFF7FEFF 		bl	__aeabi_i2d
 216 00f8 0246     		mov	r2, r0
 217 00fa 0B46     		mov	r3, r1
 218 00fc DDE90001 		ldrd	r0, [sp]
 219 0100 FFF7FEFF 		bl	__aeabi_dsub
 220 0104 0246     		mov	r2, r0
 221 0106 0B46     		mov	r3, r1
 222 0108 1446     		mov	r4, r2
 223 010a 1D46     		mov	r5, r3
 224 010c 0598     		ldr	r0, [sp, #20]
 225 010e FFF7FEFF 		bl	__aeabi_ui2d
 226 0112 0246     		mov	r2, r0
 227 0114 0B46     		mov	r3, r1
 228 0116 2046     		mov	r0, r4
ARM GAS  /tmp/cckmiftk.s 			page 5


 229 0118 2946     		mov	r1, r5
 230 011a FFF7FEFF 		bl	__aeabi_dmul
 231 011e 0246     		mov	r2, r0
 232 0120 0B46     		mov	r3, r1
 233 0122 1046     		mov	r0, r2
 234 0124 1946     		mov	r1, r3
 235 0126 FFF7FEFF 		bl	__aeabi_d2iz
 236 012a 0346     		mov	r3, r0
 237 012c 0493     		str	r3, [sp, #16]
 238              		.loc 1 84 0
 239 012e 059B     		ldr	r3, [sp, #20]
 240 0130 074A     		ldr	r2, .L12+4
 241 0132 A2FB0323 		umull	r2, r3, r2, r3
 242 0136 DB08     		lsrs	r3, r3, #3
 243 0138 0398     		ldr	r0, [sp, #12]
 244 013a 0499     		ldr	r1, [sp, #16]
 245 013c 0A22     		movs	r2, #10
 246 013e FFF75FFF 		bl	long_to_string_with_divisor
 247 0142 0346     		mov	r3, r0
 248              		.loc 1 85 0
 249 0144 1846     		mov	r0, r3
 250 0146 07B0     		add	sp, sp, #28
 251              		.cfi_def_cfa_offset 12
 252              		@ sp needed
 253 0148 30BD     		pop	{r4, r5, pc}
 254              	.L13:
 255 014a 00BF     		.align	2
 256              	.L12:
 257 014c A0860100 		.word	100000
 258 0150 CDCCCCCC 		.word	-858993459
 259              		.cfi_endproc
 260              	.LFE10:
 261              		.size	ftoa, .-ftoa
 262              		.section	.rodata
 263              		.align	2
 264              	.LC0:
 265 0000 286E756C 		.ascii	"(null)\000"
 265      6C2900
 266              		.global	__aeabi_d2f
 267              		.global	__aeabi_fcmplt
 268              		.global	__aeabi_f2d
 269 0007 00       		.text
 270              		.align	2
 271              		.global	chvprintf
 272              		.thumb
 273              		.thumb_func
 274              		.type	chvprintf, %function
 275              	chvprintf:
 276              	.LFB11:
 277              		.loc 1 112 0
 278              		.cfi_startproc
 279              		@ args = 0, pretend = 0, frame = 80
 280              		@ frame_needed = 0, uses_anonymous_args = 0
 281 0154 00B5     		push	{lr}
 282              		.cfi_def_cfa_offset 4
 283              		.cfi_offset 14, -4
 284 0156 95B0     		sub	sp, sp, #84
ARM GAS  /tmp/cckmiftk.s 			page 6


 285              		.cfi_def_cfa_offset 88
 286 0158 0390     		str	r0, [sp, #12]
 287 015a 0291     		str	r1, [sp, #8]
 288 015c 0192     		str	r2, [sp, #4]
 289              	.L69:
 290              		.loc 1 125 0
 291 015e 029B     		ldr	r3, [sp, #8]
 292 0160 5A1C     		adds	r2, r3, #1
 293 0162 0292     		str	r2, [sp, #8]
 294 0164 1B78     		ldrb	r3, [r3]
 295 0166 8DF84730 		strb	r3, [sp, #71]
 296              		.loc 1 126 0
 297 016a 9DF84730 		ldrb	r3, [sp, #71]	@ zero_extendqisi2
 298 016e 002B     		cmp	r3, #0
 299 0170 00D1     		bne	.L15
 300              		.loc 1 127 0
 301 0172 2FE2     		b	.L72
 302              	.L15:
 303              		.loc 1 128 0
 304 0174 9DF84730 		ldrb	r3, [sp, #71]	@ zero_extendqisi2
 305 0178 252B     		cmp	r3, #37
 306 017a 08D0     		beq	.L17
 307              		.loc 1 129 0
 308 017c 039B     		ldr	r3, [sp, #12]
 309 017e 1B68     		ldr	r3, [r3]
 310 0180 9B68     		ldr	r3, [r3, #8]
 311 0182 9DF84720 		ldrb	r2, [sp, #71]	@ zero_extendqisi2
 312 0186 0398     		ldr	r0, [sp, #12]
 313 0188 1146     		mov	r1, r2
 314 018a 9847     		blx	r3
 315              		.loc 1 130 0
 316 018c 21E2     		b	.L18
 317              	.L17:
 318              		.loc 1 132 0
 319 018e 05AB     		add	r3, sp, #20
 320 0190 1393     		str	r3, [sp, #76]
 321              		.loc 1 133 0
 322 0192 05AB     		add	r3, sp, #20
 323 0194 1293     		str	r3, [sp, #72]
 324              		.loc 1 134 0
 325 0196 0023     		movs	r3, #0
 326 0198 8DF83630 		strb	r3, [sp, #54]
 327              		.loc 1 135 0
 328 019c 029B     		ldr	r3, [sp, #8]
 329 019e 1B78     		ldrb	r3, [r3]	@ zero_extendqisi2
 330 01a0 2D2B     		cmp	r3, #45
 331 01a2 05D1     		bne	.L19
 332              		.loc 1 136 0
 333 01a4 029B     		ldr	r3, [sp, #8]
 334 01a6 0133     		adds	r3, r3, #1
 335 01a8 0293     		str	r3, [sp, #8]
 336              		.loc 1 137 0
 337 01aa 0123     		movs	r3, #1
 338 01ac 8DF83630 		strb	r3, [sp, #54]
 339              	.L19:
 340              		.loc 1 139 0
 341 01b0 2023     		movs	r3, #32
ARM GAS  /tmp/cckmiftk.s 			page 7


 342 01b2 8DF84630 		strb	r3, [sp, #70]
 343              		.loc 1 140 0
 344 01b6 029B     		ldr	r3, [sp, #8]
 345 01b8 1B78     		ldrb	r3, [r3]	@ zero_extendqisi2
 346 01ba 2E2B     		cmp	r3, #46
 347 01bc 03D0     		beq	.L20
 348              		.loc 1 140 0 is_stmt 0 discriminator 1
 349 01be 029B     		ldr	r3, [sp, #8]
 350 01c0 1B78     		ldrb	r3, [r3]	@ zero_extendqisi2
 351 01c2 302B     		cmp	r3, #48
 352 01c4 05D1     		bne	.L21
 353              	.L20:
 354              		.loc 1 141 0 is_stmt 1
 355 01c6 029B     		ldr	r3, [sp, #8]
 356 01c8 0133     		adds	r3, r3, #1
 357 01ca 0293     		str	r3, [sp, #8]
 358              		.loc 1 142 0
 359 01cc 3023     		movs	r3, #48
 360 01ce 8DF84630 		strb	r3, [sp, #70]
 361              	.L21:
 362              		.loc 1 144 0
 363 01d2 0023     		movs	r3, #0
 364 01d4 0E93     		str	r3, [sp, #56]
 365              	.L26:
 366              		.loc 1 146 0
 367 01d6 029B     		ldr	r3, [sp, #8]
 368 01d8 5A1C     		adds	r2, r3, #1
 369 01da 0292     		str	r2, [sp, #8]
 370 01dc 1B78     		ldrb	r3, [r3]
 371 01de 8DF84730 		strb	r3, [sp, #71]
 372              		.loc 1 147 0
 373 01e2 9DF84730 		ldrb	r3, [sp, #71]	@ zero_extendqisi2
 374 01e6 2F2B     		cmp	r3, #47
 375 01e8 09D9     		bls	.L22
 376              		.loc 1 147 0 is_stmt 0 discriminator 1
 377 01ea 9DF84730 		ldrb	r3, [sp, #71]	@ zero_extendqisi2
 378 01ee 392B     		cmp	r3, #57
 379 01f0 05D8     		bhi	.L22
 380              		.loc 1 148 0 is_stmt 1
 381 01f2 9DF84730 		ldrb	r3, [sp, #71]
 382 01f6 303B     		subs	r3, r3, #48
 383 01f8 8DF84730 		strb	r3, [sp, #71]
 384 01fc 12E0     		b	.L23
 385              	.L22:
 386              		.loc 1 149 0
 387 01fe 9DF84730 		ldrb	r3, [sp, #71]	@ zero_extendqisi2
 388 0202 2A2B     		cmp	r3, #42
 389 0204 06D1     		bne	.L24
 390              		.loc 1 150 0
 391 0206 019B     		ldr	r3, [sp, #4]
 392 0208 1A1D     		adds	r2, r3, #4
 393 020a 0192     		str	r2, [sp, #4]
 394 020c 1B68     		ldr	r3, [r3]
 395 020e 8DF84730 		strb	r3, [sp, #71]
 396 0212 07E0     		b	.L23
 397              	.L24:
 398              		.loc 1 152 0
ARM GAS  /tmp/cckmiftk.s 			page 8


 399 0214 00BF     		nop
 400              		.loc 1 155 0
 401 0216 0023     		movs	r3, #0
 402 0218 0F93     		str	r3, [sp, #60]
 403              		.loc 1 156 0
 404 021a 9DF84730 		ldrb	r3, [sp, #71]	@ zero_extendqisi2
 405 021e 2E2B     		cmp	r3, #46
 406 0220 37D1     		bne	.L27
 407 0222 0AE0     		b	.L31
 408              	.L23:
 409              		.loc 1 153 0
 410 0224 0E9A     		ldr	r2, [sp, #56]
 411 0226 1346     		mov	r3, r2
 412 0228 9B00     		lsls	r3, r3, #2
 413 022a 1344     		add	r3, r3, r2
 414 022c 5B00     		lsls	r3, r3, #1
 415 022e 1A46     		mov	r2, r3
 416 0230 9DF84730 		ldrb	r3, [sp, #71]	@ zero_extendqisi2
 417 0234 1344     		add	r3, r3, r2
 418 0236 0E93     		str	r3, [sp, #56]
 419              		.loc 1 154 0
 420 0238 CDE7     		b	.L26
 421              	.L31:
 422              		.loc 1 158 0
 423 023a 029B     		ldr	r3, [sp, #8]
 424 023c 5A1C     		adds	r2, r3, #1
 425 023e 0292     		str	r2, [sp, #8]
 426 0240 1B78     		ldrb	r3, [r3]
 427 0242 8DF84730 		strb	r3, [sp, #71]
 428              		.loc 1 159 0
 429 0246 9DF84730 		ldrb	r3, [sp, #71]	@ zero_extendqisi2
 430 024a 2F2B     		cmp	r3, #47
 431 024c 09D9     		bls	.L28
 432              		.loc 1 159 0 is_stmt 0 discriminator 1
 433 024e 9DF84730 		ldrb	r3, [sp, #71]	@ zero_extendqisi2
 434 0252 392B     		cmp	r3, #57
 435 0254 05D8     		bhi	.L28
 436              		.loc 1 160 0 is_stmt 1
 437 0256 9DF84730 		ldrb	r3, [sp, #71]
 438 025a 303B     		subs	r3, r3, #48
 439 025c 8DF84730 		strb	r3, [sp, #71]
 440 0260 0BE0     		b	.L29
 441              	.L28:
 442              		.loc 1 161 0
 443 0262 9DF84730 		ldrb	r3, [sp, #71]	@ zero_extendqisi2
 444 0266 2A2B     		cmp	r3, #42
 445 0268 06D1     		bne	.L30
 446              		.loc 1 162 0
 447 026a 019B     		ldr	r3, [sp, #4]
 448 026c 1A1D     		adds	r2, r3, #4
 449 026e 0192     		str	r2, [sp, #4]
 450 0270 1B68     		ldr	r3, [r3]
 451 0272 8DF84730 		strb	r3, [sp, #71]
 452 0276 00E0     		b	.L29
 453              	.L30:
 454              		.loc 1 164 0
 455 0278 0BE0     		b	.L27
ARM GAS  /tmp/cckmiftk.s 			page 9


 456              	.L29:
 457              		.loc 1 165 0
 458 027a 0F9A     		ldr	r2, [sp, #60]
 459 027c 1346     		mov	r3, r2
 460 027e 9B00     		lsls	r3, r3, #2
 461 0280 1344     		add	r3, r3, r2
 462 0282 5B00     		lsls	r3, r3, #1
 463 0284 0F93     		str	r3, [sp, #60]
 464              		.loc 1 166 0
 465 0286 9DF84730 		ldrb	r3, [sp, #71]	@ zero_extendqisi2
 466 028a 0F9A     		ldr	r2, [sp, #60]
 467 028c 1344     		add	r3, r3, r2
 468 028e 0F93     		str	r3, [sp, #60]
 469              		.loc 1 167 0
 470 0290 D3E7     		b	.L31
 471              	.L27:
 472              		.loc 1 170 0
 473 0292 9DF84730 		ldrb	r3, [sp, #71]	@ zero_extendqisi2
 474 0296 6C2B     		cmp	r3, #108
 475 0298 03D0     		beq	.L32
 476              		.loc 1 170 0 is_stmt 0 discriminator 1
 477 029a 9DF84730 		ldrb	r3, [sp, #71]	@ zero_extendqisi2
 478 029e 4C2B     		cmp	r3, #76
 479 02a0 0ED1     		bne	.L33
 480              	.L32:
 481              		.loc 1 171 0 is_stmt 1
 482 02a2 0123     		movs	r3, #1
 483 02a4 8DF83730 		strb	r3, [sp, #55]
 484              		.loc 1 172 0
 485 02a8 029B     		ldr	r3, [sp, #8]
 486 02aa 1B78     		ldrb	r3, [r3]	@ zero_extendqisi2
 487 02ac 002B     		cmp	r3, #0
 488 02ae 06D0     		beq	.L34
 489              		.loc 1 173 0
 490 02b0 029B     		ldr	r3, [sp, #8]
 491 02b2 5A1C     		adds	r2, r3, #1
 492 02b4 0292     		str	r2, [sp, #8]
 493 02b6 1B78     		ldrb	r3, [r3]
 494 02b8 8DF84730 		strb	r3, [sp, #71]
 495              		.loc 1 172 0
 496 02bc 13E0     		b	.L35
 497              	.L34:
 498 02be 12E0     		b	.L35
 499              	.L33:
 500              		.loc 1 176 0
 501 02c0 9DF84730 		ldrb	r3, [sp, #71]	@ zero_extendqisi2
 502 02c4 402B     		cmp	r3, #64
 503 02c6 05D9     		bls	.L36
 504              		.loc 1 176 0 is_stmt 0 discriminator 1
 505 02c8 9DF84730 		ldrb	r3, [sp, #71]	@ zero_extendqisi2
 506 02cc 5A2B     		cmp	r3, #90
 507 02ce 01D8     		bhi	.L36
 508              		.loc 1 176 0 discriminator 3
 509 02d0 0123     		movs	r3, #1
 510 02d2 00E0     		b	.L37
 511              	.L36:
 512              		.loc 1 176 0 discriminator 4
ARM GAS  /tmp/cckmiftk.s 			page 10


 513 02d4 0023     		movs	r3, #0
 514              	.L37:
 515              		.loc 1 176 0 discriminator 6
 516 02d6 8DF83730 		strb	r3, [sp, #55]
 517 02da 9DF83730 		ldrb	r3, [sp, #55]
 518 02de 03F00103 		and	r3, r3, #1
 519 02e2 8DF83730 		strb	r3, [sp, #55]
 520              	.L35:
 521              		.loc 1 179 0 is_stmt 1
 522 02e6 9DF84730 		ldrb	r3, [sp, #71]	@ zero_extendqisi2
 523 02ea 443B     		subs	r3, r3, #68
 524 02ec 342B     		cmp	r3, #52
 525 02ee 00F20C81 		bhi	.L38
 526 02f2 01A2     		adr	r2, .L40
 527 02f4 52F823F0 		ldr	pc, [r2, r3, lsl #2]
 528              		.p2align 2
 529              	.L40:
 530 02f8 2F040000 		.word	.L39+1
 531 02fc 0B050000 		.word	.L38+1
 532 0300 0B050000 		.word	.L38+1
 533 0304 0B050000 		.word	.L38+1
 534 0308 0B050000 		.word	.L38+1
 535 030c 2F040000 		.word	.L39+1
 536 0310 0B050000 		.word	.L38+1
 537 0314 0B050000 		.word	.L38+1
 538 0318 0B050000 		.word	.L38+1
 539 031c 0B050000 		.word	.L38+1
 540 0320 0B050000 		.word	.L38+1
 541 0324 D5040000 		.word	.L41+1
 542 0328 0B050000 		.word	.L38+1
 543 032c 0B050000 		.word	.L38+1
 544 0330 0B050000 		.word	.L38+1
 545 0334 0B050000 		.word	.L38+1
 546 0338 0B050000 		.word	.L38+1
 547 033c CD040000 		.word	.L42+1
 548 0340 0B050000 		.word	.L38+1
 549 0344 0B050000 		.word	.L38+1
 550 0348 C5040000 		.word	.L43+1
 551 034c 0B050000 		.word	.L38+1
 552 0350 0B050000 		.word	.L38+1
 553 0354 0B050000 		.word	.L38+1
 554 0358 0B050000 		.word	.L38+1
 555 035c 0B050000 		.word	.L38+1
 556 0360 0B050000 		.word	.L38+1
 557 0364 0B050000 		.word	.L38+1
 558 0368 0B050000 		.word	.L38+1
 559 036c 0B050000 		.word	.L38+1
 560 0370 0B050000 		.word	.L38+1
 561 0374 CD030000 		.word	.L44+1
 562 0378 2F040000 		.word	.L39+1
 563 037c 0B050000 		.word	.L38+1
 564 0380 71040000 		.word	.L45+1
 565 0384 0B050000 		.word	.L38+1
 566 0388 0B050000 		.word	.L38+1
 567 038c 2F040000 		.word	.L39+1
 568 0390 0B050000 		.word	.L38+1
 569 0394 0B050000 		.word	.L38+1
ARM GAS  /tmp/cckmiftk.s 			page 11


 570 0398 0B050000 		.word	.L38+1
 571 039c 0B050000 		.word	.L38+1
 572 03a0 0B050000 		.word	.L38+1
 573 03a4 D5040000 		.word	.L41+1
 574 03a8 0B050000 		.word	.L38+1
 575 03ac 0B050000 		.word	.L38+1
 576 03b0 0B050000 		.word	.L38+1
 577 03b4 E7030000 		.word	.L46+1
 578 03b8 0B050000 		.word	.L38+1
 579 03bc CD040000 		.word	.L42+1
 580 03c0 0B050000 		.word	.L38+1
 581 03c4 0B050000 		.word	.L38+1
 582 03c8 C5040000 		.word	.L43+1
 583              		.p2align 1
 584              	.L44:
 585              		.loc 1 181 0
 586 03cc 2023     		movs	r3, #32
 587 03ce 8DF84630 		strb	r3, [sp, #70]
 588              		.loc 1 182 0
 589 03d2 139B     		ldr	r3, [sp, #76]
 590 03d4 5A1C     		adds	r2, r3, #1
 591 03d6 1392     		str	r2, [sp, #76]
 592 03d8 019A     		ldr	r2, [sp, #4]
 593 03da 111D     		adds	r1, r2, #4
 594 03dc 0191     		str	r1, [sp, #4]
 595 03de 1268     		ldr	r2, [r2]
 596 03e0 D2B2     		uxtb	r2, r2
 597 03e2 1A70     		strb	r2, [r3]
 598              		.loc 1 183 0
 599 03e4 98E0     		b	.L47
 600              	.L46:
 601              		.loc 1 185 0
 602 03e6 2023     		movs	r3, #32
 603 03e8 8DF84630 		strb	r3, [sp, #70]
 604              		.loc 1 186 0
 605 03ec 019B     		ldr	r3, [sp, #4]
 606 03ee 1A1D     		adds	r2, r3, #4
 607 03f0 0192     		str	r2, [sp, #4]
 608 03f2 1B68     		ldr	r3, [r3]
 609 03f4 1293     		str	r3, [sp, #72]
 610 03f6 129B     		ldr	r3, [sp, #72]
 611 03f8 002B     		cmp	r3, #0
 612 03fa 01D1     		bne	.L48
 613              		.loc 1 187 0
 614 03fc 774B     		ldr	r3, .L73
 615 03fe 1293     		str	r3, [sp, #72]
 616              	.L48:
 617              		.loc 1 188 0
 618 0400 0F9B     		ldr	r3, [sp, #60]
 619 0402 002B     		cmp	r3, #0
 620 0404 02D1     		bne	.L49
 621              		.loc 1 189 0
 622 0406 47F6FF73 		movw	r3, #32767
 623 040a 0F93     		str	r3, [sp, #60]
 624              	.L49:
 625              		.loc 1 190 0
 626 040c 129B     		ldr	r3, [sp, #72]
ARM GAS  /tmp/cckmiftk.s 			page 12


 627 040e 1393     		str	r3, [sp, #76]
 628 0410 02E0     		b	.L50
 629              	.L52:
 630              		.loc 1 190 0 is_stmt 0 discriminator 4
 631 0412 139B     		ldr	r3, [sp, #76]
 632 0414 0133     		adds	r3, r3, #1
 633 0416 1393     		str	r3, [sp, #76]
 634              	.L50:
 635              		.loc 1 190 0 discriminator 1
 636 0418 139B     		ldr	r3, [sp, #76]
 637 041a 1B78     		ldrb	r3, [r3]	@ zero_extendqisi2
 638 041c 002B     		cmp	r3, #0
 639 041e 05D0     		beq	.L51
 640              		.loc 1 190 0 discriminator 3
 641 0420 0F9B     		ldr	r3, [sp, #60]
 642 0422 013B     		subs	r3, r3, #1
 643 0424 0F93     		str	r3, [sp, #60]
 644 0426 0F9B     		ldr	r3, [sp, #60]
 645 0428 002B     		cmp	r3, #0
 646 042a F2DA     		bge	.L52
 647              	.L51:
 648              		.loc 1 192 0 is_stmt 1
 649 042c 74E0     		b	.L47
 650              	.L39:
 651              		.loc 1 197 0
 652 042e 9DF83730 		ldrb	r3, [sp, #55]	@ zero_extendqisi2
 653 0432 002B     		cmp	r3, #0
 654 0434 05D0     		beq	.L53
 655              		.loc 1 198 0
 656 0436 019B     		ldr	r3, [sp, #4]
 657 0438 1A1D     		adds	r2, r3, #4
 658 043a 0192     		str	r2, [sp, #4]
 659 043c 1B68     		ldr	r3, [r3]
 660 043e 0C93     		str	r3, [sp, #48]
 661 0440 04E0     		b	.L54
 662              	.L53:
 663              		.loc 1 200 0
 664 0442 019B     		ldr	r3, [sp, #4]
 665 0444 1A1D     		adds	r2, r3, #4
 666 0446 0192     		str	r2, [sp, #4]
 667 0448 1B68     		ldr	r3, [r3]
 668 044a 0C93     		str	r3, [sp, #48]
 669              	.L54:
 670              		.loc 1 201 0
 671 044c 0C9B     		ldr	r3, [sp, #48]
 672 044e 002B     		cmp	r3, #0
 673 0450 07DA     		bge	.L55
 674              		.loc 1 202 0
 675 0452 139B     		ldr	r3, [sp, #76]
 676 0454 5A1C     		adds	r2, r3, #1
 677 0456 1392     		str	r2, [sp, #76]
 678 0458 2D22     		movs	r2, #45
 679 045a 1A70     		strb	r2, [r3]
 680              		.loc 1 203 0
 681 045c 0C9B     		ldr	r3, [sp, #48]
 682 045e 5B42     		negs	r3, r3
 683 0460 0C93     		str	r3, [sp, #48]
ARM GAS  /tmp/cckmiftk.s 			page 13


 684              	.L55:
 685              		.loc 1 205 0
 686 0462 1398     		ldr	r0, [sp, #76]
 687 0464 0C99     		ldr	r1, [sp, #48]
 688 0466 0A22     		movs	r2, #10
 689 0468 FFF71AFE 		bl	ltoa
 690 046c 1390     		str	r0, [sp, #76]
 691              		.loc 1 206 0
 692 046e 53E0     		b	.L47
 693              	.L45:
 694              		.loc 1 209 0
 695 0470 019B     		ldr	r3, [sp, #4]
 696 0472 0733     		adds	r3, r3, #7
 697 0474 23F00703 		bic	r3, r3, #7
 698 0478 03F10802 		add	r2, r3, #8
 699 047c 0192     		str	r2, [sp, #4]
 700 047e D3E90023 		ldrd	r2, [r3]
 701 0482 1046     		mov	r0, r2
 702 0484 1946     		mov	r1, r3
 703 0486 FFF7FEFF 		bl	__aeabi_d2f
 704 048a 0346     		mov	r3, r0
 705 048c 0B93     		str	r3, [sp, #44]	@ float
 706              		.loc 1 210 0
 707 048e 0B98     		ldr	r0, [sp, #44]	@ float
 708 0490 4FF00001 		mov	r1, #0
 709 0494 FFF7FEFF 		bl	__aeabi_fcmplt
 710 0498 0346     		mov	r3, r0
 711 049a 002B     		cmp	r3, #0
 712 049c 08D0     		beq	.L56
 713              		.loc 1 211 0
 714 049e 139B     		ldr	r3, [sp, #76]
 715 04a0 5A1C     		adds	r2, r3, #1
 716 04a2 1392     		str	r2, [sp, #76]
 717 04a4 2D22     		movs	r2, #45
 718 04a6 1A70     		strb	r2, [r3]
 719              		.loc 1 212 0
 720 04a8 0B9B     		ldr	r3, [sp, #44]
 721 04aa 83F00043 		eor	r3, r3, #-2147483648
 722 04ae 0B93     		str	r3, [sp, #44]	@ float
 723              	.L56:
 724              		.loc 1 214 0
 725 04b0 0B98     		ldr	r0, [sp, #44]	@ float
 726 04b2 FFF7FEFF 		bl	__aeabi_f2d
 727 04b6 0246     		mov	r2, r0
 728 04b8 0B46     		mov	r3, r1
 729 04ba 1398     		ldr	r0, [sp, #76]
 730 04bc FFF700FE 		bl	ftoa
 731 04c0 1390     		str	r0, [sp, #76]
 732              		.loc 1 215 0
 733 04c2 29E0     		b	.L47
 734              	.L43:
 735              		.loc 1 219 0
 736 04c4 1023     		movs	r3, #16
 737 04c6 8DF84730 		strb	r3, [sp, #71]
 738              		.loc 1 220 0
 739 04ca 06E0     		b	.L58
 740              	.L42:
ARM GAS  /tmp/cckmiftk.s 			page 14


 741              		.loc 1 223 0
 742 04cc 0A23     		movs	r3, #10
 743 04ce 8DF84730 		strb	r3, [sp, #71]
 744              		.loc 1 224 0
 745 04d2 02E0     		b	.L58
 746              	.L41:
 747              		.loc 1 227 0
 748 04d4 0823     		movs	r3, #8
 749 04d6 8DF84730 		strb	r3, [sp, #71]
 750              	.L58:
 751              		.loc 1 229 0
 752 04da 9DF83730 		ldrb	r3, [sp, #55]	@ zero_extendqisi2
 753 04de 002B     		cmp	r3, #0
 754 04e0 05D0     		beq	.L59
 755              		.loc 1 230 0
 756 04e2 019B     		ldr	r3, [sp, #4]
 757 04e4 1A1D     		adds	r2, r3, #4
 758 04e6 0192     		str	r2, [sp, #4]
 759 04e8 1B68     		ldr	r3, [r3]
 760 04ea 0C93     		str	r3, [sp, #48]
 761 04ec 04E0     		b	.L60
 762              	.L59:
 763              		.loc 1 232 0
 764 04ee 019B     		ldr	r3, [sp, #4]
 765 04f0 1A1D     		adds	r2, r3, #4
 766 04f2 0192     		str	r2, [sp, #4]
 767 04f4 1B68     		ldr	r3, [r3]
 768 04f6 0C93     		str	r3, [sp, #48]
 769              	.L60:
 770              		.loc 1 233 0
 771 04f8 9DF84730 		ldrb	r3, [sp, #71]	@ zero_extendqisi2
 772 04fc 1398     		ldr	r0, [sp, #76]
 773 04fe 0C99     		ldr	r1, [sp, #48]
 774 0500 1A46     		mov	r2, r3
 775 0502 FFF7CDFD 		bl	ltoa
 776 0506 1390     		str	r0, [sp, #76]
 777              		.loc 1 234 0
 778 0508 06E0     		b	.L47
 779              	.L38:
 780              		.loc 1 236 0
 781 050a 139B     		ldr	r3, [sp, #76]
 782 050c 5A1C     		adds	r2, r3, #1
 783 050e 1392     		str	r2, [sp, #76]
 784 0510 9DF84720 		ldrb	r2, [sp, #71]
 785 0514 1A70     		strb	r2, [r3]
 786              		.loc 1 237 0
 787 0516 00BF     		nop
 788              	.L47:
 789              		.loc 1 239 0
 790 0518 139A     		ldr	r2, [sp, #76]
 791 051a 129B     		ldr	r3, [sp, #72]
 792 051c D31A     		subs	r3, r2, r3
 793 051e 1093     		str	r3, [sp, #64]
 794              		.loc 1 240 0
 795 0520 0E9A     		ldr	r2, [sp, #56]
 796 0522 109B     		ldr	r3, [sp, #64]
 797 0524 D31A     		subs	r3, r2, r3
ARM GAS  /tmp/cckmiftk.s 			page 15


 798 0526 0E93     		str	r3, [sp, #56]
 799 0528 0E9B     		ldr	r3, [sp, #56]
 800 052a 002B     		cmp	r3, #0
 801 052c 01DA     		bge	.L61
 802              		.loc 1 241 0
 803 052e 0023     		movs	r3, #0
 804 0530 0E93     		str	r3, [sp, #56]
 805              	.L61:
 806              		.loc 1 242 0
 807 0532 9DF83630 		ldrb	r3, [sp, #54]
 808 0536 83F00103 		eor	r3, r3, #1
 809 053a DBB2     		uxtb	r3, r3
 810 053c 002B     		cmp	r3, #0
 811 053e 02D0     		beq	.L62
 812              		.loc 1 243 0
 813 0540 0E9B     		ldr	r3, [sp, #56]
 814 0542 5B42     		negs	r3, r3
 815 0544 0E93     		str	r3, [sp, #56]
 816              	.L62:
 817              		.loc 1 244 0
 818 0546 0E9B     		ldr	r3, [sp, #56]
 819 0548 002B     		cmp	r3, #0
 820 054a 22DA     		bge	.L63
 821              		.loc 1 245 0
 822 054c 129B     		ldr	r3, [sp, #72]
 823 054e 1B78     		ldrb	r3, [r3]	@ zero_extendqisi2
 824 0550 2D2B     		cmp	r3, #45
 825 0552 10D1     		bne	.L64
 826              		.loc 1 245 0 is_stmt 0 discriminator 1
 827 0554 9DF84630 		ldrb	r3, [sp, #70]	@ zero_extendqisi2
 828 0558 302B     		cmp	r3, #48
 829 055a 0CD1     		bne	.L64
 830              		.loc 1 246 0 is_stmt 1
 831 055c 039B     		ldr	r3, [sp, #12]
 832 055e 1B68     		ldr	r3, [r3]
 833 0560 9A68     		ldr	r2, [r3, #8]
 834 0562 129B     		ldr	r3, [sp, #72]
 835 0564 591C     		adds	r1, r3, #1
 836 0566 1291     		str	r1, [sp, #72]
 837 0568 1B78     		ldrb	r3, [r3]	@ zero_extendqisi2
 838 056a 0398     		ldr	r0, [sp, #12]
 839 056c 1946     		mov	r1, r3
 840 056e 9047     		blx	r2
 841              		.loc 1 247 0
 842 0570 109B     		ldr	r3, [sp, #64]
 843 0572 013B     		subs	r3, r3, #1
 844 0574 1093     		str	r3, [sp, #64]
 845              	.L64:
 846              		.loc 1 250 0 discriminator 1
 847 0576 039B     		ldr	r3, [sp, #12]
 848 0578 1B68     		ldr	r3, [r3]
 849 057a 9B68     		ldr	r3, [r3, #8]
 850 057c 9DF84620 		ldrb	r2, [sp, #70]	@ zero_extendqisi2
 851 0580 0398     		ldr	r0, [sp, #12]
 852 0582 1146     		mov	r1, r2
 853 0584 9847     		blx	r3
 854              		.loc 1 251 0 discriminator 1
ARM GAS  /tmp/cckmiftk.s 			page 16


 855 0586 0E9B     		ldr	r3, [sp, #56]
 856 0588 0133     		adds	r3, r3, #1
 857 058a 0E93     		str	r3, [sp, #56]
 858 058c 0E9B     		ldr	r3, [sp, #56]
 859 058e 002B     		cmp	r3, #0
 860 0590 F1D1     		bne	.L64
 861              	.L63:
 862              		.loc 1 253 0
 863 0592 09E0     		b	.L65
 864              	.L66:
 865              		.loc 1 254 0
 866 0594 039B     		ldr	r3, [sp, #12]
 867 0596 1B68     		ldr	r3, [r3]
 868 0598 9A68     		ldr	r2, [r3, #8]
 869 059a 129B     		ldr	r3, [sp, #72]
 870 059c 591C     		adds	r1, r3, #1
 871 059e 1291     		str	r1, [sp, #72]
 872 05a0 1B78     		ldrb	r3, [r3]	@ zero_extendqisi2
 873 05a2 0398     		ldr	r0, [sp, #12]
 874 05a4 1946     		mov	r1, r3
 875 05a6 9047     		blx	r2
 876              	.L65:
 877              		.loc 1 253 0
 878 05a8 109B     		ldr	r3, [sp, #64]
 879 05aa 013B     		subs	r3, r3, #1
 880 05ac 1093     		str	r3, [sp, #64]
 881 05ae 109B     		ldr	r3, [sp, #64]
 882 05b0 002B     		cmp	r3, #0
 883 05b2 EFDA     		bge	.L66
 884              		.loc 1 256 0
 885 05b4 0AE0     		b	.L67
 886              	.L68:
 887              		.loc 1 257 0
 888 05b6 039B     		ldr	r3, [sp, #12]
 889 05b8 1B68     		ldr	r3, [r3]
 890 05ba 9B68     		ldr	r3, [r3, #8]
 891 05bc 9DF84620 		ldrb	r2, [sp, #70]	@ zero_extendqisi2
 892 05c0 0398     		ldr	r0, [sp, #12]
 893 05c2 1146     		mov	r1, r2
 894 05c4 9847     		blx	r3
 895              		.loc 1 258 0
 896 05c6 0E9B     		ldr	r3, [sp, #56]
 897 05c8 013B     		subs	r3, r3, #1
 898 05ca 0E93     		str	r3, [sp, #56]
 899              	.L67:
 900              		.loc 1 256 0
 901 05cc 0E9B     		ldr	r3, [sp, #56]
 902 05ce 002B     		cmp	r3, #0
 903 05d0 F1D1     		bne	.L68
 904              	.L18:
 905              		.loc 1 260 0
 906 05d2 C4E5     		b	.L69
 907              	.L72:
 908              		.loc 1 261 0
 909 05d4 15B0     		add	sp, sp, #84
 910              		.cfi_def_cfa_offset 4
 911              		@ sp needed
ARM GAS  /tmp/cckmiftk.s 			page 17


 912 05d6 5DF804FB 		ldr	pc, [sp], #4
 913              	.L74:
 914 05da 00BF     		.align	2
 915              	.L73:
 916 05dc 00000000 		.word	.LC0
 917              		.cfi_endproc
 918              	.LFE11:
 919              		.size	chvprintf, .-chvprintf
 920              		.align	2
 921              		.global	chsnprintf
 922              		.thumb
 923              		.thumb_func
 924              		.type	chsnprintf, %function
 925              	chsnprintf:
 926              	.LFB12:
 927              		.loc 1 288 0
 928              		.cfi_startproc
 929              		@ args = 4, pretend = 8, frame = 40
 930              		@ frame_needed = 0, uses_anonymous_args = 1
 931 05e0 0CB4     		push	{r2, r3}
 932              		.cfi_def_cfa_offset 8
 933              		.cfi_offset 2, -8
 934              		.cfi_offset 3, -4
 935 05e2 00B5     		push	{lr}
 936              		.cfi_def_cfa_offset 12
 937              		.cfi_offset 14, -12
 938 05e4 8BB0     		sub	sp, sp, #44
 939              		.cfi_def_cfa_offset 56
 940 05e6 0190     		str	r0, [sp, #4]
 941 05e8 0091     		str	r1, [sp]
 942              		.loc 1 294 0
 943 05ea 03AB     		add	r3, sp, #12
 944 05ec 1846     		mov	r0, r3
 945 05ee 0199     		ldr	r1, [sp, #4]
 946 05f0 009A     		ldr	r2, [sp]
 947 05f2 0023     		movs	r3, #0
 948 05f4 FFF7FEFF 		bl	msObjectInit
 949              		.loc 1 297 0
 950 05f8 03AB     		add	r3, sp, #12
 951 05fa 0993     		str	r3, [sp, #36]
 952              		.loc 1 298 0
 953 05fc 0DAB     		add	r3, sp, #52
 954 05fe 0893     		str	r3, [sp, #32]
 955              		.loc 1 299 0
 956 0600 0998     		ldr	r0, [sp, #36]
 957 0602 0C99     		ldr	r1, [sp, #48]
 958 0604 089A     		ldr	r2, [sp, #32]
 959 0606 FFF7FEFF 		bl	chvprintf
 960              		.loc 1 303 0
 961 060a 099B     		ldr	r3, [sp, #36]
 962 060c 1B68     		ldr	r3, [r3]
 963 060e 9B68     		ldr	r3, [r3, #8]
 964 0610 0998     		ldr	r0, [sp, #36]
 965 0612 0021     		movs	r1, #0
 966 0614 9847     		blx	r3
 967              		.loc 1 304 0
 968 0616 069B     		ldr	r3, [sp, #24]
ARM GAS  /tmp/cckmiftk.s 			page 18


 969 0618 013B     		subs	r3, r3, #1
 970              		.loc 1 305 0
 971 061a 1846     		mov	r0, r3
 972 061c 0BB0     		add	sp, sp, #44
 973              		.cfi_def_cfa_offset 12
 974              		@ sp needed
 975 061e 5DF804EB 		ldr	lr, [sp], #4
 976              		.cfi_restore 14
 977              		.cfi_def_cfa_offset 8
 978 0622 02B0     		add	sp, sp, #8
 979              		.cfi_restore 3
 980              		.cfi_restore 2
 981              		.cfi_def_cfa_offset 0
 982 0624 7047     		bx	lr
 983              		.cfi_endproc
 984              	.LFE12:
 985              		.size	chsnprintf, .-chsnprintf
 986              	.Letext0:
 987              		.file 2 "/opt/R2P/tools/gcc-arm-none-eabi-4_9-2014q4/lib/gcc/arm-none-eabi/4.9.3/include/stddef.h"
 988              		.file 3 "/opt/R2P/tools/gcc-arm-none-eabi-4_9-2014q4/arm-none-eabi/include/machine/_default_types.
 989              		.file 4 "/opt/R2P/tools/gcc-arm-none-eabi-4_9-2014q4/arm-none-eabi/include/stdint.h"
 990              		.file 5 "/opt/R2P/core/ChibiOS_2.6.5/os/ports/GCC/ARMCMx/chtypes.h"
 991              		.file 6 "/opt/R2P/core/ChibiOS_2.6.5/os/kernel/include/chstreams.h"
 992              		.file 7 "/opt/R2P/tools/gcc-arm-none-eabi-4_9-2014q4/lib/gcc/arm-none-eabi/4.9.3/include/stdarg.h"
 993              		.file 8 "<built-in>"
 994              		.file 9 "/opt/R2P/core/ChibiOS_2.6.5/os/various/memstreams.h"
 995 0626 00BF     		.section	.debug_info,"",%progbits
 996              	.Ldebug_info0:
 997 0000 17050000 		.4byte	0x517
 998 0004 0400     		.2byte	0x4
 999 0006 00000000 		.4byte	.Ldebug_abbrev0
 1000 000a 04       		.byte	0x4
 1001 000b 01       		.uleb128 0x1
 1002 000c F9010000 		.4byte	.LASF46
 1003 0010 01       		.byte	0x1
 1004 0011 56000000 		.4byte	.LASF47
 1005 0015 75010000 		.4byte	.LASF48
 1006 0019 00000000 		.4byte	.Ltext0
 1007 001d 26060000 		.4byte	.Letext0-.Ltext0
 1008 0021 00000000 		.4byte	.Ldebug_line0
 1009 0025 02       		.uleb128 0x2
 1010 0026 04       		.byte	0x4
 1011 0027 05       		.byte	0x5
 1012 0028 696E7400 		.ascii	"int\000"
 1013 002c 03       		.uleb128 0x3
 1014 002d 00000000 		.4byte	.LASF2
 1015 0031 02       		.byte	0x2
 1016 0032 D4       		.byte	0xd4
 1017 0033 37000000 		.4byte	0x37
 1018 0037 04       		.uleb128 0x4
 1019 0038 04       		.byte	0x4
 1020 0039 07       		.byte	0x7
 1021 003a DF000000 		.4byte	.LASF0
 1022 003e 04       		.uleb128 0x4
 1023 003f 01       		.byte	0x1
 1024 0040 06       		.byte	0x6
 1025 0041 43000000 		.4byte	.LASF1
ARM GAS  /tmp/cckmiftk.s 			page 19


 1026 0045 03       		.uleb128 0x3
 1027 0046 07000000 		.4byte	.LASF3
 1028 004a 03       		.byte	0x3
 1029 004b 1D       		.byte	0x1d
 1030 004c 50000000 		.4byte	0x50
 1031 0050 04       		.uleb128 0x4
 1032 0051 01       		.byte	0x1
 1033 0052 08       		.byte	0x8
 1034 0053 C3010000 		.4byte	.LASF4
 1035 0057 04       		.uleb128 0x4
 1036 0058 02       		.byte	0x2
 1037 0059 05       		.byte	0x5
 1038 005a D1010000 		.4byte	.LASF5
 1039 005e 04       		.uleb128 0x4
 1040 005f 02       		.byte	0x2
 1041 0060 07       		.byte	0x7
 1042 0061 14010000 		.4byte	.LASF6
 1043 0065 03       		.uleb128 0x3
 1044 0066 9D020000 		.4byte	.LASF7
 1045 006a 03       		.byte	0x3
 1046 006b 3F       		.byte	0x3f
 1047 006c 70000000 		.4byte	0x70
 1048 0070 04       		.uleb128 0x4
 1049 0071 04       		.byte	0x4
 1050 0072 05       		.byte	0x5
 1051 0073 8F000000 		.4byte	.LASF8
 1052 0077 04       		.uleb128 0x4
 1053 0078 04       		.byte	0x4
 1054 0079 07       		.byte	0x7
 1055 007a EC000000 		.4byte	.LASF9
 1056 007e 04       		.uleb128 0x4
 1057 007f 08       		.byte	0x8
 1058 0080 05       		.byte	0x5
 1059 0081 35000000 		.4byte	.LASF10
 1060 0085 04       		.uleb128 0x4
 1061 0086 08       		.byte	0x8
 1062 0087 07       		.byte	0x7
 1063 0088 1E000000 		.4byte	.LASF11
 1064 008c 03       		.uleb128 0x3
 1065 008d B3020000 		.4byte	.LASF12
 1066 0091 04       		.byte	0x4
 1067 0092 15       		.byte	0x15
 1068 0093 45000000 		.4byte	0x45
 1069 0097 03       		.uleb128 0x3
 1070 0098 BB010000 		.4byte	.LASF13
 1071 009c 04       		.byte	0x4
 1072 009d 2C       		.byte	0x2c
 1073 009e 65000000 		.4byte	0x65
 1074 00a2 03       		.uleb128 0x3
 1075 00a3 4F000000 		.4byte	.LASF14
 1076 00a7 05       		.byte	0x5
 1077 00a8 2B       		.byte	0x2b
 1078 00a9 AD000000 		.4byte	0xad
 1079 00ad 04       		.uleb128 0x4
 1080 00ae 01       		.byte	0x1
 1081 00af 02       		.byte	0x2
 1082 00b0 B5010000 		.4byte	.LASF15
ARM GAS  /tmp/cckmiftk.s 			page 20


 1083 00b4 03       		.uleb128 0x3
 1084 00b5 27010000 		.4byte	.LASF16
 1085 00b9 05       		.byte	0x5
 1086 00ba 31       		.byte	0x31
 1087 00bb 97000000 		.4byte	0x97
 1088 00bf 05       		.uleb128 0x5
 1089 00c0 04       		.byte	0x4
 1090 00c1 04       		.uleb128 0x4
 1091 00c2 04       		.byte	0x4
 1092 00c3 07       		.byte	0x7
 1093 00c4 38010000 		.4byte	.LASF17
 1094 00c8 06       		.uleb128 0x6
 1095 00c9 04       		.byte	0x4
 1096 00ca CE000000 		.4byte	0xce
 1097 00ce 07       		.uleb128 0x7
 1098 00cf D3000000 		.4byte	0xd3
 1099 00d3 04       		.uleb128 0x4
 1100 00d4 01       		.byte	0x1
 1101 00d5 08       		.byte	0x8
 1102 00d6 8E020000 		.4byte	.LASF18
 1103 00da 06       		.uleb128 0x6
 1104 00db 04       		.byte	0x4
 1105 00dc E0000000 		.4byte	0xe0
 1106 00e0 08       		.uleb128 0x8
 1107 00e1 B4000000 		.4byte	0xb4
 1108 00e5 EF000000 		.4byte	0xef
 1109 00e9 09       		.uleb128 0x9
 1110 00ea BF000000 		.4byte	0xbf
 1111 00ee 00       		.byte	0
 1112 00ef 06       		.uleb128 0x6
 1113 00f0 04       		.byte	0x4
 1114 00f1 8C000000 		.4byte	0x8c
 1115 00f5 0A       		.uleb128 0xa
 1116 00f6 DB010000 		.4byte	.LASF23
 1117 00fa 10       		.byte	0x10
 1118 00fb 06       		.byte	0x6
 1119 00fc 48       		.byte	0x48
 1120 00fd 32010000 		.4byte	0x132
 1121 0101 0B       		.uleb128 0xb
 1122 0102 32010000 		.4byte	.LASF19
 1123 0106 06       		.byte	0x6
 1124 0107 49       		.byte	0x49
 1125 0108 56010000 		.4byte	0x156
 1126 010c 00       		.byte	0
 1127 010d 0B       		.uleb128 0xb
 1128 010e CB020000 		.4byte	.LASF20
 1129 0112 06       		.byte	0x6
 1130 0113 49       		.byte	0x49
 1131 0114 75010000 		.4byte	0x175
 1132 0118 04       		.byte	0x4
 1133 0119 0C       		.uleb128 0xc
 1134 011a 70757400 		.ascii	"put\000"
 1135 011e 06       		.byte	0x6
 1136 011f 49       		.byte	0x49
 1137 0120 8F010000 		.4byte	0x18f
 1138 0124 08       		.byte	0x8
 1139 0125 0C       		.uleb128 0xc
ARM GAS  /tmp/cckmiftk.s 			page 21


 1140 0126 67657400 		.ascii	"get\000"
 1141 012a 06       		.byte	0x6
 1142 012b 49       		.byte	0x49
 1143 012c DA000000 		.4byte	0xda
 1144 0130 0C       		.byte	0xc
 1145 0131 00       		.byte	0
 1146 0132 08       		.uleb128 0x8
 1147 0133 2C000000 		.4byte	0x2c
 1148 0137 4B010000 		.4byte	0x14b
 1149 013b 09       		.uleb128 0x9
 1150 013c BF000000 		.4byte	0xbf
 1151 0140 09       		.uleb128 0x9
 1152 0141 4B010000 		.4byte	0x14b
 1153 0145 09       		.uleb128 0x9
 1154 0146 2C000000 		.4byte	0x2c
 1155 014a 00       		.byte	0
 1156 014b 06       		.uleb128 0x6
 1157 014c 04       		.byte	0x4
 1158 014d 51010000 		.4byte	0x151
 1159 0151 07       		.uleb128 0x7
 1160 0152 8C000000 		.4byte	0x8c
 1161 0156 06       		.uleb128 0x6
 1162 0157 04       		.byte	0x4
 1163 0158 32010000 		.4byte	0x132
 1164 015c 08       		.uleb128 0x8
 1165 015d 2C000000 		.4byte	0x2c
 1166 0161 75010000 		.4byte	0x175
 1167 0165 09       		.uleb128 0x9
 1168 0166 BF000000 		.4byte	0xbf
 1169 016a 09       		.uleb128 0x9
 1170 016b EF000000 		.4byte	0xef
 1171 016f 09       		.uleb128 0x9
 1172 0170 2C000000 		.4byte	0x2c
 1173 0174 00       		.byte	0
 1174 0175 06       		.uleb128 0x6
 1175 0176 04       		.byte	0x4
 1176 0177 5C010000 		.4byte	0x15c
 1177 017b 08       		.uleb128 0x8
 1178 017c B4000000 		.4byte	0xb4
 1179 0180 8F010000 		.4byte	0x18f
 1180 0184 09       		.uleb128 0x9
 1181 0185 BF000000 		.4byte	0xbf
 1182 0189 09       		.uleb128 0x9
 1183 018a 8C000000 		.4byte	0x8c
 1184 018e 00       		.byte	0
 1185 018f 06       		.uleb128 0x6
 1186 0190 04       		.byte	0x4
 1187 0191 7B010000 		.4byte	0x17b
 1188 0195 0D       		.uleb128 0xd
 1189 0196 04       		.byte	0x4
 1190 0197 06       		.byte	0x6
 1191 0198 51       		.byte	0x51
 1192 0199 AA010000 		.4byte	0x1aa
 1193 019d 0C       		.uleb128 0xc
 1194 019e 766D7400 		.ascii	"vmt\000"
 1195 01a2 06       		.byte	0x6
 1196 01a3 53       		.byte	0x53
ARM GAS  /tmp/cckmiftk.s 			page 22


 1197 01a4 AA010000 		.4byte	0x1aa
 1198 01a8 00       		.byte	0
 1199 01a9 00       		.byte	0
 1200 01aa 06       		.uleb128 0x6
 1201 01ab 04       		.byte	0x4
 1202 01ac B0010000 		.4byte	0x1b0
 1203 01b0 07       		.uleb128 0x7
 1204 01b1 F5000000 		.4byte	0xf5
 1205 01b5 03       		.uleb128 0x3
 1206 01b6 CA000000 		.4byte	.LASF21
 1207 01ba 06       		.byte	0x6
 1208 01bb 55       		.byte	0x55
 1209 01bc 95010000 		.4byte	0x195
 1210 01c0 03       		.uleb128 0x3
 1211 01c1 59010000 		.4byte	.LASF22
 1212 01c5 07       		.byte	0x7
 1213 01c6 28       		.byte	0x28
 1214 01c7 CB010000 		.4byte	0x1cb
 1215 01cb 0A       		.uleb128 0xa
 1216 01cc A3000000 		.4byte	.LASF24
 1217 01d0 04       		.byte	0x4
 1218 01d1 08       		.byte	0x8
 1219 01d2 00       		.byte	0
 1220 01d3 E2010000 		.4byte	0x1e2
 1221 01d7 0E       		.uleb128 0xe
 1222 01d8 AE020000 		.4byte	.LASF49
 1223 01dc BF000000 		.4byte	0xbf
 1224 01e0 00       		.byte	0
 1225 01e1 00       		.byte	0
 1226 01e2 03       		.uleb128 0x3
 1227 01e3 11000000 		.4byte	.LASF25
 1228 01e7 07       		.byte	0x7
 1229 01e8 62       		.byte	0x62
 1230 01e9 C0010000 		.4byte	0x1c0
 1231 01ed 0A       		.uleb128 0xa
 1232 01ee 68010000 		.4byte	.LASF26
 1233 01f2 10       		.byte	0x10
 1234 01f3 09       		.byte	0x9
 1235 01f4 3D       		.byte	0x3d
 1236 01f5 2A020000 		.4byte	0x22a
 1237 01f9 0B       		.uleb128 0xb
 1238 01fa 32010000 		.4byte	.LASF19
 1239 01fe 09       		.byte	0x9
 1240 01ff 3E       		.byte	0x3e
 1241 0200 56010000 		.4byte	0x156
 1242 0204 00       		.byte	0
 1243 0205 0B       		.uleb128 0xb
 1244 0206 CB020000 		.4byte	.LASF20
 1245 020a 09       		.byte	0x9
 1246 020b 3E       		.byte	0x3e
 1247 020c 75010000 		.4byte	0x175
 1248 0210 04       		.byte	0x4
 1249 0211 0C       		.uleb128 0xc
 1250 0212 70757400 		.ascii	"put\000"
 1251 0216 09       		.byte	0x9
 1252 0217 3E       		.byte	0x3e
 1253 0218 8F010000 		.4byte	0x18f
ARM GAS  /tmp/cckmiftk.s 			page 23


 1254 021c 08       		.byte	0x8
 1255 021d 0C       		.uleb128 0xc
 1256 021e 67657400 		.ascii	"get\000"
 1257 0222 09       		.byte	0x9
 1258 0223 3E       		.byte	0x3e
 1259 0224 DA000000 		.4byte	0xda
 1260 0228 0C       		.byte	0xc
 1261 0229 00       		.byte	0
 1262 022a 0D       		.uleb128 0xd
 1263 022b 14       		.byte	0x14
 1264 022c 09       		.byte	0x9
 1265 022d 46       		.byte	0x46
 1266 022e 6F020000 		.4byte	0x26f
 1267 0232 0C       		.uleb128 0xc
 1268 0233 766D7400 		.ascii	"vmt\000"
 1269 0237 09       		.byte	0x9
 1270 0238 48       		.byte	0x48
 1271 0239 6F020000 		.4byte	0x26f
 1272 023d 00       		.byte	0
 1273 023e 0B       		.uleb128 0xb
 1274 023f B4000000 		.4byte	.LASF27
 1275 0243 09       		.byte	0x9
 1276 0244 49       		.byte	0x49
 1277 0245 EF000000 		.4byte	0xef
 1278 0249 04       		.byte	0x4
 1279 024a 0B       		.uleb128 0xb
 1280 024b 0F010000 		.4byte	.LASF28
 1281 024f 09       		.byte	0x9
 1282 0250 49       		.byte	0x49
 1283 0251 2C000000 		.4byte	0x2c
 1284 0255 08       		.byte	0x8
 1285 0256 0C       		.uleb128 0xc
 1286 0257 656F7300 		.ascii	"eos\000"
 1287 025b 09       		.byte	0x9
 1288 025c 49       		.byte	0x49
 1289 025d 2C000000 		.4byte	0x2c
 1290 0261 0C       		.byte	0xc
 1291 0262 0B       		.uleb128 0xb
 1292 0263 A7020000 		.4byte	.LASF29
 1293 0267 09       		.byte	0x9
 1294 0268 49       		.byte	0x49
 1295 0269 2C000000 		.4byte	0x2c
 1296 026d 10       		.byte	0x10
 1297 026e 00       		.byte	0
 1298 026f 06       		.uleb128 0x6
 1299 0270 04       		.byte	0x4
 1300 0271 75020000 		.4byte	0x275
 1301 0275 07       		.uleb128 0x7
 1302 0276 ED010000 		.4byte	0x1ed
 1303 027a 03       		.uleb128 0x3
 1304 027b A8010000 		.4byte	.LASF30
 1305 027f 09       		.byte	0x9
 1306 0280 4A       		.byte	0x4a
 1307 0281 2A020000 		.4byte	0x22a
 1308 0285 0F       		.uleb128 0xf
 1309 0286 D0020000 		.4byte	.LASF33
 1310 028a 01       		.byte	0x1
ARM GAS  /tmp/cckmiftk.s 			page 24


 1311 028b 25       		.byte	0x25
 1312 028c 06030000 		.4byte	0x306
 1313 0290 00000000 		.4byte	.LFB8
 1314 0294 A0000000 		.4byte	.LFE8-.LFB8
 1315 0298 01       		.uleb128 0x1
 1316 0299 9C       		.byte	0x9c
 1317 029a 06030000 		.4byte	0x306
 1318 029e 10       		.uleb128 0x10
 1319 029f 7000     		.ascii	"p\000"
 1320 02a1 01       		.byte	0x1
 1321 02a2 25       		.byte	0x25
 1322 02a3 06030000 		.4byte	0x306
 1323 02a7 02       		.uleb128 0x2
 1324 02a8 91       		.byte	0x91
 1325 02a9 6C       		.sleb128 -20
 1326 02aa 10       		.uleb128 0x10
 1327 02ab 6E756D00 		.ascii	"num\000"
 1328 02af 01       		.byte	0x1
 1329 02b0 26       		.byte	0x26
 1330 02b1 70000000 		.4byte	0x70
 1331 02b5 02       		.uleb128 0x2
 1332 02b6 91       		.byte	0x91
 1333 02b7 68       		.sleb128 -24
 1334 02b8 11       		.uleb128 0x11
 1335 02b9 F3010000 		.4byte	.LASF31
 1336 02bd 01       		.byte	0x1
 1337 02be 27       		.byte	0x27
 1338 02bf 37000000 		.4byte	0x37
 1339 02c3 02       		.uleb128 0x2
 1340 02c4 91       		.byte	0x91
 1341 02c5 64       		.sleb128 -28
 1342 02c6 11       		.uleb128 0x11
 1343 02c7 51010000 		.4byte	.LASF32
 1344 02cb 01       		.byte	0x1
 1345 02cc 28       		.byte	0x28
 1346 02cd 70000000 		.4byte	0x70
 1347 02d1 02       		.uleb128 0x2
 1348 02d2 91       		.byte	0x91
 1349 02d3 60       		.sleb128 -32
 1350 02d4 12       		.uleb128 0x12
 1351 02d5 6900     		.ascii	"i\000"
 1352 02d7 01       		.byte	0x1
 1353 02d8 29       		.byte	0x29
 1354 02d9 25000000 		.4byte	0x25
 1355 02dd 02       		.uleb128 0x2
 1356 02de 91       		.byte	0x91
 1357 02df 7C       		.sleb128 -4
 1358 02e0 12       		.uleb128 0x12
 1359 02e1 7100     		.ascii	"q\000"
 1360 02e3 01       		.byte	0x1
 1361 02e4 2A       		.byte	0x2a
 1362 02e5 06030000 		.4byte	0x306
 1363 02e9 02       		.uleb128 0x2
 1364 02ea 91       		.byte	0x91
 1365 02eb 78       		.sleb128 -8
 1366 02ec 12       		.uleb128 0x12
 1367 02ed 6C00     		.ascii	"l\000"
ARM GAS  /tmp/cckmiftk.s 			page 25


 1368 02ef 01       		.byte	0x1
 1369 02f0 2B       		.byte	0x2b
 1370 02f1 70000000 		.4byte	0x70
 1371 02f5 02       		.uleb128 0x2
 1372 02f6 91       		.byte	0x91
 1373 02f7 74       		.sleb128 -12
 1374 02f8 12       		.uleb128 0x12
 1375 02f9 6C6C00   		.ascii	"ll\000"
 1376 02fc 01       		.byte	0x1
 1377 02fd 2B       		.byte	0x2b
 1378 02fe 70000000 		.4byte	0x70
 1379 0302 02       		.uleb128 0x2
 1380 0303 91       		.byte	0x91
 1381 0304 70       		.sleb128 -16
 1382 0305 00       		.byte	0
 1383 0306 06       		.uleb128 0x6
 1384 0307 04       		.byte	0x4
 1385 0308 D3000000 		.4byte	0xd3
 1386 030c 13       		.uleb128 0x13
 1387 030d 2D010000 		.4byte	.LASF34
 1388 0311 01       		.byte	0x1
 1389 0312 46       		.byte	0x46
 1390 0313 06030000 		.4byte	0x306
 1391 0317 A0000000 		.4byte	.LFB9
 1392 031b 20000000 		.4byte	.LFE9-.LFB9
 1393 031f 01       		.uleb128 0x1
 1394 0320 9C       		.byte	0x9c
 1395 0321 4E030000 		.4byte	0x34e
 1396 0325 10       		.uleb128 0x10
 1397 0326 7000     		.ascii	"p\000"
 1398 0328 01       		.byte	0x1
 1399 0329 46       		.byte	0x46
 1400 032a 06030000 		.4byte	0x306
 1401 032e 02       		.uleb128 0x2
 1402 032f 91       		.byte	0x91
 1403 0330 74       		.sleb128 -12
 1404 0331 10       		.uleb128 0x10
 1405 0332 6E756D00 		.ascii	"num\000"
 1406 0336 01       		.byte	0x1
 1407 0337 46       		.byte	0x46
 1408 0338 70000000 		.4byte	0x70
 1409 033c 02       		.uleb128 0x2
 1410 033d 91       		.byte	0x91
 1411 033e 70       		.sleb128 -16
 1412 033f 11       		.uleb128 0x11
 1413 0340 F3010000 		.4byte	.LASF31
 1414 0344 01       		.byte	0x1
 1415 0345 46       		.byte	0x46
 1416 0346 37000000 		.4byte	0x37
 1417 034a 02       		.uleb128 0x2
 1418 034b 91       		.byte	0x91
 1419 034c 6C       		.sleb128 -20
 1420 034d 00       		.byte	0
 1421 034e 13       		.uleb128 0x13
 1422 034f 19000000 		.4byte	.LASF35
 1423 0353 01       		.byte	0x1
 1424 0354 4C       		.byte	0x4c
ARM GAS  /tmp/cckmiftk.s 			page 26


 1425 0355 06030000 		.4byte	0x306
 1426 0359 C0000000 		.4byte	.LFB10
 1427 035d 94000000 		.4byte	.LFE10-.LFB10
 1428 0361 01       		.uleb128 0x1
 1429 0362 9C       		.byte	0x9c
 1430 0363 9C030000 		.4byte	0x39c
 1431 0367 10       		.uleb128 0x10
 1432 0368 7000     		.ascii	"p\000"
 1433 036a 01       		.byte	0x1
 1434 036b 4C       		.byte	0x4c
 1435 036c 06030000 		.4byte	0x306
 1436 0370 02       		.uleb128 0x2
 1437 0371 91       		.byte	0x91
 1438 0372 64       		.sleb128 -28
 1439 0373 10       		.uleb128 0x10
 1440 0374 6E756D00 		.ascii	"num\000"
 1441 0378 01       		.byte	0x1
 1442 0379 4C       		.byte	0x4c
 1443 037a 9C030000 		.4byte	0x39c
 1444 037e 02       		.uleb128 0x2
 1445 037f 91       		.byte	0x91
 1446 0380 58       		.sleb128 -40
 1447 0381 12       		.uleb128 0x12
 1448 0382 6C00     		.ascii	"l\000"
 1449 0384 01       		.byte	0x1
 1450 0385 4D       		.byte	0x4d
 1451 0386 70000000 		.4byte	0x70
 1452 038a 02       		.uleb128 0x2
 1453 038b 91       		.byte	0x91
 1454 038c 68       		.sleb128 -24
 1455 038d 14       		.uleb128 0x14
 1456 038e 93020000 		.4byte	.LASF36
 1457 0392 01       		.byte	0x1
 1458 0393 4E       		.byte	0x4e
 1459 0394 77000000 		.4byte	0x77
 1460 0398 02       		.uleb128 0x2
 1461 0399 91       		.byte	0x91
 1462 039a 6C       		.sleb128 -20
 1463 039b 00       		.byte	0
 1464 039c 04       		.uleb128 0x4
 1465 039d 08       		.byte	0x8
 1466 039e 04       		.byte	0x4
 1467 039f AD000000 		.4byte	.LASF37
 1468 03a3 15       		.uleb128 0x15
 1469 03a4 BB020000 		.4byte	.LASF44
 1470 03a8 01       		.byte	0x1
 1471 03a9 70       		.byte	0x70
 1472 03aa 54010000 		.4byte	.LFB11
 1473 03ae 8C040000 		.4byte	.LFE11-.LFB11
 1474 03b2 01       		.uleb128 0x1
 1475 03b3 9C       		.byte	0x9c
 1476 03b4 8D040000 		.4byte	0x48d
 1477 03b8 10       		.uleb128 0x10
 1478 03b9 63687000 		.ascii	"chp\000"
 1479 03bd 01       		.byte	0x1
 1480 03be 70       		.byte	0x70
 1481 03bf 8D040000 		.4byte	0x48d
ARM GAS  /tmp/cckmiftk.s 			page 27


 1482 03c3 03       		.uleb128 0x3
 1483 03c4 91       		.byte	0x91
 1484 03c5 B47F     		.sleb128 -76
 1485 03c7 10       		.uleb128 0x10
 1486 03c8 666D7400 		.ascii	"fmt\000"
 1487 03cc 01       		.byte	0x1
 1488 03cd 70       		.byte	0x70
 1489 03ce C8000000 		.4byte	0xc8
 1490 03d2 03       		.uleb128 0x3
 1491 03d3 91       		.byte	0x91
 1492 03d4 B07F     		.sleb128 -80
 1493 03d6 10       		.uleb128 0x10
 1494 03d7 617000   		.ascii	"ap\000"
 1495 03da 01       		.byte	0x1
 1496 03db 70       		.byte	0x70
 1497 03dc E2010000 		.4byte	0x1e2
 1498 03e0 03       		.uleb128 0x3
 1499 03e1 91       		.byte	0x91
 1500 03e2 AC7F     		.sleb128 -84
 1501 03e4 12       		.uleb128 0x12
 1502 03e5 7000     		.ascii	"p\000"
 1503 03e7 01       		.byte	0x1
 1504 03e8 71       		.byte	0x71
 1505 03e9 06030000 		.4byte	0x306
 1506 03ed 02       		.uleb128 0x2
 1507 03ee 91       		.byte	0x91
 1508 03ef 74       		.sleb128 -12
 1509 03f0 12       		.uleb128 0x12
 1510 03f1 7300     		.ascii	"s\000"
 1511 03f3 01       		.byte	0x1
 1512 03f4 71       		.byte	0x71
 1513 03f5 06030000 		.4byte	0x306
 1514 03f9 02       		.uleb128 0x2
 1515 03fa 91       		.byte	0x91
 1516 03fb 70       		.sleb128 -16
 1517 03fc 12       		.uleb128 0x12
 1518 03fd 6300     		.ascii	"c\000"
 1519 03ff 01       		.byte	0x1
 1520 0400 71       		.byte	0x71
 1521 0401 D3000000 		.4byte	0xd3
 1522 0405 02       		.uleb128 0x2
 1523 0406 91       		.byte	0x91
 1524 0407 6F       		.sleb128 -17
 1525 0408 14       		.uleb128 0x14
 1526 0409 BB000000 		.4byte	.LASF38
 1527 040d 01       		.byte	0x1
 1528 040e 71       		.byte	0x71
 1529 040f D3000000 		.4byte	0xd3
 1530 0413 02       		.uleb128 0x2
 1531 0414 91       		.byte	0x91
 1532 0415 6E       		.sleb128 -18
 1533 0416 12       		.uleb128 0x12
 1534 0417 6900     		.ascii	"i\000"
 1535 0419 01       		.byte	0x1
 1536 041a 72       		.byte	0x72
 1537 041b 25000000 		.4byte	0x25
 1538 041f 02       		.uleb128 0x2
ARM GAS  /tmp/cckmiftk.s 			page 28


 1539 0420 91       		.byte	0x91
 1540 0421 68       		.sleb128 -24
 1541 0422 14       		.uleb128 0x14
 1542 0423 93020000 		.4byte	.LASF36
 1543 0427 01       		.byte	0x1
 1544 0428 72       		.byte	0x72
 1545 0429 25000000 		.4byte	0x25
 1546 042d 02       		.uleb128 0x2
 1547 042e 91       		.byte	0x91
 1548 042f 64       		.sleb128 -28
 1549 0430 14       		.uleb128 0x14
 1550 0431 09010000 		.4byte	.LASF39
 1551 0435 01       		.byte	0x1
 1552 0436 72       		.byte	0x72
 1553 0437 25000000 		.4byte	0x25
 1554 043b 02       		.uleb128 0x2
 1555 043c 91       		.byte	0x91
 1556 043d 60       		.sleb128 -32
 1557 043e 14       		.uleb128 0x14
 1558 043f C2000000 		.4byte	.LASF40
 1559 0443 01       		.byte	0x1
 1560 0444 73       		.byte	0x73
 1561 0445 A2000000 		.4byte	0xa2
 1562 0449 02       		.uleb128 0x2
 1563 044a 91       		.byte	0x91
 1564 044b 5F       		.sleb128 -33
 1565 044c 14       		.uleb128 0x14
 1566 044d FE000000 		.4byte	.LASF41
 1567 0451 01       		.byte	0x1
 1568 0452 73       		.byte	0x73
 1569 0453 A2000000 		.4byte	0xa2
 1570 0457 02       		.uleb128 0x2
 1571 0458 91       		.byte	0x91
 1572 0459 5E       		.sleb128 -34
 1573 045a 12       		.uleb128 0x12
 1574 045b 6C00     		.ascii	"l\000"
 1575 045d 01       		.byte	0x1
 1576 045e 74       		.byte	0x74
 1577 045f 70000000 		.4byte	0x70
 1578 0463 02       		.uleb128 0x2
 1579 0464 91       		.byte	0x91
 1580 0465 58       		.sleb128 -40
 1581 0466 12       		.uleb128 0x12
 1582 0467 6600     		.ascii	"f\000"
 1583 0469 01       		.byte	0x1
 1584 046a 76       		.byte	0x76
 1585 046b 93040000 		.4byte	0x493
 1586 046f 02       		.uleb128 0x2
 1587 0470 91       		.byte	0x91
 1588 0471 54       		.sleb128 -44
 1589 0472 14       		.uleb128 0x14
 1590 0473 88000000 		.4byte	.LASF42
 1591 0477 01       		.byte	0x1
 1592 0478 77       		.byte	0x77
 1593 0479 9A040000 		.4byte	0x49a
 1594 047d 03       		.uleb128 0x3
 1595 047e 91       		.byte	0x91
ARM GAS  /tmp/cckmiftk.s 			page 29


 1596 047f BC7F     		.sleb128 -68
 1597 0481 16       		.uleb128 0x16
 1598 0482 41010000 		.4byte	.LASF50
 1599 0486 01       		.byte	0x1
 1600 0487 E4       		.byte	0xe4
 1601 0488 DA040000 		.4byte	.L58
 1602 048c 00       		.byte	0
 1603 048d 06       		.uleb128 0x6
 1604 048e 04       		.byte	0x4
 1605 048f B5010000 		.4byte	0x1b5
 1606 0493 04       		.uleb128 0x4
 1607 0494 04       		.byte	0x4
 1608 0495 04       		.byte	0x4
 1609 0496 C5020000 		.4byte	.LASF43
 1610 049a 17       		.uleb128 0x17
 1611 049b D3000000 		.4byte	0xd3
 1612 049f AA040000 		.4byte	0x4aa
 1613 04a3 18       		.uleb128 0x18
 1614 04a4 C1000000 		.4byte	0xc1
 1615 04a8 16       		.byte	0x16
 1616 04a9 00       		.byte	0
 1617 04aa 19       		.uleb128 0x19
 1618 04ab 98000000 		.4byte	.LASF45
 1619 04af 01       		.byte	0x1
 1620 04b0 2001     		.2byte	0x120
 1621 04b2 25000000 		.4byte	0x25
 1622 04b6 E0050000 		.4byte	.LFB12
 1623 04ba 46000000 		.4byte	.LFE12-.LFB12
 1624 04be 01       		.uleb128 0x1
 1625 04bf 9C       		.byte	0x9c
 1626 04c0 1A       		.uleb128 0x1a
 1627 04c1 73747200 		.ascii	"str\000"
 1628 04c5 01       		.byte	0x1
 1629 04c6 2001     		.2byte	0x120
 1630 04c8 06030000 		.4byte	0x306
 1631 04cc 02       		.uleb128 0x2
 1632 04cd 91       		.byte	0x91
 1633 04ce 4C       		.sleb128 -52
 1634 04cf 1B       		.uleb128 0x1b
 1635 04d0 0F010000 		.4byte	.LASF28
 1636 04d4 01       		.byte	0x1
 1637 04d5 2001     		.2byte	0x120
 1638 04d7 2C000000 		.4byte	0x2c
 1639 04db 02       		.uleb128 0x2
 1640 04dc 91       		.byte	0x91
 1641 04dd 48       		.sleb128 -56
 1642 04de 1A       		.uleb128 0x1a
 1643 04df 666D7400 		.ascii	"fmt\000"
 1644 04e3 01       		.byte	0x1
 1645 04e4 2001     		.2byte	0x120
 1646 04e6 C8000000 		.4byte	0xc8
 1647 04ea 02       		.uleb128 0x2
 1648 04eb 91       		.byte	0x91
 1649 04ec 78       		.sleb128 -8
 1650 04ed 1C       		.uleb128 0x1c
 1651 04ee 1D       		.uleb128 0x1d
 1652 04ef 617000   		.ascii	"ap\000"
ARM GAS  /tmp/cckmiftk.s 			page 30


 1653 04f2 01       		.byte	0x1
 1654 04f3 2101     		.2byte	0x121
 1655 04f5 E2010000 		.4byte	0x1e2
 1656 04f9 02       		.uleb128 0x2
 1657 04fa 91       		.byte	0x91
 1658 04fb 68       		.sleb128 -24
 1659 04fc 1D       		.uleb128 0x1d
 1660 04fd 6D7300   		.ascii	"ms\000"
 1661 0500 01       		.byte	0x1
 1662 0501 2201     		.2byte	0x122
 1663 0503 7A020000 		.4byte	0x27a
 1664 0507 02       		.uleb128 0x2
 1665 0508 91       		.byte	0x91
 1666 0509 54       		.sleb128 -44
 1667 050a 1D       		.uleb128 0x1d
 1668 050b 63687000 		.ascii	"chp\000"
 1669 050f 01       		.byte	0x1
 1670 0510 2301     		.2byte	0x123
 1671 0512 8D040000 		.4byte	0x48d
 1672 0516 02       		.uleb128 0x2
 1673 0517 91       		.byte	0x91
 1674 0518 6C       		.sleb128 -20
 1675 0519 00       		.byte	0
 1676 051a 00       		.byte	0
 1677              		.section	.debug_abbrev,"",%progbits
 1678              	.Ldebug_abbrev0:
 1679 0000 01       		.uleb128 0x1
 1680 0001 11       		.uleb128 0x11
 1681 0002 01       		.byte	0x1
 1682 0003 25       		.uleb128 0x25
 1683 0004 0E       		.uleb128 0xe
 1684 0005 13       		.uleb128 0x13
 1685 0006 0B       		.uleb128 0xb
 1686 0007 03       		.uleb128 0x3
 1687 0008 0E       		.uleb128 0xe
 1688 0009 1B       		.uleb128 0x1b
 1689 000a 0E       		.uleb128 0xe
 1690 000b 11       		.uleb128 0x11
 1691 000c 01       		.uleb128 0x1
 1692 000d 12       		.uleb128 0x12
 1693 000e 06       		.uleb128 0x6
 1694 000f 10       		.uleb128 0x10
 1695 0010 17       		.uleb128 0x17
 1696 0011 00       		.byte	0
 1697 0012 00       		.byte	0
 1698 0013 02       		.uleb128 0x2
 1699 0014 24       		.uleb128 0x24
 1700 0015 00       		.byte	0
 1701 0016 0B       		.uleb128 0xb
 1702 0017 0B       		.uleb128 0xb
 1703 0018 3E       		.uleb128 0x3e
 1704 0019 0B       		.uleb128 0xb
 1705 001a 03       		.uleb128 0x3
 1706 001b 08       		.uleb128 0x8
 1707 001c 00       		.byte	0
 1708 001d 00       		.byte	0
 1709 001e 03       		.uleb128 0x3
ARM GAS  /tmp/cckmiftk.s 			page 31


 1710 001f 16       		.uleb128 0x16
 1711 0020 00       		.byte	0
 1712 0021 03       		.uleb128 0x3
 1713 0022 0E       		.uleb128 0xe
 1714 0023 3A       		.uleb128 0x3a
 1715 0024 0B       		.uleb128 0xb
 1716 0025 3B       		.uleb128 0x3b
 1717 0026 0B       		.uleb128 0xb
 1718 0027 49       		.uleb128 0x49
 1719 0028 13       		.uleb128 0x13
 1720 0029 00       		.byte	0
 1721 002a 00       		.byte	0
 1722 002b 04       		.uleb128 0x4
 1723 002c 24       		.uleb128 0x24
 1724 002d 00       		.byte	0
 1725 002e 0B       		.uleb128 0xb
 1726 002f 0B       		.uleb128 0xb
 1727 0030 3E       		.uleb128 0x3e
 1728 0031 0B       		.uleb128 0xb
 1729 0032 03       		.uleb128 0x3
 1730 0033 0E       		.uleb128 0xe
 1731 0034 00       		.byte	0
 1732 0035 00       		.byte	0
 1733 0036 05       		.uleb128 0x5
 1734 0037 0F       		.uleb128 0xf
 1735 0038 00       		.byte	0
 1736 0039 0B       		.uleb128 0xb
 1737 003a 0B       		.uleb128 0xb
 1738 003b 00       		.byte	0
 1739 003c 00       		.byte	0
 1740 003d 06       		.uleb128 0x6
 1741 003e 0F       		.uleb128 0xf
 1742 003f 00       		.byte	0
 1743 0040 0B       		.uleb128 0xb
 1744 0041 0B       		.uleb128 0xb
 1745 0042 49       		.uleb128 0x49
 1746 0043 13       		.uleb128 0x13
 1747 0044 00       		.byte	0
 1748 0045 00       		.byte	0
 1749 0046 07       		.uleb128 0x7
 1750 0047 26       		.uleb128 0x26
 1751 0048 00       		.byte	0
 1752 0049 49       		.uleb128 0x49
 1753 004a 13       		.uleb128 0x13
 1754 004b 00       		.byte	0
 1755 004c 00       		.byte	0
 1756 004d 08       		.uleb128 0x8
 1757 004e 15       		.uleb128 0x15
 1758 004f 01       		.byte	0x1
 1759 0050 27       		.uleb128 0x27
 1760 0051 19       		.uleb128 0x19
 1761 0052 49       		.uleb128 0x49
 1762 0053 13       		.uleb128 0x13
 1763 0054 01       		.uleb128 0x1
 1764 0055 13       		.uleb128 0x13
 1765 0056 00       		.byte	0
 1766 0057 00       		.byte	0
ARM GAS  /tmp/cckmiftk.s 			page 32


 1767 0058 09       		.uleb128 0x9
 1768 0059 05       		.uleb128 0x5
 1769 005a 00       		.byte	0
 1770 005b 49       		.uleb128 0x49
 1771 005c 13       		.uleb128 0x13
 1772 005d 00       		.byte	0
 1773 005e 00       		.byte	0
 1774 005f 0A       		.uleb128 0xa
 1775 0060 13       		.uleb128 0x13
 1776 0061 01       		.byte	0x1
 1777 0062 03       		.uleb128 0x3
 1778 0063 0E       		.uleb128 0xe
 1779 0064 0B       		.uleb128 0xb
 1780 0065 0B       		.uleb128 0xb
 1781 0066 3A       		.uleb128 0x3a
 1782 0067 0B       		.uleb128 0xb
 1783 0068 3B       		.uleb128 0x3b
 1784 0069 0B       		.uleb128 0xb
 1785 006a 01       		.uleb128 0x1
 1786 006b 13       		.uleb128 0x13
 1787 006c 00       		.byte	0
 1788 006d 00       		.byte	0
 1789 006e 0B       		.uleb128 0xb
 1790 006f 0D       		.uleb128 0xd
 1791 0070 00       		.byte	0
 1792 0071 03       		.uleb128 0x3
 1793 0072 0E       		.uleb128 0xe
 1794 0073 3A       		.uleb128 0x3a
 1795 0074 0B       		.uleb128 0xb
 1796 0075 3B       		.uleb128 0x3b
 1797 0076 0B       		.uleb128 0xb
 1798 0077 49       		.uleb128 0x49
 1799 0078 13       		.uleb128 0x13
 1800 0079 38       		.uleb128 0x38
 1801 007a 0B       		.uleb128 0xb
 1802 007b 00       		.byte	0
 1803 007c 00       		.byte	0
 1804 007d 0C       		.uleb128 0xc
 1805 007e 0D       		.uleb128 0xd
 1806 007f 00       		.byte	0
 1807 0080 03       		.uleb128 0x3
 1808 0081 08       		.uleb128 0x8
 1809 0082 3A       		.uleb128 0x3a
 1810 0083 0B       		.uleb128 0xb
 1811 0084 3B       		.uleb128 0x3b
 1812 0085 0B       		.uleb128 0xb
 1813 0086 49       		.uleb128 0x49
 1814 0087 13       		.uleb128 0x13
 1815 0088 38       		.uleb128 0x38
 1816 0089 0B       		.uleb128 0xb
 1817 008a 00       		.byte	0
 1818 008b 00       		.byte	0
 1819 008c 0D       		.uleb128 0xd
 1820 008d 13       		.uleb128 0x13
 1821 008e 01       		.byte	0x1
 1822 008f 0B       		.uleb128 0xb
 1823 0090 0B       		.uleb128 0xb
ARM GAS  /tmp/cckmiftk.s 			page 33


 1824 0091 3A       		.uleb128 0x3a
 1825 0092 0B       		.uleb128 0xb
 1826 0093 3B       		.uleb128 0x3b
 1827 0094 0B       		.uleb128 0xb
 1828 0095 01       		.uleb128 0x1
 1829 0096 13       		.uleb128 0x13
 1830 0097 00       		.byte	0
 1831 0098 00       		.byte	0
 1832 0099 0E       		.uleb128 0xe
 1833 009a 0D       		.uleb128 0xd
 1834 009b 00       		.byte	0
 1835 009c 03       		.uleb128 0x3
 1836 009d 0E       		.uleb128 0xe
 1837 009e 49       		.uleb128 0x49
 1838 009f 13       		.uleb128 0x13
 1839 00a0 38       		.uleb128 0x38
 1840 00a1 0B       		.uleb128 0xb
 1841 00a2 34       		.uleb128 0x34
 1842 00a3 19       		.uleb128 0x19
 1843 00a4 00       		.byte	0
 1844 00a5 00       		.byte	0
 1845 00a6 0F       		.uleb128 0xf
 1846 00a7 2E       		.uleb128 0x2e
 1847 00a8 01       		.byte	0x1
 1848 00a9 03       		.uleb128 0x3
 1849 00aa 0E       		.uleb128 0xe
 1850 00ab 3A       		.uleb128 0x3a
 1851 00ac 0B       		.uleb128 0xb
 1852 00ad 3B       		.uleb128 0x3b
 1853 00ae 0B       		.uleb128 0xb
 1854 00af 27       		.uleb128 0x27
 1855 00b0 19       		.uleb128 0x19
 1856 00b1 49       		.uleb128 0x49
 1857 00b2 13       		.uleb128 0x13
 1858 00b3 11       		.uleb128 0x11
 1859 00b4 01       		.uleb128 0x1
 1860 00b5 12       		.uleb128 0x12
 1861 00b6 06       		.uleb128 0x6
 1862 00b7 40       		.uleb128 0x40
 1863 00b8 18       		.uleb128 0x18
 1864 00b9 9742     		.uleb128 0x2117
 1865 00bb 19       		.uleb128 0x19
 1866 00bc 01       		.uleb128 0x1
 1867 00bd 13       		.uleb128 0x13
 1868 00be 00       		.byte	0
 1869 00bf 00       		.byte	0
 1870 00c0 10       		.uleb128 0x10
 1871 00c1 05       		.uleb128 0x5
 1872 00c2 00       		.byte	0
 1873 00c3 03       		.uleb128 0x3
 1874 00c4 08       		.uleb128 0x8
 1875 00c5 3A       		.uleb128 0x3a
 1876 00c6 0B       		.uleb128 0xb
 1877 00c7 3B       		.uleb128 0x3b
 1878 00c8 0B       		.uleb128 0xb
 1879 00c9 49       		.uleb128 0x49
 1880 00ca 13       		.uleb128 0x13
ARM GAS  /tmp/cckmiftk.s 			page 34


 1881 00cb 02       		.uleb128 0x2
 1882 00cc 18       		.uleb128 0x18
 1883 00cd 00       		.byte	0
 1884 00ce 00       		.byte	0
 1885 00cf 11       		.uleb128 0x11
 1886 00d0 05       		.uleb128 0x5
 1887 00d1 00       		.byte	0
 1888 00d2 03       		.uleb128 0x3
 1889 00d3 0E       		.uleb128 0xe
 1890 00d4 3A       		.uleb128 0x3a
 1891 00d5 0B       		.uleb128 0xb
 1892 00d6 3B       		.uleb128 0x3b
 1893 00d7 0B       		.uleb128 0xb
 1894 00d8 49       		.uleb128 0x49
 1895 00d9 13       		.uleb128 0x13
 1896 00da 02       		.uleb128 0x2
 1897 00db 18       		.uleb128 0x18
 1898 00dc 00       		.byte	0
 1899 00dd 00       		.byte	0
 1900 00de 12       		.uleb128 0x12
 1901 00df 34       		.uleb128 0x34
 1902 00e0 00       		.byte	0
 1903 00e1 03       		.uleb128 0x3
 1904 00e2 08       		.uleb128 0x8
 1905 00e3 3A       		.uleb128 0x3a
 1906 00e4 0B       		.uleb128 0xb
 1907 00e5 3B       		.uleb128 0x3b
 1908 00e6 0B       		.uleb128 0xb
 1909 00e7 49       		.uleb128 0x49
 1910 00e8 13       		.uleb128 0x13
 1911 00e9 02       		.uleb128 0x2
 1912 00ea 18       		.uleb128 0x18
 1913 00eb 00       		.byte	0
 1914 00ec 00       		.byte	0
 1915 00ed 13       		.uleb128 0x13
 1916 00ee 2E       		.uleb128 0x2e
 1917 00ef 01       		.byte	0x1
 1918 00f0 03       		.uleb128 0x3
 1919 00f1 0E       		.uleb128 0xe
 1920 00f2 3A       		.uleb128 0x3a
 1921 00f3 0B       		.uleb128 0xb
 1922 00f4 3B       		.uleb128 0x3b
 1923 00f5 0B       		.uleb128 0xb
 1924 00f6 27       		.uleb128 0x27
 1925 00f7 19       		.uleb128 0x19
 1926 00f8 49       		.uleb128 0x49
 1927 00f9 13       		.uleb128 0x13
 1928 00fa 11       		.uleb128 0x11
 1929 00fb 01       		.uleb128 0x1
 1930 00fc 12       		.uleb128 0x12
 1931 00fd 06       		.uleb128 0x6
 1932 00fe 40       		.uleb128 0x40
 1933 00ff 18       		.uleb128 0x18
 1934 0100 9642     		.uleb128 0x2116
 1935 0102 19       		.uleb128 0x19
 1936 0103 01       		.uleb128 0x1
 1937 0104 13       		.uleb128 0x13
ARM GAS  /tmp/cckmiftk.s 			page 35


 1938 0105 00       		.byte	0
 1939 0106 00       		.byte	0
 1940 0107 14       		.uleb128 0x14
 1941 0108 34       		.uleb128 0x34
 1942 0109 00       		.byte	0
 1943 010a 03       		.uleb128 0x3
 1944 010b 0E       		.uleb128 0xe
 1945 010c 3A       		.uleb128 0x3a
 1946 010d 0B       		.uleb128 0xb
 1947 010e 3B       		.uleb128 0x3b
 1948 010f 0B       		.uleb128 0xb
 1949 0110 49       		.uleb128 0x49
 1950 0111 13       		.uleb128 0x13
 1951 0112 02       		.uleb128 0x2
 1952 0113 18       		.uleb128 0x18
 1953 0114 00       		.byte	0
 1954 0115 00       		.byte	0
 1955 0116 15       		.uleb128 0x15
 1956 0117 2E       		.uleb128 0x2e
 1957 0118 01       		.byte	0x1
 1958 0119 3F       		.uleb128 0x3f
 1959 011a 19       		.uleb128 0x19
 1960 011b 03       		.uleb128 0x3
 1961 011c 0E       		.uleb128 0xe
 1962 011d 3A       		.uleb128 0x3a
 1963 011e 0B       		.uleb128 0xb
 1964 011f 3B       		.uleb128 0x3b
 1965 0120 0B       		.uleb128 0xb
 1966 0121 27       		.uleb128 0x27
 1967 0122 19       		.uleb128 0x19
 1968 0123 11       		.uleb128 0x11
 1969 0124 01       		.uleb128 0x1
 1970 0125 12       		.uleb128 0x12
 1971 0126 06       		.uleb128 0x6
 1972 0127 40       		.uleb128 0x40
 1973 0128 18       		.uleb128 0x18
 1974 0129 9642     		.uleb128 0x2116
 1975 012b 19       		.uleb128 0x19
 1976 012c 01       		.uleb128 0x1
 1977 012d 13       		.uleb128 0x13
 1978 012e 00       		.byte	0
 1979 012f 00       		.byte	0
 1980 0130 16       		.uleb128 0x16
 1981 0131 0A       		.uleb128 0xa
 1982 0132 00       		.byte	0
 1983 0133 03       		.uleb128 0x3
 1984 0134 0E       		.uleb128 0xe
 1985 0135 3A       		.uleb128 0x3a
 1986 0136 0B       		.uleb128 0xb
 1987 0137 3B       		.uleb128 0x3b
 1988 0138 0B       		.uleb128 0xb
 1989 0139 11       		.uleb128 0x11
 1990 013a 01       		.uleb128 0x1
 1991 013b 00       		.byte	0
 1992 013c 00       		.byte	0
 1993 013d 17       		.uleb128 0x17
 1994 013e 01       		.uleb128 0x1
ARM GAS  /tmp/cckmiftk.s 			page 36


 1995 013f 01       		.byte	0x1
 1996 0140 49       		.uleb128 0x49
 1997 0141 13       		.uleb128 0x13
 1998 0142 01       		.uleb128 0x1
 1999 0143 13       		.uleb128 0x13
 2000 0144 00       		.byte	0
 2001 0145 00       		.byte	0
 2002 0146 18       		.uleb128 0x18
 2003 0147 21       		.uleb128 0x21
 2004 0148 00       		.byte	0
 2005 0149 49       		.uleb128 0x49
 2006 014a 13       		.uleb128 0x13
 2007 014b 2F       		.uleb128 0x2f
 2008 014c 0B       		.uleb128 0xb
 2009 014d 00       		.byte	0
 2010 014e 00       		.byte	0
 2011 014f 19       		.uleb128 0x19
 2012 0150 2E       		.uleb128 0x2e
 2013 0151 01       		.byte	0x1
 2014 0152 3F       		.uleb128 0x3f
 2015 0153 19       		.uleb128 0x19
 2016 0154 03       		.uleb128 0x3
 2017 0155 0E       		.uleb128 0xe
 2018 0156 3A       		.uleb128 0x3a
 2019 0157 0B       		.uleb128 0xb
 2020 0158 3B       		.uleb128 0x3b
 2021 0159 05       		.uleb128 0x5
 2022 015a 27       		.uleb128 0x27
 2023 015b 19       		.uleb128 0x19
 2024 015c 49       		.uleb128 0x49
 2025 015d 13       		.uleb128 0x13
 2026 015e 11       		.uleb128 0x11
 2027 015f 01       		.uleb128 0x1
 2028 0160 12       		.uleb128 0x12
 2029 0161 06       		.uleb128 0x6
 2030 0162 40       		.uleb128 0x40
 2031 0163 18       		.uleb128 0x18
 2032 0164 9642     		.uleb128 0x2116
 2033 0166 19       		.uleb128 0x19
 2034 0167 00       		.byte	0
 2035 0168 00       		.byte	0
 2036 0169 1A       		.uleb128 0x1a
 2037 016a 05       		.uleb128 0x5
 2038 016b 00       		.byte	0
 2039 016c 03       		.uleb128 0x3
 2040 016d 08       		.uleb128 0x8
 2041 016e 3A       		.uleb128 0x3a
 2042 016f 0B       		.uleb128 0xb
 2043 0170 3B       		.uleb128 0x3b
 2044 0171 05       		.uleb128 0x5
 2045 0172 49       		.uleb128 0x49
 2046 0173 13       		.uleb128 0x13
 2047 0174 02       		.uleb128 0x2
 2048 0175 18       		.uleb128 0x18
 2049 0176 00       		.byte	0
 2050 0177 00       		.byte	0
 2051 0178 1B       		.uleb128 0x1b
ARM GAS  /tmp/cckmiftk.s 			page 37


 2052 0179 05       		.uleb128 0x5
 2053 017a 00       		.byte	0
 2054 017b 03       		.uleb128 0x3
 2055 017c 0E       		.uleb128 0xe
 2056 017d 3A       		.uleb128 0x3a
 2057 017e 0B       		.uleb128 0xb
 2058 017f 3B       		.uleb128 0x3b
 2059 0180 05       		.uleb128 0x5
 2060 0181 49       		.uleb128 0x49
 2061 0182 13       		.uleb128 0x13
 2062 0183 02       		.uleb128 0x2
 2063 0184 18       		.uleb128 0x18
 2064 0185 00       		.byte	0
 2065 0186 00       		.byte	0
 2066 0187 1C       		.uleb128 0x1c
 2067 0188 18       		.uleb128 0x18
 2068 0189 00       		.byte	0
 2069 018a 00       		.byte	0
 2070 018b 00       		.byte	0
 2071 018c 1D       		.uleb128 0x1d
 2072 018d 34       		.uleb128 0x34
 2073 018e 00       		.byte	0
 2074 018f 03       		.uleb128 0x3
 2075 0190 08       		.uleb128 0x8
 2076 0191 3A       		.uleb128 0x3a
 2077 0192 0B       		.uleb128 0xb
 2078 0193 3B       		.uleb128 0x3b
 2079 0194 05       		.uleb128 0x5
 2080 0195 49       		.uleb128 0x49
 2081 0196 13       		.uleb128 0x13
 2082 0197 02       		.uleb128 0x2
 2083 0198 18       		.uleb128 0x18
 2084 0199 00       		.byte	0
 2085 019a 00       		.byte	0
 2086 019b 00       		.byte	0
 2087              		.section	.debug_aranges,"",%progbits
 2088 0000 1C000000 		.4byte	0x1c
 2089 0004 0200     		.2byte	0x2
 2090 0006 00000000 		.4byte	.Ldebug_info0
 2091 000a 04       		.byte	0x4
 2092 000b 00       		.byte	0
 2093 000c 0000     		.2byte	0
 2094 000e 0000     		.2byte	0
 2095 0010 00000000 		.4byte	.Ltext0
 2096 0014 26060000 		.4byte	.Letext0-.Ltext0
 2097 0018 00000000 		.4byte	0
 2098 001c 00000000 		.4byte	0
 2099              		.section	.debug_line,"",%progbits
 2100              	.Ldebug_line0:
 2101 0000 F4020000 		.section	.debug_str,"MS",%progbits,1
 2101      0200F401 
 2101      00000201 
 2101      FB0E0D00 
 2101      01010101 
 2102              	.LASF2:
 2103 0000 73697A65 		.ascii	"size_t\000"
 2103      5F7400
ARM GAS  /tmp/cckmiftk.s 			page 38


 2104              	.LASF3:
 2105 0007 5F5F7569 		.ascii	"__uint8_t\000"
 2105      6E74385F 
 2105      7400
 2106              	.LASF25:
 2107 0011 76615F6C 		.ascii	"va_list\000"
 2107      69737400 
 2108              	.LASF35:
 2109 0019 66746F61 		.ascii	"ftoa\000"
 2109      00
 2110              	.LASF11:
 2111 001e 6C6F6E67 		.ascii	"long long unsigned int\000"
 2111      206C6F6E 
 2111      6720756E 
 2111      7369676E 
 2111      65642069 
 2112              	.LASF10:
 2113 0035 6C6F6E67 		.ascii	"long long int\000"
 2113      206C6F6E 
 2113      6720696E 
 2113      7400
 2114              	.LASF1:
 2115 0043 7369676E 		.ascii	"signed char\000"
 2115      65642063 
 2115      68617200 
 2116              	.LASF14:
 2117 004f 626F6F6C 		.ascii	"bool_t\000"
 2117      5F7400
 2118              	.LASF47:
 2119 0056 2F6F7074 		.ascii	"/opt/R2P/core/ChibiOS_2.6.5/os/various/chprintf.c\000"
 2119      2F523250 
 2119      2F636F72 
 2119      652F4368 
 2119      6962694F 
 2120              	.LASF42:
 2121 0088 746D7062 		.ascii	"tmpbuf\000"
 2121      756600
 2122              	.LASF8:
 2123 008f 6C6F6E67 		.ascii	"long int\000"
 2123      20696E74 
 2123      00
 2124              	.LASF45:
 2125 0098 6368736E 		.ascii	"chsnprintf\000"
 2125      7072696E 
 2125      746600
 2126              	.LASF24:
 2127 00a3 5F5F7661 		.ascii	"__va_list\000"
 2127      5F6C6973 
 2127      7400
 2128              	.LASF37:
 2129 00ad 646F7562 		.ascii	"double\000"
 2129      6C6500
 2130              	.LASF27:
 2131 00b4 62756666 		.ascii	"buffer\000"
 2131      657200
 2132              	.LASF38:
 2133 00bb 66696C6C 		.ascii	"filler\000"
ARM GAS  /tmp/cckmiftk.s 			page 39


 2133      657200
 2134              	.LASF40:
 2135 00c2 69735F6C 		.ascii	"is_long\000"
 2135      6F6E6700 
 2136              	.LASF21:
 2137 00ca 42617365 		.ascii	"BaseSequentialStream\000"
 2137      53657175 
 2137      656E7469 
 2137      616C5374 
 2137      7265616D 
 2138              	.LASF0:
 2139 00df 756E7369 		.ascii	"unsigned int\000"
 2139      676E6564 
 2139      20696E74 
 2139      00
 2140              	.LASF9:
 2141 00ec 6C6F6E67 		.ascii	"long unsigned int\000"
 2141      20756E73 
 2141      69676E65 
 2141      6420696E 
 2141      7400
 2142              	.LASF41:
 2143 00fe 6C656674 		.ascii	"left_align\000"
 2143      5F616C69 
 2143      676E00
 2144              	.LASF39:
 2145 0109 77696474 		.ascii	"width\000"
 2145      6800
 2146              	.LASF28:
 2147 010f 73697A65 		.ascii	"size\000"
 2147      00
 2148              	.LASF6:
 2149 0114 73686F72 		.ascii	"short unsigned int\000"
 2149      7420756E 
 2149      7369676E 
 2149      65642069 
 2149      6E7400
 2150              	.LASF16:
 2151 0127 6D73675F 		.ascii	"msg_t\000"
 2151      7400
 2152              	.LASF34:
 2153 012d 6C746F61 		.ascii	"ltoa\000"
 2153      00
 2154              	.LASF19:
 2155 0132 77726974 		.ascii	"write\000"
 2155      6500
 2156              	.LASF17:
 2157 0138 73697A65 		.ascii	"sizetype\000"
 2157      74797065 
 2157      00
 2158              	.LASF50:
 2159 0141 756E7369 		.ascii	"unsigned_common\000"
 2159      676E6564 
 2159      5F636F6D 
 2159      6D6F6E00 
 2160              	.LASF32:
 2161 0151 64697669 		.ascii	"divisor\000"
ARM GAS  /tmp/cckmiftk.s 			page 40


 2161      736F7200 
 2162              	.LASF22:
 2163 0159 5F5F676E 		.ascii	"__gnuc_va_list\000"
 2163      75635F76 
 2163      615F6C69 
 2163      737400
 2164              	.LASF26:
 2165 0168 4D656D53 		.ascii	"MemStreamVMT\000"
 2165      74726561 
 2165      6D564D54 
 2165      00
 2166              	.LASF48:
 2167 0175 2F686F6D 		.ascii	"/home/tino/workspace/openrobots/Middleware_v2-new/\000"
 2167      652F7469 
 2167      6E6F2F77 
 2167      6F726B73 
 2167      70616365 
 2168              	.LASF30:
 2169 01a8 4D656D6F 		.ascii	"MemoryStream\000"
 2169      72795374 
 2169      7265616D 
 2169      00
 2170              	.LASF15:
 2171 01b5 5F426F6F 		.ascii	"_Bool\000"
 2171      6C00
 2172              	.LASF13:
 2173 01bb 696E7433 		.ascii	"int32_t\000"
 2173      325F7400 
 2174              	.LASF4:
 2175 01c3 756E7369 		.ascii	"unsigned char\000"
 2175      676E6564 
 2175      20636861 
 2175      7200
 2176              	.LASF5:
 2177 01d1 73686F72 		.ascii	"short int\000"
 2177      7420696E 
 2177      7400
 2178              	.LASF23:
 2179 01db 42617365 		.ascii	"BaseSequentialStreamVMT\000"
 2179      53657175 
 2179      656E7469 
 2179      616C5374 
 2179      7265616D 
 2180              	.LASF31:
 2181 01f3 72616469 		.ascii	"radix\000"
 2181      7800
 2182              	.LASF46:
 2183 01f9 474E5520 		.ascii	"GNU C 4.9.3 20141119 (release) [ARM/embedded-4_9-br"
 2183      4320342E 
 2183      392E3320 
 2183      32303134 
 2183      31313139 
 2184 022c 616E6368 		.ascii	"anch revision 218278] -mcpu=cortex-m4 -mno-thumb-in"
 2184      20726576 
 2184      6973696F 
 2184      6E203231 
 2184      38323738 
ARM GAS  /tmp/cckmiftk.s 			page 41


 2185 025f 74657277 		.ascii	"terwork -mthumb -ggdb -O0 -fomit-frame-pointer\000"
 2185      6F726B20 
 2185      2D6D7468 
 2185      756D6220 
 2185      2D676764 
 2186              	.LASF18:
 2187 028e 63686172 		.ascii	"char\000"
 2187      00
 2188              	.LASF36:
 2189 0293 70726563 		.ascii	"precision\000"
 2189      6973696F 
 2189      6E00
 2190              	.LASF7:
 2191 029d 5F5F696E 		.ascii	"__int32_t\000"
 2191      7433325F 
 2191      7400
 2192              	.LASF29:
 2193 02a7 6F666673 		.ascii	"offset\000"
 2193      657400
 2194              	.LASF49:
 2195 02ae 5F5F6170 		.ascii	"__ap\000"
 2195      00
 2196              	.LASF12:
 2197 02b3 75696E74 		.ascii	"uint8_t\000"
 2197      385F7400 
 2198              	.LASF44:
 2199 02bb 63687670 		.ascii	"chvprintf\000"
 2199      72696E74 
 2199      6600
 2200              	.LASF43:
 2201 02c5 666C6F61 		.ascii	"float\000"
 2201      7400
 2202              	.LASF20:
 2203 02cb 72656164 		.ascii	"read\000"
 2203      00
 2204              	.LASF33:
 2205 02d0 6C6F6E67 		.ascii	"long_to_string_with_divisor\000"
 2205      5F746F5F 
 2205      73747269 
 2205      6E675F77 
 2205      6974685F 
 2206              		.ident	"GCC: (GNU Tools for ARM Embedded Processors) 4.9.3 20141119 (release) [ARM/embedded-4_9-br
ARM GAS  /tmp/cckmiftk.s 			page 42


DEFINED SYMBOLS
                            *ABS*:00000000 chprintf.c
     /tmp/cckmiftk.s:18     .text:00000000 $t
     /tmp/cckmiftk.s:22     .text:00000000 long_to_string_with_divisor
     /tmp/cckmiftk.s:138    .text:000000a0 ltoa
     /tmp/cckmiftk.s:177    .text:000000c0 ftoa
     /tmp/cckmiftk.s:257    .text:0000014c $d
     /tmp/cckmiftk.s:263    .rodata:00000000 $d
     /tmp/cckmiftk.s:270    .text:00000154 $t
     /tmp/cckmiftk.s:275    .text:00000154 chvprintf
     /tmp/cckmiftk.s:530    .text:000002f8 $d
     /tmp/cckmiftk.s:583    .text:000003cc $t
     /tmp/cckmiftk.s:916    .text:000005dc $d
     /tmp/cckmiftk.s:920    .text:000005e0 $t
     /tmp/cckmiftk.s:925    .text:000005e0 chsnprintf
                     .debug_frame:00000010 $d

UNDEFINED SYMBOLS
__aeabi_d2iz
__aeabi_i2d
__aeabi_dsub
__aeabi_ui2d
__aeabi_dmul
__aeabi_d2f
__aeabi_fcmplt
__aeabi_f2d
msObjectInit
