ARM GAS  /tmp/ccuuRUTg.s 			page 1


   1              		.syntax unified
   2              		.cpu cortex-m4
   3              		.fpu softvfp
   4              		.eabi_attribute 20, 1
   5              		.eabi_attribute 21, 1
   6              		.eabi_attribute 23, 3
   7              		.eabi_attribute 24, 1
   8              		.eabi_attribute 25, 1
   9              		.eabi_attribute 26, 1
  10              		.eabi_attribute 30, 6
  11              		.eabi_attribute 34, 1
  12              		.eabi_attribute 18, 4
  13              		.thumb
  14              		.file	"chschd.c"
  15              		.text
  16              	.Ltext0:
  17              		.cfi_sections	.debug_frame
  18              		.align	2
  19              		.thumb
  20              		.thumb_func
  21              		.type	fifo_remove, %function
  22              	fifo_remove:
  23              	.LFB2:
  24              		.file 1 "/opt/R2P/core/ChibiOS_2.6.5/os/kernel/include/chinline.h"
  25              		.loc 1 59 0
  26              		.cfi_startproc
  27              		@ args = 0, pretend = 0, frame = 16
  28              		@ frame_needed = 0, uses_anonymous_args = 0
  29              		@ link register save eliminated.
  30 0000 84B0     		sub	sp, sp, #16
  31              		.cfi_def_cfa_offset 16
  32 0002 0190     		str	r0, [sp, #4]
  33              		.loc 1 60 0
  34 0004 019B     		ldr	r3, [sp, #4]
  35 0006 1B68     		ldr	r3, [r3]
  36 0008 0393     		str	r3, [sp, #12]
  37              		.loc 1 62 0
  38 000a 039B     		ldr	r3, [sp, #12]
  39 000c 1A68     		ldr	r2, [r3]
  40 000e 019B     		ldr	r3, [sp, #4]
  41 0010 1A60     		str	r2, [r3]
  42 0012 019B     		ldr	r3, [sp, #4]
  43 0014 1B68     		ldr	r3, [r3]
  44 0016 019A     		ldr	r2, [sp, #4]
  45 0018 5A60     		str	r2, [r3, #4]
  46              		.loc 1 63 0
  47 001a 039B     		ldr	r3, [sp, #12]
  48              		.loc 1 64 0
  49 001c 1846     		mov	r0, r3
  50 001e 04B0     		add	sp, sp, #16
  51              		.cfi_def_cfa_offset 0
  52              		@ sp needed
  53 0020 7047     		bx	lr
  54              		.cfi_endproc
  55              	.LFE2:
  56              		.size	fifo_remove, .-fifo_remove
  57 0022 00BF     		.align	2
ARM GAS  /tmp/ccuuRUTg.s 			page 2


  58              		.thumb
  59              		.thumb_func
  60              		.type	dequeue, %function
  61              	dequeue:
  62              	.LFB4:
  63              		.loc 1 73 0
  64              		.cfi_startproc
  65              		@ args = 0, pretend = 0, frame = 8
  66              		@ frame_needed = 0, uses_anonymous_args = 0
  67              		@ link register save eliminated.
  68 0024 82B0     		sub	sp, sp, #8
  69              		.cfi_def_cfa_offset 8
  70 0026 0190     		str	r0, [sp, #4]
  71              		.loc 1 75 0
  72 0028 019B     		ldr	r3, [sp, #4]
  73 002a 5B68     		ldr	r3, [r3, #4]
  74 002c 019A     		ldr	r2, [sp, #4]
  75 002e 1268     		ldr	r2, [r2]
  76 0030 1A60     		str	r2, [r3]
  77              		.loc 1 76 0
  78 0032 019B     		ldr	r3, [sp, #4]
  79 0034 1B68     		ldr	r3, [r3]
  80 0036 019A     		ldr	r2, [sp, #4]
  81 0038 5268     		ldr	r2, [r2, #4]
  82 003a 5A60     		str	r2, [r3, #4]
  83              		.loc 1 77 0
  84 003c 019B     		ldr	r3, [sp, #4]
  85              		.loc 1 78 0
  86 003e 1846     		mov	r0, r3
  87 0040 02B0     		add	sp, sp, #8
  88              		.cfi_def_cfa_offset 0
  89              		@ sp needed
  90 0042 7047     		bx	lr
  91              		.cfi_endproc
  92              	.LFE4:
  93              		.size	dequeue, .-dequeue
  94              		.comm	rlist,28,4
  95              		.align	2
  96              		.global	_scheduler_init
  97              		.thumb
  98              		.thumb_func
  99              		.type	_scheduler_init, %function
 100              	_scheduler_init:
 101              	.LFB7:
 102              		.file 2 "/opt/R2P/core/ChibiOS_2.6.5/os/kernel/src/chschd.c"
 103              		.loc 2 55 0
 104              		.cfi_startproc
 105              		@ args = 0, pretend = 0, frame = 0
 106              		@ frame_needed = 0, uses_anonymous_args = 0
 107              		@ link register save eliminated.
 108              		.loc 2 57 0
 109 0044 084B     		ldr	r3, .L6
 110 0046 084A     		ldr	r2, .L6
 111 0048 5A60     		str	r2, [r3, #4]
 112 004a 074B     		ldr	r3, .L6
 113 004c 5B68     		ldr	r3, [r3, #4]
 114 004e 064A     		ldr	r2, .L6
ARM GAS  /tmp/ccuuRUTg.s 			page 3


 115 0050 1360     		str	r3, [r2]
 116              		.loc 2 58 0
 117 0052 054B     		ldr	r3, .L6
 118 0054 0022     		movs	r2, #0
 119 0056 9A60     		str	r2, [r3, #8]
 120              		.loc 2 60 0
 121 0058 034B     		ldr	r3, .L6
 122 005a 034A     		ldr	r2, .L6
 123 005c 5A61     		str	r2, [r3, #20]
 124 005e 024B     		ldr	r3, .L6
 125 0060 5B69     		ldr	r3, [r3, #20]
 126 0062 014A     		ldr	r2, .L6
 127 0064 1361     		str	r3, [r2, #16]
 128              		.loc 2 62 0
 129 0066 7047     		bx	lr
 130              	.L7:
 131              		.align	2
 132              	.L6:
 133 0068 00000000 		.word	rlist
 134              		.cfi_endproc
 135              	.LFE7:
 136              		.size	_scheduler_init, .-_scheduler_init
 137              		.section	.rodata
 138              		.align	2
 139              	.LC0:
 140 0000 63685363 		.ascii	"chSchReadyI(), #1\000"
 140      68526561 
 140      64794928 
 140      292C2023 
 140      3100
 141              		.text
 142              		.align	2
 143              		.global	chSchReadyI
 144              		.thumb
 145              		.thumb_func
 146              		.type	chSchReadyI, %function
 147              	chSchReadyI:
 148              	.LFB8:
 149              		.loc 2 81 0
 150              		.cfi_startproc
 151              		@ args = 0, pretend = 0, frame = 16
 152              		@ frame_needed = 0, uses_anonymous_args = 0
 153 006c 00B5     		push	{lr}
 154              		.cfi_def_cfa_offset 4
 155              		.cfi_offset 14, -4
 156 006e 85B0     		sub	sp, sp, #20
 157              		.cfi_def_cfa_offset 24
 158 0070 0190     		str	r0, [sp, #4]
 159              		.loc 2 84 0
 160 0072 FFF7FEFF 		bl	chDbgCheckClassI
 161              		.loc 2 87 0
 162 0076 019B     		ldr	r3, [sp, #4]
 163 0078 93F82030 		ldrb	r3, [r3, #32]	@ zero_extendqisi2
 164 007c 002B     		cmp	r3, #0
 165 007e 04D0     		beq	.L9
 166              		.loc 2 87 0 is_stmt 0 discriminator 2
 167 0080 019B     		ldr	r3, [sp, #4]
ARM GAS  /tmp/ccuuRUTg.s 			page 4


 168 0082 93F82030 		ldrb	r3, [r3, #32]	@ zero_extendqisi2
 169 0086 0E2B     		cmp	r3, #14
 170 0088 02D1     		bne	.L10
 171              	.L9:
 172              		.loc 2 87 0 discriminator 3
 173 008a 1348     		ldr	r0, .L13
 174 008c FFF7FEFF 		bl	chDbgPanic
 175              	.L10:
 176              		.loc 2 92 0 is_stmt 1
 177 0090 019B     		ldr	r3, [sp, #4]
 178 0092 0022     		movs	r2, #0
 179 0094 83F82020 		strb	r2, [r3, #32]
 180              		.loc 2 93 0
 181 0098 104B     		ldr	r3, .L13+4
 182 009a 0393     		str	r3, [sp, #12]
 183              	.L11:
 184              		.loc 2 95 0 discriminator 1
 185 009c 039B     		ldr	r3, [sp, #12]
 186 009e 1B68     		ldr	r3, [r3]
 187 00a0 0393     		str	r3, [sp, #12]
 188              		.loc 2 96 0 discriminator 1
 189 00a2 039B     		ldr	r3, [sp, #12]
 190 00a4 9A68     		ldr	r2, [r3, #8]
 191 00a6 019B     		ldr	r3, [sp, #4]
 192 00a8 9B68     		ldr	r3, [r3, #8]
 193 00aa 9A42     		cmp	r2, r3
 194 00ac F6D2     		bcs	.L11
 195              		.loc 2 98 0
 196 00ae 019B     		ldr	r3, [sp, #4]
 197 00b0 039A     		ldr	r2, [sp, #12]
 198 00b2 1A60     		str	r2, [r3]
 199              		.loc 2 99 0
 200 00b4 039B     		ldr	r3, [sp, #12]
 201 00b6 5A68     		ldr	r2, [r3, #4]
 202 00b8 019B     		ldr	r3, [sp, #4]
 203 00ba 5A60     		str	r2, [r3, #4]
 204              		.loc 2 100 0
 205 00bc 019B     		ldr	r3, [sp, #4]
 206 00be 5B68     		ldr	r3, [r3, #4]
 207 00c0 039A     		ldr	r2, [sp, #12]
 208 00c2 0199     		ldr	r1, [sp, #4]
 209 00c4 5160     		str	r1, [r2, #4]
 210 00c6 039A     		ldr	r2, [sp, #12]
 211 00c8 5268     		ldr	r2, [r2, #4]
 212 00ca 1A60     		str	r2, [r3]
 213              		.loc 2 101 0
 214 00cc 019B     		ldr	r3, [sp, #4]
 215              		.loc 2 102 0
 216 00ce 1846     		mov	r0, r3
 217 00d0 05B0     		add	sp, sp, #20
 218              		.cfi_def_cfa_offset 4
 219              		@ sp needed
 220 00d2 5DF804FB 		ldr	pc, [sp], #4
 221              	.L14:
 222 00d6 00BF     		.align	2
 223              	.L13:
 224 00d8 00000000 		.word	.LC0
ARM GAS  /tmp/ccuuRUTg.s 			page 5


 225 00dc 00000000 		.word	rlist
 226              		.cfi_endproc
 227              	.LFE8:
 228              		.size	chSchReadyI, .-chSchReadyI
 229              		.section	.rodata
 230 0012 0000     		.align	2
 231              	.LC1:
 232 0014 73746163 		.ascii	"stack overflow\000"
 232      6B206F76 
 232      6572666C 
 232      6F7700
 233 0023 00       		.text
 234              		.align	2
 235              		.global	chSchGoSleepS
 236              		.thumb
 237              		.thumb_func
 238              		.type	chSchGoSleepS, %function
 239              	chSchGoSleepS:
 240              	.LFB9:
 241              		.loc 2 115 0
 242              		.cfi_startproc
 243              		@ args = 0, pretend = 0, frame = 16
 244              		@ frame_needed = 0, uses_anonymous_args = 0
 245 00e0 00B5     		push	{lr}
 246              		.cfi_def_cfa_offset 4
 247              		.cfi_offset 14, -4
 248 00e2 85B0     		sub	sp, sp, #20
 249              		.cfi_def_cfa_offset 24
 250 00e4 0346     		mov	r3, r0
 251 00e6 8DF80730 		strb	r3, [sp, #7]
 252              		.loc 2 118 0
 253 00ea FFF7FEFF 		bl	chDbgCheckClassS
 254              		.loc 2 120 0
 255 00ee 144B     		ldr	r3, .L17
 256 00f0 9B69     		ldr	r3, [r3, #24]
 257 00f2 0393     		str	r3, [sp, #12]
 258 00f4 039B     		ldr	r3, [sp, #12]
 259 00f6 9DF80720 		ldrb	r2, [sp, #7]
 260 00fa 83F82020 		strb	r2, [r3, #32]
 261              		.loc 2 126 0
 262 00fe 1048     		ldr	r0, .L17
 263 0100 FFF77EFF 		bl	fifo_remove
 264 0104 0246     		mov	r2, r0
 265 0106 0E4B     		ldr	r3, .L17
 266 0108 9A61     		str	r2, [r3, #24]
 267              		.loc 2 127 0
 268 010a 0D4B     		ldr	r3, .L17
 269 010c 9B69     		ldr	r3, [r3, #24]
 270 010e 0122     		movs	r2, #1
 271 0110 83F82020 		strb	r2, [r3, #32]
 272              		.loc 2 128 0
 273 0114 0398     		ldr	r0, [sp, #12]
 274 0116 FFF7FEFF 		bl	dbg_trace
 275              	.LBB2:
 276 011a 6B46     		mov	r3, sp
 277 011c A3F12402 		sub	r2, r3, #36
 278 0120 039B     		ldr	r3, [sp, #12]
ARM GAS  /tmp/ccuuRUTg.s 			page 6


 279 0122 DB69     		ldr	r3, [r3, #28]
 280 0124 9A42     		cmp	r2, r3
 281 0126 02D2     		bcs	.L16
 282              		.loc 2 128 0 is_stmt 0 discriminator 1
 283 0128 0648     		ldr	r0, .L17+4
 284 012a FFF7FEFF 		bl	chDbgPanic
 285              	.L16:
 286              		.loc 2 128 0 discriminator 3
 287 012e 044B     		ldr	r3, .L17
 288 0130 9B69     		ldr	r3, [r3, #24]
 289 0132 1846     		mov	r0, r3
 290 0134 0399     		ldr	r1, [sp, #12]
 291 0136 FFF7FEFF 		bl	_port_switch
 292              	.LBE2:
 293              		.loc 2 129 0 is_stmt 1 discriminator 3
 294 013a 05B0     		add	sp, sp, #20
 295              		.cfi_def_cfa_offset 4
 296              		@ sp needed
 297 013c 5DF804FB 		ldr	pc, [sp], #4
 298              	.L18:
 299              		.align	2
 300              	.L17:
 301 0140 00000000 		.word	rlist
 302 0144 14000000 		.word	.LC1
 303              		.cfi_endproc
 304              	.LFE9:
 305              		.size	chSchGoSleepS, .-chSchGoSleepS
 306              		.align	2
 307              		.thumb
 308              		.thumb_func
 309              		.type	wakeup, %function
 310              	wakeup:
 311              	.LFB10:
 312              		.loc 2 136 0
 313              		.cfi_startproc
 314              		@ args = 0, pretend = 0, frame = 16
 315              		@ frame_needed = 0, uses_anonymous_args = 0
 316 0148 00B5     		push	{lr}
 317              		.cfi_def_cfa_offset 4
 318              		.cfi_offset 14, -4
 319 014a 85B0     		sub	sp, sp, #20
 320              		.cfi_def_cfa_offset 24
 321 014c 0190     		str	r0, [sp, #4]
 322              		.loc 2 137 0
 323 014e 019B     		ldr	r3, [sp, #4]
 324 0150 0393     		str	r3, [sp, #12]
 325              	.LBB3:
 326              		.loc 2 139 0
 327 0152 2023     		movs	r3, #32
 328              	@ 139 "/opt/R2P/core/ChibiOS_2.6.5/os/kernel/src/chschd.c" 1
 329 0154 83F31188 		msr     BASEPRI, r3
 330              	@ 0 "" 2
 331              		.thumb
 332              	.LBE3:
 333 0158 FFF7FEFF 		bl	dbg_check_lock_from_isr
 334              		.loc 2 140 0
 335 015c 039B     		ldr	r3, [sp, #12]
ARM GAS  /tmp/ccuuRUTg.s 			page 7


 336 015e 93F82030 		ldrb	r3, [r3, #32]	@ zero_extendqisi2
 337 0162 0D2B     		cmp	r3, #13
 338 0164 2CD8     		bhi	.L20
 339 0166 01A2     		adr	r2, .L22
 340 0168 52F823F0 		ldr	pc, [r2, r3, lsl #2]
 341              		.p2align 2
 342              	.L22:
 343 016c A5010000 		.word	.L21+1
 344 0170 C1010000 		.word	.L20+1
 345 0174 C1010000 		.word	.L20+1
 346 0178 B1010000 		.word	.L23+1
 347 017c C1010000 		.word	.L20+1
 348 0180 BB010000 		.word	.L24+1
 349 0184 C1010000 		.word	.L20+1
 350 0188 C1010000 		.word	.L20+1
 351 018c C1010000 		.word	.L20+1
 352 0190 C1010000 		.word	.L20+1
 353 0194 C1010000 		.word	.L20+1
 354 0198 C1010000 		.word	.L20+1
 355 019c C1010000 		.word	.L20+1
 356 01a0 BB010000 		.word	.L24+1
 357              		.p2align 1
 358              	.L21:
 359              		.loc 2 144 0
 360 01a4 FFF7FEFF 		bl	dbg_check_unlock_from_isr
 361              	.LBB4:
 362 01a8 0023     		movs	r3, #0
 363              	@ 144 "/opt/R2P/core/ChibiOS_2.6.5/os/kernel/src/chschd.c" 1
 364 01aa 83F31188 		msr     BASEPRI, r3
 365              	@ 0 "" 2
 366              		.thumb
 367              	.LBE4:
 368              		.loc 2 145 0
 369 01ae 13E0     		b	.L19
 370              	.L23:
 371              		.loc 2 150 0
 372 01b0 039B     		ldr	r3, [sp, #12]
 373 01b2 9B6A     		ldr	r3, [r3, #40]
 374 01b4 9A68     		ldr	r2, [r3, #8]
 375 01b6 0132     		adds	r2, r2, #1
 376 01b8 9A60     		str	r2, [r3, #8]
 377              	.L24:
 378              		.loc 2 160 0
 379 01ba 0398     		ldr	r0, [sp, #12]
 380 01bc FFF732FF 		bl	dequeue
 381              	.L20:
 382              		.loc 2 163 0
 383 01c0 039B     		ldr	r3, [sp, #12]
 384 01c2 4FF0FF32 		mov	r2, #-1
 385 01c6 9A62     		str	r2, [r3, #40]
 386              		.loc 2 164 0
 387 01c8 0398     		ldr	r0, [sp, #12]
 388 01ca FFF7FEFF 		bl	chSchReadyI
 389              		.loc 2 165 0
 390 01ce FFF7FEFF 		bl	dbg_check_unlock_from_isr
 391              	.LBB5:
 392 01d2 0023     		movs	r3, #0
ARM GAS  /tmp/ccuuRUTg.s 			page 8


 393              	@ 165 "/opt/R2P/core/ChibiOS_2.6.5/os/kernel/src/chschd.c" 1
 394 01d4 83F31188 		msr     BASEPRI, r3
 395              	@ 0 "" 2
 396              		.thumb
 397              	.L19:
 398              	.LBE5:
 399              		.loc 2 166 0
 400 01d8 05B0     		add	sp, sp, #20
 401              		.cfi_def_cfa_offset 4
 402              		@ sp needed
 403 01da 5DF804FB 		ldr	pc, [sp], #4
 404              		.cfi_endproc
 405              	.LFE10:
 406              		.size	wakeup, .-wakeup
 407 01de 00BF     		.align	2
 408              		.global	chSchGoSleepTimeoutS
 409              		.thumb
 410              		.thumb_func
 411              		.type	chSchGoSleepTimeoutS, %function
 412              	chSchGoSleepTimeoutS:
 413              	.LFB11:
 414              		.loc 2 189 0
 415              		.cfi_startproc
 416              		@ args = 0, pretend = 0, frame = 32
 417              		@ frame_needed = 0, uses_anonymous_args = 0
 418 01e0 00B5     		push	{lr}
 419              		.cfi_def_cfa_offset 4
 420              		.cfi_offset 14, -4
 421 01e2 89B0     		sub	sp, sp, #36
 422              		.cfi_def_cfa_offset 40
 423 01e4 0346     		mov	r3, r0
 424 01e6 0091     		str	r1, [sp]
 425 01e8 8DF80730 		strb	r3, [sp, #7]
 426              		.loc 2 191 0
 427 01ec FFF7FEFF 		bl	chDbgCheckClassS
 428              		.loc 2 193 0
 429 01f0 009B     		ldr	r3, [sp]
 430 01f2 B3F1FF3F 		cmp	r3, #-1
 431 01f6 15D0     		beq	.L27
 432              	.LBB6:
 433              		.loc 2 196 0
 434 01f8 104B     		ldr	r3, .L31
 435 01fa 9B69     		ldr	r3, [r3, #24]
 436 01fc 03AA     		add	r2, sp, #12
 437 01fe 1046     		mov	r0, r2
 438 0200 0099     		ldr	r1, [sp]
 439 0202 0F4A     		ldr	r2, .L31+4
 440 0204 FFF7FEFF 		bl	chVTSetI
 441              		.loc 2 197 0
 442 0208 9DF80730 		ldrb	r3, [sp, #7]	@ zero_extendqisi2
 443 020c 1846     		mov	r0, r3
 444 020e FFF7FEFF 		bl	chSchGoSleepS
 445              		.loc 2 198 0
 446 0212 069B     		ldr	r3, [sp, #24]
 447 0214 002B     		cmp	r3, #0
 448 0216 04D0     		beq	.L28
 449              		.loc 2 199 0
ARM GAS  /tmp/ccuuRUTg.s 			page 9


 450 0218 03AB     		add	r3, sp, #12
 451 021a 1846     		mov	r0, r3
 452 021c FFF7FEFF 		bl	chVTResetI
 453              	.LBE6:
 454 0220 05E0     		b	.L29
 455              	.L28:
 456 0222 04E0     		b	.L29
 457              	.L27:
 458              		.loc 2 202 0
 459 0224 9DF80730 		ldrb	r3, [sp, #7]	@ zero_extendqisi2
 460 0228 1846     		mov	r0, r3
 461 022a FFF7FEFF 		bl	chSchGoSleepS
 462              	.L29:
 463              		.loc 2 203 0
 464 022e 034B     		ldr	r3, .L31
 465 0230 9B69     		ldr	r3, [r3, #24]
 466 0232 9B6A     		ldr	r3, [r3, #40]
 467              		.loc 2 204 0
 468 0234 1846     		mov	r0, r3
 469 0236 09B0     		add	sp, sp, #36
 470              		.cfi_def_cfa_offset 4
 471              		@ sp needed
 472 0238 5DF804FB 		ldr	pc, [sp], #4
 473              	.L32:
 474              		.align	2
 475              	.L31:
 476 023c 00000000 		.word	rlist
 477 0240 00000000 		.word	wakeup
 478              		.cfi_endproc
 479              	.LFE11:
 480              		.size	chSchGoSleepTimeoutS, .-chSchGoSleepTimeoutS
 481              		.align	2
 482              		.global	chSchWakeupS
 483              		.thumb
 484              		.thumb_func
 485              		.type	chSchWakeupS, %function
 486              	chSchWakeupS:
 487              	.LFB12:
 488              		.loc 2 225 0
 489              		.cfi_startproc
 490              		@ args = 0, pretend = 0, frame = 16
 491              		@ frame_needed = 0, uses_anonymous_args = 0
 492 0244 00B5     		push	{lr}
 493              		.cfi_def_cfa_offset 4
 494              		.cfi_offset 14, -4
 495 0246 85B0     		sub	sp, sp, #20
 496              		.cfi_def_cfa_offset 24
 497 0248 0190     		str	r0, [sp, #4]
 498 024a 0091     		str	r1, [sp]
 499              		.loc 2 227 0
 500 024c FFF7FEFF 		bl	chDbgCheckClassS
 501              		.loc 2 229 0
 502 0250 019B     		ldr	r3, [sp, #4]
 503 0252 009A     		ldr	r2, [sp]
 504 0254 9A62     		str	r2, [r3, #40]
 505              		.loc 2 234 0
 506 0256 019B     		ldr	r3, [sp, #4]
ARM GAS  /tmp/ccuuRUTg.s 			page 10


 507 0258 9A68     		ldr	r2, [r3, #8]
 508 025a 154B     		ldr	r3, .L37
 509 025c 9B69     		ldr	r3, [r3, #24]
 510 025e 9B68     		ldr	r3, [r3, #8]
 511 0260 9A42     		cmp	r2, r3
 512 0262 03D8     		bhi	.L34
 513              		.loc 2 235 0
 514 0264 0198     		ldr	r0, [sp, #4]
 515 0266 FFF7FEFF 		bl	chSchReadyI
 516 026a 1DE0     		b	.L33
 517              	.L34:
 518              	.LBB7:
 519              		.loc 2 237 0
 520 026c 104B     		ldr	r3, .L37
 521 026e 9B69     		ldr	r3, [r3, #24]
 522 0270 1846     		mov	r0, r3
 523 0272 FFF7FEFF 		bl	chSchReadyI
 524 0276 0390     		str	r0, [sp, #12]
 525              		.loc 2 238 0
 526 0278 0D4A     		ldr	r2, .L37
 527 027a 019B     		ldr	r3, [sp, #4]
 528 027c 9361     		str	r3, [r2, #24]
 529              		.loc 2 239 0
 530 027e 019B     		ldr	r3, [sp, #4]
 531 0280 0122     		movs	r2, #1
 532 0282 83F82020 		strb	r2, [r3, #32]
 533              		.loc 2 240 0
 534 0286 0398     		ldr	r0, [sp, #12]
 535 0288 FFF7FEFF 		bl	dbg_trace
 536              	.LBB8:
 537 028c 6B46     		mov	r3, sp
 538 028e A3F12402 		sub	r2, r3, #36
 539 0292 039B     		ldr	r3, [sp, #12]
 540 0294 DB69     		ldr	r3, [r3, #28]
 541 0296 9A42     		cmp	r2, r3
 542 0298 02D2     		bcs	.L36
 543              		.loc 2 240 0 is_stmt 0 discriminator 1
 544 029a 0648     		ldr	r0, .L37+4
 545 029c FFF7FEFF 		bl	chDbgPanic
 546              	.L36:
 547              		.loc 2 240 0 discriminator 3
 548 02a0 0198     		ldr	r0, [sp, #4]
 549 02a2 0399     		ldr	r1, [sp, #12]
 550 02a4 FFF7FEFF 		bl	_port_switch
 551              	.L33:
 552              	.LBE8:
 553              	.LBE7:
 554              		.loc 2 242 0 is_stmt 1
 555 02a8 05B0     		add	sp, sp, #20
 556              		.cfi_def_cfa_offset 4
 557              		@ sp needed
 558 02aa 5DF804FB 		ldr	pc, [sp], #4
 559              	.L38:
 560 02ae 00BF     		.align	2
 561              	.L37:
 562 02b0 00000000 		.word	rlist
 563 02b4 14000000 		.word	.LC1
ARM GAS  /tmp/ccuuRUTg.s 			page 11


 564              		.cfi_endproc
 565              	.LFE12:
 566              		.size	chSchWakeupS, .-chSchWakeupS
 567              		.align	2
 568              		.global	chSchRescheduleS
 569              		.thumb
 570              		.thumb_func
 571              		.type	chSchRescheduleS, %function
 572              	chSchRescheduleS:
 573              	.LFB13:
 574              		.loc 2 253 0
 575              		.cfi_startproc
 576              		@ args = 0, pretend = 0, frame = 0
 577              		@ frame_needed = 0, uses_anonymous_args = 0
 578 02b8 08B5     		push	{r3, lr}
 579              		.cfi_def_cfa_offset 8
 580              		.cfi_offset 3, -8
 581              		.cfi_offset 14, -4
 582              		.loc 2 255 0
 583 02ba FFF7FEFF 		bl	chDbgCheckClassS
 584              		.loc 2 257 0
 585 02be 054B     		ldr	r3, .L41
 586 02c0 1B68     		ldr	r3, [r3]
 587 02c2 9A68     		ldr	r2, [r3, #8]
 588 02c4 034B     		ldr	r3, .L41
 589 02c6 9B69     		ldr	r3, [r3, #24]
 590 02c8 9B68     		ldr	r3, [r3, #8]
 591 02ca 9A42     		cmp	r2, r3
 592 02cc 01D9     		bls	.L39
 593              		.loc 2 258 0
 594 02ce FFF7FEFF 		bl	chSchDoRescheduleAhead
 595              	.L39:
 596              		.loc 2 259 0
 597 02d2 08BD     		pop	{r3, pc}
 598              	.L42:
 599              		.align	2
 600              	.L41:
 601 02d4 00000000 		.word	rlist
 602              		.cfi_endproc
 603              	.LFE13:
 604              		.size	chSchRescheduleS, .-chSchRescheduleS
 605              		.align	2
 606              		.global	chSchDoRescheduleBehind
 607              		.thumb
 608              		.thumb_func
 609              		.type	chSchDoRescheduleBehind, %function
 610              	chSchDoRescheduleBehind:
 611              	.LFB14:
 612              		.loc 2 304 0
 613              		.cfi_startproc
 614              		@ args = 0, pretend = 0, frame = 8
 615              		@ frame_needed = 0, uses_anonymous_args = 0
 616 02d8 00B5     		push	{lr}
 617              		.cfi_def_cfa_offset 4
 618              		.cfi_offset 14, -4
 619 02da 83B0     		sub	sp, sp, #12
 620              		.cfi_def_cfa_offset 16
ARM GAS  /tmp/ccuuRUTg.s 			page 12


 621              		.loc 2 307 0
 622 02dc 134B     		ldr	r3, .L45
 623 02de 9B69     		ldr	r3, [r3, #24]
 624 02e0 0193     		str	r3, [sp, #4]
 625              		.loc 2 309 0
 626 02e2 1248     		ldr	r0, .L45
 627 02e4 FFF78CFE 		bl	fifo_remove
 628 02e8 0246     		mov	r2, r0
 629 02ea 104B     		ldr	r3, .L45
 630 02ec 9A61     		str	r2, [r3, #24]
 631              		.loc 2 310 0
 632 02ee 0F4B     		ldr	r3, .L45
 633 02f0 9B69     		ldr	r3, [r3, #24]
 634 02f2 0122     		movs	r2, #1
 635 02f4 83F82020 		strb	r2, [r3, #32]
 636              		.loc 2 314 0
 637 02f8 0198     		ldr	r0, [sp, #4]
 638 02fa FFF7FEFF 		bl	chSchReadyI
 639              		.loc 2 315 0
 640 02fe 0198     		ldr	r0, [sp, #4]
 641 0300 FFF7FEFF 		bl	dbg_trace
 642              	.LBB9:
 643 0304 6B46     		mov	r3, sp
 644 0306 A3F12402 		sub	r2, r3, #36
 645 030a 019B     		ldr	r3, [sp, #4]
 646 030c DB69     		ldr	r3, [r3, #28]
 647 030e 9A42     		cmp	r2, r3
 648 0310 02D2     		bcs	.L44
 649              		.loc 2 315 0 is_stmt 0 discriminator 1
 650 0312 0748     		ldr	r0, .L45+4
 651 0314 FFF7FEFF 		bl	chDbgPanic
 652              	.L44:
 653              		.loc 2 315 0 discriminator 3
 654 0318 044B     		ldr	r3, .L45
 655 031a 9B69     		ldr	r3, [r3, #24]
 656 031c 1846     		mov	r0, r3
 657 031e 0199     		ldr	r1, [sp, #4]
 658 0320 FFF7FEFF 		bl	_port_switch
 659              	.LBE9:
 660              		.loc 2 316 0 is_stmt 1 discriminator 3
 661 0324 03B0     		add	sp, sp, #12
 662              		.cfi_def_cfa_offset 4
 663              		@ sp needed
 664 0326 5DF804FB 		ldr	pc, [sp], #4
 665              	.L46:
 666 032a 00BF     		.align	2
 667              	.L45:
 668 032c 00000000 		.word	rlist
 669 0330 14000000 		.word	.LC1
 670              		.cfi_endproc
 671              	.LFE14:
 672              		.size	chSchDoRescheduleBehind, .-chSchDoRescheduleBehind
 673              		.align	2
 674              		.global	chSchDoRescheduleAhead
 675              		.thumb
 676              		.thumb_func
 677              		.type	chSchDoRescheduleAhead, %function
ARM GAS  /tmp/ccuuRUTg.s 			page 13


 678              	chSchDoRescheduleAhead:
 679              	.LFB15:
 680              		.loc 2 329 0
 681              		.cfi_startproc
 682              		@ args = 0, pretend = 0, frame = 8
 683              		@ frame_needed = 0, uses_anonymous_args = 0
 684 0334 00B5     		push	{lr}
 685              		.cfi_def_cfa_offset 4
 686              		.cfi_offset 14, -4
 687 0336 83B0     		sub	sp, sp, #12
 688              		.cfi_def_cfa_offset 16
 689              		.loc 2 332 0
 690 0338 204B     		ldr	r3, .L50
 691 033a 9B69     		ldr	r3, [r3, #24]
 692 033c 0093     		str	r3, [sp]
 693              		.loc 2 334 0
 694 033e 1F48     		ldr	r0, .L50
 695 0340 FFF75EFE 		bl	fifo_remove
 696 0344 0246     		mov	r2, r0
 697 0346 1D4B     		ldr	r3, .L50
 698 0348 9A61     		str	r2, [r3, #24]
 699              		.loc 2 335 0
 700 034a 1C4B     		ldr	r3, .L50
 701 034c 9B69     		ldr	r3, [r3, #24]
 702 034e 0122     		movs	r2, #1
 703 0350 83F82020 		strb	r2, [r3, #32]
 704              		.loc 2 337 0
 705 0354 009B     		ldr	r3, [sp]
 706 0356 0022     		movs	r2, #0
 707 0358 83F82020 		strb	r2, [r3, #32]
 708              		.loc 2 338 0
 709 035c 174B     		ldr	r3, .L50
 710 035e 0193     		str	r3, [sp, #4]
 711              	.L48:
 712              		.loc 2 340 0 discriminator 1
 713 0360 019B     		ldr	r3, [sp, #4]
 714 0362 1B68     		ldr	r3, [r3]
 715 0364 0193     		str	r3, [sp, #4]
 716              		.loc 2 341 0 discriminator 1
 717 0366 019B     		ldr	r3, [sp, #4]
 718 0368 9A68     		ldr	r2, [r3, #8]
 719 036a 009B     		ldr	r3, [sp]
 720 036c 9B68     		ldr	r3, [r3, #8]
 721 036e 9A42     		cmp	r2, r3
 722 0370 F6D8     		bhi	.L48
 723              		.loc 2 343 0
 724 0372 009B     		ldr	r3, [sp]
 725 0374 019A     		ldr	r2, [sp, #4]
 726 0376 1A60     		str	r2, [r3]
 727              		.loc 2 344 0
 728 0378 019B     		ldr	r3, [sp, #4]
 729 037a 5A68     		ldr	r2, [r3, #4]
 730 037c 009B     		ldr	r3, [sp]
 731 037e 5A60     		str	r2, [r3, #4]
 732              		.loc 2 345 0
 733 0380 009B     		ldr	r3, [sp]
 734 0382 5B68     		ldr	r3, [r3, #4]
ARM GAS  /tmp/ccuuRUTg.s 			page 14


 735 0384 019A     		ldr	r2, [sp, #4]
 736 0386 0099     		ldr	r1, [sp]
 737 0388 5160     		str	r1, [r2, #4]
 738 038a 019A     		ldr	r2, [sp, #4]
 739 038c 5268     		ldr	r2, [r2, #4]
 740 038e 1A60     		str	r2, [r3]
 741              		.loc 2 347 0
 742 0390 0098     		ldr	r0, [sp]
 743 0392 FFF7FEFF 		bl	dbg_trace
 744              	.LBB10:
 745 0396 6B46     		mov	r3, sp
 746 0398 A3F12402 		sub	r2, r3, #36
 747 039c 009B     		ldr	r3, [sp]
 748 039e DB69     		ldr	r3, [r3, #28]
 749 03a0 9A42     		cmp	r2, r3
 750 03a2 02D2     		bcs	.L49
 751              		.loc 2 347 0 is_stmt 0 discriminator 1
 752 03a4 0648     		ldr	r0, .L50+4
 753 03a6 FFF7FEFF 		bl	chDbgPanic
 754              	.L49:
 755              		.loc 2 347 0 discriminator 3
 756 03aa 044B     		ldr	r3, .L50
 757 03ac 9B69     		ldr	r3, [r3, #24]
 758 03ae 1846     		mov	r0, r3
 759 03b0 0099     		ldr	r1, [sp]
 760 03b2 FFF7FEFF 		bl	_port_switch
 761              	.LBE10:
 762              		.loc 2 348 0 is_stmt 1 discriminator 3
 763 03b6 03B0     		add	sp, sp, #12
 764              		.cfi_def_cfa_offset 4
 765              		@ sp needed
 766 03b8 5DF804FB 		ldr	pc, [sp], #4
 767              	.L51:
 768              		.align	2
 769              	.L50:
 770 03bc 00000000 		.word	rlist
 771 03c0 14000000 		.word	.LC1
 772              		.cfi_endproc
 773              	.LFE15:
 774              		.size	chSchDoRescheduleAhead, .-chSchDoRescheduleAhead
 775              		.align	2
 776              		.global	chSchDoReschedule
 777              		.thumb
 778              		.thumb_func
 779              		.type	chSchDoReschedule, %function
 780              	chSchDoReschedule:
 781              	.LFB16:
 782              		.loc 2 362 0
 783              		.cfi_startproc
 784              		@ args = 0, pretend = 0, frame = 0
 785              		@ frame_needed = 0, uses_anonymous_args = 0
 786 03c4 08B5     		push	{r3, lr}
 787              		.cfi_def_cfa_offset 8
 788              		.cfi_offset 3, -8
 789              		.cfi_offset 14, -4
 790              		.loc 2 380 0
 791 03c6 FFF7FEFF 		bl	chSchDoRescheduleAhead
ARM GAS  /tmp/ccuuRUTg.s 			page 15


 792              		.loc 2 382 0
 793 03ca 08BD     		pop	{r3, pc}
 794              		.cfi_endproc
 795              	.LFE16:
 796              		.size	chSchDoReschedule, .-chSchDoReschedule
 797              	.Letext0:
 798              		.file 3 "/opt/R2P/tools/gcc-arm-none-eabi-4_9-2014q4/arm-none-eabi/include/machine/_default_types.
 799              		.file 4 "/opt/R2P/tools/gcc-arm-none-eabi-4_9-2014q4/arm-none-eabi/include/stdint.h"
 800              		.file 5 "/opt/R2P/core/ChibiOS_2.6.5/os/ports/GCC/ARMCMx/chtypes.h"
 801              		.file 6 "/opt/R2P/core/ChibiOS_2.6.5/os/kernel/include/chlists.h"
 802              		.file 7 "/opt/R2P/core/ChibiOS_2.6.5/os/kernel/include/chthreads.h"
 803              		.file 8 "/opt/R2P/core/ChibiOS_2.6.5/os/ports/GCC/ARMCMx/chcore_v7m.h"
 804              		.file 9 "/opt/R2P/core/ChibiOS_2.6.5/os/kernel/include/chvt.h"
 805              		.file 10 "/opt/R2P/core/ChibiOS_2.6.5/os/kernel/include/chschd.h"
 806              		.file 11 "/opt/R2P/core/ChibiOS_2.6.5/os/kernel/include/chsem.h"
 807              		.file 12 "/opt/R2P/core/ChibiOS_2.6.5/os/kernel/include/chmtx.h"
 808              		.section	.debug_info,"",%progbits
 809              	.Ldebug_info0:
 810 0000 A5070000 		.4byte	0x7a5
 811 0004 0400     		.2byte	0x4
 812 0006 00000000 		.4byte	.Ldebug_abbrev0
 813 000a 04       		.byte	0x4
 814 000b 01       		.uleb128 0x1
 815 000c 05030000 		.4byte	.LASF92
 816 0010 01       		.byte	0x1
 817 0011 57000000 		.4byte	.LASF93
 818 0015 00000000 		.4byte	.Ltext0
 819 0019 CC030000 		.4byte	.Letext0-.Ltext0
 820 001d 00000000 		.4byte	.Ldebug_line0
 821 0021 02       		.uleb128 0x2
 822 0022 04       		.byte	0x4
 823 0023 05       		.byte	0x5
 824 0024 696E7400 		.ascii	"int\000"
 825 0028 03       		.uleb128 0x3
 826 0029 04       		.byte	0x4
 827 002a 07       		.byte	0x7
 828 002b 3D010000 		.4byte	.LASF0
 829 002f 03       		.uleb128 0x3
 830 0030 01       		.byte	0x1
 831 0031 06       		.byte	0x6
 832 0032 AF000000 		.4byte	.LASF1
 833 0036 04       		.uleb128 0x4
 834 0037 2D000000 		.4byte	.LASF5
 835 003b 03       		.byte	0x3
 836 003c 1D       		.byte	0x1d
 837 003d 41000000 		.4byte	0x41
 838 0041 03       		.uleb128 0x3
 839 0042 01       		.byte	0x1
 840 0043 08       		.byte	0x8
 841 0044 77020000 		.4byte	.LASF2
 842 0048 03       		.uleb128 0x3
 843 0049 02       		.byte	0x2
 844 004a 05       		.byte	0x5
 845 004b 98020000 		.4byte	.LASF3
 846 004f 03       		.uleb128 0x3
 847 0050 02       		.byte	0x2
 848 0051 07       		.byte	0x7
ARM GAS  /tmp/ccuuRUTg.s 			page 16


 849 0052 82010000 		.4byte	.LASF4
 850 0056 04       		.uleb128 0x4
 851 0057 D3030000 		.4byte	.LASF6
 852 005b 03       		.byte	0x3
 853 005c 3F       		.byte	0x3f
 854 005d 61000000 		.4byte	0x61
 855 0061 03       		.uleb128 0x3
 856 0062 04       		.byte	0x4
 857 0063 05       		.byte	0x5
 858 0064 CB000000 		.4byte	.LASF7
 859 0068 04       		.uleb128 0x4
 860 0069 FE000000 		.4byte	.LASF8
 861 006d 03       		.byte	0x3
 862 006e 41       		.byte	0x41
 863 006f 73000000 		.4byte	0x73
 864 0073 03       		.uleb128 0x3
 865 0074 04       		.byte	0x4
 866 0075 07       		.byte	0x7
 867 0076 59010000 		.4byte	.LASF9
 868 007a 03       		.uleb128 0x3
 869 007b 08       		.byte	0x8
 870 007c 05       		.byte	0x5
 871 007d A1000000 		.4byte	.LASF10
 872 0081 04       		.uleb128 0x4
 873 0082 47020000 		.4byte	.LASF11
 874 0086 03       		.byte	0x3
 875 0087 5B       		.byte	0x5b
 876 0088 8C000000 		.4byte	0x8c
 877 008c 03       		.uleb128 0x3
 878 008d 08       		.byte	0x8
 879 008e 07       		.byte	0x7
 880 008f 37000000 		.4byte	.LASF12
 881 0093 04       		.uleb128 0x4
 882 0094 23040000 		.4byte	.LASF13
 883 0098 04       		.byte	0x4
 884 0099 15       		.byte	0x15
 885 009a 36000000 		.4byte	0x36
 886 009e 04       		.uleb128 0x4
 887 009f 6F020000 		.4byte	.LASF14
 888 00a3 04       		.byte	0x4
 889 00a4 2C       		.byte	0x2c
 890 00a5 56000000 		.4byte	0x56
 891 00a9 04       		.uleb128 0x4
 892 00aa E7020000 		.4byte	.LASF15
 893 00ae 04       		.byte	0x4
 894 00af 2D       		.byte	0x2d
 895 00b0 68000000 		.4byte	0x68
 896 00b4 04       		.uleb128 0x4
 897 00b5 0D000000 		.4byte	.LASF16
 898 00b9 04       		.byte	0x4
 899 00ba 39       		.byte	0x39
 900 00bb 81000000 		.4byte	0x81
 901 00bf 03       		.uleb128 0x3
 902 00c0 01       		.byte	0x1
 903 00c1 02       		.byte	0x2
 904 00c2 69020000 		.4byte	.LASF17
 905 00c6 04       		.uleb128 0x4
ARM GAS  /tmp/ccuuRUTg.s 			page 17


 906 00c7 B0010000 		.4byte	.LASF18
 907 00cb 05       		.byte	0x5
 908 00cc 2C       		.byte	0x2c
 909 00cd 93000000 		.4byte	0x93
 910 00d1 04       		.uleb128 0x4
 911 00d2 D4000000 		.4byte	.LASF19
 912 00d6 05       		.byte	0x5
 913 00d7 2D       		.byte	0x2d
 914 00d8 93000000 		.4byte	0x93
 915 00dc 04       		.uleb128 0x4
 916 00dd 52020000 		.4byte	.LASF20
 917 00e1 05       		.byte	0x5
 918 00e2 2E       		.byte	0x2e
 919 00e3 93000000 		.4byte	0x93
 920 00e7 04       		.uleb128 0x4
 921 00e8 61020000 		.4byte	.LASF21
 922 00ec 05       		.byte	0x5
 923 00ed 30       		.byte	0x30
 924 00ee A9000000 		.4byte	0xa9
 925 00f2 04       		.uleb128 0x4
 926 00f3 A2010000 		.4byte	.LASF22
 927 00f7 05       		.byte	0x5
 928 00f8 31       		.byte	0x31
 929 00f9 9E000000 		.4byte	0x9e
 930 00fd 04       		.uleb128 0x4
 931 00fe C4010000 		.4byte	.LASF23
 932 0102 05       		.byte	0x5
 933 0103 33       		.byte	0x33
 934 0104 A9000000 		.4byte	0xa9
 935 0108 04       		.uleb128 0x4
 936 0109 BE030000 		.4byte	.LASF24
 937 010d 05       		.byte	0x5
 938 010e 35       		.byte	0x35
 939 010f A9000000 		.4byte	0xa9
 940 0113 04       		.uleb128 0x4
 941 0114 2C010000 		.4byte	.LASF25
 942 0118 05       		.byte	0x5
 943 0119 36       		.byte	0x36
 944 011a 9E000000 		.4byte	0x9e
 945 011e 04       		.uleb128 0x4
 946 011f C7020000 		.4byte	.LASF26
 947 0123 06       		.byte	0x6
 948 0124 2A       		.byte	0x2a
 949 0125 29010000 		.4byte	0x129
 950 0129 05       		.uleb128 0x5
 951 012a C7020000 		.4byte	.LASF26
 952 012e 4C       		.byte	0x4c
 953 012f 07       		.byte	0x7
 954 0130 5E       		.byte	0x5e
 955 0131 26020000 		.4byte	0x226
 956 0135 06       		.uleb128 0x6
 957 0136 B8020000 		.4byte	.LASF27
 958 013a 07       		.byte	0x7
 959 013b 5F       		.byte	0x5f
 960 013c 47020000 		.4byte	0x247
 961 0140 00       		.byte	0
 962 0141 06       		.uleb128 0x6
ARM GAS  /tmp/ccuuRUTg.s 			page 18


 963 0142 5A020000 		.4byte	.LASF28
 964 0146 07       		.byte	0x7
 965 0147 61       		.byte	0x61
 966 0148 47020000 		.4byte	0x247
 967 014c 04       		.byte	0x4
 968 014d 06       		.uleb128 0x6
 969 014e 8A000000 		.4byte	.LASF29
 970 0152 07       		.byte	0x7
 971 0153 63       		.byte	0x63
 972 0154 E7000000 		.4byte	0xe7
 973 0158 08       		.byte	0x8
 974 0159 06       		.uleb128 0x6
 975 015a 56040000 		.4byte	.LASF30
 976 015e 07       		.byte	0x7
 977 015f 64       		.byte	0x64
 978 0160 0C030000 		.4byte	0x30c
 979 0164 0C       		.byte	0xc
 980 0165 06       		.uleb128 0x6
 981 0166 DD000000 		.4byte	.LASF31
 982 016a 07       		.byte	0x7
 983 016b 66       		.byte	0x66
 984 016c 47020000 		.4byte	0x247
 985 0170 10       		.byte	0x10
 986 0171 06       		.uleb128 0x6
 987 0172 12020000 		.4byte	.LASF32
 988 0176 07       		.byte	0x7
 989 0177 67       		.byte	0x67
 990 0178 47020000 		.4byte	0x247
 991 017c 14       		.byte	0x14
 992 017d 06       		.uleb128 0x6
 993 017e 32040000 		.4byte	.LASF33
 994 0182 07       		.byte	0x7
 995 0183 6E       		.byte	0x6e
 996 0184 B2040000 		.4byte	0x4b2
 997 0188 18       		.byte	0x18
 998 0189 06       		.uleb128 0x6
 999 018a 32010000 		.4byte	.LASF34
 1000 018e 07       		.byte	0x7
 1001 018f 74       		.byte	0x74
 1002 0190 C4040000 		.4byte	0x4c4
 1003 0194 1C       		.byte	0x1c
 1004 0195 06       		.uleb128 0x6
 1005 0196 A2020000 		.4byte	.LASF35
 1006 019a 07       		.byte	0x7
 1007 019b 79       		.byte	0x79
 1008 019c D1000000 		.4byte	0xd1
 1009 01a0 20       		.byte	0x20
 1010 01a1 06       		.uleb128 0x6
 1011 01a2 BF020000 		.4byte	.LASF36
 1012 01a6 07       		.byte	0x7
 1013 01a7 7D       		.byte	0x7d
 1014 01a8 C6000000 		.4byte	0xc6
 1015 01ac 21       		.byte	0x21
 1016 01ad 06       		.uleb128 0x6
 1017 01ae 0C040000 		.4byte	.LASF37
 1018 01b2 07       		.byte	0x7
 1019 01b3 82       		.byte	0x82
ARM GAS  /tmp/ccuuRUTg.s 			page 19


 1020 01b4 DC000000 		.4byte	0xdc
 1021 01b8 22       		.byte	0x22
 1022 01b9 06       		.uleb128 0x6
 1023 01ba DD030000 		.4byte	.LASF38
 1024 01be 07       		.byte	0x7
 1025 01bf 8F       		.byte	0x8f
 1026 01c0 AA030000 		.4byte	0x3aa
 1027 01c4 24       		.byte	0x24
 1028 01c5 07       		.uleb128 0x7
 1029 01c6 705F7500 		.ascii	"p_u\000"
 1030 01ca 07       		.byte	0x7
 1031 01cb B4       		.byte	0xb4
 1032 01cc 7D040000 		.4byte	0x47d
 1033 01d0 28       		.byte	0x28
 1034 01d1 06       		.uleb128 0x6
 1035 01d2 5C040000 		.4byte	.LASF39
 1036 01d6 07       		.byte	0x7
 1037 01d7 B9       		.byte	0xb9
 1038 01d8 6D020000 		.4byte	0x26d
 1039 01dc 2C       		.byte	0x2c
 1040 01dd 06       		.uleb128 0x6
 1041 01de EB030000 		.4byte	.LASF40
 1042 01e2 07       		.byte	0x7
 1043 01e3 BF       		.byte	0xbf
 1044 01e4 4D020000 		.4byte	0x24d
 1045 01e8 30       		.byte	0x30
 1046 01e9 06       		.uleb128 0x6
 1047 01ea 00000000 		.4byte	.LASF41
 1048 01ee 07       		.byte	0x7
 1049 01ef C3       		.byte	0xc3
 1050 01f0 F2000000 		.4byte	0xf2
 1051 01f4 38       		.byte	0x38
 1052 01f5 06       		.uleb128 0x6
 1053 01f6 DC020000 		.4byte	.LASF42
 1054 01fa 07       		.byte	0x7
 1055 01fb C9       		.byte	0xc9
 1056 01fc FD000000 		.4byte	0xfd
 1057 0200 3C       		.byte	0x3c
 1058 0201 06       		.uleb128 0x6
 1059 0202 8E020000 		.4byte	.LASF43
 1060 0206 07       		.byte	0x7
 1061 0207 D0       		.byte	0xd0
 1062 0208 CA040000 		.4byte	0x4ca
 1063 020c 40       		.byte	0x40
 1064 020d 06       		.uleb128 0x6
 1065 020e C8030000 		.4byte	.LASF44
 1066 0212 07       		.byte	0x7
 1067 0213 D4       		.byte	0xd4
 1068 0214 E7000000 		.4byte	0xe7
 1069 0218 44       		.byte	0x44
 1070 0219 06       		.uleb128 0x6
 1071 021a BB000000 		.4byte	.LASF45
 1072 021e 07       		.byte	0x7
 1073 021f DA       		.byte	0xda
 1074 0220 83020000 		.4byte	0x283
 1075 0224 48       		.byte	0x48
 1076 0225 00       		.byte	0
ARM GAS  /tmp/ccuuRUTg.s 			page 20


 1077 0226 08       		.uleb128 0x8
 1078 0227 08       		.byte	0x8
 1079 0228 06       		.byte	0x6
 1080 0229 61       		.byte	0x61
 1081 022a 47020000 		.4byte	0x247
 1082 022e 06       		.uleb128 0x6
 1083 022f B8020000 		.4byte	.LASF27
 1084 0233 06       		.byte	0x6
 1085 0234 62       		.byte	0x62
 1086 0235 47020000 		.4byte	0x247
 1087 0239 00       		.byte	0
 1088 023a 06       		.uleb128 0x6
 1089 023b 5A020000 		.4byte	.LASF28
 1090 023f 06       		.byte	0x6
 1091 0240 64       		.byte	0x64
 1092 0241 47020000 		.4byte	0x247
 1093 0245 04       		.byte	0x4
 1094 0246 00       		.byte	0
 1095 0247 09       		.uleb128 0x9
 1096 0248 04       		.byte	0x4
 1097 0249 1E010000 		.4byte	0x11e
 1098 024d 04       		.uleb128 0x4
 1099 024e 20020000 		.4byte	.LASF46
 1100 0252 06       		.byte	0x6
 1101 0253 66       		.byte	0x66
 1102 0254 26020000 		.4byte	0x226
 1103 0258 08       		.uleb128 0x8
 1104 0259 04       		.byte	0x4
 1105 025a 06       		.byte	0x6
 1106 025b 6B       		.byte	0x6b
 1107 025c 6D020000 		.4byte	0x26d
 1108 0260 06       		.uleb128 0x6
 1109 0261 B8020000 		.4byte	.LASF27
 1110 0265 06       		.byte	0x6
 1111 0266 6D       		.byte	0x6d
 1112 0267 47020000 		.4byte	0x247
 1113 026b 00       		.byte	0
 1114 026c 00       		.byte	0
 1115 026d 04       		.uleb128 0x4
 1116 026e B8010000 		.4byte	.LASF47
 1117 0272 06       		.byte	0x6
 1118 0273 70       		.byte	0x70
 1119 0274 58020000 		.4byte	0x258
 1120 0278 04       		.uleb128 0x4
 1121 0279 09010000 		.4byte	.LASF48
 1122 027d 08       		.byte	0x8
 1123 027e E5       		.byte	0xe5
 1124 027f 83020000 		.4byte	0x283
 1125 0283 0A       		.uleb128 0xa
 1126 0284 04       		.byte	0x4
 1127 0285 04       		.uleb128 0x4
 1128 0286 D6010000 		.4byte	.LASF49
 1129 028a 08       		.byte	0x8
 1130 028b EB       		.byte	0xeb
 1131 028c B4000000 		.4byte	0xb4
 1132 0290 0B       		.uleb128 0xb
 1133 0291 E4030000 		.4byte	.LASF50
ARM GAS  /tmp/ccuuRUTg.s 			page 21


 1134 0295 24       		.byte	0x24
 1135 0296 08       		.byte	0x8
 1136 0297 0C01     		.2byte	0x10c
 1137 0299 0C030000 		.4byte	0x30c
 1138 029d 0C       		.uleb128 0xc
 1139 029e 723400   		.ascii	"r4\000"
 1140 02a1 08       		.byte	0x8
 1141 02a2 1F01     		.2byte	0x11f
 1142 02a4 78020000 		.4byte	0x278
 1143 02a8 00       		.byte	0
 1144 02a9 0C       		.uleb128 0xc
 1145 02aa 723500   		.ascii	"r5\000"
 1146 02ad 08       		.byte	0x8
 1147 02ae 2001     		.2byte	0x120
 1148 02b0 78020000 		.4byte	0x278
 1149 02b4 04       		.byte	0x4
 1150 02b5 0C       		.uleb128 0xc
 1151 02b6 723600   		.ascii	"r6\000"
 1152 02b9 08       		.byte	0x8
 1153 02ba 2101     		.2byte	0x121
 1154 02bc 78020000 		.4byte	0x278
 1155 02c0 08       		.byte	0x8
 1156 02c1 0C       		.uleb128 0xc
 1157 02c2 723700   		.ascii	"r7\000"
 1158 02c5 08       		.byte	0x8
 1159 02c6 2201     		.2byte	0x122
 1160 02c8 78020000 		.4byte	0x278
 1161 02cc 0C       		.byte	0xc
 1162 02cd 0C       		.uleb128 0xc
 1163 02ce 723800   		.ascii	"r8\000"
 1164 02d1 08       		.byte	0x8
 1165 02d2 2301     		.2byte	0x123
 1166 02d4 78020000 		.4byte	0x278
 1167 02d8 10       		.byte	0x10
 1168 02d9 0C       		.uleb128 0xc
 1169 02da 723900   		.ascii	"r9\000"
 1170 02dd 08       		.byte	0x8
 1171 02de 2401     		.2byte	0x124
 1172 02e0 78020000 		.4byte	0x278
 1173 02e4 14       		.byte	0x14
 1174 02e5 0C       		.uleb128 0xc
 1175 02e6 72313000 		.ascii	"r10\000"
 1176 02ea 08       		.byte	0x8
 1177 02eb 2501     		.2byte	0x125
 1178 02ed 78020000 		.4byte	0x278
 1179 02f1 18       		.byte	0x18
 1180 02f2 0C       		.uleb128 0xc
 1181 02f3 72313100 		.ascii	"r11\000"
 1182 02f7 08       		.byte	0x8
 1183 02f8 2601     		.2byte	0x126
 1184 02fa 78020000 		.4byte	0x278
 1185 02fe 1C       		.byte	0x1c
 1186 02ff 0C       		.uleb128 0xc
 1187 0300 6C7200   		.ascii	"lr\000"
 1188 0303 08       		.byte	0x8
 1189 0304 2701     		.2byte	0x127
 1190 0306 78020000 		.4byte	0x278
ARM GAS  /tmp/ccuuRUTg.s 			page 22


 1191 030a 20       		.byte	0x20
 1192 030b 00       		.byte	0
 1193 030c 0B       		.uleb128 0xb
 1194 030d 7A010000 		.4byte	.LASF51
 1195 0311 04       		.byte	0x4
 1196 0312 08       		.byte	0x8
 1197 0313 3101     		.2byte	0x131
 1198 0315 27030000 		.4byte	0x327
 1199 0319 0C       		.uleb128 0xc
 1200 031a 72313300 		.ascii	"r13\000"
 1201 031e 08       		.byte	0x8
 1202 031f 3201     		.2byte	0x132
 1203 0321 27030000 		.4byte	0x327
 1204 0325 00       		.byte	0
 1205 0326 00       		.byte	0
 1206 0327 09       		.uleb128 0x9
 1207 0328 04       		.byte	0x4
 1208 0329 90020000 		.4byte	0x290
 1209 032d 03       		.uleb128 0x3
 1210 032e 04       		.byte	0x4
 1211 032f 07       		.byte	0x7
 1212 0330 E9010000 		.4byte	.LASF52
 1213 0334 04       		.uleb128 0x4
 1214 0335 6B010000 		.4byte	.LASF53
 1215 0339 09       		.byte	0x9
 1216 033a 58       		.byte	0x58
 1217 033b 3F030000 		.4byte	0x33f
 1218 033f 09       		.uleb128 0x9
 1219 0340 04       		.byte	0x4
 1220 0341 45030000 		.4byte	0x345
 1221 0345 0D       		.uleb128 0xd
 1222 0346 50030000 		.4byte	0x350
 1223 034a 0E       		.uleb128 0xe
 1224 034b 83020000 		.4byte	0x283
 1225 034f 00       		.byte	0
 1226 0350 04       		.uleb128 0x4
 1227 0351 F8020000 		.4byte	.LASF54
 1228 0355 09       		.byte	0x9
 1229 0356 5D       		.byte	0x5d
 1230 0357 5B030000 		.4byte	0x35b
 1231 035b 05       		.uleb128 0x5
 1232 035c F8020000 		.4byte	.LASF54
 1233 0360 14       		.byte	0x14
 1234 0361 09       		.byte	0x9
 1235 0362 64       		.byte	0x64
 1236 0363 A4030000 		.4byte	0x3a4
 1237 0367 06       		.uleb128 0x6
 1238 0368 51010000 		.4byte	.LASF55
 1239 036c 09       		.byte	0x9
 1240 036d 65       		.byte	0x65
 1241 036e A4030000 		.4byte	0x3a4
 1242 0372 00       		.byte	0
 1243 0373 06       		.uleb128 0x6
 1244 0374 12010000 		.4byte	.LASF56
 1245 0378 09       		.byte	0x9
 1246 0379 67       		.byte	0x67
 1247 037a A4030000 		.4byte	0x3a4
ARM GAS  /tmp/ccuuRUTg.s 			page 23


 1248 037e 04       		.byte	0x4
 1249 037f 06       		.uleb128 0x6
 1250 0380 E1010000 		.4byte	.LASF57
 1251 0384 09       		.byte	0x9
 1252 0385 69       		.byte	0x69
 1253 0386 08010000 		.4byte	0x108
 1254 038a 08       		.byte	0x8
 1255 038b 06       		.uleb128 0x6
 1256 038c F2010000 		.4byte	.LASF58
 1257 0390 09       		.byte	0x9
 1258 0391 6A       		.byte	0x6a
 1259 0392 34030000 		.4byte	0x334
 1260 0396 0C       		.byte	0xc
 1261 0397 06       		.uleb128 0x6
 1262 0398 FB030000 		.4byte	.LASF59
 1263 039c 09       		.byte	0x9
 1264 039d 6C       		.byte	0x6c
 1265 039e 83020000 		.4byte	0x283
 1266 03a2 10       		.byte	0x10
 1267 03a3 00       		.byte	0
 1268 03a4 09       		.uleb128 0x9
 1269 03a5 04       		.byte	0x4
 1270 03a6 50030000 		.4byte	0x350
 1271 03aa 0F       		.uleb128 0xf
 1272 03ab 08010000 		.4byte	0x108
 1273 03af 08       		.uleb128 0x8
 1274 03b0 1C       		.byte	0x1c
 1275 03b1 0A       		.byte	0xa
 1276 03b2 5E       		.byte	0x5e
 1277 03b3 00040000 		.4byte	0x400
 1278 03b7 06       		.uleb128 0x6
 1279 03b8 F0020000 		.4byte	.LASF60
 1280 03bc 0A       		.byte	0xa
 1281 03bd 5F       		.byte	0x5f
 1282 03be 4D020000 		.4byte	0x24d
 1283 03c2 00       		.byte	0
 1284 03c3 06       		.uleb128 0x6
 1285 03c4 AA020000 		.4byte	.LASF61
 1286 03c8 0A       		.byte	0xa
 1287 03c9 60       		.byte	0x60
 1288 03ca E7000000 		.4byte	0xe7
 1289 03ce 08       		.byte	0x8
 1290 03cf 06       		.uleb128 0x6
 1291 03d0 1A020000 		.4byte	.LASF62
 1292 03d4 0A       		.byte	0xa
 1293 03d5 62       		.byte	0x62
 1294 03d6 0C030000 		.4byte	0x30c
 1295 03da 0C       		.byte	0xc
 1296 03db 06       		.uleb128 0x6
 1297 03dc A8010000 		.4byte	.LASF63
 1298 03e0 0A       		.byte	0xa
 1299 03e1 65       		.byte	0x65
 1300 03e2 47020000 		.4byte	0x247
 1301 03e6 10       		.byte	0x10
 1302 03e7 06       		.uleb128 0x6
 1303 03e8 3F020000 		.4byte	.LASF64
 1304 03ec 0A       		.byte	0xa
ARM GAS  /tmp/ccuuRUTg.s 			page 24


 1305 03ed 66       		.byte	0x66
 1306 03ee 47020000 		.4byte	0x247
 1307 03f2 14       		.byte	0x14
 1308 03f3 06       		.uleb128 0x6
 1309 03f4 35020000 		.4byte	.LASF65
 1310 03f8 0A       		.byte	0xa
 1311 03f9 69       		.byte	0x69
 1312 03fa 47020000 		.4byte	0x247
 1313 03fe 18       		.byte	0x18
 1314 03ff 00       		.byte	0
 1315 0400 04       		.uleb128 0x4
 1316 0401 13040000 		.4byte	.LASF66
 1317 0405 0A       		.byte	0xa
 1318 0406 6B       		.byte	0x6b
 1319 0407 AF030000 		.4byte	0x3af
 1320 040b 05       		.uleb128 0x5
 1321 040c 02040000 		.4byte	.LASF67
 1322 0410 0C       		.byte	0xc
 1323 0411 0B       		.byte	0xb
 1324 0412 2C       		.byte	0x2c
 1325 0413 30040000 		.4byte	0x430
 1326 0417 06       		.uleb128 0x6
 1327 0418 E5000000 		.4byte	.LASF68
 1328 041c 0B       		.byte	0xb
 1329 041d 2D       		.byte	0x2d
 1330 041e 4D020000 		.4byte	0x24d
 1331 0422 00       		.byte	0
 1332 0423 06       		.uleb128 0x6
 1333 0424 74010000 		.4byte	.LASF69
 1334 0428 0B       		.byte	0xb
 1335 0429 2F       		.byte	0x2f
 1336 042a 13010000 		.4byte	0x113
 1337 042e 08       		.byte	0x8
 1338 042f 00       		.byte	0
 1339 0430 04       		.uleb128 0x4
 1340 0431 02040000 		.4byte	.LASF67
 1341 0435 0B       		.byte	0xb
 1342 0436 30       		.byte	0x30
 1343 0437 0B040000 		.4byte	0x40b
 1344 043b 05       		.uleb128 0x5
 1345 043c D0010000 		.4byte	.LASF70
 1346 0440 10       		.byte	0x10
 1347 0441 0C       		.byte	0xc
 1348 0442 2C       		.byte	0x2c
 1349 0443 6C040000 		.4byte	0x46c
 1350 0447 06       		.uleb128 0x6
 1351 0448 C3000000 		.4byte	.LASF71
 1352 044c 0C       		.byte	0xc
 1353 044d 2D       		.byte	0x2d
 1354 044e 4D020000 		.4byte	0x24d
 1355 0452 00       		.byte	0
 1356 0453 06       		.uleb128 0x6
 1357 0454 4E040000 		.4byte	.LASF72
 1358 0458 0C       		.byte	0xc
 1359 0459 2F       		.byte	0x2f
 1360 045a 47020000 		.4byte	0x247
 1361 045e 08       		.byte	0x8
ARM GAS  /tmp/ccuuRUTg.s 			page 25


 1362 045f 06       		.uleb128 0x6
 1363 0460 B7030000 		.4byte	.LASF73
 1364 0464 0C       		.byte	0xc
 1365 0465 31       		.byte	0x31
 1366 0466 6C040000 		.4byte	0x46c
 1367 046a 0C       		.byte	0xc
 1368 046b 00       		.byte	0
 1369 046c 09       		.uleb128 0x9
 1370 046d 04       		.byte	0x4
 1371 046e 3B040000 		.4byte	0x43b
 1372 0472 04       		.uleb128 0x4
 1373 0473 D0010000 		.4byte	.LASF70
 1374 0477 0C       		.byte	0xc
 1375 0478 33       		.byte	0x33
 1376 0479 3B040000 		.4byte	0x43b
 1377 047d 10       		.uleb128 0x10
 1378 047e 04       		.byte	0x4
 1379 047f 07       		.byte	0x7
 1380 0480 96       		.byte	0x96
 1381 0481 B2040000 		.4byte	0x4b2
 1382 0485 11       		.uleb128 0x11
 1383 0486 06000000 		.4byte	.LASF74
 1384 048a 07       		.byte	0x7
 1385 048b 9D       		.byte	0x9d
 1386 048c F2000000 		.4byte	0xf2
 1387 0490 11       		.uleb128 0x11
 1388 0491 4E000000 		.4byte	.LASF75
 1389 0495 07       		.byte	0x7
 1390 0496 A4       		.byte	0xa4
 1391 0497 F2000000 		.4byte	0xf2
 1392 049b 11       		.uleb128 0x11
 1393 049c 2B040000 		.4byte	.LASF76
 1394 04a0 07       		.byte	0x7
 1395 04a1 AB       		.byte	0xab
 1396 04a2 83020000 		.4byte	0x283
 1397 04a6 11       		.uleb128 0x11
 1398 04a7 B1020000 		.4byte	.LASF77
 1399 04ab 07       		.byte	0x7
 1400 04ac B2       		.byte	0xb2
 1401 04ad FD000000 		.4byte	0xfd
 1402 04b1 00       		.byte	0
 1403 04b2 09       		.uleb128 0x9
 1404 04b3 04       		.byte	0x4
 1405 04b4 B8040000 		.4byte	0x4b8
 1406 04b8 12       		.uleb128 0x12
 1407 04b9 BD040000 		.4byte	0x4bd
 1408 04bd 03       		.uleb128 0x3
 1409 04be 01       		.byte	0x1
 1410 04bf 08       		.byte	0x8
 1411 04c0 9A030000 		.4byte	.LASF78
 1412 04c4 09       		.uleb128 0x9
 1413 04c5 04       		.byte	0x4
 1414 04c6 85020000 		.4byte	0x285
 1415 04ca 09       		.uleb128 0x9
 1416 04cb 04       		.byte	0x4
 1417 04cc 72040000 		.4byte	0x472
 1418 04d0 13       		.uleb128 0x13
ARM GAS  /tmp/ccuuRUTg.s 			page 26


 1419 04d1 9F030000 		.4byte	.LASF79
 1420 04d5 01       		.byte	0x1
 1421 04d6 3B       		.byte	0x3b
 1422 04d7 47020000 		.4byte	0x247
 1423 04db 00000000 		.4byte	.LFB2
 1424 04df 22000000 		.4byte	.LFE2-.LFB2
 1425 04e3 01       		.uleb128 0x1
 1426 04e4 9C       		.byte	0x9c
 1427 04e5 05050000 		.4byte	0x505
 1428 04e9 14       		.uleb128 0x14
 1429 04ea 74717000 		.ascii	"tqp\000"
 1430 04ee 01       		.byte	0x1
 1431 04ef 3B       		.byte	0x3b
 1432 04f0 05050000 		.4byte	0x505
 1433 04f4 02       		.uleb128 0x2
 1434 04f5 91       		.byte	0x91
 1435 04f6 74       		.sleb128 -12
 1436 04f7 15       		.uleb128 0x15
 1437 04f8 747000   		.ascii	"tp\000"
 1438 04fb 01       		.byte	0x1
 1439 04fc 3C       		.byte	0x3c
 1440 04fd 47020000 		.4byte	0x247
 1441 0501 02       		.uleb128 0x2
 1442 0502 91       		.byte	0x91
 1443 0503 7C       		.sleb128 -4
 1444 0504 00       		.byte	0
 1445 0505 09       		.uleb128 0x9
 1446 0506 04       		.byte	0x4
 1447 0507 4D020000 		.4byte	0x24d
 1448 050b 13       		.uleb128 0x13
 1449 050c 2D020000 		.4byte	.LASF80
 1450 0510 01       		.byte	0x1
 1451 0511 49       		.byte	0x49
 1452 0512 47020000 		.4byte	0x247
 1453 0516 24000000 		.4byte	.LFB4
 1454 051a 20000000 		.4byte	.LFE4-.LFB4
 1455 051e 01       		.uleb128 0x1
 1456 051f 9C       		.byte	0x9c
 1457 0520 32050000 		.4byte	0x532
 1458 0524 14       		.uleb128 0x14
 1459 0525 747000   		.ascii	"tp\000"
 1460 0528 01       		.byte	0x1
 1461 0529 49       		.byte	0x49
 1462 052a 47020000 		.4byte	0x247
 1463 052e 02       		.uleb128 0x2
 1464 052f 91       		.byte	0x91
 1465 0530 7C       		.sleb128 -4
 1466 0531 00       		.byte	0
 1467 0532 16       		.uleb128 0x16
 1468 0533 91000000 		.4byte	.LASF87
 1469 0537 02       		.byte	0x2
 1470 0538 37       		.byte	0x37
 1471 0539 44000000 		.4byte	.LFB7
 1472 053d 28000000 		.4byte	.LFE7-.LFB7
 1473 0541 01       		.uleb128 0x1
 1474 0542 9C       		.byte	0x9c
 1475 0543 17       		.uleb128 0x17
ARM GAS  /tmp/ccuuRUTg.s 			page 27


 1476 0544 AB030000 		.4byte	.LASF82
 1477 0548 02       		.byte	0x2
 1478 0549 51       		.byte	0x51
 1479 054a 47020000 		.4byte	0x247
 1480 054e 6C000000 		.4byte	.LFB8
 1481 0552 74000000 		.4byte	.LFE8-.LFB8
 1482 0556 01       		.uleb128 0x1
 1483 0557 9C       		.byte	0x9c
 1484 0558 77050000 		.4byte	0x577
 1485 055c 14       		.uleb128 0x14
 1486 055d 747000   		.ascii	"tp\000"
 1487 0560 02       		.byte	0x2
 1488 0561 51       		.byte	0x51
 1489 0562 47020000 		.4byte	0x247
 1490 0566 02       		.uleb128 0x2
 1491 0567 91       		.byte	0x91
 1492 0568 6C       		.sleb128 -20
 1493 0569 15       		.uleb128 0x15
 1494 056a 637000   		.ascii	"cp\000"
 1495 056d 02       		.byte	0x2
 1496 056e 52       		.byte	0x52
 1497 056f 47020000 		.4byte	0x247
 1498 0573 02       		.uleb128 0x2
 1499 0574 91       		.byte	0x91
 1500 0575 74       		.sleb128 -12
 1501 0576 00       		.byte	0
 1502 0577 18       		.uleb128 0x18
 1503 0578 CE020000 		.4byte	.LASF85
 1504 057c 02       		.byte	0x2
 1505 057d 73       		.byte	0x73
 1506 057e E0000000 		.4byte	.LFB9
 1507 0582 68000000 		.4byte	.LFE9-.LFB9
 1508 0586 01       		.uleb128 0x1
 1509 0587 9C       		.byte	0x9c
 1510 0588 C0050000 		.4byte	0x5c0
 1511 058c 19       		.uleb128 0x19
 1512 058d 85020000 		.4byte	.LASF81
 1513 0591 02       		.byte	0x2
 1514 0592 73       		.byte	0x73
 1515 0593 D1000000 		.4byte	0xd1
 1516 0597 02       		.uleb128 0x2
 1517 0598 91       		.byte	0x91
 1518 0599 6F       		.sleb128 -17
 1519 059a 15       		.uleb128 0x15
 1520 059b 6F747000 		.ascii	"otp\000"
 1521 059f 02       		.byte	0x2
 1522 05a0 74       		.byte	0x74
 1523 05a1 47020000 		.4byte	0x247
 1524 05a5 02       		.uleb128 0x2
 1525 05a6 91       		.byte	0x91
 1526 05a7 74       		.sleb128 -12
 1527 05a8 1A       		.uleb128 0x1a
 1528 05a9 1A010000 		.4byte	.LBB2
 1529 05ad 20000000 		.4byte	.LBE2-.LBB2
 1530 05b1 15       		.uleb128 0x15
 1531 05b2 72313300 		.ascii	"r13\000"
 1532 05b6 02       		.byte	0x2
ARM GAS  /tmp/ccuuRUTg.s 			page 28


 1533 05b7 80       		.byte	0x80
 1534 05b8 27030000 		.4byte	0x327
 1535 05bc 01       		.uleb128 0x1
 1536 05bd 5D       		.byte	0x5d
 1537 05be 00       		.byte	0
 1538 05bf 00       		.byte	0
 1539 05c0 1B       		.uleb128 0x1b
 1540 05c1 4A010000 		.4byte	.LASF94
 1541 05c5 02       		.byte	0x2
 1542 05c6 88       		.byte	0x88
 1543 05c7 48010000 		.4byte	.LFB10
 1544 05cb 96000000 		.4byte	.LFE10-.LFB10
 1545 05cf 01       		.uleb128 0x1
 1546 05d0 9C       		.byte	0x9c
 1547 05d1 3C060000 		.4byte	0x63c
 1548 05d5 14       		.uleb128 0x14
 1549 05d6 7000     		.ascii	"p\000"
 1550 05d8 02       		.byte	0x2
 1551 05d9 88       		.byte	0x88
 1552 05da 83020000 		.4byte	0x283
 1553 05de 02       		.uleb128 0x2
 1554 05df 91       		.byte	0x91
 1555 05e0 6C       		.sleb128 -20
 1556 05e1 15       		.uleb128 0x15
 1557 05e2 747000   		.ascii	"tp\000"
 1558 05e5 02       		.byte	0x2
 1559 05e6 89       		.byte	0x89
 1560 05e7 47020000 		.4byte	0x247
 1561 05eb 02       		.uleb128 0x2
 1562 05ec 91       		.byte	0x91
 1563 05ed 74       		.sleb128 -12
 1564 05ee 1C       		.uleb128 0x1c
 1565 05ef 52010000 		.4byte	.LBB3
 1566 05f3 06000000 		.4byte	.LBE3-.LBB3
 1567 05f7 09060000 		.4byte	0x609
 1568 05fb 15       		.uleb128 0x15
 1569 05fc 746D7000 		.ascii	"tmp\000"
 1570 0600 02       		.byte	0x2
 1571 0601 8B       		.byte	0x8b
 1572 0602 A9000000 		.4byte	0xa9
 1573 0606 01       		.uleb128 0x1
 1574 0607 53       		.byte	0x53
 1575 0608 00       		.byte	0
 1576 0609 1C       		.uleb128 0x1c
 1577 060a A8010000 		.4byte	.LBB4
 1578 060e 06000000 		.4byte	.LBE4-.LBB4
 1579 0612 24060000 		.4byte	0x624
 1580 0616 15       		.uleb128 0x15
 1581 0617 746D7000 		.ascii	"tmp\000"
 1582 061b 02       		.byte	0x2
 1583 061c 90       		.byte	0x90
 1584 061d A9000000 		.4byte	0xa9
 1585 0621 01       		.uleb128 0x1
 1586 0622 53       		.byte	0x53
 1587 0623 00       		.byte	0
 1588 0624 1A       		.uleb128 0x1a
 1589 0625 D2010000 		.4byte	.LBB5
ARM GAS  /tmp/ccuuRUTg.s 			page 29


 1590 0629 06000000 		.4byte	.LBE5-.LBB5
 1591 062d 15       		.uleb128 0x15
 1592 062e 746D7000 		.ascii	"tmp\000"
 1593 0632 02       		.byte	0x2
 1594 0633 A5       		.byte	0xa5
 1595 0634 A9000000 		.4byte	0xa9
 1596 0638 01       		.uleb128 0x1
 1597 0639 53       		.byte	0x53
 1598 063a 00       		.byte	0
 1599 063b 00       		.byte	0
 1600 063c 17       		.uleb128 0x17
 1601 063d 39040000 		.4byte	.LASF83
 1602 0641 02       		.byte	0x2
 1603 0642 BD       		.byte	0xbd
 1604 0643 F2000000 		.4byte	0xf2
 1605 0647 E0010000 		.4byte	.LFB11
 1606 064b 64000000 		.4byte	.LFE11-.LFB11
 1607 064f 01       		.uleb128 0x1
 1608 0650 9C       		.byte	0x9c
 1609 0651 89060000 		.4byte	0x689
 1610 0655 19       		.uleb128 0x19
 1611 0656 85020000 		.4byte	.LASF81
 1612 065a 02       		.byte	0x2
 1613 065b BD       		.byte	0xbd
 1614 065c D1000000 		.4byte	0xd1
 1615 0660 02       		.uleb128 0x2
 1616 0661 91       		.byte	0x91
 1617 0662 5F       		.sleb128 -33
 1618 0663 19       		.uleb128 0x19
 1619 0664 F6030000 		.4byte	.LASF84
 1620 0668 02       		.byte	0x2
 1621 0669 BD       		.byte	0xbd
 1622 066a 08010000 		.4byte	0x108
 1623 066e 02       		.uleb128 0x2
 1624 066f 91       		.byte	0x91
 1625 0670 58       		.sleb128 -40
 1626 0671 1A       		.uleb128 0x1a
 1627 0672 F8010000 		.4byte	.LBB6
 1628 0676 28000000 		.4byte	.LBE6-.LBB6
 1629 067a 15       		.uleb128 0x15
 1630 067b 767400   		.ascii	"vt\000"
 1631 067e 02       		.byte	0x2
 1632 067f C2       		.byte	0xc2
 1633 0680 50030000 		.4byte	0x350
 1634 0684 02       		.uleb128 0x2
 1635 0685 91       		.byte	0x91
 1636 0686 64       		.sleb128 -28
 1637 0687 00       		.byte	0
 1638 0688 00       		.byte	0
 1639 0689 18       		.uleb128 0x18
 1640 068a 95010000 		.4byte	.LASF86
 1641 068e 02       		.byte	0x2
 1642 068f E1       		.byte	0xe1
 1643 0690 44020000 		.4byte	.LFB12
 1644 0694 74000000 		.4byte	.LFE12-.LFB12
 1645 0698 01       		.uleb128 0x1
 1646 0699 9C       		.byte	0x9c
ARM GAS  /tmp/ccuuRUTg.s 			page 30


 1647 069a EA060000 		.4byte	0x6ea
 1648 069e 14       		.uleb128 0x14
 1649 069f 6E747000 		.ascii	"ntp\000"
 1650 06a3 02       		.byte	0x2
 1651 06a4 E1       		.byte	0xe1
 1652 06a5 47020000 		.4byte	0x247
 1653 06a9 02       		.uleb128 0x2
 1654 06aa 91       		.byte	0x91
 1655 06ab 6C       		.sleb128 -20
 1656 06ac 14       		.uleb128 0x14
 1657 06ad 6D736700 		.ascii	"msg\000"
 1658 06b1 02       		.byte	0x2
 1659 06b2 E1       		.byte	0xe1
 1660 06b3 F2000000 		.4byte	0xf2
 1661 06b7 02       		.uleb128 0x2
 1662 06b8 91       		.byte	0x91
 1663 06b9 68       		.sleb128 -24
 1664 06ba 1A       		.uleb128 0x1a
 1665 06bb 6C020000 		.4byte	.LBB7
 1666 06bf 3C000000 		.4byte	.LBE7-.LBB7
 1667 06c3 15       		.uleb128 0x15
 1668 06c4 6F747000 		.ascii	"otp\000"
 1669 06c8 02       		.byte	0x2
 1670 06c9 ED       		.byte	0xed
 1671 06ca 47020000 		.4byte	0x247
 1672 06ce 02       		.uleb128 0x2
 1673 06cf 91       		.byte	0x91
 1674 06d0 74       		.sleb128 -12
 1675 06d1 1A       		.uleb128 0x1a
 1676 06d2 8C020000 		.4byte	.LBB8
 1677 06d6 1C000000 		.4byte	.LBE8-.LBB8
 1678 06da 15       		.uleb128 0x15
 1679 06db 72313300 		.ascii	"r13\000"
 1680 06df 02       		.byte	0x2
 1681 06e0 F0       		.byte	0xf0
 1682 06e1 27030000 		.4byte	0x327
 1683 06e5 01       		.uleb128 0x1
 1684 06e6 5D       		.byte	0x5d
 1685 06e7 00       		.byte	0
 1686 06e8 00       		.byte	0
 1687 06e9 00       		.byte	0
 1688 06ea 1D       		.uleb128 0x1d
 1689 06eb ED000000 		.4byte	.LASF88
 1690 06ef 02       		.byte	0x2
 1691 06f0 FD       		.byte	0xfd
 1692 06f1 B8020000 		.4byte	.LFB13
 1693 06f5 20000000 		.4byte	.LFE13-.LFB13
 1694 06f9 01       		.uleb128 0x1
 1695 06fa 9C       		.byte	0x9c
 1696 06fb 1E       		.uleb128 0x1e
 1697 06fc FA010000 		.4byte	.LASF89
 1698 0700 02       		.byte	0x2
 1699 0701 3001     		.2byte	0x130
 1700 0703 D8020000 		.4byte	.LFB14
 1701 0707 5C000000 		.4byte	.LFE14-.LFB14
 1702 070b 01       		.uleb128 0x1
 1703 070c 9C       		.byte	0x9c
ARM GAS  /tmp/ccuuRUTg.s 			page 31


 1704 070d 39070000 		.4byte	0x739
 1705 0711 1F       		.uleb128 0x1f
 1706 0712 6F747000 		.ascii	"otp\000"
 1707 0716 02       		.byte	0x2
 1708 0717 3101     		.2byte	0x131
 1709 0719 47020000 		.4byte	0x247
 1710 071d 02       		.uleb128 0x2
 1711 071e 91       		.byte	0x91
 1712 071f 74       		.sleb128 -12
 1713 0720 1A       		.uleb128 0x1a
 1714 0721 04030000 		.4byte	.LBB9
 1715 0725 20000000 		.4byte	.LBE9-.LBB9
 1716 0729 1F       		.uleb128 0x1f
 1717 072a 72313300 		.ascii	"r13\000"
 1718 072e 02       		.byte	0x2
 1719 072f 3B01     		.2byte	0x13b
 1720 0731 27030000 		.4byte	0x327
 1721 0735 01       		.uleb128 0x1
 1722 0736 5D       		.byte	0x5d
 1723 0737 00       		.byte	0
 1724 0738 00       		.byte	0
 1725 0739 1E       		.uleb128 0x1e
 1726 073a 16000000 		.4byte	.LASF90
 1727 073e 02       		.byte	0x2
 1728 073f 4901     		.2byte	0x149
 1729 0741 34030000 		.4byte	.LFB15
 1730 0745 90000000 		.4byte	.LFE15-.LFB15
 1731 0749 01       		.uleb128 0x1
 1732 074a 9C       		.byte	0x9c
 1733 074b 85070000 		.4byte	0x785
 1734 074f 1F       		.uleb128 0x1f
 1735 0750 6F747000 		.ascii	"otp\000"
 1736 0754 02       		.byte	0x2
 1737 0755 4A01     		.2byte	0x14a
 1738 0757 47020000 		.4byte	0x247
 1739 075b 02       		.uleb128 0x2
 1740 075c 91       		.byte	0x91
 1741 075d 70       		.sleb128 -16
 1742 075e 1F       		.uleb128 0x1f
 1743 075f 637000   		.ascii	"cp\000"
 1744 0762 02       		.byte	0x2
 1745 0763 4A01     		.2byte	0x14a
 1746 0765 47020000 		.4byte	0x247
 1747 0769 02       		.uleb128 0x2
 1748 076a 91       		.byte	0x91
 1749 076b 74       		.sleb128 -12
 1750 076c 1A       		.uleb128 0x1a
 1751 076d 96030000 		.4byte	.LBB10
 1752 0771 20000000 		.4byte	.LBE10-.LBB10
 1753 0775 1F       		.uleb128 0x1f
 1754 0776 72313300 		.ascii	"r13\000"
 1755 077a 02       		.byte	0x2
 1756 077b 5B01     		.2byte	0x15b
 1757 077d 27030000 		.4byte	0x327
 1758 0781 01       		.uleb128 0x1
 1759 0782 5D       		.byte	0x5d
 1760 0783 00       		.byte	0
ARM GAS  /tmp/ccuuRUTg.s 			page 32


 1761 0784 00       		.byte	0
 1762 0785 20       		.uleb128 0x20
 1763 0786 1A010000 		.4byte	.LASF91
 1764 078a 02       		.byte	0x2
 1765 078b 6A01     		.2byte	0x16a
 1766 078d C4030000 		.4byte	.LFB16
 1767 0791 08000000 		.4byte	.LFE16-.LFB16
 1768 0795 01       		.uleb128 0x1
 1769 0796 9C       		.byte	0x9c
 1770 0797 21       		.uleb128 0x21
 1771 0798 1D040000 		.4byte	.LASF95
 1772 079c 02       		.byte	0x2
 1773 079d 2F       		.byte	0x2f
 1774 079e 00040000 		.4byte	0x400
 1775 07a2 05       		.uleb128 0x5
 1776 07a3 03       		.byte	0x3
 1777 07a4 00000000 		.4byte	rlist
 1778 07a8 00       		.byte	0
 1779              		.section	.debug_abbrev,"",%progbits
 1780              	.Ldebug_abbrev0:
 1781 0000 01       		.uleb128 0x1
 1782 0001 11       		.uleb128 0x11
 1783 0002 01       		.byte	0x1
 1784 0003 25       		.uleb128 0x25
 1785 0004 0E       		.uleb128 0xe
 1786 0005 13       		.uleb128 0x13
 1787 0006 0B       		.uleb128 0xb
 1788 0007 03       		.uleb128 0x3
 1789 0008 0E       		.uleb128 0xe
 1790 0009 11       		.uleb128 0x11
 1791 000a 01       		.uleb128 0x1
 1792 000b 12       		.uleb128 0x12
 1793 000c 06       		.uleb128 0x6
 1794 000d 10       		.uleb128 0x10
 1795 000e 17       		.uleb128 0x17
 1796 000f 00       		.byte	0
 1797 0010 00       		.byte	0
 1798 0011 02       		.uleb128 0x2
 1799 0012 24       		.uleb128 0x24
 1800 0013 00       		.byte	0
 1801 0014 0B       		.uleb128 0xb
 1802 0015 0B       		.uleb128 0xb
 1803 0016 3E       		.uleb128 0x3e
 1804 0017 0B       		.uleb128 0xb
 1805 0018 03       		.uleb128 0x3
 1806 0019 08       		.uleb128 0x8
 1807 001a 00       		.byte	0
 1808 001b 00       		.byte	0
 1809 001c 03       		.uleb128 0x3
 1810 001d 24       		.uleb128 0x24
 1811 001e 00       		.byte	0
 1812 001f 0B       		.uleb128 0xb
 1813 0020 0B       		.uleb128 0xb
 1814 0021 3E       		.uleb128 0x3e
 1815 0022 0B       		.uleb128 0xb
 1816 0023 03       		.uleb128 0x3
 1817 0024 0E       		.uleb128 0xe
ARM GAS  /tmp/ccuuRUTg.s 			page 33


 1818 0025 00       		.byte	0
 1819 0026 00       		.byte	0
 1820 0027 04       		.uleb128 0x4
 1821 0028 16       		.uleb128 0x16
 1822 0029 00       		.byte	0
 1823 002a 03       		.uleb128 0x3
 1824 002b 0E       		.uleb128 0xe
 1825 002c 3A       		.uleb128 0x3a
 1826 002d 0B       		.uleb128 0xb
 1827 002e 3B       		.uleb128 0x3b
 1828 002f 0B       		.uleb128 0xb
 1829 0030 49       		.uleb128 0x49
 1830 0031 13       		.uleb128 0x13
 1831 0032 00       		.byte	0
 1832 0033 00       		.byte	0
 1833 0034 05       		.uleb128 0x5
 1834 0035 13       		.uleb128 0x13
 1835 0036 01       		.byte	0x1
 1836 0037 03       		.uleb128 0x3
 1837 0038 0E       		.uleb128 0xe
 1838 0039 0B       		.uleb128 0xb
 1839 003a 0B       		.uleb128 0xb
 1840 003b 3A       		.uleb128 0x3a
 1841 003c 0B       		.uleb128 0xb
 1842 003d 3B       		.uleb128 0x3b
 1843 003e 0B       		.uleb128 0xb
 1844 003f 01       		.uleb128 0x1
 1845 0040 13       		.uleb128 0x13
 1846 0041 00       		.byte	0
 1847 0042 00       		.byte	0
 1848 0043 06       		.uleb128 0x6
 1849 0044 0D       		.uleb128 0xd
 1850 0045 00       		.byte	0
 1851 0046 03       		.uleb128 0x3
 1852 0047 0E       		.uleb128 0xe
 1853 0048 3A       		.uleb128 0x3a
 1854 0049 0B       		.uleb128 0xb
 1855 004a 3B       		.uleb128 0x3b
 1856 004b 0B       		.uleb128 0xb
 1857 004c 49       		.uleb128 0x49
 1858 004d 13       		.uleb128 0x13
 1859 004e 38       		.uleb128 0x38
 1860 004f 0B       		.uleb128 0xb
 1861 0050 00       		.byte	0
 1862 0051 00       		.byte	0
 1863 0052 07       		.uleb128 0x7
 1864 0053 0D       		.uleb128 0xd
 1865 0054 00       		.byte	0
 1866 0055 03       		.uleb128 0x3
 1867 0056 08       		.uleb128 0x8
 1868 0057 3A       		.uleb128 0x3a
 1869 0058 0B       		.uleb128 0xb
 1870 0059 3B       		.uleb128 0x3b
 1871 005a 0B       		.uleb128 0xb
 1872 005b 49       		.uleb128 0x49
 1873 005c 13       		.uleb128 0x13
 1874 005d 38       		.uleb128 0x38
ARM GAS  /tmp/ccuuRUTg.s 			page 34


 1875 005e 0B       		.uleb128 0xb
 1876 005f 00       		.byte	0
 1877 0060 00       		.byte	0
 1878 0061 08       		.uleb128 0x8
 1879 0062 13       		.uleb128 0x13
 1880 0063 01       		.byte	0x1
 1881 0064 0B       		.uleb128 0xb
 1882 0065 0B       		.uleb128 0xb
 1883 0066 3A       		.uleb128 0x3a
 1884 0067 0B       		.uleb128 0xb
 1885 0068 3B       		.uleb128 0x3b
 1886 0069 0B       		.uleb128 0xb
 1887 006a 01       		.uleb128 0x1
 1888 006b 13       		.uleb128 0x13
 1889 006c 00       		.byte	0
 1890 006d 00       		.byte	0
 1891 006e 09       		.uleb128 0x9
 1892 006f 0F       		.uleb128 0xf
 1893 0070 00       		.byte	0
 1894 0071 0B       		.uleb128 0xb
 1895 0072 0B       		.uleb128 0xb
 1896 0073 49       		.uleb128 0x49
 1897 0074 13       		.uleb128 0x13
 1898 0075 00       		.byte	0
 1899 0076 00       		.byte	0
 1900 0077 0A       		.uleb128 0xa
 1901 0078 0F       		.uleb128 0xf
 1902 0079 00       		.byte	0
 1903 007a 0B       		.uleb128 0xb
 1904 007b 0B       		.uleb128 0xb
 1905 007c 00       		.byte	0
 1906 007d 00       		.byte	0
 1907 007e 0B       		.uleb128 0xb
 1908 007f 13       		.uleb128 0x13
 1909 0080 01       		.byte	0x1
 1910 0081 03       		.uleb128 0x3
 1911 0082 0E       		.uleb128 0xe
 1912 0083 0B       		.uleb128 0xb
 1913 0084 0B       		.uleb128 0xb
 1914 0085 3A       		.uleb128 0x3a
 1915 0086 0B       		.uleb128 0xb
 1916 0087 3B       		.uleb128 0x3b
 1917 0088 05       		.uleb128 0x5
 1918 0089 01       		.uleb128 0x1
 1919 008a 13       		.uleb128 0x13
 1920 008b 00       		.byte	0
 1921 008c 00       		.byte	0
 1922 008d 0C       		.uleb128 0xc
 1923 008e 0D       		.uleb128 0xd
 1924 008f 00       		.byte	0
 1925 0090 03       		.uleb128 0x3
 1926 0091 08       		.uleb128 0x8
 1927 0092 3A       		.uleb128 0x3a
 1928 0093 0B       		.uleb128 0xb
 1929 0094 3B       		.uleb128 0x3b
 1930 0095 05       		.uleb128 0x5
 1931 0096 49       		.uleb128 0x49
ARM GAS  /tmp/ccuuRUTg.s 			page 35


 1932 0097 13       		.uleb128 0x13
 1933 0098 38       		.uleb128 0x38
 1934 0099 0B       		.uleb128 0xb
 1935 009a 00       		.byte	0
 1936 009b 00       		.byte	0
 1937 009c 0D       		.uleb128 0xd
 1938 009d 15       		.uleb128 0x15
 1939 009e 01       		.byte	0x1
 1940 009f 27       		.uleb128 0x27
 1941 00a0 19       		.uleb128 0x19
 1942 00a1 01       		.uleb128 0x1
 1943 00a2 13       		.uleb128 0x13
 1944 00a3 00       		.byte	0
 1945 00a4 00       		.byte	0
 1946 00a5 0E       		.uleb128 0xe
 1947 00a6 05       		.uleb128 0x5
 1948 00a7 00       		.byte	0
 1949 00a8 49       		.uleb128 0x49
 1950 00a9 13       		.uleb128 0x13
 1951 00aa 00       		.byte	0
 1952 00ab 00       		.byte	0
 1953 00ac 0F       		.uleb128 0xf
 1954 00ad 35       		.uleb128 0x35
 1955 00ae 00       		.byte	0
 1956 00af 49       		.uleb128 0x49
 1957 00b0 13       		.uleb128 0x13
 1958 00b1 00       		.byte	0
 1959 00b2 00       		.byte	0
 1960 00b3 10       		.uleb128 0x10
 1961 00b4 17       		.uleb128 0x17
 1962 00b5 01       		.byte	0x1
 1963 00b6 0B       		.uleb128 0xb
 1964 00b7 0B       		.uleb128 0xb
 1965 00b8 3A       		.uleb128 0x3a
 1966 00b9 0B       		.uleb128 0xb
 1967 00ba 3B       		.uleb128 0x3b
 1968 00bb 0B       		.uleb128 0xb
 1969 00bc 01       		.uleb128 0x1
 1970 00bd 13       		.uleb128 0x13
 1971 00be 00       		.byte	0
 1972 00bf 00       		.byte	0
 1973 00c0 11       		.uleb128 0x11
 1974 00c1 0D       		.uleb128 0xd
 1975 00c2 00       		.byte	0
 1976 00c3 03       		.uleb128 0x3
 1977 00c4 0E       		.uleb128 0xe
 1978 00c5 3A       		.uleb128 0x3a
 1979 00c6 0B       		.uleb128 0xb
 1980 00c7 3B       		.uleb128 0x3b
 1981 00c8 0B       		.uleb128 0xb
 1982 00c9 49       		.uleb128 0x49
 1983 00ca 13       		.uleb128 0x13
 1984 00cb 00       		.byte	0
 1985 00cc 00       		.byte	0
 1986 00cd 12       		.uleb128 0x12
 1987 00ce 26       		.uleb128 0x26
 1988 00cf 00       		.byte	0
ARM GAS  /tmp/ccuuRUTg.s 			page 36


 1989 00d0 49       		.uleb128 0x49
 1990 00d1 13       		.uleb128 0x13
 1991 00d2 00       		.byte	0
 1992 00d3 00       		.byte	0
 1993 00d4 13       		.uleb128 0x13
 1994 00d5 2E       		.uleb128 0x2e
 1995 00d6 01       		.byte	0x1
 1996 00d7 03       		.uleb128 0x3
 1997 00d8 0E       		.uleb128 0xe
 1998 00d9 3A       		.uleb128 0x3a
 1999 00da 0B       		.uleb128 0xb
 2000 00db 3B       		.uleb128 0x3b
 2001 00dc 0B       		.uleb128 0xb
 2002 00dd 27       		.uleb128 0x27
 2003 00de 19       		.uleb128 0x19
 2004 00df 49       		.uleb128 0x49
 2005 00e0 13       		.uleb128 0x13
 2006 00e1 11       		.uleb128 0x11
 2007 00e2 01       		.uleb128 0x1
 2008 00e3 12       		.uleb128 0x12
 2009 00e4 06       		.uleb128 0x6
 2010 00e5 40       		.uleb128 0x40
 2011 00e6 18       		.uleb128 0x18
 2012 00e7 9742     		.uleb128 0x2117
 2013 00e9 19       		.uleb128 0x19
 2014 00ea 01       		.uleb128 0x1
 2015 00eb 13       		.uleb128 0x13
 2016 00ec 00       		.byte	0
 2017 00ed 00       		.byte	0
 2018 00ee 14       		.uleb128 0x14
 2019 00ef 05       		.uleb128 0x5
 2020 00f0 00       		.byte	0
 2021 00f1 03       		.uleb128 0x3
 2022 00f2 08       		.uleb128 0x8
 2023 00f3 3A       		.uleb128 0x3a
 2024 00f4 0B       		.uleb128 0xb
 2025 00f5 3B       		.uleb128 0x3b
 2026 00f6 0B       		.uleb128 0xb
 2027 00f7 49       		.uleb128 0x49
 2028 00f8 13       		.uleb128 0x13
 2029 00f9 02       		.uleb128 0x2
 2030 00fa 18       		.uleb128 0x18
 2031 00fb 00       		.byte	0
 2032 00fc 00       		.byte	0
 2033 00fd 15       		.uleb128 0x15
 2034 00fe 34       		.uleb128 0x34
 2035 00ff 00       		.byte	0
 2036 0100 03       		.uleb128 0x3
 2037 0101 08       		.uleb128 0x8
 2038 0102 3A       		.uleb128 0x3a
 2039 0103 0B       		.uleb128 0xb
 2040 0104 3B       		.uleb128 0x3b
 2041 0105 0B       		.uleb128 0xb
 2042 0106 49       		.uleb128 0x49
 2043 0107 13       		.uleb128 0x13
 2044 0108 02       		.uleb128 0x2
 2045 0109 18       		.uleb128 0x18
ARM GAS  /tmp/ccuuRUTg.s 			page 37


 2046 010a 00       		.byte	0
 2047 010b 00       		.byte	0
 2048 010c 16       		.uleb128 0x16
 2049 010d 2E       		.uleb128 0x2e
 2050 010e 00       		.byte	0
 2051 010f 3F       		.uleb128 0x3f
 2052 0110 19       		.uleb128 0x19
 2053 0111 03       		.uleb128 0x3
 2054 0112 0E       		.uleb128 0xe
 2055 0113 3A       		.uleb128 0x3a
 2056 0114 0B       		.uleb128 0xb
 2057 0115 3B       		.uleb128 0x3b
 2058 0116 0B       		.uleb128 0xb
 2059 0117 27       		.uleb128 0x27
 2060 0118 19       		.uleb128 0x19
 2061 0119 11       		.uleb128 0x11
 2062 011a 01       		.uleb128 0x1
 2063 011b 12       		.uleb128 0x12
 2064 011c 06       		.uleb128 0x6
 2065 011d 40       		.uleb128 0x40
 2066 011e 18       		.uleb128 0x18
 2067 011f 9742     		.uleb128 0x2117
 2068 0121 19       		.uleb128 0x19
 2069 0122 00       		.byte	0
 2070 0123 00       		.byte	0
 2071 0124 17       		.uleb128 0x17
 2072 0125 2E       		.uleb128 0x2e
 2073 0126 01       		.byte	0x1
 2074 0127 3F       		.uleb128 0x3f
 2075 0128 19       		.uleb128 0x19
 2076 0129 03       		.uleb128 0x3
 2077 012a 0E       		.uleb128 0xe
 2078 012b 3A       		.uleb128 0x3a
 2079 012c 0B       		.uleb128 0xb
 2080 012d 3B       		.uleb128 0x3b
 2081 012e 0B       		.uleb128 0xb
 2082 012f 27       		.uleb128 0x27
 2083 0130 19       		.uleb128 0x19
 2084 0131 49       		.uleb128 0x49
 2085 0132 13       		.uleb128 0x13
 2086 0133 11       		.uleb128 0x11
 2087 0134 01       		.uleb128 0x1
 2088 0135 12       		.uleb128 0x12
 2089 0136 06       		.uleb128 0x6
 2090 0137 40       		.uleb128 0x40
 2091 0138 18       		.uleb128 0x18
 2092 0139 9642     		.uleb128 0x2116
 2093 013b 19       		.uleb128 0x19
 2094 013c 01       		.uleb128 0x1
 2095 013d 13       		.uleb128 0x13
 2096 013e 00       		.byte	0
 2097 013f 00       		.byte	0
 2098 0140 18       		.uleb128 0x18
 2099 0141 2E       		.uleb128 0x2e
 2100 0142 01       		.byte	0x1
 2101 0143 3F       		.uleb128 0x3f
 2102 0144 19       		.uleb128 0x19
ARM GAS  /tmp/ccuuRUTg.s 			page 38


 2103 0145 03       		.uleb128 0x3
 2104 0146 0E       		.uleb128 0xe
 2105 0147 3A       		.uleb128 0x3a
 2106 0148 0B       		.uleb128 0xb
 2107 0149 3B       		.uleb128 0x3b
 2108 014a 0B       		.uleb128 0xb
 2109 014b 27       		.uleb128 0x27
 2110 014c 19       		.uleb128 0x19
 2111 014d 11       		.uleb128 0x11
 2112 014e 01       		.uleb128 0x1
 2113 014f 12       		.uleb128 0x12
 2114 0150 06       		.uleb128 0x6
 2115 0151 40       		.uleb128 0x40
 2116 0152 18       		.uleb128 0x18
 2117 0153 9642     		.uleb128 0x2116
 2118 0155 19       		.uleb128 0x19
 2119 0156 01       		.uleb128 0x1
 2120 0157 13       		.uleb128 0x13
 2121 0158 00       		.byte	0
 2122 0159 00       		.byte	0
 2123 015a 19       		.uleb128 0x19
 2124 015b 05       		.uleb128 0x5
 2125 015c 00       		.byte	0
 2126 015d 03       		.uleb128 0x3
 2127 015e 0E       		.uleb128 0xe
 2128 015f 3A       		.uleb128 0x3a
 2129 0160 0B       		.uleb128 0xb
 2130 0161 3B       		.uleb128 0x3b
 2131 0162 0B       		.uleb128 0xb
 2132 0163 49       		.uleb128 0x49
 2133 0164 13       		.uleb128 0x13
 2134 0165 02       		.uleb128 0x2
 2135 0166 18       		.uleb128 0x18
 2136 0167 00       		.byte	0
 2137 0168 00       		.byte	0
 2138 0169 1A       		.uleb128 0x1a
 2139 016a 0B       		.uleb128 0xb
 2140 016b 01       		.byte	0x1
 2141 016c 11       		.uleb128 0x11
 2142 016d 01       		.uleb128 0x1
 2143 016e 12       		.uleb128 0x12
 2144 016f 06       		.uleb128 0x6
 2145 0170 00       		.byte	0
 2146 0171 00       		.byte	0
 2147 0172 1B       		.uleb128 0x1b
 2148 0173 2E       		.uleb128 0x2e
 2149 0174 01       		.byte	0x1
 2150 0175 03       		.uleb128 0x3
 2151 0176 0E       		.uleb128 0xe
 2152 0177 3A       		.uleb128 0x3a
 2153 0178 0B       		.uleb128 0xb
 2154 0179 3B       		.uleb128 0x3b
 2155 017a 0B       		.uleb128 0xb
 2156 017b 27       		.uleb128 0x27
 2157 017c 19       		.uleb128 0x19
 2158 017d 11       		.uleb128 0x11
 2159 017e 01       		.uleb128 0x1
ARM GAS  /tmp/ccuuRUTg.s 			page 39


 2160 017f 12       		.uleb128 0x12
 2161 0180 06       		.uleb128 0x6
 2162 0181 40       		.uleb128 0x40
 2163 0182 18       		.uleb128 0x18
 2164 0183 9642     		.uleb128 0x2116
 2165 0185 19       		.uleb128 0x19
 2166 0186 01       		.uleb128 0x1
 2167 0187 13       		.uleb128 0x13
 2168 0188 00       		.byte	0
 2169 0189 00       		.byte	0
 2170 018a 1C       		.uleb128 0x1c
 2171 018b 0B       		.uleb128 0xb
 2172 018c 01       		.byte	0x1
 2173 018d 11       		.uleb128 0x11
 2174 018e 01       		.uleb128 0x1
 2175 018f 12       		.uleb128 0x12
 2176 0190 06       		.uleb128 0x6
 2177 0191 01       		.uleb128 0x1
 2178 0192 13       		.uleb128 0x13
 2179 0193 00       		.byte	0
 2180 0194 00       		.byte	0
 2181 0195 1D       		.uleb128 0x1d
 2182 0196 2E       		.uleb128 0x2e
 2183 0197 00       		.byte	0
 2184 0198 3F       		.uleb128 0x3f
 2185 0199 19       		.uleb128 0x19
 2186 019a 03       		.uleb128 0x3
 2187 019b 0E       		.uleb128 0xe
 2188 019c 3A       		.uleb128 0x3a
 2189 019d 0B       		.uleb128 0xb
 2190 019e 3B       		.uleb128 0x3b
 2191 019f 0B       		.uleb128 0xb
 2192 01a0 27       		.uleb128 0x27
 2193 01a1 19       		.uleb128 0x19
 2194 01a2 11       		.uleb128 0x11
 2195 01a3 01       		.uleb128 0x1
 2196 01a4 12       		.uleb128 0x12
 2197 01a5 06       		.uleb128 0x6
 2198 01a6 40       		.uleb128 0x40
 2199 01a7 18       		.uleb128 0x18
 2200 01a8 9642     		.uleb128 0x2116
 2201 01aa 19       		.uleb128 0x19
 2202 01ab 00       		.byte	0
 2203 01ac 00       		.byte	0
 2204 01ad 1E       		.uleb128 0x1e
 2205 01ae 2E       		.uleb128 0x2e
 2206 01af 01       		.byte	0x1
 2207 01b0 3F       		.uleb128 0x3f
 2208 01b1 19       		.uleb128 0x19
 2209 01b2 03       		.uleb128 0x3
 2210 01b3 0E       		.uleb128 0xe
 2211 01b4 3A       		.uleb128 0x3a
 2212 01b5 0B       		.uleb128 0xb
 2213 01b6 3B       		.uleb128 0x3b
 2214 01b7 05       		.uleb128 0x5
 2215 01b8 27       		.uleb128 0x27
 2216 01b9 19       		.uleb128 0x19
ARM GAS  /tmp/ccuuRUTg.s 			page 40


 2217 01ba 11       		.uleb128 0x11
 2218 01bb 01       		.uleb128 0x1
 2219 01bc 12       		.uleb128 0x12
 2220 01bd 06       		.uleb128 0x6
 2221 01be 40       		.uleb128 0x40
 2222 01bf 18       		.uleb128 0x18
 2223 01c0 9642     		.uleb128 0x2116
 2224 01c2 19       		.uleb128 0x19
 2225 01c3 01       		.uleb128 0x1
 2226 01c4 13       		.uleb128 0x13
 2227 01c5 00       		.byte	0
 2228 01c6 00       		.byte	0
 2229 01c7 1F       		.uleb128 0x1f
 2230 01c8 34       		.uleb128 0x34
 2231 01c9 00       		.byte	0
 2232 01ca 03       		.uleb128 0x3
 2233 01cb 08       		.uleb128 0x8
 2234 01cc 3A       		.uleb128 0x3a
 2235 01cd 0B       		.uleb128 0xb
 2236 01ce 3B       		.uleb128 0x3b
 2237 01cf 05       		.uleb128 0x5
 2238 01d0 49       		.uleb128 0x49
 2239 01d1 13       		.uleb128 0x13
 2240 01d2 02       		.uleb128 0x2
 2241 01d3 18       		.uleb128 0x18
 2242 01d4 00       		.byte	0
 2243 01d5 00       		.byte	0
 2244 01d6 20       		.uleb128 0x20
 2245 01d7 2E       		.uleb128 0x2e
 2246 01d8 00       		.byte	0
 2247 01d9 3F       		.uleb128 0x3f
 2248 01da 19       		.uleb128 0x19
 2249 01db 03       		.uleb128 0x3
 2250 01dc 0E       		.uleb128 0xe
 2251 01dd 3A       		.uleb128 0x3a
 2252 01de 0B       		.uleb128 0xb
 2253 01df 3B       		.uleb128 0x3b
 2254 01e0 05       		.uleb128 0x5
 2255 01e1 27       		.uleb128 0x27
 2256 01e2 19       		.uleb128 0x19
 2257 01e3 11       		.uleb128 0x11
 2258 01e4 01       		.uleb128 0x1
 2259 01e5 12       		.uleb128 0x12
 2260 01e6 06       		.uleb128 0x6
 2261 01e7 40       		.uleb128 0x40
 2262 01e8 18       		.uleb128 0x18
 2263 01e9 9642     		.uleb128 0x2116
 2264 01eb 19       		.uleb128 0x19
 2265 01ec 00       		.byte	0
 2266 01ed 00       		.byte	0
 2267 01ee 21       		.uleb128 0x21
 2268 01ef 34       		.uleb128 0x34
 2269 01f0 00       		.byte	0
 2270 01f1 03       		.uleb128 0x3
 2271 01f2 0E       		.uleb128 0xe
 2272 01f3 3A       		.uleb128 0x3a
 2273 01f4 0B       		.uleb128 0xb
ARM GAS  /tmp/ccuuRUTg.s 			page 41


 2274 01f5 3B       		.uleb128 0x3b
 2275 01f6 0B       		.uleb128 0xb
 2276 01f7 49       		.uleb128 0x49
 2277 01f8 13       		.uleb128 0x13
 2278 01f9 3F       		.uleb128 0x3f
 2279 01fa 19       		.uleb128 0x19
 2280 01fb 02       		.uleb128 0x2
 2281 01fc 18       		.uleb128 0x18
 2282 01fd 00       		.byte	0
 2283 01fe 00       		.byte	0
 2284 01ff 00       		.byte	0
 2285              		.section	.debug_aranges,"",%progbits
 2286 0000 1C000000 		.4byte	0x1c
 2287 0004 0200     		.2byte	0x2
 2288 0006 00000000 		.4byte	.Ldebug_info0
 2289 000a 04       		.byte	0x4
 2290 000b 00       		.byte	0
 2291 000c 0000     		.2byte	0
 2292 000e 0000     		.2byte	0
 2293 0010 00000000 		.4byte	.Ltext0
 2294 0014 CC030000 		.4byte	.Letext0-.Ltext0
 2295 0018 00000000 		.4byte	0
 2296 001c 00000000 		.4byte	0
 2297              		.section	.debug_line,"",%progbits
 2298              	.Ldebug_line0:
 2299 0000 AC020000 		.section	.debug_str,"MS",%progbits,1
 2299      0200C601 
 2299      00000201 
 2299      FB0E0D00 
 2299      01010101 
 2300              	.LASF41:
 2301 0000 705F6D73 		.ascii	"p_msg\000"
 2301      6700
 2302              	.LASF74:
 2303 0006 7264796D 		.ascii	"rdymsg\000"
 2303      736700
 2304              	.LASF16:
 2305 000d 75696E74 		.ascii	"uint64_t\000"
 2305      36345F74 
 2305      00
 2306              	.LASF90:
 2307 0016 63685363 		.ascii	"chSchDoRescheduleAhead\000"
 2307      68446F52 
 2307      65736368 
 2307      6564756C 
 2307      65416865 
 2308              	.LASF5:
 2309 002d 5F5F7569 		.ascii	"__uint8_t\000"
 2309      6E74385F 
 2309      7400
 2310              	.LASF12:
 2311 0037 6C6F6E67 		.ascii	"long long unsigned int\000"
 2311      206C6F6E 
 2311      6720756E 
 2311      7369676E 
 2311      65642069 
 2312              	.LASF75:
ARM GAS  /tmp/ccuuRUTg.s 			page 42


 2313 004e 65786974 		.ascii	"exitcode\000"
 2313      636F6465 
 2313      00
 2314              	.LASF93:
 2315 0057 2F6F7074 		.ascii	"/opt/R2P/core/ChibiOS_2.6.5/os/kernel/src/chschd.c\000"
 2315      2F523250 
 2315      2F636F72 
 2315      652F4368 
 2315      6962694F 
 2316              	.LASF29:
 2317 008a 705F7072 		.ascii	"p_prio\000"
 2317      696F00
 2318              	.LASF87:
 2319 0091 5F736368 		.ascii	"_scheduler_init\000"
 2319      6564756C 
 2319      65725F69 
 2319      6E697400 
 2320              	.LASF10:
 2321 00a1 6C6F6E67 		.ascii	"long long int\000"
 2321      206C6F6E 
 2321      6720696E 
 2321      7400
 2322              	.LASF1:
 2323 00af 7369676E 		.ascii	"signed char\000"
 2323      65642063 
 2323      68617200 
 2324              	.LASF45:
 2325 00bb 705F6D70 		.ascii	"p_mpool\000"
 2325      6F6F6C00 
 2326              	.LASF71:
 2327 00c3 6D5F7175 		.ascii	"m_queue\000"
 2327      65756500 
 2328              	.LASF7:
 2329 00cb 6C6F6E67 		.ascii	"long int\000"
 2329      20696E74 
 2329      00
 2330              	.LASF19:
 2331 00d4 74737461 		.ascii	"tstate_t\000"
 2331      74655F74 
 2331      00
 2332              	.LASF31:
 2333 00dd 705F6E65 		.ascii	"p_newer\000"
 2333      77657200 
 2334              	.LASF68:
 2335 00e5 735F7175 		.ascii	"s_queue\000"
 2335      65756500 
 2336              	.LASF88:
 2337 00ed 63685363 		.ascii	"chSchRescheduleS\000"
 2337      68526573 
 2337      63686564 
 2337      756C6553 
 2337      00
 2338              	.LASF8:
 2339 00fe 5F5F7569 		.ascii	"__uint32_t\000"
 2339      6E743332 
 2339      5F7400
 2340              	.LASF48:
ARM GAS  /tmp/ccuuRUTg.s 			page 43


 2341 0109 72656761 		.ascii	"regarm_t\000"
 2341      726D5F74 
 2341      00
 2342              	.LASF56:
 2343 0112 76745F70 		.ascii	"vt_prev\000"
 2343      72657600 
 2344              	.LASF91:
 2345 011a 63685363 		.ascii	"chSchDoReschedule\000"
 2345      68446F52 
 2345      65736368 
 2345      6564756C 
 2345      6500
 2346              	.LASF25:
 2347 012c 636E745F 		.ascii	"cnt_t\000"
 2347      7400
 2348              	.LASF34:
 2349 0132 705F7374 		.ascii	"p_stklimit\000"
 2349      6B6C696D 
 2349      697400
 2350              	.LASF0:
 2351 013d 756E7369 		.ascii	"unsigned int\000"
 2351      676E6564 
 2351      20696E74 
 2351      00
 2352              	.LASF94:
 2353 014a 77616B65 		.ascii	"wakeup\000"
 2353      757000
 2354              	.LASF55:
 2355 0151 76745F6E 		.ascii	"vt_next\000"
 2355      65787400 
 2356              	.LASF9:
 2357 0159 6C6F6E67 		.ascii	"long unsigned int\000"
 2357      20756E73 
 2357      69676E65 
 2357      6420696E 
 2357      7400
 2358              	.LASF53:
 2359 016b 76746675 		.ascii	"vtfunc_t\000"
 2359      6E635F74 
 2359      00
 2360              	.LASF69:
 2361 0174 735F636E 		.ascii	"s_cnt\000"
 2361      7400
 2362              	.LASF51:
 2363 017a 636F6E74 		.ascii	"context\000"
 2363      65787400 
 2364              	.LASF4:
 2365 0182 73686F72 		.ascii	"short unsigned int\000"
 2365      7420756E 
 2365      7369676E 
 2365      65642069 
 2365      6E7400
 2366              	.LASF86:
 2367 0195 63685363 		.ascii	"chSchWakeupS\000"
 2367      6857616B 
 2367      65757053 
 2367      00
ARM GAS  /tmp/ccuuRUTg.s 			page 44


 2368              	.LASF22:
 2369 01a2 6D73675F 		.ascii	"msg_t\000"
 2369      7400
 2370              	.LASF63:
 2371 01a8 725F6E65 		.ascii	"r_newer\000"
 2371      77657200 
 2372              	.LASF18:
 2373 01b0 746D6F64 		.ascii	"tmode_t\000"
 2373      655F7400 
 2374              	.LASF47:
 2375 01b8 54687265 		.ascii	"ThreadsList\000"
 2375      6164734C 
 2375      69737400 
 2376              	.LASF23:
 2377 01c4 6576656E 		.ascii	"eventmask_t\000"
 2377      746D6173 
 2377      6B5F7400 
 2378              	.LASF70:
 2379 01d0 4D757465 		.ascii	"Mutex\000"
 2379      7800
 2380              	.LASF49:
 2381 01d6 73746B61 		.ascii	"stkalign_t\000"
 2381      6C69676E 
 2381      5F7400
 2382              	.LASF57:
 2383 01e1 76745F74 		.ascii	"vt_time\000"
 2383      696D6500 
 2384              	.LASF52:
 2385 01e9 73697A65 		.ascii	"sizetype\000"
 2385      74797065 
 2385      00
 2386              	.LASF58:
 2387 01f2 76745F66 		.ascii	"vt_func\000"
 2387      756E6300 
 2388              	.LASF89:
 2389 01fa 63685363 		.ascii	"chSchDoRescheduleBehind\000"
 2389      68446F52 
 2389      65736368 
 2389      6564756C 
 2389      65426568 
 2390              	.LASF32:
 2391 0212 705F6F6C 		.ascii	"p_older\000"
 2391      64657200 
 2392              	.LASF62:
 2393 021a 725F6374 		.ascii	"r_ctx\000"
 2393      7800
 2394              	.LASF46:
 2395 0220 54687265 		.ascii	"ThreadsQueue\000"
 2395      61647351 
 2395      75657565 
 2395      00
 2396              	.LASF80:
 2397 022d 64657175 		.ascii	"dequeue\000"
 2397      65756500 
 2398              	.LASF65:
 2399 0235 725F6375 		.ascii	"r_current\000"
 2399      7272656E 
ARM GAS  /tmp/ccuuRUTg.s 			page 45


 2399      7400
 2400              	.LASF64:
 2401 023f 725F6F6C 		.ascii	"r_older\000"
 2401      64657200 
 2402              	.LASF11:
 2403 0247 5F5F7569 		.ascii	"__uint64_t\000"
 2403      6E743634 
 2403      5F7400
 2404              	.LASF20:
 2405 0252 74726566 		.ascii	"trefs_t\000"
 2405      735F7400 
 2406              	.LASF28:
 2407 025a 705F7072 		.ascii	"p_prev\000"
 2407      657600
 2408              	.LASF21:
 2409 0261 74707269 		.ascii	"tprio_t\000"
 2409      6F5F7400 
 2410              	.LASF17:
 2411 0269 5F426F6F 		.ascii	"_Bool\000"
 2411      6C00
 2412              	.LASF14:
 2413 026f 696E7433 		.ascii	"int32_t\000"
 2413      325F7400 
 2414              	.LASF2:
 2415 0277 756E7369 		.ascii	"unsigned char\000"
 2415      676E6564 
 2415      20636861 
 2415      7200
 2416              	.LASF81:
 2417 0285 6E657773 		.ascii	"newstate\000"
 2417      74617465 
 2417      00
 2418              	.LASF43:
 2419 028e 705F6D74 		.ascii	"p_mtxlist\000"
 2419      786C6973 
 2419      7400
 2420              	.LASF3:
 2421 0298 73686F72 		.ascii	"short int\000"
 2421      7420696E 
 2421      7400
 2422              	.LASF35:
 2423 02a2 705F7374 		.ascii	"p_state\000"
 2423      61746500 
 2424              	.LASF61:
 2425 02aa 725F7072 		.ascii	"r_prio\000"
 2425      696F00
 2426              	.LASF77:
 2427 02b1 65776D61 		.ascii	"ewmask\000"
 2427      736B00
 2428              	.LASF27:
 2429 02b8 705F6E65 		.ascii	"p_next\000"
 2429      787400
 2430              	.LASF36:
 2431 02bf 705F666C 		.ascii	"p_flags\000"
 2431      61677300 
 2432              	.LASF26:
 2433 02c7 54687265 		.ascii	"Thread\000"
ARM GAS  /tmp/ccuuRUTg.s 			page 46


 2433      616400
 2434              	.LASF85:
 2435 02ce 63685363 		.ascii	"chSchGoSleepS\000"
 2435      68476F53 
 2435      6C656570 
 2435      5300
 2436              	.LASF42:
 2437 02dc 705F6570 		.ascii	"p_epending\000"
 2437      656E6469 
 2437      6E6700
 2438              	.LASF15:
 2439 02e7 75696E74 		.ascii	"uint32_t\000"
 2439      33325F74 
 2439      00
 2440              	.LASF60:
 2441 02f0 725F7175 		.ascii	"r_queue\000"
 2441      65756500 
 2442              	.LASF54:
 2443 02f8 56697274 		.ascii	"VirtualTimer\000"
 2443      75616C54 
 2443      696D6572 
 2443      00
 2444              	.LASF92:
 2445 0305 474E5520 		.ascii	"GNU C 4.9.3 20141119 (release) [ARM/embedded-4_9-br"
 2445      4320342E 
 2445      392E3320 
 2445      32303134 
 2445      31313139 
 2446 0338 616E6368 		.ascii	"anch revision 218278] -mcpu=cortex-m4 -mno-thumb-in"
 2446      20726576 
 2446      6973696F 
 2446      6E203231 
 2446      38323738 
 2447 036b 74657277 		.ascii	"terwork -mthumb -ggdb -O0 -fomit-frame-pointer\000"
 2447      6F726B20 
 2447      2D6D7468 
 2447      756D6220 
 2447      2D676764 
 2448              	.LASF78:
 2449 039a 63686172 		.ascii	"char\000"
 2449      00
 2450              	.LASF79:
 2451 039f 6669666F 		.ascii	"fifo_remove\000"
 2451      5F72656D 
 2451      6F766500 
 2452              	.LASF82:
 2453 03ab 63685363 		.ascii	"chSchReadyI\000"
 2453      68526561 
 2453      64794900 
 2454              	.LASF73:
 2455 03b7 6D5F6E65 		.ascii	"m_next\000"
 2455      787400
 2456              	.LASF24:
 2457 03be 73797374 		.ascii	"systime_t\000"
 2457      696D655F 
 2457      7400
 2458              	.LASF44:
ARM GAS  /tmp/ccuuRUTg.s 			page 47


 2459 03c8 705F7265 		.ascii	"p_realprio\000"
 2459      616C7072 
 2459      696F00
 2460              	.LASF6:
 2461 03d3 5F5F696E 		.ascii	"__int32_t\000"
 2461      7433325F 
 2461      7400
 2462              	.LASF38:
 2463 03dd 705F7469 		.ascii	"p_time\000"
 2463      6D6500
 2464              	.LASF50:
 2465 03e4 696E7463 		.ascii	"intctx\000"
 2465      747800
 2466              	.LASF40:
 2467 03eb 705F6D73 		.ascii	"p_msgqueue\000"
 2467      67717565 
 2467      756500
 2468              	.LASF84:
 2469 03f6 74696D65 		.ascii	"time\000"
 2469      00
 2470              	.LASF59:
 2471 03fb 76745F70 		.ascii	"vt_par\000"
 2471      617200
 2472              	.LASF67:
 2473 0402 53656D61 		.ascii	"Semaphore\000"
 2473      70686F72 
 2473      6500
 2474              	.LASF37:
 2475 040c 705F7265 		.ascii	"p_refs\000"
 2475      667300
 2476              	.LASF66:
 2477 0413 52656164 		.ascii	"ReadyList\000"
 2477      794C6973 
 2477      7400
 2478              	.LASF95:
 2479 041d 726C6973 		.ascii	"rlist\000"
 2479      7400
 2480              	.LASF13:
 2481 0423 75696E74 		.ascii	"uint8_t\000"
 2481      385F7400 
 2482              	.LASF76:
 2483 042b 77746F62 		.ascii	"wtobjp\000"
 2483      6A7000
 2484              	.LASF33:
 2485 0432 705F6E61 		.ascii	"p_name\000"
 2485      6D6500
 2486              	.LASF83:
 2487 0439 63685363 		.ascii	"chSchGoSleepTimeoutS\000"
 2487      68476F53 
 2487      6C656570 
 2487      54696D65 
 2487      6F757453 
 2488              	.LASF72:
 2489 044e 6D5F6F77 		.ascii	"m_owner\000"
 2489      6E657200 
 2490              	.LASF30:
 2491 0456 705F6374 		.ascii	"p_ctx\000"
ARM GAS  /tmp/ccuuRUTg.s 			page 48


 2491      7800
 2492              	.LASF39:
 2493 045c 705F7761 		.ascii	"p_waiting\000"
 2493      6974696E 
 2493      6700
 2494              		.ident	"GCC: (GNU Tools for ARM Embedded Processors) 4.9.3 20141119 (release) [ARM/embedded-4_9-br
ARM GAS  /tmp/ccuuRUTg.s 			page 49


DEFINED SYMBOLS
                            *ABS*:00000000 chschd.c
     /tmp/ccuuRUTg.s:18     .text:00000000 $t
     /tmp/ccuuRUTg.s:22     .text:00000000 fifo_remove
     /tmp/ccuuRUTg.s:61     .text:00000024 dequeue
                            *COM*:0000001c rlist
     /tmp/ccuuRUTg.s:100    .text:00000044 _scheduler_init
     /tmp/ccuuRUTg.s:133    .text:00000068 $d
     /tmp/ccuuRUTg.s:138    .rodata:00000000 $d
     /tmp/ccuuRUTg.s:142    .text:0000006c $t
     /tmp/ccuuRUTg.s:147    .text:0000006c chSchReadyI
     /tmp/ccuuRUTg.s:224    .text:000000d8 $d
     /tmp/ccuuRUTg.s:234    .text:000000e0 $t
     /tmp/ccuuRUTg.s:239    .text:000000e0 chSchGoSleepS
     /tmp/ccuuRUTg.s:301    .text:00000140 $d
     /tmp/ccuuRUTg.s:306    .text:00000148 $t
     /tmp/ccuuRUTg.s:310    .text:00000148 wakeup
     /tmp/ccuuRUTg.s:343    .text:0000016c $d
     /tmp/ccuuRUTg.s:357    .text:000001a4 $t
     /tmp/ccuuRUTg.s:412    .text:000001e0 chSchGoSleepTimeoutS
     /tmp/ccuuRUTg.s:476    .text:0000023c $d
     /tmp/ccuuRUTg.s:481    .text:00000244 $t
     /tmp/ccuuRUTg.s:486    .text:00000244 chSchWakeupS
     /tmp/ccuuRUTg.s:562    .text:000002b0 $d
     /tmp/ccuuRUTg.s:567    .text:000002b8 $t
     /tmp/ccuuRUTg.s:572    .text:000002b8 chSchRescheduleS
     /tmp/ccuuRUTg.s:678    .text:00000334 chSchDoRescheduleAhead
     /tmp/ccuuRUTg.s:601    .text:000002d4 $d
     /tmp/ccuuRUTg.s:605    .text:000002d8 $t
     /tmp/ccuuRUTg.s:610    .text:000002d8 chSchDoRescheduleBehind
     /tmp/ccuuRUTg.s:668    .text:0000032c $d
     /tmp/ccuuRUTg.s:673    .text:00000334 $t
     /tmp/ccuuRUTg.s:770    .text:000003bc $d
     /tmp/ccuuRUTg.s:775    .text:000003c4 $t
     /tmp/ccuuRUTg.s:780    .text:000003c4 chSchDoReschedule
                     .debug_frame:00000010 $d

UNDEFINED SYMBOLS
chDbgCheckClassI
chDbgPanic
chDbgCheckClassS
dbg_trace
_port_switch
dbg_check_lock_from_isr
dbg_check_unlock_from_isr
chVTSetI
chVTResetI
