ARM GAS  /tmp/ccqMn8H9.s 			page 1


   1              		.syntax unified
   2              		.cpu cortex-m4
   3              		.fpu softvfp
   4              		.eabi_attribute 20, 1
   5              		.eabi_attribute 21, 1
   6              		.eabi_attribute 23, 3
   7              		.eabi_attribute 24, 1
   8              		.eabi_attribute 25, 1
   9              		.eabi_attribute 26, 1
  10              		.eabi_attribute 30, 6
  11              		.eabi_attribute 34, 1
  12              		.eabi_attribute 18, 4
  13              		.thumb
  14              		.file	"chsys.c"
  15              		.text
  16              	.Ltext0:
  17              		.cfi_sections	.debug_frame
  18              		.comm	_idle_thread_wa,416,8
  19              		.section	.rodata
  20              		.align	2
  21              	.LC0:
  22 0000 69646C65 		.ascii	"idle\000"
  22      00
  23 0005 000000   		.text
  24              		.align	2
  25              		.global	_idle_thread
  26              		.thumb
  27              		.thumb_func
  28              		.type	_idle_thread, %function
  29              	_idle_thread:
  30              	.LFB7:
  31              		.file 1 "/opt/R2P/core/ChibiOS_2.6.5/os/kernel/src/chsys.c"
  32              		.loc 1 61 0
  33              		.cfi_startproc
  34              		@ args = 0, pretend = 0, frame = 8
  35              		@ frame_needed = 0, uses_anonymous_args = 0
  36 0000 00B5     		push	{lr}
  37              		.cfi_def_cfa_offset 4
  38              		.cfi_offset 14, -4
  39 0002 83B0     		sub	sp, sp, #12
  40              		.cfi_def_cfa_offset 16
  41 0004 0190     		str	r0, [sp, #4]
  42              		.loc 1 64 0
  43 0006 034B     		ldr	r3, .L3
  44 0008 9B69     		ldr	r3, [r3, #24]
  45 000a 034A     		ldr	r2, .L3+4
  46 000c 9A61     		str	r2, [r3, #24]
  47              	.L2:
  48              		.loc 1 67 0 discriminator 1
  49 000e FFF7FEFF 		bl	chThdYield
  50              		.loc 1 68 0 discriminator 1
  51 0012 FCE7     		b	.L2
  52              	.L4:
  53              		.align	2
  54              	.L3:
  55 0014 00000000 		.word	rlist
  56 0018 00000000 		.word	.LC0
ARM GAS  /tmp/ccqMn8H9.s 			page 2


  57              		.cfi_endproc
  58              	.LFE7:
  59              		.size	_idle_thread, .-_idle_thread
  60              		.align	2
  61              		.global	chSysInit
  62              		.thumb
  63              		.thumb_func
  64              		.type	chSysInit, %function
  65              	chSysInit:
  66              	.LFB8:
  67              		.loc 1 84 0
  68              		.cfi_startproc
  69              		@ args = 0, pretend = 0, frame = 0
  70              		@ frame_needed = 0, uses_anonymous_args = 0
  71 001c 00B5     		push	{lr}
  72              		.cfi_def_cfa_offset 4
  73              		.cfi_offset 14, -4
  74 001e 83B0     		sub	sp, sp, #12
  75              		.cfi_def_cfa_offset 16
  76              		.loc 1 90 0
  77 0020 FFF7FEFF 		bl	_port_init
  78              		.loc 1 91 0
  79 0024 FFF7FEFF 		bl	_scheduler_init
  80              		.loc 1 92 0
  81 0028 FFF7FEFF 		bl	_vt_init
  82              		.loc 1 94 0
  83 002c FFF7FEFF 		bl	_core_init
  84              		.loc 1 97 0
  85 0030 FFF7FEFF 		bl	_heap_init
  86              		.loc 1 100 0
  87 0034 FFF7FEFF 		bl	_trace_init
  88              		.loc 1 104 0
  89 0038 1248     		ldr	r0, .L6
  90 003a 4021     		movs	r1, #64
  91 003c FFF7FEFF 		bl	_thread_init
  92 0040 0246     		mov	r2, r0
  93 0042 114B     		ldr	r3, .L6+4
  94 0044 9A61     		str	r2, [r3, #24]
  95              		.loc 1 105 0
  96 0046 104B     		ldr	r3, .L6+4
  97 0048 9B69     		ldr	r3, [r3, #24]
  98 004a 0122     		movs	r2, #1
  99 004c 83F82020 		strb	r2, [r3, #32]
 100              		.loc 1 109 0
 101 0050 0D4B     		ldr	r3, .L6+4
 102 0052 9B69     		ldr	r3, [r3, #24]
 103 0054 0D4A     		ldr	r2, .L6+8
 104 0056 DA61     		str	r2, [r3, #28]
 105              		.loc 1 111 0
 106 0058 FFF7FEFF 		bl	dbg_check_enable
 107              	.LBB2:
 108 005c 0023     		movs	r3, #0
 109              	@ 111 "/opt/R2P/core/ChibiOS_2.6.5/os/kernel/src/chsys.c" 1
 110 005e 83F31188 		msr     BASEPRI, r3                    
 111 0062 62B6     		cpsie   i
 112              	@ 0 "" 2
 113              		.thumb
ARM GAS  /tmp/ccqMn8H9.s 			page 3


 114              	.LBE2:
 115              		.loc 1 115 0
 116 0064 084B     		ldr	r3, .L6+4
 117 0066 9B69     		ldr	r3, [r3, #24]
 118 0068 094A     		ldr	r2, .L6+12
 119 006a 9A61     		str	r2, [r3, #24]
 120              		.loc 1 121 0
 121 006c 0023     		movs	r3, #0
 122 006e 0093     		str	r3, [sp]
 123 0070 0848     		ldr	r0, .L6+16
 124 0072 4FF4D071 		mov	r1, #416
 125 0076 0122     		movs	r2, #1
 126 0078 074B     		ldr	r3, .L6+20
 127 007a FFF7FEFF 		bl	chThdCreateStatic
 128              		.loc 1 124 0
 129 007e 03B0     		add	sp, sp, #12
 130              		.cfi_def_cfa_offset 4
 131              		@ sp needed
 132 0080 5DF804FB 		ldr	pc, [sp], #4
 133              	.L7:
 134              		.align	2
 135              	.L6:
 136 0084 00000000 		.word	mainthread.4867
 137 0088 00000000 		.word	rlist
 138 008c 00000000 		.word	__main_thread_stack_base__
 139 0090 00000000 		.word	ch_debug
 140 0094 00000000 		.word	_idle_thread_wa
 141 0098 00000000 		.word	_idle_thread
 142              		.cfi_endproc
 143              	.LFE8:
 144              		.size	chSysInit, .-chSysInit
 145              		.align	2
 146              		.global	chSysTimerHandlerI
 147              		.thumb
 148              		.thumb_func
 149              		.type	chSysTimerHandlerI, %function
 150              	chSysTimerHandlerI:
 151              	.LFB9:
 152              		.loc 1 137 0
 153              		.cfi_startproc
 154              		@ args = 0, pretend = 0, frame = 8
 155              		@ frame_needed = 0, uses_anonymous_args = 0
 156 009c 00B5     		push	{lr}
 157              		.cfi_def_cfa_offset 4
 158              		.cfi_offset 14, -4
 159 009e 83B0     		sub	sp, sp, #12
 160              		.cfi_def_cfa_offset 16
 161              		.loc 1 139 0
 162 00a0 FFF7FEFF 		bl	chDbgCheckClassI
 163              		.loc 1 148 0
 164 00a4 1D4B     		ldr	r3, .L12
 165 00a6 9B69     		ldr	r3, [r3, #24]
 166 00a8 5A6A     		ldr	r2, [r3, #36]
 167 00aa 0132     		adds	r2, r2, #1
 168 00ac 5A62     		str	r2, [r3, #36]
 169              		.loc 1 150 0
 170 00ae 1C4B     		ldr	r3, .L12+4
ARM GAS  /tmp/ccqMn8H9.s 			page 4


 171 00b0 DB68     		ldr	r3, [r3, #12]
 172 00b2 0133     		adds	r3, r3, #1
 173 00b4 1A4A     		ldr	r2, .L12+4
 174 00b6 D360     		str	r3, [r2, #12]
 175 00b8 194B     		ldr	r3, .L12+4
 176 00ba 1B68     		ldr	r3, [r3]
 177 00bc 184A     		ldr	r2, .L12+4
 178 00be 9342     		cmp	r3, r2
 179 00c0 29D0     		beq	.L8
 180              	.LBB3:
 181              		.loc 1 150 0 is_stmt 0 discriminator 1
 182 00c2 174B     		ldr	r3, .L12+4
 183 00c4 1B68     		ldr	r3, [r3]
 184 00c6 9A68     		ldr	r2, [r3, #8]
 185 00c8 013A     		subs	r2, r2, #1
 186 00ca 9A60     		str	r2, [r3, #8]
 187 00cc 1CE0     		b	.L10
 188              	.L11:
 189              	.LBB4:
 190              		.loc 1 150 0 discriminator 4
 191 00ce 019B     		ldr	r3, [sp, #4]
 192 00d0 DB68     		ldr	r3, [r3, #12]
 193 00d2 0093     		str	r3, [sp]
 194 00d4 019B     		ldr	r3, [sp, #4]
 195 00d6 0022     		movs	r2, #0
 196 00d8 DA60     		str	r2, [r3, #12]
 197 00da 019B     		ldr	r3, [sp, #4]
 198 00dc 1B68     		ldr	r3, [r3]
 199 00de 104A     		ldr	r2, .L12+4
 200 00e0 5A60     		str	r2, [r3, #4]
 201 00e2 019B     		ldr	r3, [sp, #4]
 202 00e4 1B68     		ldr	r3, [r3]
 203 00e6 0E4A     		ldr	r2, .L12+4
 204 00e8 1360     		str	r3, [r2]
 205 00ea FFF7FEFF 		bl	dbg_check_unlock_from_isr
 206              	.LBB5:
 207 00ee 0023     		movs	r3, #0
 208              	@ 150 "/opt/R2P/core/ChibiOS_2.6.5/os/kernel/src/chsys.c" 1
 209 00f0 83F31188 		msr     BASEPRI, r3
 210              	@ 0 "" 2
 211              		.thumb
 212              	.LBE5:
 213 00f4 019B     		ldr	r3, [sp, #4]
 214 00f6 1A69     		ldr	r2, [r3, #16]
 215 00f8 009B     		ldr	r3, [sp]
 216 00fa 1046     		mov	r0, r2
 217 00fc 9847     		blx	r3
 218              	.LBB6:
 219 00fe 2023     		movs	r3, #32
 220              	@ 150 "/opt/R2P/core/ChibiOS_2.6.5/os/kernel/src/chsys.c" 1
 221 0100 83F31188 		msr     BASEPRI, r3
 222              	@ 0 "" 2
 223              		.thumb
 224              	.LBE6:
 225 0104 FFF7FEFF 		bl	dbg_check_lock_from_isr
 226              	.L10:
 227              	.LBE4:
ARM GAS  /tmp/ccqMn8H9.s 			page 5


 228              		.loc 1 150 0 discriminator 2
 229 0108 054B     		ldr	r3, .L12+4
 230 010a 1B68     		ldr	r3, [r3]
 231 010c 0193     		str	r3, [sp, #4]
 232 010e 019B     		ldr	r3, [sp, #4]
 233 0110 9B68     		ldr	r3, [r3, #8]
 234 0112 002B     		cmp	r3, #0
 235 0114 DBD0     		beq	.L11
 236              	.L8:
 237              	.LBE3:
 238              		.loc 1 154 0 is_stmt 1
 239 0116 03B0     		add	sp, sp, #12
 240              		.cfi_def_cfa_offset 4
 241              		@ sp needed
 242 0118 5DF804FB 		ldr	pc, [sp], #4
 243              	.L13:
 244              		.align	2
 245              	.L12:
 246 011c 00000000 		.word	rlist
 247 0120 00000000 		.word	vtlist
 248              		.cfi_endproc
 249              	.LFE9:
 250              		.size	chSysTimerHandlerI, .-chSysTimerHandlerI
 251              		.bss
 252              		.align	2
 253              	mainthread.4867:
 254 0000 00000000 		.space	76
 254      00000000 
 254      00000000 
 254      00000000 
 254      00000000 
 255              		.text
 256              	.Letext0:
 257              		.file 2 "/opt/R2P/tools/gcc-arm-none-eabi-4_9-2014q4/arm-none-eabi/include/machine/_default_types.
 258              		.file 3 "/opt/R2P/tools/gcc-arm-none-eabi-4_9-2014q4/arm-none-eabi/include/stdint.h"
 259              		.file 4 "/opt/R2P/core/ChibiOS_2.6.5/os/ports/GCC/ARMCMx/chtypes.h"
 260              		.file 5 "/opt/R2P/core/ChibiOS_2.6.5/os/kernel/include/chlists.h"
 261              		.file 6 "/opt/R2P/core/ChibiOS_2.6.5/os/kernel/include/chthreads.h"
 262              		.file 7 "/opt/R2P/core/ChibiOS_2.6.5/os/ports/GCC/ARMCMx/chcore_v7m.h"
 263              		.file 8 "/opt/R2P/core/ChibiOS_2.6.5/os/kernel/include/chvt.h"
 264              		.file 9 "/opt/R2P/core/ChibiOS_2.6.5/os/kernel/include/chschd.h"
 265              		.file 10 "/opt/R2P/core/ChibiOS_2.6.5/os/kernel/include/chmtx.h"
 266              		.file 11 "/opt/R2P/core/ChibiOS_2.6.5/os/kernel/include/chregistry.h"
 267              		.section	.debug_info,"",%progbits
 268              	.Ldebug_info0:
 269 0000 3C070000 		.4byte	0x73c
 270 0004 0400     		.2byte	0x4
 271 0006 00000000 		.4byte	.Ldebug_abbrev0
 272 000a 04       		.byte	0x4
 273 000b 01       		.uleb128 0x1
 274 000c 66030000 		.4byte	.LASF108
 275 0010 01       		.byte	0x1
 276 0011 4C040000 		.4byte	.LASF109
 277 0015 00000000 		.4byte	.Ltext0
 278 0019 24010000 		.4byte	.Letext0-.Ltext0
 279 001d 00000000 		.4byte	.Ldebug_line0
 280 0021 02       		.uleb128 0x2
ARM GAS  /tmp/ccqMn8H9.s 			page 6


 281 0022 04       		.byte	0x4
 282 0023 05       		.byte	0x5
 283 0024 696E7400 		.ascii	"int\000"
 284 0028 03       		.uleb128 0x3
 285 0029 04       		.byte	0x4
 286 002a 07       		.byte	0x7
 287 002b 66010000 		.4byte	.LASF0
 288 002f 03       		.uleb128 0x3
 289 0030 01       		.byte	0x1
 290 0031 06       		.byte	0x6
 291 0032 AA000000 		.4byte	.LASF1
 292 0036 04       		.uleb128 0x4
 293 0037 2B000000 		.4byte	.LASF4
 294 003b 02       		.byte	0x2
 295 003c 1D       		.byte	0x1d
 296 003d 41000000 		.4byte	0x41
 297 0041 03       		.uleb128 0x3
 298 0042 01       		.byte	0x1
 299 0043 08       		.byte	0x8
 300 0044 BB020000 		.4byte	.LASF2
 301 0048 03       		.uleb128 0x3
 302 0049 02       		.byte	0x2
 303 004a 05       		.byte	0x5
 304 004b D3020000 		.4byte	.LASF3
 305 004f 04       		.uleb128 0x4
 306 0050 00040000 		.4byte	.LASF5
 307 0054 02       		.byte	0x2
 308 0055 2B       		.byte	0x2b
 309 0056 5A000000 		.4byte	0x5a
 310 005a 03       		.uleb128 0x3
 311 005b 02       		.byte	0x2
 312 005c 07       		.byte	0x7
 313 005d A7010000 		.4byte	.LASF6
 314 0061 04       		.uleb128 0x4
 315 0062 42040000 		.4byte	.LASF7
 316 0066 02       		.byte	0x2
 317 0067 3F       		.byte	0x3f
 318 0068 6C000000 		.4byte	0x6c
 319 006c 03       		.uleb128 0x3
 320 006d 04       		.byte	0x4
 321 006e 05       		.byte	0x5
 322 006f F8000000 		.4byte	.LASF8
 323 0073 04       		.uleb128 0x4
 324 0074 35010000 		.4byte	.LASF9
 325 0078 02       		.byte	0x2
 326 0079 41       		.byte	0x41
 327 007a 7E000000 		.4byte	0x7e
 328 007e 03       		.uleb128 0x3
 329 007f 04       		.byte	0x4
 330 0080 07       		.byte	0x7
 331 0081 7B010000 		.4byte	.LASF10
 332 0085 03       		.uleb128 0x3
 333 0086 08       		.byte	0x8
 334 0087 05       		.byte	0x5
 335 0088 9C000000 		.4byte	.LASF11
 336 008c 04       		.uleb128 0x4
 337 008d 80020000 		.4byte	.LASF12
ARM GAS  /tmp/ccqMn8H9.s 			page 7


 338 0091 02       		.byte	0x2
 339 0092 5B       		.byte	0x5b
 340 0093 97000000 		.4byte	0x97
 341 0097 03       		.uleb128 0x3
 342 0098 08       		.byte	0x8
 343 0099 07       		.byte	0x7
 344 009a 4F000000 		.4byte	.LASF13
 345 009e 04       		.uleb128 0x4
 346 009f B9040000 		.4byte	.LASF14
 347 00a3 03       		.byte	0x3
 348 00a4 15       		.byte	0x15
 349 00a5 36000000 		.4byte	0x36
 350 00a9 04       		.uleb128 0x4
 351 00aa 0A010000 		.4byte	.LASF15
 352 00ae 03       		.byte	0x3
 353 00af 21       		.byte	0x21
 354 00b0 4F000000 		.4byte	0x4f
 355 00b4 04       		.uleb128 0x4
 356 00b5 B3020000 		.4byte	.LASF16
 357 00b9 03       		.byte	0x3
 358 00ba 2C       		.byte	0x2c
 359 00bb 61000000 		.4byte	0x61
 360 00bf 04       		.uleb128 0x4
 361 00c0 3C030000 		.4byte	.LASF17
 362 00c4 03       		.byte	0x3
 363 00c5 2D       		.byte	0x2d
 364 00c6 73000000 		.4byte	0x73
 365 00ca 04       		.uleb128 0x4
 366 00cb 22000000 		.4byte	.LASF18
 367 00cf 03       		.byte	0x3
 368 00d0 39       		.byte	0x39
 369 00d1 8C000000 		.4byte	0x8c
 370 00d5 03       		.uleb128 0x3
 371 00d6 01       		.byte	0x1
 372 00d7 02       		.byte	0x2
 373 00d8 AD020000 		.4byte	.LASF19
 374 00dc 04       		.uleb128 0x4
 375 00dd C8010000 		.4byte	.LASF20
 376 00e1 04       		.byte	0x4
 377 00e2 2C       		.byte	0x2c
 378 00e3 9E000000 		.4byte	0x9e
 379 00e7 04       		.uleb128 0x4
 380 00e8 01010000 		.4byte	.LASF21
 381 00ec 04       		.byte	0x4
 382 00ed 2D       		.byte	0x2d
 383 00ee 9E000000 		.4byte	0x9e
 384 00f2 04       		.uleb128 0x4
 385 00f3 8B020000 		.4byte	.LASF22
 386 00f7 04       		.byte	0x4
 387 00f8 2E       		.byte	0x2e
 388 00f9 9E000000 		.4byte	0x9e
 389 00fd 04       		.uleb128 0x4
 390 00fe A5020000 		.4byte	.LASF23
 391 0102 04       		.byte	0x4
 392 0103 30       		.byte	0x30
 393 0104 BF000000 		.4byte	0xbf
 394 0108 04       		.uleb128 0x4
ARM GAS  /tmp/ccqMn8H9.s 			page 8


 395 0109 BA010000 		.4byte	.LASF24
 396 010d 04       		.byte	0x4
 397 010e 31       		.byte	0x31
 398 010f B4000000 		.4byte	0xb4
 399 0113 04       		.uleb128 0x4
 400 0114 DC010000 		.4byte	.LASF25
 401 0118 04       		.byte	0x4
 402 0119 33       		.byte	0x33
 403 011a BF000000 		.4byte	0xbf
 404 011e 04       		.uleb128 0x4
 405 011f 2D040000 		.4byte	.LASF26
 406 0123 04       		.byte	0x4
 407 0124 35       		.byte	0x35
 408 0125 BF000000 		.4byte	0xbf
 409 0129 04       		.uleb128 0x4
 410 012a 1D030000 		.4byte	.LASF27
 411 012e 05       		.byte	0x5
 412 012f 2A       		.byte	0x2a
 413 0130 34010000 		.4byte	0x134
 414 0134 05       		.uleb128 0x5
 415 0135 1D030000 		.4byte	.LASF27
 416 0139 4C       		.byte	0x4c
 417 013a 06       		.byte	0x6
 418 013b 5E       		.byte	0x5e
 419 013c 31020000 		.4byte	0x231
 420 0140 06       		.uleb128 0x6
 421 0141 FF020000 		.4byte	.LASF28
 422 0145 06       		.byte	0x6
 423 0146 5F       		.byte	0x5f
 424 0147 52020000 		.4byte	0x252
 425 014b 00       		.byte	0
 426 014c 06       		.uleb128 0x6
 427 014d 9E020000 		.4byte	.LASF29
 428 0151 06       		.byte	0x6
 429 0152 61       		.byte	0x61
 430 0153 52020000 		.4byte	0x252
 431 0157 04       		.byte	0x4
 432 0158 06       		.uleb128 0x6
 433 0159 88000000 		.4byte	.LASF30
 434 015d 06       		.byte	0x6
 435 015e 63       		.byte	0x63
 436 015f FD000000 		.4byte	0xfd
 437 0163 08       		.byte	0x8
 438 0164 06       		.uleb128 0x6
 439 0165 F4040000 		.4byte	.LASF31
 440 0169 06       		.byte	0x6
 441 016a 64       		.byte	0x64
 442 016b 17030000 		.4byte	0x317
 443 016f 0C       		.byte	0xc
 444 0170 06       		.uleb128 0x6
 445 0171 1D010000 		.4byte	.LASF32
 446 0175 06       		.byte	0x6
 447 0176 66       		.byte	0x66
 448 0177 52020000 		.4byte	0x252
 449 017b 10       		.byte	0x10
 450 017c 06       		.uleb128 0x6
 451 017d 3E020000 		.4byte	.LASF33
ARM GAS  /tmp/ccqMn8H9.s 			page 9


 452 0181 06       		.byte	0x6
 453 0182 67       		.byte	0x67
 454 0183 52020000 		.4byte	0x252
 455 0187 14       		.byte	0x14
 456 0188 06       		.uleb128 0x6
 457 0189 C8040000 		.4byte	.LASF34
 458 018d 06       		.byte	0x6
 459 018e 6E       		.byte	0x6e
 460 018f D1040000 		.4byte	0x4d1
 461 0193 18       		.byte	0x18
 462 0194 06       		.uleb128 0x6
 463 0195 5B010000 		.4byte	.LASF35
 464 0199 06       		.byte	0x6
 465 019a 74       		.byte	0x74
 466 019b E3040000 		.4byte	0x4e3
 467 019f 1C       		.byte	0x1c
 468 01a0 06       		.uleb128 0x6
 469 01a1 DD020000 		.4byte	.LASF36
 470 01a5 06       		.byte	0x6
 471 01a6 79       		.byte	0x79
 472 01a7 E7000000 		.4byte	0xe7
 473 01ab 20       		.byte	0x20
 474 01ac 06       		.uleb128 0x6
 475 01ad 15030000 		.4byte	.LASF37
 476 01b1 06       		.byte	0x6
 477 01b2 7D       		.byte	0x7d
 478 01b3 DC000000 		.4byte	0xdc
 479 01b7 21       		.byte	0x21
 480 01b8 06       		.uleb128 0x6
 481 01b9 A2040000 		.4byte	.LASF38
 482 01bd 06       		.byte	0x6
 483 01be 82       		.byte	0x82
 484 01bf F2000000 		.4byte	0xf2
 485 01c3 22       		.byte	0x22
 486 01c4 06       		.uleb128 0x6
 487 01c5 C1040000 		.4byte	.LASF39
 488 01c9 06       		.byte	0x6
 489 01ca 8F       		.byte	0x8f
 490 01cb EE030000 		.4byte	0x3ee
 491 01cf 24       		.byte	0x24
 492 01d0 07       		.uleb128 0x7
 493 01d1 705F7500 		.ascii	"p_u\000"
 494 01d5 06       		.byte	0x6
 495 01d6 B4       		.byte	0xb4
 496 01d7 9C040000 		.4byte	0x49c
 497 01db 28       		.byte	0x28
 498 01dc 06       		.uleb128 0x6
 499 01dd FA040000 		.4byte	.LASF40
 500 01e1 06       		.byte	0x6
 501 01e2 B9       		.byte	0xb9
 502 01e3 78020000 		.4byte	0x278
 503 01e7 2C       		.byte	0x2c
 504 01e8 06       		.uleb128 0x6
 505 01e9 85040000 		.4byte	.LASF41
 506 01ed 06       		.byte	0x6
 507 01ee BF       		.byte	0xbf
 508 01ef 58020000 		.4byte	0x258
ARM GAS  /tmp/ccqMn8H9.s 			page 10


 509 01f3 30       		.byte	0x30
 510 01f4 06       		.uleb128 0x6
 511 01f5 15000000 		.4byte	.LASF42
 512 01f9 06       		.byte	0x6
 513 01fa C3       		.byte	0xc3
 514 01fb 08010000 		.4byte	0x108
 515 01ff 38       		.byte	0x38
 516 0200 06       		.uleb128 0x6
 517 0201 31030000 		.4byte	.LASF43
 518 0205 06       		.byte	0x6
 519 0206 C9       		.byte	0xc9
 520 0207 13010000 		.4byte	0x113
 521 020b 3C       		.byte	0x3c
 522 020c 06       		.uleb128 0x6
 523 020d C9020000 		.4byte	.LASF44
 524 0211 06       		.byte	0x6
 525 0212 D0       		.byte	0xd0
 526 0213 E9040000 		.4byte	0x4e9
 527 0217 40       		.byte	0x40
 528 0218 06       		.uleb128 0x6
 529 0219 37040000 		.4byte	.LASF45
 530 021d 06       		.byte	0x6
 531 021e D4       		.byte	0xd4
 532 021f FD000000 		.4byte	0xfd
 533 0223 44       		.byte	0x44
 534 0224 06       		.uleb128 0x6
 535 0225 D3000000 		.4byte	.LASF46
 536 0229 06       		.byte	0x6
 537 022a DA       		.byte	0xda
 538 022b 8E020000 		.4byte	0x28e
 539 022f 48       		.byte	0x48
 540 0230 00       		.byte	0
 541 0231 08       		.uleb128 0x8
 542 0232 08       		.byte	0x8
 543 0233 05       		.byte	0x5
 544 0234 61       		.byte	0x61
 545 0235 52020000 		.4byte	0x252
 546 0239 06       		.uleb128 0x6
 547 023a FF020000 		.4byte	.LASF28
 548 023e 05       		.byte	0x5
 549 023f 62       		.byte	0x62
 550 0240 52020000 		.4byte	0x252
 551 0244 00       		.byte	0
 552 0245 06       		.uleb128 0x6
 553 0246 9E020000 		.4byte	.LASF29
 554 024a 05       		.byte	0x5
 555 024b 64       		.byte	0x64
 556 024c 52020000 		.4byte	0x252
 557 0250 04       		.byte	0x4
 558 0251 00       		.byte	0
 559 0252 09       		.uleb128 0x9
 560 0253 04       		.byte	0x4
 561 0254 29010000 		.4byte	0x129
 562 0258 04       		.uleb128 0x4
 563 0259 4C020000 		.4byte	.LASF47
 564 025d 05       		.byte	0x5
 565 025e 66       		.byte	0x66
ARM GAS  /tmp/ccqMn8H9.s 			page 11


 566 025f 31020000 		.4byte	0x231
 567 0263 08       		.uleb128 0x8
 568 0264 04       		.byte	0x4
 569 0265 05       		.byte	0x5
 570 0266 6B       		.byte	0x6b
 571 0267 78020000 		.4byte	0x278
 572 026b 06       		.uleb128 0x6
 573 026c FF020000 		.4byte	.LASF28
 574 0270 05       		.byte	0x5
 575 0271 6D       		.byte	0x6d
 576 0272 52020000 		.4byte	0x252
 577 0276 00       		.byte	0
 578 0277 00       		.byte	0
 579 0278 04       		.uleb128 0x4
 580 0279 D0010000 		.4byte	.LASF48
 581 027d 05       		.byte	0x5
 582 027e 70       		.byte	0x70
 583 027f 63020000 		.4byte	0x263
 584 0283 04       		.uleb128 0x4
 585 0284 40010000 		.4byte	.LASF49
 586 0288 07       		.byte	0x7
 587 0289 E5       		.byte	0xe5
 588 028a 8E020000 		.4byte	0x28e
 589 028e 0A       		.uleb128 0xa
 590 028f 04       		.byte	0x4
 591 0290 04       		.uleb128 0x4
 592 0291 EE010000 		.4byte	.LASF50
 593 0295 07       		.byte	0x7
 594 0296 EB       		.byte	0xeb
 595 0297 CA000000 		.4byte	0xca
 596 029b 0B       		.uleb128 0xb
 597 029c 7E040000 		.4byte	.LASF51
 598 02a0 24       		.byte	0x24
 599 02a1 07       		.byte	0x7
 600 02a2 0C01     		.2byte	0x10c
 601 02a4 17030000 		.4byte	0x317
 602 02a8 0C       		.uleb128 0xc
 603 02a9 723400   		.ascii	"r4\000"
 604 02ac 07       		.byte	0x7
 605 02ad 1F01     		.2byte	0x11f
 606 02af 83020000 		.4byte	0x283
 607 02b3 00       		.byte	0
 608 02b4 0C       		.uleb128 0xc
 609 02b5 723500   		.ascii	"r5\000"
 610 02b8 07       		.byte	0x7
 611 02b9 2001     		.2byte	0x120
 612 02bb 83020000 		.4byte	0x283
 613 02bf 04       		.byte	0x4
 614 02c0 0C       		.uleb128 0xc
 615 02c1 723600   		.ascii	"r6\000"
 616 02c4 07       		.byte	0x7
 617 02c5 2101     		.2byte	0x121
 618 02c7 83020000 		.4byte	0x283
 619 02cb 08       		.byte	0x8
 620 02cc 0C       		.uleb128 0xc
 621 02cd 723700   		.ascii	"r7\000"
 622 02d0 07       		.byte	0x7
ARM GAS  /tmp/ccqMn8H9.s 			page 12


 623 02d1 2201     		.2byte	0x122
 624 02d3 83020000 		.4byte	0x283
 625 02d7 0C       		.byte	0xc
 626 02d8 0C       		.uleb128 0xc
 627 02d9 723800   		.ascii	"r8\000"
 628 02dc 07       		.byte	0x7
 629 02dd 2301     		.2byte	0x123
 630 02df 83020000 		.4byte	0x283
 631 02e3 10       		.byte	0x10
 632 02e4 0C       		.uleb128 0xc
 633 02e5 723900   		.ascii	"r9\000"
 634 02e8 07       		.byte	0x7
 635 02e9 2401     		.2byte	0x124
 636 02eb 83020000 		.4byte	0x283
 637 02ef 14       		.byte	0x14
 638 02f0 0C       		.uleb128 0xc
 639 02f1 72313000 		.ascii	"r10\000"
 640 02f5 07       		.byte	0x7
 641 02f6 2501     		.2byte	0x125
 642 02f8 83020000 		.4byte	0x283
 643 02fc 18       		.byte	0x18
 644 02fd 0C       		.uleb128 0xc
 645 02fe 72313100 		.ascii	"r11\000"
 646 0302 07       		.byte	0x7
 647 0303 2601     		.2byte	0x126
 648 0305 83020000 		.4byte	0x283
 649 0309 1C       		.byte	0x1c
 650 030a 0C       		.uleb128 0xc
 651 030b 6C7200   		.ascii	"lr\000"
 652 030e 07       		.byte	0x7
 653 030f 2701     		.2byte	0x127
 654 0311 83020000 		.4byte	0x283
 655 0315 20       		.byte	0x20
 656 0316 00       		.byte	0
 657 0317 0B       		.uleb128 0xb
 658 0318 9F010000 		.4byte	.LASF52
 659 031c 04       		.byte	0x4
 660 031d 07       		.byte	0x7
 661 031e 3101     		.2byte	0x131
 662 0320 32030000 		.4byte	0x332
 663 0324 0C       		.uleb128 0xc
 664 0325 72313300 		.ascii	"r13\000"
 665 0329 07       		.byte	0x7
 666 032a 3201     		.2byte	0x132
 667 032c 32030000 		.4byte	0x332
 668 0330 00       		.byte	0
 669 0331 00       		.byte	0
 670 0332 09       		.uleb128 0x9
 671 0333 04       		.byte	0x4
 672 0334 9B020000 		.4byte	0x29b
 673 0338 03       		.uleb128 0x3
 674 0339 04       		.byte	0x4
 675 033a 07       		.byte	0x7
 676 033b 15020000 		.4byte	.LASF53
 677 033f 04       		.uleb128 0x4
 678 0340 96010000 		.4byte	.LASF54
 679 0344 08       		.byte	0x8
ARM GAS  /tmp/ccqMn8H9.s 			page 13


 680 0345 58       		.byte	0x58
 681 0346 4A030000 		.4byte	0x34a
 682 034a 09       		.uleb128 0x9
 683 034b 04       		.byte	0x4
 684 034c 50030000 		.4byte	0x350
 685 0350 0D       		.uleb128 0xd
 686 0351 5B030000 		.4byte	0x35b
 687 0355 0E       		.uleb128 0xe
 688 0356 8E020000 		.4byte	0x28e
 689 035a 00       		.byte	0
 690 035b 04       		.uleb128 0x4
 691 035c 59030000 		.4byte	.LASF55
 692 0360 08       		.byte	0x8
 693 0361 5D       		.byte	0x5d
 694 0362 66030000 		.4byte	0x366
 695 0366 05       		.uleb128 0x5
 696 0367 59030000 		.4byte	.LASF55
 697 036b 14       		.byte	0x14
 698 036c 08       		.byte	0x8
 699 036d 64       		.byte	0x64
 700 036e AF030000 		.4byte	0x3af
 701 0372 06       		.uleb128 0x6
 702 0373 73010000 		.4byte	.LASF56
 703 0377 08       		.byte	0x8
 704 0378 65       		.byte	0x65
 705 0379 AF030000 		.4byte	0x3af
 706 037d 00       		.byte	0
 707 037e 06       		.uleb128 0x6
 708 037f 49010000 		.4byte	.LASF57
 709 0383 08       		.byte	0x8
 710 0384 67       		.byte	0x67
 711 0385 AF030000 		.4byte	0x3af
 712 0389 04       		.byte	0x4
 713 038a 06       		.uleb128 0x6
 714 038b 0D020000 		.4byte	.LASF58
 715 038f 08       		.byte	0x8
 716 0390 69       		.byte	0x69
 717 0391 1E010000 		.4byte	0x11e
 718 0395 08       		.byte	0x8
 719 0396 06       		.uleb128 0x6
 720 0397 1E020000 		.4byte	.LASF59
 721 039b 08       		.byte	0x8
 722 039c 6A       		.byte	0x6a
 723 039d 3F030000 		.4byte	0x33f
 724 03a1 0C       		.byte	0xc
 725 03a2 06       		.uleb128 0x6
 726 03a3 90040000 		.4byte	.LASF60
 727 03a7 08       		.byte	0x8
 728 03a8 6C       		.byte	0x6c
 729 03a9 8E020000 		.4byte	0x28e
 730 03ad 10       		.byte	0x10
 731 03ae 00       		.byte	0
 732 03af 09       		.uleb128 0x9
 733 03b0 04       		.byte	0x4
 734 03b1 5B030000 		.4byte	0x35b
 735 03b5 08       		.uleb128 0x8
 736 03b6 10       		.byte	0x10
ARM GAS  /tmp/ccqMn8H9.s 			page 14


 737 03b7 08       		.byte	0x8
 738 03b8 76       		.byte	0x76
 739 03b9 EE030000 		.4byte	0x3ee
 740 03bd 06       		.uleb128 0x6
 741 03be 73010000 		.4byte	.LASF56
 742 03c2 08       		.byte	0x8
 743 03c3 77       		.byte	0x77
 744 03c4 AF030000 		.4byte	0x3af
 745 03c8 00       		.byte	0
 746 03c9 06       		.uleb128 0x6
 747 03ca 49010000 		.4byte	.LASF57
 748 03ce 08       		.byte	0x8
 749 03cf 79       		.byte	0x79
 750 03d0 AF030000 		.4byte	0x3af
 751 03d4 04       		.byte	0x4
 752 03d5 06       		.uleb128 0x6
 753 03d6 0D020000 		.4byte	.LASF58
 754 03da 08       		.byte	0x8
 755 03db 7B       		.byte	0x7b
 756 03dc 1E010000 		.4byte	0x11e
 757 03e0 08       		.byte	0x8
 758 03e1 06       		.uleb128 0x6
 759 03e2 CF040000 		.4byte	.LASF61
 760 03e6 08       		.byte	0x8
 761 03e7 7C       		.byte	0x7c
 762 03e8 EE030000 		.4byte	0x3ee
 763 03ec 0C       		.byte	0xc
 764 03ed 00       		.byte	0
 765 03ee 0F       		.uleb128 0xf
 766 03ef 1E010000 		.4byte	0x11e
 767 03f3 04       		.uleb128 0x4
 768 03f4 E5040000 		.4byte	.LASF62
 769 03f8 08       		.byte	0x8
 770 03f9 7D       		.byte	0x7d
 771 03fa B5030000 		.4byte	0x3b5
 772 03fe 08       		.uleb128 0x8
 773 03ff 1C       		.byte	0x1c
 774 0400 09       		.byte	0x9
 775 0401 5E       		.byte	0x5e
 776 0402 4F040000 		.4byte	0x44f
 777 0406 06       		.uleb128 0x6
 778 0407 51030000 		.4byte	.LASF63
 779 040b 09       		.byte	0x9
 780 040c 5F       		.byte	0x5f
 781 040d 58020000 		.4byte	0x258
 782 0411 00       		.byte	0
 783 0412 06       		.uleb128 0x6
 784 0413 F1020000 		.4byte	.LASF64
 785 0417 09       		.byte	0x9
 786 0418 60       		.byte	0x60
 787 0419 FD000000 		.4byte	0xfd
 788 041d 08       		.byte	0x8
 789 041e 06       		.uleb128 0x6
 790 041f 46020000 		.4byte	.LASF65
 791 0423 09       		.byte	0x9
 792 0424 62       		.byte	0x62
 793 0425 17030000 		.4byte	0x317
ARM GAS  /tmp/ccqMn8H9.s 			page 15


 794 0429 0C       		.byte	0xc
 795 042a 06       		.uleb128 0x6
 796 042b C0010000 		.4byte	.LASF66
 797 042f 09       		.byte	0x9
 798 0430 65       		.byte	0x65
 799 0431 52020000 		.4byte	0x252
 800 0435 10       		.byte	0x10
 801 0436 06       		.uleb128 0x6
 802 0437 6B020000 		.4byte	.LASF67
 803 043b 09       		.byte	0x9
 804 043c 66       		.byte	0x66
 805 043d 52020000 		.4byte	0x252
 806 0441 14       		.byte	0x14
 807 0442 06       		.uleb128 0x6
 808 0443 61020000 		.4byte	.LASF68
 809 0447 09       		.byte	0x9
 810 0448 69       		.byte	0x69
 811 0449 52020000 		.4byte	0x252
 812 044d 18       		.byte	0x18
 813 044e 00       		.byte	0
 814 044f 04       		.uleb128 0x4
 815 0450 A9040000 		.4byte	.LASF69
 816 0454 09       		.byte	0x9
 817 0455 6B       		.byte	0x6b
 818 0456 FE030000 		.4byte	0x3fe
 819 045a 05       		.uleb128 0x5
 820 045b E8010000 		.4byte	.LASF70
 821 045f 10       		.byte	0x10
 822 0460 0A       		.byte	0xa
 823 0461 2C       		.byte	0x2c
 824 0462 8B040000 		.4byte	0x48b
 825 0466 06       		.uleb128 0x6
 826 0467 DB000000 		.4byte	.LASF71
 827 046b 0A       		.byte	0xa
 828 046c 2D       		.byte	0x2d
 829 046d 58020000 		.4byte	0x258
 830 0471 00       		.byte	0
 831 0472 06       		.uleb128 0x6
 832 0473 EC040000 		.4byte	.LASF72
 833 0477 0A       		.byte	0xa
 834 0478 2F       		.byte	0x2f
 835 0479 52020000 		.4byte	0x252
 836 047d 08       		.byte	0x8
 837 047e 06       		.uleb128 0x6
 838 047f 26040000 		.4byte	.LASF73
 839 0483 0A       		.byte	0xa
 840 0484 31       		.byte	0x31
 841 0485 8B040000 		.4byte	0x48b
 842 0489 0C       		.byte	0xc
 843 048a 00       		.byte	0
 844 048b 09       		.uleb128 0x9
 845 048c 04       		.byte	0x4
 846 048d 5A040000 		.4byte	0x45a
 847 0491 04       		.uleb128 0x4
 848 0492 E8010000 		.4byte	.LASF70
 849 0496 0A       		.byte	0xa
 850 0497 33       		.byte	0x33
ARM GAS  /tmp/ccqMn8H9.s 			page 16


 851 0498 5A040000 		.4byte	0x45a
 852 049c 10       		.uleb128 0x10
 853 049d 04       		.byte	0x4
 854 049e 06       		.byte	0x6
 855 049f 96       		.byte	0x96
 856 04a0 D1040000 		.4byte	0x4d1
 857 04a4 11       		.uleb128 0x11
 858 04a5 1B000000 		.4byte	.LASF74
 859 04a9 06       		.byte	0x6
 860 04aa 9D       		.byte	0x9d
 861 04ab 08010000 		.4byte	0x108
 862 04af 11       		.uleb128 0x11
 863 04b0 74000000 		.4byte	.LASF75
 864 04b4 06       		.byte	0x6
 865 04b5 A4       		.byte	0xa4
 866 04b6 08010000 		.4byte	0x108
 867 04ba 11       		.uleb128 0x11
 868 04bb E3000000 		.4byte	.LASF76
 869 04bf 06       		.byte	0x6
 870 04c0 AB       		.byte	0xab
 871 04c1 8E020000 		.4byte	0x28e
 872 04c5 11       		.uleb128 0x11
 873 04c6 F8020000 		.4byte	.LASF77
 874 04ca 06       		.byte	0x6
 875 04cb B2       		.byte	0xb2
 876 04cc 13010000 		.4byte	0x113
 877 04d0 00       		.byte	0
 878 04d1 09       		.uleb128 0x9
 879 04d2 04       		.byte	0x4
 880 04d3 D7040000 		.4byte	0x4d7
 881 04d7 12       		.uleb128 0x12
 882 04d8 DC040000 		.4byte	0x4dc
 883 04dc 03       		.uleb128 0x3
 884 04dd 01       		.byte	0x1
 885 04de 08       		.byte	0x8
 886 04df FB030000 		.4byte	.LASF78
 887 04e3 09       		.uleb128 0x9
 888 04e4 04       		.byte	0x4
 889 04e5 90020000 		.4byte	0x290
 890 04e9 09       		.uleb128 0x9
 891 04ea 04       		.byte	0x4
 892 04eb 91040000 		.4byte	0x491
 893 04ef 04       		.uleb128 0x4
 894 04f0 00000000 		.4byte	.LASF79
 895 04f4 06       		.byte	0x6
 896 04f5 E5       		.byte	0xe5
 897 04f6 FA040000 		.4byte	0x4fa
 898 04fa 09       		.uleb128 0x9
 899 04fb 04       		.byte	0x4
 900 04fc 00050000 		.4byte	0x500
 901 0500 13       		.uleb128 0x13
 902 0501 08010000 		.4byte	0x108
 903 0505 0F050000 		.4byte	0x50f
 904 0509 0E       		.uleb128 0xe
 905 050a 8E020000 		.4byte	0x28e
 906 050e 00       		.byte	0
 907 050f 08       		.uleb128 0x8
ARM GAS  /tmp/ccqMn8H9.s 			page 17


 908 0510 16       		.byte	0x16
 909 0511 0B       		.byte	0xb
 910 0512 2C       		.byte	0x2c
 911 0513 F0050000 		.4byte	0x5f0
 912 0517 06       		.uleb128 0x6
 913 0518 EA000000 		.4byte	.LASF80
 914 051c 0B       		.byte	0xb
 915 051d 2D       		.byte	0x2d
 916 051e F0050000 		.4byte	0x5f0
 917 0522 00       		.byte	0
 918 0523 06       		.uleb128 0x6
 919 0524 F9010000 		.4byte	.LASF81
 920 0528 0B       		.byte	0xb
 921 0529 2E       		.byte	0x2e
 922 052a 9E000000 		.4byte	0x9e
 923 052e 04       		.byte	0x4
 924 052f 06       		.uleb128 0x6
 925 0530 59020000 		.4byte	.LASF82
 926 0534 0B       		.byte	0xb
 927 0535 2F       		.byte	0x2f
 928 0536 9E000000 		.4byte	0x9e
 929 053a 05       		.byte	0x5
 930 053b 06       		.uleb128 0x6
 931 053c DA040000 		.4byte	.LASF83
 932 0540 0B       		.byte	0xb
 933 0541 30       		.byte	0x30
 934 0542 A9000000 		.4byte	0xa9
 935 0546 06       		.byte	0x6
 936 0547 06       		.uleb128 0x6
 937 0548 93020000 		.4byte	.LASF84
 938 054c 0B       		.byte	0xb
 939 054d 31       		.byte	0x31
 940 054e 9E000000 		.4byte	0x9e
 941 0552 08       		.byte	0x8
 942 0553 06       		.uleb128 0x6
 943 0554 26020000 		.4byte	.LASF85
 944 0558 0B       		.byte	0xb
 945 0559 32       		.byte	0x32
 946 055a 9E000000 		.4byte	0x9e
 947 055e 09       		.byte	0x9
 948 055f 06       		.uleb128 0x6
 949 0560 66000000 		.4byte	.LASF86
 950 0564 0B       		.byte	0xb
 951 0565 33       		.byte	0x33
 952 0566 9E000000 		.4byte	0x9e
 953 056a 0A       		.byte	0xa
 954 056b 06       		.uleb128 0x6
 955 056c 45030000 		.4byte	.LASF87
 956 0570 0B       		.byte	0xb
 957 0571 34       		.byte	0x34
 958 0572 9E000000 		.4byte	0x9e
 959 0576 0B       		.byte	0xb
 960 0577 06       		.uleb128 0x6
 961 0578 97040000 		.4byte	.LASF88
 962 057c 0B       		.byte	0xb
 963 057d 35       		.byte	0x35
 964 057e 9E000000 		.4byte	0x9e
ARM GAS  /tmp/ccqMn8H9.s 			page 18


 965 0582 0C       		.byte	0xc
 966 0583 06       		.uleb128 0x6
 967 0584 24030000 		.4byte	.LASF89
 968 0588 0B       		.byte	0xb
 969 0589 36       		.byte	0x36
 970 058a 9E000000 		.4byte	0x9e
 971 058e 0D       		.byte	0xd
 972 058f 06       		.uleb128 0x6
 973 0590 08000000 		.4byte	.LASF90
 974 0594 0B       		.byte	0xb
 975 0595 37       		.byte	0x37
 976 0596 9E000000 		.4byte	0x9e
 977 059a 0E       		.byte	0xe
 978 059b 06       		.uleb128 0x6
 979 059c 32020000 		.4byte	.LASF91
 980 05a0 0B       		.byte	0xb
 981 05a1 38       		.byte	0x38
 982 05a2 9E000000 		.4byte	0x9e
 983 05a6 0F       		.byte	0xf
 984 05a7 06       		.uleb128 0x6
 985 05a8 B6000000 		.4byte	.LASF92
 986 05ac 0B       		.byte	0xb
 987 05ad 39       		.byte	0x39
 988 05ae 9E000000 		.4byte	0x9e
 989 05b2 10       		.byte	0x10
 990 05b3 06       		.uleb128 0x6
 991 05b4 8F000000 		.4byte	.LASF93
 992 05b8 0B       		.byte	0xb
 993 05b9 3B       		.byte	0x3b
 994 05ba 9E000000 		.4byte	0x9e
 995 05be 11       		.byte	0x11
 996 05bf 06       		.uleb128 0x6
 997 05c0 C6000000 		.4byte	.LASF94
 998 05c4 0B       		.byte	0xb
 999 05c5 3C       		.byte	0x3c
 1000 05c6 9E000000 		.4byte	0x9e
 1001 05ca 12       		.byte	0x12
 1002 05cb 06       		.uleb128 0x6
 1003 05cc 01020000 		.4byte	.LASF95
 1004 05d0 0B       		.byte	0xb
 1005 05d1 3D       		.byte	0x3d
 1006 05d2 9E000000 		.4byte	0x9e
 1007 05d6 13       		.byte	0x13
 1008 05d7 06       		.uleb128 0x6
 1009 05d8 06030000 		.4byte	.LASF96
 1010 05dc 0B       		.byte	0xb
 1011 05dd 3E       		.byte	0x3e
 1012 05de 9E000000 		.4byte	0x9e
 1013 05e2 14       		.byte	0x14
 1014 05e3 06       		.uleb128 0x6
 1015 05e4 E5020000 		.4byte	.LASF97
 1016 05e8 0B       		.byte	0xb
 1017 05e9 40       		.byte	0x40
 1018 05ea 9E000000 		.4byte	0x9e
 1019 05ee 15       		.byte	0x15
 1020 05ef 00       		.byte	0
 1021 05f0 14       		.uleb128 0x14
ARM GAS  /tmp/ccqMn8H9.s 			page 19


 1022 05f1 DC040000 		.4byte	0x4dc
 1023 05f5 00060000 		.4byte	0x600
 1024 05f9 15       		.uleb128 0x15
 1025 05fa 38030000 		.4byte	0x338
 1026 05fe 03       		.byte	0x3
 1027 05ff 00       		.byte	0
 1028 0600 04       		.uleb128 0x4
 1029 0601 13010000 		.4byte	.LASF98
 1030 0605 0B       		.byte	0xb
 1031 0606 41       		.byte	0x41
 1032 0607 0F050000 		.4byte	0x50f
 1033 060b 16       		.uleb128 0x16
 1034 060c 73020000 		.4byte	.LASF99
 1035 0610 01       		.byte	0x1
 1036 0611 3D       		.byte	0x3d
 1037 0612 00000000 		.4byte	.LFB7
 1038 0616 1C000000 		.4byte	.LFE7-.LFB7
 1039 061a 01       		.uleb128 0x1
 1040 061b 9C       		.byte	0x9c
 1041 061c 2D060000 		.4byte	0x62d
 1042 0620 17       		.uleb128 0x17
 1043 0621 7000     		.ascii	"p\000"
 1044 0623 01       		.byte	0x1
 1045 0624 3D       		.byte	0x3d
 1046 0625 8E020000 		.4byte	0x28e
 1047 0629 02       		.uleb128 0x2
 1048 062a 91       		.byte	0x91
 1049 062b 74       		.sleb128 -12
 1050 062c 00       		.byte	0
 1051 062d 16       		.uleb128 0x16
 1052 062e 51010000 		.4byte	.LASF100
 1053 0632 01       		.byte	0x1
 1054 0633 54       		.byte	0x54
 1055 0634 1C000000 		.4byte	.LFB8
 1056 0638 80000000 		.4byte	.LFE8-.LFB8
 1057 063c 01       		.uleb128 0x1
 1058 063d 9C       		.byte	0x9c
 1059 063e 76060000 		.4byte	0x676
 1060 0642 18       		.uleb128 0x18
 1061 0643 7D000000 		.4byte	.LASF101
 1062 0647 01       		.byte	0x1
 1063 0648 55       		.byte	0x55
 1064 0649 29010000 		.4byte	0x129
 1065 064d 05       		.uleb128 0x5
 1066 064e 03       		.byte	0x3
 1067 064f 00000000 		.4byte	mainthread.4867
 1068 0653 19       		.uleb128 0x19
 1069 0654 0B040000 		.4byte	.LASF103
 1070 0658 01       		.byte	0x1
 1071 0659 57       		.byte	0x57
 1072 065a 90020000 		.4byte	0x290
 1073 065e 1A       		.uleb128 0x1a
 1074 065f 5C000000 		.4byte	.LBB2
 1075 0663 08000000 		.4byte	.LBE2-.LBB2
 1076 0667 1B       		.uleb128 0x1b
 1077 0668 746D7000 		.ascii	"tmp\000"
 1078 066c 01       		.byte	0x1
ARM GAS  /tmp/ccqMn8H9.s 			page 20


 1079 066d 6F       		.byte	0x6f
 1080 066e BF000000 		.4byte	0xbf
 1081 0672 01       		.uleb128 0x1
 1082 0673 53       		.byte	0x53
 1083 0674 00       		.byte	0
 1084 0675 00       		.byte	0
 1085 0676 16       		.uleb128 0x16
 1086 0677 3C000000 		.4byte	.LASF102
 1087 067b 01       		.byte	0x1
 1088 067c 89       		.byte	0x89
 1089 067d 9C000000 		.4byte	.LFB9
 1090 0681 88000000 		.4byte	.LFE9-.LFB9
 1091 0685 01       		.uleb128 0x1
 1092 0686 9C       		.byte	0x9c
 1093 0687 ED060000 		.4byte	0x6ed
 1094 068b 1A       		.uleb128 0x1a
 1095 068c C2000000 		.4byte	.LBB3
 1096 0690 54000000 		.4byte	.LBE3-.LBB3
 1097 0694 1B       		.uleb128 0x1b
 1098 0695 76747000 		.ascii	"vtp\000"
 1099 0699 01       		.byte	0x1
 1100 069a 96       		.byte	0x96
 1101 069b AF030000 		.4byte	0x3af
 1102 069f 02       		.uleb128 0x2
 1103 06a0 91       		.byte	0x91
 1104 06a1 74       		.sleb128 -12
 1105 06a2 1A       		.uleb128 0x1a
 1106 06a3 CE000000 		.4byte	.LBB4
 1107 06a7 3A000000 		.4byte	.LBE4-.LBB4
 1108 06ab 1B       		.uleb128 0x1b
 1109 06ac 666E00   		.ascii	"fn\000"
 1110 06af 01       		.byte	0x1
 1111 06b0 96       		.byte	0x96
 1112 06b1 3F030000 		.4byte	0x33f
 1113 06b5 02       		.uleb128 0x2
 1114 06b6 91       		.byte	0x91
 1115 06b7 70       		.sleb128 -16
 1116 06b8 1C       		.uleb128 0x1c
 1117 06b9 EE000000 		.4byte	.LBB5
 1118 06bd 06000000 		.4byte	.LBE5-.LBB5
 1119 06c1 D3060000 		.4byte	0x6d3
 1120 06c5 1B       		.uleb128 0x1b
 1121 06c6 746D7000 		.ascii	"tmp\000"
 1122 06ca 01       		.byte	0x1
 1123 06cb 96       		.byte	0x96
 1124 06cc BF000000 		.4byte	0xbf
 1125 06d0 01       		.uleb128 0x1
 1126 06d1 53       		.byte	0x53
 1127 06d2 00       		.byte	0
 1128 06d3 1A       		.uleb128 0x1a
 1129 06d4 FE000000 		.4byte	.LBB6
 1130 06d8 06000000 		.4byte	.LBE6-.LBB6
 1131 06dc 1B       		.uleb128 0x1b
 1132 06dd 746D7000 		.ascii	"tmp\000"
 1133 06e1 01       		.byte	0x1
 1134 06e2 96       		.byte	0x96
 1135 06e3 BF000000 		.4byte	0xbf
ARM GAS  /tmp/ccqMn8H9.s 			page 21


 1136 06e7 01       		.uleb128 0x1
 1137 06e8 53       		.byte	0x53
 1138 06e9 00       		.byte	0
 1139 06ea 00       		.byte	0
 1140 06eb 00       		.byte	0
 1141 06ec 00       		.byte	0
 1142 06ed 19       		.uleb128 0x19
 1143 06ee 35000000 		.4byte	.LASF104
 1144 06f2 08       		.byte	0x8
 1145 06f3 F5       		.byte	0xf5
 1146 06f4 F3030000 		.4byte	0x3f3
 1147 06f8 19       		.uleb128 0x19
 1148 06f9 B3040000 		.4byte	.LASF105
 1149 06fd 09       		.byte	0x9
 1150 06fe 6F       		.byte	0x6f
 1151 06ff 4F040000 		.4byte	0x44f
 1152 0703 19       		.uleb128 0x19
 1153 0704 8D010000 		.4byte	.LASF106
 1154 0708 0B       		.byte	0xb
 1155 0709 7E       		.byte	0x7e
 1156 070a 0E070000 		.4byte	0x70e
 1157 070e 12       		.uleb128 0x12
 1158 070f 00060000 		.4byte	0x600
 1159 0713 14       		.uleb128 0x14
 1160 0714 90020000 		.4byte	0x290
 1161 0718 23070000 		.4byte	0x723
 1162 071c 15       		.uleb128 0x15
 1163 071d 38030000 		.4byte	0x338
 1164 0721 33       		.byte	0x33
 1165 0722 00       		.byte	0
 1166 0723 1D       		.uleb128 0x1d
 1167 0724 25010000 		.4byte	.LASF107
 1168 0728 01       		.byte	0x1
 1169 0729 31       		.byte	0x31
 1170 072a 13070000 		.4byte	0x713
 1171 072e 05       		.uleb128 0x5
 1172 072f 03       		.byte	0x3
 1173 0730 00000000 		.4byte	_idle_thread_wa
 1174 0734 19       		.uleb128 0x19
 1175 0735 0B040000 		.4byte	.LASF103
 1176 0739 01       		.byte	0x1
 1177 073a 57       		.byte	0x57
 1178 073b 90020000 		.4byte	0x290
 1179 073f 00       		.byte	0
 1180              		.section	.debug_abbrev,"",%progbits
 1181              	.Ldebug_abbrev0:
 1182 0000 01       		.uleb128 0x1
 1183 0001 11       		.uleb128 0x11
 1184 0002 01       		.byte	0x1
 1185 0003 25       		.uleb128 0x25
 1186 0004 0E       		.uleb128 0xe
 1187 0005 13       		.uleb128 0x13
 1188 0006 0B       		.uleb128 0xb
 1189 0007 03       		.uleb128 0x3
 1190 0008 0E       		.uleb128 0xe
 1191 0009 11       		.uleb128 0x11
 1192 000a 01       		.uleb128 0x1
ARM GAS  /tmp/ccqMn8H9.s 			page 22


 1193 000b 12       		.uleb128 0x12
 1194 000c 06       		.uleb128 0x6
 1195 000d 10       		.uleb128 0x10
 1196 000e 17       		.uleb128 0x17
 1197 000f 00       		.byte	0
 1198 0010 00       		.byte	0
 1199 0011 02       		.uleb128 0x2
 1200 0012 24       		.uleb128 0x24
 1201 0013 00       		.byte	0
 1202 0014 0B       		.uleb128 0xb
 1203 0015 0B       		.uleb128 0xb
 1204 0016 3E       		.uleb128 0x3e
 1205 0017 0B       		.uleb128 0xb
 1206 0018 03       		.uleb128 0x3
 1207 0019 08       		.uleb128 0x8
 1208 001a 00       		.byte	0
 1209 001b 00       		.byte	0
 1210 001c 03       		.uleb128 0x3
 1211 001d 24       		.uleb128 0x24
 1212 001e 00       		.byte	0
 1213 001f 0B       		.uleb128 0xb
 1214 0020 0B       		.uleb128 0xb
 1215 0021 3E       		.uleb128 0x3e
 1216 0022 0B       		.uleb128 0xb
 1217 0023 03       		.uleb128 0x3
 1218 0024 0E       		.uleb128 0xe
 1219 0025 00       		.byte	0
 1220 0026 00       		.byte	0
 1221 0027 04       		.uleb128 0x4
 1222 0028 16       		.uleb128 0x16
 1223 0029 00       		.byte	0
 1224 002a 03       		.uleb128 0x3
 1225 002b 0E       		.uleb128 0xe
 1226 002c 3A       		.uleb128 0x3a
 1227 002d 0B       		.uleb128 0xb
 1228 002e 3B       		.uleb128 0x3b
 1229 002f 0B       		.uleb128 0xb
 1230 0030 49       		.uleb128 0x49
 1231 0031 13       		.uleb128 0x13
 1232 0032 00       		.byte	0
 1233 0033 00       		.byte	0
 1234 0034 05       		.uleb128 0x5
 1235 0035 13       		.uleb128 0x13
 1236 0036 01       		.byte	0x1
 1237 0037 03       		.uleb128 0x3
 1238 0038 0E       		.uleb128 0xe
 1239 0039 0B       		.uleb128 0xb
 1240 003a 0B       		.uleb128 0xb
 1241 003b 3A       		.uleb128 0x3a
 1242 003c 0B       		.uleb128 0xb
 1243 003d 3B       		.uleb128 0x3b
 1244 003e 0B       		.uleb128 0xb
 1245 003f 01       		.uleb128 0x1
 1246 0040 13       		.uleb128 0x13
 1247 0041 00       		.byte	0
 1248 0042 00       		.byte	0
 1249 0043 06       		.uleb128 0x6
ARM GAS  /tmp/ccqMn8H9.s 			page 23


 1250 0044 0D       		.uleb128 0xd
 1251 0045 00       		.byte	0
 1252 0046 03       		.uleb128 0x3
 1253 0047 0E       		.uleb128 0xe
 1254 0048 3A       		.uleb128 0x3a
 1255 0049 0B       		.uleb128 0xb
 1256 004a 3B       		.uleb128 0x3b
 1257 004b 0B       		.uleb128 0xb
 1258 004c 49       		.uleb128 0x49
 1259 004d 13       		.uleb128 0x13
 1260 004e 38       		.uleb128 0x38
 1261 004f 0B       		.uleb128 0xb
 1262 0050 00       		.byte	0
 1263 0051 00       		.byte	0
 1264 0052 07       		.uleb128 0x7
 1265 0053 0D       		.uleb128 0xd
 1266 0054 00       		.byte	0
 1267 0055 03       		.uleb128 0x3
 1268 0056 08       		.uleb128 0x8
 1269 0057 3A       		.uleb128 0x3a
 1270 0058 0B       		.uleb128 0xb
 1271 0059 3B       		.uleb128 0x3b
 1272 005a 0B       		.uleb128 0xb
 1273 005b 49       		.uleb128 0x49
 1274 005c 13       		.uleb128 0x13
 1275 005d 38       		.uleb128 0x38
 1276 005e 0B       		.uleb128 0xb
 1277 005f 00       		.byte	0
 1278 0060 00       		.byte	0
 1279 0061 08       		.uleb128 0x8
 1280 0062 13       		.uleb128 0x13
 1281 0063 01       		.byte	0x1
 1282 0064 0B       		.uleb128 0xb
 1283 0065 0B       		.uleb128 0xb
 1284 0066 3A       		.uleb128 0x3a
 1285 0067 0B       		.uleb128 0xb
 1286 0068 3B       		.uleb128 0x3b
 1287 0069 0B       		.uleb128 0xb
 1288 006a 01       		.uleb128 0x1
 1289 006b 13       		.uleb128 0x13
 1290 006c 00       		.byte	0
 1291 006d 00       		.byte	0
 1292 006e 09       		.uleb128 0x9
 1293 006f 0F       		.uleb128 0xf
 1294 0070 00       		.byte	0
 1295 0071 0B       		.uleb128 0xb
 1296 0072 0B       		.uleb128 0xb
 1297 0073 49       		.uleb128 0x49
 1298 0074 13       		.uleb128 0x13
 1299 0075 00       		.byte	0
 1300 0076 00       		.byte	0
 1301 0077 0A       		.uleb128 0xa
 1302 0078 0F       		.uleb128 0xf
 1303 0079 00       		.byte	0
 1304 007a 0B       		.uleb128 0xb
 1305 007b 0B       		.uleb128 0xb
 1306 007c 00       		.byte	0
ARM GAS  /tmp/ccqMn8H9.s 			page 24


 1307 007d 00       		.byte	0
 1308 007e 0B       		.uleb128 0xb
 1309 007f 13       		.uleb128 0x13
 1310 0080 01       		.byte	0x1
 1311 0081 03       		.uleb128 0x3
 1312 0082 0E       		.uleb128 0xe
 1313 0083 0B       		.uleb128 0xb
 1314 0084 0B       		.uleb128 0xb
 1315 0085 3A       		.uleb128 0x3a
 1316 0086 0B       		.uleb128 0xb
 1317 0087 3B       		.uleb128 0x3b
 1318 0088 05       		.uleb128 0x5
 1319 0089 01       		.uleb128 0x1
 1320 008a 13       		.uleb128 0x13
 1321 008b 00       		.byte	0
 1322 008c 00       		.byte	0
 1323 008d 0C       		.uleb128 0xc
 1324 008e 0D       		.uleb128 0xd
 1325 008f 00       		.byte	0
 1326 0090 03       		.uleb128 0x3
 1327 0091 08       		.uleb128 0x8
 1328 0092 3A       		.uleb128 0x3a
 1329 0093 0B       		.uleb128 0xb
 1330 0094 3B       		.uleb128 0x3b
 1331 0095 05       		.uleb128 0x5
 1332 0096 49       		.uleb128 0x49
 1333 0097 13       		.uleb128 0x13
 1334 0098 38       		.uleb128 0x38
 1335 0099 0B       		.uleb128 0xb
 1336 009a 00       		.byte	0
 1337 009b 00       		.byte	0
 1338 009c 0D       		.uleb128 0xd
 1339 009d 15       		.uleb128 0x15
 1340 009e 01       		.byte	0x1
 1341 009f 27       		.uleb128 0x27
 1342 00a0 19       		.uleb128 0x19
 1343 00a1 01       		.uleb128 0x1
 1344 00a2 13       		.uleb128 0x13
 1345 00a3 00       		.byte	0
 1346 00a4 00       		.byte	0
 1347 00a5 0E       		.uleb128 0xe
 1348 00a6 05       		.uleb128 0x5
 1349 00a7 00       		.byte	0
 1350 00a8 49       		.uleb128 0x49
 1351 00a9 13       		.uleb128 0x13
 1352 00aa 00       		.byte	0
 1353 00ab 00       		.byte	0
 1354 00ac 0F       		.uleb128 0xf
 1355 00ad 35       		.uleb128 0x35
 1356 00ae 00       		.byte	0
 1357 00af 49       		.uleb128 0x49
 1358 00b0 13       		.uleb128 0x13
 1359 00b1 00       		.byte	0
 1360 00b2 00       		.byte	0
 1361 00b3 10       		.uleb128 0x10
 1362 00b4 17       		.uleb128 0x17
 1363 00b5 01       		.byte	0x1
ARM GAS  /tmp/ccqMn8H9.s 			page 25


 1364 00b6 0B       		.uleb128 0xb
 1365 00b7 0B       		.uleb128 0xb
 1366 00b8 3A       		.uleb128 0x3a
 1367 00b9 0B       		.uleb128 0xb
 1368 00ba 3B       		.uleb128 0x3b
 1369 00bb 0B       		.uleb128 0xb
 1370 00bc 01       		.uleb128 0x1
 1371 00bd 13       		.uleb128 0x13
 1372 00be 00       		.byte	0
 1373 00bf 00       		.byte	0
 1374 00c0 11       		.uleb128 0x11
 1375 00c1 0D       		.uleb128 0xd
 1376 00c2 00       		.byte	0
 1377 00c3 03       		.uleb128 0x3
 1378 00c4 0E       		.uleb128 0xe
 1379 00c5 3A       		.uleb128 0x3a
 1380 00c6 0B       		.uleb128 0xb
 1381 00c7 3B       		.uleb128 0x3b
 1382 00c8 0B       		.uleb128 0xb
 1383 00c9 49       		.uleb128 0x49
 1384 00ca 13       		.uleb128 0x13
 1385 00cb 00       		.byte	0
 1386 00cc 00       		.byte	0
 1387 00cd 12       		.uleb128 0x12
 1388 00ce 26       		.uleb128 0x26
 1389 00cf 00       		.byte	0
 1390 00d0 49       		.uleb128 0x49
 1391 00d1 13       		.uleb128 0x13
 1392 00d2 00       		.byte	0
 1393 00d3 00       		.byte	0
 1394 00d4 13       		.uleb128 0x13
 1395 00d5 15       		.uleb128 0x15
 1396 00d6 01       		.byte	0x1
 1397 00d7 27       		.uleb128 0x27
 1398 00d8 19       		.uleb128 0x19
 1399 00d9 49       		.uleb128 0x49
 1400 00da 13       		.uleb128 0x13
 1401 00db 01       		.uleb128 0x1
 1402 00dc 13       		.uleb128 0x13
 1403 00dd 00       		.byte	0
 1404 00de 00       		.byte	0
 1405 00df 14       		.uleb128 0x14
 1406 00e0 01       		.uleb128 0x1
 1407 00e1 01       		.byte	0x1
 1408 00e2 49       		.uleb128 0x49
 1409 00e3 13       		.uleb128 0x13
 1410 00e4 01       		.uleb128 0x1
 1411 00e5 13       		.uleb128 0x13
 1412 00e6 00       		.byte	0
 1413 00e7 00       		.byte	0
 1414 00e8 15       		.uleb128 0x15
 1415 00e9 21       		.uleb128 0x21
 1416 00ea 00       		.byte	0
 1417 00eb 49       		.uleb128 0x49
 1418 00ec 13       		.uleb128 0x13
 1419 00ed 2F       		.uleb128 0x2f
 1420 00ee 0B       		.uleb128 0xb
ARM GAS  /tmp/ccqMn8H9.s 			page 26


 1421 00ef 00       		.byte	0
 1422 00f0 00       		.byte	0
 1423 00f1 16       		.uleb128 0x16
 1424 00f2 2E       		.uleb128 0x2e
 1425 00f3 01       		.byte	0x1
 1426 00f4 3F       		.uleb128 0x3f
 1427 00f5 19       		.uleb128 0x19
 1428 00f6 03       		.uleb128 0x3
 1429 00f7 0E       		.uleb128 0xe
 1430 00f8 3A       		.uleb128 0x3a
 1431 00f9 0B       		.uleb128 0xb
 1432 00fa 3B       		.uleb128 0x3b
 1433 00fb 0B       		.uleb128 0xb
 1434 00fc 27       		.uleb128 0x27
 1435 00fd 19       		.uleb128 0x19
 1436 00fe 11       		.uleb128 0x11
 1437 00ff 01       		.uleb128 0x1
 1438 0100 12       		.uleb128 0x12
 1439 0101 06       		.uleb128 0x6
 1440 0102 40       		.uleb128 0x40
 1441 0103 18       		.uleb128 0x18
 1442 0104 9642     		.uleb128 0x2116
 1443 0106 19       		.uleb128 0x19
 1444 0107 01       		.uleb128 0x1
 1445 0108 13       		.uleb128 0x13
 1446 0109 00       		.byte	0
 1447 010a 00       		.byte	0
 1448 010b 17       		.uleb128 0x17
 1449 010c 05       		.uleb128 0x5
 1450 010d 00       		.byte	0
 1451 010e 03       		.uleb128 0x3
 1452 010f 08       		.uleb128 0x8
 1453 0110 3A       		.uleb128 0x3a
 1454 0111 0B       		.uleb128 0xb
 1455 0112 3B       		.uleb128 0x3b
 1456 0113 0B       		.uleb128 0xb
 1457 0114 49       		.uleb128 0x49
 1458 0115 13       		.uleb128 0x13
 1459 0116 02       		.uleb128 0x2
 1460 0117 18       		.uleb128 0x18
 1461 0118 00       		.byte	0
 1462 0119 00       		.byte	0
 1463 011a 18       		.uleb128 0x18
 1464 011b 34       		.uleb128 0x34
 1465 011c 00       		.byte	0
 1466 011d 03       		.uleb128 0x3
 1467 011e 0E       		.uleb128 0xe
 1468 011f 3A       		.uleb128 0x3a
 1469 0120 0B       		.uleb128 0xb
 1470 0121 3B       		.uleb128 0x3b
 1471 0122 0B       		.uleb128 0xb
 1472 0123 49       		.uleb128 0x49
 1473 0124 13       		.uleb128 0x13
 1474 0125 02       		.uleb128 0x2
 1475 0126 18       		.uleb128 0x18
 1476 0127 00       		.byte	0
 1477 0128 00       		.byte	0
ARM GAS  /tmp/ccqMn8H9.s 			page 27


 1478 0129 19       		.uleb128 0x19
 1479 012a 34       		.uleb128 0x34
 1480 012b 00       		.byte	0
 1481 012c 03       		.uleb128 0x3
 1482 012d 0E       		.uleb128 0xe
 1483 012e 3A       		.uleb128 0x3a
 1484 012f 0B       		.uleb128 0xb
 1485 0130 3B       		.uleb128 0x3b
 1486 0131 0B       		.uleb128 0xb
 1487 0132 49       		.uleb128 0x49
 1488 0133 13       		.uleb128 0x13
 1489 0134 3F       		.uleb128 0x3f
 1490 0135 19       		.uleb128 0x19
 1491 0136 3C       		.uleb128 0x3c
 1492 0137 19       		.uleb128 0x19
 1493 0138 00       		.byte	0
 1494 0139 00       		.byte	0
 1495 013a 1A       		.uleb128 0x1a
 1496 013b 0B       		.uleb128 0xb
 1497 013c 01       		.byte	0x1
 1498 013d 11       		.uleb128 0x11
 1499 013e 01       		.uleb128 0x1
 1500 013f 12       		.uleb128 0x12
 1501 0140 06       		.uleb128 0x6
 1502 0141 00       		.byte	0
 1503 0142 00       		.byte	0
 1504 0143 1B       		.uleb128 0x1b
 1505 0144 34       		.uleb128 0x34
 1506 0145 00       		.byte	0
 1507 0146 03       		.uleb128 0x3
 1508 0147 08       		.uleb128 0x8
 1509 0148 3A       		.uleb128 0x3a
 1510 0149 0B       		.uleb128 0xb
 1511 014a 3B       		.uleb128 0x3b
 1512 014b 0B       		.uleb128 0xb
 1513 014c 49       		.uleb128 0x49
 1514 014d 13       		.uleb128 0x13
 1515 014e 02       		.uleb128 0x2
 1516 014f 18       		.uleb128 0x18
 1517 0150 00       		.byte	0
 1518 0151 00       		.byte	0
 1519 0152 1C       		.uleb128 0x1c
 1520 0153 0B       		.uleb128 0xb
 1521 0154 01       		.byte	0x1
 1522 0155 11       		.uleb128 0x11
 1523 0156 01       		.uleb128 0x1
 1524 0157 12       		.uleb128 0x12
 1525 0158 06       		.uleb128 0x6
 1526 0159 01       		.uleb128 0x1
 1527 015a 13       		.uleb128 0x13
 1528 015b 00       		.byte	0
 1529 015c 00       		.byte	0
 1530 015d 1D       		.uleb128 0x1d
 1531 015e 34       		.uleb128 0x34
 1532 015f 00       		.byte	0
 1533 0160 03       		.uleb128 0x3
 1534 0161 0E       		.uleb128 0xe
ARM GAS  /tmp/ccqMn8H9.s 			page 28


 1535 0162 3A       		.uleb128 0x3a
 1536 0163 0B       		.uleb128 0xb
 1537 0164 3B       		.uleb128 0x3b
 1538 0165 0B       		.uleb128 0xb
 1539 0166 49       		.uleb128 0x49
 1540 0167 13       		.uleb128 0x13
 1541 0168 3F       		.uleb128 0x3f
 1542 0169 19       		.uleb128 0x19
 1543 016a 02       		.uleb128 0x2
 1544 016b 18       		.uleb128 0x18
 1545 016c 00       		.byte	0
 1546 016d 00       		.byte	0
 1547 016e 00       		.byte	0
 1548              		.section	.debug_aranges,"",%progbits
 1549 0000 1C000000 		.4byte	0x1c
 1550 0004 0200     		.2byte	0x2
 1551 0006 00000000 		.4byte	.Ldebug_info0
 1552 000a 04       		.byte	0x4
 1553 000b 00       		.byte	0
 1554 000c 0000     		.2byte	0
 1555 000e 0000     		.2byte	0
 1556 0010 00000000 		.4byte	.Ltext0
 1557 0014 24010000 		.4byte	.Letext0-.Ltext0
 1558 0018 00000000 		.4byte	0
 1559 001c 00000000 		.4byte	0
 1560              		.section	.debug_line,"",%progbits
 1561              	.Ldebug_line0:
 1562 0000 07020000 		.section	.debug_str,"MS",%progbits,1
 1562      0200BC01 
 1562      00000201 
 1562      FB0E0D00 
 1562      01010101 
 1563              	.LASF79:
 1564 0000 7466756E 		.ascii	"tfunc_t\000"
 1564      635F7400 
 1565              	.LASF90:
 1566 0008 63665F6F 		.ascii	"cf_off_older\000"
 1566      66665F6F 
 1566      6C646572 
 1566      00
 1567              	.LASF42:
 1568 0015 705F6D73 		.ascii	"p_msg\000"
 1568      6700
 1569              	.LASF74:
 1570 001b 7264796D 		.ascii	"rdymsg\000"
 1570      736700
 1571              	.LASF18:
 1572 0022 75696E74 		.ascii	"uint64_t\000"
 1572      36345F74 
 1572      00
 1573              	.LASF4:
 1574 002b 5F5F7569 		.ascii	"__uint8_t\000"
 1574      6E74385F 
 1574      7400
 1575              	.LASF104:
 1576 0035 76746C69 		.ascii	"vtlist\000"
 1576      737400
ARM GAS  /tmp/ccqMn8H9.s 			page 29


 1577              	.LASF102:
 1578 003c 63685379 		.ascii	"chSysTimerHandlerI\000"
 1578      7354696D 
 1578      65724861 
 1578      6E646C65 
 1578      724900
 1579              	.LASF13:
 1580 004f 6C6F6E67 		.ascii	"long long unsigned int\000"
 1580      206C6F6E 
 1580      6720756E 
 1580      7369676E 
 1580      65642069 
 1581              	.LASF86:
 1582 0066 63685F74 		.ascii	"ch_threadsize\000"
 1582      68726561 
 1582      6473697A 
 1582      6500
 1583              	.LASF75:
 1584 0074 65786974 		.ascii	"exitcode\000"
 1584      636F6465 
 1584      00
 1585              	.LASF101:
 1586 007d 6D61696E 		.ascii	"mainthread\000"
 1586      74687265 
 1586      616400
 1587              	.LASF30:
 1588 0088 705F7072 		.ascii	"p_prio\000"
 1588      696F00
 1589              	.LASF93:
 1590 008f 63665F6F 		.ascii	"cf_off_state\000"
 1590      66665F73 
 1590      74617465 
 1590      00
 1591              	.LASF11:
 1592 009c 6C6F6E67 		.ascii	"long long int\000"
 1592      206C6F6E 
 1592      6720696E 
 1592      7400
 1593              	.LASF1:
 1594 00aa 7369676E 		.ascii	"signed char\000"
 1594      65642063 
 1594      68617200 
 1595              	.LASF92:
 1596 00b6 63665F6F 		.ascii	"cf_off_stklimit\000"
 1596      66665F73 
 1596      746B6C69 
 1596      6D697400 
 1597              	.LASF94:
 1598 00c6 63665F6F 		.ascii	"cf_off_flags\000"
 1598      66665F66 
 1598      6C616773 
 1598      00
 1599              	.LASF46:
 1600 00d3 705F6D70 		.ascii	"p_mpool\000"
 1600      6F6F6C00 
 1601              	.LASF71:
 1602 00db 6D5F7175 		.ascii	"m_queue\000"
ARM GAS  /tmp/ccqMn8H9.s 			page 30


 1602      65756500 
 1603              	.LASF76:
 1604 00e3 77746F62 		.ascii	"wtobjp\000"
 1604      6A7000
 1605              	.LASF80:
 1606 00ea 63685F69 		.ascii	"ch_identifier\000"
 1606      64656E74 
 1606      69666965 
 1606      7200
 1607              	.LASF8:
 1608 00f8 6C6F6E67 		.ascii	"long int\000"
 1608      20696E74 
 1608      00
 1609              	.LASF21:
 1610 0101 74737461 		.ascii	"tstate_t\000"
 1610      74655F74 
 1610      00
 1611              	.LASF15:
 1612 010a 75696E74 		.ascii	"uint16_t\000"
 1612      31365F74 
 1612      00
 1613              	.LASF98:
 1614 0113 63686465 		.ascii	"chdebug_t\000"
 1614      6275675F 
 1614      7400
 1615              	.LASF32:
 1616 011d 705F6E65 		.ascii	"p_newer\000"
 1616      77657200 
 1617              	.LASF107:
 1618 0125 5F69646C 		.ascii	"_idle_thread_wa\000"
 1618      655F7468 
 1618      72656164 
 1618      5F776100 
 1619              	.LASF9:
 1620 0135 5F5F7569 		.ascii	"__uint32_t\000"
 1620      6E743332 
 1620      5F7400
 1621              	.LASF49:
 1622 0140 72656761 		.ascii	"regarm_t\000"
 1622      726D5F74 
 1622      00
 1623              	.LASF57:
 1624 0149 76745F70 		.ascii	"vt_prev\000"
 1624      72657600 
 1625              	.LASF100:
 1626 0151 63685379 		.ascii	"chSysInit\000"
 1626      73496E69 
 1626      7400
 1627              	.LASF35:
 1628 015b 705F7374 		.ascii	"p_stklimit\000"
 1628      6B6C696D 
 1628      697400
 1629              	.LASF0:
 1630 0166 756E7369 		.ascii	"unsigned int\000"
 1630      676E6564 
 1630      20696E74 
 1630      00
ARM GAS  /tmp/ccqMn8H9.s 			page 31


 1631              	.LASF56:
 1632 0173 76745F6E 		.ascii	"vt_next\000"
 1632      65787400 
 1633              	.LASF10:
 1634 017b 6C6F6E67 		.ascii	"long unsigned int\000"
 1634      20756E73 
 1634      69676E65 
 1634      6420696E 
 1634      7400
 1635              	.LASF106:
 1636 018d 63685F64 		.ascii	"ch_debug\000"
 1636      65627567 
 1636      00
 1637              	.LASF54:
 1638 0196 76746675 		.ascii	"vtfunc_t\000"
 1638      6E635F74 
 1638      00
 1639              	.LASF52:
 1640 019f 636F6E74 		.ascii	"context\000"
 1640      65787400 
 1641              	.LASF6:
 1642 01a7 73686F72 		.ascii	"short unsigned int\000"
 1642      7420756E 
 1642      7369676E 
 1642      65642069 
 1642      6E7400
 1643              	.LASF24:
 1644 01ba 6D73675F 		.ascii	"msg_t\000"
 1644      7400
 1645              	.LASF66:
 1646 01c0 725F6E65 		.ascii	"r_newer\000"
 1646      77657200 
 1647              	.LASF20:
 1648 01c8 746D6F64 		.ascii	"tmode_t\000"
 1648      655F7400 
 1649              	.LASF48:
 1650 01d0 54687265 		.ascii	"ThreadsList\000"
 1650      6164734C 
 1650      69737400 
 1651              	.LASF25:
 1652 01dc 6576656E 		.ascii	"eventmask_t\000"
 1652      746D6173 
 1652      6B5F7400 
 1653              	.LASF70:
 1654 01e8 4D757465 		.ascii	"Mutex\000"
 1654      7800
 1655              	.LASF50:
 1656 01ee 73746B61 		.ascii	"stkalign_t\000"
 1656      6C69676E 
 1656      5F7400
 1657              	.LASF81:
 1658 01f9 63685F7A 		.ascii	"ch_zero\000"
 1658      65726F00 
 1659              	.LASF95:
 1660 0201 63665F6F 		.ascii	"cf_off_refs\000"
 1660      66665F72 
 1660      65667300 
ARM GAS  /tmp/ccqMn8H9.s 			page 32


 1661              	.LASF58:
 1662 020d 76745F74 		.ascii	"vt_time\000"
 1662      696D6500 
 1663              	.LASF53:
 1664 0215 73697A65 		.ascii	"sizetype\000"
 1664      74797065 
 1664      00
 1665              	.LASF59:
 1666 021e 76745F66 		.ascii	"vt_func\000"
 1666      756E6300 
 1667              	.LASF85:
 1668 0226 63685F74 		.ascii	"ch_timesize\000"
 1668      696D6573 
 1668      697A6500 
 1669              	.LASF91:
 1670 0232 63665F6F 		.ascii	"cf_off_name\000"
 1670      66665F6E 
 1670      616D6500 
 1671              	.LASF33:
 1672 023e 705F6F6C 		.ascii	"p_older\000"
 1672      64657200 
 1673              	.LASF65:
 1674 0246 725F6374 		.ascii	"r_ctx\000"
 1674      7800
 1675              	.LASF47:
 1676 024c 54687265 		.ascii	"ThreadsQueue\000"
 1676      61647351 
 1676      75657565 
 1676      00
 1677              	.LASF82:
 1678 0259 63685F73 		.ascii	"ch_size\000"
 1678      697A6500 
 1679              	.LASF68:
 1680 0261 725F6375 		.ascii	"r_current\000"
 1680      7272656E 
 1680      7400
 1681              	.LASF67:
 1682 026b 725F6F6C 		.ascii	"r_older\000"
 1682      64657200 
 1683              	.LASF99:
 1684 0273 5F69646C 		.ascii	"_idle_thread\000"
 1684      655F7468 
 1684      72656164 
 1684      00
 1685              	.LASF12:
 1686 0280 5F5F7569 		.ascii	"__uint64_t\000"
 1686      6E743634 
 1686      5F7400
 1687              	.LASF22:
 1688 028b 74726566 		.ascii	"trefs_t\000"
 1688      735F7400 
 1689              	.LASF84:
 1690 0293 63685F70 		.ascii	"ch_ptrsize\000"
 1690      74727369 
 1690      7A6500
 1691              	.LASF29:
 1692 029e 705F7072 		.ascii	"p_prev\000"
ARM GAS  /tmp/ccqMn8H9.s 			page 33


 1692      657600
 1693              	.LASF23:
 1694 02a5 74707269 		.ascii	"tprio_t\000"
 1694      6F5F7400 
 1695              	.LASF19:
 1696 02ad 5F426F6F 		.ascii	"_Bool\000"
 1696      6C00
 1697              	.LASF16:
 1698 02b3 696E7433 		.ascii	"int32_t\000"
 1698      325F7400 
 1699              	.LASF2:
 1700 02bb 756E7369 		.ascii	"unsigned char\000"
 1700      676E6564 
 1700      20636861 
 1700      7200
 1701              	.LASF44:
 1702 02c9 705F6D74 		.ascii	"p_mtxlist\000"
 1702      786C6973 
 1702      7400
 1703              	.LASF3:
 1704 02d3 73686F72 		.ascii	"short int\000"
 1704      7420696E 
 1704      7400
 1705              	.LASF36:
 1706 02dd 705F7374 		.ascii	"p_state\000"
 1706      61746500 
 1707              	.LASF97:
 1708 02e5 63665F6F 		.ascii	"cf_off_time\000"
 1708      66665F74 
 1708      696D6500 
 1709              	.LASF64:
 1710 02f1 725F7072 		.ascii	"r_prio\000"
 1710      696F00
 1711              	.LASF77:
 1712 02f8 65776D61 		.ascii	"ewmask\000"
 1712      736B00
 1713              	.LASF28:
 1714 02ff 705F6E65 		.ascii	"p_next\000"
 1714      787400
 1715              	.LASF96:
 1716 0306 63665F6F 		.ascii	"cf_off_preempt\000"
 1716      66665F70 
 1716      7265656D 
 1716      707400
 1717              	.LASF37:
 1718 0315 705F666C 		.ascii	"p_flags\000"
 1718      61677300 
 1719              	.LASF27:
 1720 031d 54687265 		.ascii	"Thread\000"
 1720      616400
 1721              	.LASF89:
 1722 0324 63665F6F 		.ascii	"cf_off_newer\000"
 1722      66665F6E 
 1722      65776572 
 1722      00
 1723              	.LASF43:
 1724 0331 705F6570 		.ascii	"p_epending\000"
ARM GAS  /tmp/ccqMn8H9.s 			page 34


 1724      656E6469 
 1724      6E6700
 1725              	.LASF17:
 1726 033c 75696E74 		.ascii	"uint32_t\000"
 1726      33325F74 
 1726      00
 1727              	.LASF87:
 1728 0345 63665F6F 		.ascii	"cf_off_prio\000"
 1728      66665F70 
 1728      72696F00 
 1729              	.LASF63:
 1730 0351 725F7175 		.ascii	"r_queue\000"
 1730      65756500 
 1731              	.LASF55:
 1732 0359 56697274 		.ascii	"VirtualTimer\000"
 1732      75616C54 
 1732      696D6572 
 1732      00
 1733              	.LASF108:
 1734 0366 474E5520 		.ascii	"GNU C 4.9.3 20141119 (release) [ARM/embedded-4_9-br"
 1734      4320342E 
 1734      392E3320 
 1734      32303134 
 1734      31313139 
 1735 0399 616E6368 		.ascii	"anch revision 218278] -mcpu=cortex-m4 -mno-thumb-in"
 1735      20726576 
 1735      6973696F 
 1735      6E203231 
 1735      38323738 
 1736 03cc 74657277 		.ascii	"terwork -mthumb -ggdb -O0 -fomit-frame-pointer\000"
 1736      6F726B20 
 1736      2D6D7468 
 1736      756D6220 
 1736      2D676764 
 1737              	.LASF78:
 1738 03fb 63686172 		.ascii	"char\000"
 1738      00
 1739              	.LASF5:
 1740 0400 5F5F7569 		.ascii	"__uint16_t\000"
 1740      6E743136 
 1740      5F7400
 1741              	.LASF103:
 1742 040b 5F5F6D61 		.ascii	"__main_thread_stack_base__\000"
 1742      696E5F74 
 1742      68726561 
 1742      645F7374 
 1742      61636B5F 
 1743              	.LASF73:
 1744 0426 6D5F6E65 		.ascii	"m_next\000"
 1744      787400
 1745              	.LASF26:
 1746 042d 73797374 		.ascii	"systime_t\000"
 1746      696D655F 
 1746      7400
 1747              	.LASF45:
 1748 0437 705F7265 		.ascii	"p_realprio\000"
 1748      616C7072 
ARM GAS  /tmp/ccqMn8H9.s 			page 35


 1748      696F00
 1749              	.LASF7:
 1750 0442 5F5F696E 		.ascii	"__int32_t\000"
 1750      7433325F 
 1750      7400
 1751              	.LASF109:
 1752 044c 2F6F7074 		.ascii	"/opt/R2P/core/ChibiOS_2.6.5/os/kernel/src/chsys.c\000"
 1752      2F523250 
 1752      2F636F72 
 1752      652F4368 
 1752      6962694F 
 1753              	.LASF51:
 1754 047e 696E7463 		.ascii	"intctx\000"
 1754      747800
 1755              	.LASF41:
 1756 0485 705F6D73 		.ascii	"p_msgqueue\000"
 1756      67717565 
 1756      756500
 1757              	.LASF60:
 1758 0490 76745F70 		.ascii	"vt_par\000"
 1758      617200
 1759              	.LASF88:
 1760 0497 63665F6F 		.ascii	"cf_off_ctx\000"
 1760      66665F63 
 1760      747800
 1761              	.LASF38:
 1762 04a2 705F7265 		.ascii	"p_refs\000"
 1762      667300
 1763              	.LASF69:
 1764 04a9 52656164 		.ascii	"ReadyList\000"
 1764      794C6973 
 1764      7400
 1765              	.LASF105:
 1766 04b3 726C6973 		.ascii	"rlist\000"
 1766      7400
 1767              	.LASF14:
 1768 04b9 75696E74 		.ascii	"uint8_t\000"
 1768      385F7400 
 1769              	.LASF39:
 1770 04c1 705F7469 		.ascii	"p_time\000"
 1770      6D6500
 1771              	.LASF34:
 1772 04c8 705F6E61 		.ascii	"p_name\000"
 1772      6D6500
 1773              	.LASF61:
 1774 04cf 76745F73 		.ascii	"vt_systime\000"
 1774      79737469 
 1774      6D6500
 1775              	.LASF83:
 1776 04da 63685F76 		.ascii	"ch_version\000"
 1776      65727369 
 1776      6F6E00
 1777              	.LASF62:
 1778 04e5 56544C69 		.ascii	"VTList\000"
 1778      737400
 1779              	.LASF72:
 1780 04ec 6D5F6F77 		.ascii	"m_owner\000"
ARM GAS  /tmp/ccqMn8H9.s 			page 36


 1780      6E657200 
 1781              	.LASF31:
 1782 04f4 705F6374 		.ascii	"p_ctx\000"
 1782      7800
 1783              	.LASF40:
 1784 04fa 705F7761 		.ascii	"p_waiting\000"
 1784      6974696E 
 1784      6700
 1785              		.ident	"GCC: (GNU Tools for ARM Embedded Processors) 4.9.3 20141119 (release) [ARM/embedded-4_9-br
ARM GAS  /tmp/ccqMn8H9.s 			page 37


DEFINED SYMBOLS
                            *ABS*:00000000 chsys.c
                            *COM*:000001a0 _idle_thread_wa
     /tmp/ccqMn8H9.s:20     .rodata:00000000 $d
     /tmp/ccqMn8H9.s:24     .text:00000000 $t
     /tmp/ccqMn8H9.s:29     .text:00000000 _idle_thread
     /tmp/ccqMn8H9.s:55     .text:00000014 $d
     /tmp/ccqMn8H9.s:60     .text:0000001c $t
     /tmp/ccqMn8H9.s:65     .text:0000001c chSysInit
     /tmp/ccqMn8H9.s:136    .text:00000084 $d
     /tmp/ccqMn8H9.s:253    .bss:00000000 mainthread.4867
     /tmp/ccqMn8H9.s:145    .text:0000009c $t
     /tmp/ccqMn8H9.s:150    .text:0000009c chSysTimerHandlerI
     /tmp/ccqMn8H9.s:246    .text:0000011c $d
     /tmp/ccqMn8H9.s:252    .bss:00000000 $d
                     .debug_frame:00000010 $d

UNDEFINED SYMBOLS
chThdYield
rlist
_port_init
_scheduler_init
_vt_init
_core_init
_heap_init
_trace_init
_thread_init
dbg_check_enable
chThdCreateStatic
__main_thread_stack_base__
ch_debug
chDbgCheckClassI
dbg_check_unlock_from_isr
dbg_check_lock_from_isr
vtlist
