ARM GAS  /tmp/ccofOfwh.s 			page 1


   1              		.syntax unified
   2              		.cpu cortex-m4
   3              		.fpu softvfp
   4              		.eabi_attribute 20, 1
   5              		.eabi_attribute 21, 1
   6              		.eabi_attribute 23, 3
   7              		.eabi_attribute 24, 1
   8              		.eabi_attribute 25, 1
   9              		.eabi_attribute 26, 1
  10              		.eabi_attribute 30, 6
  11              		.eabi_attribute 34, 1
  12              		.eabi_attribute 18, 4
  13              		.thumb
  14              		.file	"chvt.c"
  15              		.text
  16              	.Ltext0:
  17              		.cfi_sections	.debug_frame
  18              		.comm	vtlist,16,4
  19              		.align	2
  20              		.global	_vt_init
  21              		.thumb
  22              		.thumb_func
  23              		.type	_vt_init, %function
  24              	_vt_init:
  25              	.LFB7:
  26              		.file 1 "/opt/R2P/core/ChibiOS_2.6.5/os/kernel/src/chvt.c"
  27              		.loc 1 50 0
  28              		.cfi_startproc
  29              		@ args = 0, pretend = 0, frame = 0
  30              		@ frame_needed = 0, uses_anonymous_args = 0
  31              		@ link register save eliminated.
  32              		.loc 1 52 0
  33 0000 074B     		ldr	r3, .L2
  34 0002 074A     		ldr	r2, .L2
  35 0004 5A60     		str	r2, [r3, #4]
  36 0006 064B     		ldr	r3, .L2
  37 0008 5B68     		ldr	r3, [r3, #4]
  38 000a 054A     		ldr	r2, .L2
  39 000c 1360     		str	r3, [r2]
  40              		.loc 1 53 0
  41 000e 044B     		ldr	r3, .L2
  42 0010 4FF0FF32 		mov	r2, #-1
  43 0014 9A60     		str	r2, [r3, #8]
  44              		.loc 1 54 0
  45 0016 024B     		ldr	r3, .L2
  46 0018 0022     		movs	r2, #0
  47 001a DA60     		str	r2, [r3, #12]
  48              		.loc 1 55 0
  49 001c 7047     		bx	lr
  50              	.L3:
  51 001e 00BF     		.align	2
  52              	.L2:
  53 0020 00000000 		.word	vtlist
  54              		.cfi_endproc
  55              	.LFE7:
  56              		.size	_vt_init, .-_vt_init
  57              		.section	.rodata
ARM GAS  /tmp/ccofOfwh.s 			page 2


  58              		.align	2
  59              	.LC0:
  60 0000 22636856 		.ascii	"\"chVTSetI\"()\000"
  60      54536574 
  60      49222829 
  60      00
  61              		.text
  62              		.align	2
  63              		.global	chVTSetI
  64              		.thumb
  65              		.thumb_func
  66              		.type	chVTSetI, %function
  67              	chVTSetI:
  68              	.LFB8:
  69              		.loc 1 76 0
  70              		.cfi_startproc
  71              		@ args = 0, pretend = 0, frame = 24
  72              		@ frame_needed = 0, uses_anonymous_args = 0
  73 0024 00B5     		push	{lr}
  74              		.cfi_def_cfa_offset 4
  75              		.cfi_offset 14, -4
  76 0026 87B0     		sub	sp, sp, #28
  77              		.cfi_def_cfa_offset 32
  78 0028 0390     		str	r0, [sp, #12]
  79 002a 0291     		str	r1, [sp, #8]
  80 002c 0192     		str	r2, [sp, #4]
  81 002e 0093     		str	r3, [sp]
  82              		.loc 1 79 0
  83 0030 FFF7FEFF 		bl	chDbgCheckClassI
  84              		.loc 1 80 0
  85 0034 039B     		ldr	r3, [sp, #12]
  86 0036 002B     		cmp	r3, #0
  87 0038 05D0     		beq	.L5
  88              		.loc 1 80 0 is_stmt 0 discriminator 2
  89 003a 019B     		ldr	r3, [sp, #4]
  90 003c 002B     		cmp	r3, #0
  91 003e 02D0     		beq	.L5
  92              		.loc 1 80 0 discriminator 4
  93 0040 029B     		ldr	r3, [sp, #8]
  94 0042 002B     		cmp	r3, #0
  95 0044 02D1     		bne	.L6
  96              	.L5:
  97              		.loc 1 80 0 discriminator 5
  98 0046 1D48     		ldr	r0, .L10
  99 0048 FFF7FEFF 		bl	chDbgPanic
 100              	.L6:
 101              		.loc 1 83 0 is_stmt 1
 102 004c 039B     		ldr	r3, [sp, #12]
 103 004e 009A     		ldr	r2, [sp]
 104 0050 1A61     		str	r2, [r3, #16]
 105              		.loc 1 84 0
 106 0052 039B     		ldr	r3, [sp, #12]
 107 0054 019A     		ldr	r2, [sp, #4]
 108 0056 DA60     		str	r2, [r3, #12]
 109              		.loc 1 85 0
 110 0058 194B     		ldr	r3, .L10+4
 111 005a 1B68     		ldr	r3, [r3]
ARM GAS  /tmp/ccofOfwh.s 			page 3


 112 005c 0593     		str	r3, [sp, #20]
 113              		.loc 1 86 0
 114 005e 07E0     		b	.L7
 115              	.L8:
 116              		.loc 1 87 0
 117 0060 059B     		ldr	r3, [sp, #20]
 118 0062 9B68     		ldr	r3, [r3, #8]
 119 0064 029A     		ldr	r2, [sp, #8]
 120 0066 D31A     		subs	r3, r2, r3
 121 0068 0293     		str	r3, [sp, #8]
 122              		.loc 1 88 0
 123 006a 059B     		ldr	r3, [sp, #20]
 124 006c 1B68     		ldr	r3, [r3]
 125 006e 0593     		str	r3, [sp, #20]
 126              	.L7:
 127              		.loc 1 86 0
 128 0070 059B     		ldr	r3, [sp, #20]
 129 0072 9A68     		ldr	r2, [r3, #8]
 130 0074 029B     		ldr	r3, [sp, #8]
 131 0076 9A42     		cmp	r2, r3
 132 0078 F2D3     		bcc	.L8
 133              		.loc 1 91 0
 134 007a 039B     		ldr	r3, [sp, #12]
 135 007c 059A     		ldr	r2, [sp, #20]
 136 007e 1A60     		str	r2, [r3]
 137 0080 039B     		ldr	r3, [sp, #12]
 138 0082 1B68     		ldr	r3, [r3]
 139 0084 5A68     		ldr	r2, [r3, #4]
 140 0086 039B     		ldr	r3, [sp, #12]
 141 0088 5A60     		str	r2, [r3, #4]
 142              		.loc 1 92 0
 143 008a 039B     		ldr	r3, [sp, #12]
 144 008c 5B68     		ldr	r3, [r3, #4]
 145 008e 059A     		ldr	r2, [sp, #20]
 146 0090 0399     		ldr	r1, [sp, #12]
 147 0092 5160     		str	r1, [r2, #4]
 148 0094 059A     		ldr	r2, [sp, #20]
 149 0096 5268     		ldr	r2, [r2, #4]
 150 0098 1A60     		str	r2, [r3]
 151              		.loc 1 93 0
 152 009a 039B     		ldr	r3, [sp, #12]
 153 009c 029A     		ldr	r2, [sp, #8]
 154 009e 9A60     		str	r2, [r3, #8]
 155              		.loc 1 94 0
 156 00a0 059B     		ldr	r3, [sp, #20]
 157 00a2 074A     		ldr	r2, .L10+4
 158 00a4 9342     		cmp	r3, r2
 159 00a6 05D0     		beq	.L4
 160              		.loc 1 95 0
 161 00a8 059B     		ldr	r3, [sp, #20]
 162 00aa 9A68     		ldr	r2, [r3, #8]
 163 00ac 029B     		ldr	r3, [sp, #8]
 164 00ae D21A     		subs	r2, r2, r3
 165 00b0 059B     		ldr	r3, [sp, #20]
 166 00b2 9A60     		str	r2, [r3, #8]
 167              	.L4:
 168              		.loc 1 96 0
ARM GAS  /tmp/ccofOfwh.s 			page 4


 169 00b4 07B0     		add	sp, sp, #28
 170              		.cfi_def_cfa_offset 4
 171              		@ sp needed
 172 00b6 5DF804FB 		ldr	pc, [sp], #4
 173              	.L11:
 174 00ba 00BF     		.align	2
 175              	.L10:
 176 00bc 00000000 		.word	.LC0
 177 00c0 00000000 		.word	vtlist
 178              		.cfi_endproc
 179              	.LFE8:
 180              		.size	chVTSetI, .-chVTSetI
 181              		.section	.rodata
 182 000d 000000   		.align	2
 183              	.LC1:
 184 0010 22636856 		.ascii	"\"chVTResetI\"()\000"
 184      54526573 
 184      65744922 
 184      282900
 185 001f 00       		.align	2
 186              	.LC2:
 187 0020 63685654 		.ascii	"chVTResetI(), #1\000"
 187      52657365 
 187      74492829 
 187      2C202331 
 187      00
 188 0031 000000   		.text
 189              		.align	2
 190              		.global	chVTResetI
 191              		.thumb
 192              		.thumb_func
 193              		.type	chVTResetI, %function
 194              	chVTResetI:
 195              	.LFB9:
 196              		.loc 1 106 0
 197              		.cfi_startproc
 198              		@ args = 0, pretend = 0, frame = 8
 199              		@ frame_needed = 0, uses_anonymous_args = 0
 200 00c4 00B5     		push	{lr}
 201              		.cfi_def_cfa_offset 4
 202              		.cfi_offset 14, -4
 203 00c6 83B0     		sub	sp, sp, #12
 204              		.cfi_def_cfa_offset 16
 205 00c8 0190     		str	r0, [sp, #4]
 206              		.loc 1 108 0
 207 00ca FFF7FEFF 		bl	chDbgCheckClassI
 208              		.loc 1 109 0
 209 00ce 019B     		ldr	r3, [sp, #4]
 210 00d0 002B     		cmp	r3, #0
 211 00d2 02D1     		bne	.L13
 212              		.loc 1 109 0 is_stmt 0 discriminator 1
 213 00d4 1348     		ldr	r0, .L16
 214 00d6 FFF7FEFF 		bl	chDbgPanic
 215              	.L13:
 216              		.loc 1 110 0 is_stmt 1
 217 00da 019B     		ldr	r3, [sp, #4]
 218 00dc DB68     		ldr	r3, [r3, #12]
ARM GAS  /tmp/ccofOfwh.s 			page 5


 219 00de 002B     		cmp	r3, #0
 220 00e0 02D1     		bne	.L14
 221              		.loc 1 110 0 is_stmt 0 discriminator 1
 222 00e2 1148     		ldr	r0, .L16+4
 223 00e4 FFF7FEFF 		bl	chDbgPanic
 224              	.L14:
 225              		.loc 1 114 0 is_stmt 1
 226 00e8 019B     		ldr	r3, [sp, #4]
 227 00ea 1B68     		ldr	r3, [r3]
 228 00ec 0F4A     		ldr	r2, .L16+8
 229 00ee 9342     		cmp	r3, r2
 230 00f0 08D0     		beq	.L15
 231              		.loc 1 115 0
 232 00f2 019B     		ldr	r3, [sp, #4]
 233 00f4 1B68     		ldr	r3, [r3]
 234 00f6 019A     		ldr	r2, [sp, #4]
 235 00f8 1268     		ldr	r2, [r2]
 236 00fa 9168     		ldr	r1, [r2, #8]
 237 00fc 019A     		ldr	r2, [sp, #4]
 238 00fe 9268     		ldr	r2, [r2, #8]
 239 0100 0A44     		add	r2, r2, r1
 240 0102 9A60     		str	r2, [r3, #8]
 241              	.L15:
 242              		.loc 1 116 0
 243 0104 019B     		ldr	r3, [sp, #4]
 244 0106 5B68     		ldr	r3, [r3, #4]
 245 0108 019A     		ldr	r2, [sp, #4]
 246 010a 1268     		ldr	r2, [r2]
 247 010c 1A60     		str	r2, [r3]
 248              		.loc 1 117 0
 249 010e 019B     		ldr	r3, [sp, #4]
 250 0110 1B68     		ldr	r3, [r3]
 251 0112 019A     		ldr	r2, [sp, #4]
 252 0114 5268     		ldr	r2, [r2, #4]
 253 0116 5A60     		str	r2, [r3, #4]
 254              		.loc 1 118 0
 255 0118 019B     		ldr	r3, [sp, #4]
 256 011a 0022     		movs	r2, #0
 257 011c DA60     		str	r2, [r3, #12]
 258              		.loc 1 119 0
 259 011e 03B0     		add	sp, sp, #12
 260              		.cfi_def_cfa_offset 4
 261              		@ sp needed
 262 0120 5DF804FB 		ldr	pc, [sp], #4
 263              	.L17:
 264              		.align	2
 265              	.L16:
 266 0124 10000000 		.word	.LC1
 267 0128 20000000 		.word	.LC2
 268 012c 00000000 		.word	vtlist
 269              		.cfi_endproc
 270              	.LFE9:
 271              		.size	chVTResetI, .-chVTResetI
 272              	.Letext0:
 273              		.file 2 "/opt/R2P/tools/gcc-arm-none-eabi-4_9-2014q4/arm-none-eabi/include/machine/_default_types.
 274              		.file 3 "/opt/R2P/tools/gcc-arm-none-eabi-4_9-2014q4/arm-none-eabi/include/stdint.h"
 275              		.file 4 "/opt/R2P/core/ChibiOS_2.6.5/os/ports/GCC/ARMCMx/chtypes.h"
ARM GAS  /tmp/ccofOfwh.s 			page 6


 276              		.file 5 "/opt/R2P/core/ChibiOS_2.6.5/os/kernel/include/chvt.h"
 277              		.section	.debug_info,"",%progbits
 278              	.Ldebug_info0:
 279 0000 FB010000 		.4byte	0x1fb
 280 0004 0400     		.2byte	0x4
 281 0006 00000000 		.4byte	.Ldebug_abbrev0
 282 000a 04       		.byte	0x4
 283 000b 01       		.uleb128 0x1
 284 000c 5C000000 		.4byte	.LASF28
 285 0010 01       		.byte	0x1
 286 0011 73010000 		.4byte	.LASF29
 287 0015 00000000 		.4byte	.Ltext0
 288 0019 30010000 		.4byte	.Letext0-.Ltext0
 289 001d 00000000 		.4byte	.Ldebug_line0
 290 0021 02       		.uleb128 0x2
 291 0022 04       		.byte	0x4
 292 0023 05       		.byte	0x5
 293 0024 696E7400 		.ascii	"int\000"
 294 0028 03       		.uleb128 0x3
 295 0029 04       		.byte	0x4
 296 002a 07       		.byte	0x7
 297 002b 05010000 		.4byte	.LASF0
 298 002f 03       		.uleb128 0x3
 299 0030 01       		.byte	0x1
 300 0031 06       		.byte	0x6
 301 0032 CF010000 		.4byte	.LASF1
 302 0036 03       		.uleb128 0x3
 303 0037 01       		.byte	0x1
 304 0038 08       		.byte	0x8
 305 0039 4E000000 		.4byte	.LASF2
 306 003d 03       		.uleb128 0x3
 307 003e 02       		.byte	0x2
 308 003f 05       		.byte	0x5
 309 0040 AB010000 		.4byte	.LASF3
 310 0044 03       		.uleb128 0x3
 311 0045 02       		.byte	0x2
 312 0046 07       		.byte	0x7
 313 0047 2E000000 		.4byte	.LASF4
 314 004b 03       		.uleb128 0x3
 315 004c 04       		.byte	0x4
 316 004d 05       		.byte	0x5
 317 004e C6010000 		.4byte	.LASF5
 318 0052 04       		.uleb128 0x4
 319 0053 FA000000 		.4byte	.LASF9
 320 0057 02       		.byte	0x2
 321 0058 41       		.byte	0x41
 322 0059 5D000000 		.4byte	0x5d
 323 005d 03       		.uleb128 0x3
 324 005e 04       		.byte	0x4
 325 005f 07       		.byte	0x7
 326 0060 1C000000 		.4byte	.LASF6
 327 0064 03       		.uleb128 0x3
 328 0065 08       		.byte	0x8
 329 0066 05       		.byte	0x5
 330 0067 51010000 		.4byte	.LASF7
 331 006b 03       		.uleb128 0x3
 332 006c 08       		.byte	0x8
ARM GAS  /tmp/ccofOfwh.s 			page 7


 333 006d 07       		.byte	0x7
 334 006e 12010000 		.4byte	.LASF8
 335 0072 04       		.uleb128 0x4
 336 0073 BD010000 		.4byte	.LASF10
 337 0077 03       		.byte	0x3
 338 0078 2D       		.byte	0x2d
 339 0079 52000000 		.4byte	0x52
 340 007d 03       		.uleb128 0x3
 341 007e 01       		.byte	0x1
 342 007f 02       		.byte	0x2
 343 0080 F5010000 		.4byte	.LASF11
 344 0084 04       		.uleb128 0x4
 345 0085 09000000 		.4byte	.LASF12
 346 0089 04       		.byte	0x4
 347 008a 35       		.byte	0x35
 348 008b 72000000 		.4byte	0x72
 349 008f 05       		.uleb128 0x5
 350 0090 04       		.byte	0x4
 351 0091 03       		.uleb128 0x3
 352 0092 04       		.byte	0x4
 353 0093 07       		.byte	0x7
 354 0094 3D010000 		.4byte	.LASF13
 355 0098 04       		.uleb128 0x4
 356 0099 13000000 		.4byte	.LASF14
 357 009d 05       		.byte	0x5
 358 009e 58       		.byte	0x58
 359 009f A3000000 		.4byte	0xa3
 360 00a3 06       		.uleb128 0x6
 361 00a4 04       		.byte	0x4
 362 00a5 A9000000 		.4byte	0xa9
 363 00a9 07       		.uleb128 0x7
 364 00aa B4000000 		.4byte	0xb4
 365 00ae 08       		.uleb128 0x8
 366 00af 8F000000 		.4byte	0x8f
 367 00b3 00       		.byte	0
 368 00b4 04       		.uleb128 0x4
 369 00b5 41000000 		.4byte	.LASF15
 370 00b9 05       		.byte	0x5
 371 00ba 5D       		.byte	0x5d
 372 00bb BF000000 		.4byte	0xbf
 373 00bf 09       		.uleb128 0x9
 374 00c0 41000000 		.4byte	.LASF15
 375 00c4 14       		.byte	0x14
 376 00c5 05       		.byte	0x5
 377 00c6 64       		.byte	0x64
 378 00c7 08010000 		.4byte	0x108
 379 00cb 0A       		.uleb128 0xa
 380 00cc E2010000 		.4byte	.LASF16
 381 00d0 05       		.byte	0x5
 382 00d1 65       		.byte	0x65
 383 00d2 08010000 		.4byte	0x108
 384 00d6 00       		.byte	0
 385 00d7 0A       		.uleb128 0xa
 386 00d8 B5010000 		.4byte	.LASF17
 387 00dc 05       		.byte	0x5
 388 00dd 67       		.byte	0x67
 389 00de 08010000 		.4byte	0x108
ARM GAS  /tmp/ccofOfwh.s 			page 8


 390 00e2 04       		.byte	0x4
 391 00e3 0A       		.uleb128 0xa
 392 00e4 35010000 		.4byte	.LASF18
 393 00e8 05       		.byte	0x5
 394 00e9 69       		.byte	0x69
 395 00ea 84000000 		.4byte	0x84
 396 00ee 08       		.byte	0x8
 397 00ef 0A       		.uleb128 0xa
 398 00f0 5F010000 		.4byte	.LASF19
 399 00f4 05       		.byte	0x5
 400 00f5 6A       		.byte	0x6a
 401 00f6 98000000 		.4byte	0x98
 402 00fa 0C       		.byte	0xc
 403 00fb 0A       		.uleb128 0xa
 404 00fc A4010000 		.4byte	.LASF20
 405 0100 05       		.byte	0x5
 406 0101 6C       		.byte	0x6c
 407 0102 8F000000 		.4byte	0x8f
 408 0106 10       		.byte	0x10
 409 0107 00       		.byte	0
 410 0108 06       		.uleb128 0x6
 411 0109 04       		.byte	0x4
 412 010a B4000000 		.4byte	0xb4
 413 010e 0B       		.uleb128 0xb
 414 010f 10       		.byte	0x10
 415 0110 05       		.byte	0x5
 416 0111 76       		.byte	0x76
 417 0112 47010000 		.4byte	0x147
 418 0116 0A       		.uleb128 0xa
 419 0117 E2010000 		.4byte	.LASF16
 420 011b 05       		.byte	0x5
 421 011c 77       		.byte	0x77
 422 011d 08010000 		.4byte	0x108
 423 0121 00       		.byte	0
 424 0122 0A       		.uleb128 0xa
 425 0123 B5010000 		.4byte	.LASF17
 426 0127 05       		.byte	0x5
 427 0128 79       		.byte	0x79
 428 0129 08010000 		.4byte	0x108
 429 012d 04       		.byte	0x4
 430 012e 0A       		.uleb128 0xa
 431 012f 35010000 		.4byte	.LASF18
 432 0133 05       		.byte	0x5
 433 0134 7B       		.byte	0x7b
 434 0135 84000000 		.4byte	0x84
 435 0139 08       		.byte	0x8
 436 013a 0A       		.uleb128 0xa
 437 013b 46010000 		.4byte	.LASF21
 438 013f 05       		.byte	0x5
 439 0140 7C       		.byte	0x7c
 440 0141 47010000 		.4byte	0x147
 441 0145 0C       		.byte	0xc
 442 0146 00       		.byte	0
 443 0147 0C       		.uleb128 0xc
 444 0148 84000000 		.4byte	0x84
 445 014c 04       		.uleb128 0x4
 446 014d DB010000 		.4byte	.LASF22
ARM GAS  /tmp/ccofOfwh.s 			page 9


 447 0151 05       		.byte	0x5
 448 0152 7D       		.byte	0x7d
 449 0153 0E010000 		.4byte	0x10e
 450 0157 03       		.uleb128 0x3
 451 0158 01       		.byte	0x1
 452 0159 08       		.byte	0x8
 453 015a 6E010000 		.4byte	.LASF23
 454 015e 0D       		.uleb128 0xd
 455 015f F1000000 		.4byte	.LASF30
 456 0163 01       		.byte	0x1
 457 0164 32       		.byte	0x32
 458 0165 00000000 		.4byte	.LFB7
 459 0169 24000000 		.4byte	.LFE7-.LFB7
 460 016d 01       		.uleb128 0x1
 461 016e 9C       		.byte	0x9c
 462 016f 0E       		.uleb128 0xe
 463 0170 00000000 		.4byte	.LASF26
 464 0174 01       		.byte	0x1
 465 0175 4C       		.byte	0x4c
 466 0176 24000000 		.4byte	.LFB8
 467 017a A0000000 		.4byte	.LFE8-.LFB8
 468 017e 01       		.uleb128 0x1
 469 017f 9C       		.byte	0x9c
 470 0180 C9010000 		.4byte	0x1c9
 471 0184 0F       		.uleb128 0xf
 472 0185 76747000 		.ascii	"vtp\000"
 473 0189 01       		.byte	0x1
 474 018a 4C       		.byte	0x4c
 475 018b 08010000 		.4byte	0x108
 476 018f 02       		.uleb128 0x2
 477 0190 91       		.byte	0x91
 478 0191 6C       		.sleb128 -20
 479 0192 10       		.uleb128 0x10
 480 0193 30010000 		.4byte	.LASF24
 481 0197 01       		.byte	0x1
 482 0198 4C       		.byte	0x4c
 483 0199 84000000 		.4byte	0x84
 484 019d 02       		.uleb128 0x2
 485 019e 91       		.byte	0x91
 486 019f 68       		.sleb128 -24
 487 01a0 10       		.uleb128 0x10
 488 01a1 67010000 		.4byte	.LASF25
 489 01a5 01       		.byte	0x1
 490 01a6 4C       		.byte	0x4c
 491 01a7 98000000 		.4byte	0x98
 492 01ab 02       		.uleb128 0x2
 493 01ac 91       		.byte	0x91
 494 01ad 64       		.sleb128 -28
 495 01ae 0F       		.uleb128 0xf
 496 01af 70617200 		.ascii	"par\000"
 497 01b3 01       		.byte	0x1
 498 01b4 4C       		.byte	0x4c
 499 01b5 8F000000 		.4byte	0x8f
 500 01b9 02       		.uleb128 0x2
 501 01ba 91       		.byte	0x91
 502 01bb 60       		.sleb128 -32
 503 01bc 11       		.uleb128 0x11
ARM GAS  /tmp/ccofOfwh.s 			page 10


 504 01bd 7000     		.ascii	"p\000"
 505 01bf 01       		.byte	0x1
 506 01c0 4D       		.byte	0x4d
 507 01c1 08010000 		.4byte	0x108
 508 01c5 02       		.uleb128 0x2
 509 01c6 91       		.byte	0x91
 510 01c7 74       		.sleb128 -12
 511 01c8 00       		.byte	0
 512 01c9 0E       		.uleb128 0xe
 513 01ca EA010000 		.4byte	.LASF27
 514 01ce 01       		.byte	0x1
 515 01cf 6A       		.byte	0x6a
 516 01d0 C4000000 		.4byte	.LFB9
 517 01d4 6C000000 		.4byte	.LFE9-.LFB9
 518 01d8 01       		.uleb128 0x1
 519 01d9 9C       		.byte	0x9c
 520 01da ED010000 		.4byte	0x1ed
 521 01de 0F       		.uleb128 0xf
 522 01df 76747000 		.ascii	"vtp\000"
 523 01e3 01       		.byte	0x1
 524 01e4 6A       		.byte	0x6a
 525 01e5 08010000 		.4byte	0x108
 526 01e9 02       		.uleb128 0x2
 527 01ea 91       		.byte	0x91
 528 01eb 74       		.sleb128 -12
 529 01ec 00       		.byte	0
 530 01ed 12       		.uleb128 0x12
 531 01ee 29010000 		.4byte	.LASF31
 532 01f2 01       		.byte	0x1
 533 01f3 2A       		.byte	0x2a
 534 01f4 4C010000 		.4byte	0x14c
 535 01f8 05       		.uleb128 0x5
 536 01f9 03       		.byte	0x3
 537 01fa 00000000 		.4byte	vtlist
 538 01fe 00       		.byte	0
 539              		.section	.debug_abbrev,"",%progbits
 540              	.Ldebug_abbrev0:
 541 0000 01       		.uleb128 0x1
 542 0001 11       		.uleb128 0x11
 543 0002 01       		.byte	0x1
 544 0003 25       		.uleb128 0x25
 545 0004 0E       		.uleb128 0xe
 546 0005 13       		.uleb128 0x13
 547 0006 0B       		.uleb128 0xb
 548 0007 03       		.uleb128 0x3
 549 0008 0E       		.uleb128 0xe
 550 0009 11       		.uleb128 0x11
 551 000a 01       		.uleb128 0x1
 552 000b 12       		.uleb128 0x12
 553 000c 06       		.uleb128 0x6
 554 000d 10       		.uleb128 0x10
 555 000e 17       		.uleb128 0x17
 556 000f 00       		.byte	0
 557 0010 00       		.byte	0
 558 0011 02       		.uleb128 0x2
 559 0012 24       		.uleb128 0x24
 560 0013 00       		.byte	0
ARM GAS  /tmp/ccofOfwh.s 			page 11


 561 0014 0B       		.uleb128 0xb
 562 0015 0B       		.uleb128 0xb
 563 0016 3E       		.uleb128 0x3e
 564 0017 0B       		.uleb128 0xb
 565 0018 03       		.uleb128 0x3
 566 0019 08       		.uleb128 0x8
 567 001a 00       		.byte	0
 568 001b 00       		.byte	0
 569 001c 03       		.uleb128 0x3
 570 001d 24       		.uleb128 0x24
 571 001e 00       		.byte	0
 572 001f 0B       		.uleb128 0xb
 573 0020 0B       		.uleb128 0xb
 574 0021 3E       		.uleb128 0x3e
 575 0022 0B       		.uleb128 0xb
 576 0023 03       		.uleb128 0x3
 577 0024 0E       		.uleb128 0xe
 578 0025 00       		.byte	0
 579 0026 00       		.byte	0
 580 0027 04       		.uleb128 0x4
 581 0028 16       		.uleb128 0x16
 582 0029 00       		.byte	0
 583 002a 03       		.uleb128 0x3
 584 002b 0E       		.uleb128 0xe
 585 002c 3A       		.uleb128 0x3a
 586 002d 0B       		.uleb128 0xb
 587 002e 3B       		.uleb128 0x3b
 588 002f 0B       		.uleb128 0xb
 589 0030 49       		.uleb128 0x49
 590 0031 13       		.uleb128 0x13
 591 0032 00       		.byte	0
 592 0033 00       		.byte	0
 593 0034 05       		.uleb128 0x5
 594 0035 0F       		.uleb128 0xf
 595 0036 00       		.byte	0
 596 0037 0B       		.uleb128 0xb
 597 0038 0B       		.uleb128 0xb
 598 0039 00       		.byte	0
 599 003a 00       		.byte	0
 600 003b 06       		.uleb128 0x6
 601 003c 0F       		.uleb128 0xf
 602 003d 00       		.byte	0
 603 003e 0B       		.uleb128 0xb
 604 003f 0B       		.uleb128 0xb
 605 0040 49       		.uleb128 0x49
 606 0041 13       		.uleb128 0x13
 607 0042 00       		.byte	0
 608 0043 00       		.byte	0
 609 0044 07       		.uleb128 0x7
 610 0045 15       		.uleb128 0x15
 611 0046 01       		.byte	0x1
 612 0047 27       		.uleb128 0x27
 613 0048 19       		.uleb128 0x19
 614 0049 01       		.uleb128 0x1
 615 004a 13       		.uleb128 0x13
 616 004b 00       		.byte	0
 617 004c 00       		.byte	0
ARM GAS  /tmp/ccofOfwh.s 			page 12


 618 004d 08       		.uleb128 0x8
 619 004e 05       		.uleb128 0x5
 620 004f 00       		.byte	0
 621 0050 49       		.uleb128 0x49
 622 0051 13       		.uleb128 0x13
 623 0052 00       		.byte	0
 624 0053 00       		.byte	0
 625 0054 09       		.uleb128 0x9
 626 0055 13       		.uleb128 0x13
 627 0056 01       		.byte	0x1
 628 0057 03       		.uleb128 0x3
 629 0058 0E       		.uleb128 0xe
 630 0059 0B       		.uleb128 0xb
 631 005a 0B       		.uleb128 0xb
 632 005b 3A       		.uleb128 0x3a
 633 005c 0B       		.uleb128 0xb
 634 005d 3B       		.uleb128 0x3b
 635 005e 0B       		.uleb128 0xb
 636 005f 01       		.uleb128 0x1
 637 0060 13       		.uleb128 0x13
 638 0061 00       		.byte	0
 639 0062 00       		.byte	0
 640 0063 0A       		.uleb128 0xa
 641 0064 0D       		.uleb128 0xd
 642 0065 00       		.byte	0
 643 0066 03       		.uleb128 0x3
 644 0067 0E       		.uleb128 0xe
 645 0068 3A       		.uleb128 0x3a
 646 0069 0B       		.uleb128 0xb
 647 006a 3B       		.uleb128 0x3b
 648 006b 0B       		.uleb128 0xb
 649 006c 49       		.uleb128 0x49
 650 006d 13       		.uleb128 0x13
 651 006e 38       		.uleb128 0x38
 652 006f 0B       		.uleb128 0xb
 653 0070 00       		.byte	0
 654 0071 00       		.byte	0
 655 0072 0B       		.uleb128 0xb
 656 0073 13       		.uleb128 0x13
 657 0074 01       		.byte	0x1
 658 0075 0B       		.uleb128 0xb
 659 0076 0B       		.uleb128 0xb
 660 0077 3A       		.uleb128 0x3a
 661 0078 0B       		.uleb128 0xb
 662 0079 3B       		.uleb128 0x3b
 663 007a 0B       		.uleb128 0xb
 664 007b 01       		.uleb128 0x1
 665 007c 13       		.uleb128 0x13
 666 007d 00       		.byte	0
 667 007e 00       		.byte	0
 668 007f 0C       		.uleb128 0xc
 669 0080 35       		.uleb128 0x35
 670 0081 00       		.byte	0
 671 0082 49       		.uleb128 0x49
 672 0083 13       		.uleb128 0x13
 673 0084 00       		.byte	0
 674 0085 00       		.byte	0
ARM GAS  /tmp/ccofOfwh.s 			page 13


 675 0086 0D       		.uleb128 0xd
 676 0087 2E       		.uleb128 0x2e
 677 0088 00       		.byte	0
 678 0089 3F       		.uleb128 0x3f
 679 008a 19       		.uleb128 0x19
 680 008b 03       		.uleb128 0x3
 681 008c 0E       		.uleb128 0xe
 682 008d 3A       		.uleb128 0x3a
 683 008e 0B       		.uleb128 0xb
 684 008f 3B       		.uleb128 0x3b
 685 0090 0B       		.uleb128 0xb
 686 0091 27       		.uleb128 0x27
 687 0092 19       		.uleb128 0x19
 688 0093 11       		.uleb128 0x11
 689 0094 01       		.uleb128 0x1
 690 0095 12       		.uleb128 0x12
 691 0096 06       		.uleb128 0x6
 692 0097 40       		.uleb128 0x40
 693 0098 18       		.uleb128 0x18
 694 0099 9742     		.uleb128 0x2117
 695 009b 19       		.uleb128 0x19
 696 009c 00       		.byte	0
 697 009d 00       		.byte	0
 698 009e 0E       		.uleb128 0xe
 699 009f 2E       		.uleb128 0x2e
 700 00a0 01       		.byte	0x1
 701 00a1 3F       		.uleb128 0x3f
 702 00a2 19       		.uleb128 0x19
 703 00a3 03       		.uleb128 0x3
 704 00a4 0E       		.uleb128 0xe
 705 00a5 3A       		.uleb128 0x3a
 706 00a6 0B       		.uleb128 0xb
 707 00a7 3B       		.uleb128 0x3b
 708 00a8 0B       		.uleb128 0xb
 709 00a9 27       		.uleb128 0x27
 710 00aa 19       		.uleb128 0x19
 711 00ab 11       		.uleb128 0x11
 712 00ac 01       		.uleb128 0x1
 713 00ad 12       		.uleb128 0x12
 714 00ae 06       		.uleb128 0x6
 715 00af 40       		.uleb128 0x40
 716 00b0 18       		.uleb128 0x18
 717 00b1 9642     		.uleb128 0x2116
 718 00b3 19       		.uleb128 0x19
 719 00b4 01       		.uleb128 0x1
 720 00b5 13       		.uleb128 0x13
 721 00b6 00       		.byte	0
 722 00b7 00       		.byte	0
 723 00b8 0F       		.uleb128 0xf
 724 00b9 05       		.uleb128 0x5
 725 00ba 00       		.byte	0
 726 00bb 03       		.uleb128 0x3
 727 00bc 08       		.uleb128 0x8
 728 00bd 3A       		.uleb128 0x3a
 729 00be 0B       		.uleb128 0xb
 730 00bf 3B       		.uleb128 0x3b
 731 00c0 0B       		.uleb128 0xb
ARM GAS  /tmp/ccofOfwh.s 			page 14


 732 00c1 49       		.uleb128 0x49
 733 00c2 13       		.uleb128 0x13
 734 00c3 02       		.uleb128 0x2
 735 00c4 18       		.uleb128 0x18
 736 00c5 00       		.byte	0
 737 00c6 00       		.byte	0
 738 00c7 10       		.uleb128 0x10
 739 00c8 05       		.uleb128 0x5
 740 00c9 00       		.byte	0
 741 00ca 03       		.uleb128 0x3
 742 00cb 0E       		.uleb128 0xe
 743 00cc 3A       		.uleb128 0x3a
 744 00cd 0B       		.uleb128 0xb
 745 00ce 3B       		.uleb128 0x3b
 746 00cf 0B       		.uleb128 0xb
 747 00d0 49       		.uleb128 0x49
 748 00d1 13       		.uleb128 0x13
 749 00d2 02       		.uleb128 0x2
 750 00d3 18       		.uleb128 0x18
 751 00d4 00       		.byte	0
 752 00d5 00       		.byte	0
 753 00d6 11       		.uleb128 0x11
 754 00d7 34       		.uleb128 0x34
 755 00d8 00       		.byte	0
 756 00d9 03       		.uleb128 0x3
 757 00da 08       		.uleb128 0x8
 758 00db 3A       		.uleb128 0x3a
 759 00dc 0B       		.uleb128 0xb
 760 00dd 3B       		.uleb128 0x3b
 761 00de 0B       		.uleb128 0xb
 762 00df 49       		.uleb128 0x49
 763 00e0 13       		.uleb128 0x13
 764 00e1 02       		.uleb128 0x2
 765 00e2 18       		.uleb128 0x18
 766 00e3 00       		.byte	0
 767 00e4 00       		.byte	0
 768 00e5 12       		.uleb128 0x12
 769 00e6 34       		.uleb128 0x34
 770 00e7 00       		.byte	0
 771 00e8 03       		.uleb128 0x3
 772 00e9 0E       		.uleb128 0xe
 773 00ea 3A       		.uleb128 0x3a
 774 00eb 0B       		.uleb128 0xb
 775 00ec 3B       		.uleb128 0x3b
 776 00ed 0B       		.uleb128 0xb
 777 00ee 49       		.uleb128 0x49
 778 00ef 13       		.uleb128 0x13
 779 00f0 3F       		.uleb128 0x3f
 780 00f1 19       		.uleb128 0x19
 781 00f2 02       		.uleb128 0x2
 782 00f3 18       		.uleb128 0x18
 783 00f4 00       		.byte	0
 784 00f5 00       		.byte	0
 785 00f6 00       		.byte	0
 786              		.section	.debug_aranges,"",%progbits
 787 0000 1C000000 		.4byte	0x1c
 788 0004 0200     		.2byte	0x2
ARM GAS  /tmp/ccofOfwh.s 			page 15


 789 0006 00000000 		.4byte	.Ldebug_info0
 790 000a 04       		.byte	0x4
 791 000b 00       		.byte	0
 792 000c 0000     		.2byte	0
 793 000e 0000     		.2byte	0
 794 0010 00000000 		.4byte	.Ltext0
 795 0014 30010000 		.4byte	.Letext0-.Ltext0
 796 0018 00000000 		.4byte	0
 797 001c 00000000 		.4byte	0
 798              		.section	.debug_line,"",%progbits
 799              	.Ldebug_line0:
 800 0000 BE010000 		.section	.debug_str,"MS",%progbits,1
 800      02006801 
 800      00000201 
 800      FB0E0D00 
 800      01010101 
 801              	.LASF26:
 802 0000 63685654 		.ascii	"chVTSetI\000"
 802      53657449 
 802      00
 803              	.LASF12:
 804 0009 73797374 		.ascii	"systime_t\000"
 804      696D655F 
 804      7400
 805              	.LASF14:
 806 0013 76746675 		.ascii	"vtfunc_t\000"
 806      6E635F74 
 806      00
 807              	.LASF6:
 808 001c 6C6F6E67 		.ascii	"long unsigned int\000"
 808      20756E73 
 808      69676E65 
 808      6420696E 
 808      7400
 809              	.LASF4:
 810 002e 73686F72 		.ascii	"short unsigned int\000"
 810      7420756E 
 810      7369676E 
 810      65642069 
 810      6E7400
 811              	.LASF15:
 812 0041 56697274 		.ascii	"VirtualTimer\000"
 812      75616C54 
 812      696D6572 
 812      00
 813              	.LASF2:
 814 004e 756E7369 		.ascii	"unsigned char\000"
 814      676E6564 
 814      20636861 
 814      7200
 815              	.LASF28:
 816 005c 474E5520 		.ascii	"GNU C 4.9.3 20141119 (release) [ARM/embedded-4_9-br"
 816      4320342E 
 816      392E3320 
 816      32303134 
 816      31313139 
 817 008f 616E6368 		.ascii	"anch revision 218278] -mcpu=cortex-m4 -mno-thumb-in"
ARM GAS  /tmp/ccofOfwh.s 			page 16


 817      20726576 
 817      6973696F 
 817      6E203231 
 817      38323738 
 818 00c2 74657277 		.ascii	"terwork -mthumb -ggdb -O0 -fomit-frame-pointer\000"
 818      6F726B20 
 818      2D6D7468 
 818      756D6220 
 818      2D676764 
 819              	.LASF30:
 820 00f1 5F76745F 		.ascii	"_vt_init\000"
 820      696E6974 
 820      00
 821              	.LASF9:
 822 00fa 5F5F7569 		.ascii	"__uint32_t\000"
 822      6E743332 
 822      5F7400
 823              	.LASF0:
 824 0105 756E7369 		.ascii	"unsigned int\000"
 824      676E6564 
 824      20696E74 
 824      00
 825              	.LASF8:
 826 0112 6C6F6E67 		.ascii	"long long unsigned int\000"
 826      206C6F6E 
 826      6720756E 
 826      7369676E 
 826      65642069 
 827              	.LASF31:
 828 0129 76746C69 		.ascii	"vtlist\000"
 828      737400
 829              	.LASF24:
 830 0130 74696D65 		.ascii	"time\000"
 830      00
 831              	.LASF18:
 832 0135 76745F74 		.ascii	"vt_time\000"
 832      696D6500 
 833              	.LASF13:
 834 013d 73697A65 		.ascii	"sizetype\000"
 834      74797065 
 834      00
 835              	.LASF21:
 836 0146 76745F73 		.ascii	"vt_systime\000"
 836      79737469 
 836      6D6500
 837              	.LASF7:
 838 0151 6C6F6E67 		.ascii	"long long int\000"
 838      206C6F6E 
 838      6720696E 
 838      7400
 839              	.LASF19:
 840 015f 76745F66 		.ascii	"vt_func\000"
 840      756E6300 
 841              	.LASF25:
 842 0167 76746675 		.ascii	"vtfunc\000"
 842      6E6300
 843              	.LASF23:
ARM GAS  /tmp/ccofOfwh.s 			page 17


 844 016e 63686172 		.ascii	"char\000"
 844      00
 845              	.LASF29:
 846 0173 2F6F7074 		.ascii	"/opt/R2P/core/ChibiOS_2.6.5/os/kernel/src/chvt.c\000"
 846      2F523250 
 846      2F636F72 
 846      652F4368 
 846      6962694F 
 847              	.LASF20:
 848 01a4 76745F70 		.ascii	"vt_par\000"
 848      617200
 849              	.LASF3:
 850 01ab 73686F72 		.ascii	"short int\000"
 850      7420696E 
 850      7400
 851              	.LASF17:
 852 01b5 76745F70 		.ascii	"vt_prev\000"
 852      72657600 
 853              	.LASF10:
 854 01bd 75696E74 		.ascii	"uint32_t\000"
 854      33325F74 
 854      00
 855              	.LASF5:
 856 01c6 6C6F6E67 		.ascii	"long int\000"
 856      20696E74 
 856      00
 857              	.LASF1:
 858 01cf 7369676E 		.ascii	"signed char\000"
 858      65642063 
 858      68617200 
 859              	.LASF22:
 860 01db 56544C69 		.ascii	"VTList\000"
 860      737400
 861              	.LASF16:
 862 01e2 76745F6E 		.ascii	"vt_next\000"
 862      65787400 
 863              	.LASF27:
 864 01ea 63685654 		.ascii	"chVTResetI\000"
 864      52657365 
 864      744900
 865              	.LASF11:
 866 01f5 5F426F6F 		.ascii	"_Bool\000"
 866      6C00
 867              		.ident	"GCC: (GNU Tools for ARM Embedded Processors) 4.9.3 20141119 (release) [ARM/embedded-4_9-br
ARM GAS  /tmp/ccofOfwh.s 			page 18


DEFINED SYMBOLS
                            *ABS*:00000000 chvt.c
                            *COM*:00000010 vtlist
     /tmp/ccofOfwh.s:19     .text:00000000 $t
     /tmp/ccofOfwh.s:24     .text:00000000 _vt_init
     /tmp/ccofOfwh.s:53     .text:00000020 $d
     /tmp/ccofOfwh.s:58     .rodata:00000000 $d
     /tmp/ccofOfwh.s:62     .text:00000024 $t
     /tmp/ccofOfwh.s:67     .text:00000024 chVTSetI
     /tmp/ccofOfwh.s:176    .text:000000bc $d
     /tmp/ccofOfwh.s:189    .text:000000c4 $t
     /tmp/ccofOfwh.s:194    .text:000000c4 chVTResetI
     /tmp/ccofOfwh.s:266    .text:00000124 $d
                     .debug_frame:00000010 $d

UNDEFINED SYMBOLS
chDbgCheckClassI
chDbgPanic
