ARM GAS  /tmp/ccSB7uMe.s 			page 1


   1              		.syntax unified
   2              		.cpu cortex-m4
   3              		.fpu softvfp
   4              		.eabi_attribute 20, 1
   5              		.eabi_attribute 21, 1
   6              		.eabi_attribute 23, 3
   7              		.eabi_attribute 24, 1
   8              		.eabi_attribute 25, 1
   9              		.eabi_attribute 26, 1
  10              		.eabi_attribute 30, 6
  11              		.eabi_attribute 34, 1
  12              		.eabi_attribute 18, 4
  13              		.thumb
  14              		.file	"evtimer.c"
  15              		.text
  16              	.Ltext0:
  17              		.cfi_sections	.debug_frame
  18              		.align	2
  19              		.thumb
  20              		.thumb_func
  21              		.type	tmrcb, %function
  22              	tmrcb:
  23              	.LFB7:
  24              		.file 1 "/opt/R2P/core/ChibiOS_2.6.5/os/various/evtimer.c"
  25              		.loc 1 28 0
  26              		.cfi_startproc
  27              		@ args = 0, pretend = 0, frame = 16
  28              		@ frame_needed = 0, uses_anonymous_args = 0
  29 0000 00B5     		push	{lr}
  30              		.cfi_def_cfa_offset 4
  31              		.cfi_offset 14, -4
  32 0002 85B0     		sub	sp, sp, #20
  33              		.cfi_def_cfa_offset 24
  34 0004 0190     		str	r0, [sp, #4]
  35              		.loc 1 29 0
  36 0006 019B     		ldr	r3, [sp, #4]
  37 0008 0393     		str	r3, [sp, #12]
  38              	.LBB2:
  39              		.loc 1 31 0
  40 000a 2023     		movs	r3, #32
  41              	@ 31 "/opt/R2P/core/ChibiOS_2.6.5/os/various/evtimer.c" 1
  42 000c 83F31188 		msr     BASEPRI, r3
  43              	@ 0 "" 2
  44              		.thumb
  45              	.LBE2:
  46 0010 FFF7FEFF 		bl	dbg_check_lock_from_isr
  47              		.loc 1 32 0
  48 0014 039B     		ldr	r3, [sp, #12]
  49 0016 1433     		adds	r3, r3, #20
  50 0018 1846     		mov	r0, r3
  51 001a 0021     		movs	r1, #0
  52 001c FFF7FEFF 		bl	chEvtBroadcastFlagsI
  53              		.loc 1 33 0
  54 0020 039A     		ldr	r2, [sp, #12]
  55 0022 039B     		ldr	r3, [sp, #12]
  56 0024 9B69     		ldr	r3, [r3, #24]
  57 0026 1046     		mov	r0, r2
ARM GAS  /tmp/ccSB7uMe.s 			page 2


  58 0028 1946     		mov	r1, r3
  59 002a 064A     		ldr	r2, .L2
  60 002c 039B     		ldr	r3, [sp, #12]
  61 002e FFF7FEFF 		bl	chVTSetI
  62              		.loc 1 34 0
  63 0032 FFF7FEFF 		bl	dbg_check_unlock_from_isr
  64              	.LBB3:
  65 0036 0023     		movs	r3, #0
  66              	@ 34 "/opt/R2P/core/ChibiOS_2.6.5/os/various/evtimer.c" 1
  67 0038 83F31188 		msr     BASEPRI, r3
  68              	@ 0 "" 2
  69              		.thumb
  70              	.LBE3:
  71              		.loc 1 35 0
  72 003c 05B0     		add	sp, sp, #20
  73              		.cfi_def_cfa_offset 4
  74              		@ sp needed
  75 003e 5DF804FB 		ldr	pc, [sp], #4
  76              	.L3:
  77 0042 00BF     		.align	2
  78              	.L2:
  79 0044 00000000 		.word	tmrcb
  80              		.cfi_endproc
  81              	.LFE7:
  82              		.size	tmrcb, .-tmrcb
  83              		.align	2
  84              		.global	evtStart
  85              		.thumb
  86              		.thumb_func
  87              		.type	evtStart, %function
  88              	evtStart:
  89              	.LFB8:
  90              		.loc 1 43 0
  91              		.cfi_startproc
  92              		@ args = 0, pretend = 0, frame = 8
  93              		@ frame_needed = 0, uses_anonymous_args = 0
  94 0048 00B5     		push	{lr}
  95              		.cfi_def_cfa_offset 4
  96              		.cfi_offset 14, -4
  97 004a 83B0     		sub	sp, sp, #12
  98              		.cfi_def_cfa_offset 16
  99 004c 0190     		str	r0, [sp, #4]
 100              	.LBB4:
 101              		.loc 1 45 0
 102 004e 2023     		movs	r3, #32
 103              	@ 45 "/opt/R2P/core/ChibiOS_2.6.5/os/various/evtimer.c" 1
 104 0050 83F31188 		msr     BASEPRI, r3
 105              	@ 0 "" 2
 106              		.thumb
 107              	.LBE4:
 108 0054 FFF7FEFF 		bl	dbg_check_lock
 109              		.loc 1 47 0
 110 0058 019B     		ldr	r3, [sp, #4]
 111 005a DB68     		ldr	r3, [r3, #12]
 112 005c 002B     		cmp	r3, #0
 113 005e 08D1     		bne	.L5
 114              		.loc 1 48 0
ARM GAS  /tmp/ccSB7uMe.s 			page 3


 115 0060 019A     		ldr	r2, [sp, #4]
 116 0062 019B     		ldr	r3, [sp, #4]
 117 0064 9B69     		ldr	r3, [r3, #24]
 118 0066 1046     		mov	r0, r2
 119 0068 1946     		mov	r1, r3
 120 006a 064A     		ldr	r2, .L6
 121 006c 019B     		ldr	r3, [sp, #4]
 122 006e FFF7FEFF 		bl	chVTSetI
 123              	.L5:
 124              		.loc 1 50 0
 125 0072 FFF7FEFF 		bl	dbg_check_unlock
 126              	.LBB5:
 127 0076 0023     		movs	r3, #0
 128              	@ 50 "/opt/R2P/core/ChibiOS_2.6.5/os/various/evtimer.c" 1
 129 0078 83F31188 		msr     BASEPRI, r3
 130              	@ 0 "" 2
 131              		.thumb
 132              	.LBE5:
 133              		.loc 1 51 0
 134 007c 03B0     		add	sp, sp, #12
 135              		.cfi_def_cfa_offset 4
 136              		@ sp needed
 137 007e 5DF804FB 		ldr	pc, [sp], #4
 138              	.L7:
 139 0082 00BF     		.align	2
 140              	.L6:
 141 0084 00000000 		.word	tmrcb
 142              		.cfi_endproc
 143              	.LFE8:
 144              		.size	evtStart, .-evtStart
 145              		.align	2
 146              		.global	evtStop
 147              		.thumb
 148              		.thumb_func
 149              		.type	evtStop, %function
 150              	evtStop:
 151              	.LFB9:
 152              		.loc 1 59 0
 153              		.cfi_startproc
 154              		@ args = 0, pretend = 0, frame = 8
 155              		@ frame_needed = 0, uses_anonymous_args = 0
 156 0088 00B5     		push	{lr}
 157              		.cfi_def_cfa_offset 4
 158              		.cfi_offset 14, -4
 159 008a 83B0     		sub	sp, sp, #12
 160              		.cfi_def_cfa_offset 16
 161 008c 0190     		str	r0, [sp, #4]
 162              	.LBB6:
 163              		.loc 1 61 0
 164 008e 2023     		movs	r3, #32
 165              	@ 61 "/opt/R2P/core/ChibiOS_2.6.5/os/various/evtimer.c" 1
 166 0090 83F31188 		msr     BASEPRI, r3
 167              	@ 0 "" 2
 168              		.thumb
 169              	.LBE6:
 170 0094 FFF7FEFF 		bl	dbg_check_lock
 171 0098 019B     		ldr	r3, [sp, #4]
ARM GAS  /tmp/ccSB7uMe.s 			page 4


 172 009a DB68     		ldr	r3, [r3, #12]
 173 009c 002B     		cmp	r3, #0
 174 009e 03D0     		beq	.L9
 175              		.loc 1 61 0 is_stmt 0 discriminator 1
 176 00a0 019B     		ldr	r3, [sp, #4]
 177 00a2 1846     		mov	r0, r3
 178 00a4 FFF7FEFF 		bl	chVTResetI
 179              	.L9:
 180              		.loc 1 61 0 discriminator 3
 181 00a8 FFF7FEFF 		bl	dbg_check_unlock
 182              	.LBB7:
 183 00ac 0023     		movs	r3, #0
 184              	@ 61 "/opt/R2P/core/ChibiOS_2.6.5/os/various/evtimer.c" 1
 185 00ae 83F31188 		msr     BASEPRI, r3
 186              	@ 0 "" 2
 187              		.thumb
 188              	.LBE7:
 189              		.loc 1 62 0 is_stmt 1 discriminator 3
 190 00b2 03B0     		add	sp, sp, #12
 191              		.cfi_def_cfa_offset 4
 192              		@ sp needed
 193 00b4 5DF804FB 		ldr	pc, [sp], #4
 194              		.cfi_endproc
 195              	.LFE9:
 196              		.size	evtStop, .-evtStop
 197              	.Letext0:
 198              		.file 2 "/opt/R2P/tools/gcc-arm-none-eabi-4_9-2014q4/arm-none-eabi/include/machine/_default_types.
 199              		.file 3 "/opt/R2P/tools/gcc-arm-none-eabi-4_9-2014q4/arm-none-eabi/include/stdint.h"
 200              		.file 4 "/opt/R2P/core/ChibiOS_2.6.5/os/ports/GCC/ARMCMx/chtypes.h"
 201              		.file 5 "/opt/R2P/core/ChibiOS_2.6.5/os/kernel/include/chlists.h"
 202              		.file 6 "/opt/R2P/core/ChibiOS_2.6.5/os/kernel/include/chthreads.h"
 203              		.file 7 "/opt/R2P/core/ChibiOS_2.6.5/os/ports/GCC/ARMCMx/chcore_v7m.h"
 204              		.file 8 "/opt/R2P/core/ChibiOS_2.6.5/os/kernel/include/chvt.h"
 205              		.file 9 "/opt/R2P/core/ChibiOS_2.6.5/os/kernel/include/chmtx.h"
 206              		.file 10 "/opt/R2P/core/ChibiOS_2.6.5/os/kernel/include/chevents.h"
 207              		.file 11 "/opt/R2P/core/ChibiOS_2.6.5/os/various/evtimer.h"
 208              		.section	.debug_info,"",%progbits
 209              	.Ldebug_info0:
 210 0000 FB050000 		.4byte	0x5fb
 211 0004 0400     		.2byte	0x4
 212 0006 00000000 		.4byte	.Ldebug_abbrev0
 213 000a 04       		.byte	0x4
 214 000b 01       		.uleb128 0x1
 215 000c 7F020000 		.4byte	.LASF80
 216 0010 01       		.byte	0x1
 217 0011 BB010000 		.4byte	.LASF81
 218 0015 00000000 		.4byte	.Ltext0
 219 0019 B8000000 		.4byte	.Letext0-.Ltext0
 220 001d 00000000 		.4byte	.Ldebug_line0
 221 0021 02       		.uleb128 0x2
 222 0022 04       		.byte	0x4
 223 0023 05       		.byte	0x5
 224 0024 696E7400 		.ascii	"int\000"
 225 0028 03       		.uleb128 0x3
 226 0029 04       		.byte	0x4
 227 002a 07       		.byte	0x7
 228 002b DB000000 		.4byte	.LASF0
ARM GAS  /tmp/ccSB7uMe.s 			page 5


 229 002f 03       		.uleb128 0x3
 230 0030 01       		.byte	0x1
 231 0031 06       		.byte	0x6
 232 0032 6A000000 		.4byte	.LASF1
 233 0036 04       		.uleb128 0x4
 234 0037 22000000 		.4byte	.LASF5
 235 003b 02       		.byte	0x2
 236 003c 1D       		.byte	0x1d
 237 003d 41000000 		.4byte	0x41
 238 0041 03       		.uleb128 0x3
 239 0042 01       		.byte	0x1
 240 0043 08       		.byte	0x8
 241 0044 02020000 		.4byte	.LASF2
 242 0048 03       		.uleb128 0x3
 243 0049 02       		.byte	0x2
 244 004a 05       		.byte	0x5
 245 004b 2F020000 		.4byte	.LASF3
 246 004f 03       		.uleb128 0x3
 247 0050 02       		.byte	0x2
 248 0051 07       		.byte	0x7
 249 0052 13010000 		.4byte	.LASF4
 250 0056 04       		.uleb128 0x4
 251 0057 3B030000 		.4byte	.LASF6
 252 005b 02       		.byte	0x2
 253 005c 3F       		.byte	0x3f
 254 005d 61000000 		.4byte	0x61
 255 0061 03       		.uleb128 0x3
 256 0062 04       		.byte	0x4
 257 0063 05       		.byte	0x5
 258 0064 8E000000 		.4byte	.LASF7
 259 0068 04       		.uleb128 0x4
 260 0069 A8000000 		.4byte	.LASF8
 261 006d 02       		.byte	0x2
 262 006e 41       		.byte	0x41
 263 006f 73000000 		.4byte	0x73
 264 0073 03       		.uleb128 0x3
 265 0074 04       		.byte	0x4
 266 0075 07       		.byte	0x7
 267 0076 F0000000 		.4byte	.LASF9
 268 007a 03       		.uleb128 0x3
 269 007b 08       		.byte	0x8
 270 007c 05       		.byte	0x5
 271 007d 5C000000 		.4byte	.LASF10
 272 0081 04       		.uleb128 0x4
 273 0082 A1010000 		.4byte	.LASF11
 274 0086 02       		.byte	0x2
 275 0087 5B       		.byte	0x5b
 276 0088 8C000000 		.4byte	0x8c
 277 008c 03       		.uleb128 0x3
 278 008d 08       		.byte	0x8
 279 008e 07       		.byte	0x7
 280 008f 2C000000 		.4byte	.LASF12
 281 0093 04       		.uleb128 0x4
 282 0094 80030000 		.4byte	.LASF13
 283 0098 03       		.byte	0x3
 284 0099 15       		.byte	0x15
 285 009a 36000000 		.4byte	0x36
ARM GAS  /tmp/ccSB7uMe.s 			page 6


 286 009e 04       		.uleb128 0x4
 287 009f FA010000 		.4byte	.LASF14
 288 00a3 03       		.byte	0x3
 289 00a4 2C       		.byte	0x2c
 290 00a5 56000000 		.4byte	0x56
 291 00a9 04       		.uleb128 0x4
 292 00aa 69020000 		.4byte	.LASF15
 293 00ae 03       		.byte	0x3
 294 00af 2D       		.byte	0x2d
 295 00b0 68000000 		.4byte	0x68
 296 00b4 04       		.uleb128 0x4
 297 00b5 19000000 		.4byte	.LASF16
 298 00b9 03       		.byte	0x3
 299 00ba 39       		.byte	0x39
 300 00bb 81000000 		.4byte	0x81
 301 00bf 03       		.uleb128 0x3
 302 00c0 01       		.byte	0x1
 303 00c1 02       		.byte	0x2
 304 00c2 F4010000 		.4byte	.LASF17
 305 00c6 04       		.uleb128 0x4
 306 00c7 34010000 		.4byte	.LASF18
 307 00cb 04       		.byte	0x4
 308 00cc 2C       		.byte	0x2c
 309 00cd 93000000 		.4byte	0x93
 310 00d1 04       		.uleb128 0x4
 311 00d2 97000000 		.4byte	.LASF19
 312 00d6 04       		.byte	0x4
 313 00d7 2D       		.byte	0x2d
 314 00d8 93000000 		.4byte	0x93
 315 00dc 04       		.uleb128 0x4
 316 00dd AC010000 		.4byte	.LASF20
 317 00e1 04       		.byte	0x4
 318 00e2 2E       		.byte	0x2e
 319 00e3 93000000 		.4byte	0x93
 320 00e7 04       		.uleb128 0x4
 321 00e8 EC010000 		.4byte	.LASF21
 322 00ec 04       		.byte	0x4
 323 00ed 30       		.byte	0x30
 324 00ee A9000000 		.4byte	0xa9
 325 00f2 04       		.uleb128 0x4
 326 00f3 26010000 		.4byte	.LASF22
 327 00f7 04       		.byte	0x4
 328 00f8 31       		.byte	0x31
 329 00f9 9E000000 		.4byte	0x9e
 330 00fd 04       		.uleb128 0x4
 331 00fe 48010000 		.4byte	.LASF23
 332 0102 04       		.byte	0x4
 333 0103 33       		.byte	0x33
 334 0104 A9000000 		.4byte	0xa9
 335 0108 04       		.uleb128 0x4
 336 0109 6D030000 		.4byte	.LASF24
 337 010d 04       		.byte	0x4
 338 010e 34       		.byte	0x34
 339 010f A9000000 		.4byte	0xa9
 340 0113 04       		.uleb128 0x4
 341 0114 26030000 		.4byte	.LASF25
 342 0118 04       		.byte	0x4
ARM GAS  /tmp/ccSB7uMe.s 			page 7


 343 0119 35       		.byte	0x35
 344 011a A9000000 		.4byte	0xa9
 345 011e 04       		.uleb128 0x4
 346 011f 57020000 		.4byte	.LASF26
 347 0123 05       		.byte	0x5
 348 0124 2A       		.byte	0x2a
 349 0125 29010000 		.4byte	0x129
 350 0129 05       		.uleb128 0x5
 351 012a 57020000 		.4byte	.LASF26
 352 012e 4C       		.byte	0x4c
 353 012f 06       		.byte	0x6
 354 0130 5E       		.byte	0x5e
 355 0131 26020000 		.4byte	0x226
 356 0135 06       		.uleb128 0x6
 357 0136 48020000 		.4byte	.LASF27
 358 013a 06       		.byte	0x6
 359 013b 5F       		.byte	0x5f
 360 013c 47020000 		.4byte	0x247
 361 0140 00       		.byte	0
 362 0141 06       		.uleb128 0x6
 363 0142 B4010000 		.4byte	.LASF28
 364 0146 06       		.byte	0x6
 365 0147 61       		.byte	0x61
 366 0148 47020000 		.4byte	0x247
 367 014c 04       		.byte	0x4
 368 014d 06       		.uleb128 0x6
 369 014e 55000000 		.4byte	.LASF29
 370 0152 06       		.byte	0x6
 371 0153 63       		.byte	0x63
 372 0154 E7000000 		.4byte	0xe7
 373 0158 08       		.byte	0x8
 374 0159 06       		.uleb128 0x6
 375 015a BA030000 		.4byte	.LASF30
 376 015e 06       		.byte	0x6
 377 015f 64       		.byte	0x64
 378 0160 0C030000 		.4byte	0x30c
 379 0164 0C       		.byte	0xc
 380 0165 06       		.uleb128 0x6
 381 0166 A0000000 		.4byte	.LASF31
 382 016a 06       		.byte	0x6
 383 016b 66       		.byte	0x66
 384 016c 47020000 		.4byte	0x247
 385 0170 10       		.byte	0x10
 386 0171 06       		.uleb128 0x6
 387 0172 84010000 		.4byte	.LASF32
 388 0176 06       		.byte	0x6
 389 0177 67       		.byte	0x67
 390 0178 47020000 		.4byte	0x247
 391 017c 14       		.byte	0x14
 392 017d 06       		.uleb128 0x6
 393 017e 9D030000 		.4byte	.LASF33
 394 0182 06       		.byte	0x6
 395 0183 6E       		.byte	0x6e
 396 0184 98040000 		.4byte	0x498
 397 0188 18       		.byte	0x18
 398 0189 06       		.uleb128 0x6
 399 018a D0000000 		.4byte	.LASF34
ARM GAS  /tmp/ccSB7uMe.s 			page 8


 400 018e 06       		.byte	0x6
 401 018f 74       		.byte	0x74
 402 0190 AA040000 		.4byte	0x4aa
 403 0194 1C       		.byte	0x1c
 404 0195 06       		.uleb128 0x6
 405 0196 39020000 		.4byte	.LASF35
 406 019a 06       		.byte	0x6
 407 019b 79       		.byte	0x79
 408 019c D1000000 		.4byte	0xd1
 409 01a0 20       		.byte	0x20
 410 01a1 06       		.uleb128 0x6
 411 01a2 4F020000 		.4byte	.LASF36
 412 01a6 06       		.byte	0x6
 413 01a7 7D       		.byte	0x7d
 414 01a8 C6000000 		.4byte	0xc6
 415 01ac 21       		.byte	0x21
 416 01ad 06       		.uleb128 0x6
 417 01ae 79030000 		.4byte	.LASF37
 418 01b2 06       		.byte	0x6
 419 01b3 82       		.byte	0x82
 420 01b4 DC000000 		.4byte	0xdc
 421 01b8 22       		.byte	0x22
 422 01b9 06       		.uleb128 0x6
 423 01ba 4D030000 		.4byte	.LASF38
 424 01be 06       		.byte	0x6
 425 01bf 8F       		.byte	0x8f
 426 01c0 AA030000 		.4byte	0x3aa
 427 01c4 24       		.byte	0x24
 428 01c5 07       		.uleb128 0x7
 429 01c6 705F7500 		.ascii	"p_u\000"
 430 01ca 06       		.byte	0x6
 431 01cb B4       		.byte	0xb4
 432 01cc 63040000 		.4byte	0x463
 433 01d0 28       		.byte	0x28
 434 01d1 06       		.uleb128 0x6
 435 01d2 C0030000 		.4byte	.LASF39
 436 01d6 06       		.byte	0x6
 437 01d7 B9       		.byte	0xb9
 438 01d8 6D020000 		.4byte	0x26d
 439 01dc 2C       		.byte	0x2c
 440 01dd 06       		.uleb128 0x6
 441 01de 5B030000 		.4byte	.LASF40
 442 01e2 06       		.byte	0x6
 443 01e3 BF       		.byte	0xbf
 444 01e4 4D020000 		.4byte	0x24d
 445 01e8 30       		.byte	0x30
 446 01e9 06       		.uleb128 0x6
 447 01ea 0C000000 		.4byte	.LASF41
 448 01ee 06       		.byte	0x6
 449 01ef C3       		.byte	0xc3
 450 01f0 F2000000 		.4byte	0xf2
 451 01f4 38       		.byte	0x38
 452 01f5 06       		.uleb128 0x6
 453 01f6 5E020000 		.4byte	.LASF42
 454 01fa 06       		.byte	0x6
 455 01fb C9       		.byte	0xc9
 456 01fc FD000000 		.4byte	0xfd
ARM GAS  /tmp/ccSB7uMe.s 			page 9


 457 0200 3C       		.byte	0x3c
 458 0201 06       		.uleb128 0x6
 459 0202 25020000 		.4byte	.LASF43
 460 0206 06       		.byte	0x6
 461 0207 D0       		.byte	0xd0
 462 0208 B0040000 		.4byte	0x4b0
 463 020c 40       		.byte	0x40
 464 020d 06       		.uleb128 0x6
 465 020e 30030000 		.4byte	.LASF44
 466 0212 06       		.byte	0x6
 467 0213 D4       		.byte	0xd4
 468 0214 E7000000 		.4byte	0xe7
 469 0218 44       		.byte	0x44
 470 0219 06       		.uleb128 0x6
 471 021a 7E000000 		.4byte	.LASF45
 472 021e 06       		.byte	0x6
 473 021f DA       		.byte	0xda
 474 0220 83020000 		.4byte	0x283
 475 0224 48       		.byte	0x48
 476 0225 00       		.byte	0
 477 0226 08       		.uleb128 0x8
 478 0227 08       		.byte	0x8
 479 0228 05       		.byte	0x5
 480 0229 61       		.byte	0x61
 481 022a 47020000 		.4byte	0x247
 482 022e 06       		.uleb128 0x6
 483 022f 48020000 		.4byte	.LASF27
 484 0233 05       		.byte	0x5
 485 0234 62       		.byte	0x62
 486 0235 47020000 		.4byte	0x247
 487 0239 00       		.byte	0
 488 023a 06       		.uleb128 0x6
 489 023b B4010000 		.4byte	.LASF28
 490 023f 05       		.byte	0x5
 491 0240 64       		.byte	0x64
 492 0241 47020000 		.4byte	0x247
 493 0245 04       		.byte	0x4
 494 0246 00       		.byte	0
 495 0247 09       		.uleb128 0x9
 496 0248 04       		.byte	0x4
 497 0249 1E010000 		.4byte	0x11e
 498 024d 04       		.uleb128 0x4
 499 024e 8C010000 		.4byte	.LASF46
 500 0252 05       		.byte	0x5
 501 0253 66       		.byte	0x66
 502 0254 26020000 		.4byte	0x226
 503 0258 08       		.uleb128 0x8
 504 0259 04       		.byte	0x4
 505 025a 05       		.byte	0x5
 506 025b 6B       		.byte	0x6b
 507 025c 6D020000 		.4byte	0x26d
 508 0260 06       		.uleb128 0x6
 509 0261 48020000 		.4byte	.LASF27
 510 0265 05       		.byte	0x5
 511 0266 6D       		.byte	0x6d
 512 0267 47020000 		.4byte	0x247
 513 026b 00       		.byte	0
ARM GAS  /tmp/ccSB7uMe.s 			page 10


 514 026c 00       		.byte	0
 515 026d 04       		.uleb128 0x4
 516 026e 3C010000 		.4byte	.LASF47
 517 0272 05       		.byte	0x5
 518 0273 70       		.byte	0x70
 519 0274 58020000 		.4byte	0x258
 520 0278 04       		.uleb128 0x4
 521 0279 B3000000 		.4byte	.LASF48
 522 027d 07       		.byte	0x7
 523 027e E5       		.byte	0xe5
 524 027f 83020000 		.4byte	0x283
 525 0283 0A       		.uleb128 0xa
 526 0284 04       		.byte	0x4
 527 0285 04       		.uleb128 0x4
 528 0286 5A010000 		.4byte	.LASF49
 529 028a 07       		.byte	0x7
 530 028b EB       		.byte	0xeb
 531 028c B4000000 		.4byte	0xb4
 532 0290 0B       		.uleb128 0xb
 533 0291 54030000 		.4byte	.LASF50
 534 0295 24       		.byte	0x24
 535 0296 07       		.byte	0x7
 536 0297 0C01     		.2byte	0x10c
 537 0299 0C030000 		.4byte	0x30c
 538 029d 0C       		.uleb128 0xc
 539 029e 723400   		.ascii	"r4\000"
 540 02a1 07       		.byte	0x7
 541 02a2 1F01     		.2byte	0x11f
 542 02a4 78020000 		.4byte	0x278
 543 02a8 00       		.byte	0
 544 02a9 0C       		.uleb128 0xc
 545 02aa 723500   		.ascii	"r5\000"
 546 02ad 07       		.byte	0x7
 547 02ae 2001     		.2byte	0x120
 548 02b0 78020000 		.4byte	0x278
 549 02b4 04       		.byte	0x4
 550 02b5 0C       		.uleb128 0xc
 551 02b6 723600   		.ascii	"r6\000"
 552 02b9 07       		.byte	0x7
 553 02ba 2101     		.2byte	0x121
 554 02bc 78020000 		.4byte	0x278
 555 02c0 08       		.byte	0x8
 556 02c1 0C       		.uleb128 0xc
 557 02c2 723700   		.ascii	"r7\000"
 558 02c5 07       		.byte	0x7
 559 02c6 2201     		.2byte	0x122
 560 02c8 78020000 		.4byte	0x278
 561 02cc 0C       		.byte	0xc
 562 02cd 0C       		.uleb128 0xc
 563 02ce 723800   		.ascii	"r8\000"
 564 02d1 07       		.byte	0x7
 565 02d2 2301     		.2byte	0x123
 566 02d4 78020000 		.4byte	0x278
 567 02d8 10       		.byte	0x10
 568 02d9 0C       		.uleb128 0xc
 569 02da 723900   		.ascii	"r9\000"
 570 02dd 07       		.byte	0x7
ARM GAS  /tmp/ccSB7uMe.s 			page 11


 571 02de 2401     		.2byte	0x124
 572 02e0 78020000 		.4byte	0x278
 573 02e4 14       		.byte	0x14
 574 02e5 0C       		.uleb128 0xc
 575 02e6 72313000 		.ascii	"r10\000"
 576 02ea 07       		.byte	0x7
 577 02eb 2501     		.2byte	0x125
 578 02ed 78020000 		.4byte	0x278
 579 02f1 18       		.byte	0x18
 580 02f2 0C       		.uleb128 0xc
 581 02f3 72313100 		.ascii	"r11\000"
 582 02f7 07       		.byte	0x7
 583 02f8 2601     		.2byte	0x126
 584 02fa 78020000 		.4byte	0x278
 585 02fe 1C       		.byte	0x1c
 586 02ff 0C       		.uleb128 0xc
 587 0300 6C7200   		.ascii	"lr\000"
 588 0303 07       		.byte	0x7
 589 0304 2701     		.2byte	0x127
 590 0306 78020000 		.4byte	0x278
 591 030a 20       		.byte	0x20
 592 030b 00       		.byte	0
 593 030c 0B       		.uleb128 0xb
 594 030d 0B010000 		.4byte	.LASF51
 595 0311 04       		.byte	0x4
 596 0312 07       		.byte	0x7
 597 0313 3101     		.2byte	0x131
 598 0315 27030000 		.4byte	0x327
 599 0319 0C       		.uleb128 0xc
 600 031a 72313300 		.ascii	"r13\000"
 601 031e 07       		.byte	0x7
 602 031f 3201     		.2byte	0x132
 603 0321 27030000 		.4byte	0x327
 604 0325 00       		.byte	0
 605 0326 00       		.byte	0
 606 0327 09       		.uleb128 0x9
 607 0328 04       		.byte	0x4
 608 0329 90020000 		.4byte	0x290
 609 032d 03       		.uleb128 0x3
 610 032e 04       		.byte	0x4
 611 032f 07       		.byte	0x7
 612 0330 73010000 		.4byte	.LASF52
 613 0334 04       		.uleb128 0x4
 614 0335 02010000 		.4byte	.LASF53
 615 0339 08       		.byte	0x8
 616 033a 58       		.byte	0x58
 617 033b 3F030000 		.4byte	0x33f
 618 033f 09       		.uleb128 0x9
 619 0340 04       		.byte	0x4
 620 0341 45030000 		.4byte	0x345
 621 0345 0D       		.uleb128 0xd
 622 0346 50030000 		.4byte	0x350
 623 034a 0E       		.uleb128 0xe
 624 034b 83020000 		.4byte	0x283
 625 034f 00       		.byte	0
 626 0350 04       		.uleb128 0x4
 627 0351 72020000 		.4byte	.LASF54
ARM GAS  /tmp/ccSB7uMe.s 			page 12


 628 0355 08       		.byte	0x8
 629 0356 5D       		.byte	0x5d
 630 0357 5B030000 		.4byte	0x35b
 631 035b 05       		.uleb128 0x5
 632 035c 72020000 		.4byte	.LASF54
 633 0360 14       		.byte	0x14
 634 0361 08       		.byte	0x8
 635 0362 64       		.byte	0x64
 636 0363 A4030000 		.4byte	0x3a4
 637 0367 06       		.uleb128 0x6
 638 0368 E8000000 		.4byte	.LASF55
 639 036c 08       		.byte	0x8
 640 036d 65       		.byte	0x65
 641 036e A4030000 		.4byte	0x3a4
 642 0372 00       		.byte	0
 643 0373 06       		.uleb128 0x6
 644 0374 BC000000 		.4byte	.LASF56
 645 0378 08       		.byte	0x8
 646 0379 67       		.byte	0x67
 647 037a A4030000 		.4byte	0x3a4
 648 037e 04       		.byte	0x4
 649 037f 06       		.uleb128 0x6
 650 0380 65010000 		.4byte	.LASF57
 651 0384 08       		.byte	0x8
 652 0385 69       		.byte	0x69
 653 0386 13010000 		.4byte	0x113
 654 038a 08       		.byte	0x8
 655 038b 06       		.uleb128 0x6
 656 038c 7C010000 		.4byte	.LASF58
 657 0390 08       		.byte	0x8
 658 0391 6A       		.byte	0x6a
 659 0392 34030000 		.4byte	0x334
 660 0396 0C       		.byte	0xc
 661 0397 06       		.uleb128 0x6
 662 0398 66030000 		.4byte	.LASF59
 663 039c 08       		.byte	0x8
 664 039d 6C       		.byte	0x6c
 665 039e 83020000 		.4byte	0x283
 666 03a2 10       		.byte	0x10
 667 03a3 00       		.byte	0
 668 03a4 09       		.uleb128 0x9
 669 03a5 04       		.byte	0x4
 670 03a6 50030000 		.4byte	0x350
 671 03aa 0F       		.uleb128 0xf
 672 03ab 13010000 		.4byte	0x113
 673 03af 05       		.uleb128 0x5
 674 03b0 54010000 		.4byte	.LASF60
 675 03b4 10       		.byte	0x10
 676 03b5 09       		.byte	0x9
 677 03b6 2C       		.byte	0x2c
 678 03b7 E0030000 		.4byte	0x3e0
 679 03bb 06       		.uleb128 0x6
 680 03bc 86000000 		.4byte	.LASF61
 681 03c0 09       		.byte	0x9
 682 03c1 2D       		.byte	0x2d
 683 03c2 4D020000 		.4byte	0x24d
 684 03c6 00       		.byte	0
ARM GAS  /tmp/ccSB7uMe.s 			page 13


 685 03c7 06       		.uleb128 0x6
 686 03c8 B2030000 		.4byte	.LASF62
 687 03cc 09       		.byte	0x9
 688 03cd 2F       		.byte	0x2f
 689 03ce 47020000 		.4byte	0x247
 690 03d2 08       		.byte	0x8
 691 03d3 06       		.uleb128 0x6
 692 03d4 1F030000 		.4byte	.LASF63
 693 03d8 09       		.byte	0x9
 694 03d9 31       		.byte	0x31
 695 03da E0030000 		.4byte	0x3e0
 696 03de 0C       		.byte	0xc
 697 03df 00       		.byte	0
 698 03e0 09       		.uleb128 0x9
 699 03e1 04       		.byte	0x4
 700 03e2 AF030000 		.4byte	0x3af
 701 03e6 04       		.uleb128 0x4
 702 03e7 54010000 		.4byte	.LASF60
 703 03eb 09       		.byte	0x9
 704 03ec 33       		.byte	0x33
 705 03ed AF030000 		.4byte	0x3af
 706 03f1 04       		.uleb128 0x4
 707 03f2 88030000 		.4byte	.LASF64
 708 03f6 0A       		.byte	0xa
 709 03f7 2C       		.byte	0x2c
 710 03f8 FC030000 		.4byte	0x3fc
 711 03fc 05       		.uleb128 0x5
 712 03fd 88030000 		.4byte	.LASF64
 713 0401 10       		.byte	0x10
 714 0402 0A       		.byte	0xa
 715 0403 31       		.byte	0x31
 716 0404 39040000 		.4byte	0x439
 717 0408 06       		.uleb128 0x6
 718 0409 2C010000 		.4byte	.LASF65
 719 040d 0A       		.byte	0xa
 720 040e 32       		.byte	0x32
 721 040f 39040000 		.4byte	0x439
 722 0413 00       		.byte	0
 723 0414 06       		.uleb128 0x6
 724 0415 10020000 		.4byte	.LASF66
 725 0419 0A       		.byte	0xa
 726 041a 35       		.byte	0x35
 727 041b 47020000 		.4byte	0x247
 728 041f 04       		.byte	0x4
 729 0420 06       		.uleb128 0x6
 730 0421 99010000 		.4byte	.LASF67
 731 0425 0A       		.byte	0xa
 732 0426 37       		.byte	0x37
 733 0427 FD000000 		.4byte	0xfd
 734 042b 08       		.byte	0x8
 735 042c 06       		.uleb128 0x6
 736 042d 1C020000 		.4byte	.LASF68
 737 0431 0A       		.byte	0xa
 738 0432 3A       		.byte	0x3a
 739 0433 08010000 		.4byte	0x108
 740 0437 0C       		.byte	0xc
 741 0438 00       		.byte	0
ARM GAS  /tmp/ccSB7uMe.s 			page 14


 742 0439 09       		.uleb128 0x9
 743 043a 04       		.byte	0x4
 744 043b F1030000 		.4byte	0x3f1
 745 043f 05       		.uleb128 0x5
 746 0440 C4000000 		.4byte	.LASF69
 747 0444 04       		.byte	0x4
 748 0445 0A       		.byte	0xa
 749 0446 41       		.byte	0x41
 750 0447 58040000 		.4byte	0x458
 751 044b 06       		.uleb128 0x6
 752 044c A4030000 		.4byte	.LASF70
 753 0450 0A       		.byte	0xa
 754 0451 42       		.byte	0x42
 755 0452 39040000 		.4byte	0x439
 756 0456 00       		.byte	0
 757 0457 00       		.byte	0
 758 0458 04       		.uleb128 0x4
 759 0459 C4000000 		.4byte	.LASF69
 760 045d 0A       		.byte	0xa
 761 045e 45       		.byte	0x45
 762 045f 3F040000 		.4byte	0x43f
 763 0463 10       		.uleb128 0x10
 764 0464 04       		.byte	0x4
 765 0465 06       		.byte	0x6
 766 0466 96       		.byte	0x96
 767 0467 98040000 		.4byte	0x498
 768 046b 11       		.uleb128 0x11
 769 046c 12000000 		.4byte	.LASF71
 770 0470 06       		.byte	0x6
 771 0471 9D       		.byte	0x9d
 772 0472 F2000000 		.4byte	0xf2
 773 0476 11       		.uleb128 0x11
 774 0477 43000000 		.4byte	.LASF72
 775 047b 06       		.byte	0x6
 776 047c A4       		.byte	0xa4
 777 047d F2000000 		.4byte	0xf2
 778 0481 11       		.uleb128 0x11
 779 0482 96030000 		.4byte	.LASF73
 780 0486 06       		.byte	0x6
 781 0487 AB       		.byte	0xab
 782 0488 83020000 		.4byte	0x283
 783 048c 11       		.uleb128 0x11
 784 048d 41020000 		.4byte	.LASF74
 785 0491 06       		.byte	0x6
 786 0492 B2       		.byte	0xb2
 787 0493 FD000000 		.4byte	0xfd
 788 0497 00       		.byte	0
 789 0498 09       		.uleb128 0x9
 790 0499 04       		.byte	0x4
 791 049a 9E040000 		.4byte	0x49e
 792 049e 12       		.uleb128 0x12
 793 049f A3040000 		.4byte	0x4a3
 794 04a3 03       		.uleb128 0x3
 795 04a4 01       		.byte	0x1
 796 04a5 08       		.byte	0x8
 797 04a6 14030000 		.4byte	.LASF75
 798 04aa 09       		.uleb128 0x9
ARM GAS  /tmp/ccSB7uMe.s 			page 15


 799 04ab 04       		.byte	0x4
 800 04ac 85020000 		.4byte	0x285
 801 04b0 09       		.uleb128 0x9
 802 04b1 04       		.byte	0x4
 803 04b2 E6030000 		.4byte	0x3e6
 804 04b6 08       		.uleb128 0x8
 805 04b7 1C       		.byte	0x1c
 806 04b8 0B       		.byte	0xb
 807 04b9 27       		.byte	0x27
 808 04ba E3040000 		.4byte	0x4e3
 809 04be 06       		.uleb128 0x6
 810 04bf AC030000 		.4byte	.LASF76
 811 04c3 0B       		.byte	0xb
 812 04c4 28       		.byte	0x28
 813 04c5 50030000 		.4byte	0x350
 814 04c9 00       		.byte	0
 815 04ca 06       		.uleb128 0x6
 816 04cb 6D010000 		.4byte	.LASF77
 817 04cf 0B       		.byte	0xb
 818 04d0 29       		.byte	0x29
 819 04d1 58040000 		.4byte	0x458
 820 04d5 14       		.byte	0x14
 821 04d6 06       		.uleb128 0x6
 822 04d7 00000000 		.4byte	.LASF78
 823 04db 0B       		.byte	0xb
 824 04dc 2A       		.byte	0x2a
 825 04dd 13010000 		.4byte	0x113
 826 04e1 18       		.byte	0x18
 827 04e2 00       		.byte	0
 828 04e3 04       		.uleb128 0x4
 829 04e4 76000000 		.4byte	.LASF79
 830 04e8 0B       		.byte	0xb
 831 04e9 2B       		.byte	0x2b
 832 04ea B6040000 		.4byte	0x4b6
 833 04ee 13       		.uleb128 0x13
 834 04ef 19030000 		.4byte	.LASF82
 835 04f3 01       		.byte	0x1
 836 04f4 1C       		.byte	0x1c
 837 04f5 00000000 		.4byte	.LFB7
 838 04f9 48000000 		.4byte	.LFE7-.LFB7
 839 04fd 01       		.uleb128 0x1
 840 04fe 9C       		.byte	0x9c
 841 04ff 50050000 		.4byte	0x550
 842 0503 14       		.uleb128 0x14
 843 0504 7000     		.ascii	"p\000"
 844 0506 01       		.byte	0x1
 845 0507 1C       		.byte	0x1c
 846 0508 83020000 		.4byte	0x283
 847 050c 02       		.uleb128 0x2
 848 050d 91       		.byte	0x91
 849 050e 6C       		.sleb128 -20
 850 050f 15       		.uleb128 0x15
 851 0510 65747000 		.ascii	"etp\000"
 852 0514 01       		.byte	0x1
 853 0515 1D       		.byte	0x1d
 854 0516 50050000 		.4byte	0x550
 855 051a 02       		.uleb128 0x2
ARM GAS  /tmp/ccSB7uMe.s 			page 16


 856 051b 91       		.byte	0x91
 857 051c 74       		.sleb128 -12
 858 051d 16       		.uleb128 0x16
 859 051e 0A000000 		.4byte	.LBB2
 860 0522 06000000 		.4byte	.LBE2-.LBB2
 861 0526 38050000 		.4byte	0x538
 862 052a 15       		.uleb128 0x15
 863 052b 746D7000 		.ascii	"tmp\000"
 864 052f 01       		.byte	0x1
 865 0530 1F       		.byte	0x1f
 866 0531 A9000000 		.4byte	0xa9
 867 0535 01       		.uleb128 0x1
 868 0536 53       		.byte	0x53
 869 0537 00       		.byte	0
 870 0538 17       		.uleb128 0x17
 871 0539 36000000 		.4byte	.LBB3
 872 053d 06000000 		.4byte	.LBE3-.LBB3
 873 0541 15       		.uleb128 0x15
 874 0542 746D7000 		.ascii	"tmp\000"
 875 0546 01       		.byte	0x1
 876 0547 22       		.byte	0x22
 877 0548 A9000000 		.4byte	0xa9
 878 054c 01       		.uleb128 0x1
 879 054d 53       		.byte	0x53
 880 054e 00       		.byte	0
 881 054f 00       		.byte	0
 882 0550 09       		.uleb128 0x9
 883 0551 04       		.byte	0x4
 884 0552 E3040000 		.4byte	0x4e3
 885 0556 18       		.uleb128 0x18
 886 0557 4C000000 		.4byte	.LASF83
 887 055b 01       		.byte	0x1
 888 055c 2B       		.byte	0x2b
 889 055d 48000000 		.4byte	.LFB8
 890 0561 40000000 		.4byte	.LFE8-.LFB8
 891 0565 01       		.uleb128 0x1
 892 0566 9C       		.byte	0x9c
 893 0567 AC050000 		.4byte	0x5ac
 894 056b 14       		.uleb128 0x14
 895 056c 65747000 		.ascii	"etp\000"
 896 0570 01       		.byte	0x1
 897 0571 2B       		.byte	0x2b
 898 0572 50050000 		.4byte	0x550
 899 0576 02       		.uleb128 0x2
 900 0577 91       		.byte	0x91
 901 0578 74       		.sleb128 -12
 902 0579 16       		.uleb128 0x16
 903 057a 4E000000 		.4byte	.LBB4
 904 057e 06000000 		.4byte	.LBE4-.LBB4
 905 0582 94050000 		.4byte	0x594
 906 0586 15       		.uleb128 0x15
 907 0587 746D7000 		.ascii	"tmp\000"
 908 058b 01       		.byte	0x1
 909 058c 2D       		.byte	0x2d
 910 058d A9000000 		.4byte	0xa9
 911 0591 01       		.uleb128 0x1
 912 0592 53       		.byte	0x53
ARM GAS  /tmp/ccSB7uMe.s 			page 17


 913 0593 00       		.byte	0
 914 0594 17       		.uleb128 0x17
 915 0595 76000000 		.4byte	.LBB5
 916 0599 06000000 		.4byte	.LBE5-.LBB5
 917 059d 15       		.uleb128 0x15
 918 059e 746D7000 		.ascii	"tmp\000"
 919 05a2 01       		.byte	0x1
 920 05a3 32       		.byte	0x32
 921 05a4 A9000000 		.4byte	0xa9
 922 05a8 01       		.uleb128 0x1
 923 05a9 53       		.byte	0x53
 924 05aa 00       		.byte	0
 925 05ab 00       		.byte	0
 926 05ac 19       		.uleb128 0x19
 927 05ad 45030000 		.4byte	.LASF84
 928 05b1 01       		.byte	0x1
 929 05b2 3B       		.byte	0x3b
 930 05b3 88000000 		.4byte	.LFB9
 931 05b7 30000000 		.4byte	.LFE9-.LFB9
 932 05bb 01       		.uleb128 0x1
 933 05bc 9C       		.byte	0x9c
 934 05bd 14       		.uleb128 0x14
 935 05be 65747000 		.ascii	"etp\000"
 936 05c2 01       		.byte	0x1
 937 05c3 3B       		.byte	0x3b
 938 05c4 50050000 		.4byte	0x550
 939 05c8 02       		.uleb128 0x2
 940 05c9 91       		.byte	0x91
 941 05ca 74       		.sleb128 -12
 942 05cb 16       		.uleb128 0x16
 943 05cc 8E000000 		.4byte	.LBB6
 944 05d0 06000000 		.4byte	.LBE6-.LBB6
 945 05d4 E6050000 		.4byte	0x5e6
 946 05d8 15       		.uleb128 0x15
 947 05d9 746D7000 		.ascii	"tmp\000"
 948 05dd 01       		.byte	0x1
 949 05de 3D       		.byte	0x3d
 950 05df A9000000 		.4byte	0xa9
 951 05e3 01       		.uleb128 0x1
 952 05e4 53       		.byte	0x53
 953 05e5 00       		.byte	0
 954 05e6 17       		.uleb128 0x17
 955 05e7 AC000000 		.4byte	.LBB7
 956 05eb 06000000 		.4byte	.LBE7-.LBB7
 957 05ef 15       		.uleb128 0x15
 958 05f0 746D7000 		.ascii	"tmp\000"
 959 05f4 01       		.byte	0x1
 960 05f5 3D       		.byte	0x3d
 961 05f6 A9000000 		.4byte	0xa9
 962 05fa 01       		.uleb128 0x1
 963 05fb 53       		.byte	0x53
 964 05fc 00       		.byte	0
 965 05fd 00       		.byte	0
 966 05fe 00       		.byte	0
 967              		.section	.debug_abbrev,"",%progbits
 968              	.Ldebug_abbrev0:
 969 0000 01       		.uleb128 0x1
ARM GAS  /tmp/ccSB7uMe.s 			page 18


 970 0001 11       		.uleb128 0x11
 971 0002 01       		.byte	0x1
 972 0003 25       		.uleb128 0x25
 973 0004 0E       		.uleb128 0xe
 974 0005 13       		.uleb128 0x13
 975 0006 0B       		.uleb128 0xb
 976 0007 03       		.uleb128 0x3
 977 0008 0E       		.uleb128 0xe
 978 0009 11       		.uleb128 0x11
 979 000a 01       		.uleb128 0x1
 980 000b 12       		.uleb128 0x12
 981 000c 06       		.uleb128 0x6
 982 000d 10       		.uleb128 0x10
 983 000e 17       		.uleb128 0x17
 984 000f 00       		.byte	0
 985 0010 00       		.byte	0
 986 0011 02       		.uleb128 0x2
 987 0012 24       		.uleb128 0x24
 988 0013 00       		.byte	0
 989 0014 0B       		.uleb128 0xb
 990 0015 0B       		.uleb128 0xb
 991 0016 3E       		.uleb128 0x3e
 992 0017 0B       		.uleb128 0xb
 993 0018 03       		.uleb128 0x3
 994 0019 08       		.uleb128 0x8
 995 001a 00       		.byte	0
 996 001b 00       		.byte	0
 997 001c 03       		.uleb128 0x3
 998 001d 24       		.uleb128 0x24
 999 001e 00       		.byte	0
 1000 001f 0B       		.uleb128 0xb
 1001 0020 0B       		.uleb128 0xb
 1002 0021 3E       		.uleb128 0x3e
 1003 0022 0B       		.uleb128 0xb
 1004 0023 03       		.uleb128 0x3
 1005 0024 0E       		.uleb128 0xe
 1006 0025 00       		.byte	0
 1007 0026 00       		.byte	0
 1008 0027 04       		.uleb128 0x4
 1009 0028 16       		.uleb128 0x16
 1010 0029 00       		.byte	0
 1011 002a 03       		.uleb128 0x3
 1012 002b 0E       		.uleb128 0xe
 1013 002c 3A       		.uleb128 0x3a
 1014 002d 0B       		.uleb128 0xb
 1015 002e 3B       		.uleb128 0x3b
 1016 002f 0B       		.uleb128 0xb
 1017 0030 49       		.uleb128 0x49
 1018 0031 13       		.uleb128 0x13
 1019 0032 00       		.byte	0
 1020 0033 00       		.byte	0
 1021 0034 05       		.uleb128 0x5
 1022 0035 13       		.uleb128 0x13
 1023 0036 01       		.byte	0x1
 1024 0037 03       		.uleb128 0x3
 1025 0038 0E       		.uleb128 0xe
 1026 0039 0B       		.uleb128 0xb
ARM GAS  /tmp/ccSB7uMe.s 			page 19


 1027 003a 0B       		.uleb128 0xb
 1028 003b 3A       		.uleb128 0x3a
 1029 003c 0B       		.uleb128 0xb
 1030 003d 3B       		.uleb128 0x3b
 1031 003e 0B       		.uleb128 0xb
 1032 003f 01       		.uleb128 0x1
 1033 0040 13       		.uleb128 0x13
 1034 0041 00       		.byte	0
 1035 0042 00       		.byte	0
 1036 0043 06       		.uleb128 0x6
 1037 0044 0D       		.uleb128 0xd
 1038 0045 00       		.byte	0
 1039 0046 03       		.uleb128 0x3
 1040 0047 0E       		.uleb128 0xe
 1041 0048 3A       		.uleb128 0x3a
 1042 0049 0B       		.uleb128 0xb
 1043 004a 3B       		.uleb128 0x3b
 1044 004b 0B       		.uleb128 0xb
 1045 004c 49       		.uleb128 0x49
 1046 004d 13       		.uleb128 0x13
 1047 004e 38       		.uleb128 0x38
 1048 004f 0B       		.uleb128 0xb
 1049 0050 00       		.byte	0
 1050 0051 00       		.byte	0
 1051 0052 07       		.uleb128 0x7
 1052 0053 0D       		.uleb128 0xd
 1053 0054 00       		.byte	0
 1054 0055 03       		.uleb128 0x3
 1055 0056 08       		.uleb128 0x8
 1056 0057 3A       		.uleb128 0x3a
 1057 0058 0B       		.uleb128 0xb
 1058 0059 3B       		.uleb128 0x3b
 1059 005a 0B       		.uleb128 0xb
 1060 005b 49       		.uleb128 0x49
 1061 005c 13       		.uleb128 0x13
 1062 005d 38       		.uleb128 0x38
 1063 005e 0B       		.uleb128 0xb
 1064 005f 00       		.byte	0
 1065 0060 00       		.byte	0
 1066 0061 08       		.uleb128 0x8
 1067 0062 13       		.uleb128 0x13
 1068 0063 01       		.byte	0x1
 1069 0064 0B       		.uleb128 0xb
 1070 0065 0B       		.uleb128 0xb
 1071 0066 3A       		.uleb128 0x3a
 1072 0067 0B       		.uleb128 0xb
 1073 0068 3B       		.uleb128 0x3b
 1074 0069 0B       		.uleb128 0xb
 1075 006a 01       		.uleb128 0x1
 1076 006b 13       		.uleb128 0x13
 1077 006c 00       		.byte	0
 1078 006d 00       		.byte	0
 1079 006e 09       		.uleb128 0x9
 1080 006f 0F       		.uleb128 0xf
 1081 0070 00       		.byte	0
 1082 0071 0B       		.uleb128 0xb
 1083 0072 0B       		.uleb128 0xb
ARM GAS  /tmp/ccSB7uMe.s 			page 20


 1084 0073 49       		.uleb128 0x49
 1085 0074 13       		.uleb128 0x13
 1086 0075 00       		.byte	0
 1087 0076 00       		.byte	0
 1088 0077 0A       		.uleb128 0xa
 1089 0078 0F       		.uleb128 0xf
 1090 0079 00       		.byte	0
 1091 007a 0B       		.uleb128 0xb
 1092 007b 0B       		.uleb128 0xb
 1093 007c 00       		.byte	0
 1094 007d 00       		.byte	0
 1095 007e 0B       		.uleb128 0xb
 1096 007f 13       		.uleb128 0x13
 1097 0080 01       		.byte	0x1
 1098 0081 03       		.uleb128 0x3
 1099 0082 0E       		.uleb128 0xe
 1100 0083 0B       		.uleb128 0xb
 1101 0084 0B       		.uleb128 0xb
 1102 0085 3A       		.uleb128 0x3a
 1103 0086 0B       		.uleb128 0xb
 1104 0087 3B       		.uleb128 0x3b
 1105 0088 05       		.uleb128 0x5
 1106 0089 01       		.uleb128 0x1
 1107 008a 13       		.uleb128 0x13
 1108 008b 00       		.byte	0
 1109 008c 00       		.byte	0
 1110 008d 0C       		.uleb128 0xc
 1111 008e 0D       		.uleb128 0xd
 1112 008f 00       		.byte	0
 1113 0090 03       		.uleb128 0x3
 1114 0091 08       		.uleb128 0x8
 1115 0092 3A       		.uleb128 0x3a
 1116 0093 0B       		.uleb128 0xb
 1117 0094 3B       		.uleb128 0x3b
 1118 0095 05       		.uleb128 0x5
 1119 0096 49       		.uleb128 0x49
 1120 0097 13       		.uleb128 0x13
 1121 0098 38       		.uleb128 0x38
 1122 0099 0B       		.uleb128 0xb
 1123 009a 00       		.byte	0
 1124 009b 00       		.byte	0
 1125 009c 0D       		.uleb128 0xd
 1126 009d 15       		.uleb128 0x15
 1127 009e 01       		.byte	0x1
 1128 009f 27       		.uleb128 0x27
 1129 00a0 19       		.uleb128 0x19
 1130 00a1 01       		.uleb128 0x1
 1131 00a2 13       		.uleb128 0x13
 1132 00a3 00       		.byte	0
 1133 00a4 00       		.byte	0
 1134 00a5 0E       		.uleb128 0xe
 1135 00a6 05       		.uleb128 0x5
 1136 00a7 00       		.byte	0
 1137 00a8 49       		.uleb128 0x49
 1138 00a9 13       		.uleb128 0x13
 1139 00aa 00       		.byte	0
 1140 00ab 00       		.byte	0
ARM GAS  /tmp/ccSB7uMe.s 			page 21


 1141 00ac 0F       		.uleb128 0xf
 1142 00ad 35       		.uleb128 0x35
 1143 00ae 00       		.byte	0
 1144 00af 49       		.uleb128 0x49
 1145 00b0 13       		.uleb128 0x13
 1146 00b1 00       		.byte	0
 1147 00b2 00       		.byte	0
 1148 00b3 10       		.uleb128 0x10
 1149 00b4 17       		.uleb128 0x17
 1150 00b5 01       		.byte	0x1
 1151 00b6 0B       		.uleb128 0xb
 1152 00b7 0B       		.uleb128 0xb
 1153 00b8 3A       		.uleb128 0x3a
 1154 00b9 0B       		.uleb128 0xb
 1155 00ba 3B       		.uleb128 0x3b
 1156 00bb 0B       		.uleb128 0xb
 1157 00bc 01       		.uleb128 0x1
 1158 00bd 13       		.uleb128 0x13
 1159 00be 00       		.byte	0
 1160 00bf 00       		.byte	0
 1161 00c0 11       		.uleb128 0x11
 1162 00c1 0D       		.uleb128 0xd
 1163 00c2 00       		.byte	0
 1164 00c3 03       		.uleb128 0x3
 1165 00c4 0E       		.uleb128 0xe
 1166 00c5 3A       		.uleb128 0x3a
 1167 00c6 0B       		.uleb128 0xb
 1168 00c7 3B       		.uleb128 0x3b
 1169 00c8 0B       		.uleb128 0xb
 1170 00c9 49       		.uleb128 0x49
 1171 00ca 13       		.uleb128 0x13
 1172 00cb 00       		.byte	0
 1173 00cc 00       		.byte	0
 1174 00cd 12       		.uleb128 0x12
 1175 00ce 26       		.uleb128 0x26
 1176 00cf 00       		.byte	0
 1177 00d0 49       		.uleb128 0x49
 1178 00d1 13       		.uleb128 0x13
 1179 00d2 00       		.byte	0
 1180 00d3 00       		.byte	0
 1181 00d4 13       		.uleb128 0x13
 1182 00d5 2E       		.uleb128 0x2e
 1183 00d6 01       		.byte	0x1
 1184 00d7 03       		.uleb128 0x3
 1185 00d8 0E       		.uleb128 0xe
 1186 00d9 3A       		.uleb128 0x3a
 1187 00da 0B       		.uleb128 0xb
 1188 00db 3B       		.uleb128 0x3b
 1189 00dc 0B       		.uleb128 0xb
 1190 00dd 27       		.uleb128 0x27
 1191 00de 19       		.uleb128 0x19
 1192 00df 11       		.uleb128 0x11
 1193 00e0 01       		.uleb128 0x1
 1194 00e1 12       		.uleb128 0x12
 1195 00e2 06       		.uleb128 0x6
 1196 00e3 40       		.uleb128 0x40
 1197 00e4 18       		.uleb128 0x18
ARM GAS  /tmp/ccSB7uMe.s 			page 22


 1198 00e5 9642     		.uleb128 0x2116
 1199 00e7 19       		.uleb128 0x19
 1200 00e8 01       		.uleb128 0x1
 1201 00e9 13       		.uleb128 0x13
 1202 00ea 00       		.byte	0
 1203 00eb 00       		.byte	0
 1204 00ec 14       		.uleb128 0x14
 1205 00ed 05       		.uleb128 0x5
 1206 00ee 00       		.byte	0
 1207 00ef 03       		.uleb128 0x3
 1208 00f0 08       		.uleb128 0x8
 1209 00f1 3A       		.uleb128 0x3a
 1210 00f2 0B       		.uleb128 0xb
 1211 00f3 3B       		.uleb128 0x3b
 1212 00f4 0B       		.uleb128 0xb
 1213 00f5 49       		.uleb128 0x49
 1214 00f6 13       		.uleb128 0x13
 1215 00f7 02       		.uleb128 0x2
 1216 00f8 18       		.uleb128 0x18
 1217 00f9 00       		.byte	0
 1218 00fa 00       		.byte	0
 1219 00fb 15       		.uleb128 0x15
 1220 00fc 34       		.uleb128 0x34
 1221 00fd 00       		.byte	0
 1222 00fe 03       		.uleb128 0x3
 1223 00ff 08       		.uleb128 0x8
 1224 0100 3A       		.uleb128 0x3a
 1225 0101 0B       		.uleb128 0xb
 1226 0102 3B       		.uleb128 0x3b
 1227 0103 0B       		.uleb128 0xb
 1228 0104 49       		.uleb128 0x49
 1229 0105 13       		.uleb128 0x13
 1230 0106 02       		.uleb128 0x2
 1231 0107 18       		.uleb128 0x18
 1232 0108 00       		.byte	0
 1233 0109 00       		.byte	0
 1234 010a 16       		.uleb128 0x16
 1235 010b 0B       		.uleb128 0xb
 1236 010c 01       		.byte	0x1
 1237 010d 11       		.uleb128 0x11
 1238 010e 01       		.uleb128 0x1
 1239 010f 12       		.uleb128 0x12
 1240 0110 06       		.uleb128 0x6
 1241 0111 01       		.uleb128 0x1
 1242 0112 13       		.uleb128 0x13
 1243 0113 00       		.byte	0
 1244 0114 00       		.byte	0
 1245 0115 17       		.uleb128 0x17
 1246 0116 0B       		.uleb128 0xb
 1247 0117 01       		.byte	0x1
 1248 0118 11       		.uleb128 0x11
 1249 0119 01       		.uleb128 0x1
 1250 011a 12       		.uleb128 0x12
 1251 011b 06       		.uleb128 0x6
 1252 011c 00       		.byte	0
 1253 011d 00       		.byte	0
 1254 011e 18       		.uleb128 0x18
ARM GAS  /tmp/ccSB7uMe.s 			page 23


 1255 011f 2E       		.uleb128 0x2e
 1256 0120 01       		.byte	0x1
 1257 0121 3F       		.uleb128 0x3f
 1258 0122 19       		.uleb128 0x19
 1259 0123 03       		.uleb128 0x3
 1260 0124 0E       		.uleb128 0xe
 1261 0125 3A       		.uleb128 0x3a
 1262 0126 0B       		.uleb128 0xb
 1263 0127 3B       		.uleb128 0x3b
 1264 0128 0B       		.uleb128 0xb
 1265 0129 27       		.uleb128 0x27
 1266 012a 19       		.uleb128 0x19
 1267 012b 11       		.uleb128 0x11
 1268 012c 01       		.uleb128 0x1
 1269 012d 12       		.uleb128 0x12
 1270 012e 06       		.uleb128 0x6
 1271 012f 40       		.uleb128 0x40
 1272 0130 18       		.uleb128 0x18
 1273 0131 9642     		.uleb128 0x2116
 1274 0133 19       		.uleb128 0x19
 1275 0134 01       		.uleb128 0x1
 1276 0135 13       		.uleb128 0x13
 1277 0136 00       		.byte	0
 1278 0137 00       		.byte	0
 1279 0138 19       		.uleb128 0x19
 1280 0139 2E       		.uleb128 0x2e
 1281 013a 01       		.byte	0x1
 1282 013b 3F       		.uleb128 0x3f
 1283 013c 19       		.uleb128 0x19
 1284 013d 03       		.uleb128 0x3
 1285 013e 0E       		.uleb128 0xe
 1286 013f 3A       		.uleb128 0x3a
 1287 0140 0B       		.uleb128 0xb
 1288 0141 3B       		.uleb128 0x3b
 1289 0142 0B       		.uleb128 0xb
 1290 0143 27       		.uleb128 0x27
 1291 0144 19       		.uleb128 0x19
 1292 0145 11       		.uleb128 0x11
 1293 0146 01       		.uleb128 0x1
 1294 0147 12       		.uleb128 0x12
 1295 0148 06       		.uleb128 0x6
 1296 0149 40       		.uleb128 0x40
 1297 014a 18       		.uleb128 0x18
 1298 014b 9642     		.uleb128 0x2116
 1299 014d 19       		.uleb128 0x19
 1300 014e 00       		.byte	0
 1301 014f 00       		.byte	0
 1302 0150 00       		.byte	0
 1303              		.section	.debug_aranges,"",%progbits
 1304 0000 1C000000 		.4byte	0x1c
 1305 0004 0200     		.2byte	0x2
 1306 0006 00000000 		.4byte	.Ldebug_info0
 1307 000a 04       		.byte	0x4
 1308 000b 00       		.byte	0
 1309 000c 0000     		.2byte	0
 1310 000e 0000     		.2byte	0
 1311 0010 00000000 		.4byte	.Ltext0
ARM GAS  /tmp/ccSB7uMe.s 			page 24


 1312 0014 B8000000 		.4byte	.Letext0-.Ltext0
 1313 0018 00000000 		.4byte	0
 1314 001c 00000000 		.4byte	0
 1315              		.section	.debug_line,"",%progbits
 1316              	.Ldebug_line0:
 1317 0000 EE010000 		.section	.debug_str,"MS",%progbits,1
 1317      0200BA01 
 1317      00000201 
 1317      FB0E0D00 
 1317      01010101 
 1318              	.LASF78:
 1319 0000 65745F69 		.ascii	"et_interval\000"
 1319      6E746572 
 1319      76616C00 
 1320              	.LASF41:
 1321 000c 705F6D73 		.ascii	"p_msg\000"
 1321      6700
 1322              	.LASF71:
 1323 0012 7264796D 		.ascii	"rdymsg\000"
 1323      736700
 1324              	.LASF16:
 1325 0019 75696E74 		.ascii	"uint64_t\000"
 1325      36345F74 
 1325      00
 1326              	.LASF5:
 1327 0022 5F5F7569 		.ascii	"__uint8_t\000"
 1327      6E74385F 
 1327      7400
 1328              	.LASF12:
 1329 002c 6C6F6E67 		.ascii	"long long unsigned int\000"
 1329      206C6F6E 
 1329      6720756E 
 1329      7369676E 
 1329      65642069 
 1330              	.LASF72:
 1331 0043 65786974 		.ascii	"exitcode\000"
 1331      636F6465 
 1331      00
 1332              	.LASF83:
 1333 004c 65767453 		.ascii	"evtStart\000"
 1333      74617274 
 1333      00
 1334              	.LASF29:
 1335 0055 705F7072 		.ascii	"p_prio\000"
 1335      696F00
 1336              	.LASF10:
 1337 005c 6C6F6E67 		.ascii	"long long int\000"
 1337      206C6F6E 
 1337      6720696E 
 1337      7400
 1338              	.LASF1:
 1339 006a 7369676E 		.ascii	"signed char\000"
 1339      65642063 
 1339      68617200 
 1340              	.LASF79:
 1341 0076 45765469 		.ascii	"EvTimer\000"
 1341      6D657200 
ARM GAS  /tmp/ccSB7uMe.s 			page 25


 1342              	.LASF45:
 1343 007e 705F6D70 		.ascii	"p_mpool\000"
 1343      6F6F6C00 
 1344              	.LASF61:
 1345 0086 6D5F7175 		.ascii	"m_queue\000"
 1345      65756500 
 1346              	.LASF7:
 1347 008e 6C6F6E67 		.ascii	"long int\000"
 1347      20696E74 
 1347      00
 1348              	.LASF19:
 1349 0097 74737461 		.ascii	"tstate_t\000"
 1349      74655F74 
 1349      00
 1350              	.LASF31:
 1351 00a0 705F6E65 		.ascii	"p_newer\000"
 1351      77657200 
 1352              	.LASF8:
 1353 00a8 5F5F7569 		.ascii	"__uint32_t\000"
 1353      6E743332 
 1353      5F7400
 1354              	.LASF48:
 1355 00b3 72656761 		.ascii	"regarm_t\000"
 1355      726D5F74 
 1355      00
 1356              	.LASF56:
 1357 00bc 76745F70 		.ascii	"vt_prev\000"
 1357      72657600 
 1358              	.LASF69:
 1359 00c4 4576656E 		.ascii	"EventSource\000"
 1359      74536F75 
 1359      72636500 
 1360              	.LASF34:
 1361 00d0 705F7374 		.ascii	"p_stklimit\000"
 1361      6B6C696D 
 1361      697400
 1362              	.LASF0:
 1363 00db 756E7369 		.ascii	"unsigned int\000"
 1363      676E6564 
 1363      20696E74 
 1363      00
 1364              	.LASF55:
 1365 00e8 76745F6E 		.ascii	"vt_next\000"
 1365      65787400 
 1366              	.LASF9:
 1367 00f0 6C6F6E67 		.ascii	"long unsigned int\000"
 1367      20756E73 
 1367      69676E65 
 1367      6420696E 
 1367      7400
 1368              	.LASF53:
 1369 0102 76746675 		.ascii	"vtfunc_t\000"
 1369      6E635F74 
 1369      00
 1370              	.LASF51:
 1371 010b 636F6E74 		.ascii	"context\000"
 1371      65787400 
ARM GAS  /tmp/ccSB7uMe.s 			page 26


 1372              	.LASF4:
 1373 0113 73686F72 		.ascii	"short unsigned int\000"
 1373      7420756E 
 1373      7369676E 
 1373      65642069 
 1373      6E7400
 1374              	.LASF22:
 1375 0126 6D73675F 		.ascii	"msg_t\000"
 1375      7400
 1376              	.LASF65:
 1377 012c 656C5F6E 		.ascii	"el_next\000"
 1377      65787400 
 1378              	.LASF18:
 1379 0134 746D6F64 		.ascii	"tmode_t\000"
 1379      655F7400 
 1380              	.LASF47:
 1381 013c 54687265 		.ascii	"ThreadsList\000"
 1381      6164734C 
 1381      69737400 
 1382              	.LASF23:
 1383 0148 6576656E 		.ascii	"eventmask_t\000"
 1383      746D6173 
 1383      6B5F7400 
 1384              	.LASF60:
 1385 0154 4D757465 		.ascii	"Mutex\000"
 1385      7800
 1386              	.LASF49:
 1387 015a 73746B61 		.ascii	"stkalign_t\000"
 1387      6C69676E 
 1387      5F7400
 1388              	.LASF57:
 1389 0165 76745F74 		.ascii	"vt_time\000"
 1389      696D6500 
 1390              	.LASF77:
 1391 016d 65745F65 		.ascii	"et_es\000"
 1391      7300
 1392              	.LASF52:
 1393 0173 73697A65 		.ascii	"sizetype\000"
 1393      74797065 
 1393      00
 1394              	.LASF58:
 1395 017c 76745F66 		.ascii	"vt_func\000"
 1395      756E6300 
 1396              	.LASF32:
 1397 0184 705F6F6C 		.ascii	"p_older\000"
 1397      64657200 
 1398              	.LASF46:
 1399 018c 54687265 		.ascii	"ThreadsQueue\000"
 1399      61647351 
 1399      75657565 
 1399      00
 1400              	.LASF67:
 1401 0199 656C5F6D 		.ascii	"el_mask\000"
 1401      61736B00 
 1402              	.LASF11:
 1403 01a1 5F5F7569 		.ascii	"__uint64_t\000"
 1403      6E743634 
ARM GAS  /tmp/ccSB7uMe.s 			page 27


 1403      5F7400
 1404              	.LASF20:
 1405 01ac 74726566 		.ascii	"trefs_t\000"
 1405      735F7400 
 1406              	.LASF28:
 1407 01b4 705F7072 		.ascii	"p_prev\000"
 1407      657600
 1408              	.LASF81:
 1409 01bb 2F6F7074 		.ascii	"/opt/R2P/core/ChibiOS_2.6.5/os/various/evtimer.c\000"
 1409      2F523250 
 1409      2F636F72 
 1409      652F4368 
 1409      6962694F 
 1410              	.LASF21:
 1411 01ec 74707269 		.ascii	"tprio_t\000"
 1411      6F5F7400 
 1412              	.LASF17:
 1413 01f4 5F426F6F 		.ascii	"_Bool\000"
 1413      6C00
 1414              	.LASF14:
 1415 01fa 696E7433 		.ascii	"int32_t\000"
 1415      325F7400 
 1416              	.LASF2:
 1417 0202 756E7369 		.ascii	"unsigned char\000"
 1417      676E6564 
 1417      20636861 
 1417      7200
 1418              	.LASF66:
 1419 0210 656C5F6C 		.ascii	"el_listener\000"
 1419      69737465 
 1419      6E657200 
 1420              	.LASF68:
 1421 021c 656C5F66 		.ascii	"el_flags\000"
 1421      6C616773 
 1421      00
 1422              	.LASF43:
 1423 0225 705F6D74 		.ascii	"p_mtxlist\000"
 1423      786C6973 
 1423      7400
 1424              	.LASF3:
 1425 022f 73686F72 		.ascii	"short int\000"
 1425      7420696E 
 1425      7400
 1426              	.LASF35:
 1427 0239 705F7374 		.ascii	"p_state\000"
 1427      61746500 
 1428              	.LASF74:
 1429 0241 65776D61 		.ascii	"ewmask\000"
 1429      736B00
 1430              	.LASF27:
 1431 0248 705F6E65 		.ascii	"p_next\000"
 1431      787400
 1432              	.LASF36:
 1433 024f 705F666C 		.ascii	"p_flags\000"
 1433      61677300 
 1434              	.LASF26:
 1435 0257 54687265 		.ascii	"Thread\000"
ARM GAS  /tmp/ccSB7uMe.s 			page 28


 1435      616400
 1436              	.LASF42:
 1437 025e 705F6570 		.ascii	"p_epending\000"
 1437      656E6469 
 1437      6E6700
 1438              	.LASF15:
 1439 0269 75696E74 		.ascii	"uint32_t\000"
 1439      33325F74 
 1439      00
 1440              	.LASF54:
 1441 0272 56697274 		.ascii	"VirtualTimer\000"
 1441      75616C54 
 1441      696D6572 
 1441      00
 1442              	.LASF80:
 1443 027f 474E5520 		.ascii	"GNU C 4.9.3 20141119 (release) [ARM/embedded-4_9-br"
 1443      4320342E 
 1443      392E3320 
 1443      32303134 
 1443      31313139 
 1444 02b2 616E6368 		.ascii	"anch revision 218278] -mcpu=cortex-m4 -mno-thumb-in"
 1444      20726576 
 1444      6973696F 
 1444      6E203231 
 1444      38323738 
 1445 02e5 74657277 		.ascii	"terwork -mthumb -ggdb -O0 -fomit-frame-pointer\000"
 1445      6F726B20 
 1445      2D6D7468 
 1445      756D6220 
 1445      2D676764 
 1446              	.LASF75:
 1447 0314 63686172 		.ascii	"char\000"
 1447      00
 1448              	.LASF82:
 1449 0319 746D7263 		.ascii	"tmrcb\000"
 1449      6200
 1450              	.LASF63:
 1451 031f 6D5F6E65 		.ascii	"m_next\000"
 1451      787400
 1452              	.LASF25:
 1453 0326 73797374 		.ascii	"systime_t\000"
 1453      696D655F 
 1453      7400
 1454              	.LASF44:
 1455 0330 705F7265 		.ascii	"p_realprio\000"
 1455      616C7072 
 1455      696F00
 1456              	.LASF6:
 1457 033b 5F5F696E 		.ascii	"__int32_t\000"
 1457      7433325F 
 1457      7400
 1458              	.LASF84:
 1459 0345 65767453 		.ascii	"evtStop\000"
 1459      746F7000 
 1460              	.LASF38:
 1461 034d 705F7469 		.ascii	"p_time\000"
 1461      6D6500
ARM GAS  /tmp/ccSB7uMe.s 			page 29


 1462              	.LASF50:
 1463 0354 696E7463 		.ascii	"intctx\000"
 1463      747800
 1464              	.LASF40:
 1465 035b 705F6D73 		.ascii	"p_msgqueue\000"
 1465      67717565 
 1465      756500
 1466              	.LASF59:
 1467 0366 76745F70 		.ascii	"vt_par\000"
 1467      617200
 1468              	.LASF24:
 1469 036d 666C6167 		.ascii	"flagsmask_t\000"
 1469      736D6173 
 1469      6B5F7400 
 1470              	.LASF37:
 1471 0379 705F7265 		.ascii	"p_refs\000"
 1471      667300
 1472              	.LASF13:
 1473 0380 75696E74 		.ascii	"uint8_t\000"
 1473      385F7400 
 1474              	.LASF64:
 1475 0388 4576656E 		.ascii	"EventListener\000"
 1475      744C6973 
 1475      74656E65 
 1475      7200
 1476              	.LASF73:
 1477 0396 77746F62 		.ascii	"wtobjp\000"
 1477      6A7000
 1478              	.LASF33:
 1479 039d 705F6E61 		.ascii	"p_name\000"
 1479      6D6500
 1480              	.LASF70:
 1481 03a4 65735F6E 		.ascii	"es_next\000"
 1481      65787400 
 1482              	.LASF76:
 1483 03ac 65745F76 		.ascii	"et_vt\000"
 1483      7400
 1484              	.LASF62:
 1485 03b2 6D5F6F77 		.ascii	"m_owner\000"
 1485      6E657200 
 1486              	.LASF30:
 1487 03ba 705F6374 		.ascii	"p_ctx\000"
 1487      7800
 1488              	.LASF39:
 1489 03c0 705F7761 		.ascii	"p_waiting\000"
 1489      6974696E 
 1489      6700
 1490              		.ident	"GCC: (GNU Tools for ARM Embedded Processors) 4.9.3 20141119 (release) [ARM/embedded-4_9-br
ARM GAS  /tmp/ccSB7uMe.s 			page 30


DEFINED SYMBOLS
                            *ABS*:00000000 evtimer.c
     /tmp/ccSB7uMe.s:18     .text:00000000 $t
     /tmp/ccSB7uMe.s:22     .text:00000000 tmrcb
     /tmp/ccSB7uMe.s:79     .text:00000044 $d
     /tmp/ccSB7uMe.s:83     .text:00000048 $t
     /tmp/ccSB7uMe.s:88     .text:00000048 evtStart
     /tmp/ccSB7uMe.s:141    .text:00000084 $d
     /tmp/ccSB7uMe.s:145    .text:00000088 $t
     /tmp/ccSB7uMe.s:150    .text:00000088 evtStop
                     .debug_frame:00000010 $d

UNDEFINED SYMBOLS
dbg_check_lock_from_isr
chEvtBroadcastFlagsI
chVTSetI
dbg_check_unlock_from_isr
dbg_check_lock
dbg_check_unlock
chVTResetI
