ARM GAS  /tmp/ccD2sV5F.s 			page 1


   1              		.syntax unified
   2              		.cpu cortex-m4
   3              		.fpu softvfp
   4              		.eabi_attribute 20, 1
   5              		.eabi_attribute 21, 1
   6              		.eabi_attribute 23, 3
   7              		.eabi_attribute 24, 1
   8              		.eabi_attribute 25, 1
   9              		.eabi_attribute 26, 1
  10              		.eabi_attribute 30, 6
  11              		.eabi_attribute 34, 1
  12              		.eabi_attribute 18, 4
  13              		.thumb
  14              		.file	"hal.c"
  15              		.text
  16              	.Ltext0:
  17              		.cfi_sections	.debug_frame
  18              		.align	2
  19              		.global	halInit
  20              		.thumb
  21              		.thumb_func
  22              		.type	halInit, %function
  23              	halInit:
  24              	.LFB118:
  25              		.file 1 "/opt/R2P/core/ChibiOS_2.6.5/os/hal/src/hal.c"
  26              		.loc 1 68 0
  27              		.cfi_startproc
  28              		@ args = 0, pretend = 0, frame = 0
  29              		@ frame_needed = 0, uses_anonymous_args = 0
  30 0000 08B5     		push	{r3, lr}
  31              		.cfi_def_cfa_offset 8
  32              		.cfi_offset 3, -8
  33              		.cfi_offset 14, -4
  34              		.loc 1 70 0
  35 0002 FFF7FEFF 		bl	hal_lld_init
  36              		.loc 1 76 0
  37 0006 0848     		ldr	r0, .L2
  38 0008 FFF7FEFF 		bl	_pal_lld_init
  39              		.loc 1 91 0
  40 000c FFF7FEFF 		bl	i2cInit
  41              		.loc 1 103 0
  42 0010 FFF7FEFF 		bl	sdInit
  43              		.loc 1 109 0
  44 0014 FFF7FEFF 		bl	spiInit
  45              		.loc 1 115 0
  46 0018 FFF7FEFF 		bl	usbInit
  47              		.loc 1 121 0
  48 001c FFF7FEFF 		bl	sduInit
  49              		.loc 1 127 0
  50 0020 FFF7FEFF 		bl	boardInit
  51              		.loc 1 128 0
  52 0024 08BD     		pop	{r3, pc}
  53              	.L3:
  54 0026 00BF     		.align	2
  55              	.L2:
  56 0028 00000000 		.word	pal_default_config
  57              		.cfi_endproc
ARM GAS  /tmp/ccD2sV5F.s 			page 2


  58              	.LFE118:
  59              		.size	halInit, .-halInit
  60              		.align	2
  61              		.global	halIsCounterWithin
  62              		.thumb
  63              		.thumb_func
  64              		.type	halIsCounterWithin, %function
  65              	halIsCounterWithin:
  66              	.LFB119:
  67              		.loc 1 174 0
  68              		.cfi_startproc
  69              		@ args = 0, pretend = 0, frame = 16
  70              		@ frame_needed = 0, uses_anonymous_args = 0
  71              		@ link register save eliminated.
  72 002c 84B0     		sub	sp, sp, #16
  73              		.cfi_def_cfa_offset 16
  74 002e 0190     		str	r0, [sp, #4]
  75 0030 0091     		str	r1, [sp]
  76              		.loc 1 175 0
  77 0032 134B     		ldr	r3, .L13
  78 0034 5B68     		ldr	r3, [r3, #4]
  79 0036 0393     		str	r3, [sp, #12]
  80              		.loc 1 177 0
  81 0038 009A     		ldr	r2, [sp]
  82 003a 019B     		ldr	r3, [sp, #4]
  83 003c 9A42     		cmp	r2, r3
  84 003e 0ED9     		bls	.L5
  85              		.loc 1 177 0 is_stmt 0 discriminator 1
  86 0040 039A     		ldr	r2, [sp, #12]
  87 0042 019B     		ldr	r3, [sp, #4]
  88 0044 9A42     		cmp	r2, r3
  89 0046 05D3     		bcc	.L6
  90              		.loc 1 177 0 discriminator 2
  91 0048 039A     		ldr	r2, [sp, #12]
  92 004a 009B     		ldr	r3, [sp]
  93 004c 9A42     		cmp	r2, r3
  94 004e 01D2     		bcs	.L6
  95              		.loc 1 177 0 discriminator 4
  96 0050 0123     		movs	r3, #1
  97 0052 00E0     		b	.L7
  98              	.L6:
  99              		.loc 1 177 0 discriminator 5
 100 0054 0023     		movs	r3, #0
 101              	.L7:
 102              		.loc 1 177 0 discriminator 7
 103 0056 03F00103 		and	r3, r3, #1
 104 005a DBB2     		uxtb	r3, r3
 105 005c 0DE0     		b	.L8
 106              	.L5:
 107              		.loc 1 178 0 is_stmt 1
 108 005e 039A     		ldr	r2, [sp, #12]
 109 0060 019B     		ldr	r3, [sp, #4]
 110 0062 9A42     		cmp	r2, r3
 111 0064 03D2     		bcs	.L9
 112              		.loc 1 178 0 is_stmt 0 discriminator 2
 113 0066 039A     		ldr	r2, [sp, #12]
 114 0068 009B     		ldr	r3, [sp]
ARM GAS  /tmp/ccD2sV5F.s 			page 3


 115 006a 9A42     		cmp	r2, r3
 116 006c 01D2     		bcs	.L10
 117              	.L9:
 118              		.loc 1 178 0 discriminator 3
 119 006e 0123     		movs	r3, #1
 120 0070 00E0     		b	.L11
 121              	.L10:
 122              		.loc 1 178 0 discriminator 4
 123 0072 0023     		movs	r3, #0
 124              	.L11:
 125              		.loc 1 177 0 is_stmt 1 discriminator 9
 126 0074 03F00103 		and	r3, r3, #1
 127 0078 DBB2     		uxtb	r3, r3
 128              	.L8:
 129              		.loc 1 179 0 discriminator 8
 130 007a 1846     		mov	r0, r3
 131 007c 04B0     		add	sp, sp, #16
 132              		.cfi_def_cfa_offset 0
 133              		@ sp needed
 134 007e 7047     		bx	lr
 135              	.L14:
 136              		.align	2
 137              	.L13:
 138 0080 001000E0 		.word	-536866816
 139              		.cfi_endproc
 140              	.LFE119:
 141              		.size	halIsCounterWithin, .-halIsCounterWithin
 142              		.align	2
 143              		.global	halPolledDelay
 144              		.thumb
 145              		.thumb_func
 146              		.type	halPolledDelay, %function
 147              	halPolledDelay:
 148              	.LFB120:
 149              		.loc 1 193 0
 150              		.cfi_startproc
 151              		@ args = 0, pretend = 0, frame = 16
 152              		@ frame_needed = 0, uses_anonymous_args = 0
 153 0084 00B5     		push	{lr}
 154              		.cfi_def_cfa_offset 4
 155              		.cfi_offset 14, -4
 156 0086 85B0     		sub	sp, sp, #20
 157              		.cfi_def_cfa_offset 24
 158 0088 0190     		str	r0, [sp, #4]
 159              		.loc 1 194 0
 160 008a 094B     		ldr	r3, .L17
 161 008c 5B68     		ldr	r3, [r3, #4]
 162 008e 0393     		str	r3, [sp, #12]
 163              		.loc 1 195 0
 164 0090 039A     		ldr	r2, [sp, #12]
 165 0092 019B     		ldr	r3, [sp, #4]
 166 0094 1344     		add	r3, r3, r2
 167 0096 0293     		str	r3, [sp, #8]
 168              		.loc 1 196 0
 169 0098 00BF     		nop
 170              	.L16:
 171              		.loc 1 196 0 is_stmt 0 discriminator 1
ARM GAS  /tmp/ccD2sV5F.s 			page 4


 172 009a 0398     		ldr	r0, [sp, #12]
 173 009c 0299     		ldr	r1, [sp, #8]
 174 009e FFF7FEFF 		bl	halIsCounterWithin
 175 00a2 0346     		mov	r3, r0
 176 00a4 002B     		cmp	r3, #0
 177 00a6 F8D1     		bne	.L16
 178              		.loc 1 198 0 is_stmt 1
 179 00a8 05B0     		add	sp, sp, #20
 180              		.cfi_def_cfa_offset 4
 181              		@ sp needed
 182 00aa 5DF804FB 		ldr	pc, [sp], #4
 183              	.L18:
 184 00ae 00BF     		.align	2
 185              	.L17:
 186 00b0 001000E0 		.word	-536866816
 187              		.cfi_endproc
 188              	.LFE120:
 189              		.size	halPolledDelay, .-halPolledDelay
 190              	.Letext0:
 191              		.file 2 "/opt/R2P/tools/gcc-arm-none-eabi-4_9-2014q4/arm-none-eabi/include/machine/_default_types.
 192              		.file 3 "/opt/R2P/tools/gcc-arm-none-eabi-4_9-2014q4/arm-none-eabi/include/stdint.h"
 193              		.file 4 "/opt/R2P/core/ChibiOS_2.6.5/os/ports/GCC/ARMCMx/chtypes.h"
 194              		.file 5 "/opt/R2P/core/ChibiOS_2.6.5/os/ports/common/ARMCMx/nvic.h"
 195              		.file 6 "/opt/R2P/core/ChibiOS_2.6.5/os/hal/platforms/STM32F30x/hal_lld.h"
 196              		.file 7 "/opt/R2P/core/ChibiOS_2.6.5/os/hal/platforms/STM32/GPIOv2/pal_lld.h"
 197              		.file 8 "/opt/R2P/core/ChibiOS_2.6.5/os/ports/common/ARMCMx/CMSIS/include/core_cm4.h"
 198              		.section	.debug_info,"",%progbits
 199              	.Ldebug_info0:
 200 0000 C5020000 		.4byte	0x2c5
 201 0004 0400     		.2byte	0x4
 202 0006 00000000 		.4byte	.Ldebug_abbrev0
 203 000a 04       		.byte	0x4
 204 000b 01       		.uleb128 0x1
 205 000c E0000000 		.4byte	.LASF47
 206 0010 01       		.byte	0x1
 207 0011 0D020000 		.4byte	.LASF48
 208 0015 00000000 		.4byte	.Ltext0
 209 0019 B4000000 		.4byte	.Letext0-.Ltext0
 210 001d 00000000 		.4byte	.Ldebug_line0
 211 0021 02       		.uleb128 0x2
 212 0022 04       		.byte	0x4
 213 0023 05       		.byte	0x5
 214 0024 696E7400 		.ascii	"int\000"
 215 0028 03       		.uleb128 0x3
 216 0029 04       		.byte	0x4
 217 002a 07       		.byte	0x7
 218 002b 43000000 		.4byte	.LASF0
 219 002f 03       		.uleb128 0x3
 220 0030 01       		.byte	0x1
 221 0031 06       		.byte	0x6
 222 0032 7A020000 		.4byte	.LASF1
 223 0036 03       		.uleb128 0x3
 224 0037 01       		.byte	0x1
 225 0038 08       		.byte	0x8
 226 0039 85000000 		.4byte	.LASF2
 227 003d 03       		.uleb128 0x3
 228 003e 02       		.byte	0x2
ARM GAS  /tmp/ccD2sV5F.s 			page 5


 229 003f 05       		.byte	0x5
 230 0040 49020000 		.4byte	.LASF3
 231 0044 03       		.uleb128 0x3
 232 0045 02       		.byte	0x2
 233 0046 07       		.byte	0x7
 234 0047 30000000 		.4byte	.LASF4
 235 004b 04       		.uleb128 0x4
 236 004c 20000000 		.4byte	.LASF6
 237 0050 02       		.byte	0x2
 238 0051 3F       		.byte	0x3f
 239 0052 56000000 		.4byte	0x56
 240 0056 03       		.uleb128 0x3
 241 0057 04       		.byte	0x4
 242 0058 05       		.byte	0x5
 243 0059 6B020000 		.4byte	.LASF5
 244 005d 04       		.uleb128 0x4
 245 005e 92010000 		.4byte	.LASF7
 246 0062 02       		.byte	0x2
 247 0063 41       		.byte	0x41
 248 0064 68000000 		.4byte	0x68
 249 0068 03       		.uleb128 0x3
 250 0069 04       		.byte	0x4
 251 006a 07       		.byte	0x7
 252 006b AD000000 		.4byte	.LASF8
 253 006f 03       		.uleb128 0x3
 254 0070 08       		.byte	0x8
 255 0071 05       		.byte	0x5
 256 0072 00000000 		.4byte	.LASF9
 257 0076 03       		.uleb128 0x3
 258 0077 08       		.byte	0x8
 259 0078 07       		.byte	0x7
 260 0079 8C020000 		.4byte	.LASF10
 261 007d 04       		.uleb128 0x4
 262 007e EC010000 		.4byte	.LASF11
 263 0082 03       		.byte	0x3
 264 0083 2C       		.byte	0x2c
 265 0084 4B000000 		.4byte	0x4b
 266 0088 04       		.uleb128 0x4
 267 0089 62020000 		.4byte	.LASF12
 268 008d 03       		.byte	0x3
 269 008e 2D       		.byte	0x2d
 270 008f 5D000000 		.4byte	0x5d
 271 0093 04       		.uleb128 0x4
 272 0094 57000000 		.4byte	.LASF13
 273 0098 04       		.byte	0x4
 274 0099 2B       		.byte	0x2b
 275 009a 9E000000 		.4byte	0x9e
 276 009e 03       		.uleb128 0x3
 277 009f 01       		.byte	0x1
 278 00a0 02       		.byte	0x2
 279 00a1 86020000 		.4byte	.LASF14
 280 00a5 04       		.uleb128 0x4
 281 00a6 6E000000 		.4byte	.LASF15
 282 00aa 05       		.byte	0x5
 283 00ab 3A       		.byte	0x3a
 284 00ac B0000000 		.4byte	0xb0
 285 00b0 05       		.uleb128 0x5
ARM GAS  /tmp/ccD2sV5F.s 			page 6


 286 00b1 88000000 		.4byte	0x88
 287 00b5 03       		.uleb128 0x3
 288 00b6 04       		.byte	0x4
 289 00b7 07       		.byte	0x7
 290 00b8 F4010000 		.4byte	.LASF16
 291 00bc 06       		.uleb128 0x6
 292 00bd 20       		.byte	0x20
 293 00be 05       		.byte	0x5
 294 00bf 0601     		.2byte	0x106
 295 00c1 2E010000 		.4byte	0x12e
 296 00c5 07       		.uleb128 0x7
 297 00c6 D4010000 		.4byte	.LASF17
 298 00ca 05       		.byte	0x5
 299 00cb 0701     		.2byte	0x107
 300 00cd A5000000 		.4byte	0xa5
 301 00d1 00       		.byte	0
 302 00d2 07       		.uleb128 0x7
 303 00d3 A4010000 		.4byte	.LASF18
 304 00d7 05       		.byte	0x5
 305 00d8 0801     		.2byte	0x108
 306 00da A5000000 		.4byte	0xa5
 307 00de 04       		.byte	0x4
 308 00df 07       		.uleb128 0x7
 309 00e0 C4000000 		.4byte	.LASF19
 310 00e4 05       		.byte	0x5
 311 00e5 0901     		.2byte	0x109
 312 00e7 A5000000 		.4byte	0xa5
 313 00eb 08       		.byte	0x8
 314 00ec 07       		.uleb128 0x7
 315 00ed 5E000000 		.4byte	.LASF20
 316 00f1 05       		.byte	0x5
 317 00f2 0A01     		.2byte	0x10a
 318 00f4 A5000000 		.4byte	0xa5
 319 00f8 0C       		.byte	0xc
 320 00f9 07       		.uleb128 0x7
 321 00fa 65000000 		.4byte	.LASF21
 322 00fe 05       		.byte	0x5
 323 00ff 0B01     		.2byte	0x10b
 324 0101 A5000000 		.4byte	0xa5
 325 0105 10       		.byte	0x10
 326 0106 07       		.uleb128 0x7
 327 0107 9D010000 		.4byte	.LASF22
 328 010b 05       		.byte	0x5
 329 010c 0C01     		.2byte	0x10c
 330 010e A5000000 		.4byte	0xa5
 331 0112 14       		.byte	0x14
 332 0113 07       		.uleb128 0x7
 333 0114 D8000000 		.4byte	.LASF23
 334 0118 05       		.byte	0x5
 335 0119 0D01     		.2byte	0x10d
 336 011b A5000000 		.4byte	0xa5
 337 011f 18       		.byte	0x18
 338 0120 07       		.uleb128 0x7
 339 0121 1B000000 		.4byte	.LASF24
 340 0125 05       		.byte	0x5
 341 0126 0E01     		.2byte	0x10e
 342 0128 A5000000 		.4byte	0xa5
ARM GAS  /tmp/ccD2sV5F.s 			page 7


 343 012c 1C       		.byte	0x1c
 344 012d 00       		.byte	0
 345 012e 08       		.uleb128 0x8
 346 012f 5A020000 		.4byte	.LASF25
 347 0133 05       		.byte	0x5
 348 0134 0F01     		.2byte	0x10f
 349 0136 BC000000 		.4byte	0xbc
 350 013a 03       		.uleb128 0x3
 351 013b 01       		.byte	0x1
 352 013c 08       		.byte	0x8
 353 013d CF010000 		.4byte	.LASF26
 354 0141 05       		.uleb128 0x5
 355 0142 7D000000 		.4byte	0x7d
 356 0146 08       		.uleb128 0x8
 357 0147 C4010000 		.4byte	.LASF27
 358 014b 06       		.byte	0x6
 359 014c 4004     		.2byte	0x440
 360 014e 88000000 		.4byte	0x88
 361 0152 09       		.uleb128 0x9
 362 0153 1C       		.byte	0x1c
 363 0154 07       		.byte	0x7
 364 0155 A3       		.byte	0xa3
 365 0156 AF010000 		.4byte	0x1af
 366 015a 0A       		.uleb128 0xa
 367 015b 74020000 		.4byte	.LASF28
 368 015f 07       		.byte	0x7
 369 0160 A5       		.byte	0xa5
 370 0161 88000000 		.4byte	0x88
 371 0165 00       		.byte	0
 372 0166 0A       		.uleb128 0xa
 373 0167 50000000 		.4byte	.LASF29
 374 016b 07       		.byte	0x7
 375 016c A7       		.byte	0xa7
 376 016d 88000000 		.4byte	0x88
 377 0171 04       		.byte	0x4
 378 0172 0A       		.uleb128 0xa
 379 0173 FD010000 		.4byte	.LASF30
 380 0177 07       		.byte	0x7
 381 0178 A9       		.byte	0xa9
 382 0179 88000000 		.4byte	0x88
 383 017d 08       		.byte	0x8
 384 017e 0A       		.uleb128 0xa
 385 017f AB010000 		.4byte	.LASF31
 386 0183 07       		.byte	0x7
 387 0184 AB       		.byte	0xab
 388 0185 88000000 		.4byte	0x88
 389 0189 0C       		.byte	0xc
 390 018a 0B       		.uleb128 0xb
 391 018b 6F647200 		.ascii	"odr\000"
 392 018f 07       		.byte	0x7
 393 0190 AD       		.byte	0xad
 394 0191 88000000 		.4byte	0x88
 395 0195 10       		.byte	0x10
 396 0196 0A       		.uleb128 0xa
 397 0197 BF010000 		.4byte	.LASF32
 398 019b 07       		.byte	0x7
 399 019c AF       		.byte	0xaf
ARM GAS  /tmp/ccD2sV5F.s 			page 8


 400 019d 88000000 		.4byte	0x88
 401 01a1 14       		.byte	0x14
 402 01a2 0A       		.uleb128 0xa
 403 01a3 BF000000 		.4byte	.LASF33
 404 01a7 07       		.byte	0x7
 405 01a8 B1       		.byte	0xb1
 406 01a9 88000000 		.4byte	0x88
 407 01ad 18       		.byte	0x18
 408 01ae 00       		.byte	0
 409 01af 04       		.uleb128 0x4
 410 01b0 93000000 		.4byte	.LASF34
 411 01b4 07       		.byte	0x7
 412 01b5 B2       		.byte	0xb2
 413 01b6 52010000 		.4byte	0x152
 414 01ba 09       		.uleb128 0x9
 415 01bb A8       		.byte	0xa8
 416 01bc 07       		.byte	0x7
 417 01bd BB       		.byte	0xbb
 418 01be 0B020000 		.4byte	0x20b
 419 01c2 0A       		.uleb128 0xa
 420 01c3 A6000000 		.4byte	.LASF35
 421 01c7 07       		.byte	0x7
 422 01c8 BE       		.byte	0xbe
 423 01c9 AF010000 		.4byte	0x1af
 424 01cd 00       		.byte	0
 425 01ce 0A       		.uleb128 0xa
 426 01cf B8010000 		.4byte	.LASF36
 427 01d3 07       		.byte	0x7
 428 01d4 C2       		.byte	0xc2
 429 01d5 AF010000 		.4byte	0x1af
 430 01d9 1C       		.byte	0x1c
 431 01da 0A       		.uleb128 0xa
 432 01db 53020000 		.4byte	.LASF37
 433 01df 07       		.byte	0x7
 434 01e0 C6       		.byte	0xc6
 435 01e1 AF010000 		.4byte	0x1af
 436 01e5 38       		.byte	0x38
 437 01e6 0A       		.uleb128 0xa
 438 01e7 14000000 		.4byte	.LASF38
 439 01eb 07       		.byte	0x7
 440 01ec CA       		.byte	0xca
 441 01ed AF010000 		.4byte	0x1af
 442 01f1 54       		.byte	0x54
 443 01f2 0A       		.uleb128 0xa
 444 01f3 7E000000 		.4byte	.LASF39
 445 01f7 07       		.byte	0x7
 446 01f8 CE       		.byte	0xce
 447 01f9 AF010000 		.4byte	0x1af
 448 01fd 70       		.byte	0x70
 449 01fe 0A       		.uleb128 0xa
 450 01ff B1010000 		.4byte	.LASF40
 451 0203 07       		.byte	0x7
 452 0204 D2       		.byte	0xd2
 453 0205 AF010000 		.4byte	0x1af
 454 0209 8C       		.byte	0x8c
 455 020a 00       		.byte	0
 456 020b 04       		.uleb128 0x4
ARM GAS  /tmp/ccD2sV5F.s 			page 9


 457 020c 75010000 		.4byte	.LASF41
 458 0210 07       		.byte	0x7
 459 0211 E0       		.byte	0xe0
 460 0212 BA010000 		.4byte	0x1ba
 461 0216 0C       		.uleb128 0xc
 462 0217 76000000 		.4byte	.LASF49
 463 021b 01       		.byte	0x1
 464 021c 44       		.byte	0x44
 465 021d 00000000 		.4byte	.LFB118
 466 0221 2C000000 		.4byte	.LFE118-.LFB118
 467 0225 01       		.uleb128 0x1
 468 0226 9C       		.byte	0x9c
 469 0227 0D       		.uleb128 0xd
 470 0228 D9010000 		.4byte	.LASF50
 471 022c 01       		.byte	0x1
 472 022d AE       		.byte	0xae
 473 022e 93000000 		.4byte	0x93
 474 0232 2C000000 		.4byte	.LFB119
 475 0236 58000000 		.4byte	.LFE119-.LFB119
 476 023a 01       		.uleb128 0x1
 477 023b 9C       		.byte	0x9c
 478 023c 6B020000 		.4byte	0x26b
 479 0240 0E       		.uleb128 0xe
 480 0241 2A000000 		.4byte	.LASF42
 481 0245 01       		.byte	0x1
 482 0246 AE       		.byte	0xae
 483 0247 46010000 		.4byte	0x146
 484 024b 02       		.uleb128 0x2
 485 024c 91       		.byte	0x91
 486 024d 74       		.sleb128 -12
 487 024e 0F       		.uleb128 0xf
 488 024f 656E6400 		.ascii	"end\000"
 489 0253 01       		.byte	0x1
 490 0254 AE       		.byte	0xae
 491 0255 46010000 		.4byte	0x146
 492 0259 02       		.uleb128 0x2
 493 025a 91       		.byte	0x91
 494 025b 70       		.sleb128 -16
 495 025c 10       		.uleb128 0x10
 496 025d 6E6F7700 		.ascii	"now\000"
 497 0261 01       		.byte	0x1
 498 0262 AF       		.byte	0xaf
 499 0263 46010000 		.4byte	0x146
 500 0267 02       		.uleb128 0x2
 501 0268 91       		.byte	0x91
 502 0269 7C       		.sleb128 -4
 503 026a 00       		.byte	0
 504 026b 11       		.uleb128 0x11
 505 026c 3A020000 		.4byte	.LASF51
 506 0270 01       		.byte	0x1
 507 0271 C1       		.byte	0xc1
 508 0272 84000000 		.4byte	.LFB120
 509 0276 30000000 		.4byte	.LFE120-.LFB120
 510 027a 01       		.uleb128 0x1
 511 027b 9C       		.byte	0x9c
 512 027c AB020000 		.4byte	0x2ab
 513 0280 0E       		.uleb128 0xe
ARM GAS  /tmp/ccD2sV5F.s 			page 10


 514 0281 0E000000 		.4byte	.LASF43
 515 0285 01       		.byte	0x1
 516 0286 C1       		.byte	0xc1
 517 0287 46010000 		.4byte	0x146
 518 028b 02       		.uleb128 0x2
 519 028c 91       		.byte	0x91
 520 028d 6C       		.sleb128 -20
 521 028e 12       		.uleb128 0x12
 522 028f 2A000000 		.4byte	.LASF42
 523 0293 01       		.byte	0x1
 524 0294 C2       		.byte	0xc2
 525 0295 46010000 		.4byte	0x146
 526 0299 02       		.uleb128 0x2
 527 029a 91       		.byte	0x91
 528 029b 74       		.sleb128 -12
 529 029c 12       		.uleb128 0x12
 530 029d 05020000 		.4byte	.LASF44
 531 02a1 01       		.byte	0x1
 532 02a2 C3       		.byte	0xc3
 533 02a3 46010000 		.4byte	0x146
 534 02a7 02       		.uleb128 0x2
 535 02a8 91       		.byte	0x91
 536 02a9 70       		.sleb128 -16
 537 02aa 00       		.byte	0
 538 02ab 13       		.uleb128 0x13
 539 02ac CB000000 		.4byte	.LASF45
 540 02b0 08       		.byte	0x8
 541 02b1 9806     		.2byte	0x698
 542 02b3 41010000 		.4byte	0x141
 543 02b7 13       		.uleb128 0x13
 544 02b8 7F010000 		.4byte	.LASF46
 545 02bc 07       		.byte	0x7
 546 02bd BC01     		.2byte	0x1bc
 547 02bf C3020000 		.4byte	0x2c3
 548 02c3 14       		.uleb128 0x14
 549 02c4 0B020000 		.4byte	0x20b
 550 02c8 00       		.byte	0
 551              		.section	.debug_abbrev,"",%progbits
 552              	.Ldebug_abbrev0:
 553 0000 01       		.uleb128 0x1
 554 0001 11       		.uleb128 0x11
 555 0002 01       		.byte	0x1
 556 0003 25       		.uleb128 0x25
 557 0004 0E       		.uleb128 0xe
 558 0005 13       		.uleb128 0x13
 559 0006 0B       		.uleb128 0xb
 560 0007 03       		.uleb128 0x3
 561 0008 0E       		.uleb128 0xe
 562 0009 11       		.uleb128 0x11
 563 000a 01       		.uleb128 0x1
 564 000b 12       		.uleb128 0x12
 565 000c 06       		.uleb128 0x6
 566 000d 10       		.uleb128 0x10
 567 000e 17       		.uleb128 0x17
 568 000f 00       		.byte	0
 569 0010 00       		.byte	0
 570 0011 02       		.uleb128 0x2
ARM GAS  /tmp/ccD2sV5F.s 			page 11


 571 0012 24       		.uleb128 0x24
 572 0013 00       		.byte	0
 573 0014 0B       		.uleb128 0xb
 574 0015 0B       		.uleb128 0xb
 575 0016 3E       		.uleb128 0x3e
 576 0017 0B       		.uleb128 0xb
 577 0018 03       		.uleb128 0x3
 578 0019 08       		.uleb128 0x8
 579 001a 00       		.byte	0
 580 001b 00       		.byte	0
 581 001c 03       		.uleb128 0x3
 582 001d 24       		.uleb128 0x24
 583 001e 00       		.byte	0
 584 001f 0B       		.uleb128 0xb
 585 0020 0B       		.uleb128 0xb
 586 0021 3E       		.uleb128 0x3e
 587 0022 0B       		.uleb128 0xb
 588 0023 03       		.uleb128 0x3
 589 0024 0E       		.uleb128 0xe
 590 0025 00       		.byte	0
 591 0026 00       		.byte	0
 592 0027 04       		.uleb128 0x4
 593 0028 16       		.uleb128 0x16
 594 0029 00       		.byte	0
 595 002a 03       		.uleb128 0x3
 596 002b 0E       		.uleb128 0xe
 597 002c 3A       		.uleb128 0x3a
 598 002d 0B       		.uleb128 0xb
 599 002e 3B       		.uleb128 0x3b
 600 002f 0B       		.uleb128 0xb
 601 0030 49       		.uleb128 0x49
 602 0031 13       		.uleb128 0x13
 603 0032 00       		.byte	0
 604 0033 00       		.byte	0
 605 0034 05       		.uleb128 0x5
 606 0035 35       		.uleb128 0x35
 607 0036 00       		.byte	0
 608 0037 49       		.uleb128 0x49
 609 0038 13       		.uleb128 0x13
 610 0039 00       		.byte	0
 611 003a 00       		.byte	0
 612 003b 06       		.uleb128 0x6
 613 003c 13       		.uleb128 0x13
 614 003d 01       		.byte	0x1
 615 003e 0B       		.uleb128 0xb
 616 003f 0B       		.uleb128 0xb
 617 0040 3A       		.uleb128 0x3a
 618 0041 0B       		.uleb128 0xb
 619 0042 3B       		.uleb128 0x3b
 620 0043 05       		.uleb128 0x5
 621 0044 01       		.uleb128 0x1
 622 0045 13       		.uleb128 0x13
 623 0046 00       		.byte	0
 624 0047 00       		.byte	0
 625 0048 07       		.uleb128 0x7
 626 0049 0D       		.uleb128 0xd
 627 004a 00       		.byte	0
ARM GAS  /tmp/ccD2sV5F.s 			page 12


 628 004b 03       		.uleb128 0x3
 629 004c 0E       		.uleb128 0xe
 630 004d 3A       		.uleb128 0x3a
 631 004e 0B       		.uleb128 0xb
 632 004f 3B       		.uleb128 0x3b
 633 0050 05       		.uleb128 0x5
 634 0051 49       		.uleb128 0x49
 635 0052 13       		.uleb128 0x13
 636 0053 38       		.uleb128 0x38
 637 0054 0B       		.uleb128 0xb
 638 0055 00       		.byte	0
 639 0056 00       		.byte	0
 640 0057 08       		.uleb128 0x8
 641 0058 16       		.uleb128 0x16
 642 0059 00       		.byte	0
 643 005a 03       		.uleb128 0x3
 644 005b 0E       		.uleb128 0xe
 645 005c 3A       		.uleb128 0x3a
 646 005d 0B       		.uleb128 0xb
 647 005e 3B       		.uleb128 0x3b
 648 005f 05       		.uleb128 0x5
 649 0060 49       		.uleb128 0x49
 650 0061 13       		.uleb128 0x13
 651 0062 00       		.byte	0
 652 0063 00       		.byte	0
 653 0064 09       		.uleb128 0x9
 654 0065 13       		.uleb128 0x13
 655 0066 01       		.byte	0x1
 656 0067 0B       		.uleb128 0xb
 657 0068 0B       		.uleb128 0xb
 658 0069 3A       		.uleb128 0x3a
 659 006a 0B       		.uleb128 0xb
 660 006b 3B       		.uleb128 0x3b
 661 006c 0B       		.uleb128 0xb
 662 006d 01       		.uleb128 0x1
 663 006e 13       		.uleb128 0x13
 664 006f 00       		.byte	0
 665 0070 00       		.byte	0
 666 0071 0A       		.uleb128 0xa
 667 0072 0D       		.uleb128 0xd
 668 0073 00       		.byte	0
 669 0074 03       		.uleb128 0x3
 670 0075 0E       		.uleb128 0xe
 671 0076 3A       		.uleb128 0x3a
 672 0077 0B       		.uleb128 0xb
 673 0078 3B       		.uleb128 0x3b
 674 0079 0B       		.uleb128 0xb
 675 007a 49       		.uleb128 0x49
 676 007b 13       		.uleb128 0x13
 677 007c 38       		.uleb128 0x38
 678 007d 0B       		.uleb128 0xb
 679 007e 00       		.byte	0
 680 007f 00       		.byte	0
 681 0080 0B       		.uleb128 0xb
 682 0081 0D       		.uleb128 0xd
 683 0082 00       		.byte	0
 684 0083 03       		.uleb128 0x3
ARM GAS  /tmp/ccD2sV5F.s 			page 13


 685 0084 08       		.uleb128 0x8
 686 0085 3A       		.uleb128 0x3a
 687 0086 0B       		.uleb128 0xb
 688 0087 3B       		.uleb128 0x3b
 689 0088 0B       		.uleb128 0xb
 690 0089 49       		.uleb128 0x49
 691 008a 13       		.uleb128 0x13
 692 008b 38       		.uleb128 0x38
 693 008c 0B       		.uleb128 0xb
 694 008d 00       		.byte	0
 695 008e 00       		.byte	0
 696 008f 0C       		.uleb128 0xc
 697 0090 2E       		.uleb128 0x2e
 698 0091 00       		.byte	0
 699 0092 3F       		.uleb128 0x3f
 700 0093 19       		.uleb128 0x19
 701 0094 03       		.uleb128 0x3
 702 0095 0E       		.uleb128 0xe
 703 0096 3A       		.uleb128 0x3a
 704 0097 0B       		.uleb128 0xb
 705 0098 3B       		.uleb128 0x3b
 706 0099 0B       		.uleb128 0xb
 707 009a 27       		.uleb128 0x27
 708 009b 19       		.uleb128 0x19
 709 009c 11       		.uleb128 0x11
 710 009d 01       		.uleb128 0x1
 711 009e 12       		.uleb128 0x12
 712 009f 06       		.uleb128 0x6
 713 00a0 40       		.uleb128 0x40
 714 00a1 18       		.uleb128 0x18
 715 00a2 9642     		.uleb128 0x2116
 716 00a4 19       		.uleb128 0x19
 717 00a5 00       		.byte	0
 718 00a6 00       		.byte	0
 719 00a7 0D       		.uleb128 0xd
 720 00a8 2E       		.uleb128 0x2e
 721 00a9 01       		.byte	0x1
 722 00aa 3F       		.uleb128 0x3f
 723 00ab 19       		.uleb128 0x19
 724 00ac 03       		.uleb128 0x3
 725 00ad 0E       		.uleb128 0xe
 726 00ae 3A       		.uleb128 0x3a
 727 00af 0B       		.uleb128 0xb
 728 00b0 3B       		.uleb128 0x3b
 729 00b1 0B       		.uleb128 0xb
 730 00b2 27       		.uleb128 0x27
 731 00b3 19       		.uleb128 0x19
 732 00b4 49       		.uleb128 0x49
 733 00b5 13       		.uleb128 0x13
 734 00b6 11       		.uleb128 0x11
 735 00b7 01       		.uleb128 0x1
 736 00b8 12       		.uleb128 0x12
 737 00b9 06       		.uleb128 0x6
 738 00ba 40       		.uleb128 0x40
 739 00bb 18       		.uleb128 0x18
 740 00bc 9742     		.uleb128 0x2117
 741 00be 19       		.uleb128 0x19
ARM GAS  /tmp/ccD2sV5F.s 			page 14


 742 00bf 01       		.uleb128 0x1
 743 00c0 13       		.uleb128 0x13
 744 00c1 00       		.byte	0
 745 00c2 00       		.byte	0
 746 00c3 0E       		.uleb128 0xe
 747 00c4 05       		.uleb128 0x5
 748 00c5 00       		.byte	0
 749 00c6 03       		.uleb128 0x3
 750 00c7 0E       		.uleb128 0xe
 751 00c8 3A       		.uleb128 0x3a
 752 00c9 0B       		.uleb128 0xb
 753 00ca 3B       		.uleb128 0x3b
 754 00cb 0B       		.uleb128 0xb
 755 00cc 49       		.uleb128 0x49
 756 00cd 13       		.uleb128 0x13
 757 00ce 02       		.uleb128 0x2
 758 00cf 18       		.uleb128 0x18
 759 00d0 00       		.byte	0
 760 00d1 00       		.byte	0
 761 00d2 0F       		.uleb128 0xf
 762 00d3 05       		.uleb128 0x5
 763 00d4 00       		.byte	0
 764 00d5 03       		.uleb128 0x3
 765 00d6 08       		.uleb128 0x8
 766 00d7 3A       		.uleb128 0x3a
 767 00d8 0B       		.uleb128 0xb
 768 00d9 3B       		.uleb128 0x3b
 769 00da 0B       		.uleb128 0xb
 770 00db 49       		.uleb128 0x49
 771 00dc 13       		.uleb128 0x13
 772 00dd 02       		.uleb128 0x2
 773 00de 18       		.uleb128 0x18
 774 00df 00       		.byte	0
 775 00e0 00       		.byte	0
 776 00e1 10       		.uleb128 0x10
 777 00e2 34       		.uleb128 0x34
 778 00e3 00       		.byte	0
 779 00e4 03       		.uleb128 0x3
 780 00e5 08       		.uleb128 0x8
 781 00e6 3A       		.uleb128 0x3a
 782 00e7 0B       		.uleb128 0xb
 783 00e8 3B       		.uleb128 0x3b
 784 00e9 0B       		.uleb128 0xb
 785 00ea 49       		.uleb128 0x49
 786 00eb 13       		.uleb128 0x13
 787 00ec 02       		.uleb128 0x2
 788 00ed 18       		.uleb128 0x18
 789 00ee 00       		.byte	0
 790 00ef 00       		.byte	0
 791 00f0 11       		.uleb128 0x11
 792 00f1 2E       		.uleb128 0x2e
 793 00f2 01       		.byte	0x1
 794 00f3 3F       		.uleb128 0x3f
 795 00f4 19       		.uleb128 0x19
 796 00f5 03       		.uleb128 0x3
 797 00f6 0E       		.uleb128 0xe
 798 00f7 3A       		.uleb128 0x3a
ARM GAS  /tmp/ccD2sV5F.s 			page 15


 799 00f8 0B       		.uleb128 0xb
 800 00f9 3B       		.uleb128 0x3b
 801 00fa 0B       		.uleb128 0xb
 802 00fb 27       		.uleb128 0x27
 803 00fc 19       		.uleb128 0x19
 804 00fd 11       		.uleb128 0x11
 805 00fe 01       		.uleb128 0x1
 806 00ff 12       		.uleb128 0x12
 807 0100 06       		.uleb128 0x6
 808 0101 40       		.uleb128 0x40
 809 0102 18       		.uleb128 0x18
 810 0103 9642     		.uleb128 0x2116
 811 0105 19       		.uleb128 0x19
 812 0106 01       		.uleb128 0x1
 813 0107 13       		.uleb128 0x13
 814 0108 00       		.byte	0
 815 0109 00       		.byte	0
 816 010a 12       		.uleb128 0x12
 817 010b 34       		.uleb128 0x34
 818 010c 00       		.byte	0
 819 010d 03       		.uleb128 0x3
 820 010e 0E       		.uleb128 0xe
 821 010f 3A       		.uleb128 0x3a
 822 0110 0B       		.uleb128 0xb
 823 0111 3B       		.uleb128 0x3b
 824 0112 0B       		.uleb128 0xb
 825 0113 49       		.uleb128 0x49
 826 0114 13       		.uleb128 0x13
 827 0115 02       		.uleb128 0x2
 828 0116 18       		.uleb128 0x18
 829 0117 00       		.byte	0
 830 0118 00       		.byte	0
 831 0119 13       		.uleb128 0x13
 832 011a 34       		.uleb128 0x34
 833 011b 00       		.byte	0
 834 011c 03       		.uleb128 0x3
 835 011d 0E       		.uleb128 0xe
 836 011e 3A       		.uleb128 0x3a
 837 011f 0B       		.uleb128 0xb
 838 0120 3B       		.uleb128 0x3b
 839 0121 05       		.uleb128 0x5
 840 0122 49       		.uleb128 0x49
 841 0123 13       		.uleb128 0x13
 842 0124 3F       		.uleb128 0x3f
 843 0125 19       		.uleb128 0x19
 844 0126 3C       		.uleb128 0x3c
 845 0127 19       		.uleb128 0x19
 846 0128 00       		.byte	0
 847 0129 00       		.byte	0
 848 012a 14       		.uleb128 0x14
 849 012b 26       		.uleb128 0x26
 850 012c 00       		.byte	0
 851 012d 49       		.uleb128 0x49
 852 012e 13       		.uleb128 0x13
 853 012f 00       		.byte	0
 854 0130 00       		.byte	0
 855 0131 00       		.byte	0
ARM GAS  /tmp/ccD2sV5F.s 			page 16


 856              		.section	.debug_aranges,"",%progbits
 857 0000 1C000000 		.4byte	0x1c
 858 0004 0200     		.2byte	0x2
 859 0006 00000000 		.4byte	.Ldebug_info0
 860 000a 04       		.byte	0x4
 861 000b 00       		.byte	0
 862 000c 0000     		.2byte	0
 863 000e 0000     		.2byte	0
 864 0010 00000000 		.4byte	.Ltext0
 865 0014 B4000000 		.4byte	.Letext0-.Ltext0
 866 0018 00000000 		.4byte	0
 867 001c 00000000 		.4byte	0
 868              		.section	.debug_line,"",%progbits
 869              	.Ldebug_line0:
 870 0000 B0020000 		.section	.debug_str,"MS",%progbits,1
 870      02004302 
 870      00000201 
 870      FB0E0D00 
 870      01010101 
 871              	.LASF9:
 872 0000 6C6F6E67 		.ascii	"long long int\000"
 872      206C6F6E 
 872      6720696E 
 872      7400
 873              	.LASF43:
 874 000e 7469636B 		.ascii	"ticks\000"
 874      7300
 875              	.LASF38:
 876 0014 50444461 		.ascii	"PDData\000"
 876      746100
 877              	.LASF24:
 878 001b 50435352 		.ascii	"PCSR\000"
 878      00
 879              	.LASF6:
 880 0020 5F5F696E 		.ascii	"__int32_t\000"
 880      7433325F 
 880      7400
 881              	.LASF42:
 882 002a 73746172 		.ascii	"start\000"
 882      7400
 883              	.LASF4:
 884 0030 73686F72 		.ascii	"short unsigned int\000"
 884      7420756E 
 884      7369676E 
 884      65642069 
 884      6E7400
 885              	.LASF0:
 886 0043 756E7369 		.ascii	"unsigned int\000"
 886      676E6564 
 886      20696E74 
 886      00
 887              	.LASF29:
 888 0050 6F747970 		.ascii	"otyper\000"
 888      657200
 889              	.LASF13:
 890 0057 626F6F6C 		.ascii	"bool_t\000"
 890      5F7400
ARM GAS  /tmp/ccD2sV5F.s 			page 17


 891              	.LASF20:
 892 005e 45584343 		.ascii	"EXCCNT\000"
 892      4E5400
 893              	.LASF21:
 894 0065 534C4545 		.ascii	"SLEEPCNT\000"
 894      50434E54 
 894      00
 895              	.LASF15:
 896 006e 494F5245 		.ascii	"IOREG32\000"
 896      47333200 
 897              	.LASF49:
 898 0076 68616C49 		.ascii	"halInit\000"
 898      6E697400 
 899              	.LASF39:
 900 007e 50454461 		.ascii	"PEData\000"
 900      746100
 901              	.LASF2:
 902 0085 756E7369 		.ascii	"unsigned char\000"
 902      676E6564 
 902      20636861 
 902      7200
 903              	.LASF34:
 904 0093 73746D33 		.ascii	"stm32_gpio_setup_t\000"
 904      325F6770 
 904      696F5F73 
 904      65747570 
 904      5F7400
 905              	.LASF35:
 906 00a6 50414461 		.ascii	"PAData\000"
 906      746100
 907              	.LASF8:
 908 00ad 6C6F6E67 		.ascii	"long unsigned int\000"
 908      20756E73 
 908      69676E65 
 908      6420696E 
 908      7400
 909              	.LASF33:
 910 00bf 61667268 		.ascii	"afrh\000"
 910      00
 911              	.LASF19:
 912 00c4 43504943 		.ascii	"CPICNT\000"
 912      4E5400
 913              	.LASF45:
 914 00cb 49544D5F 		.ascii	"ITM_RxBuffer\000"
 914      52784275 
 914      66666572 
 914      00
 915              	.LASF23:
 916 00d8 464F4C44 		.ascii	"FOLDCNT\000"
 916      434E5400 
 917              	.LASF47:
 918 00e0 474E5520 		.ascii	"GNU C 4.9.3 20141119 (release) [ARM/embedded-4_9-br"
 918      4320342E 
 918      392E3320 
 918      32303134 
 918      31313139 
 919 0113 616E6368 		.ascii	"anch revision 218278] -mcpu=cortex-m4 -mno-thumb-in"
ARM GAS  /tmp/ccD2sV5F.s 			page 18


 919      20726576 
 919      6973696F 
 919      6E203231 
 919      38323738 
 920 0146 74657277 		.ascii	"terwork -mthumb -ggdb -O0 -fomit-frame-pointer\000"
 920      6F726B20 
 920      2D6D7468 
 920      756D6220 
 920      2D676764 
 921              	.LASF41:
 922 0175 50414C43 		.ascii	"PALConfig\000"
 922      6F6E6669 
 922      6700
 923              	.LASF46:
 924 017f 70616C5F 		.ascii	"pal_default_config\000"
 924      64656661 
 924      756C745F 
 924      636F6E66 
 924      696700
 925              	.LASF7:
 926 0192 5F5F7569 		.ascii	"__uint32_t\000"
 926      6E743332 
 926      5F7400
 927              	.LASF22:
 928 019d 4C535543 		.ascii	"LSUCNT\000"
 928      4E5400
 929              	.LASF18:
 930 01a4 43594343 		.ascii	"CYCCNT\000"
 930      4E5400
 931              	.LASF31:
 932 01ab 70757064 		.ascii	"pupdr\000"
 932      7200
 933              	.LASF40:
 934 01b1 50464461 		.ascii	"PFData\000"
 934      746100
 935              	.LASF36:
 936 01b8 50424461 		.ascii	"PBData\000"
 936      746100
 937              	.LASF32:
 938 01bf 6166726C 		.ascii	"afrl\000"
 938      00
 939              	.LASF27:
 940 01c4 68616C72 		.ascii	"halrtcnt_t\000"
 940      74636E74 
 940      5F7400
 941              	.LASF26:
 942 01cf 63686172 		.ascii	"char\000"
 942      00
 943              	.LASF17:
 944 01d4 4354524C 		.ascii	"CTRL\000"
 944      00
 945              	.LASF50:
 946 01d9 68616C49 		.ascii	"halIsCounterWithin\000"
 946      73436F75 
 946      6E746572 
 946      57697468 
 946      696E00
ARM GAS  /tmp/ccD2sV5F.s 			page 19


 947              	.LASF11:
 948 01ec 696E7433 		.ascii	"int32_t\000"
 948      325F7400 
 949              	.LASF16:
 950 01f4 73697A65 		.ascii	"sizetype\000"
 950      74797065 
 950      00
 951              	.LASF30:
 952 01fd 6F737065 		.ascii	"ospeedr\000"
 952      65647200 
 953              	.LASF44:
 954 0205 74696D65 		.ascii	"timeout\000"
 954      6F757400 
 955              	.LASF48:
 956 020d 2F6F7074 		.ascii	"/opt/R2P/core/ChibiOS_2.6.5/os/hal/src/hal.c\000"
 956      2F523250 
 956      2F636F72 
 956      652F4368 
 956      6962694F 
 957              	.LASF51:
 958 023a 68616C50 		.ascii	"halPolledDelay\000"
 958      6F6C6C65 
 958      6444656C 
 958      617900
 959              	.LASF3:
 960 0249 73686F72 		.ascii	"short int\000"
 960      7420696E 
 960      7400
 961              	.LASF37:
 962 0253 50434461 		.ascii	"PCData\000"
 962      746100
 963              	.LASF25:
 964 025a 434D785F 		.ascii	"CMx_DWT\000"
 964      44575400 
 965              	.LASF12:
 966 0262 75696E74 		.ascii	"uint32_t\000"
 966      33325F74 
 966      00
 967              	.LASF5:
 968 026b 6C6F6E67 		.ascii	"long int\000"
 968      20696E74 
 968      00
 969              	.LASF28:
 970 0274 6D6F6465 		.ascii	"moder\000"
 970      7200
 971              	.LASF1:
 972 027a 7369676E 		.ascii	"signed char\000"
 972      65642063 
 972      68617200 
 973              	.LASF14:
 974 0286 5F426F6F 		.ascii	"_Bool\000"
 974      6C00
 975              	.LASF10:
 976 028c 6C6F6E67 		.ascii	"long long unsigned int\000"
 976      206C6F6E 
 976      6720756E 
 976      7369676E 
ARM GAS  /tmp/ccD2sV5F.s 			page 20


 976      65642069 
 977              		.ident	"GCC: (GNU Tools for ARM Embedded Processors) 4.9.3 20141119 (release) [ARM/embedded-4_9-br
ARM GAS  /tmp/ccD2sV5F.s 			page 21


DEFINED SYMBOLS
                            *ABS*:00000000 hal.c
     /tmp/ccD2sV5F.s:18     .text:00000000 $t
     /tmp/ccD2sV5F.s:23     .text:00000000 halInit
     /tmp/ccD2sV5F.s:56     .text:00000028 $d
     /tmp/ccD2sV5F.s:60     .text:0000002c $t
     /tmp/ccD2sV5F.s:65     .text:0000002c halIsCounterWithin
     /tmp/ccD2sV5F.s:138    .text:00000080 $d
     /tmp/ccD2sV5F.s:142    .text:00000084 $t
     /tmp/ccD2sV5F.s:147    .text:00000084 halPolledDelay
     /tmp/ccD2sV5F.s:186    .text:000000b0 $d
                     .debug_frame:00000010 $d

UNDEFINED SYMBOLS
hal_lld_init
_pal_lld_init
i2cInit
sdInit
spiInit
usbInit
sduInit
boardInit
pal_default_config
