ARM GAS  /tmp/ccdYoXcp.s 			page 1


   1              		.syntax unified
   2              		.cpu cortex-m4
   3              		.fpu softvfp
   4              		.eabi_attribute 20, 1
   5              		.eabi_attribute 21, 1
   6              		.eabi_attribute 23, 3
   7              		.eabi_attribute 24, 1
   8              		.eabi_attribute 25, 1
   9              		.eabi_attribute 26, 1
  10              		.eabi_attribute 30, 6
  11              		.eabi_attribute 34, 1
  12              		.eabi_attribute 18, 4
  13              		.thumb
  14              		.file	"hrt.c"
  15              		.text
  16              	.Ltext0:
  17              		.cfi_sections	.debug_frame
  18              	.Letext0:
  19              		.file 1 "/opt/R2P/tools/gcc-arm-none-eabi-4_9-2014q4/arm-none-eabi/include/machine/_default_types.
  20              		.file 2 "/opt/R2P/tools/gcc-arm-none-eabi-4_9-2014q4/arm-none-eabi/include/stdint.h"
  21              		.file 3 "/opt/R2P/core/ChibiOS_2.6.5/os/ports/common/ARMCMx/CMSIS/include/core_cm4.h"
  22              		.section	.debug_info,"",%progbits
  23              	.Ldebug_info0:
  24 0000 98000000 		.4byte	0x98
  25 0004 0400     		.2byte	0x4
  26 0006 00000000 		.4byte	.Ldebug_abbrev0
  27 000a 04       		.byte	0x4
  28 000b 01       		.uleb128 0x1
  29 000c 75000000 		.4byte	.LASF14
  30 0010 01       		.byte	0x1
  31 0011 2E000000 		.4byte	.LASF15
  32 0015 00000000 		.4byte	.Ldebug_line0
  33 0019 02       		.uleb128 0x2
  34 001a 01       		.byte	0x1
  35 001b 06       		.byte	0x6
  36 001c 39010000 		.4byte	.LASF0
  37 0020 02       		.uleb128 0x2
  38 0021 01       		.byte	0x1
  39 0022 08       		.byte	0x8
  40 0023 0A010000 		.4byte	.LASF1
  41 0027 02       		.uleb128 0x2
  42 0028 02       		.byte	0x2
  43 0029 05       		.byte	0x5
  44 002a 4F010000 		.4byte	.LASF2
  45 002e 02       		.uleb128 0x2
  46 002f 02       		.byte	0x2
  47 0030 07       		.byte	0x7
  48 0031 0E000000 		.4byte	.LASF3
  49 0035 03       		.uleb128 0x3
  50 0036 45010000 		.4byte	.LASF9
  51 003a 01       		.byte	0x1
  52 003b 3F       		.byte	0x3f
  53 003c 40000000 		.4byte	0x40
  54 0040 02       		.uleb128 0x2
  55 0041 04       		.byte	0x4
  56 0042 05       		.byte	0x5
  57 0043 1D010000 		.4byte	.LASF4
ARM GAS  /tmp/ccdYoXcp.s 			page 2


  58 0047 02       		.uleb128 0x2
  59 0048 04       		.byte	0x4
  60 0049 07       		.byte	0x7
  61 004a 4C000000 		.4byte	.LASF5
  62 004e 02       		.uleb128 0x2
  63 004f 08       		.byte	0x8
  64 0050 05       		.byte	0x5
  65 0051 00000000 		.4byte	.LASF6
  66 0055 02       		.uleb128 0x2
  67 0056 08       		.byte	0x8
  68 0057 07       		.byte	0x7
  69 0058 5E000000 		.4byte	.LASF7
  70 005c 04       		.uleb128 0x4
  71 005d 04       		.byte	0x4
  72 005e 05       		.byte	0x5
  73 005f 696E7400 		.ascii	"int\000"
  74 0063 02       		.uleb128 0x2
  75 0064 04       		.byte	0x4
  76 0065 07       		.byte	0x7
  77 0066 21000000 		.4byte	.LASF8
  78 006a 03       		.uleb128 0x3
  79 006b 59010000 		.4byte	.LASF10
  80 006f 02       		.byte	0x2
  81 0070 2C       		.byte	0x2c
  82 0071 35000000 		.4byte	0x35
  83 0075 02       		.uleb128 0x2
  84 0076 01       		.byte	0x1
  85 0077 02       		.byte	0x2
  86 0078 26010000 		.4byte	.LASF11
  87 007c 02       		.uleb128 0x2
  88 007d 04       		.byte	0x4
  89 007e 07       		.byte	0x7
  90 007f 61010000 		.4byte	.LASF12
  91 0083 02       		.uleb128 0x2
  92 0084 01       		.byte	0x1
  93 0085 08       		.byte	0x8
  94 0086 18010000 		.4byte	.LASF13
  95 008a 05       		.uleb128 0x5
  96 008b 6A000000 		.4byte	0x6a
  97 008f 06       		.uleb128 0x6
  98 0090 2C010000 		.4byte	.LASF16
  99 0094 03       		.byte	0x3
 100 0095 9806     		.2byte	0x698
 101 0097 8A000000 		.4byte	0x8a
 102 009b 00       		.byte	0
 103              		.section	.debug_abbrev,"",%progbits
 104              	.Ldebug_abbrev0:
 105 0000 01       		.uleb128 0x1
 106 0001 11       		.uleb128 0x11
 107 0002 01       		.byte	0x1
 108 0003 25       		.uleb128 0x25
 109 0004 0E       		.uleb128 0xe
 110 0005 13       		.uleb128 0x13
 111 0006 0B       		.uleb128 0xb
 112 0007 03       		.uleb128 0x3
 113 0008 0E       		.uleb128 0xe
 114 0009 10       		.uleb128 0x10
ARM GAS  /tmp/ccdYoXcp.s 			page 3


 115 000a 17       		.uleb128 0x17
 116 000b 00       		.byte	0
 117 000c 00       		.byte	0
 118 000d 02       		.uleb128 0x2
 119 000e 24       		.uleb128 0x24
 120 000f 00       		.byte	0
 121 0010 0B       		.uleb128 0xb
 122 0011 0B       		.uleb128 0xb
 123 0012 3E       		.uleb128 0x3e
 124 0013 0B       		.uleb128 0xb
 125 0014 03       		.uleb128 0x3
 126 0015 0E       		.uleb128 0xe
 127 0016 00       		.byte	0
 128 0017 00       		.byte	0
 129 0018 03       		.uleb128 0x3
 130 0019 16       		.uleb128 0x16
 131 001a 00       		.byte	0
 132 001b 03       		.uleb128 0x3
 133 001c 0E       		.uleb128 0xe
 134 001d 3A       		.uleb128 0x3a
 135 001e 0B       		.uleb128 0xb
 136 001f 3B       		.uleb128 0x3b
 137 0020 0B       		.uleb128 0xb
 138 0021 49       		.uleb128 0x49
 139 0022 13       		.uleb128 0x13
 140 0023 00       		.byte	0
 141 0024 00       		.byte	0
 142 0025 04       		.uleb128 0x4
 143 0026 24       		.uleb128 0x24
 144 0027 00       		.byte	0
 145 0028 0B       		.uleb128 0xb
 146 0029 0B       		.uleb128 0xb
 147 002a 3E       		.uleb128 0x3e
 148 002b 0B       		.uleb128 0xb
 149 002c 03       		.uleb128 0x3
 150 002d 08       		.uleb128 0x8
 151 002e 00       		.byte	0
 152 002f 00       		.byte	0
 153 0030 05       		.uleb128 0x5
 154 0031 35       		.uleb128 0x35
 155 0032 00       		.byte	0
 156 0033 49       		.uleb128 0x49
 157 0034 13       		.uleb128 0x13
 158 0035 00       		.byte	0
 159 0036 00       		.byte	0
 160 0037 06       		.uleb128 0x6
 161 0038 34       		.uleb128 0x34
 162 0039 00       		.byte	0
 163 003a 03       		.uleb128 0x3
 164 003b 0E       		.uleb128 0xe
 165 003c 3A       		.uleb128 0x3a
 166 003d 0B       		.uleb128 0xb
 167 003e 3B       		.uleb128 0x3b
 168 003f 05       		.uleb128 0x5
 169 0040 49       		.uleb128 0x49
 170 0041 13       		.uleb128 0x13
 171 0042 3F       		.uleb128 0x3f
ARM GAS  /tmp/ccdYoXcp.s 			page 4


 172 0043 19       		.uleb128 0x19
 173 0044 3C       		.uleb128 0x3c
 174 0045 19       		.uleb128 0x19
 175 0046 00       		.byte	0
 176 0047 00       		.byte	0
 177 0048 00       		.byte	0
 178              		.section	.debug_aranges,"",%progbits
 179 0000 14000000 		.4byte	0x14
 180 0004 0200     		.2byte	0x2
 181 0006 00000000 		.4byte	.Ldebug_info0
 182 000a 04       		.byte	0x4
 183 000b 00       		.byte	0
 184 000c 0000     		.2byte	0
 185 000e 0000     		.2byte	0
 186 0010 00000000 		.4byte	0
 187 0014 00000000 		.4byte	0
 188              		.section	.debug_line,"",%progbits
 189              	.Ldebug_line0:
 190 0000 14010000 		.section	.debug_str,"MS",%progbits,1
 190      02000E01 
 190      00000201 
 190      FB0E0D00 
 190      01010101 
 191              	.LASF6:
 192 0000 6C6F6E67 		.ascii	"long long int\000"
 192      206C6F6E 
 192      6720696E 
 192      7400
 193              	.LASF3:
 194 000e 73686F72 		.ascii	"short unsigned int\000"
 194      7420756E 
 194      7369676E 
 194      65642069 
 194      6E7400
 195              	.LASF8:
 196 0021 756E7369 		.ascii	"unsigned int\000"
 196      676E6564 
 196      20696E74 
 196      00
 197              	.LASF15:
 198 002e 2F6F7074 		.ascii	"/opt/R2P/core/RTCAN/src/hrt.c\000"
 198      2F523250 
 198      2F636F72 
 198      652F5254 
 198      43414E2F 
 199              	.LASF5:
 200 004c 6C6F6E67 		.ascii	"long unsigned int\000"
 200      20756E73 
 200      69676E65 
 200      6420696E 
 200      7400
 201              	.LASF7:
 202 005e 6C6F6E67 		.ascii	"long long unsigned int\000"
 202      206C6F6E 
 202      6720756E 
 202      7369676E 
 202      65642069 
ARM GAS  /tmp/ccdYoXcp.s 			page 5


 203              	.LASF14:
 204 0075 474E5520 		.ascii	"GNU C 4.9.3 20141119 (release) [ARM/embedded-4_9-br"
 204      4320342E 
 204      392E3320 
 204      32303134 
 204      31313139 
 205 00a8 616E6368 		.ascii	"anch revision 218278] -mcpu=cortex-m4 -mno-thumb-in"
 205      20726576 
 205      6973696F 
 205      6E203231 
 205      38323738 
 206 00db 74657277 		.ascii	"terwork -mthumb -ggdb -O0 -fomit-frame-pointer\000"
 206      6F726B20 
 206      2D6D7468 
 206      756D6220 
 206      2D676764 
 207              	.LASF1:
 208 010a 756E7369 		.ascii	"unsigned char\000"
 208      676E6564 
 208      20636861 
 208      7200
 209              	.LASF13:
 210 0118 63686172 		.ascii	"char\000"
 210      00
 211              	.LASF4:
 212 011d 6C6F6E67 		.ascii	"long int\000"
 212      20696E74 
 212      00
 213              	.LASF11:
 214 0126 5F426F6F 		.ascii	"_Bool\000"
 214      6C00
 215              	.LASF16:
 216 012c 49544D5F 		.ascii	"ITM_RxBuffer\000"
 216      52784275 
 216      66666572 
 216      00
 217              	.LASF0:
 218 0139 7369676E 		.ascii	"signed char\000"
 218      65642063 
 218      68617200 
 219              	.LASF9:
 220 0145 5F5F696E 		.ascii	"__int32_t\000"
 220      7433325F 
 220      7400
 221              	.LASF2:
 222 014f 73686F72 		.ascii	"short int\000"
 222      7420696E 
 222      7400
 223              	.LASF10:
 224 0159 696E7433 		.ascii	"int32_t\000"
 224      325F7400 
 225              	.LASF12:
 226 0161 73697A65 		.ascii	"sizetype\000"
 226      74797065 
 226      00
 227              		.ident	"GCC: (GNU Tools for ARM Embedded Processors) 4.9.3 20141119 (release) [ARM/embedded-4_9-br
ARM GAS  /tmp/ccdYoXcp.s 			page 6


DEFINED SYMBOLS
                            *ABS*:00000000 hrt.c

NO UNDEFINED SYMBOLS
