ARM GAS  /tmp/ccvJbbqm.s 			page 1


   1              		.syntax unified
   2              		.cpu cortex-m4
   3              		.fpu softvfp
   4              		.eabi_attribute 20, 1
   5              		.eabi_attribute 21, 1
   6              		.eabi_attribute 23, 3
   7              		.eabi_attribute 24, 1
   8              		.eabi_attribute 25, 1
   9              		.eabi_attribute 26, 1
  10              		.eabi_attribute 30, 6
  11              		.eabi_attribute 34, 1
  12              		.eabi_attribute 18, 4
  13              		.thumb
  14              		.file	"msgqueue.c"
  15              		.text
  16              	.Ltext0:
  17              		.cfi_sections	.debug_frame
  18              		.align	2
  19              		.global	msgqueue_init
  20              		.thumb
  21              		.thumb_func
  22              		.type	msgqueue_init, %function
  23              	msgqueue_init:
  24              	.LFB118:
  25              		.file 1 "/opt/R2P/core/RTCAN/src/msgqueue.c"
  26              		.loc 1 11 0
  27              		.cfi_startproc
  28              		@ args = 0, pretend = 0, frame = 8
  29              		@ frame_needed = 0, uses_anonymous_args = 0
  30              		@ link register save eliminated.
  31 0000 82B0     		sub	sp, sp, #8
  32              		.cfi_def_cfa_offset 8
  33 0002 0190     		str	r0, [sp, #4]
  34              		.loc 1 12 0
  35 0004 019B     		ldr	r3, [sp, #4]
  36 0006 019A     		ldr	r2, [sp, #4]
  37 0008 1A60     		str	r2, [r3]
  38              		.loc 1 13 0
  39 000a 02B0     		add	sp, sp, #8
  40              		.cfi_def_cfa_offset 0
  41              		@ sp needed
  42 000c 7047     		bx	lr
  43              		.cfi_endproc
  44              	.LFE118:
  45              		.size	msgqueue_init, .-msgqueue_init
  46              		.section	.rodata
  47              		.align	2
  48              	.LC0:
  49 0000 226D7367 		.ascii	"\"msgqueue_insert\"()\000"
  49      71756575 
  49      655F696E 
  49      73657274 
  49      22282900 
  50              		.text
  51 000e 00BF     		.align	2
  52              		.global	msgqueue_insert
  53              		.thumb
ARM GAS  /tmp/ccvJbbqm.s 			page 2


  54              		.thumb_func
  55              		.type	msgqueue_insert, %function
  56              	msgqueue_insert:
  57              	.LFB119:
  58              		.loc 1 16 0
  59              		.cfi_startproc
  60              		@ args = 0, pretend = 0, frame = 16
  61              		@ frame_needed = 0, uses_anonymous_args = 0
  62 0010 00B5     		push	{lr}
  63              		.cfi_def_cfa_offset 4
  64              		.cfi_offset 14, -4
  65 0012 85B0     		sub	sp, sp, #20
  66              		.cfi_def_cfa_offset 24
  67 0014 0190     		str	r0, [sp, #4]
  68 0016 0091     		str	r1, [sp]
  69              		.loc 1 17 0
  70 0018 019B     		ldr	r3, [sp, #4]
  71 001a 0393     		str	r3, [sp, #12]
  72              		.loc 1 19 0
  73 001c 019B     		ldr	r3, [sp, #4]
  74 001e 002B     		cmp	r3, #0
  75 0020 02D0     		beq	.L3
  76              		.loc 1 19 0 is_stmt 0 discriminator 2
  77 0022 009B     		ldr	r3, [sp]
  78 0024 002B     		cmp	r3, #0
  79 0026 02D1     		bne	.L4
  80              	.L3:
  81              		.loc 1 19 0 discriminator 3
  82 0028 0F48     		ldr	r0, .L9
  83 002a FFF7FEFF 		bl	chDbgPanic
  84              	.L4:
  85              		.loc 1 22 0 is_stmt 1
  86 002e 0BE0     		b	.L5
  87              	.L8:
  88              		.loc 1 23 0
  89 0030 039B     		ldr	r3, [sp, #12]
  90 0032 D3F80D20 		ldr	r2, [r3, #13]	@ unaligned
  91 0036 009B     		ldr	r3, [sp]
  92 0038 D3F80D30 		ldr	r3, [r3, #13]	@ unaligned
  93 003c 9A42     		cmp	r2, r3
  94 003e 00D9     		bls	.L6
  95              		.loc 1 24 0
  96 0040 07E0     		b	.L7
  97              	.L6:
  98              		.loc 1 26 0
  99 0042 039B     		ldr	r3, [sp, #12]
 100 0044 1B68     		ldr	r3, [r3]	@ unaligned
 101 0046 0393     		str	r3, [sp, #12]
 102              	.L5:
 103              		.loc 1 22 0
 104 0048 039B     		ldr	r3, [sp, #12]
 105 004a 1A68     		ldr	r2, [r3]	@ unaligned
 106 004c 019B     		ldr	r3, [sp, #4]
 107 004e 9A42     		cmp	r2, r3
 108 0050 EED1     		bne	.L8
 109              	.L7:
 110              		.loc 1 29 0
ARM GAS  /tmp/ccvJbbqm.s 			page 3


 111 0052 039B     		ldr	r3, [sp, #12]
 112 0054 1A68     		ldr	r2, [r3]	@ unaligned
 113 0056 009B     		ldr	r3, [sp]
 114 0058 1A60     		str	r2, [r3]	@ unaligned
 115              		.loc 1 30 0
 116 005a 039B     		ldr	r3, [sp, #12]
 117 005c 009A     		ldr	r2, [sp]
 118 005e 1A60     		str	r2, [r3]	@ unaligned
 119              		.loc 1 31 0
 120 0060 05B0     		add	sp, sp, #20
 121              		.cfi_def_cfa_offset 4
 122              		@ sp needed
 123 0062 5DF804FB 		ldr	pc, [sp], #4
 124              	.L10:
 125 0066 00BF     		.align	2
 126              	.L9:
 127 0068 00000000 		.word	.LC0
 128              		.cfi_endproc
 129              	.LFE119:
 130              		.size	msgqueue_insert, .-msgqueue_insert
 131              		.section	.rodata
 132              		.align	2
 133              	.LC1:
 134 0014 226D7367 		.ascii	"\"msgqueue_remove\"()\000"
 134      71756575 
 134      655F7265 
 134      6D6F7665 
 134      22282900 
 135              		.align	2
 136              	.LC2:
 137 0028 6D736771 		.ascii	"msgqueue_remove(), #1\000"
 137      75657565 
 137      5F72656D 
 137      6F766528 
 137      292C2023 
 138              		.text
 139              		.align	2
 140              		.global	msgqueue_remove
 141              		.thumb
 142              		.thumb_func
 143              		.type	msgqueue_remove, %function
 144              	msgqueue_remove:
 145              	.LFB120:
 146              		.loc 1 34 0
 147              		.cfi_startproc
 148              		@ args = 0, pretend = 0, frame = 16
 149              		@ frame_needed = 0, uses_anonymous_args = 0
 150 006c 00B5     		push	{lr}
 151              		.cfi_def_cfa_offset 4
 152              		.cfi_offset 14, -4
 153 006e 85B0     		sub	sp, sp, #20
 154              		.cfi_def_cfa_offset 24
 155 0070 0190     		str	r0, [sp, #4]
 156 0072 0091     		str	r1, [sp]
 157              		.loc 1 37 0
 158 0074 019B     		ldr	r3, [sp, #4]
 159 0076 002B     		cmp	r3, #0
ARM GAS  /tmp/ccvJbbqm.s 			page 4


 160 0078 02D0     		beq	.L12
 161              		.loc 1 37 0 is_stmt 0 discriminator 2
 162 007a 009B     		ldr	r3, [sp]
 163 007c 002B     		cmp	r3, #0
 164 007e 02D1     		bne	.L13
 165              	.L12:
 166              		.loc 1 37 0 discriminator 3
 167 0080 0E48     		ldr	r0, .L17
 168 0082 FFF7FEFF 		bl	chDbgPanic
 169              	.L13:
 170              		.loc 1 38 0 is_stmt 1
 171 0086 019B     		ldr	r3, [sp, #4]
 172 0088 1A68     		ldr	r2, [r3]
 173 008a 019B     		ldr	r3, [sp, #4]
 174 008c 9A42     		cmp	r2, r3
 175 008e 02D1     		bne	.L14
 176              		.loc 1 38 0 is_stmt 0 discriminator 1
 177 0090 0B48     		ldr	r0, .L17+4
 178 0092 FFF7FEFF 		bl	chDbgPanic
 179              	.L14:
 180              		.loc 1 41 0 is_stmt 1
 181 0096 019B     		ldr	r3, [sp, #4]
 182 0098 0393     		str	r3, [sp, #12]
 183              		.loc 1 43 0
 184 009a 02E0     		b	.L15
 185              	.L16:
 186              		.loc 1 44 0
 187 009c 039B     		ldr	r3, [sp, #12]
 188 009e 1B68     		ldr	r3, [r3]	@ unaligned
 189 00a0 0393     		str	r3, [sp, #12]
 190              	.L15:
 191              		.loc 1 43 0
 192 00a2 039B     		ldr	r3, [sp, #12]
 193 00a4 1A68     		ldr	r2, [r3]	@ unaligned
 194 00a6 009B     		ldr	r3, [sp]
 195 00a8 9A42     		cmp	r2, r3
 196 00aa F7D1     		bne	.L16
 197              		.loc 1 47 0
 198 00ac 009B     		ldr	r3, [sp]
 199 00ae 1A68     		ldr	r2, [r3]	@ unaligned
 200 00b0 039B     		ldr	r3, [sp, #12]
 201 00b2 1A60     		str	r2, [r3]	@ unaligned
 202              		.loc 1 48 0
 203 00b4 05B0     		add	sp, sp, #20
 204              		.cfi_def_cfa_offset 4
 205              		@ sp needed
 206 00b6 5DF804FB 		ldr	pc, [sp], #4
 207              	.L18:
 208 00ba 00BF     		.align	2
 209              	.L17:
 210 00bc 14000000 		.word	.LC1
 211 00c0 28000000 		.word	.LC2
 212              		.cfi_endproc
 213              	.LFE120:
 214              		.size	msgqueue_remove, .-msgqueue_remove
 215              		.section	.rodata
 216 003e 0000     		.align	2
ARM GAS  /tmp/ccvJbbqm.s 			page 5


 217              	.LC3:
 218 0040 226D7367 		.ascii	"\"msgqueue_get\"()\000"
 218      71756575 
 218      655F6765 
 218      74222829 
 218      00
 219 0051 000000   		.align	2
 220              	.LC4:
 221 0054 6D736771 		.ascii	"msgqueue_get(), #1\000"
 221      75657565 
 221      5F676574 
 221      28292C20 
 221      233100
 222 0067 00       		.text
 223              		.align	2
 224              		.global	msgqueue_get
 225              		.thumb
 226              		.thumb_func
 227              		.type	msgqueue_get, %function
 228              	msgqueue_get:
 229              	.LFB121:
 230              		.loc 1 50 0
 231              		.cfi_startproc
 232              		@ args = 0, pretend = 0, frame = 16
 233              		@ frame_needed = 0, uses_anonymous_args = 0
 234 00c4 00B5     		push	{lr}
 235              		.cfi_def_cfa_offset 4
 236              		.cfi_offset 14, -4
 237 00c6 85B0     		sub	sp, sp, #20
 238              		.cfi_def_cfa_offset 24
 239 00c8 0190     		str	r0, [sp, #4]
 240              		.loc 1 53 0
 241 00ca 019B     		ldr	r3, [sp, #4]
 242 00cc 002B     		cmp	r3, #0
 243 00ce 02D1     		bne	.L20
 244              		.loc 1 53 0 is_stmt 0 discriminator 1
 245 00d0 0B48     		ldr	r0, .L23
 246 00d2 FFF7FEFF 		bl	chDbgPanic
 247              	.L20:
 248              		.loc 1 54 0 is_stmt 1
 249 00d6 019B     		ldr	r3, [sp, #4]
 250 00d8 1A68     		ldr	r2, [r3]
 251 00da 019B     		ldr	r3, [sp, #4]
 252 00dc 9A42     		cmp	r2, r3
 253 00de 02D1     		bne	.L21
 254              		.loc 1 54 0 is_stmt 0 discriminator 1
 255 00e0 0848     		ldr	r0, .L23+4
 256 00e2 FFF7FEFF 		bl	chDbgPanic
 257              	.L21:
 258              		.loc 1 57 0 is_stmt 1
 259 00e6 019B     		ldr	r3, [sp, #4]
 260 00e8 1B68     		ldr	r3, [r3]
 261 00ea 0393     		str	r3, [sp, #12]
 262              		.loc 1 58 0
 263 00ec 039B     		ldr	r3, [sp, #12]
 264 00ee 1A68     		ldr	r2, [r3]	@ unaligned
 265 00f0 019B     		ldr	r3, [sp, #4]
ARM GAS  /tmp/ccvJbbqm.s 			page 6


 266 00f2 1A60     		str	r2, [r3]
 267              		.loc 1 60 0
 268 00f4 039B     		ldr	r3, [sp, #12]
 269              		.loc 1 61 0
 270 00f6 1846     		mov	r0, r3
 271 00f8 05B0     		add	sp, sp, #20
 272              		.cfi_def_cfa_offset 4
 273              		@ sp needed
 274 00fa 5DF804FB 		ldr	pc, [sp], #4
 275              	.L24:
 276 00fe 00BF     		.align	2
 277              	.L23:
 278 0100 40000000 		.word	.LC3
 279 0104 54000000 		.word	.LC4
 280              		.cfi_endproc
 281              	.LFE121:
 282              		.size	msgqueue_get, .-msgqueue_get
 283              	.Letext0:
 284              		.file 2 "/opt/R2P/tools/gcc-arm-none-eabi-4_9-2014q4/arm-none-eabi/include/machine/_default_types.
 285              		.file 3 "/opt/R2P/tools/gcc-arm-none-eabi-4_9-2014q4/arm-none-eabi/include/stdint.h"
 286              		.file 4 "/opt/R2P/core/RTCAN/include/rtcan.h"
 287              		.file 5 "/opt/R2P/core/RTCAN/include/msgqueue.h"
 288              		.file 6 "/opt/R2P/core/ChibiOS_2.6.5/os/ports/common/ARMCMx/CMSIS/include/core_cm4.h"
 289              		.section	.debug_info,"",%progbits
 290              	.Ldebug_info0:
 291 0000 35030000 		.4byte	0x335
 292 0004 0400     		.2byte	0x4
 293 0006 00000000 		.4byte	.Ldebug_abbrev0
 294 000a 04       		.byte	0x4
 295 000b 01       		.uleb128 0x1
 296 000c FF000000 		.4byte	.LASF47
 297 0010 01       		.byte	0x1
 298 0011 F1010000 		.4byte	.LASF48
 299 0015 00000000 		.4byte	.Ltext0
 300 0019 08010000 		.4byte	.Letext0-.Ltext0
 301 001d 00000000 		.4byte	.Ldebug_line0
 302 0021 02       		.uleb128 0x2
 303 0022 01       		.byte	0x1
 304 0023 06       		.byte	0x6
 305 0024 D0020000 		.4byte	.LASF0
 306 0028 03       		.uleb128 0x3
 307 0029 00000000 		.4byte	.LASF3
 308 002d 02       		.byte	0x2
 309 002e 1D       		.byte	0x1d
 310 002f 33000000 		.4byte	0x33
 311 0033 02       		.uleb128 0x2
 312 0034 01       		.byte	0x1
 313 0035 08       		.byte	0x8
 314 0036 AE000000 		.4byte	.LASF1
 315 003a 02       		.uleb128 0x2
 316 003b 02       		.byte	0x2
 317 003c 05       		.byte	0x5
 318 003d 58000000 		.4byte	.LASF2
 319 0041 03       		.uleb128 0x3
 320 0042 94010000 		.4byte	.LASF4
 321 0046 02       		.byte	0x2
 322 0047 2B       		.byte	0x2b
ARM GAS  /tmp/ccvJbbqm.s 			page 7


 323 0048 4C000000 		.4byte	0x4c
 324 004c 02       		.uleb128 0x2
 325 004d 02       		.byte	0x2
 326 004e 07       		.byte	0x7
 327 004f 45000000 		.4byte	.LASF5
 328 0053 03       		.uleb128 0x3
 329 0054 24000000 		.4byte	.LASF6
 330 0058 02       		.byte	0x2
 331 0059 3F       		.byte	0x3f
 332 005a 5E000000 		.4byte	0x5e
 333 005e 02       		.uleb128 0x2
 334 005f 04       		.byte	0x4
 335 0060 05       		.byte	0x5
 336 0061 A2020000 		.4byte	.LASF7
 337 0065 03       		.uleb128 0x3
 338 0066 B8010000 		.4byte	.LASF8
 339 006a 02       		.byte	0x2
 340 006b 41       		.byte	0x41
 341 006c 70000000 		.4byte	0x70
 342 0070 02       		.uleb128 0x2
 343 0071 04       		.byte	0x4
 344 0072 07       		.byte	0x7
 345 0073 BC000000 		.4byte	.LASF9
 346 0077 02       		.uleb128 0x2
 347 0078 08       		.byte	0x8
 348 0079 05       		.byte	0x5
 349 007a 58020000 		.4byte	.LASF10
 350 007e 02       		.uleb128 0x2
 351 007f 08       		.byte	0x8
 352 0080 07       		.byte	0x7
 353 0081 89000000 		.4byte	.LASF11
 354 0085 04       		.uleb128 0x4
 355 0086 04       		.byte	0x4
 356 0087 05       		.byte	0x5
 357 0088 696E7400 		.ascii	"int\000"
 358 008c 02       		.uleb128 0x2
 359 008d 04       		.byte	0x4
 360 008e 07       		.byte	0x7
 361 008f E4010000 		.4byte	.LASF12
 362 0093 03       		.uleb128 0x3
 363 0094 29020000 		.4byte	.LASF13
 364 0098 03       		.byte	0x3
 365 0099 15       		.byte	0x15
 366 009a 28000000 		.4byte	0x28
 367 009e 03       		.uleb128 0x3
 368 009f 89020000 		.4byte	.LASF14
 369 00a3 03       		.byte	0x3
 370 00a4 21       		.byte	0x21
 371 00a5 41000000 		.4byte	0x41
 372 00a9 03       		.uleb128 0x3
 373 00aa 47020000 		.4byte	.LASF15
 374 00ae 03       		.byte	0x3
 375 00af 2C       		.byte	0x2c
 376 00b0 53000000 		.4byte	0x53
 377 00b4 03       		.uleb128 0x3
 378 00b5 99020000 		.4byte	.LASF16
 379 00b9 03       		.byte	0x3
ARM GAS  /tmp/ccvJbbqm.s 			page 8


 380 00ba 2D       		.byte	0x2d
 381 00bb 65000000 		.4byte	0x65
 382 00bf 02       		.uleb128 0x2
 383 00c0 01       		.byte	0x1
 384 00c1 02       		.byte	0x2
 385 00c2 E6020000 		.4byte	.LASF17
 386 00c6 05       		.uleb128 0x5
 387 00c7 04       		.byte	0x4
 388 00c8 02       		.uleb128 0x2
 389 00c9 04       		.byte	0x4
 390 00ca 07       		.byte	0x7
 391 00cb 4F020000 		.4byte	.LASF18
 392 00cf 02       		.uleb128 0x2
 393 00d0 01       		.byte	0x1
 394 00d1 08       		.byte	0x8
 395 00d2 24020000 		.4byte	.LASF19
 396 00d6 06       		.uleb128 0x6
 397 00d7 04       		.byte	0x4
 398 00d8 93000000 		.4byte	0x93
 399 00dc 06       		.uleb128 0x6
 400 00dd 04       		.byte	0x4
 401 00de E2000000 		.4byte	0xe2
 402 00e2 07       		.uleb128 0x7
 403 00e3 93000000 		.4byte	0x93
 404 00e7 08       		.uleb128 0x8
 405 00e8 A9000000 		.4byte	0xa9
 406 00ec 03       		.uleb128 0x3
 407 00ed C3010000 		.4byte	.LASF20
 408 00f1 04       		.byte	0x4
 409 00f2 5E       		.byte	0x5e
 410 00f3 F7000000 		.4byte	0xf7
 411 00f7 09       		.uleb128 0x9
 412 00f8 C3010000 		.4byte	.LASF20
 413 00fc 1E       		.byte	0x1e
 414 00fd 04       		.byte	0x4
 415 00fe B9       		.byte	0xb9
 416 00ff 78010000 		.4byte	0x178
 417 0103 0A       		.uleb128 0xa
 418 0104 DC020000 		.4byte	.LASF21
 419 0108 04       		.byte	0x4
 420 0109 BA       		.byte	0xba
 421 010a 94010000 		.4byte	0x194
 422 010e 00       		.byte	0
 423 010f 0A       		.uleb128 0xa
 424 0110 62000000 		.4byte	.LASF22
 425 0114 04       		.byte	0x4
 426 0115 BB       		.byte	0xbb
 427 0116 CD010000 		.4byte	0x1cd
 428 011a 04       		.byte	0x4
 429 011b 0A       		.uleb128 0xa
 430 011c CE000000 		.4byte	.LASF23
 431 0120 04       		.byte	0x4
 432 0121 BC       		.byte	0xbc
 433 0122 78010000 		.4byte	0x178
 434 0126 05       		.byte	0x5
 435 0127 0A       		.uleb128 0xa
 436 0128 92020000 		.4byte	.LASF24
ARM GAS  /tmp/ccvJbbqm.s 			page 9


 437 012c 04       		.byte	0x4
 438 012d BD       		.byte	0xbd
 439 012e C6000000 		.4byte	0xc6
 440 0132 09       		.byte	0x9
 441 0133 0B       		.uleb128 0xb
 442 0134 39020000 		.4byte	0x239
 443 0138 0D       		.byte	0xd
 444 0139 0C       		.uleb128 0xc
 445 013a 696400   		.ascii	"id\000"
 446 013d 04       		.byte	0x4
 447 013e C7       		.byte	0xc7
 448 013f D8010000 		.4byte	0x1d8
 449 0143 11       		.byte	0x11
 450 0144 0A       		.uleb128 0xa
 451 0145 E1020000 		.4byte	.LASF25
 452 0149 04       		.byte	0x4
 453 014a C8       		.byte	0xc8
 454 014b 9E000000 		.4byte	0x9e
 455 014f 13       		.byte	0x13
 456 0150 0A       		.uleb128 0xa
 457 0151 1A000000 		.4byte	.LASF26
 458 0155 04       		.byte	0x4
 459 0156 C9       		.byte	0xc9
 460 0157 DC000000 		.4byte	0xdc
 461 015b 15       		.byte	0x15
 462 015c 0C       		.uleb128 0xc
 463 015d 70747200 		.ascii	"ptr\000"
 464 0161 04       		.byte	0x4
 465 0162 CA       		.byte	0xca
 466 0163 D6000000 		.4byte	0xd6
 467 0167 19       		.byte	0x19
 468 0168 0D       		.uleb128 0xd
 469 0169 D7000000 		.4byte	.LASF49
 470 016d 04       		.byte	0x4
 471 016e CB       		.byte	0xcb
 472 016f 93000000 		.4byte	0x93
 473 0173 01       		.byte	0x1
 474 0174 07       		.byte	0x7
 475 0175 01       		.byte	0x1
 476 0176 1D       		.byte	0x1d
 477 0177 00       		.byte	0
 478 0178 03       		.uleb128 0x3
 479 0179 BC020000 		.4byte	.LASF27
 480 017d 04       		.byte	0x4
 481 017e 63       		.byte	0x63
 482 017f 83010000 		.4byte	0x183
 483 0183 06       		.uleb128 0x6
 484 0184 04       		.byte	0x4
 485 0185 89010000 		.4byte	0x189
 486 0189 0E       		.uleb128 0xe
 487 018a 94010000 		.4byte	0x194
 488 018e 0F       		.uleb128 0xf
 489 018f 94010000 		.4byte	0x194
 490 0193 00       		.byte	0
 491 0194 06       		.uleb128 0x6
 492 0195 04       		.byte	0x4
 493 0196 EC000000 		.4byte	0xec
ARM GAS  /tmp/ccvJbbqm.s 			page 10


 494 019a 10       		.uleb128 0x10
 495 019b 01       		.byte	0x1
 496 019c 04       		.byte	0x4
 497 019d 75       		.byte	0x75
 498 019e CD010000 		.4byte	0x1cd
 499 01a2 11       		.uleb128 0x11
 500 01a3 AB020000 		.4byte	.LASF28
 501 01a7 00       		.sleb128 0
 502 01a8 11       		.uleb128 0x11
 503 01a9 66020000 		.4byte	.LASF29
 504 01ad 01       		.sleb128 1
 505 01ae 11       		.uleb128 0x11
 506 01af 0A000000 		.4byte	.LASF30
 507 01b3 02       		.sleb128 2
 508 01b4 11       		.uleb128 0x11
 509 01b5 31020000 		.4byte	.LASF31
 510 01b9 03       		.sleb128 3
 511 01ba 11       		.uleb128 0x11
 512 01bb 69000000 		.4byte	.LASF32
 513 01bf 04       		.sleb128 4
 514 01c0 11       		.uleb128 0x11
 515 01c1 ED000000 		.4byte	.LASF33
 516 01c5 05       		.sleb128 5
 517 01c6 11       		.uleb128 0x11
 518 01c7 79000000 		.4byte	.LASF34
 519 01cb 06       		.sleb128 6
 520 01cc 00       		.byte	0
 521 01cd 03       		.uleb128 0x3
 522 01ce 9F010000 		.4byte	.LASF35
 523 01d2 04       		.byte	0x4
 524 01d3 7D       		.byte	0x7d
 525 01d4 9A010000 		.4byte	0x19a
 526 01d8 03       		.uleb128 0x3
 527 01d9 D9010000 		.4byte	.LASF36
 528 01dd 04       		.byte	0x4
 529 01de 83       		.byte	0x83
 530 01df 9E000000 		.4byte	0x9e
 531 01e3 12       		.uleb128 0x12
 532 01e4 04       		.byte	0x4
 533 01e5 05       		.byte	0x5
 534 01e6 1E       		.byte	0x1e
 535 01e7 F8010000 		.4byte	0x1f8
 536 01eb 0A       		.uleb128 0xa
 537 01ec DC020000 		.4byte	.LASF21
 538 01f0 05       		.byte	0x5
 539 01f1 20       		.byte	0x20
 540 01f2 94010000 		.4byte	0x194
 541 01f6 00       		.byte	0
 542 01f7 00       		.byte	0
 543 01f8 03       		.uleb128 0x3
 544 01f9 7E020000 		.4byte	.LASF37
 545 01fd 05       		.byte	0x5
 546 01fe 21       		.byte	0x21
 547 01ff E3010000 		.4byte	0x1e3
 548 0203 12       		.uleb128 0x12
 549 0204 04       		.byte	0x4
 550 0205 04       		.byte	0x4
ARM GAS  /tmp/ccvJbbqm.s 			page 11


 551 0206 BF       		.byte	0xbf
 552 0207 18020000 		.4byte	0x218
 553 020b 0A       		.uleb128 0xa
 554 020c 75020000 		.4byte	.LASF38
 555 0210 04       		.byte	0x4
 556 0211 C0       		.byte	0xc0
 557 0212 B4000000 		.4byte	0xb4
 558 0216 00       		.byte	0
 559 0217 00       		.byte	0
 560 0218 12       		.uleb128 0x12
 561 0219 04       		.byte	0x4
 562 021a 04       		.byte	0x4
 563 021b C2       		.byte	0xc2
 564 021c 39020000 		.4byte	0x239
 565 0220 0A       		.uleb128 0xa
 566 0221 42020000 		.4byte	.LASF39
 567 0225 04       		.byte	0x4
 568 0226 C3       		.byte	0xc3
 569 0227 9E000000 		.4byte	0x9e
 570 022b 00       		.byte	0
 571 022c 0A       		.uleb128 0xa
 572 022d 2E000000 		.4byte	.LASF40
 573 0231 04       		.byte	0x4
 574 0232 C4       		.byte	0xc4
 575 0233 9E000000 		.4byte	0x9e
 576 0237 02       		.byte	0x2
 577 0238 00       		.byte	0
 578 0239 13       		.uleb128 0x13
 579 023a 04       		.byte	0x4
 580 023b 04       		.byte	0x4
 581 023c BE       		.byte	0xbe
 582 023d 4C020000 		.4byte	0x24c
 583 0241 14       		.uleb128 0x14
 584 0242 03020000 		.4byte	0x203
 585 0246 14       		.uleb128 0x14
 586 0247 18020000 		.4byte	0x218
 587 024b 00       		.byte	0
 588 024c 15       		.uleb128 0x15
 589 024d A0000000 		.4byte	.LASF41
 590 0251 01       		.byte	0x1
 591 0252 0B       		.byte	0xb
 592 0253 00000000 		.4byte	.LFB118
 593 0257 0E000000 		.4byte	.LFE118-.LFB118
 594 025b 01       		.uleb128 0x1
 595 025c 9C       		.byte	0x9c
 596 025d 70020000 		.4byte	0x270
 597 0261 16       		.uleb128 0x16
 598 0262 B1010000 		.4byte	.LASF43
 599 0266 01       		.byte	0x1
 600 0267 0B       		.byte	0xb
 601 0268 70020000 		.4byte	0x270
 602 026c 02       		.uleb128 0x2
 603 026d 91       		.byte	0x91
 604 026e 7C       		.sleb128 -4
 605 026f 00       		.byte	0
 606 0270 06       		.uleb128 0x6
 607 0271 04       		.byte	0x4
ARM GAS  /tmp/ccvJbbqm.s 			page 12


 608 0272 F8010000 		.4byte	0x1f8
 609 0276 17       		.uleb128 0x17
 610 0277 14020000 		.4byte	.LASF42
 611 027b 01       		.byte	0x1
 612 027c 10       		.byte	0x10
 613 027d 10000000 		.4byte	.LFB119
 614 0281 5C000000 		.4byte	.LFE119-.LFB119
 615 0285 01       		.uleb128 0x1
 616 0286 9C       		.byte	0x9c
 617 0287 B6020000 		.4byte	0x2b6
 618 028b 16       		.uleb128 0x16
 619 028c B1010000 		.4byte	.LASF43
 620 0290 01       		.byte	0x1
 621 0291 10       		.byte	0x10
 622 0292 70020000 		.4byte	0x270
 623 0296 02       		.uleb128 0x2
 624 0297 91       		.byte	0x91
 625 0298 6C       		.sleb128 -20
 626 0299 16       		.uleb128 0x16
 627 029a 1F000000 		.4byte	.LASF44
 628 029e 01       		.byte	0x1
 629 029f 10       		.byte	0x10
 630 02a0 94010000 		.4byte	0x194
 631 02a4 02       		.uleb128 0x2
 632 02a5 91       		.byte	0x91
 633 02a6 68       		.sleb128 -24
 634 02a7 18       		.uleb128 0x18
 635 02a8 CF010000 		.4byte	.LASF46
 636 02ac 01       		.byte	0x1
 637 02ad 11       		.byte	0x11
 638 02ae 94010000 		.4byte	0x194
 639 02b2 02       		.uleb128 0x2
 640 02b3 91       		.byte	0x91
 641 02b4 74       		.sleb128 -12
 642 02b5 00       		.byte	0
 643 02b6 17       		.uleb128 0x17
 644 02b7 35000000 		.4byte	.LASF45
 645 02bb 01       		.byte	0x1
 646 02bc 22       		.byte	0x22
 647 02bd 6C000000 		.4byte	.LFB120
 648 02c1 58000000 		.4byte	.LFE120-.LFB120
 649 02c5 01       		.uleb128 0x1
 650 02c6 9C       		.byte	0x9c
 651 02c7 F6020000 		.4byte	0x2f6
 652 02cb 16       		.uleb128 0x16
 653 02cc B1010000 		.4byte	.LASF43
 654 02d0 01       		.byte	0x1
 655 02d1 22       		.byte	0x22
 656 02d2 70020000 		.4byte	0x270
 657 02d6 02       		.uleb128 0x2
 658 02d7 91       		.byte	0x91
 659 02d8 6C       		.sleb128 -20
 660 02d9 16       		.uleb128 0x16
 661 02da 1F000000 		.4byte	.LASF44
 662 02de 01       		.byte	0x1
 663 02df 22       		.byte	0x22
 664 02e0 94010000 		.4byte	0x194
ARM GAS  /tmp/ccvJbbqm.s 			page 13


 665 02e4 02       		.uleb128 0x2
 666 02e5 91       		.byte	0x91
 667 02e6 68       		.sleb128 -24
 668 02e7 18       		.uleb128 0x18
 669 02e8 CF010000 		.4byte	.LASF46
 670 02ec 01       		.byte	0x1
 671 02ed 23       		.byte	0x23
 672 02ee 94010000 		.4byte	0x194
 673 02f2 02       		.uleb128 0x2
 674 02f3 91       		.byte	0x91
 675 02f4 74       		.sleb128 -12
 676 02f5 00       		.byte	0
 677 02f6 19       		.uleb128 0x19
 678 02f7 EC020000 		.4byte	.LASF50
 679 02fb 01       		.byte	0x1
 680 02fc 32       		.byte	0x32
 681 02fd 94010000 		.4byte	0x194
 682 0301 C4000000 		.4byte	.LFB121
 683 0305 44000000 		.4byte	.LFE121-.LFB121
 684 0309 01       		.uleb128 0x1
 685 030a 9C       		.byte	0x9c
 686 030b 2C030000 		.4byte	0x32c
 687 030f 16       		.uleb128 0x16
 688 0310 B1010000 		.4byte	.LASF43
 689 0314 01       		.byte	0x1
 690 0315 32       		.byte	0x32
 691 0316 70020000 		.4byte	0x270
 692 031a 02       		.uleb128 0x2
 693 031b 91       		.byte	0x91
 694 031c 6C       		.sleb128 -20
 695 031d 18       		.uleb128 0x18
 696 031e 1F000000 		.4byte	.LASF44
 697 0322 01       		.byte	0x1
 698 0323 33       		.byte	0x33
 699 0324 94010000 		.4byte	0x194
 700 0328 02       		.uleb128 0x2
 701 0329 91       		.byte	0x91
 702 032a 74       		.sleb128 -12
 703 032b 00       		.byte	0
 704 032c 1A       		.uleb128 0x1a
 705 032d E0000000 		.4byte	.LASF51
 706 0331 06       		.byte	0x6
 707 0332 9806     		.2byte	0x698
 708 0334 E7000000 		.4byte	0xe7
 709 0338 00       		.byte	0
 710              		.section	.debug_abbrev,"",%progbits
 711              	.Ldebug_abbrev0:
 712 0000 01       		.uleb128 0x1
 713 0001 11       		.uleb128 0x11
 714 0002 01       		.byte	0x1
 715 0003 25       		.uleb128 0x25
 716 0004 0E       		.uleb128 0xe
 717 0005 13       		.uleb128 0x13
 718 0006 0B       		.uleb128 0xb
 719 0007 03       		.uleb128 0x3
 720 0008 0E       		.uleb128 0xe
 721 0009 11       		.uleb128 0x11
ARM GAS  /tmp/ccvJbbqm.s 			page 14


 722 000a 01       		.uleb128 0x1
 723 000b 12       		.uleb128 0x12
 724 000c 06       		.uleb128 0x6
 725 000d 10       		.uleb128 0x10
 726 000e 17       		.uleb128 0x17
 727 000f 00       		.byte	0
 728 0010 00       		.byte	0
 729 0011 02       		.uleb128 0x2
 730 0012 24       		.uleb128 0x24
 731 0013 00       		.byte	0
 732 0014 0B       		.uleb128 0xb
 733 0015 0B       		.uleb128 0xb
 734 0016 3E       		.uleb128 0x3e
 735 0017 0B       		.uleb128 0xb
 736 0018 03       		.uleb128 0x3
 737 0019 0E       		.uleb128 0xe
 738 001a 00       		.byte	0
 739 001b 00       		.byte	0
 740 001c 03       		.uleb128 0x3
 741 001d 16       		.uleb128 0x16
 742 001e 00       		.byte	0
 743 001f 03       		.uleb128 0x3
 744 0020 0E       		.uleb128 0xe
 745 0021 3A       		.uleb128 0x3a
 746 0022 0B       		.uleb128 0xb
 747 0023 3B       		.uleb128 0x3b
 748 0024 0B       		.uleb128 0xb
 749 0025 49       		.uleb128 0x49
 750 0026 13       		.uleb128 0x13
 751 0027 00       		.byte	0
 752 0028 00       		.byte	0
 753 0029 04       		.uleb128 0x4
 754 002a 24       		.uleb128 0x24
 755 002b 00       		.byte	0
 756 002c 0B       		.uleb128 0xb
 757 002d 0B       		.uleb128 0xb
 758 002e 3E       		.uleb128 0x3e
 759 002f 0B       		.uleb128 0xb
 760 0030 03       		.uleb128 0x3
 761 0031 08       		.uleb128 0x8
 762 0032 00       		.byte	0
 763 0033 00       		.byte	0
 764 0034 05       		.uleb128 0x5
 765 0035 0F       		.uleb128 0xf
 766 0036 00       		.byte	0
 767 0037 0B       		.uleb128 0xb
 768 0038 0B       		.uleb128 0xb
 769 0039 00       		.byte	0
 770 003a 00       		.byte	0
 771 003b 06       		.uleb128 0x6
 772 003c 0F       		.uleb128 0xf
 773 003d 00       		.byte	0
 774 003e 0B       		.uleb128 0xb
 775 003f 0B       		.uleb128 0xb
 776 0040 49       		.uleb128 0x49
 777 0041 13       		.uleb128 0x13
 778 0042 00       		.byte	0
ARM GAS  /tmp/ccvJbbqm.s 			page 15


 779 0043 00       		.byte	0
 780 0044 07       		.uleb128 0x7
 781 0045 26       		.uleb128 0x26
 782 0046 00       		.byte	0
 783 0047 49       		.uleb128 0x49
 784 0048 13       		.uleb128 0x13
 785 0049 00       		.byte	0
 786 004a 00       		.byte	0
 787 004b 08       		.uleb128 0x8
 788 004c 35       		.uleb128 0x35
 789 004d 00       		.byte	0
 790 004e 49       		.uleb128 0x49
 791 004f 13       		.uleb128 0x13
 792 0050 00       		.byte	0
 793 0051 00       		.byte	0
 794 0052 09       		.uleb128 0x9
 795 0053 13       		.uleb128 0x13
 796 0054 01       		.byte	0x1
 797 0055 03       		.uleb128 0x3
 798 0056 0E       		.uleb128 0xe
 799 0057 0B       		.uleb128 0xb
 800 0058 0B       		.uleb128 0xb
 801 0059 3A       		.uleb128 0x3a
 802 005a 0B       		.uleb128 0xb
 803 005b 3B       		.uleb128 0x3b
 804 005c 0B       		.uleb128 0xb
 805 005d 01       		.uleb128 0x1
 806 005e 13       		.uleb128 0x13
 807 005f 00       		.byte	0
 808 0060 00       		.byte	0
 809 0061 0A       		.uleb128 0xa
 810 0062 0D       		.uleb128 0xd
 811 0063 00       		.byte	0
 812 0064 03       		.uleb128 0x3
 813 0065 0E       		.uleb128 0xe
 814 0066 3A       		.uleb128 0x3a
 815 0067 0B       		.uleb128 0xb
 816 0068 3B       		.uleb128 0x3b
 817 0069 0B       		.uleb128 0xb
 818 006a 49       		.uleb128 0x49
 819 006b 13       		.uleb128 0x13
 820 006c 38       		.uleb128 0x38
 821 006d 0B       		.uleb128 0xb
 822 006e 00       		.byte	0
 823 006f 00       		.byte	0
 824 0070 0B       		.uleb128 0xb
 825 0071 0D       		.uleb128 0xd
 826 0072 00       		.byte	0
 827 0073 49       		.uleb128 0x49
 828 0074 13       		.uleb128 0x13
 829 0075 38       		.uleb128 0x38
 830 0076 0B       		.uleb128 0xb
 831 0077 00       		.byte	0
 832 0078 00       		.byte	0
 833 0079 0C       		.uleb128 0xc
 834 007a 0D       		.uleb128 0xd
 835 007b 00       		.byte	0
ARM GAS  /tmp/ccvJbbqm.s 			page 16


 836 007c 03       		.uleb128 0x3
 837 007d 08       		.uleb128 0x8
 838 007e 3A       		.uleb128 0x3a
 839 007f 0B       		.uleb128 0xb
 840 0080 3B       		.uleb128 0x3b
 841 0081 0B       		.uleb128 0xb
 842 0082 49       		.uleb128 0x49
 843 0083 13       		.uleb128 0x13
 844 0084 38       		.uleb128 0x38
 845 0085 0B       		.uleb128 0xb
 846 0086 00       		.byte	0
 847 0087 00       		.byte	0
 848 0088 0D       		.uleb128 0xd
 849 0089 0D       		.uleb128 0xd
 850 008a 00       		.byte	0
 851 008b 03       		.uleb128 0x3
 852 008c 0E       		.uleb128 0xe
 853 008d 3A       		.uleb128 0x3a
 854 008e 0B       		.uleb128 0xb
 855 008f 3B       		.uleb128 0x3b
 856 0090 0B       		.uleb128 0xb
 857 0091 49       		.uleb128 0x49
 858 0092 13       		.uleb128 0x13
 859 0093 0B       		.uleb128 0xb
 860 0094 0B       		.uleb128 0xb
 861 0095 0D       		.uleb128 0xd
 862 0096 0B       		.uleb128 0xb
 863 0097 0C       		.uleb128 0xc
 864 0098 0B       		.uleb128 0xb
 865 0099 38       		.uleb128 0x38
 866 009a 0B       		.uleb128 0xb
 867 009b 00       		.byte	0
 868 009c 00       		.byte	0
 869 009d 0E       		.uleb128 0xe
 870 009e 15       		.uleb128 0x15
 871 009f 01       		.byte	0x1
 872 00a0 27       		.uleb128 0x27
 873 00a1 19       		.uleb128 0x19
 874 00a2 01       		.uleb128 0x1
 875 00a3 13       		.uleb128 0x13
 876 00a4 00       		.byte	0
 877 00a5 00       		.byte	0
 878 00a6 0F       		.uleb128 0xf
 879 00a7 05       		.uleb128 0x5
 880 00a8 00       		.byte	0
 881 00a9 49       		.uleb128 0x49
 882 00aa 13       		.uleb128 0x13
 883 00ab 00       		.byte	0
 884 00ac 00       		.byte	0
 885 00ad 10       		.uleb128 0x10
 886 00ae 04       		.uleb128 0x4
 887 00af 01       		.byte	0x1
 888 00b0 0B       		.uleb128 0xb
 889 00b1 0B       		.uleb128 0xb
 890 00b2 3A       		.uleb128 0x3a
 891 00b3 0B       		.uleb128 0xb
 892 00b4 3B       		.uleb128 0x3b
ARM GAS  /tmp/ccvJbbqm.s 			page 17


 893 00b5 0B       		.uleb128 0xb
 894 00b6 01       		.uleb128 0x1
 895 00b7 13       		.uleb128 0x13
 896 00b8 00       		.byte	0
 897 00b9 00       		.byte	0
 898 00ba 11       		.uleb128 0x11
 899 00bb 28       		.uleb128 0x28
 900 00bc 00       		.byte	0
 901 00bd 03       		.uleb128 0x3
 902 00be 0E       		.uleb128 0xe
 903 00bf 1C       		.uleb128 0x1c
 904 00c0 0D       		.uleb128 0xd
 905 00c1 00       		.byte	0
 906 00c2 00       		.byte	0
 907 00c3 12       		.uleb128 0x12
 908 00c4 13       		.uleb128 0x13
 909 00c5 01       		.byte	0x1
 910 00c6 0B       		.uleb128 0xb
 911 00c7 0B       		.uleb128 0xb
 912 00c8 3A       		.uleb128 0x3a
 913 00c9 0B       		.uleb128 0xb
 914 00ca 3B       		.uleb128 0x3b
 915 00cb 0B       		.uleb128 0xb
 916 00cc 01       		.uleb128 0x1
 917 00cd 13       		.uleb128 0x13
 918 00ce 00       		.byte	0
 919 00cf 00       		.byte	0
 920 00d0 13       		.uleb128 0x13
 921 00d1 17       		.uleb128 0x17
 922 00d2 01       		.byte	0x1
 923 00d3 0B       		.uleb128 0xb
 924 00d4 0B       		.uleb128 0xb
 925 00d5 3A       		.uleb128 0x3a
 926 00d6 0B       		.uleb128 0xb
 927 00d7 3B       		.uleb128 0x3b
 928 00d8 0B       		.uleb128 0xb
 929 00d9 01       		.uleb128 0x1
 930 00da 13       		.uleb128 0x13
 931 00db 00       		.byte	0
 932 00dc 00       		.byte	0
 933 00dd 14       		.uleb128 0x14
 934 00de 0D       		.uleb128 0xd
 935 00df 00       		.byte	0
 936 00e0 49       		.uleb128 0x49
 937 00e1 13       		.uleb128 0x13
 938 00e2 00       		.byte	0
 939 00e3 00       		.byte	0
 940 00e4 15       		.uleb128 0x15
 941 00e5 2E       		.uleb128 0x2e
 942 00e6 01       		.byte	0x1
 943 00e7 3F       		.uleb128 0x3f
 944 00e8 19       		.uleb128 0x19
 945 00e9 03       		.uleb128 0x3
 946 00ea 0E       		.uleb128 0xe
 947 00eb 3A       		.uleb128 0x3a
 948 00ec 0B       		.uleb128 0xb
 949 00ed 3B       		.uleb128 0x3b
ARM GAS  /tmp/ccvJbbqm.s 			page 18


 950 00ee 0B       		.uleb128 0xb
 951 00ef 27       		.uleb128 0x27
 952 00f0 19       		.uleb128 0x19
 953 00f1 11       		.uleb128 0x11
 954 00f2 01       		.uleb128 0x1
 955 00f3 12       		.uleb128 0x12
 956 00f4 06       		.uleb128 0x6
 957 00f5 40       		.uleb128 0x40
 958 00f6 18       		.uleb128 0x18
 959 00f7 9742     		.uleb128 0x2117
 960 00f9 19       		.uleb128 0x19
 961 00fa 01       		.uleb128 0x1
 962 00fb 13       		.uleb128 0x13
 963 00fc 00       		.byte	0
 964 00fd 00       		.byte	0
 965 00fe 16       		.uleb128 0x16
 966 00ff 05       		.uleb128 0x5
 967 0100 00       		.byte	0
 968 0101 03       		.uleb128 0x3
 969 0102 0E       		.uleb128 0xe
 970 0103 3A       		.uleb128 0x3a
 971 0104 0B       		.uleb128 0xb
 972 0105 3B       		.uleb128 0x3b
 973 0106 0B       		.uleb128 0xb
 974 0107 49       		.uleb128 0x49
 975 0108 13       		.uleb128 0x13
 976 0109 02       		.uleb128 0x2
 977 010a 18       		.uleb128 0x18
 978 010b 00       		.byte	0
 979 010c 00       		.byte	0
 980 010d 17       		.uleb128 0x17
 981 010e 2E       		.uleb128 0x2e
 982 010f 01       		.byte	0x1
 983 0110 3F       		.uleb128 0x3f
 984 0111 19       		.uleb128 0x19
 985 0112 03       		.uleb128 0x3
 986 0113 0E       		.uleb128 0xe
 987 0114 3A       		.uleb128 0x3a
 988 0115 0B       		.uleb128 0xb
 989 0116 3B       		.uleb128 0x3b
 990 0117 0B       		.uleb128 0xb
 991 0118 27       		.uleb128 0x27
 992 0119 19       		.uleb128 0x19
 993 011a 11       		.uleb128 0x11
 994 011b 01       		.uleb128 0x1
 995 011c 12       		.uleb128 0x12
 996 011d 06       		.uleb128 0x6
 997 011e 40       		.uleb128 0x40
 998 011f 18       		.uleb128 0x18
 999 0120 9642     		.uleb128 0x2116
 1000 0122 19       		.uleb128 0x19
 1001 0123 01       		.uleb128 0x1
 1002 0124 13       		.uleb128 0x13
 1003 0125 00       		.byte	0
 1004 0126 00       		.byte	0
 1005 0127 18       		.uleb128 0x18
 1006 0128 34       		.uleb128 0x34
ARM GAS  /tmp/ccvJbbqm.s 			page 19


 1007 0129 00       		.byte	0
 1008 012a 03       		.uleb128 0x3
 1009 012b 0E       		.uleb128 0xe
 1010 012c 3A       		.uleb128 0x3a
 1011 012d 0B       		.uleb128 0xb
 1012 012e 3B       		.uleb128 0x3b
 1013 012f 0B       		.uleb128 0xb
 1014 0130 49       		.uleb128 0x49
 1015 0131 13       		.uleb128 0x13
 1016 0132 02       		.uleb128 0x2
 1017 0133 18       		.uleb128 0x18
 1018 0134 00       		.byte	0
 1019 0135 00       		.byte	0
 1020 0136 19       		.uleb128 0x19
 1021 0137 2E       		.uleb128 0x2e
 1022 0138 01       		.byte	0x1
 1023 0139 3F       		.uleb128 0x3f
 1024 013a 19       		.uleb128 0x19
 1025 013b 03       		.uleb128 0x3
 1026 013c 0E       		.uleb128 0xe
 1027 013d 3A       		.uleb128 0x3a
 1028 013e 0B       		.uleb128 0xb
 1029 013f 3B       		.uleb128 0x3b
 1030 0140 0B       		.uleb128 0xb
 1031 0141 27       		.uleb128 0x27
 1032 0142 19       		.uleb128 0x19
 1033 0143 49       		.uleb128 0x49
 1034 0144 13       		.uleb128 0x13
 1035 0145 11       		.uleb128 0x11
 1036 0146 01       		.uleb128 0x1
 1037 0147 12       		.uleb128 0x12
 1038 0148 06       		.uleb128 0x6
 1039 0149 40       		.uleb128 0x40
 1040 014a 18       		.uleb128 0x18
 1041 014b 9642     		.uleb128 0x2116
 1042 014d 19       		.uleb128 0x19
 1043 014e 01       		.uleb128 0x1
 1044 014f 13       		.uleb128 0x13
 1045 0150 00       		.byte	0
 1046 0151 00       		.byte	0
 1047 0152 1A       		.uleb128 0x1a
 1048 0153 34       		.uleb128 0x34
 1049 0154 00       		.byte	0
 1050 0155 03       		.uleb128 0x3
 1051 0156 0E       		.uleb128 0xe
 1052 0157 3A       		.uleb128 0x3a
 1053 0158 0B       		.uleb128 0xb
 1054 0159 3B       		.uleb128 0x3b
 1055 015a 05       		.uleb128 0x5
 1056 015b 49       		.uleb128 0x49
 1057 015c 13       		.uleb128 0x13
 1058 015d 3F       		.uleb128 0x3f
 1059 015e 19       		.uleb128 0x19
 1060 015f 3C       		.uleb128 0x3c
 1061 0160 19       		.uleb128 0x19
 1062 0161 00       		.byte	0
 1063 0162 00       		.byte	0
ARM GAS  /tmp/ccvJbbqm.s 			page 20


 1064 0163 00       		.byte	0
 1065              		.section	.debug_aranges,"",%progbits
 1066 0000 1C000000 		.4byte	0x1c
 1067 0004 0200     		.2byte	0x2
 1068 0006 00000000 		.4byte	.Ldebug_info0
 1069 000a 04       		.byte	0x4
 1070 000b 00       		.byte	0
 1071 000c 0000     		.2byte	0
 1072 000e 0000     		.2byte	0
 1073 0010 00000000 		.4byte	.Ltext0
 1074 0014 08010000 		.4byte	.Letext0-.Ltext0
 1075 0018 00000000 		.4byte	0
 1076 001c 00000000 		.4byte	0
 1077              		.section	.debug_line,"",%progbits
 1078              	.Ldebug_line0:
 1079 0000 C8010000 		.section	.debug_str,"MS",%progbits,1
 1079      02006901 
 1079      00000201 
 1079      FB0E0D00 
 1079      01010101 
 1080              	.LASF3:
 1081 0000 5F5F7569 		.ascii	"__uint8_t\000"
 1081      6E74385F 
 1081      7400
 1082              	.LASF30:
 1083 000a 52544341 		.ascii	"RTCAN_MSG_READY\000"
 1083      4E5F4D53 
 1083      475F5245 
 1083      41445900 
 1084              	.LASF26:
 1085 001a 64617461 		.ascii	"data\000"
 1085      00
 1086              	.LASF44:
 1087 001f 6D736770 		.ascii	"msgp\000"
 1087      00
 1088              	.LASF6:
 1089 0024 5F5F696E 		.ascii	"__int32_t\000"
 1089      7433325F 
 1089      7400
 1090              	.LASF40:
 1091 002e 70657269 		.ascii	"period\000"
 1091      6F6400
 1092              	.LASF45:
 1093 0035 6D736771 		.ascii	"msgqueue_remove\000"
 1093      75657565 
 1093      5F72656D 
 1093      6F766500 
 1094              	.LASF5:
 1095 0045 73686F72 		.ascii	"short unsigned int\000"
 1095      7420756E 
 1095      7369676E 
 1095      65642069 
 1095      6E7400
 1096              	.LASF2:
 1097 0058 73686F72 		.ascii	"short int\000"
 1097      7420696E 
 1097      7400
ARM GAS  /tmp/ccvJbbqm.s 			page 21


 1098              	.LASF22:
 1099 0062 73746174 		.ascii	"status\000"
 1099      757300
 1100              	.LASF32:
 1101 0069 52544341 		.ascii	"RTCAN_MSG_ONAIR\000"
 1101      4E5F4D53 
 1101      475F4F4E 
 1101      41495200 
 1102              	.LASF34:
 1103 0079 52544341 		.ascii	"RTCAN_MSG_ERROR\000"
 1103      4E5F4D53 
 1103      475F4552 
 1103      524F5200 
 1104              	.LASF11:
 1105 0089 6C6F6E67 		.ascii	"long long unsigned int\000"
 1105      206C6F6E 
 1105      6720756E 
 1105      7369676E 
 1105      65642069 
 1106              	.LASF41:
 1107 00a0 6D736771 		.ascii	"msgqueue_init\000"
 1107      75657565 
 1107      5F696E69 
 1107      7400
 1108              	.LASF1:
 1109 00ae 756E7369 		.ascii	"unsigned char\000"
 1109      676E6564 
 1109      20636861 
 1109      7200
 1110              	.LASF9:
 1111 00bc 6C6F6E67 		.ascii	"long unsigned int\000"
 1111      20756E73 
 1111      69676E65 
 1111      6420696E 
 1111      7400
 1112              	.LASF23:
 1113 00ce 63616C6C 		.ascii	"callback\000"
 1113      6261636B 
 1113      00
 1114              	.LASF49:
 1115 00d7 66726167 		.ascii	"fragment\000"
 1115      6D656E74 
 1115      00
 1116              	.LASF51:
 1117 00e0 49544D5F 		.ascii	"ITM_RxBuffer\000"
 1117      52784275 
 1117      66666572 
 1117      00
 1118              	.LASF33:
 1119 00ed 52544341 		.ascii	"RTCAN_MSG_TIMEOUT\000"
 1119      4E5F4D53 
 1119      475F5449 
 1119      4D454F55 
 1119      5400
 1120              	.LASF47:
 1121 00ff 474E5520 		.ascii	"GNU C 4.9.3 20141119 (release) [ARM/embedded-4_9-br"
 1121      4320342E 
ARM GAS  /tmp/ccvJbbqm.s 			page 22


 1121      392E3320 
 1121      32303134 
 1121      31313139 
 1122 0132 616E6368 		.ascii	"anch revision 218278] -mcpu=cortex-m4 -mno-thumb-in"
 1122      20726576 
 1122      6973696F 
 1122      6E203231 
 1122      38323738 
 1123 0165 74657277 		.ascii	"terwork -mthumb -ggdb -O0 -fomit-frame-pointer\000"
 1123      6F726B20 
 1123      2D6D7468 
 1123      756D6220 
 1123      2D676764 
 1124              	.LASF4:
 1125 0194 5F5F7569 		.ascii	"__uint16_t\000"
 1125      6E743136 
 1125      5F7400
 1126              	.LASF35:
 1127 019f 72746361 		.ascii	"rtcan_msgstatus_t\000"
 1127      6E5F6D73 
 1127      67737461 
 1127      7475735F 
 1127      7400
 1128              	.LASF43:
 1129 01b1 71756575 		.ascii	"queuep\000"
 1129      657000
 1130              	.LASF8:
 1131 01b8 5F5F7569 		.ascii	"__uint32_t\000"
 1131      6E743332 
 1131      5F7400
 1132              	.LASF20:
 1133 01c3 72746361 		.ascii	"rtcan_msg_t\000"
 1133      6E5F6D73 
 1133      675F7400 
 1134              	.LASF46:
 1135 01cf 63757272 		.ascii	"curr_msgp\000"
 1135      5F6D7367 
 1135      7000
 1136              	.LASF36:
 1137 01d9 72746361 		.ascii	"rtcan_id_t\000"
 1137      6E5F6964 
 1137      5F7400
 1138              	.LASF12:
 1139 01e4 756E7369 		.ascii	"unsigned int\000"
 1139      676E6564 
 1139      20696E74 
 1139      00
 1140              	.LASF48:
 1141 01f1 2F6F7074 		.ascii	"/opt/R2P/core/RTCAN/src/msgqueue.c\000"
 1141      2F523250 
 1141      2F636F72 
 1141      652F5254 
 1141      43414E2F 
 1142              	.LASF42:
 1143 0214 6D736771 		.ascii	"msgqueue_insert\000"
 1143      75657565 
 1143      5F696E73 
ARM GAS  /tmp/ccvJbbqm.s 			page 23


 1143      65727400 
 1144              	.LASF19:
 1145 0224 63686172 		.ascii	"char\000"
 1145      00
 1146              	.LASF13:
 1147 0229 75696E74 		.ascii	"uint8_t\000"
 1147      385F7400 
 1148              	.LASF31:
 1149 0231 52544341 		.ascii	"RTCAN_MSG_QUEUED\000"
 1149      4E5F4D53 
 1149      475F5155 
 1149      45554544 
 1149      00
 1150              	.LASF39:
 1151 0242 736C6F74 		.ascii	"slot\000"
 1151      00
 1152              	.LASF15:
 1153 0247 696E7433 		.ascii	"int32_t\000"
 1153      325F7400 
 1154              	.LASF18:
 1155 024f 73697A65 		.ascii	"sizetype\000"
 1155      74797065 
 1155      00
 1156              	.LASF10:
 1157 0258 6C6F6E67 		.ascii	"long long int\000"
 1157      206C6F6E 
 1157      6720696E 
 1157      7400
 1158              	.LASF29:
 1159 0266 52544341 		.ascii	"RTCAN_MSG_BUSY\000"
 1159      4E5F4D53 
 1159      475F4255 
 1159      535900
 1160              	.LASF38:
 1161 0275 64656164 		.ascii	"deadline\000"
 1161      6C696E65 
 1161      00
 1162              	.LASF37:
 1163 027e 6D736771 		.ascii	"msgqueue_t\000"
 1163      75657565 
 1163      5F7400
 1164              	.LASF14:
 1165 0289 75696E74 		.ascii	"uint16_t\000"
 1165      31365F74 
 1165      00
 1166              	.LASF24:
 1167 0292 70617261 		.ascii	"params\000"
 1167      6D7300
 1168              	.LASF16:
 1169 0299 75696E74 		.ascii	"uint32_t\000"
 1169      33325F74 
 1169      00
 1170              	.LASF7:
 1171 02a2 6C6F6E67 		.ascii	"long int\000"
 1171      20696E74 
 1171      00
 1172              	.LASF28:
ARM GAS  /tmp/ccvJbbqm.s 			page 24


 1173 02ab 52544341 		.ascii	"RTCAN_MSG_UNINIT\000"
 1173      4E5F4D53 
 1173      475F554E 
 1173      494E4954 
 1173      00
 1174              	.LASF27:
 1175 02bc 72746361 		.ascii	"rtcan_msgcallback_t\000"
 1175      6E5F6D73 
 1175      6763616C 
 1175      6C626163 
 1175      6B5F7400 
 1176              	.LASF0:
 1177 02d0 7369676E 		.ascii	"signed char\000"
 1177      65642063 
 1177      68617200 
 1178              	.LASF21:
 1179 02dc 6E657874 		.ascii	"next\000"
 1179      00
 1180              	.LASF25:
 1181 02e1 73697A65 		.ascii	"size\000"
 1181      00
 1182              	.LASF17:
 1183 02e6 5F426F6F 		.ascii	"_Bool\000"
 1183      6C00
 1184              	.LASF50:
 1185 02ec 6D736771 		.ascii	"msgqueue_get\000"
 1185      75657565 
 1185      5F676574 
 1185      00
 1186              		.ident	"GCC: (GNU Tools for ARM Embedded Processors) 4.9.3 20141119 (release) [ARM/embedded-4_9-br
ARM GAS  /tmp/ccvJbbqm.s 			page 25


DEFINED SYMBOLS
                            *ABS*:00000000 msgqueue.c
     /tmp/ccvJbbqm.s:18     .text:00000000 $t
     /tmp/ccvJbbqm.s:23     .text:00000000 msgqueue_init
     /tmp/ccvJbbqm.s:47     .rodata:00000000 $d
     /tmp/ccvJbbqm.s:56     .text:00000010 msgqueue_insert
     /tmp/ccvJbbqm.s:127    .text:00000068 $d
     /tmp/ccvJbbqm.s:139    .text:0000006c $t
     /tmp/ccvJbbqm.s:144    .text:0000006c msgqueue_remove
     /tmp/ccvJbbqm.s:210    .text:000000bc $d
     /tmp/ccvJbbqm.s:223    .text:000000c4 $t
     /tmp/ccvJbbqm.s:228    .text:000000c4 msgqueue_get
     /tmp/ccvJbbqm.s:278    .text:00000100 $d
                     .debug_frame:00000010 $d

UNDEFINED SYMBOLS
chDbgPanic
