ARM GAS  /tmp/cc2Xg0gb.s 			page 1


   1              		.syntax unified
   2              		.cpu cortex-m4
   3              		.fpu softvfp
   4              		.eabi_attribute 20, 1
   5              		.eabi_attribute 21, 1
   6              		.eabi_attribute 23, 3
   7              		.eabi_attribute 24, 1
   8              		.eabi_attribute 25, 1
   9              		.eabi_attribute 26, 1
  10              		.eabi_attribute 30, 6
  11              		.eabi_attribute 34, 1
  12              		.eabi_attribute 18, 4
  13              		.thumb
  14              		.file	"nvic.c"
  15              		.text
  16              	.Ltext0:
  17              		.cfi_sections	.debug_frame
  18              		.align	2
  19              		.global	nvicEnableVector
  20              		.thumb
  21              		.thumb_func
  22              		.type	nvicEnableVector, %function
  23              	nvicEnableVector:
  24              	.LFB7:
  25              		.file 1 "/opt/R2P/core/ChibiOS_2.6.5/os/ports/common/ARMCMx/nvic.c"
  26              		.loc 1 46 0
  27              		.cfi_startproc
  28              		@ args = 0, pretend = 0, frame = 16
  29              		@ frame_needed = 0, uses_anonymous_args = 0
  30              		@ link register save eliminated.
  31 0000 10B4     		push	{r4}
  32              		.cfi_def_cfa_offset 4
  33              		.cfi_offset 4, -4
  34 0002 85B0     		sub	sp, sp, #20
  35              		.cfi_def_cfa_offset 24
  36 0004 0190     		str	r0, [sp, #4]
  37 0006 0091     		str	r1, [sp]
  38              		.loc 1 47 0
  39 0008 019B     		ldr	r3, [sp, #4]
  40 000a 03F00303 		and	r3, r3, #3
  41 000e DB00     		lsls	r3, r3, #3
  42 0010 0393     		str	r3, [sp, #12]
  43              		.loc 1 49 0
  44 0012 194C     		ldr	r4, .L2
  45 0014 019B     		ldr	r3, [sp, #4]
  46 0016 9B08     		lsrs	r3, r3, #2
  47 0018 1749     		ldr	r1, .L2
  48 001a 019A     		ldr	r2, [sp, #4]
  49 001c 9208     		lsrs	r2, r2, #2
  50 001e C032     		adds	r2, r2, #192
  51 0020 51F82220 		ldr	r2, [r1, r2, lsl #2]
  52 0024 0399     		ldr	r1, [sp, #12]
  53 0026 FF20     		movs	r0, #255
  54 0028 00FA01F1 		lsl	r1, r0, r1
  55 002c C943     		mvns	r1, r1
  56 002e 1140     		ands	r1, r1, r2
  57 0030 039A     		ldr	r2, [sp, #12]
ARM GAS  /tmp/cc2Xg0gb.s 			page 2


  58 0032 0098     		ldr	r0, [sp]
  59 0034 00FA02F2 		lsl	r2, r0, r2
  60 0038 0A43     		orrs	r2, r2, r1
  61 003a C033     		adds	r3, r3, #192
  62 003c 44F82320 		str	r2, [r4, r3, lsl #2]
  63              		.loc 1 50 0
  64 0040 0D49     		ldr	r1, .L2
  65 0042 019B     		ldr	r3, [sp, #4]
  66 0044 5B09     		lsrs	r3, r3, #5
  67 0046 019A     		ldr	r2, [sp, #4]
  68 0048 02F01F02 		and	r2, r2, #31
  69 004c 0120     		movs	r0, #1
  70 004e 00FA02F2 		lsl	r2, r0, r2
  71 0052 6033     		adds	r3, r3, #96
  72 0054 41F82320 		str	r2, [r1, r3, lsl #2]
  73              		.loc 1 51 0
  74 0058 0749     		ldr	r1, .L2
  75 005a 019B     		ldr	r3, [sp, #4]
  76 005c 5B09     		lsrs	r3, r3, #5
  77 005e 019A     		ldr	r2, [sp, #4]
  78 0060 02F01F02 		and	r2, r2, #31
  79 0064 0120     		movs	r0, #1
  80 0066 00FA02F2 		lsl	r2, r0, r2
  81 006a 41F82320 		str	r2, [r1, r3, lsl #2]
  82              		.loc 1 52 0
  83 006e 05B0     		add	sp, sp, #20
  84              		.cfi_def_cfa_offset 4
  85              		@ sp needed
  86 0070 5DF8044B 		ldr	r4, [sp], #4
  87              		.cfi_restore 4
  88              		.cfi_def_cfa_offset 0
  89 0074 7047     		bx	lr
  90              	.L3:
  91 0076 00BF     		.align	2
  92              	.L2:
  93 0078 00E100E0 		.word	-536813312
  94              		.cfi_endproc
  95              	.LFE7:
  96              		.size	nvicEnableVector, .-nvicEnableVector
  97              		.align	2
  98              		.global	nvicDisableVector
  99              		.thumb
 100              		.thumb_func
 101              		.type	nvicDisableVector, %function
 102              	nvicDisableVector:
 103              	.LFB8:
 104              		.loc 1 60 0
 105              		.cfi_startproc
 106              		@ args = 0, pretend = 0, frame = 16
 107              		@ frame_needed = 0, uses_anonymous_args = 0
 108              		@ link register save eliminated.
 109 007c 10B4     		push	{r4}
 110              		.cfi_def_cfa_offset 4
 111              		.cfi_offset 4, -4
 112 007e 85B0     		sub	sp, sp, #20
 113              		.cfi_def_cfa_offset 24
 114 0080 0190     		str	r0, [sp, #4]
ARM GAS  /tmp/cc2Xg0gb.s 			page 3


 115              		.loc 1 61 0
 116 0082 019B     		ldr	r3, [sp, #4]
 117 0084 03F00303 		and	r3, r3, #3
 118 0088 DB00     		lsls	r3, r3, #3
 119 008a 0393     		str	r3, [sp, #12]
 120              		.loc 1 63 0
 121 008c 1049     		ldr	r1, .L5
 122 008e 019B     		ldr	r3, [sp, #4]
 123 0090 5B09     		lsrs	r3, r3, #5
 124 0092 019A     		ldr	r2, [sp, #4]
 125 0094 02F01F02 		and	r2, r2, #31
 126 0098 0120     		movs	r0, #1
 127 009a 00FA02F2 		lsl	r2, r0, r2
 128 009e 2033     		adds	r3, r3, #32
 129 00a0 41F82320 		str	r2, [r1, r3, lsl #2]
 130              		.loc 1 64 0
 131 00a4 0A48     		ldr	r0, .L5
 132 00a6 019B     		ldr	r3, [sp, #4]
 133 00a8 9B08     		lsrs	r3, r3, #2
 134 00aa 0949     		ldr	r1, .L5
 135 00ac 019A     		ldr	r2, [sp, #4]
 136 00ae 9208     		lsrs	r2, r2, #2
 137 00b0 C032     		adds	r2, r2, #192
 138 00b2 51F82220 		ldr	r2, [r1, r2, lsl #2]
 139 00b6 0399     		ldr	r1, [sp, #12]
 140 00b8 FF24     		movs	r4, #255
 141 00ba 04FA01F1 		lsl	r1, r4, r1
 142 00be C943     		mvns	r1, r1
 143 00c0 0A40     		ands	r2, r2, r1
 144 00c2 C033     		adds	r3, r3, #192
 145 00c4 40F82320 		str	r2, [r0, r3, lsl #2]
 146              		.loc 1 65 0
 147 00c8 05B0     		add	sp, sp, #20
 148              		.cfi_def_cfa_offset 4
 149              		@ sp needed
 150 00ca 5DF8044B 		ldr	r4, [sp], #4
 151              		.cfi_restore 4
 152              		.cfi_def_cfa_offset 0
 153 00ce 7047     		bx	lr
 154              	.L6:
 155              		.align	2
 156              	.L5:
 157 00d0 00E100E0 		.word	-536813312
 158              		.cfi_endproc
 159              	.LFE8:
 160              		.size	nvicDisableVector, .-nvicDisableVector
 161              		.align	2
 162              		.global	nvicSetSystemHandlerPriority
 163              		.thumb
 164              		.thumb_func
 165              		.type	nvicSetSystemHandlerPriority, %function
 166              	nvicSetSystemHandlerPriority:
 167              	.LFB9:
 168              		.loc 1 74 0
 169              		.cfi_startproc
 170              		@ args = 0, pretend = 0, frame = 16
 171              		@ frame_needed = 0, uses_anonymous_args = 0
ARM GAS  /tmp/cc2Xg0gb.s 			page 4


 172              		@ link register save eliminated.
 173 00d4 10B4     		push	{r4}
 174              		.cfi_def_cfa_offset 4
 175              		.cfi_offset 4, -4
 176 00d6 85B0     		sub	sp, sp, #20
 177              		.cfi_def_cfa_offset 24
 178 00d8 0190     		str	r0, [sp, #4]
 179 00da 0091     		str	r1, [sp]
 180              		.loc 1 75 0
 181 00dc 019B     		ldr	r3, [sp, #4]
 182 00de 03F00303 		and	r3, r3, #3
 183 00e2 DB00     		lsls	r3, r3, #3
 184 00e4 0393     		str	r3, [sp, #12]
 185              		.loc 1 77 0
 186 00e6 0D4C     		ldr	r4, .L8
 187 00e8 019B     		ldr	r3, [sp, #4]
 188 00ea 9B08     		lsrs	r3, r3, #2
 189 00ec 0B49     		ldr	r1, .L8
 190 00ee 019A     		ldr	r2, [sp, #4]
 191 00f0 9208     		lsrs	r2, r2, #2
 192 00f2 0632     		adds	r2, r2, #6
 193 00f4 51F82220 		ldr	r2, [r1, r2, lsl #2]
 194              		.loc 1 78 0
 195 00f8 0399     		ldr	r1, [sp, #12]
 196 00fa FF20     		movs	r0, #255
 197 00fc 00FA01F1 		lsl	r1, r0, r1
 198 0100 C943     		mvns	r1, r1
 199              		.loc 1 77 0
 200 0102 1140     		ands	r1, r1, r2
 201              		.loc 1 78 0
 202 0104 039A     		ldr	r2, [sp, #12]
 203 0106 0098     		ldr	r0, [sp]
 204 0108 00FA02F2 		lsl	r2, r0, r2
 205 010c 0A43     		orrs	r2, r2, r1
 206              		.loc 1 77 0
 207 010e 0633     		adds	r3, r3, #6
 208 0110 44F82320 		str	r2, [r4, r3, lsl #2]
 209              		.loc 1 79 0
 210 0114 05B0     		add	sp, sp, #20
 211              		.cfi_def_cfa_offset 4
 212              		@ sp needed
 213 0116 5DF8044B 		ldr	r4, [sp], #4
 214              		.cfi_restore 4
 215              		.cfi_def_cfa_offset 0
 216 011a 7047     		bx	lr
 217              	.L9:
 218              		.align	2
 219              	.L8:
 220 011c 00ED00E0 		.word	-536810240
 221              		.cfi_endproc
 222              	.LFE9:
 223              		.size	nvicSetSystemHandlerPriority, .-nvicSetSystemHandlerPriority
 224              	.Letext0:
 225              		.file 2 "/opt/R2P/tools/gcc-arm-none-eabi-4_9-2014q4/arm-none-eabi/include/machine/_default_types.
 226              		.file 3 "/opt/R2P/tools/gcc-arm-none-eabi-4_9-2014q4/arm-none-eabi/include/stdint.h"
 227              		.file 4 "/opt/R2P/core/ChibiOS_2.6.5/os/ports/common/ARMCMx/nvic.h"
 228              		.section	.debug_info,"",%progbits
ARM GAS  /tmp/cc2Xg0gb.s 			page 5


 229              	.Ldebug_info0:
 230 0000 F6030000 		.4byte	0x3f6
 231 0004 0400     		.2byte	0x4
 232 0006 00000000 		.4byte	.Ldebug_abbrev0
 233 000a 04       		.byte	0x4
 234 000b 01       		.uleb128 0x1
 235 000c E1000000 		.4byte	.LASF47
 236 0010 01       		.byte	0x1
 237 0011 2C000000 		.4byte	.LASF48
 238 0015 00000000 		.4byte	.Ltext0
 239 0019 20010000 		.4byte	.Letext0-.Ltext0
 240 001d 00000000 		.4byte	.Ldebug_line0
 241 0021 02       		.uleb128 0x2
 242 0022 04       		.byte	0x4
 243 0023 05       		.byte	0x5
 244 0024 696E7400 		.ascii	"int\000"
 245 0028 03       		.uleb128 0x3
 246 0029 04       		.byte	0x4
 247 002a 07       		.byte	0x7
 248 002b 9E010000 		.4byte	.LASF0
 249 002f 03       		.uleb128 0x3
 250 0030 01       		.byte	0x1
 251 0031 06       		.byte	0x6
 252 0032 3B020000 		.4byte	.LASF1
 253 0036 03       		.uleb128 0x3
 254 0037 01       		.byte	0x1
 255 0038 08       		.byte	0x8
 256 0039 8B000000 		.4byte	.LASF2
 257 003d 03       		.uleb128 0x3
 258 003e 02       		.byte	0x2
 259 003f 05       		.byte	0x5
 260 0040 74000000 		.4byte	.LASF3
 261 0044 03       		.uleb128 0x3
 262 0045 02       		.byte	0x2
 263 0046 07       		.byte	0x7
 264 0047 C9000000 		.4byte	.LASF4
 265 004b 03       		.uleb128 0x3
 266 004c 04       		.byte	0x4
 267 004d 05       		.byte	0x5
 268 004e 2D020000 		.4byte	.LASF5
 269 0052 04       		.uleb128 0x4
 270 0053 93010000 		.4byte	.LASF9
 271 0057 02       		.byte	0x2
 272 0058 41       		.byte	0x41
 273 0059 5D000000 		.4byte	0x5d
 274 005d 03       		.uleb128 0x3
 275 005e 04       		.byte	0x4
 276 005f 07       		.byte	0x7
 277 0060 76010000 		.4byte	.LASF6
 278 0064 03       		.uleb128 0x3
 279 0065 08       		.byte	0x8
 280 0066 05       		.byte	0x5
 281 0067 F5010000 		.4byte	.LASF7
 282 006b 03       		.uleb128 0x3
 283 006c 08       		.byte	0x8
 284 006d 07       		.byte	0x7
 285 006e B5010000 		.4byte	.LASF8
ARM GAS  /tmp/cc2Xg0gb.s 			page 6


 286 0072 04       		.uleb128 0x4
 287 0073 24020000 		.4byte	.LASF10
 288 0077 03       		.byte	0x3
 289 0078 2D       		.byte	0x2d
 290 0079 52000000 		.4byte	0x52
 291 007d 03       		.uleb128 0x3
 292 007e 01       		.byte	0x1
 293 007f 02       		.byte	0x2
 294 0080 14000000 		.4byte	.LASF11
 295 0084 04       		.uleb128 0x4
 296 0085 83000000 		.4byte	.LASF12
 297 0089 04       		.byte	0x4
 298 008a 3A       		.byte	0x3a
 299 008b 8F000000 		.4byte	0x8f
 300 008f 05       		.uleb128 0x5
 301 0090 72000000 		.4byte	0x72
 302 0094 06       		.uleb128 0x6
 303 0095 040E     		.2byte	0xe04
 304 0097 04       		.byte	0x4
 305 0098 6A       		.byte	0x6a
 306 0099 43010000 		.4byte	0x143
 307 009d 07       		.uleb128 0x7
 308 009e 0E020000 		.4byte	.LASF13
 309 00a2 04       		.byte	0x4
 310 00a3 6B       		.byte	0x6b
 311 00a4 5A010000 		.4byte	0x15a
 312 00a8 00       		.byte	0
 313 00a9 07       		.uleb128 0x7
 314 00aa 99000000 		.4byte	.LASF14
 315 00ae 04       		.byte	0x4
 316 00af 6C       		.byte	0x6c
 317 00b0 6F010000 		.4byte	0x16f
 318 00b4 20       		.byte	0x20
 319 00b5 07       		.uleb128 0x7
 320 00b6 7E000000 		.4byte	.LASF15
 321 00ba 04       		.byte	0x4
 322 00bb 6D       		.byte	0x6d
 323 00bc 74010000 		.4byte	0x174
 324 00c0 80       		.byte	0x80
 325 00c1 07       		.uleb128 0x7
 326 00c2 A1000000 		.4byte	.LASF16
 327 00c6 04       		.byte	0x4
 328 00c7 6E       		.byte	0x6e
 329 00c8 79010000 		.4byte	0x179
 330 00cc A0       		.byte	0xa0
 331 00cd 08       		.uleb128 0x8
 332 00ce AB010000 		.4byte	.LASF17
 333 00d2 04       		.byte	0x4
 334 00d3 6F       		.byte	0x6f
 335 00d4 7E010000 		.4byte	0x17e
 336 00d8 0001     		.2byte	0x100
 337 00da 08       		.uleb128 0x8
 338 00db A9000000 		.4byte	.LASF18
 339 00df 04       		.byte	0x4
 340 00e0 70       		.byte	0x70
 341 00e1 83010000 		.4byte	0x183
 342 00e5 2001     		.2byte	0x120
ARM GAS  /tmp/cc2Xg0gb.s 			page 7


 343 00e7 08       		.uleb128 0x8
 344 00e8 0A000000 		.4byte	.LASF19
 345 00ec 04       		.byte	0x4
 346 00ed 71       		.byte	0x71
 347 00ee 88010000 		.4byte	0x188
 348 00f2 8001     		.2byte	0x180
 349 00f4 08       		.uleb128 0x8
 350 00f5 B1000000 		.4byte	.LASF20
 351 00f9 04       		.byte	0x4
 352 00fa 72       		.byte	0x72
 353 00fb 8D010000 		.4byte	0x18d
 354 00ff A001     		.2byte	0x1a0
 355 0101 08       		.uleb128 0x8
 356 0102 64020000 		.4byte	.LASF21
 357 0106 04       		.byte	0x4
 358 0107 73       		.byte	0x73
 359 0108 92010000 		.4byte	0x192
 360 010c 0002     		.2byte	0x200
 361 010e 08       		.uleb128 0x8
 362 010f B9000000 		.4byte	.LASF22
 363 0113 04       		.byte	0x4
 364 0114 74       		.byte	0x74
 365 0115 A7010000 		.4byte	0x1a7
 366 0119 2002     		.2byte	0x220
 367 011b 09       		.uleb128 0x9
 368 011c 49505200 		.ascii	"IPR\000"
 369 0120 04       		.byte	0x4
 370 0121 75       		.byte	0x75
 371 0122 BC010000 		.4byte	0x1bc
 372 0126 0003     		.2byte	0x300
 373 0128 08       		.uleb128 0x8
 374 0129 C1000000 		.4byte	.LASF23
 375 012d 04       		.byte	0x4
 376 012e 76       		.byte	0x76
 377 012f D2010000 		.4byte	0x1d2
 378 0133 F003     		.2byte	0x3f0
 379 0135 08       		.uleb128 0x8
 380 0136 8E010000 		.4byte	.LASF24
 381 013a 04       		.byte	0x4
 382 013b 77       		.byte	0x77
 383 013c 84000000 		.4byte	0x84
 384 0140 000E     		.2byte	0xe00
 385 0142 00       		.byte	0
 386 0143 0A       		.uleb128 0xa
 387 0144 84000000 		.4byte	0x84
 388 0148 53010000 		.4byte	0x153
 389 014c 0B       		.uleb128 0xb
 390 014d 53010000 		.4byte	0x153
 391 0151 07       		.byte	0x7
 392 0152 00       		.byte	0
 393 0153 03       		.uleb128 0x3
 394 0154 04       		.byte	0x4
 395 0155 07       		.byte	0x7
 396 0156 EC010000 		.4byte	.LASF25
 397 015a 05       		.uleb128 0x5
 398 015b 43010000 		.4byte	0x143
 399 015f 0A       		.uleb128 0xa
ARM GAS  /tmp/cc2Xg0gb.s 			page 8


 400 0160 84000000 		.4byte	0x84
 401 0164 6F010000 		.4byte	0x16f
 402 0168 0B       		.uleb128 0xb
 403 0169 53010000 		.4byte	0x153
 404 016d 17       		.byte	0x17
 405 016e 00       		.byte	0
 406 016f 05       		.uleb128 0x5
 407 0170 5F010000 		.4byte	0x15f
 408 0174 05       		.uleb128 0x5
 409 0175 43010000 		.4byte	0x143
 410 0179 05       		.uleb128 0x5
 411 017a 5F010000 		.4byte	0x15f
 412 017e 05       		.uleb128 0x5
 413 017f 43010000 		.4byte	0x143
 414 0183 05       		.uleb128 0x5
 415 0184 5F010000 		.4byte	0x15f
 416 0188 05       		.uleb128 0x5
 417 0189 43010000 		.4byte	0x143
 418 018d 05       		.uleb128 0x5
 419 018e 5F010000 		.4byte	0x15f
 420 0192 05       		.uleb128 0x5
 421 0193 43010000 		.4byte	0x143
 422 0197 0A       		.uleb128 0xa
 423 0198 84000000 		.4byte	0x84
 424 019c A7010000 		.4byte	0x1a7
 425 01a0 0B       		.uleb128 0xb
 426 01a1 53010000 		.4byte	0x153
 427 01a5 37       		.byte	0x37
 428 01a6 00       		.byte	0
 429 01a7 05       		.uleb128 0x5
 430 01a8 97010000 		.4byte	0x197
 431 01ac 0A       		.uleb128 0xa
 432 01ad 84000000 		.4byte	0x84
 433 01b1 BC010000 		.4byte	0x1bc
 434 01b5 0B       		.uleb128 0xb
 435 01b6 53010000 		.4byte	0x153
 436 01ba 3B       		.byte	0x3b
 437 01bb 00       		.byte	0
 438 01bc 05       		.uleb128 0x5
 439 01bd AC010000 		.4byte	0x1ac
 440 01c1 0A       		.uleb128 0xa
 441 01c2 84000000 		.4byte	0x84
 442 01c6 D2010000 		.4byte	0x1d2
 443 01ca 0C       		.uleb128 0xc
 444 01cb 53010000 		.4byte	0x153
 445 01cf 8302     		.2byte	0x283
 446 01d1 00       		.byte	0
 447 01d2 05       		.uleb128 0x5
 448 01d3 C1010000 		.4byte	0x1c1
 449 01d7 04       		.uleb128 0x4
 450 01d8 66000000 		.4byte	.LASF26
 451 01dc 04       		.byte	0x4
 452 01dd 78       		.byte	0x78
 453 01de 94000000 		.4byte	0x94
 454 01e2 0D       		.uleb128 0xd
 455 01e3 8C       		.byte	0x8c
 456 01e4 04       		.byte	0x4
ARM GAS  /tmp/cc2Xg0gb.s 			page 9


 457 01e5 89       		.byte	0x89
 458 01e6 E7020000 		.4byte	0x2e7
 459 01ea 07       		.uleb128 0x7
 460 01eb 03020000 		.4byte	.LASF27
 461 01ef 04       		.byte	0x4
 462 01f0 8A       		.byte	0x8a
 463 01f1 84000000 		.4byte	0x84
 464 01f5 00       		.byte	0
 465 01f6 07       		.uleb128 0x7
 466 01f7 CC010000 		.4byte	.LASF28
 467 01fb 04       		.byte	0x4
 468 01fc 8B       		.byte	0x8b
 469 01fd 84000000 		.4byte	0x84
 470 0201 04       		.byte	0x4
 471 0202 07       		.uleb128 0x7
 472 0203 6F000000 		.4byte	.LASF29
 473 0207 04       		.byte	0x4
 474 0208 8C       		.byte	0x8c
 475 0209 84000000 		.4byte	0x84
 476 020d 08       		.byte	0x8
 477 020e 07       		.uleb128 0x7
 478 020f D9010000 		.4byte	.LASF30
 479 0213 04       		.byte	0x4
 480 0214 8D       		.byte	0x8d
 481 0215 84000000 		.4byte	0x84
 482 0219 0C       		.byte	0xc
 483 021a 0E       		.uleb128 0xe
 484 021b 53435200 		.ascii	"SCR\000"
 485 021f 04       		.byte	0x4
 486 0220 8E       		.byte	0x8e
 487 0221 84000000 		.4byte	0x84
 488 0225 10       		.byte	0x10
 489 0226 0E       		.uleb128 0xe
 490 0227 43435200 		.ascii	"CCR\000"
 491 022b 04       		.byte	0x4
 492 022c 8F       		.byte	0x8f
 493 022d 84000000 		.4byte	0x84
 494 0231 14       		.byte	0x14
 495 0232 07       		.uleb128 0x7
 496 0233 36020000 		.4byte	.LASF31
 497 0237 04       		.byte	0x4
 498 0238 90       		.byte	0x90
 499 0239 F7020000 		.4byte	0x2f7
 500 023d 18       		.byte	0x18
 501 023e 07       		.uleb128 0x7
 502 023f 1E020000 		.4byte	.LASF32
 503 0243 04       		.byte	0x4
 504 0244 91       		.byte	0x91
 505 0245 84000000 		.4byte	0x84
 506 0249 24       		.byte	0x24
 507 024a 07       		.uleb128 0x7
 508 024b DC000000 		.4byte	.LASF33
 509 024f 04       		.byte	0x4
 510 0250 92       		.byte	0x92
 511 0251 84000000 		.4byte	0x84
 512 0255 28       		.byte	0x28
 513 0256 07       		.uleb128 0x7
ARM GAS  /tmp/cc2Xg0gb.s 			page 10


 514 0257 00000000 		.4byte	.LASF34
 515 025b 04       		.byte	0x4
 516 025c 93       		.byte	0x93
 517 025d 84000000 		.4byte	0x84
 518 0261 2C       		.byte	0x2c
 519 0262 07       		.uleb128 0x7
 520 0263 B0010000 		.4byte	.LASF35
 521 0267 04       		.byte	0x4
 522 0268 94       		.byte	0x94
 523 0269 84000000 		.4byte	0x84
 524 026d 30       		.byte	0x30
 525 026e 07       		.uleb128 0x7
 526 026f 18020000 		.4byte	.LASF36
 527 0273 04       		.byte	0x4
 528 0274 95       		.byte	0x95
 529 0275 84000000 		.4byte	0x84
 530 0279 34       		.byte	0x34
 531 027a 07       		.uleb128 0x7
 532 027b DF010000 		.4byte	.LASF37
 533 027f 04       		.byte	0x4
 534 0280 96       		.byte	0x96
 535 0281 84000000 		.4byte	0x84
 536 0285 38       		.byte	0x38
 537 0286 07       		.uleb128 0x7
 538 0287 13020000 		.4byte	.LASF38
 539 028b 04       		.byte	0x4
 540 028c 97       		.byte	0x97
 541 028d 84000000 		.4byte	0x84
 542 0291 3C       		.byte	0x3c
 543 0292 0E       		.uleb128 0xe
 544 0293 50465200 		.ascii	"PFR\000"
 545 0297 04       		.byte	0x4
 546 0298 98       		.byte	0x98
 547 0299 0C030000 		.4byte	0x30c
 548 029d 40       		.byte	0x40
 549 029e 0E       		.uleb128 0xe
 550 029f 44465200 		.ascii	"DFR\000"
 551 02a3 04       		.byte	0x4
 552 02a4 99       		.byte	0x99
 553 02a5 84000000 		.4byte	0x84
 554 02a9 48       		.byte	0x48
 555 02aa 0E       		.uleb128 0xe
 556 02ab 41445200 		.ascii	"ADR\000"
 557 02af 04       		.byte	0x4
 558 02b0 9A       		.byte	0x9a
 559 02b1 84000000 		.4byte	0x84
 560 02b5 4C       		.byte	0x4c
 561 02b6 07       		.uleb128 0x7
 562 02b7 0F000000 		.4byte	.LASF39
 563 02bb 04       		.byte	0x4
 564 02bc 9B       		.byte	0x9b
 565 02bd 21030000 		.4byte	0x321
 566 02c1 50       		.byte	0x50
 567 02c2 0E       		.uleb128 0xe
 568 02c3 53415200 		.ascii	"SAR\000"
 569 02c7 04       		.byte	0x4
 570 02c8 9C       		.byte	0x9c
ARM GAS  /tmp/cc2Xg0gb.s 			page 11


 571 02c9 36030000 		.4byte	0x336
 572 02cd 60       		.byte	0x60
 573 02ce 07       		.uleb128 0x7
 574 02cf 99000000 		.4byte	.LASF14
 575 02d3 04       		.byte	0x4
 576 02d4 9D       		.byte	0x9d
 577 02d5 3B030000 		.4byte	0x33b
 578 02d9 74       		.byte	0x74
 579 02da 07       		.uleb128 0x7
 580 02db 88010000 		.4byte	.LASF40
 581 02df 04       		.byte	0x4
 582 02e0 9E       		.byte	0x9e
 583 02e1 84000000 		.4byte	0x84
 584 02e5 88       		.byte	0x88
 585 02e6 00       		.byte	0
 586 02e7 0A       		.uleb128 0xa
 587 02e8 84000000 		.4byte	0x84
 588 02ec F7020000 		.4byte	0x2f7
 589 02f0 0B       		.uleb128 0xb
 590 02f1 53010000 		.4byte	0x153
 591 02f5 02       		.byte	0x2
 592 02f6 00       		.byte	0
 593 02f7 05       		.uleb128 0x5
 594 02f8 E7020000 		.4byte	0x2e7
 595 02fc 0A       		.uleb128 0xa
 596 02fd 84000000 		.4byte	0x84
 597 0301 0C030000 		.4byte	0x30c
 598 0305 0B       		.uleb128 0xb
 599 0306 53010000 		.4byte	0x153
 600 030a 01       		.byte	0x1
 601 030b 00       		.byte	0
 602 030c 05       		.uleb128 0x5
 603 030d FC020000 		.4byte	0x2fc
 604 0311 0A       		.uleb128 0xa
 605 0312 84000000 		.4byte	0x84
 606 0316 21030000 		.4byte	0x321
 607 031a 0B       		.uleb128 0xb
 608 031b 53010000 		.4byte	0x153
 609 031f 03       		.byte	0x3
 610 0320 00       		.byte	0
 611 0321 05       		.uleb128 0x5
 612 0322 11030000 		.4byte	0x311
 613 0326 0A       		.uleb128 0xa
 614 0327 84000000 		.4byte	0x84
 615 032b 36030000 		.4byte	0x336
 616 032f 0B       		.uleb128 0xb
 617 0330 53010000 		.4byte	0x153
 618 0334 04       		.byte	0x4
 619 0335 00       		.byte	0
 620 0336 05       		.uleb128 0x5
 621 0337 26030000 		.4byte	0x326
 622 033b 05       		.uleb128 0x5
 623 033c 26030000 		.4byte	0x326
 624 0340 04       		.uleb128 0x4
 625 0341 D1010000 		.4byte	.LASF41
 626 0345 04       		.byte	0x4
 627 0346 9F       		.byte	0x9f
ARM GAS  /tmp/cc2Xg0gb.s 			page 12


 628 0347 E2010000 		.4byte	0x1e2
 629 034b 03       		.uleb128 0x3
 630 034c 01       		.byte	0x1
 631 034d 08       		.byte	0x8
 632 034e 09020000 		.4byte	.LASF42
 633 0352 0F       		.uleb128 0xf
 634 0353 69020000 		.4byte	.LASF44
 635 0357 01       		.byte	0x1
 636 0358 2E       		.byte	0x2e
 637 0359 00000000 		.4byte	.LFB7
 638 035d 7C000000 		.4byte	.LFE7-.LFB7
 639 0361 01       		.uleb128 0x1
 640 0362 9C       		.byte	0x9c
 641 0363 8F030000 		.4byte	0x38f
 642 0367 10       		.uleb128 0x10
 643 0368 6E00     		.ascii	"n\000"
 644 036a 01       		.byte	0x1
 645 036b 2E       		.byte	0x2e
 646 036c 72000000 		.4byte	0x72
 647 0370 02       		.uleb128 0x2
 648 0371 91       		.byte	0x91
 649 0372 6C       		.sleb128 -20
 650 0373 11       		.uleb128 0x11
 651 0374 05000000 		.4byte	.LASF43
 652 0378 01       		.byte	0x1
 653 0379 2E       		.byte	0x2e
 654 037a 72000000 		.4byte	0x72
 655 037e 02       		.uleb128 0x2
 656 037f 91       		.byte	0x91
 657 0380 68       		.sleb128 -24
 658 0381 12       		.uleb128 0x12
 659 0382 736800   		.ascii	"sh\000"
 660 0385 01       		.byte	0x1
 661 0386 2F       		.byte	0x2f
 662 0387 28000000 		.4byte	0x28
 663 038b 02       		.uleb128 0x2
 664 038c 91       		.byte	0x91
 665 038d 74       		.sleb128 -12
 666 038e 00       		.byte	0
 667 038f 0F       		.uleb128 0xf
 668 0390 1A000000 		.4byte	.LASF45
 669 0394 01       		.byte	0x1
 670 0395 3C       		.byte	0x3c
 671 0396 7C000000 		.4byte	.LFB8
 672 039a 58000000 		.4byte	.LFE8-.LFB8
 673 039e 01       		.uleb128 0x1
 674 039f 9C       		.byte	0x9c
 675 03a0 BE030000 		.4byte	0x3be
 676 03a4 10       		.uleb128 0x10
 677 03a5 6E00     		.ascii	"n\000"
 678 03a7 01       		.byte	0x1
 679 03a8 3C       		.byte	0x3c
 680 03a9 72000000 		.4byte	0x72
 681 03ad 02       		.uleb128 0x2
 682 03ae 91       		.byte	0x91
 683 03af 6C       		.sleb128 -20
 684 03b0 12       		.uleb128 0x12
ARM GAS  /tmp/cc2Xg0gb.s 			page 13


 685 03b1 736800   		.ascii	"sh\000"
 686 03b4 01       		.byte	0x1
 687 03b5 3D       		.byte	0x3d
 688 03b6 28000000 		.4byte	0x28
 689 03ba 02       		.uleb128 0x2
 690 03bb 91       		.byte	0x91
 691 03bc 74       		.sleb128 -12
 692 03bd 00       		.byte	0
 693 03be 13       		.uleb128 0x13
 694 03bf 47020000 		.4byte	.LASF49
 695 03c3 01       		.byte	0x1
 696 03c4 4A       		.byte	0x4a
 697 03c5 D4000000 		.4byte	.LFB9
 698 03c9 4C000000 		.4byte	.LFE9-.LFB9
 699 03cd 01       		.uleb128 0x1
 700 03ce 9C       		.byte	0x9c
 701 03cf 11       		.uleb128 0x11
 702 03d0 E4010000 		.4byte	.LASF46
 703 03d4 01       		.byte	0x1
 704 03d5 4A       		.byte	0x4a
 705 03d6 72000000 		.4byte	0x72
 706 03da 02       		.uleb128 0x2
 707 03db 91       		.byte	0x91
 708 03dc 6C       		.sleb128 -20
 709 03dd 11       		.uleb128 0x11
 710 03de 05000000 		.4byte	.LASF43
 711 03e2 01       		.byte	0x1
 712 03e3 4A       		.byte	0x4a
 713 03e4 72000000 		.4byte	0x72
 714 03e8 02       		.uleb128 0x2
 715 03e9 91       		.byte	0x91
 716 03ea 68       		.sleb128 -24
 717 03eb 12       		.uleb128 0x12
 718 03ec 736800   		.ascii	"sh\000"
 719 03ef 01       		.byte	0x1
 720 03f0 4B       		.byte	0x4b
 721 03f1 28000000 		.4byte	0x28
 722 03f5 02       		.uleb128 0x2
 723 03f6 91       		.byte	0x91
 724 03f7 74       		.sleb128 -12
 725 03f8 00       		.byte	0
 726 03f9 00       		.byte	0
 727              		.section	.debug_abbrev,"",%progbits
 728              	.Ldebug_abbrev0:
 729 0000 01       		.uleb128 0x1
 730 0001 11       		.uleb128 0x11
 731 0002 01       		.byte	0x1
 732 0003 25       		.uleb128 0x25
 733 0004 0E       		.uleb128 0xe
 734 0005 13       		.uleb128 0x13
 735 0006 0B       		.uleb128 0xb
 736 0007 03       		.uleb128 0x3
 737 0008 0E       		.uleb128 0xe
 738 0009 11       		.uleb128 0x11
 739 000a 01       		.uleb128 0x1
 740 000b 12       		.uleb128 0x12
 741 000c 06       		.uleb128 0x6
ARM GAS  /tmp/cc2Xg0gb.s 			page 14


 742 000d 10       		.uleb128 0x10
 743 000e 17       		.uleb128 0x17
 744 000f 00       		.byte	0
 745 0010 00       		.byte	0
 746 0011 02       		.uleb128 0x2
 747 0012 24       		.uleb128 0x24
 748 0013 00       		.byte	0
 749 0014 0B       		.uleb128 0xb
 750 0015 0B       		.uleb128 0xb
 751 0016 3E       		.uleb128 0x3e
 752 0017 0B       		.uleb128 0xb
 753 0018 03       		.uleb128 0x3
 754 0019 08       		.uleb128 0x8
 755 001a 00       		.byte	0
 756 001b 00       		.byte	0
 757 001c 03       		.uleb128 0x3
 758 001d 24       		.uleb128 0x24
 759 001e 00       		.byte	0
 760 001f 0B       		.uleb128 0xb
 761 0020 0B       		.uleb128 0xb
 762 0021 3E       		.uleb128 0x3e
 763 0022 0B       		.uleb128 0xb
 764 0023 03       		.uleb128 0x3
 765 0024 0E       		.uleb128 0xe
 766 0025 00       		.byte	0
 767 0026 00       		.byte	0
 768 0027 04       		.uleb128 0x4
 769 0028 16       		.uleb128 0x16
 770 0029 00       		.byte	0
 771 002a 03       		.uleb128 0x3
 772 002b 0E       		.uleb128 0xe
 773 002c 3A       		.uleb128 0x3a
 774 002d 0B       		.uleb128 0xb
 775 002e 3B       		.uleb128 0x3b
 776 002f 0B       		.uleb128 0xb
 777 0030 49       		.uleb128 0x49
 778 0031 13       		.uleb128 0x13
 779 0032 00       		.byte	0
 780 0033 00       		.byte	0
 781 0034 05       		.uleb128 0x5
 782 0035 35       		.uleb128 0x35
 783 0036 00       		.byte	0
 784 0037 49       		.uleb128 0x49
 785 0038 13       		.uleb128 0x13
 786 0039 00       		.byte	0
 787 003a 00       		.byte	0
 788 003b 06       		.uleb128 0x6
 789 003c 13       		.uleb128 0x13
 790 003d 01       		.byte	0x1
 791 003e 0B       		.uleb128 0xb
 792 003f 05       		.uleb128 0x5
 793 0040 3A       		.uleb128 0x3a
 794 0041 0B       		.uleb128 0xb
 795 0042 3B       		.uleb128 0x3b
 796 0043 0B       		.uleb128 0xb
 797 0044 01       		.uleb128 0x1
 798 0045 13       		.uleb128 0x13
ARM GAS  /tmp/cc2Xg0gb.s 			page 15


 799 0046 00       		.byte	0
 800 0047 00       		.byte	0
 801 0048 07       		.uleb128 0x7
 802 0049 0D       		.uleb128 0xd
 803 004a 00       		.byte	0
 804 004b 03       		.uleb128 0x3
 805 004c 0E       		.uleb128 0xe
 806 004d 3A       		.uleb128 0x3a
 807 004e 0B       		.uleb128 0xb
 808 004f 3B       		.uleb128 0x3b
 809 0050 0B       		.uleb128 0xb
 810 0051 49       		.uleb128 0x49
 811 0052 13       		.uleb128 0x13
 812 0053 38       		.uleb128 0x38
 813 0054 0B       		.uleb128 0xb
 814 0055 00       		.byte	0
 815 0056 00       		.byte	0
 816 0057 08       		.uleb128 0x8
 817 0058 0D       		.uleb128 0xd
 818 0059 00       		.byte	0
 819 005a 03       		.uleb128 0x3
 820 005b 0E       		.uleb128 0xe
 821 005c 3A       		.uleb128 0x3a
 822 005d 0B       		.uleb128 0xb
 823 005e 3B       		.uleb128 0x3b
 824 005f 0B       		.uleb128 0xb
 825 0060 49       		.uleb128 0x49
 826 0061 13       		.uleb128 0x13
 827 0062 38       		.uleb128 0x38
 828 0063 05       		.uleb128 0x5
 829 0064 00       		.byte	0
 830 0065 00       		.byte	0
 831 0066 09       		.uleb128 0x9
 832 0067 0D       		.uleb128 0xd
 833 0068 00       		.byte	0
 834 0069 03       		.uleb128 0x3
 835 006a 08       		.uleb128 0x8
 836 006b 3A       		.uleb128 0x3a
 837 006c 0B       		.uleb128 0xb
 838 006d 3B       		.uleb128 0x3b
 839 006e 0B       		.uleb128 0xb
 840 006f 49       		.uleb128 0x49
 841 0070 13       		.uleb128 0x13
 842 0071 38       		.uleb128 0x38
 843 0072 05       		.uleb128 0x5
 844 0073 00       		.byte	0
 845 0074 00       		.byte	0
 846 0075 0A       		.uleb128 0xa
 847 0076 01       		.uleb128 0x1
 848 0077 01       		.byte	0x1
 849 0078 49       		.uleb128 0x49
 850 0079 13       		.uleb128 0x13
 851 007a 01       		.uleb128 0x1
 852 007b 13       		.uleb128 0x13
 853 007c 00       		.byte	0
 854 007d 00       		.byte	0
 855 007e 0B       		.uleb128 0xb
ARM GAS  /tmp/cc2Xg0gb.s 			page 16


 856 007f 21       		.uleb128 0x21
 857 0080 00       		.byte	0
 858 0081 49       		.uleb128 0x49
 859 0082 13       		.uleb128 0x13
 860 0083 2F       		.uleb128 0x2f
 861 0084 0B       		.uleb128 0xb
 862 0085 00       		.byte	0
 863 0086 00       		.byte	0
 864 0087 0C       		.uleb128 0xc
 865 0088 21       		.uleb128 0x21
 866 0089 00       		.byte	0
 867 008a 49       		.uleb128 0x49
 868 008b 13       		.uleb128 0x13
 869 008c 2F       		.uleb128 0x2f
 870 008d 05       		.uleb128 0x5
 871 008e 00       		.byte	0
 872 008f 00       		.byte	0
 873 0090 0D       		.uleb128 0xd
 874 0091 13       		.uleb128 0x13
 875 0092 01       		.byte	0x1
 876 0093 0B       		.uleb128 0xb
 877 0094 0B       		.uleb128 0xb
 878 0095 3A       		.uleb128 0x3a
 879 0096 0B       		.uleb128 0xb
 880 0097 3B       		.uleb128 0x3b
 881 0098 0B       		.uleb128 0xb
 882 0099 01       		.uleb128 0x1
 883 009a 13       		.uleb128 0x13
 884 009b 00       		.byte	0
 885 009c 00       		.byte	0
 886 009d 0E       		.uleb128 0xe
 887 009e 0D       		.uleb128 0xd
 888 009f 00       		.byte	0
 889 00a0 03       		.uleb128 0x3
 890 00a1 08       		.uleb128 0x8
 891 00a2 3A       		.uleb128 0x3a
 892 00a3 0B       		.uleb128 0xb
 893 00a4 3B       		.uleb128 0x3b
 894 00a5 0B       		.uleb128 0xb
 895 00a6 49       		.uleb128 0x49
 896 00a7 13       		.uleb128 0x13
 897 00a8 38       		.uleb128 0x38
 898 00a9 0B       		.uleb128 0xb
 899 00aa 00       		.byte	0
 900 00ab 00       		.byte	0
 901 00ac 0F       		.uleb128 0xf
 902 00ad 2E       		.uleb128 0x2e
 903 00ae 01       		.byte	0x1
 904 00af 3F       		.uleb128 0x3f
 905 00b0 19       		.uleb128 0x19
 906 00b1 03       		.uleb128 0x3
 907 00b2 0E       		.uleb128 0xe
 908 00b3 3A       		.uleb128 0x3a
 909 00b4 0B       		.uleb128 0xb
 910 00b5 3B       		.uleb128 0x3b
 911 00b6 0B       		.uleb128 0xb
 912 00b7 27       		.uleb128 0x27
ARM GAS  /tmp/cc2Xg0gb.s 			page 17


 913 00b8 19       		.uleb128 0x19
 914 00b9 11       		.uleb128 0x11
 915 00ba 01       		.uleb128 0x1
 916 00bb 12       		.uleb128 0x12
 917 00bc 06       		.uleb128 0x6
 918 00bd 40       		.uleb128 0x40
 919 00be 18       		.uleb128 0x18
 920 00bf 9742     		.uleb128 0x2117
 921 00c1 19       		.uleb128 0x19
 922 00c2 01       		.uleb128 0x1
 923 00c3 13       		.uleb128 0x13
 924 00c4 00       		.byte	0
 925 00c5 00       		.byte	0
 926 00c6 10       		.uleb128 0x10
 927 00c7 05       		.uleb128 0x5
 928 00c8 00       		.byte	0
 929 00c9 03       		.uleb128 0x3
 930 00ca 08       		.uleb128 0x8
 931 00cb 3A       		.uleb128 0x3a
 932 00cc 0B       		.uleb128 0xb
 933 00cd 3B       		.uleb128 0x3b
 934 00ce 0B       		.uleb128 0xb
 935 00cf 49       		.uleb128 0x49
 936 00d0 13       		.uleb128 0x13
 937 00d1 02       		.uleb128 0x2
 938 00d2 18       		.uleb128 0x18
 939 00d3 00       		.byte	0
 940 00d4 00       		.byte	0
 941 00d5 11       		.uleb128 0x11
 942 00d6 05       		.uleb128 0x5
 943 00d7 00       		.byte	0
 944 00d8 03       		.uleb128 0x3
 945 00d9 0E       		.uleb128 0xe
 946 00da 3A       		.uleb128 0x3a
 947 00db 0B       		.uleb128 0xb
 948 00dc 3B       		.uleb128 0x3b
 949 00dd 0B       		.uleb128 0xb
 950 00de 49       		.uleb128 0x49
 951 00df 13       		.uleb128 0x13
 952 00e0 02       		.uleb128 0x2
 953 00e1 18       		.uleb128 0x18
 954 00e2 00       		.byte	0
 955 00e3 00       		.byte	0
 956 00e4 12       		.uleb128 0x12
 957 00e5 34       		.uleb128 0x34
 958 00e6 00       		.byte	0
 959 00e7 03       		.uleb128 0x3
 960 00e8 08       		.uleb128 0x8
 961 00e9 3A       		.uleb128 0x3a
 962 00ea 0B       		.uleb128 0xb
 963 00eb 3B       		.uleb128 0x3b
 964 00ec 0B       		.uleb128 0xb
 965 00ed 49       		.uleb128 0x49
 966 00ee 13       		.uleb128 0x13
 967 00ef 02       		.uleb128 0x2
 968 00f0 18       		.uleb128 0x18
 969 00f1 00       		.byte	0
ARM GAS  /tmp/cc2Xg0gb.s 			page 18


 970 00f2 00       		.byte	0
 971 00f3 13       		.uleb128 0x13
 972 00f4 2E       		.uleb128 0x2e
 973 00f5 01       		.byte	0x1
 974 00f6 3F       		.uleb128 0x3f
 975 00f7 19       		.uleb128 0x19
 976 00f8 03       		.uleb128 0x3
 977 00f9 0E       		.uleb128 0xe
 978 00fa 3A       		.uleb128 0x3a
 979 00fb 0B       		.uleb128 0xb
 980 00fc 3B       		.uleb128 0x3b
 981 00fd 0B       		.uleb128 0xb
 982 00fe 27       		.uleb128 0x27
 983 00ff 19       		.uleb128 0x19
 984 0100 11       		.uleb128 0x11
 985 0101 01       		.uleb128 0x1
 986 0102 12       		.uleb128 0x12
 987 0103 06       		.uleb128 0x6
 988 0104 40       		.uleb128 0x40
 989 0105 18       		.uleb128 0x18
 990 0106 9742     		.uleb128 0x2117
 991 0108 19       		.uleb128 0x19
 992 0109 00       		.byte	0
 993 010a 00       		.byte	0
 994 010b 00       		.byte	0
 995              		.section	.debug_aranges,"",%progbits
 996 0000 1C000000 		.4byte	0x1c
 997 0004 0200     		.2byte	0x2
 998 0006 00000000 		.4byte	.Ldebug_info0
 999 000a 04       		.byte	0x4
 1000 000b 00       		.byte	0
 1001 000c 0000     		.2byte	0
 1002 000e 0000     		.2byte	0
 1003 0010 00000000 		.4byte	.Ltext0
 1004 0014 20010000 		.4byte	.Letext0-.Ltext0
 1005 0018 00000000 		.4byte	0
 1006 001c 00000000 		.4byte	0
 1007              		.section	.debug_line,"",%progbits
 1008              	.Ldebug_line0:
 1009 0000 31010000 		.section	.debug_str,"MS",%progbits,1
 1009      02000601 
 1009      00000201 
 1009      FB0E0D00 
 1009      01010101 
 1010              	.LASF34:
 1011 0000 48465352 		.ascii	"HFSR\000"
 1011      00
 1012              	.LASF43:
 1013 0005 7072696F 		.ascii	"prio\000"
 1013      00
 1014              	.LASF19:
 1015 000a 49435052 		.ascii	"ICPR\000"
 1015      00
 1016              	.LASF39:
 1017 000f 4D4D4652 		.ascii	"MMFR\000"
 1017      00
 1018              	.LASF11:
ARM GAS  /tmp/cc2Xg0gb.s 			page 19


 1019 0014 5F426F6F 		.ascii	"_Bool\000"
 1019      6C00
 1020              	.LASF45:
 1021 001a 6E766963 		.ascii	"nvicDisableVector\000"
 1021      44697361 
 1021      626C6556 
 1021      6563746F 
 1021      7200
 1022              	.LASF48:
 1023 002c 2F6F7074 		.ascii	"/opt/R2P/core/ChibiOS_2.6.5/os/ports/common/ARMCMx/"
 1023      2F523250 
 1023      2F636F72 
 1023      652F4368 
 1023      6962694F 
 1024 005f 6E766963 		.ascii	"nvic.c\000"
 1024      2E6300
 1025              	.LASF26:
 1026 0066 434D785F 		.ascii	"CMx_NVIC\000"
 1026      4E564943 
 1026      00
 1027              	.LASF29:
 1028 006f 56544F52 		.ascii	"VTOR\000"
 1028      00
 1029              	.LASF3:
 1030 0074 73686F72 		.ascii	"short int\000"
 1030      7420696E 
 1030      7400
 1031              	.LASF15:
 1032 007e 49434552 		.ascii	"ICER\000"
 1032      00
 1033              	.LASF12:
 1034 0083 494F5245 		.ascii	"IOREG32\000"
 1034      47333200 
 1035              	.LASF2:
 1036 008b 756E7369 		.ascii	"unsigned char\000"
 1036      676E6564 
 1036      20636861 
 1036      7200
 1037              	.LASF14:
 1038 0099 756E7573 		.ascii	"unused1\000"
 1038      65643100 
 1039              	.LASF16:
 1040 00a1 756E7573 		.ascii	"unused2\000"
 1040      65643200 
 1041              	.LASF18:
 1042 00a9 756E7573 		.ascii	"unused3\000"
 1042      65643300 
 1043              	.LASF20:
 1044 00b1 756E7573 		.ascii	"unused4\000"
 1044      65643400 
 1045              	.LASF22:
 1046 00b9 756E7573 		.ascii	"unused5\000"
 1046      65643500 
 1047              	.LASF23:
 1048 00c1 756E7573 		.ascii	"unused6\000"
 1048      65643600 
 1049              	.LASF4:
ARM GAS  /tmp/cc2Xg0gb.s 			page 20


 1050 00c9 73686F72 		.ascii	"short unsigned int\000"
 1050      7420756E 
 1050      7369676E 
 1050      65642069 
 1050      6E7400
 1051              	.LASF33:
 1052 00dc 43465352 		.ascii	"CFSR\000"
 1052      00
 1053              	.LASF47:
 1054 00e1 474E5520 		.ascii	"GNU C 4.9.3 20141119 (release) [ARM/embedded-4_9-br"
 1054      4320342E 
 1054      392E3320 
 1054      32303134 
 1054      31313139 
 1055 0114 616E6368 		.ascii	"anch revision 218278] -mcpu=cortex-m4 -mno-thumb-in"
 1055      20726576 
 1055      6973696F 
 1055      6E203231 
 1055      38323738 
 1056 0147 74657277 		.ascii	"terwork -mthumb -ggdb -O0 -fomit-frame-pointer\000"
 1056      6F726B20 
 1056      2D6D7468 
 1056      756D6220 
 1056      2D676764 
 1057              	.LASF6:
 1058 0176 6C6F6E67 		.ascii	"long unsigned int\000"
 1058      20756E73 
 1058      69676E65 
 1058      6420696E 
 1058      7400
 1059              	.LASF40:
 1060 0188 43504143 		.ascii	"CPACR\000"
 1060      5200
 1061              	.LASF24:
 1062 018e 53544952 		.ascii	"STIR\000"
 1062      00
 1063              	.LASF9:
 1064 0193 5F5F7569 		.ascii	"__uint32_t\000"
 1064      6E743332 
 1064      5F7400
 1065              	.LASF0:
 1066 019e 756E7369 		.ascii	"unsigned int\000"
 1066      676E6564 
 1066      20696E74 
 1066      00
 1067              	.LASF17:
 1068 01ab 49535052 		.ascii	"ISPR\000"
 1068      00
 1069              	.LASF35:
 1070 01b0 44465352 		.ascii	"DFSR\000"
 1070      00
 1071              	.LASF8:
 1072 01b5 6C6F6E67 		.ascii	"long long unsigned int\000"
 1072      206C6F6E 
 1072      6720756E 
 1072      7369676E 
 1072      65642069 
ARM GAS  /tmp/cc2Xg0gb.s 			page 21


 1073              	.LASF28:
 1074 01cc 49435352 		.ascii	"ICSR\000"
 1074      00
 1075              	.LASF41:
 1076 01d1 434D785F 		.ascii	"CMx_SCB\000"
 1076      53434200 
 1077              	.LASF30:
 1078 01d9 41495243 		.ascii	"AIRCR\000"
 1078      5200
 1079              	.LASF37:
 1080 01df 42464152 		.ascii	"BFAR\000"
 1080      00
 1081              	.LASF46:
 1082 01e4 68616E64 		.ascii	"handler\000"
 1082      6C657200 
 1083              	.LASF25:
 1084 01ec 73697A65 		.ascii	"sizetype\000"
 1084      74797065 
 1084      00
 1085              	.LASF7:
 1086 01f5 6C6F6E67 		.ascii	"long long int\000"
 1086      206C6F6E 
 1086      6720696E 
 1086      7400
 1087              	.LASF27:
 1088 0203 43505549 		.ascii	"CPUID\000"
 1088      4400
 1089              	.LASF42:
 1090 0209 63686172 		.ascii	"char\000"
 1090      00
 1091              	.LASF13:
 1092 020e 49534552 		.ascii	"ISER\000"
 1092      00
 1093              	.LASF38:
 1094 0213 41465352 		.ascii	"AFSR\000"
 1094      00
 1095              	.LASF36:
 1096 0218 4D4D4641 		.ascii	"MMFAR\000"
 1096      5200
 1097              	.LASF32:
 1098 021e 53484353 		.ascii	"SHCSR\000"
 1098      5200
 1099              	.LASF10:
 1100 0224 75696E74 		.ascii	"uint32_t\000"
 1100      33325F74 
 1100      00
 1101              	.LASF5:
 1102 022d 6C6F6E67 		.ascii	"long int\000"
 1102      20696E74 
 1102      00
 1103              	.LASF31:
 1104 0236 53485052 		.ascii	"SHPR\000"
 1104      00
 1105              	.LASF1:
 1106 023b 7369676E 		.ascii	"signed char\000"
 1106      65642063 
 1106      68617200 
ARM GAS  /tmp/cc2Xg0gb.s 			page 22


 1107              	.LASF49:
 1108 0247 6E766963 		.ascii	"nvicSetSystemHandlerPriority\000"
 1108      53657453 
 1108      79737465 
 1108      6D48616E 
 1108      646C6572 
 1109              	.LASF21:
 1110 0264 49414252 		.ascii	"IABR\000"
 1110      00
 1111              	.LASF44:
 1112 0269 6E766963 		.ascii	"nvicEnableVector\000"
 1112      456E6162 
 1112      6C655665 
 1112      63746F72 
 1112      00
 1113              		.ident	"GCC: (GNU Tools for ARM Embedded Processors) 4.9.3 20141119 (release) [ARM/embedded-4_9-br
ARM GAS  /tmp/cc2Xg0gb.s 			page 23


DEFINED SYMBOLS
                            *ABS*:00000000 nvic.c
     /tmp/cc2Xg0gb.s:18     .text:00000000 $t
     /tmp/cc2Xg0gb.s:23     .text:00000000 nvicEnableVector
     /tmp/cc2Xg0gb.s:93     .text:00000078 $d
     /tmp/cc2Xg0gb.s:97     .text:0000007c $t
     /tmp/cc2Xg0gb.s:102    .text:0000007c nvicDisableVector
     /tmp/cc2Xg0gb.s:157    .text:000000d0 $d
     /tmp/cc2Xg0gb.s:161    .text:000000d4 $t
     /tmp/cc2Xg0gb.s:166    .text:000000d4 nvicSetSystemHandlerPriority
     /tmp/cc2Xg0gb.s:220    .text:0000011c $d
                     .debug_frame:00000010 $d

NO UNDEFINED SYMBOLS
