ARM GAS  /tmp/ccjOMZG5.s 			page 1


   1              		.syntax unified
   2              		.cpu cortex-m4
   3              		.fpu softvfp
   4              		.eabi_attribute 20, 1
   5              		.eabi_attribute 21, 1
   6              		.eabi_attribute 23, 3
   7              		.eabi_attribute 24, 1
   8              		.eabi_attribute 25, 1
   9              		.eabi_attribute 26, 1
  10              		.eabi_attribute 30, 6
  11              		.eabi_attribute 34, 1
  12              		.eabi_attribute 18, 4
  13              		.thumb
  14              		.file	"pal.c"
  15              		.text
  16              	.Ltext0:
  17              		.cfi_sections	.debug_frame
  18              		.section	.rodata
  19              		.align	2
  20              	.LC0:
  21 0000 2270616C 		.ascii	"\"palReadBus\"()\000"
  21      52656164 
  21      42757322 
  21      282900
  22              		.text
  23              		.align	2
  24              		.global	palReadBus
  25              		.thumb
  26              		.thumb_func
  27              		.type	palReadBus, %function
  28              	palReadBus:
  29              	.LFB118:
  30              		.file 1 "/opt/R2P/core/ChibiOS_2.6.5/os/hal/src/pal.c"
  31              		.loc 1 77 0
  32              		.cfi_startproc
  33              		@ args = 0, pretend = 0, frame = 8
  34              		@ frame_needed = 0, uses_anonymous_args = 0
  35 0000 00B5     		push	{lr}
  36              		.cfi_def_cfa_offset 4
  37              		.cfi_offset 14, -4
  38 0002 83B0     		sub	sp, sp, #12
  39              		.cfi_def_cfa_offset 16
  40 0004 0190     		str	r0, [sp, #4]
  41              		.loc 1 79 0
  42 0006 019B     		ldr	r3, [sp, #4]
  43 0008 002B     		cmp	r3, #0
  44 000a 03D0     		beq	.L2
  45              		.loc 1 79 0 is_stmt 0 discriminator 2
  46 000c 019B     		ldr	r3, [sp, #4]
  47 000e 9B68     		ldr	r3, [r3, #8]
  48 0010 0F2B     		cmp	r3, #15
  49 0012 02D9     		bls	.L3
  50              	.L2:
  51              		.loc 1 79 0 discriminator 3
  52 0014 0848     		ldr	r0, .L5
  53 0016 FFF7FEFF 		bl	chDbgPanic
  54              	.L3:
ARM GAS  /tmp/ccjOMZG5.s 			page 2


  55              		.loc 1 82 0 is_stmt 1
  56 001a 019B     		ldr	r3, [sp, #4]
  57 001c 1B68     		ldr	r3, [r3]
  58 001e 1B69     		ldr	r3, [r3, #16]
  59 0020 019A     		ldr	r2, [sp, #4]
  60 0022 9268     		ldr	r2, [r2, #8]
  61 0024 23FA02F2 		lsr	r2, r3, r2
  62 0028 019B     		ldr	r3, [sp, #4]
  63 002a 5B68     		ldr	r3, [r3, #4]
  64 002c 1340     		ands	r3, r3, r2
  65              		.loc 1 83 0
  66 002e 1846     		mov	r0, r3
  67 0030 03B0     		add	sp, sp, #12
  68              		.cfi_def_cfa_offset 4
  69              		@ sp needed
  70 0032 5DF804FB 		ldr	pc, [sp], #4
  71              	.L6:
  72 0036 00BF     		.align	2
  73              	.L5:
  74 0038 00000000 		.word	.LC0
  75              		.cfi_endproc
  76              	.LFE118:
  77              		.size	palReadBus, .-palReadBus
  78              		.section	.rodata
  79 000f 00       		.align	2
  80              	.LC1:
  81 0010 2270616C 		.ascii	"\"palWriteBus\"()\000"
  81      57726974 
  81      65427573 
  81      22282900 
  82              		.text
  83              		.align	2
  84              		.global	palWriteBus
  85              		.thumb
  86              		.thumb_func
  87              		.type	palWriteBus, %function
  88              	palWriteBus:
  89              	.LFB119:
  90              		.loc 1 103 0
  91              		.cfi_startproc
  92              		@ args = 0, pretend = 0, frame = 8
  93              		@ frame_needed = 0, uses_anonymous_args = 0
  94 003c 00B5     		push	{lr}
  95              		.cfi_def_cfa_offset 4
  96              		.cfi_offset 14, -4
  97 003e 83B0     		sub	sp, sp, #12
  98              		.cfi_def_cfa_offset 16
  99 0040 0190     		str	r0, [sp, #4]
 100 0042 0091     		str	r1, [sp]
 101              		.loc 1 105 0
 102 0044 019B     		ldr	r3, [sp, #4]
 103 0046 002B     		cmp	r3, #0
 104 0048 03D0     		beq	.L8
 105              		.loc 1 105 0 is_stmt 0 discriminator 2
 106 004a 019B     		ldr	r3, [sp, #4]
 107 004c 9B68     		ldr	r3, [r3, #8]
 108 004e 0F2B     		cmp	r3, #15
ARM GAS  /tmp/ccjOMZG5.s 			page 3


 109 0050 02D9     		bls	.L9
 110              	.L8:
 111              		.loc 1 105 0 discriminator 3
 112 0052 0D48     		ldr	r0, .L10
 113 0054 FFF7FEFF 		bl	chDbgPanic
 114              	.L9:
 115              		.loc 1 108 0 is_stmt 1
 116 0058 019B     		ldr	r3, [sp, #4]
 117 005a 1B68     		ldr	r3, [r3]
 118 005c 009A     		ldr	r2, [sp]
 119 005e D143     		mvns	r1, r2
 120 0060 019A     		ldr	r2, [sp, #4]
 121 0062 5268     		ldr	r2, [r2, #4]
 122 0064 0A40     		ands	r2, r2, r1
 123 0066 0199     		ldr	r1, [sp, #4]
 124 0068 8968     		ldr	r1, [r1, #8]
 125 006a 1031     		adds	r1, r1, #16
 126 006c 02FA01F1 		lsl	r1, r2, r1
 127 0070 019A     		ldr	r2, [sp, #4]
 128 0072 5068     		ldr	r0, [r2, #4]
 129 0074 009A     		ldr	r2, [sp]
 130 0076 0240     		ands	r2, r2, r0
 131 0078 0198     		ldr	r0, [sp, #4]
 132 007a 8068     		ldr	r0, [r0, #8]
 133 007c 8240     		lsls	r2, r2, r0
 134 007e 0A43     		orrs	r2, r2, r1
 135 0080 9A61     		str	r2, [r3, #24]
 136              		.loc 1 109 0
 137 0082 03B0     		add	sp, sp, #12
 138              		.cfi_def_cfa_offset 4
 139              		@ sp needed
 140 0084 5DF804FB 		ldr	pc, [sp], #4
 141              	.L11:
 142              		.align	2
 143              	.L10:
 144 0088 10000000 		.word	.LC1
 145              		.cfi_endproc
 146              	.LFE119:
 147              		.size	palWriteBus, .-palWriteBus
 148              		.section	.rodata
 149              		.align	2
 150              	.LC2:
 151 0020 2270616C 		.ascii	"\"palSetBusMode\"()\000"
 151      53657442 
 151      75734D6F 
 151      64652228 
 151      2900
 152 0032 0000     		.text
 153              		.align	2
 154              		.global	palSetBusMode
 155              		.thumb
 156              		.thumb_func
 157              		.type	palSetBusMode, %function
 158              	palSetBusMode:
 159              	.LFB120:
 160              		.loc 1 127 0
 161              		.cfi_startproc
ARM GAS  /tmp/ccjOMZG5.s 			page 4


 162              		@ args = 0, pretend = 0, frame = 8
 163              		@ frame_needed = 0, uses_anonymous_args = 0
 164 008c 00B5     		push	{lr}
 165              		.cfi_def_cfa_offset 4
 166              		.cfi_offset 14, -4
 167 008e 83B0     		sub	sp, sp, #12
 168              		.cfi_def_cfa_offset 16
 169 0090 0190     		str	r0, [sp, #4]
 170 0092 0091     		str	r1, [sp]
 171              		.loc 1 129 0
 172 0094 019B     		ldr	r3, [sp, #4]
 173 0096 002B     		cmp	r3, #0
 174 0098 03D0     		beq	.L13
 175              		.loc 1 129 0 is_stmt 0 discriminator 2
 176 009a 019B     		ldr	r3, [sp, #4]
 177 009c 9B68     		ldr	r3, [r3, #8]
 178 009e 0F2B     		cmp	r3, #15
 179 00a0 02D9     		bls	.L14
 180              	.L13:
 181              		.loc 1 129 0 discriminator 3
 182 00a2 0948     		ldr	r0, .L15
 183 00a4 FFF7FEFF 		bl	chDbgPanic
 184              	.L14:
 185              		.loc 1 132 0 is_stmt 1
 186 00a8 019B     		ldr	r3, [sp, #4]
 187 00aa 1968     		ldr	r1, [r3]
 188 00ac 019B     		ldr	r3, [sp, #4]
 189 00ae 5B68     		ldr	r3, [r3, #4]
 190 00b0 019A     		ldr	r2, [sp, #4]
 191 00b2 9268     		ldr	r2, [r2, #8]
 192 00b4 9340     		lsls	r3, r3, r2
 193 00b6 0846     		mov	r0, r1
 194 00b8 1946     		mov	r1, r3
 195 00ba 009A     		ldr	r2, [sp]
 196 00bc FFF7FEFF 		bl	_pal_lld_setgroupmode
 197              		.loc 1 133 0
 198 00c0 03B0     		add	sp, sp, #12
 199              		.cfi_def_cfa_offset 4
 200              		@ sp needed
 201 00c2 5DF804FB 		ldr	pc, [sp], #4
 202              	.L16:
 203 00c6 00BF     		.align	2
 204              	.L15:
 205 00c8 20000000 		.word	.LC2
 206              		.cfi_endproc
 207              	.LFE120:
 208              		.size	palSetBusMode, .-palSetBusMode
 209              	.Letext0:
 210              		.file 2 "/opt/R2P/tools/gcc-arm-none-eabi-4_9-2014q4/arm-none-eabi/include/machine/_default_types.
 211              		.file 3 "/opt/R2P/tools/gcc-arm-none-eabi-4_9-2014q4/arm-none-eabi/include/stdint.h"
 212              		.file 4 "/opt/R2P/core/ChibiOS_2.6.5/os/hal/platforms/STM32/GPIOv2/pal_lld.h"
 213              		.file 5 "/opt/R2P/core/ChibiOS_2.6.5/os/hal/include/pal.h"
 214              		.file 6 "/opt/R2P/core/ChibiOS_2.6.5/os/ports/common/ARMCMx/CMSIS/include/core_cm4.h"
 215              		.section	.debug_info,"",%progbits
 216              	.Ldebug_info0:
 217 0000 9A020000 		.4byte	0x29a
 218 0004 0400     		.2byte	0x4
ARM GAS  /tmp/ccjOMZG5.s 			page 5


 219 0006 00000000 		.4byte	.Ldebug_abbrev0
 220 000a 04       		.byte	0x4
 221 000b 01       		.uleb128 0x1
 222 000c CA000000 		.4byte	.LASF40
 223 0010 01       		.byte	0x1
 224 0011 7D010000 		.4byte	.LASF41
 225 0015 00000000 		.4byte	.Ltext0
 226 0019 CC000000 		.4byte	.Letext0-.Ltext0
 227 001d 00000000 		.4byte	.Ldebug_line0
 228 0021 02       		.uleb128 0x2
 229 0022 04       		.byte	0x4
 230 0023 05       		.byte	0x5
 231 0024 696E7400 		.ascii	"int\000"
 232 0028 03       		.uleb128 0x3
 233 0029 04       		.byte	0x4
 234 002a 07       		.byte	0x7
 235 002b AA010000 		.4byte	.LASF0
 236 002f 03       		.uleb128 0x3
 237 0030 01       		.byte	0x1
 238 0031 06       		.byte	0x6
 239 0032 2A020000 		.4byte	.LASF1
 240 0036 03       		.uleb128 0x3
 241 0037 01       		.byte	0x1
 242 0038 08       		.byte	0x8
 243 0039 80000000 		.4byte	.LASF2
 244 003d 03       		.uleb128 0x3
 245 003e 02       		.byte	0x2
 246 003f 05       		.byte	0x5
 247 0040 44000000 		.4byte	.LASF3
 248 0044 04       		.uleb128 0x4
 249 0045 5F010000 		.4byte	.LASF5
 250 0049 02       		.byte	0x2
 251 004a 2B       		.byte	0x2b
 252 004b 4F000000 		.4byte	0x4f
 253 004f 03       		.uleb128 0x3
 254 0050 02       		.byte	0x2
 255 0051 07       		.byte	0x7
 256 0052 A5000000 		.4byte	.LASF4
 257 0056 04       		.uleb128 0x4
 258 0057 1C000000 		.4byte	.LASF6
 259 005b 02       		.byte	0x2
 260 005c 3F       		.byte	0x3f
 261 005d 61000000 		.4byte	0x61
 262 0061 03       		.uleb128 0x3
 263 0062 04       		.byte	0x4
 264 0063 05       		.byte	0x5
 265 0064 21020000 		.4byte	.LASF7
 266 0068 04       		.uleb128 0x4
 267 0069 6A010000 		.4byte	.LASF8
 268 006d 02       		.byte	0x2
 269 006e 41       		.byte	0x41
 270 006f 73000000 		.4byte	0x73
 271 0073 03       		.uleb128 0x3
 272 0074 04       		.byte	0x4
 273 0075 07       		.byte	0x7
 274 0076 93000000 		.4byte	.LASF9
 275 007a 03       		.uleb128 0x3
ARM GAS  /tmp/ccjOMZG5.s 			page 6


 276 007b 08       		.byte	0x8
 277 007c 05       		.byte	0x5
 278 007d E5010000 		.4byte	.LASF10
 279 0081 03       		.uleb128 0x3
 280 0082 08       		.byte	0x8
 281 0083 07       		.byte	0x7
 282 0084 3C020000 		.4byte	.LASF11
 283 0088 04       		.uleb128 0x4
 284 0089 0F020000 		.4byte	.LASF12
 285 008d 03       		.byte	0x3
 286 008e 21       		.byte	0x21
 287 008f 44000000 		.4byte	0x44
 288 0093 04       		.uleb128 0x4
 289 0094 CE010000 		.4byte	.LASF13
 290 0098 03       		.byte	0x3
 291 0099 2C       		.byte	0x2c
 292 009a 56000000 		.4byte	0x56
 293 009e 04       		.uleb128 0x4
 294 009f 18020000 		.4byte	.LASF14
 295 00a3 03       		.byte	0x3
 296 00a4 2D       		.byte	0x2d
 297 00a5 68000000 		.4byte	0x68
 298 00a9 04       		.uleb128 0x4
 299 00aa 26000000 		.4byte	.LASF15
 300 00ae 03       		.byte	0x3
 301 00af 4B       		.byte	0x4b
 302 00b0 28000000 		.4byte	0x28
 303 00b4 03       		.uleb128 0x3
 304 00b5 01       		.byte	0x1
 305 00b6 02       		.byte	0x2
 306 00b7 36020000 		.4byte	.LASF16
 307 00bb 05       		.uleb128 0x5
 308 00bc 9E000000 		.4byte	0x9e
 309 00c0 03       		.uleb128 0x3
 310 00c1 04       		.byte	0x4
 311 00c2 07       		.byte	0x7
 312 00c3 D6010000 		.4byte	.LASF17
 313 00c7 03       		.uleb128 0x3
 314 00c8 01       		.byte	0x1
 315 00c9 08       		.byte	0x8
 316 00ca C4010000 		.4byte	.LASF18
 317 00ce 05       		.uleb128 0x5
 318 00cf 93000000 		.4byte	0x93
 319 00d3 06       		.uleb128 0x6
 320 00d4 04       		.byte	0x4
 321 00d5 04       		.byte	0x4
 322 00d6 96       		.byte	0x96
 323 00d7 F4000000 		.4byte	0xf4
 324 00db 07       		.uleb128 0x7
 325 00dc 73657400 		.ascii	"set\000"
 326 00e0 04       		.byte	0x4
 327 00e1 97       		.byte	0x97
 328 00e2 88000000 		.4byte	0x88
 329 00e6 00       		.byte	0
 330 00e7 08       		.uleb128 0x8
 331 00e8 05000000 		.4byte	.LASF19
 332 00ec 04       		.byte	0x4
ARM GAS  /tmp/ccjOMZG5.s 			page 7


 333 00ed 98       		.byte	0x98
 334 00ee 88000000 		.4byte	0x88
 335 00f2 02       		.byte	0x2
 336 00f3 00       		.byte	0
 337 00f4 09       		.uleb128 0x9
 338 00f5 04       		.byte	0x4
 339 00f6 04       		.byte	0x4
 340 00f7 94       		.byte	0x94
 341 00f8 0F010000 		.4byte	0x10f
 342 00fc 0A       		.uleb128 0xa
 343 00fd 5700     		.ascii	"W\000"
 344 00ff 04       		.byte	0x4
 345 0100 95       		.byte	0x95
 346 0101 9E000000 		.4byte	0x9e
 347 0105 0A       		.uleb128 0xa
 348 0106 4800     		.ascii	"H\000"
 349 0108 04       		.byte	0x4
 350 0109 99       		.byte	0x99
 351 010a D3000000 		.4byte	0xd3
 352 010e 00       		.byte	0
 353 010f 06       		.uleb128 0x6
 354 0110 28       		.byte	0x28
 355 0111 04       		.byte	0x4
 356 0112 8C       		.byte	0x8c
 357 0113 90010000 		.4byte	0x190
 358 0117 08       		.uleb128 0x8
 359 0118 0B000000 		.4byte	.LASF20
 360 011c 04       		.byte	0x4
 361 011d 8E       		.byte	0x8e
 362 011e BB000000 		.4byte	0xbb
 363 0122 00       		.byte	0
 364 0123 08       		.uleb128 0x8
 365 0124 70000000 		.4byte	.LASF21
 366 0128 04       		.byte	0x4
 367 0129 8F       		.byte	0x8f
 368 012a BB000000 		.4byte	0xbb
 369 012e 04       		.byte	0x4
 370 012f 08       		.uleb128 0x8
 371 0130 75010000 		.4byte	.LASF22
 372 0134 04       		.byte	0x4
 373 0135 90       		.byte	0x90
 374 0136 BB000000 		.4byte	0xbb
 375 013a 08       		.byte	0x8
 376 013b 08       		.uleb128 0x8
 377 013c DF010000 		.4byte	.LASF23
 378 0140 04       		.byte	0x4
 379 0141 91       		.byte	0x91
 380 0142 BB000000 		.4byte	0xbb
 381 0146 0C       		.byte	0xc
 382 0147 07       		.uleb128 0x7
 383 0148 49445200 		.ascii	"IDR\000"
 384 014c 04       		.byte	0x4
 385 014d 92       		.byte	0x92
 386 014e BB000000 		.4byte	0xbb
 387 0152 10       		.byte	0x10
 388 0153 07       		.uleb128 0x7
 389 0154 4F445200 		.ascii	"ODR\000"
ARM GAS  /tmp/ccjOMZG5.s 			page 8


 390 0158 04       		.byte	0x4
 391 0159 93       		.byte	0x93
 392 015a BB000000 		.4byte	0xbb
 393 015e 14       		.byte	0x14
 394 015f 08       		.uleb128 0x8
 395 0160 33000000 		.4byte	.LASF24
 396 0164 04       		.byte	0x4
 397 0165 9A       		.byte	0x9a
 398 0166 90010000 		.4byte	0x190
 399 016a 18       		.byte	0x18
 400 016b 08       		.uleb128 0x8
 401 016c 00000000 		.4byte	.LASF25
 402 0170 04       		.byte	0x4
 403 0171 9B       		.byte	0x9b
 404 0172 BB000000 		.4byte	0xbb
 405 0176 1C       		.byte	0x1c
 406 0177 08       		.uleb128 0x8
 407 0178 B8000000 		.4byte	.LASF26
 408 017c 04       		.byte	0x4
 409 017d 9C       		.byte	0x9c
 410 017e BB000000 		.4byte	0xbb
 411 0182 20       		.byte	0x20
 412 0183 08       		.uleb128 0x8
 413 0184 8E000000 		.4byte	.LASF27
 414 0188 04       		.byte	0x4
 415 0189 9D       		.byte	0x9d
 416 018a BB000000 		.4byte	0xbb
 417 018e 24       		.byte	0x24
 418 018f 00       		.byte	0
 419 0190 05       		.uleb128 0x5
 420 0191 F4000000 		.4byte	0xf4
 421 0195 04       		.uleb128 0x4
 422 0196 B7010000 		.4byte	.LASF28
 423 019a 04       		.byte	0x4
 424 019b 9E       		.byte	0x9e
 425 019c 0F010000 		.4byte	0x10f
 426 01a0 04       		.uleb128 0x4
 427 01a1 63000000 		.4byte	.LASF29
 428 01a5 04       		.byte	0x4
 429 01a6 F0       		.byte	0xf0
 430 01a7 9E000000 		.4byte	0x9e
 431 01ab 04       		.uleb128 0x4
 432 01ac 77000000 		.4byte	.LASF30
 433 01b0 04       		.byte	0x4
 434 01b1 F5       		.byte	0xf5
 435 01b2 9E000000 		.4byte	0x9e
 436 01b6 04       		.uleb128 0x4
 437 01b7 04020000 		.4byte	.LASF31
 438 01bb 04       		.byte	0x4
 439 01bc FD       		.byte	0xfd
 440 01bd C1010000 		.4byte	0x1c1
 441 01c1 0B       		.uleb128 0xb
 442 01c2 04       		.byte	0x4
 443 01c3 95010000 		.4byte	0x195
 444 01c7 06       		.uleb128 0x6
 445 01c8 0C       		.byte	0xc
 446 01c9 05       		.byte	0x5
ARM GAS  /tmp/ccjOMZG5.s 			page 9


 447 01ca 85       		.byte	0x85
 448 01cb F4010000 		.4byte	0x1f4
 449 01cf 08       		.uleb128 0x8
 450 01d0 5C000000 		.4byte	.LASF32
 451 01d4 05       		.byte	0x5
 452 01d5 89       		.byte	0x89
 453 01d6 B6010000 		.4byte	0x1b6
 454 01da 00       		.byte	0
 455 01db 08       		.uleb128 0x8
 456 01dc F3010000 		.4byte	.LASF33
 457 01e0 05       		.byte	0x5
 458 01e1 8F       		.byte	0x8f
 459 01e2 A0010000 		.4byte	0x1a0
 460 01e6 04       		.byte	0x4
 461 01e7 08       		.uleb128 0x8
 462 01e8 FD010000 		.4byte	.LASF34
 463 01ec 05       		.byte	0x5
 464 01ed 93       		.byte	0x93
 465 01ee A9000000 		.4byte	0xa9
 466 01f2 08       		.byte	0x8
 467 01f3 00       		.byte	0
 468 01f4 04       		.uleb128 0x4
 469 01f5 53020000 		.4byte	.LASF35
 470 01f9 05       		.byte	0x5
 471 01fa 94       		.byte	0x94
 472 01fb C7010000 		.4byte	0x1c7
 473 01ff 0C       		.uleb128 0xc
 474 0200 11000000 		.4byte	.LASF42
 475 0204 01       		.byte	0x1
 476 0205 4D       		.byte	0x4d
 477 0206 A0010000 		.4byte	0x1a0
 478 020a 00000000 		.4byte	.LFB118
 479 020e 3C000000 		.4byte	.LFE118-.LFB118
 480 0212 01       		.uleb128 0x1
 481 0213 9C       		.byte	0x9c
 482 0214 27020000 		.4byte	0x227
 483 0218 0D       		.uleb128 0xd
 484 0219 62757300 		.ascii	"bus\000"
 485 021d 01       		.byte	0x1
 486 021e 4D       		.byte	0x4d
 487 021f 27020000 		.4byte	0x227
 488 0223 02       		.uleb128 0x2
 489 0224 91       		.byte	0x91
 490 0225 74       		.sleb128 -12
 491 0226 00       		.byte	0
 492 0227 0B       		.uleb128 0xb
 493 0228 04       		.byte	0x4
 494 0229 F4010000 		.4byte	0x1f4
 495 022d 0E       		.uleb128 0xe
 496 022e 38000000 		.4byte	.LASF37
 497 0232 01       		.byte	0x1
 498 0233 67       		.byte	0x67
 499 0234 3C000000 		.4byte	.LFB119
 500 0238 50000000 		.4byte	.LFE119-.LFB119
 501 023c 01       		.uleb128 0x1
 502 023d 9C       		.byte	0x9c
 503 023e 5F020000 		.4byte	0x25f
ARM GAS  /tmp/ccjOMZG5.s 			page 10


 504 0242 0D       		.uleb128 0xd
 505 0243 62757300 		.ascii	"bus\000"
 506 0247 01       		.byte	0x1
 507 0248 67       		.byte	0x67
 508 0249 27020000 		.4byte	0x227
 509 024d 02       		.uleb128 0x2
 510 024e 91       		.byte	0x91
 511 024f 74       		.sleb128 -12
 512 0250 0F       		.uleb128 0xf
 513 0251 F8010000 		.4byte	.LASF36
 514 0255 01       		.byte	0x1
 515 0256 67       		.byte	0x67
 516 0257 A0010000 		.4byte	0x1a0
 517 025b 02       		.uleb128 0x2
 518 025c 91       		.byte	0x91
 519 025d 70       		.sleb128 -16
 520 025e 00       		.byte	0
 521 025f 0E       		.uleb128 0xe
 522 0260 4E000000 		.4byte	.LASF38
 523 0264 01       		.byte	0x1
 524 0265 7F       		.byte	0x7f
 525 0266 8C000000 		.4byte	.LFB120
 526 026a 40000000 		.4byte	.LFE120-.LFB120
 527 026e 01       		.uleb128 0x1
 528 026f 9C       		.byte	0x9c
 529 0270 91020000 		.4byte	0x291
 530 0274 0D       		.uleb128 0xd
 531 0275 62757300 		.ascii	"bus\000"
 532 0279 01       		.byte	0x1
 533 027a 7F       		.byte	0x7f
 534 027b 27020000 		.4byte	0x227
 535 027f 02       		.uleb128 0x2
 536 0280 91       		.byte	0x91
 537 0281 74       		.sleb128 -12
 538 0282 0F       		.uleb128 0xf
 539 0283 C9010000 		.4byte	.LASF39
 540 0287 01       		.byte	0x1
 541 0288 7F       		.byte	0x7f
 542 0289 AB010000 		.4byte	0x1ab
 543 028d 02       		.uleb128 0x2
 544 028e 91       		.byte	0x91
 545 028f 70       		.sleb128 -16
 546 0290 00       		.byte	0
 547 0291 10       		.uleb128 0x10
 548 0292 BD000000 		.4byte	.LASF43
 549 0296 06       		.byte	0x6
 550 0297 9806     		.2byte	0x698
 551 0299 CE000000 		.4byte	0xce
 552 029d 00       		.byte	0
 553              		.section	.debug_abbrev,"",%progbits
 554              	.Ldebug_abbrev0:
 555 0000 01       		.uleb128 0x1
 556 0001 11       		.uleb128 0x11
 557 0002 01       		.byte	0x1
 558 0003 25       		.uleb128 0x25
 559 0004 0E       		.uleb128 0xe
 560 0005 13       		.uleb128 0x13
ARM GAS  /tmp/ccjOMZG5.s 			page 11


 561 0006 0B       		.uleb128 0xb
 562 0007 03       		.uleb128 0x3
 563 0008 0E       		.uleb128 0xe
 564 0009 11       		.uleb128 0x11
 565 000a 01       		.uleb128 0x1
 566 000b 12       		.uleb128 0x12
 567 000c 06       		.uleb128 0x6
 568 000d 10       		.uleb128 0x10
 569 000e 17       		.uleb128 0x17
 570 000f 00       		.byte	0
 571 0010 00       		.byte	0
 572 0011 02       		.uleb128 0x2
 573 0012 24       		.uleb128 0x24
 574 0013 00       		.byte	0
 575 0014 0B       		.uleb128 0xb
 576 0015 0B       		.uleb128 0xb
 577 0016 3E       		.uleb128 0x3e
 578 0017 0B       		.uleb128 0xb
 579 0018 03       		.uleb128 0x3
 580 0019 08       		.uleb128 0x8
 581 001a 00       		.byte	0
 582 001b 00       		.byte	0
 583 001c 03       		.uleb128 0x3
 584 001d 24       		.uleb128 0x24
 585 001e 00       		.byte	0
 586 001f 0B       		.uleb128 0xb
 587 0020 0B       		.uleb128 0xb
 588 0021 3E       		.uleb128 0x3e
 589 0022 0B       		.uleb128 0xb
 590 0023 03       		.uleb128 0x3
 591 0024 0E       		.uleb128 0xe
 592 0025 00       		.byte	0
 593 0026 00       		.byte	0
 594 0027 04       		.uleb128 0x4
 595 0028 16       		.uleb128 0x16
 596 0029 00       		.byte	0
 597 002a 03       		.uleb128 0x3
 598 002b 0E       		.uleb128 0xe
 599 002c 3A       		.uleb128 0x3a
 600 002d 0B       		.uleb128 0xb
 601 002e 3B       		.uleb128 0x3b
 602 002f 0B       		.uleb128 0xb
 603 0030 49       		.uleb128 0x49
 604 0031 13       		.uleb128 0x13
 605 0032 00       		.byte	0
 606 0033 00       		.byte	0
 607 0034 05       		.uleb128 0x5
 608 0035 35       		.uleb128 0x35
 609 0036 00       		.byte	0
 610 0037 49       		.uleb128 0x49
 611 0038 13       		.uleb128 0x13
 612 0039 00       		.byte	0
 613 003a 00       		.byte	0
 614 003b 06       		.uleb128 0x6
 615 003c 13       		.uleb128 0x13
 616 003d 01       		.byte	0x1
 617 003e 0B       		.uleb128 0xb
ARM GAS  /tmp/ccjOMZG5.s 			page 12


 618 003f 0B       		.uleb128 0xb
 619 0040 3A       		.uleb128 0x3a
 620 0041 0B       		.uleb128 0xb
 621 0042 3B       		.uleb128 0x3b
 622 0043 0B       		.uleb128 0xb
 623 0044 01       		.uleb128 0x1
 624 0045 13       		.uleb128 0x13
 625 0046 00       		.byte	0
 626 0047 00       		.byte	0
 627 0048 07       		.uleb128 0x7
 628 0049 0D       		.uleb128 0xd
 629 004a 00       		.byte	0
 630 004b 03       		.uleb128 0x3
 631 004c 08       		.uleb128 0x8
 632 004d 3A       		.uleb128 0x3a
 633 004e 0B       		.uleb128 0xb
 634 004f 3B       		.uleb128 0x3b
 635 0050 0B       		.uleb128 0xb
 636 0051 49       		.uleb128 0x49
 637 0052 13       		.uleb128 0x13
 638 0053 38       		.uleb128 0x38
 639 0054 0B       		.uleb128 0xb
 640 0055 00       		.byte	0
 641 0056 00       		.byte	0
 642 0057 08       		.uleb128 0x8
 643 0058 0D       		.uleb128 0xd
 644 0059 00       		.byte	0
 645 005a 03       		.uleb128 0x3
 646 005b 0E       		.uleb128 0xe
 647 005c 3A       		.uleb128 0x3a
 648 005d 0B       		.uleb128 0xb
 649 005e 3B       		.uleb128 0x3b
 650 005f 0B       		.uleb128 0xb
 651 0060 49       		.uleb128 0x49
 652 0061 13       		.uleb128 0x13
 653 0062 38       		.uleb128 0x38
 654 0063 0B       		.uleb128 0xb
 655 0064 00       		.byte	0
 656 0065 00       		.byte	0
 657 0066 09       		.uleb128 0x9
 658 0067 17       		.uleb128 0x17
 659 0068 01       		.byte	0x1
 660 0069 0B       		.uleb128 0xb
 661 006a 0B       		.uleb128 0xb
 662 006b 3A       		.uleb128 0x3a
 663 006c 0B       		.uleb128 0xb
 664 006d 3B       		.uleb128 0x3b
 665 006e 0B       		.uleb128 0xb
 666 006f 01       		.uleb128 0x1
 667 0070 13       		.uleb128 0x13
 668 0071 00       		.byte	0
 669 0072 00       		.byte	0
 670 0073 0A       		.uleb128 0xa
 671 0074 0D       		.uleb128 0xd
 672 0075 00       		.byte	0
 673 0076 03       		.uleb128 0x3
 674 0077 08       		.uleb128 0x8
ARM GAS  /tmp/ccjOMZG5.s 			page 13


 675 0078 3A       		.uleb128 0x3a
 676 0079 0B       		.uleb128 0xb
 677 007a 3B       		.uleb128 0x3b
 678 007b 0B       		.uleb128 0xb
 679 007c 49       		.uleb128 0x49
 680 007d 13       		.uleb128 0x13
 681 007e 00       		.byte	0
 682 007f 00       		.byte	0
 683 0080 0B       		.uleb128 0xb
 684 0081 0F       		.uleb128 0xf
 685 0082 00       		.byte	0
 686 0083 0B       		.uleb128 0xb
 687 0084 0B       		.uleb128 0xb
 688 0085 49       		.uleb128 0x49
 689 0086 13       		.uleb128 0x13
 690 0087 00       		.byte	0
 691 0088 00       		.byte	0
 692 0089 0C       		.uleb128 0xc
 693 008a 2E       		.uleb128 0x2e
 694 008b 01       		.byte	0x1
 695 008c 3F       		.uleb128 0x3f
 696 008d 19       		.uleb128 0x19
 697 008e 03       		.uleb128 0x3
 698 008f 0E       		.uleb128 0xe
 699 0090 3A       		.uleb128 0x3a
 700 0091 0B       		.uleb128 0xb
 701 0092 3B       		.uleb128 0x3b
 702 0093 0B       		.uleb128 0xb
 703 0094 27       		.uleb128 0x27
 704 0095 19       		.uleb128 0x19
 705 0096 49       		.uleb128 0x49
 706 0097 13       		.uleb128 0x13
 707 0098 11       		.uleb128 0x11
 708 0099 01       		.uleb128 0x1
 709 009a 12       		.uleb128 0x12
 710 009b 06       		.uleb128 0x6
 711 009c 40       		.uleb128 0x40
 712 009d 18       		.uleb128 0x18
 713 009e 9642     		.uleb128 0x2116
 714 00a0 19       		.uleb128 0x19
 715 00a1 01       		.uleb128 0x1
 716 00a2 13       		.uleb128 0x13
 717 00a3 00       		.byte	0
 718 00a4 00       		.byte	0
 719 00a5 0D       		.uleb128 0xd
 720 00a6 05       		.uleb128 0x5
 721 00a7 00       		.byte	0
 722 00a8 03       		.uleb128 0x3
 723 00a9 08       		.uleb128 0x8
 724 00aa 3A       		.uleb128 0x3a
 725 00ab 0B       		.uleb128 0xb
 726 00ac 3B       		.uleb128 0x3b
 727 00ad 0B       		.uleb128 0xb
 728 00ae 49       		.uleb128 0x49
 729 00af 13       		.uleb128 0x13
 730 00b0 02       		.uleb128 0x2
 731 00b1 18       		.uleb128 0x18
ARM GAS  /tmp/ccjOMZG5.s 			page 14


 732 00b2 00       		.byte	0
 733 00b3 00       		.byte	0
 734 00b4 0E       		.uleb128 0xe
 735 00b5 2E       		.uleb128 0x2e
 736 00b6 01       		.byte	0x1
 737 00b7 3F       		.uleb128 0x3f
 738 00b8 19       		.uleb128 0x19
 739 00b9 03       		.uleb128 0x3
 740 00ba 0E       		.uleb128 0xe
 741 00bb 3A       		.uleb128 0x3a
 742 00bc 0B       		.uleb128 0xb
 743 00bd 3B       		.uleb128 0x3b
 744 00be 0B       		.uleb128 0xb
 745 00bf 27       		.uleb128 0x27
 746 00c0 19       		.uleb128 0x19
 747 00c1 11       		.uleb128 0x11
 748 00c2 01       		.uleb128 0x1
 749 00c3 12       		.uleb128 0x12
 750 00c4 06       		.uleb128 0x6
 751 00c5 40       		.uleb128 0x40
 752 00c6 18       		.uleb128 0x18
 753 00c7 9642     		.uleb128 0x2116
 754 00c9 19       		.uleb128 0x19
 755 00ca 01       		.uleb128 0x1
 756 00cb 13       		.uleb128 0x13
 757 00cc 00       		.byte	0
 758 00cd 00       		.byte	0
 759 00ce 0F       		.uleb128 0xf
 760 00cf 05       		.uleb128 0x5
 761 00d0 00       		.byte	0
 762 00d1 03       		.uleb128 0x3
 763 00d2 0E       		.uleb128 0xe
 764 00d3 3A       		.uleb128 0x3a
 765 00d4 0B       		.uleb128 0xb
 766 00d5 3B       		.uleb128 0x3b
 767 00d6 0B       		.uleb128 0xb
 768 00d7 49       		.uleb128 0x49
 769 00d8 13       		.uleb128 0x13
 770 00d9 02       		.uleb128 0x2
 771 00da 18       		.uleb128 0x18
 772 00db 00       		.byte	0
 773 00dc 00       		.byte	0
 774 00dd 10       		.uleb128 0x10
 775 00de 34       		.uleb128 0x34
 776 00df 00       		.byte	0
 777 00e0 03       		.uleb128 0x3
 778 00e1 0E       		.uleb128 0xe
 779 00e2 3A       		.uleb128 0x3a
 780 00e3 0B       		.uleb128 0xb
 781 00e4 3B       		.uleb128 0x3b
 782 00e5 05       		.uleb128 0x5
 783 00e6 49       		.uleb128 0x49
 784 00e7 13       		.uleb128 0x13
 785 00e8 3F       		.uleb128 0x3f
 786 00e9 19       		.uleb128 0x19
 787 00ea 3C       		.uleb128 0x3c
 788 00eb 19       		.uleb128 0x19
ARM GAS  /tmp/ccjOMZG5.s 			page 15


 789 00ec 00       		.byte	0
 790 00ed 00       		.byte	0
 791 00ee 00       		.byte	0
 792              		.section	.debug_aranges,"",%progbits
 793 0000 1C000000 		.4byte	0x1c
 794 0004 0200     		.2byte	0x2
 795 0006 00000000 		.4byte	.Ldebug_info0
 796 000a 04       		.byte	0x4
 797 000b 00       		.byte	0
 798 000c 0000     		.2byte	0
 799 000e 0000     		.2byte	0
 800 0010 00000000 		.4byte	.Ltext0
 801 0014 CC000000 		.4byte	.Letext0-.Ltext0
 802 0018 00000000 		.4byte	0
 803 001c 00000000 		.4byte	0
 804              		.section	.debug_line,"",%progbits
 805              	.Ldebug_line0:
 806 0000 03020000 		.section	.debug_str,"MS",%progbits,1
 806      0200B901 
 806      00000201 
 806      FB0E0D00 
 806      01010101 
 807              	.LASF25:
 808 0000 4C434B52 		.ascii	"LCKR\000"
 808      00
 809              	.LASF19:
 810 0005 636C6561 		.ascii	"clear\000"
 810      7200
 811              	.LASF20:
 812 000b 4D4F4445 		.ascii	"MODER\000"
 812      5200
 813              	.LASF42:
 814 0011 70616C52 		.ascii	"palReadBus\000"
 814      65616442 
 814      757300
 815              	.LASF6:
 816 001c 5F5F696E 		.ascii	"__int32_t\000"
 816      7433325F 
 816      7400
 817              	.LASF15:
 818 0026 75696E74 		.ascii	"uint_fast8_t\000"
 818      5F666173 
 818      74385F74 
 818      00
 819              	.LASF24:
 820 0033 42535252 		.ascii	"BSRR\000"
 820      00
 821              	.LASF37:
 822 0038 70616C57 		.ascii	"palWriteBus\000"
 822      72697465 
 822      42757300 
 823              	.LASF3:
 824 0044 73686F72 		.ascii	"short int\000"
 824      7420696E 
 824      7400
 825              	.LASF38:
 826 004e 70616C53 		.ascii	"palSetBusMode\000"
ARM GAS  /tmp/ccjOMZG5.s 			page 16


 826      65744275 
 826      734D6F64 
 826      6500
 827              	.LASF32:
 828 005c 706F7274 		.ascii	"portid\000"
 828      696400
 829              	.LASF29:
 830 0063 696F706F 		.ascii	"ioportmask_t\000"
 830      72746D61 
 830      736B5F74 
 830      00
 831              	.LASF21:
 832 0070 4F545950 		.ascii	"OTYPER\000"
 832      455200
 833              	.LASF30:
 834 0077 696F6D6F 		.ascii	"iomode_t\000"
 834      64655F74 
 834      00
 835              	.LASF2:
 836 0080 756E7369 		.ascii	"unsigned char\000"
 836      676E6564 
 836      20636861 
 836      7200
 837              	.LASF27:
 838 008e 41465248 		.ascii	"AFRH\000"
 838      00
 839              	.LASF9:
 840 0093 6C6F6E67 		.ascii	"long unsigned int\000"
 840      20756E73 
 840      69676E65 
 840      6420696E 
 840      7400
 841              	.LASF4:
 842 00a5 73686F72 		.ascii	"short unsigned int\000"
 842      7420756E 
 842      7369676E 
 842      65642069 
 842      6E7400
 843              	.LASF26:
 844 00b8 4146524C 		.ascii	"AFRL\000"
 844      00
 845              	.LASF43:
 846 00bd 49544D5F 		.ascii	"ITM_RxBuffer\000"
 846      52784275 
 846      66666572 
 846      00
 847              	.LASF40:
 848 00ca 474E5520 		.ascii	"GNU C 4.9.3 20141119 (release) [ARM/embedded-4_9-br"
 848      4320342E 
 848      392E3320 
 848      32303134 
 848      31313139 
 849 00fd 616E6368 		.ascii	"anch revision 218278] -mcpu=cortex-m4 -mno-thumb-in"
 849      20726576 
 849      6973696F 
 849      6E203231 
 849      38323738 
ARM GAS  /tmp/ccjOMZG5.s 			page 17


 850 0130 74657277 		.ascii	"terwork -mthumb -ggdb -O0 -fomit-frame-pointer\000"
 850      6F726B20 
 850      2D6D7468 
 850      756D6220 
 850      2D676764 
 851              	.LASF5:
 852 015f 5F5F7569 		.ascii	"__uint16_t\000"
 852      6E743136 
 852      5F7400
 853              	.LASF8:
 854 016a 5F5F7569 		.ascii	"__uint32_t\000"
 854      6E743332 
 854      5F7400
 855              	.LASF22:
 856 0175 4F535045 		.ascii	"OSPEEDR\000"
 856      45445200 
 857              	.LASF41:
 858 017d 2F6F7074 		.ascii	"/opt/R2P/core/ChibiOS_2.6.5/os/hal/src/pal.c\000"
 858      2F523250 
 858      2F636F72 
 858      652F4368 
 858      6962694F 
 859              	.LASF0:
 860 01aa 756E7369 		.ascii	"unsigned int\000"
 860      676E6564 
 860      20696E74 
 860      00
 861              	.LASF28:
 862 01b7 4750494F 		.ascii	"GPIO_TypeDef\000"
 862      5F547970 
 862      65446566 
 862      00
 863              	.LASF18:
 864 01c4 63686172 		.ascii	"char\000"
 864      00
 865              	.LASF39:
 866 01c9 6D6F6465 		.ascii	"mode\000"
 866      00
 867              	.LASF13:
 868 01ce 696E7433 		.ascii	"int32_t\000"
 868      325F7400 
 869              	.LASF17:
 870 01d6 73697A65 		.ascii	"sizetype\000"
 870      74797065 
 870      00
 871              	.LASF23:
 872 01df 50555044 		.ascii	"PUPDR\000"
 872      5200
 873              	.LASF10:
 874 01e5 6C6F6E67 		.ascii	"long long int\000"
 874      206C6F6E 
 874      6720696E 
 874      7400
 875              	.LASF33:
 876 01f3 6D61736B 		.ascii	"mask\000"
 876      00
 877              	.LASF36:
ARM GAS  /tmp/ccjOMZG5.s 			page 18


 878 01f8 62697473 		.ascii	"bits\000"
 878      00
 879              	.LASF34:
 880 01fd 6F666673 		.ascii	"offset\000"
 880      657400
 881              	.LASF31:
 882 0204 696F706F 		.ascii	"ioportid_t\000"
 882      72746964 
 882      5F7400
 883              	.LASF12:
 884 020f 75696E74 		.ascii	"uint16_t\000"
 884      31365F74 
 884      00
 885              	.LASF14:
 886 0218 75696E74 		.ascii	"uint32_t\000"
 886      33325F74 
 886      00
 887              	.LASF7:
 888 0221 6C6F6E67 		.ascii	"long int\000"
 888      20696E74 
 888      00
 889              	.LASF1:
 890 022a 7369676E 		.ascii	"signed char\000"
 890      65642063 
 890      68617200 
 891              	.LASF16:
 892 0236 5F426F6F 		.ascii	"_Bool\000"
 892      6C00
 893              	.LASF11:
 894 023c 6C6F6E67 		.ascii	"long long unsigned int\000"
 894      206C6F6E 
 894      6720756E 
 894      7369676E 
 894      65642069 
 895              	.LASF35:
 896 0253 494F4275 		.ascii	"IOBus\000"
 896      7300
 897              		.ident	"GCC: (GNU Tools for ARM Embedded Processors) 4.9.3 20141119 (release) [ARM/embedded-4_9-br
ARM GAS  /tmp/ccjOMZG5.s 			page 19


DEFINED SYMBOLS
                            *ABS*:00000000 pal.c
     /tmp/ccjOMZG5.s:19     .rodata:00000000 $d
     /tmp/ccjOMZG5.s:23     .text:00000000 $t
     /tmp/ccjOMZG5.s:28     .text:00000000 palReadBus
     /tmp/ccjOMZG5.s:74     .text:00000038 $d
     /tmp/ccjOMZG5.s:83     .text:0000003c $t
     /tmp/ccjOMZG5.s:88     .text:0000003c palWriteBus
     /tmp/ccjOMZG5.s:144    .text:00000088 $d
     /tmp/ccjOMZG5.s:153    .text:0000008c $t
     /tmp/ccjOMZG5.s:158    .text:0000008c palSetBusMode
     /tmp/ccjOMZG5.s:205    .text:000000c8 $d
                     .debug_frame:00000010 $d

UNDEFINED SYMBOLS
chDbgPanic
_pal_lld_setgroupmode
