ARM GAS  /tmp/ccmTzCAI.s 			page 1


   1              		.syntax unified
   2              		.cpu cortex-m4
   3              		.fpu softvfp
   4              		.eabi_attribute 20, 1
   5              		.eabi_attribute 21, 1
   6              		.eabi_attribute 23, 3
   7              		.eabi_attribute 24, 1
   8              		.eabi_attribute 25, 1
   9              		.eabi_attribute 26, 1
  10              		.eabi_attribute 30, 6
  11              		.eabi_attribute 34, 1
  12              		.eabi_attribute 18, 4
  13              		.thumb
  14              		.file	"pal_lld.c"
  15              		.text
  16              	.Ltext0:
  17              		.cfi_sections	.debug_frame
  18              		.align	2
  19              		.thumb
  20              		.thumb_func
  21              		.type	initgpio, %function
  22              	initgpio:
  23              	.LFB118:
  24              		.file 1 "/opt/R2P/core/ChibiOS_2.6.5/os/hal/platforms/STM32/GPIOv2/pal_lld.c"
  25              		.loc 1 86 0
  26              		.cfi_startproc
  27              		@ args = 0, pretend = 0, frame = 8
  28              		@ frame_needed = 0, uses_anonymous_args = 0
  29              		@ link register save eliminated.
  30 0000 82B0     		sub	sp, sp, #8
  31              		.cfi_def_cfa_offset 8
  32 0002 0190     		str	r0, [sp, #4]
  33 0004 0091     		str	r1, [sp]
  34              		.loc 1 88 0
  35 0006 009B     		ldr	r3, [sp]
  36 0008 5A68     		ldr	r2, [r3, #4]
  37 000a 019B     		ldr	r3, [sp, #4]
  38 000c 5A60     		str	r2, [r3, #4]
  39              		.loc 1 89 0
  40 000e 009B     		ldr	r3, [sp]
  41 0010 9A68     		ldr	r2, [r3, #8]
  42 0012 019B     		ldr	r3, [sp, #4]
  43 0014 9A60     		str	r2, [r3, #8]
  44              		.loc 1 90 0
  45 0016 009B     		ldr	r3, [sp]
  46 0018 DA68     		ldr	r2, [r3, #12]
  47 001a 019B     		ldr	r3, [sp, #4]
  48 001c DA60     		str	r2, [r3, #12]
  49              		.loc 1 91 0
  50 001e 009B     		ldr	r3, [sp]
  51 0020 1A69     		ldr	r2, [r3, #16]
  52 0022 019B     		ldr	r3, [sp, #4]
  53 0024 5A61     		str	r2, [r3, #20]
  54              		.loc 1 92 0
  55 0026 009B     		ldr	r3, [sp]
  56 0028 5A69     		ldr	r2, [r3, #20]
  57 002a 019B     		ldr	r3, [sp, #4]
ARM GAS  /tmp/ccmTzCAI.s 			page 2


  58 002c 1A62     		str	r2, [r3, #32]
  59              		.loc 1 93 0
  60 002e 009B     		ldr	r3, [sp]
  61 0030 9A69     		ldr	r2, [r3, #24]
  62 0032 019B     		ldr	r3, [sp, #4]
  63 0034 5A62     		str	r2, [r3, #36]
  64              		.loc 1 94 0
  65 0036 009B     		ldr	r3, [sp]
  66 0038 1A68     		ldr	r2, [r3]
  67 003a 019B     		ldr	r3, [sp, #4]
  68 003c 1A60     		str	r2, [r3]
  69              		.loc 1 95 0
  70 003e 02B0     		add	sp, sp, #8
  71              		.cfi_def_cfa_offset 0
  72              		@ sp needed
  73 0040 7047     		bx	lr
  74              		.cfi_endproc
  75              	.LFE118:
  76              		.size	initgpio, .-initgpio
  77 0042 00BF     		.align	2
  78              		.global	_pal_lld_init
  79              		.thumb
  80              		.thumb_func
  81              		.type	_pal_lld_init, %function
  82              	_pal_lld_init:
  83              	.LFB119:
  84              		.loc 1 113 0
  85              		.cfi_startproc
  86              		@ args = 0, pretend = 0, frame = 8
  87              		@ frame_needed = 0, uses_anonymous_args = 0
  88 0044 00B5     		push	{lr}
  89              		.cfi_def_cfa_offset 4
  90              		.cfi_offset 14, -4
  91 0046 83B0     		sub	sp, sp, #12
  92              		.cfi_def_cfa_offset 16
  93 0048 0190     		str	r0, [sp, #4]
  94              		.loc 1 124 0
  95 004a 164A     		ldr	r2, .L3
  96 004c 154B     		ldr	r3, .L3
  97 004e 5B69     		ldr	r3, [r3, #20]
  98 0050 43F4FC03 		orr	r3, r3, #8257536
  99 0054 5361     		str	r3, [r2, #20]
 100              		.loc 1 134 0
 101 0056 019B     		ldr	r3, [sp, #4]
 102 0058 4FF09040 		mov	r0, #1207959552
 103 005c 1946     		mov	r1, r3
 104 005e FFF7CFFF 		bl	initgpio
 105              		.loc 1 137 0
 106 0062 019B     		ldr	r3, [sp, #4]
 107 0064 1C33     		adds	r3, r3, #28
 108 0066 1048     		ldr	r0, .L3+4
 109 0068 1946     		mov	r1, r3
 110 006a FFF7C9FF 		bl	initgpio
 111              		.loc 1 140 0
 112 006e 019B     		ldr	r3, [sp, #4]
 113 0070 3833     		adds	r3, r3, #56
 114 0072 0E48     		ldr	r0, .L3+8
ARM GAS  /tmp/ccmTzCAI.s 			page 3


 115 0074 1946     		mov	r1, r3
 116 0076 FFF7C3FF 		bl	initgpio
 117              		.loc 1 143 0
 118 007a 019B     		ldr	r3, [sp, #4]
 119 007c 5433     		adds	r3, r3, #84
 120 007e 0C48     		ldr	r0, .L3+12
 121 0080 1946     		mov	r1, r3
 122 0082 FFF7BDFF 		bl	initgpio
 123              		.loc 1 146 0
 124 0086 019B     		ldr	r3, [sp, #4]
 125 0088 7033     		adds	r3, r3, #112
 126 008a 0A48     		ldr	r0, .L3+16
 127 008c 1946     		mov	r1, r3
 128 008e FFF7B7FF 		bl	initgpio
 129              		.loc 1 149 0
 130 0092 019B     		ldr	r3, [sp, #4]
 131 0094 8C33     		adds	r3, r3, #140
 132 0096 0848     		ldr	r0, .L3+20
 133 0098 1946     		mov	r1, r3
 134 009a FFF7B1FF 		bl	initgpio
 135              		.loc 1 160 0
 136 009e 03B0     		add	sp, sp, #12
 137              		.cfi_def_cfa_offset 4
 138              		@ sp needed
 139 00a0 5DF804FB 		ldr	pc, [sp], #4
 140              	.L4:
 141              		.align	2
 142              	.L3:
 143 00a4 00100240 		.word	1073876992
 144 00a8 00040048 		.word	1207960576
 145 00ac 00080048 		.word	1207961600
 146 00b0 000C0048 		.word	1207962624
 147 00b4 00100048 		.word	1207963648
 148 00b8 00140048 		.word	1207964672
 149              		.cfi_endproc
 150              	.LFE119:
 151              		.size	_pal_lld_init, .-_pal_lld_init
 152              		.align	2
 153              		.global	_pal_lld_setgroupmode
 154              		.thumb
 155              		.thumb_func
 156              		.type	_pal_lld_setgroupmode, %function
 157              	_pal_lld_setgroupmode:
 158              	.LFB120:
 159              		.loc 1 178 0
 160              		.cfi_startproc
 161              		@ args = 0, pretend = 0, frame = 56
 162              		@ frame_needed = 0, uses_anonymous_args = 0
 163              		@ link register save eliminated.
 164 00bc 8EB0     		sub	sp, sp, #56
 165              		.cfi_def_cfa_offset 56
 166 00be 0390     		str	r0, [sp, #12]
 167 00c0 0291     		str	r1, [sp, #8]
 168 00c2 0192     		str	r2, [sp, #4]
 169              		.loc 1 180 0
 170 00c4 019B     		ldr	r3, [sp, #4]
 171 00c6 03F00303 		and	r3, r3, #3
ARM GAS  /tmp/ccmTzCAI.s 			page 4


 172 00ca 0D93     		str	r3, [sp, #52]
 173              		.loc 1 181 0
 174 00cc 019B     		ldr	r3, [sp, #4]
 175 00ce 03F00403 		and	r3, r3, #4
 176 00d2 9B08     		lsrs	r3, r3, #2
 177 00d4 0C93     		str	r3, [sp, #48]
 178              		.loc 1 182 0
 179 00d6 019B     		ldr	r3, [sp, #4]
 180 00d8 03F01803 		and	r3, r3, #24
 181 00dc DB08     		lsrs	r3, r3, #3
 182 00de 0B93     		str	r3, [sp, #44]
 183              		.loc 1 183 0
 184 00e0 019B     		ldr	r3, [sp, #4]
 185 00e2 03F06003 		and	r3, r3, #96
 186 00e6 5B09     		lsrs	r3, r3, #5
 187 00e8 0A93     		str	r3, [sp, #40]
 188              		.loc 1 184 0
 189 00ea 019B     		ldr	r3, [sp, #4]
 190 00ec 03F4F063 		and	r3, r3, #1920
 191 00f0 DB09     		lsrs	r3, r3, #7
 192 00f2 0893     		str	r3, [sp, #32]
 193              		.loc 1 185 0
 194 00f4 0023     		movs	r3, #0
 195 00f6 0993     		str	r3, [sp, #36]
 196              	.L11:
 197              		.loc 1 187 0
 198 00f8 029B     		ldr	r3, [sp, #8]
 199 00fa 03F00103 		and	r3, r3, #1
 200 00fe 002B     		cmp	r3, #0
 201 0100 54D0     		beq	.L6
 202              	.LBB2:
 203              		.loc 1 190 0
 204 0102 099B     		ldr	r3, [sp, #36]
 205 0104 03F00703 		and	r3, r3, #7
 206 0108 9B00     		lsls	r3, r3, #2
 207 010a 1A46     		mov	r2, r3
 208 010c 089B     		ldr	r3, [sp, #32]
 209 010e 9340     		lsls	r3, r3, r2
 210 0110 0793     		str	r3, [sp, #28]
 211              		.loc 1 191 0
 212 0112 099B     		ldr	r3, [sp, #36]
 213 0114 03F00703 		and	r3, r3, #7
 214 0118 9B00     		lsls	r3, r3, #2
 215 011a 1A46     		mov	r2, r3
 216 011c 0F23     		movs	r3, #15
 217 011e 9340     		lsls	r3, r3, r2
 218 0120 0693     		str	r3, [sp, #24]
 219              		.loc 1 192 0
 220 0122 099B     		ldr	r3, [sp, #36]
 221 0124 072B     		cmp	r3, #7
 222 0126 09D8     		bhi	.L7
 223              		.loc 1 193 0
 224 0128 039B     		ldr	r3, [sp, #12]
 225 012a 1A6A     		ldr	r2, [r3, #32]
 226 012c 069B     		ldr	r3, [sp, #24]
 227 012e DB43     		mvns	r3, r3
 228 0130 1A40     		ands	r2, r2, r3
ARM GAS  /tmp/ccmTzCAI.s 			page 5


 229 0132 079B     		ldr	r3, [sp, #28]
 230 0134 1A43     		orrs	r2, r2, r3
 231 0136 039B     		ldr	r3, [sp, #12]
 232 0138 1A62     		str	r2, [r3, #32]
 233 013a 08E0     		b	.L8
 234              	.L7:
 235              		.loc 1 195 0
 236 013c 039B     		ldr	r3, [sp, #12]
 237 013e 5A6A     		ldr	r2, [r3, #36]
 238 0140 069B     		ldr	r3, [sp, #24]
 239 0142 DB43     		mvns	r3, r3
 240 0144 1A40     		ands	r2, r2, r3
 241 0146 079B     		ldr	r3, [sp, #28]
 242 0148 1A43     		orrs	r2, r2, r3
 243 014a 039B     		ldr	r3, [sp, #12]
 244 014c 5A62     		str	r2, [r3, #36]
 245              	.L8:
 246              		.loc 1 196 0
 247 014e 099B     		ldr	r3, [sp, #36]
 248 0150 0122     		movs	r2, #1
 249 0152 02FA03F3 		lsl	r3, r2, r3
 250 0156 0593     		str	r3, [sp, #20]
 251              		.loc 1 197 0
 252 0158 039B     		ldr	r3, [sp, #12]
 253 015a 5A68     		ldr	r2, [r3, #4]
 254 015c 059B     		ldr	r3, [sp, #20]
 255 015e DB43     		mvns	r3, r3
 256 0160 1A40     		ands	r2, r2, r3
 257 0162 0C9B     		ldr	r3, [sp, #48]
 258 0164 1A43     		orrs	r2, r2, r3
 259 0166 039B     		ldr	r3, [sp, #12]
 260 0168 5A60     		str	r2, [r3, #4]
 261              		.loc 1 198 0
 262 016a 099B     		ldr	r3, [sp, #36]
 263 016c 5B00     		lsls	r3, r3, #1
 264 016e 1A46     		mov	r2, r3
 265 0170 0323     		movs	r3, #3
 266 0172 9340     		lsls	r3, r3, r2
 267 0174 0493     		str	r3, [sp, #16]
 268              		.loc 1 199 0
 269 0176 039B     		ldr	r3, [sp, #12]
 270 0178 9A68     		ldr	r2, [r3, #8]
 271 017a 049B     		ldr	r3, [sp, #16]
 272 017c DB43     		mvns	r3, r3
 273 017e 1A40     		ands	r2, r2, r3
 274 0180 0B9B     		ldr	r3, [sp, #44]
 275 0182 1A43     		orrs	r2, r2, r3
 276 0184 039B     		ldr	r3, [sp, #12]
 277 0186 9A60     		str	r2, [r3, #8]
 278              		.loc 1 200 0
 279 0188 039B     		ldr	r3, [sp, #12]
 280 018a DA68     		ldr	r2, [r3, #12]
 281 018c 049B     		ldr	r3, [sp, #16]
 282 018e DB43     		mvns	r3, r3
 283 0190 1A40     		ands	r2, r2, r3
 284 0192 0A9B     		ldr	r3, [sp, #40]
 285 0194 1A43     		orrs	r2, r2, r3
ARM GAS  /tmp/ccmTzCAI.s 			page 6


 286 0196 039B     		ldr	r3, [sp, #12]
 287 0198 DA60     		str	r2, [r3, #12]
 288              		.loc 1 201 0
 289 019a 039B     		ldr	r3, [sp, #12]
 290 019c 1A68     		ldr	r2, [r3]
 291 019e 049B     		ldr	r3, [sp, #16]
 292 01a0 DB43     		mvns	r3, r3
 293 01a2 1A40     		ands	r2, r2, r3
 294 01a4 0D9B     		ldr	r3, [sp, #52]
 295 01a6 1A43     		orrs	r2, r2, r3
 296 01a8 039B     		ldr	r3, [sp, #12]
 297 01aa 1A60     		str	r2, [r3]
 298              	.L6:
 299              	.LBE2:
 300              		.loc 1 203 0
 301 01ac 029B     		ldr	r3, [sp, #8]
 302 01ae 5B08     		lsrs	r3, r3, #1
 303 01b0 0293     		str	r3, [sp, #8]
 304              		.loc 1 204 0
 305 01b2 029B     		ldr	r3, [sp, #8]
 306 01b4 002B     		cmp	r3, #0
 307 01b6 00D1     		bne	.L9
 308              		.loc 1 205 0
 309 01b8 0FE0     		b	.L12
 310              	.L9:
 311              		.loc 1 206 0
 312 01ba 0C9B     		ldr	r3, [sp, #48]
 313 01bc 5B00     		lsls	r3, r3, #1
 314 01be 0C93     		str	r3, [sp, #48]
 315              		.loc 1 207 0
 316 01c0 0B9B     		ldr	r3, [sp, #44]
 317 01c2 9B00     		lsls	r3, r3, #2
 318 01c4 0B93     		str	r3, [sp, #44]
 319              		.loc 1 208 0
 320 01c6 0A9B     		ldr	r3, [sp, #40]
 321 01c8 9B00     		lsls	r3, r3, #2
 322 01ca 0A93     		str	r3, [sp, #40]
 323              		.loc 1 209 0
 324 01cc 0D9B     		ldr	r3, [sp, #52]
 325 01ce 9B00     		lsls	r3, r3, #2
 326 01d0 0D93     		str	r3, [sp, #52]
 327              		.loc 1 210 0
 328 01d2 099B     		ldr	r3, [sp, #36]
 329 01d4 0133     		adds	r3, r3, #1
 330 01d6 0993     		str	r3, [sp, #36]
 331              		.loc 1 211 0
 332 01d8 8EE7     		b	.L11
 333              	.L12:
 334              		.loc 1 212 0
 335 01da 0EB0     		add	sp, sp, #56
 336              		.cfi_def_cfa_offset 0
 337              		@ sp needed
 338 01dc 7047     		bx	lr
 339              		.cfi_endproc
 340              	.LFE120:
 341              		.size	_pal_lld_setgroupmode, .-_pal_lld_setgroupmode
 342              	.Letext0:
ARM GAS  /tmp/ccmTzCAI.s 			page 7


 343              		.file 2 "/opt/R2P/tools/gcc-arm-none-eabi-4_9-2014q4/arm-none-eabi/include/machine/_default_types.
 344              		.file 3 "/opt/R2P/tools/gcc-arm-none-eabi-4_9-2014q4/arm-none-eabi/include/stdint.h"
 345              		.file 4 "/opt/R2P/core/ChibiOS_2.6.5/os/hal/platforms/STM32F30x/stm32f30x.h"
 346              		.file 5 "/opt/R2P/core/ChibiOS_2.6.5/os/hal/platforms/STM32/GPIOv2/pal_lld.h"
 347              		.file 6 "/opt/R2P/core/ChibiOS_2.6.5/os/ports/common/ARMCMx/CMSIS/include/core_cm4.h"
 348 01de 00BF     		.section	.debug_info,"",%progbits
 349              	.Ldebug_info0:
 350 0000 86040000 		.4byte	0x486
 351 0004 0400     		.2byte	0x4
 352 0006 00000000 		.4byte	.Ldebug_abbrev0
 353 000a 04       		.byte	0x4
 354 000b 01       		.uleb128 0x1
 355 000c AF000000 		.4byte	.LASF65
 356 0010 01       		.byte	0x1
 357 0011 07020000 		.4byte	.LASF66
 358 0015 00000000 		.4byte	.Ltext0
 359 0019 DE010000 		.4byte	.Letext0-.Ltext0
 360 001d 00000000 		.4byte	.Ldebug_line0
 361 0021 02       		.uleb128 0x2
 362 0022 04       		.byte	0x4
 363 0023 05       		.byte	0x5
 364 0024 696E7400 		.ascii	"int\000"
 365 0028 03       		.uleb128 0x3
 366 0029 04       		.byte	0x4
 367 002a 07       		.byte	0x7
 368 002b 15030000 		.4byte	.LASF0
 369 002f 03       		.uleb128 0x3
 370 0030 01       		.byte	0x1
 371 0031 06       		.byte	0x6
 372 0032 E4010000 		.4byte	.LASF1
 373 0036 03       		.uleb128 0x3
 374 0037 01       		.byte	0x1
 375 0038 08       		.byte	0x8
 376 0039 CE010000 		.4byte	.LASF2
 377 003d 03       		.uleb128 0x3
 378 003e 02       		.byte	0x2
 379 003f 05       		.byte	0x5
 380 0040 5B000000 		.4byte	.LASF3
 381 0044 04       		.uleb128 0x4
 382 0045 8D000000 		.4byte	.LASF5
 383 0049 02       		.byte	0x2
 384 004a 2B       		.byte	0x2b
 385 004b 4F000000 		.4byte	0x4f
 386 004f 03       		.uleb128 0x3
 387 0050 02       		.byte	0x2
 388 0051 07       		.byte	0x7
 389 0052 71020000 		.4byte	.LASF4
 390 0056 04       		.uleb128 0x4
 391 0057 9A020000 		.4byte	.LASF6
 392 005b 02       		.byte	0x2
 393 005c 3F       		.byte	0x3f
 394 005d 61000000 		.4byte	0x61
 395 0061 03       		.uleb128 0x3
 396 0062 04       		.byte	0x4
 397 0063 05       		.byte	0x5
 398 0064 8B010000 		.4byte	.LASF7
 399 0068 04       		.uleb128 0x4
ARM GAS  /tmp/ccmTzCAI.s 			page 8


 400 0069 82000000 		.4byte	.LASF8
 401 006d 02       		.byte	0x2
 402 006e 41       		.byte	0x41
 403 006f 73000000 		.4byte	0x73
 404 0073 03       		.uleb128 0x3
 405 0074 04       		.byte	0x4
 406 0075 07       		.byte	0x7
 407 0076 D2020000 		.4byte	.LASF9
 408 007a 03       		.uleb128 0x3
 409 007b 08       		.byte	0x8
 410 007c 05       		.byte	0x5
 411 007d 6F010000 		.4byte	.LASF10
 412 0081 03       		.uleb128 0x3
 413 0082 08       		.byte	0x8
 414 0083 07       		.byte	0x7
 415 0084 F0010000 		.4byte	.LASF11
 416 0088 04       		.uleb128 0x4
 417 0089 89020000 		.4byte	.LASF12
 418 008d 03       		.byte	0x3
 419 008e 21       		.byte	0x21
 420 008f 44000000 		.4byte	0x44
 421 0093 04       		.uleb128 0x4
 422 0094 92020000 		.4byte	.LASF13
 423 0098 03       		.byte	0x3
 424 0099 2C       		.byte	0x2c
 425 009a 56000000 		.4byte	0x56
 426 009e 04       		.uleb128 0x4
 427 009f 4B020000 		.4byte	.LASF14
 428 00a3 03       		.byte	0x3
 429 00a4 2D       		.byte	0x2d
 430 00a5 68000000 		.4byte	0x68
 431 00a9 03       		.uleb128 0x3
 432 00aa 01       		.byte	0x1
 433 00ab 02       		.byte	0x2
 434 00ac AE020000 		.4byte	.LASF15
 435 00b0 05       		.uleb128 0x5
 436 00b1 9E000000 		.4byte	0x9e
 437 00b5 03       		.uleb128 0x3
 438 00b6 04       		.byte	0x4
 439 00b7 07       		.byte	0x7
 440 00b8 6E000000 		.4byte	.LASF16
 441 00bc 03       		.uleb128 0x3
 442 00bd 01       		.byte	0x1
 443 00be 08       		.byte	0x8
 444 00bf 84020000 		.4byte	.LASF17
 445 00c3 05       		.uleb128 0x5
 446 00c4 93000000 		.4byte	0x93
 447 00c8 06       		.uleb128 0x6
 448 00c9 34       		.byte	0x34
 449 00ca 04       		.byte	0x4
 450 00cb 8502     		.2byte	0x285
 451 00cd 7A010000 		.4byte	0x17a
 452 00d1 07       		.uleb128 0x7
 453 00d2 435200   		.ascii	"CR\000"
 454 00d5 04       		.byte	0x4
 455 00d6 8702     		.2byte	0x287
 456 00d8 B0000000 		.4byte	0xb0
ARM GAS  /tmp/ccmTzCAI.s 			page 9


 457 00dc 00       		.byte	0
 458 00dd 08       		.uleb128 0x8
 459 00de 22030000 		.4byte	.LASF18
 460 00e2 04       		.byte	0x4
 461 00e3 8802     		.2byte	0x288
 462 00e5 B0000000 		.4byte	0xb0
 463 00e9 04       		.byte	0x4
 464 00ea 07       		.uleb128 0x7
 465 00eb 43495200 		.ascii	"CIR\000"
 466 00ef 04       		.byte	0x4
 467 00f0 8902     		.2byte	0x289
 468 00f2 B0000000 		.4byte	0xb0
 469 00f6 08       		.byte	0x8
 470 00f7 08       		.uleb128 0x8
 471 00f8 B4010000 		.4byte	.LASF19
 472 00fc 04       		.byte	0x4
 473 00fd 8A02     		.2byte	0x28a
 474 00ff B0000000 		.4byte	0xb0
 475 0103 0C       		.byte	0xc
 476 0104 08       		.uleb128 0x8
 477 0105 2A000000 		.4byte	.LASF20
 478 0109 04       		.byte	0x4
 479 010a 8B02     		.2byte	0x28b
 480 010c B0000000 		.4byte	0xb0
 481 0110 10       		.byte	0x10
 482 0111 08       		.uleb128 0x8
 483 0112 A7010000 		.4byte	.LASF21
 484 0116 04       		.byte	0x4
 485 0117 8C02     		.2byte	0x28c
 486 0119 B0000000 		.4byte	0xb0
 487 011d 14       		.byte	0x14
 488 011e 08       		.uleb128 0x8
 489 011f DC010000 		.4byte	.LASF22
 490 0123 04       		.byte	0x4
 491 0124 8D02     		.2byte	0x28d
 492 0126 B0000000 		.4byte	0xb0
 493 012a 18       		.byte	0x18
 494 012b 08       		.uleb128 0x8
 495 012c 44010000 		.4byte	.LASF23
 496 0130 04       		.byte	0x4
 497 0131 8E02     		.2byte	0x28e
 498 0133 B0000000 		.4byte	0xb0
 499 0137 1C       		.byte	0x1c
 500 0138 08       		.uleb128 0x8
 501 0139 77000000 		.4byte	.LASF24
 502 013d 04       		.byte	0x4
 503 013e 8F02     		.2byte	0x28f
 504 0140 B0000000 		.4byte	0xb0
 505 0144 20       		.byte	0x20
 506 0145 07       		.uleb128 0x7
 507 0146 43535200 		.ascii	"CSR\000"
 508 014a 04       		.byte	0x4
 509 014b 9002     		.2byte	0x290
 510 014d B0000000 		.4byte	0xb0
 511 0151 24       		.byte	0x24
 512 0152 08       		.uleb128 0x8
 513 0153 67010000 		.4byte	.LASF25
ARM GAS  /tmp/ccmTzCAI.s 			page 10


 514 0157 04       		.byte	0x4
 515 0158 9102     		.2byte	0x291
 516 015a B0000000 		.4byte	0xb0
 517 015e 28       		.byte	0x28
 518 015f 08       		.uleb128 0x8
 519 0160 5B020000 		.4byte	.LASF26
 520 0164 04       		.byte	0x4
 521 0165 9202     		.2byte	0x292
 522 0167 B0000000 		.4byte	0xb0
 523 016b 2C       		.byte	0x2c
 524 016c 08       		.uleb128 0x8
 525 016d 61020000 		.4byte	.LASF27
 526 0171 04       		.byte	0x4
 527 0172 9302     		.2byte	0x293
 528 0174 B0000000 		.4byte	0xb0
 529 0178 30       		.byte	0x30
 530 0179 00       		.byte	0
 531 017a 09       		.uleb128 0x9
 532 017b 9B010000 		.4byte	.LASF28
 533 017f 04       		.byte	0x4
 534 0180 9402     		.2byte	0x294
 535 0182 C8000000 		.4byte	0xc8
 536 0186 0A       		.uleb128 0xa
 537 0187 04       		.byte	0x4
 538 0188 05       		.byte	0x5
 539 0189 96       		.byte	0x96
 540 018a A7010000 		.4byte	0x1a7
 541 018e 0B       		.uleb128 0xb
 542 018f 73657400 		.ascii	"set\000"
 543 0193 05       		.byte	0x5
 544 0194 97       		.byte	0x97
 545 0195 88000000 		.4byte	0x88
 546 0199 00       		.byte	0
 547 019a 0C       		.uleb128 0xc
 548 019b BD010000 		.4byte	.LASF29
 549 019f 05       		.byte	0x5
 550 01a0 98       		.byte	0x98
 551 01a1 88000000 		.4byte	0x88
 552 01a5 02       		.byte	0x2
 553 01a6 00       		.byte	0
 554 01a7 0D       		.uleb128 0xd
 555 01a8 04       		.byte	0x4
 556 01a9 05       		.byte	0x5
 557 01aa 94       		.byte	0x94
 558 01ab C2010000 		.4byte	0x1c2
 559 01af 0E       		.uleb128 0xe
 560 01b0 5700     		.ascii	"W\000"
 561 01b2 05       		.byte	0x5
 562 01b3 95       		.byte	0x95
 563 01b4 9E000000 		.4byte	0x9e
 564 01b8 0E       		.uleb128 0xe
 565 01b9 4800     		.ascii	"H\000"
 566 01bb 05       		.byte	0x5
 567 01bc 99       		.byte	0x99
 568 01bd 86010000 		.4byte	0x186
 569 01c1 00       		.byte	0
 570 01c2 0A       		.uleb128 0xa
ARM GAS  /tmp/ccmTzCAI.s 			page 11


 571 01c3 28       		.byte	0x28
 572 01c4 05       		.byte	0x5
 573 01c5 8C       		.byte	0x8c
 574 01c6 43020000 		.4byte	0x243
 575 01ca 0C       		.uleb128 0xc
 576 01cb AE010000 		.4byte	.LASF30
 577 01cf 05       		.byte	0x5
 578 01d0 8E       		.byte	0x8e
 579 01d1 B0000000 		.4byte	0xb0
 580 01d5 00       		.byte	0
 581 01d6 0C       		.uleb128 0xc
 582 01d7 59010000 		.4byte	.LASF31
 583 01db 05       		.byte	0x5
 584 01dc 8F       		.byte	0x8f
 585 01dd B0000000 		.4byte	0xb0
 586 01e1 04       		.byte	0x4
 587 01e2 0C       		.uleb128 0xc
 588 01e3 CA020000 		.4byte	.LASF32
 589 01e7 05       		.byte	0x5
 590 01e8 90       		.byte	0x90
 591 01e9 B0000000 		.4byte	0xb0
 592 01ed 08       		.byte	0x8
 593 01ee 0C       		.uleb128 0xc
 594 01ef 7D010000 		.4byte	.LASF33
 595 01f3 05       		.byte	0x5
 596 01f4 91       		.byte	0x91
 597 01f5 B0000000 		.4byte	0xb0
 598 01f9 0C       		.byte	0xc
 599 01fa 0B       		.uleb128 0xb
 600 01fb 49445200 		.ascii	"IDR\000"
 601 01ff 05       		.byte	0x5
 602 0200 92       		.byte	0x92
 603 0201 B0000000 		.4byte	0xb0
 604 0205 10       		.byte	0x10
 605 0206 0B       		.uleb128 0xb
 606 0207 4F445200 		.ascii	"ODR\000"
 607 020b 05       		.byte	0x5
 608 020c 93       		.byte	0x93
 609 020d B0000000 		.4byte	0xb0
 610 0211 14       		.byte	0x14
 611 0212 0C       		.uleb128 0xc
 612 0213 2C030000 		.4byte	.LASF34
 613 0217 05       		.byte	0x5
 614 0218 9A       		.byte	0x9a
 615 0219 43020000 		.4byte	0x243
 616 021d 18       		.byte	0x18
 617 021e 0C       		.uleb128 0xc
 618 021f 27030000 		.4byte	.LASF35
 619 0223 05       		.byte	0x5
 620 0224 9B       		.byte	0x9b
 621 0225 B0000000 		.4byte	0xb0
 622 0229 1C       		.byte	0x1c
 623 022a 0C       		.uleb128 0xc
 624 022b 6C020000 		.4byte	.LASF36
 625 022f 05       		.byte	0x5
 626 0230 9C       		.byte	0x9c
 627 0231 B0000000 		.4byte	0xb0
ARM GAS  /tmp/ccmTzCAI.s 			page 12


 628 0235 20       		.byte	0x20
 629 0236 0C       		.uleb128 0xc
 630 0237 67020000 		.4byte	.LASF37
 631 023b 05       		.byte	0x5
 632 023c 9D       		.byte	0x9d
 633 023d B0000000 		.4byte	0xb0
 634 0241 24       		.byte	0x24
 635 0242 00       		.byte	0
 636 0243 05       		.uleb128 0x5
 637 0244 A7010000 		.4byte	0x1a7
 638 0248 04       		.uleb128 0x4
 639 0249 00000000 		.4byte	.LASF38
 640 024d 05       		.byte	0x5
 641 024e 9E       		.byte	0x9e
 642 024f C2010000 		.4byte	0x1c2
 643 0253 0A       		.uleb128 0xa
 644 0254 1C       		.byte	0x1c
 645 0255 05       		.byte	0x5
 646 0256 A3       		.byte	0xa3
 647 0257 B0020000 		.4byte	0x2b0
 648 025b 0C       		.uleb128 0xc
 649 025c F9020000 		.4byte	.LASF39
 650 0260 05       		.byte	0x5
 651 0261 A5       		.byte	0xa5
 652 0262 9E000000 		.4byte	0x9e
 653 0266 00       		.byte	0
 654 0267 0C       		.uleb128 0xc
 655 0268 54020000 		.4byte	.LASF40
 656 026c 05       		.byte	0x5
 657 026d A7       		.byte	0xa7
 658 026e 9E000000 		.4byte	0x9e
 659 0272 04       		.byte	0x4
 660 0273 0C       		.uleb128 0xc
 661 0274 83010000 		.4byte	.LASF41
 662 0278 05       		.byte	0x5
 663 0279 A9       		.byte	0xa9
 664 027a 9E000000 		.4byte	0x9e
 665 027e 08       		.byte	0x8
 666 027f 0C       		.uleb128 0xc
 667 0280 E9020000 		.4byte	.LASF42
 668 0284 05       		.byte	0x5
 669 0285 AB       		.byte	0xab
 670 0286 9E000000 		.4byte	0x9e
 671 028a 0C       		.byte	0xc
 672 028b 0B       		.uleb128 0xb
 673 028c 6F647200 		.ascii	"odr\000"
 674 0290 05       		.byte	0x5
 675 0291 AD       		.byte	0xad
 676 0292 9E000000 		.4byte	0x9e
 677 0296 10       		.byte	0x10
 678 0297 0C       		.uleb128 0xc
 679 0298 F4020000 		.4byte	.LASF43
 680 029c 05       		.byte	0x5
 681 029d AF       		.byte	0xaf
 682 029e 9E000000 		.4byte	0x9e
 683 02a2 14       		.byte	0x14
 684 02a3 0C       		.uleb128 0xc
ARM GAS  /tmp/ccmTzCAI.s 			page 13


 685 02a4 EF020000 		.4byte	.LASF44
 686 02a8 05       		.byte	0x5
 687 02a9 B1       		.byte	0xb1
 688 02aa 9E000000 		.4byte	0x9e
 689 02ae 18       		.byte	0x18
 690 02af 00       		.byte	0
 691 02b0 04       		.uleb128 0x4
 692 02b1 41000000 		.4byte	.LASF45
 693 02b5 05       		.byte	0x5
 694 02b6 B2       		.byte	0xb2
 695 02b7 53020000 		.4byte	0x253
 696 02bb 0A       		.uleb128 0xa
 697 02bc A8       		.byte	0xa8
 698 02bd 05       		.byte	0x5
 699 02be BB       		.byte	0xbb
 700 02bf 0C030000 		.4byte	0x30c
 701 02c3 0C       		.uleb128 0xc
 702 02c4 60010000 		.4byte	.LASF46
 703 02c8 05       		.byte	0x5
 704 02c9 BE       		.byte	0xbe
 705 02ca B0020000 		.4byte	0x2b0
 706 02ce 00       		.byte	0
 707 02cf 0C       		.uleb128 0xc
 708 02d0 98000000 		.4byte	.LASF47
 709 02d4 05       		.byte	0x5
 710 02d5 C2       		.byte	0xc2
 711 02d6 B0020000 		.4byte	0x2b0
 712 02da 1C       		.byte	0x1c
 713 02db 0C       		.uleb128 0xc
 714 02dc 0D000000 		.4byte	.LASF48
 715 02e0 05       		.byte	0x5
 716 02e1 C6       		.byte	0xc6
 717 02e2 B0020000 		.4byte	0x2b0
 718 02e6 38       		.byte	0x38
 719 02e7 0C       		.uleb128 0xc
 720 02e8 94010000 		.4byte	.LASF49
 721 02ec 05       		.byte	0x5
 722 02ed CA       		.byte	0xca
 723 02ee B0020000 		.4byte	0x2b0
 724 02f2 54       		.byte	0x54
 725 02f3 0C       		.uleb128 0xc
 726 02f4 BE020000 		.4byte	.LASF50
 727 02f8 05       		.byte	0x5
 728 02f9 CE       		.byte	0xce
 729 02fa B0020000 		.4byte	0x2b0
 730 02fe 70       		.byte	0x70
 731 02ff 0C       		.uleb128 0xc
 732 0300 54000000 		.4byte	.LASF51
 733 0304 05       		.byte	0x5
 734 0305 D2       		.byte	0xd2
 735 0306 B0020000 		.4byte	0x2b0
 736 030a 8C       		.byte	0x8c
 737 030b 00       		.byte	0
 738 030c 04       		.uleb128 0x4
 739 030d A4020000 		.4byte	.LASF52
 740 0311 05       		.byte	0x5
 741 0312 E0       		.byte	0xe0
ARM GAS  /tmp/ccmTzCAI.s 			page 14


 742 0313 BB020000 		.4byte	0x2bb
 743 0317 04       		.uleb128 0x4
 744 0318 4C010000 		.4byte	.LASF53
 745 031c 05       		.byte	0x5
 746 031d F0       		.byte	0xf0
 747 031e 9E000000 		.4byte	0x9e
 748 0322 04       		.uleb128 0x4
 749 0323 A6000000 		.4byte	.LASF54
 750 0327 05       		.byte	0x5
 751 0328 F5       		.byte	0xf5
 752 0329 9E000000 		.4byte	0x9e
 753 032d 04       		.uleb128 0x4
 754 032e C3010000 		.4byte	.LASF55
 755 0332 05       		.byte	0x5
 756 0333 FD       		.byte	0xfd
 757 0334 38030000 		.4byte	0x338
 758 0338 0F       		.uleb128 0xf
 759 0339 04       		.byte	0x4
 760 033a 48020000 		.4byte	0x248
 761 033e 10       		.uleb128 0x10
 762 033f 65000000 		.4byte	.LASF67
 763 0343 01       		.byte	0x1
 764 0344 56       		.byte	0x56
 765 0345 00000000 		.4byte	.LFB118
 766 0349 42000000 		.4byte	.LFE118-.LFB118
 767 034d 01       		.uleb128 0x1
 768 034e 9C       		.byte	0x9c
 769 034f 70030000 		.4byte	0x370
 770 0353 11       		.uleb128 0x11
 771 0354 7C000000 		.4byte	.LASF56
 772 0358 01       		.byte	0x1
 773 0359 56       		.byte	0x56
 774 035a 38030000 		.4byte	0x338
 775 035e 02       		.uleb128 0x2
 776 035f 91       		.byte	0x91
 777 0360 7C       		.sleb128 -4
 778 0361 11       		.uleb128 0x11
 779 0362 9F000000 		.4byte	.LASF57
 780 0366 01       		.byte	0x1
 781 0367 56       		.byte	0x56
 782 0368 70030000 		.4byte	0x370
 783 036c 02       		.uleb128 0x2
 784 036d 91       		.byte	0x91
 785 036e 78       		.sleb128 -8
 786 036f 00       		.byte	0
 787 0370 0F       		.uleb128 0xf
 788 0371 04       		.byte	0x4
 789 0372 76030000 		.4byte	0x376
 790 0376 12       		.uleb128 0x12
 791 0377 B0020000 		.4byte	0x2b0
 792 037b 13       		.uleb128 0x13
 793 037c 33000000 		.4byte	.LASF58
 794 0380 01       		.byte	0x1
 795 0381 71       		.byte	0x71
 796 0382 44000000 		.4byte	.LFB119
 797 0386 78000000 		.4byte	.LFE119-.LFB119
 798 038a 01       		.uleb128 0x1
ARM GAS  /tmp/ccmTzCAI.s 			page 15


 799 038b 9C       		.byte	0x9c
 800 038c 9F030000 		.4byte	0x39f
 801 0390 11       		.uleb128 0x11
 802 0391 9F000000 		.4byte	.LASF57
 803 0395 01       		.byte	0x1
 804 0396 71       		.byte	0x71
 805 0397 9F030000 		.4byte	0x39f
 806 039b 02       		.uleb128 0x2
 807 039c 91       		.byte	0x91
 808 039d 74       		.sleb128 -12
 809 039e 00       		.byte	0
 810 039f 0F       		.uleb128 0xf
 811 03a0 04       		.byte	0x4
 812 03a1 A5030000 		.4byte	0x3a5
 813 03a5 12       		.uleb128 0x12
 814 03a6 0C030000 		.4byte	0x30c
 815 03aa 14       		.uleb128 0x14
 816 03ab 14000000 		.4byte	.LASF59
 817 03af 01       		.byte	0x1
 818 03b0 B0       		.byte	0xb0
 819 03b1 BC000000 		.4byte	.LFB120
 820 03b5 22010000 		.4byte	.LFE120-.LFB120
 821 03b9 01       		.uleb128 0x1
 822 03ba 9C       		.byte	0x9c
 823 03bb 7D040000 		.4byte	0x47d
 824 03bf 11       		.uleb128 0x11
 825 03c0 B9020000 		.4byte	.LASF60
 826 03c4 01       		.byte	0x1
 827 03c5 B0       		.byte	0xb0
 828 03c6 2D030000 		.4byte	0x32d
 829 03ca 02       		.uleb128 0x2
 830 03cb 91       		.byte	0x91
 831 03cc 54       		.sleb128 -44
 832 03cd 11       		.uleb128 0x11
 833 03ce E4020000 		.4byte	.LASF61
 834 03d2 01       		.byte	0x1
 835 03d3 B1       		.byte	0xb1
 836 03d4 17030000 		.4byte	0x317
 837 03d8 02       		.uleb128 0x2
 838 03d9 91       		.byte	0x91
 839 03da 50       		.sleb128 -48
 840 03db 11       		.uleb128 0x11
 841 03dc B4020000 		.4byte	.LASF62
 842 03e0 01       		.byte	0x1
 843 03e1 B2       		.byte	0xb2
 844 03e2 22030000 		.4byte	0x322
 845 03e6 02       		.uleb128 0x2
 846 03e7 91       		.byte	0x91
 847 03e8 4C       		.sleb128 -52
 848 03e9 15       		.uleb128 0x15
 849 03ea F9020000 		.4byte	.LASF39
 850 03ee 01       		.byte	0x1
 851 03ef B4       		.byte	0xb4
 852 03f0 9E000000 		.4byte	0x9e
 853 03f4 02       		.uleb128 0x2
 854 03f5 91       		.byte	0x91
 855 03f6 7C       		.sleb128 -4
ARM GAS  /tmp/ccmTzCAI.s 			page 16


 856 03f7 15       		.uleb128 0x15
 857 03f8 54020000 		.4byte	.LASF40
 858 03fc 01       		.byte	0x1
 859 03fd B5       		.byte	0xb5
 860 03fe 9E000000 		.4byte	0x9e
 861 0402 02       		.uleb128 0x2
 862 0403 91       		.byte	0x91
 863 0404 78       		.sleb128 -8
 864 0405 15       		.uleb128 0x15
 865 0406 83010000 		.4byte	.LASF41
 866 040a 01       		.byte	0x1
 867 040b B6       		.byte	0xb6
 868 040c 9E000000 		.4byte	0x9e
 869 0410 02       		.uleb128 0x2
 870 0411 91       		.byte	0x91
 871 0412 74       		.sleb128 -12
 872 0413 15       		.uleb128 0x15
 873 0414 E9020000 		.4byte	.LASF42
 874 0418 01       		.byte	0x1
 875 0419 B7       		.byte	0xb7
 876 041a 9E000000 		.4byte	0x9e
 877 041e 02       		.uleb128 0x2
 878 041f 91       		.byte	0x91
 879 0420 70       		.sleb128 -16
 880 0421 15       		.uleb128 0x15
 881 0422 C5020000 		.4byte	.LASF63
 882 0426 01       		.byte	0x1
 883 0427 B8       		.byte	0xb8
 884 0428 9E000000 		.4byte	0x9e
 885 042c 02       		.uleb128 0x2
 886 042d 91       		.byte	0x91
 887 042e 68       		.sleb128 -24
 888 042f 16       		.uleb128 0x16
 889 0430 62697400 		.ascii	"bit\000"
 890 0434 01       		.byte	0x1
 891 0435 B9       		.byte	0xb9
 892 0436 9E000000 		.4byte	0x9e
 893 043a 02       		.uleb128 0x2
 894 043b 91       		.byte	0x91
 895 043c 6C       		.sleb128 -20
 896 043d 17       		.uleb128 0x17
 897 043e 02010000 		.4byte	.LBB2
 898 0442 AA000000 		.4byte	.LBE2-.LBB2
 899 0446 15       		.uleb128 0x15
 900 0447 0C030000 		.4byte	.LASF64
 901 044b 01       		.byte	0x1
 902 044c BC       		.byte	0xbc
 903 044d 9E000000 		.4byte	0x9e
 904 0451 02       		.uleb128 0x2
 905 0452 91       		.byte	0x91
 906 0453 64       		.sleb128 -28
 907 0454 16       		.uleb128 0x16
 908 0455 6D3100   		.ascii	"m1\000"
 909 0458 01       		.byte	0x1
 910 0459 BC       		.byte	0xbc
 911 045a 9E000000 		.4byte	0x9e
 912 045e 02       		.uleb128 0x2
ARM GAS  /tmp/ccmTzCAI.s 			page 17


 913 045f 91       		.byte	0x91
 914 0460 5C       		.sleb128 -36
 915 0461 16       		.uleb128 0x16
 916 0462 6D3200   		.ascii	"m2\000"
 917 0465 01       		.byte	0x1
 918 0466 BC       		.byte	0xbc
 919 0467 9E000000 		.4byte	0x9e
 920 046b 02       		.uleb128 0x2
 921 046c 91       		.byte	0x91
 922 046d 58       		.sleb128 -40
 923 046e 16       		.uleb128 0x16
 924 046f 6D3400   		.ascii	"m4\000"
 925 0472 01       		.byte	0x1
 926 0473 BC       		.byte	0xbc
 927 0474 9E000000 		.4byte	0x9e
 928 0478 02       		.uleb128 0x2
 929 0479 91       		.byte	0x91
 930 047a 60       		.sleb128 -32
 931 047b 00       		.byte	0
 932 047c 00       		.byte	0
 933 047d 18       		.uleb128 0x18
 934 047e FF020000 		.4byte	.LASF68
 935 0482 06       		.byte	0x6
 936 0483 9806     		.2byte	0x698
 937 0485 C3000000 		.4byte	0xc3
 938 0489 00       		.byte	0
 939              		.section	.debug_abbrev,"",%progbits
 940              	.Ldebug_abbrev0:
 941 0000 01       		.uleb128 0x1
 942 0001 11       		.uleb128 0x11
 943 0002 01       		.byte	0x1
 944 0003 25       		.uleb128 0x25
 945 0004 0E       		.uleb128 0xe
 946 0005 13       		.uleb128 0x13
 947 0006 0B       		.uleb128 0xb
 948 0007 03       		.uleb128 0x3
 949 0008 0E       		.uleb128 0xe
 950 0009 11       		.uleb128 0x11
 951 000a 01       		.uleb128 0x1
 952 000b 12       		.uleb128 0x12
 953 000c 06       		.uleb128 0x6
 954 000d 10       		.uleb128 0x10
 955 000e 17       		.uleb128 0x17
 956 000f 00       		.byte	0
 957 0010 00       		.byte	0
 958 0011 02       		.uleb128 0x2
 959 0012 24       		.uleb128 0x24
 960 0013 00       		.byte	0
 961 0014 0B       		.uleb128 0xb
 962 0015 0B       		.uleb128 0xb
 963 0016 3E       		.uleb128 0x3e
 964 0017 0B       		.uleb128 0xb
 965 0018 03       		.uleb128 0x3
 966 0019 08       		.uleb128 0x8
 967 001a 00       		.byte	0
 968 001b 00       		.byte	0
 969 001c 03       		.uleb128 0x3
ARM GAS  /tmp/ccmTzCAI.s 			page 18


 970 001d 24       		.uleb128 0x24
 971 001e 00       		.byte	0
 972 001f 0B       		.uleb128 0xb
 973 0020 0B       		.uleb128 0xb
 974 0021 3E       		.uleb128 0x3e
 975 0022 0B       		.uleb128 0xb
 976 0023 03       		.uleb128 0x3
 977 0024 0E       		.uleb128 0xe
 978 0025 00       		.byte	0
 979 0026 00       		.byte	0
 980 0027 04       		.uleb128 0x4
 981 0028 16       		.uleb128 0x16
 982 0029 00       		.byte	0
 983 002a 03       		.uleb128 0x3
 984 002b 0E       		.uleb128 0xe
 985 002c 3A       		.uleb128 0x3a
 986 002d 0B       		.uleb128 0xb
 987 002e 3B       		.uleb128 0x3b
 988 002f 0B       		.uleb128 0xb
 989 0030 49       		.uleb128 0x49
 990 0031 13       		.uleb128 0x13
 991 0032 00       		.byte	0
 992 0033 00       		.byte	0
 993 0034 05       		.uleb128 0x5
 994 0035 35       		.uleb128 0x35
 995 0036 00       		.byte	0
 996 0037 49       		.uleb128 0x49
 997 0038 13       		.uleb128 0x13
 998 0039 00       		.byte	0
 999 003a 00       		.byte	0
 1000 003b 06       		.uleb128 0x6
 1001 003c 13       		.uleb128 0x13
 1002 003d 01       		.byte	0x1
 1003 003e 0B       		.uleb128 0xb
 1004 003f 0B       		.uleb128 0xb
 1005 0040 3A       		.uleb128 0x3a
 1006 0041 0B       		.uleb128 0xb
 1007 0042 3B       		.uleb128 0x3b
 1008 0043 05       		.uleb128 0x5
 1009 0044 01       		.uleb128 0x1
 1010 0045 13       		.uleb128 0x13
 1011 0046 00       		.byte	0
 1012 0047 00       		.byte	0
 1013 0048 07       		.uleb128 0x7
 1014 0049 0D       		.uleb128 0xd
 1015 004a 00       		.byte	0
 1016 004b 03       		.uleb128 0x3
 1017 004c 08       		.uleb128 0x8
 1018 004d 3A       		.uleb128 0x3a
 1019 004e 0B       		.uleb128 0xb
 1020 004f 3B       		.uleb128 0x3b
 1021 0050 05       		.uleb128 0x5
 1022 0051 49       		.uleb128 0x49
 1023 0052 13       		.uleb128 0x13
 1024 0053 38       		.uleb128 0x38
 1025 0054 0B       		.uleb128 0xb
 1026 0055 00       		.byte	0
ARM GAS  /tmp/ccmTzCAI.s 			page 19


 1027 0056 00       		.byte	0
 1028 0057 08       		.uleb128 0x8
 1029 0058 0D       		.uleb128 0xd
 1030 0059 00       		.byte	0
 1031 005a 03       		.uleb128 0x3
 1032 005b 0E       		.uleb128 0xe
 1033 005c 3A       		.uleb128 0x3a
 1034 005d 0B       		.uleb128 0xb
 1035 005e 3B       		.uleb128 0x3b
 1036 005f 05       		.uleb128 0x5
 1037 0060 49       		.uleb128 0x49
 1038 0061 13       		.uleb128 0x13
 1039 0062 38       		.uleb128 0x38
 1040 0063 0B       		.uleb128 0xb
 1041 0064 00       		.byte	0
 1042 0065 00       		.byte	0
 1043 0066 09       		.uleb128 0x9
 1044 0067 16       		.uleb128 0x16
 1045 0068 00       		.byte	0
 1046 0069 03       		.uleb128 0x3
 1047 006a 0E       		.uleb128 0xe
 1048 006b 3A       		.uleb128 0x3a
 1049 006c 0B       		.uleb128 0xb
 1050 006d 3B       		.uleb128 0x3b
 1051 006e 05       		.uleb128 0x5
 1052 006f 49       		.uleb128 0x49
 1053 0070 13       		.uleb128 0x13
 1054 0071 00       		.byte	0
 1055 0072 00       		.byte	0
 1056 0073 0A       		.uleb128 0xa
 1057 0074 13       		.uleb128 0x13
 1058 0075 01       		.byte	0x1
 1059 0076 0B       		.uleb128 0xb
 1060 0077 0B       		.uleb128 0xb
 1061 0078 3A       		.uleb128 0x3a
 1062 0079 0B       		.uleb128 0xb
 1063 007a 3B       		.uleb128 0x3b
 1064 007b 0B       		.uleb128 0xb
 1065 007c 01       		.uleb128 0x1
 1066 007d 13       		.uleb128 0x13
 1067 007e 00       		.byte	0
 1068 007f 00       		.byte	0
 1069 0080 0B       		.uleb128 0xb
 1070 0081 0D       		.uleb128 0xd
 1071 0082 00       		.byte	0
 1072 0083 03       		.uleb128 0x3
 1073 0084 08       		.uleb128 0x8
 1074 0085 3A       		.uleb128 0x3a
 1075 0086 0B       		.uleb128 0xb
 1076 0087 3B       		.uleb128 0x3b
 1077 0088 0B       		.uleb128 0xb
 1078 0089 49       		.uleb128 0x49
 1079 008a 13       		.uleb128 0x13
 1080 008b 38       		.uleb128 0x38
 1081 008c 0B       		.uleb128 0xb
 1082 008d 00       		.byte	0
 1083 008e 00       		.byte	0
ARM GAS  /tmp/ccmTzCAI.s 			page 20


 1084 008f 0C       		.uleb128 0xc
 1085 0090 0D       		.uleb128 0xd
 1086 0091 00       		.byte	0
 1087 0092 03       		.uleb128 0x3
 1088 0093 0E       		.uleb128 0xe
 1089 0094 3A       		.uleb128 0x3a
 1090 0095 0B       		.uleb128 0xb
 1091 0096 3B       		.uleb128 0x3b
 1092 0097 0B       		.uleb128 0xb
 1093 0098 49       		.uleb128 0x49
 1094 0099 13       		.uleb128 0x13
 1095 009a 38       		.uleb128 0x38
 1096 009b 0B       		.uleb128 0xb
 1097 009c 00       		.byte	0
 1098 009d 00       		.byte	0
 1099 009e 0D       		.uleb128 0xd
 1100 009f 17       		.uleb128 0x17
 1101 00a0 01       		.byte	0x1
 1102 00a1 0B       		.uleb128 0xb
 1103 00a2 0B       		.uleb128 0xb
 1104 00a3 3A       		.uleb128 0x3a
 1105 00a4 0B       		.uleb128 0xb
 1106 00a5 3B       		.uleb128 0x3b
 1107 00a6 0B       		.uleb128 0xb
 1108 00a7 01       		.uleb128 0x1
 1109 00a8 13       		.uleb128 0x13
 1110 00a9 00       		.byte	0
 1111 00aa 00       		.byte	0
 1112 00ab 0E       		.uleb128 0xe
 1113 00ac 0D       		.uleb128 0xd
 1114 00ad 00       		.byte	0
 1115 00ae 03       		.uleb128 0x3
 1116 00af 08       		.uleb128 0x8
 1117 00b0 3A       		.uleb128 0x3a
 1118 00b1 0B       		.uleb128 0xb
 1119 00b2 3B       		.uleb128 0x3b
 1120 00b3 0B       		.uleb128 0xb
 1121 00b4 49       		.uleb128 0x49
 1122 00b5 13       		.uleb128 0x13
 1123 00b6 00       		.byte	0
 1124 00b7 00       		.byte	0
 1125 00b8 0F       		.uleb128 0xf
 1126 00b9 0F       		.uleb128 0xf
 1127 00ba 00       		.byte	0
 1128 00bb 0B       		.uleb128 0xb
 1129 00bc 0B       		.uleb128 0xb
 1130 00bd 49       		.uleb128 0x49
 1131 00be 13       		.uleb128 0x13
 1132 00bf 00       		.byte	0
 1133 00c0 00       		.byte	0
 1134 00c1 10       		.uleb128 0x10
 1135 00c2 2E       		.uleb128 0x2e
 1136 00c3 01       		.byte	0x1
 1137 00c4 03       		.uleb128 0x3
 1138 00c5 0E       		.uleb128 0xe
 1139 00c6 3A       		.uleb128 0x3a
 1140 00c7 0B       		.uleb128 0xb
ARM GAS  /tmp/ccmTzCAI.s 			page 21


 1141 00c8 3B       		.uleb128 0x3b
 1142 00c9 0B       		.uleb128 0xb
 1143 00ca 27       		.uleb128 0x27
 1144 00cb 19       		.uleb128 0x19
 1145 00cc 11       		.uleb128 0x11
 1146 00cd 01       		.uleb128 0x1
 1147 00ce 12       		.uleb128 0x12
 1148 00cf 06       		.uleb128 0x6
 1149 00d0 40       		.uleb128 0x40
 1150 00d1 18       		.uleb128 0x18
 1151 00d2 9742     		.uleb128 0x2117
 1152 00d4 19       		.uleb128 0x19
 1153 00d5 01       		.uleb128 0x1
 1154 00d6 13       		.uleb128 0x13
 1155 00d7 00       		.byte	0
 1156 00d8 00       		.byte	0
 1157 00d9 11       		.uleb128 0x11
 1158 00da 05       		.uleb128 0x5
 1159 00db 00       		.byte	0
 1160 00dc 03       		.uleb128 0x3
 1161 00dd 0E       		.uleb128 0xe
 1162 00de 3A       		.uleb128 0x3a
 1163 00df 0B       		.uleb128 0xb
 1164 00e0 3B       		.uleb128 0x3b
 1165 00e1 0B       		.uleb128 0xb
 1166 00e2 49       		.uleb128 0x49
 1167 00e3 13       		.uleb128 0x13
 1168 00e4 02       		.uleb128 0x2
 1169 00e5 18       		.uleb128 0x18
 1170 00e6 00       		.byte	0
 1171 00e7 00       		.byte	0
 1172 00e8 12       		.uleb128 0x12
 1173 00e9 26       		.uleb128 0x26
 1174 00ea 00       		.byte	0
 1175 00eb 49       		.uleb128 0x49
 1176 00ec 13       		.uleb128 0x13
 1177 00ed 00       		.byte	0
 1178 00ee 00       		.byte	0
 1179 00ef 13       		.uleb128 0x13
 1180 00f0 2E       		.uleb128 0x2e
 1181 00f1 01       		.byte	0x1
 1182 00f2 3F       		.uleb128 0x3f
 1183 00f3 19       		.uleb128 0x19
 1184 00f4 03       		.uleb128 0x3
 1185 00f5 0E       		.uleb128 0xe
 1186 00f6 3A       		.uleb128 0x3a
 1187 00f7 0B       		.uleb128 0xb
 1188 00f8 3B       		.uleb128 0x3b
 1189 00f9 0B       		.uleb128 0xb
 1190 00fa 27       		.uleb128 0x27
 1191 00fb 19       		.uleb128 0x19
 1192 00fc 11       		.uleb128 0x11
 1193 00fd 01       		.uleb128 0x1
 1194 00fe 12       		.uleb128 0x12
 1195 00ff 06       		.uleb128 0x6
 1196 0100 40       		.uleb128 0x40
 1197 0101 18       		.uleb128 0x18
ARM GAS  /tmp/ccmTzCAI.s 			page 22


 1198 0102 9642     		.uleb128 0x2116
 1199 0104 19       		.uleb128 0x19
 1200 0105 01       		.uleb128 0x1
 1201 0106 13       		.uleb128 0x13
 1202 0107 00       		.byte	0
 1203 0108 00       		.byte	0
 1204 0109 14       		.uleb128 0x14
 1205 010a 2E       		.uleb128 0x2e
 1206 010b 01       		.byte	0x1
 1207 010c 3F       		.uleb128 0x3f
 1208 010d 19       		.uleb128 0x19
 1209 010e 03       		.uleb128 0x3
 1210 010f 0E       		.uleb128 0xe
 1211 0110 3A       		.uleb128 0x3a
 1212 0111 0B       		.uleb128 0xb
 1213 0112 3B       		.uleb128 0x3b
 1214 0113 0B       		.uleb128 0xb
 1215 0114 27       		.uleb128 0x27
 1216 0115 19       		.uleb128 0x19
 1217 0116 11       		.uleb128 0x11
 1218 0117 01       		.uleb128 0x1
 1219 0118 12       		.uleb128 0x12
 1220 0119 06       		.uleb128 0x6
 1221 011a 40       		.uleb128 0x40
 1222 011b 18       		.uleb128 0x18
 1223 011c 9742     		.uleb128 0x2117
 1224 011e 19       		.uleb128 0x19
 1225 011f 01       		.uleb128 0x1
 1226 0120 13       		.uleb128 0x13
 1227 0121 00       		.byte	0
 1228 0122 00       		.byte	0
 1229 0123 15       		.uleb128 0x15
 1230 0124 34       		.uleb128 0x34
 1231 0125 00       		.byte	0
 1232 0126 03       		.uleb128 0x3
 1233 0127 0E       		.uleb128 0xe
 1234 0128 3A       		.uleb128 0x3a
 1235 0129 0B       		.uleb128 0xb
 1236 012a 3B       		.uleb128 0x3b
 1237 012b 0B       		.uleb128 0xb
 1238 012c 49       		.uleb128 0x49
 1239 012d 13       		.uleb128 0x13
 1240 012e 02       		.uleb128 0x2
 1241 012f 18       		.uleb128 0x18
 1242 0130 00       		.byte	0
 1243 0131 00       		.byte	0
 1244 0132 16       		.uleb128 0x16
 1245 0133 34       		.uleb128 0x34
 1246 0134 00       		.byte	0
 1247 0135 03       		.uleb128 0x3
 1248 0136 08       		.uleb128 0x8
 1249 0137 3A       		.uleb128 0x3a
 1250 0138 0B       		.uleb128 0xb
 1251 0139 3B       		.uleb128 0x3b
 1252 013a 0B       		.uleb128 0xb
 1253 013b 49       		.uleb128 0x49
 1254 013c 13       		.uleb128 0x13
ARM GAS  /tmp/ccmTzCAI.s 			page 23


 1255 013d 02       		.uleb128 0x2
 1256 013e 18       		.uleb128 0x18
 1257 013f 00       		.byte	0
 1258 0140 00       		.byte	0
 1259 0141 17       		.uleb128 0x17
 1260 0142 0B       		.uleb128 0xb
 1261 0143 01       		.byte	0x1
 1262 0144 11       		.uleb128 0x11
 1263 0145 01       		.uleb128 0x1
 1264 0146 12       		.uleb128 0x12
 1265 0147 06       		.uleb128 0x6
 1266 0148 00       		.byte	0
 1267 0149 00       		.byte	0
 1268 014a 18       		.uleb128 0x18
 1269 014b 34       		.uleb128 0x34
 1270 014c 00       		.byte	0
 1271 014d 03       		.uleb128 0x3
 1272 014e 0E       		.uleb128 0xe
 1273 014f 3A       		.uleb128 0x3a
 1274 0150 0B       		.uleb128 0xb
 1275 0151 3B       		.uleb128 0x3b
 1276 0152 05       		.uleb128 0x5
 1277 0153 49       		.uleb128 0x49
 1278 0154 13       		.uleb128 0x13
 1279 0155 3F       		.uleb128 0x3f
 1280 0156 19       		.uleb128 0x19
 1281 0157 3C       		.uleb128 0x3c
 1282 0158 19       		.uleb128 0x19
 1283 0159 00       		.byte	0
 1284 015a 00       		.byte	0
 1285 015b 00       		.byte	0
 1286              		.section	.debug_aranges,"",%progbits
 1287 0000 1C000000 		.4byte	0x1c
 1288 0004 0200     		.2byte	0x2
 1289 0006 00000000 		.4byte	.Ldebug_info0
 1290 000a 04       		.byte	0x4
 1291 000b 00       		.byte	0
 1292 000c 0000     		.2byte	0
 1293 000e 0000     		.2byte	0
 1294 0010 00000000 		.4byte	.Ltext0
 1295 0014 DE010000 		.4byte	.Letext0-.Ltext0
 1296 0018 00000000 		.4byte	0
 1297 001c 00000000 		.4byte	0
 1298              		.section	.debug_line,"",%progbits
 1299              	.Ldebug_line0:
 1300 0000 F6010000 		.section	.debug_str,"MS",%progbits,1
 1300      0200A801 
 1300      00000201 
 1300      FB0E0D00 
 1300      01010101 
 1301              	.LASF38:
 1302 0000 4750494F 		.ascii	"GPIO_TypeDef\000"
 1302      5F547970 
 1302      65446566 
 1302      00
 1303              	.LASF48:
 1304 000d 50434461 		.ascii	"PCData\000"
ARM GAS  /tmp/ccmTzCAI.s 			page 24


 1304      746100
 1305              	.LASF59:
 1306 0014 5F70616C 		.ascii	"_pal_lld_setgroupmode\000"
 1306      5F6C6C64 
 1306      5F736574 
 1306      67726F75 
 1306      706D6F64 
 1307              	.LASF20:
 1308 002a 41504231 		.ascii	"APB1RSTR\000"
 1308      52535452 
 1308      00
 1309              	.LASF58:
 1310 0033 5F70616C 		.ascii	"_pal_lld_init\000"
 1310      5F6C6C64 
 1310      5F696E69 
 1310      7400
 1311              	.LASF45:
 1312 0041 73746D33 		.ascii	"stm32_gpio_setup_t\000"
 1312      325F6770 
 1312      696F5F73 
 1312      65747570 
 1312      5F7400
 1313              	.LASF51:
 1314 0054 50464461 		.ascii	"PFData\000"
 1314      746100
 1315              	.LASF3:
 1316 005b 73686F72 		.ascii	"short int\000"
 1316      7420696E 
 1316      7400
 1317              	.LASF67:
 1318 0065 696E6974 		.ascii	"initgpio\000"
 1318      6770696F 
 1318      00
 1319              	.LASF16:
 1320 006e 73697A65 		.ascii	"sizetype\000"
 1320      74797065 
 1320      00
 1321              	.LASF24:
 1322 0077 42444352 		.ascii	"BDCR\000"
 1322      00
 1323              	.LASF56:
 1324 007c 6770696F 		.ascii	"gpiop\000"
 1324      7000
 1325              	.LASF8:
 1326 0082 5F5F7569 		.ascii	"__uint32_t\000"
 1326      6E743332 
 1326      5F7400
 1327              	.LASF5:
 1328 008d 5F5F7569 		.ascii	"__uint16_t\000"
 1328      6E743136 
 1328      5F7400
 1329              	.LASF47:
 1330 0098 50424461 		.ascii	"PBData\000"
 1330      746100
 1331              	.LASF57:
 1332 009f 636F6E66 		.ascii	"config\000"
 1332      696700
ARM GAS  /tmp/ccmTzCAI.s 			page 25


 1333              	.LASF54:
 1334 00a6 696F6D6F 		.ascii	"iomode_t\000"
 1334      64655F74 
 1334      00
 1335              	.LASF65:
 1336 00af 474E5520 		.ascii	"GNU C 4.9.3 20141119 (release) [ARM/embedded-4_9-br"
 1336      4320342E 
 1336      392E3320 
 1336      32303134 
 1336      31313139 
 1337 00e2 616E6368 		.ascii	"anch revision 218278] -mcpu=cortex-m4 -mno-thumb-in"
 1337      20726576 
 1337      6973696F 
 1337      6E203231 
 1337      38323738 
 1338 0115 74657277 		.ascii	"terwork -mthumb -ggdb -O0 -fomit-frame-pointer\000"
 1338      6F726B20 
 1338      2D6D7468 
 1338      756D6220 
 1338      2D676764 
 1339              	.LASF23:
 1340 0144 41504231 		.ascii	"APB1ENR\000"
 1340      454E5200 
 1341              	.LASF53:
 1342 014c 696F706F 		.ascii	"ioportmask_t\000"
 1342      72746D61 
 1342      736B5F74 
 1342      00
 1343              	.LASF31:
 1344 0159 4F545950 		.ascii	"OTYPER\000"
 1344      455200
 1345              	.LASF46:
 1346 0160 50414461 		.ascii	"PAData\000"
 1346      746100
 1347              	.LASF25:
 1348 0167 41484252 		.ascii	"AHBRSTR\000"
 1348      53545200 
 1349              	.LASF10:
 1350 016f 6C6F6E67 		.ascii	"long long int\000"
 1350      206C6F6E 
 1350      6720696E 
 1350      7400
 1351              	.LASF33:
 1352 017d 50555044 		.ascii	"PUPDR\000"
 1352      5200
 1353              	.LASF41:
 1354 0183 6F737065 		.ascii	"ospeedr\000"
 1354      65647200 
 1355              	.LASF7:
 1356 018b 6C6F6E67 		.ascii	"long int\000"
 1356      20696E74 
 1356      00
 1357              	.LASF49:
 1358 0194 50444461 		.ascii	"PDData\000"
 1358      746100
 1359              	.LASF28:
 1360 019b 5243435F 		.ascii	"RCC_TypeDef\000"
ARM GAS  /tmp/ccmTzCAI.s 			page 26


 1360      54797065 
 1360      44656600 
 1361              	.LASF21:
 1362 01a7 41484245 		.ascii	"AHBENR\000"
 1362      4E5200
 1363              	.LASF30:
 1364 01ae 4D4F4445 		.ascii	"MODER\000"
 1364      5200
 1365              	.LASF19:
 1366 01b4 41504232 		.ascii	"APB2RSTR\000"
 1366      52535452 
 1366      00
 1367              	.LASF29:
 1368 01bd 636C6561 		.ascii	"clear\000"
 1368      7200
 1369              	.LASF55:
 1370 01c3 696F706F 		.ascii	"ioportid_t\000"
 1370      72746964 
 1370      5F7400
 1371              	.LASF2:
 1372 01ce 756E7369 		.ascii	"unsigned char\000"
 1372      676E6564 
 1372      20636861 
 1372      7200
 1373              	.LASF22:
 1374 01dc 41504232 		.ascii	"APB2ENR\000"
 1374      454E5200 
 1375              	.LASF1:
 1376 01e4 7369676E 		.ascii	"signed char\000"
 1376      65642063 
 1376      68617200 
 1377              	.LASF11:
 1378 01f0 6C6F6E67 		.ascii	"long long unsigned int\000"
 1378      206C6F6E 
 1378      6720756E 
 1378      7369676E 
 1378      65642069 
 1379              	.LASF66:
 1380 0207 2F6F7074 		.ascii	"/opt/R2P/core/ChibiOS_2.6.5/os/hal/platforms/STM32/"
 1380      2F523250 
 1380      2F636F72 
 1380      652F4368 
 1380      6962694F 
 1381 023a 4750494F 		.ascii	"GPIOv2/pal_lld.c\000"
 1381      76322F70 
 1381      616C5F6C 
 1381      6C642E63 
 1381      00
 1382              	.LASF14:
 1383 024b 75696E74 		.ascii	"uint32_t\000"
 1383      33325F74 
 1383      00
 1384              	.LASF40:
 1385 0254 6F747970 		.ascii	"otyper\000"
 1385      657200
 1386              	.LASF26:
 1387 025b 43464752 		.ascii	"CFGR2\000"
ARM GAS  /tmp/ccmTzCAI.s 			page 27


 1387      3200
 1388              	.LASF27:
 1389 0261 43464752 		.ascii	"CFGR3\000"
 1389      3300
 1390              	.LASF37:
 1391 0267 41465248 		.ascii	"AFRH\000"
 1391      00
 1392              	.LASF36:
 1393 026c 4146524C 		.ascii	"AFRL\000"
 1393      00
 1394              	.LASF4:
 1395 0271 73686F72 		.ascii	"short unsigned int\000"
 1395      7420756E 
 1395      7369676E 
 1395      65642069 
 1395      6E7400
 1396              	.LASF17:
 1397 0284 63686172 		.ascii	"char\000"
 1397      00
 1398              	.LASF12:
 1399 0289 75696E74 		.ascii	"uint16_t\000"
 1399      31365F74 
 1399      00
 1400              	.LASF13:
 1401 0292 696E7433 		.ascii	"int32_t\000"
 1401      325F7400 
 1402              	.LASF6:
 1403 029a 5F5F696E 		.ascii	"__int32_t\000"
 1403      7433325F 
 1403      7400
 1404              	.LASF52:
 1405 02a4 50414C43 		.ascii	"PALConfig\000"
 1405      6F6E6669 
 1405      6700
 1406              	.LASF15:
 1407 02ae 5F426F6F 		.ascii	"_Bool\000"
 1407      6C00
 1408              	.LASF62:
 1409 02b4 6D6F6465 		.ascii	"mode\000"
 1409      00
 1410              	.LASF60:
 1411 02b9 706F7274 		.ascii	"port\000"
 1411      00
 1412              	.LASF50:
 1413 02be 50454461 		.ascii	"PEData\000"
 1413      746100
 1414              	.LASF63:
 1415 02c5 616C7472 		.ascii	"altr\000"
 1415      00
 1416              	.LASF32:
 1417 02ca 4F535045 		.ascii	"OSPEEDR\000"
 1417      45445200 
 1418              	.LASF9:
 1419 02d2 6C6F6E67 		.ascii	"long unsigned int\000"
 1419      20756E73 
 1419      69676E65 
 1419      6420696E 
ARM GAS  /tmp/ccmTzCAI.s 			page 28


 1419      7400
 1420              	.LASF61:
 1421 02e4 6D61736B 		.ascii	"mask\000"
 1421      00
 1422              	.LASF42:
 1423 02e9 70757064 		.ascii	"pupdr\000"
 1423      7200
 1424              	.LASF44:
 1425 02ef 61667268 		.ascii	"afrh\000"
 1425      00
 1426              	.LASF43:
 1427 02f4 6166726C 		.ascii	"afrl\000"
 1427      00
 1428              	.LASF39:
 1429 02f9 6D6F6465 		.ascii	"moder\000"
 1429      7200
 1430              	.LASF68:
 1431 02ff 49544D5F 		.ascii	"ITM_RxBuffer\000"
 1431      52784275 
 1431      66666572 
 1431      00
 1432              	.LASF64:
 1433 030c 616C7472 		.ascii	"altrmask\000"
 1433      6D61736B 
 1433      00
 1434              	.LASF0:
 1435 0315 756E7369 		.ascii	"unsigned int\000"
 1435      676E6564 
 1435      20696E74 
 1435      00
 1436              	.LASF18:
 1437 0322 43464752 		.ascii	"CFGR\000"
 1437      00
 1438              	.LASF35:
 1439 0327 4C434B52 		.ascii	"LCKR\000"
 1439      00
 1440              	.LASF34:
 1441 032c 42535252 		.ascii	"BSRR\000"
 1441      00
 1442              		.ident	"GCC: (GNU Tools for ARM Embedded Processors) 4.9.3 20141119 (release) [ARM/embedded-4_9-br
ARM GAS  /tmp/ccmTzCAI.s 			page 29


DEFINED SYMBOLS
                            *ABS*:00000000 pal_lld.c
     /tmp/ccmTzCAI.s:18     .text:00000000 $t
     /tmp/ccmTzCAI.s:22     .text:00000000 initgpio
     /tmp/ccmTzCAI.s:82     .text:00000044 _pal_lld_init
     /tmp/ccmTzCAI.s:143    .text:000000a4 $d
     /tmp/ccmTzCAI.s:152    .text:000000bc $t
     /tmp/ccmTzCAI.s:157    .text:000000bc _pal_lld_setgroupmode
                     .debug_frame:00000010 $d

NO UNDEFINED SYMBOLS
