ARM GAS  /tmp/cci9w84h.s 			page 1


   1              		.syntax unified
   2              		.cpu cortex-m4
   3              		.fpu softvfp
   4              		.eabi_attribute 20, 1
   5              		.eabi_attribute 21, 1
   6              		.eabi_attribute 23, 3
   7              		.eabi_attribute 24, 1
   8              		.eabi_attribute 25, 1
   9              		.eabi_attribute 26, 1
  10              		.eabi_attribute 30, 6
  11              		.eabi_attribute 34, 1
  12              		.eabi_attribute 18, 4
  13              		.thumb
  14              		.file	"syscalls.c"
  15              		.text
  16              	.Ltext0:
  17              		.cfi_sections	.debug_frame
  18              		.align	2
  19              		.global	_read_r
  20              		.thumb
  21              		.thumb_func
  22              		.type	_read_r, %function
  23              	_read_r:
  24              	.LFB7:
  25              		.file 1 "/opt/R2P/core/ChibiOS_2.6.5/os/various/syscalls.c"
  26              		.loc 1 76 0
  27              		.cfi_startproc
  28              		@ args = 0, pretend = 0, frame = 16
  29              		@ frame_needed = 0, uses_anonymous_args = 0
  30              		@ link register save eliminated.
  31 0000 84B0     		sub	sp, sp, #16
  32              		.cfi_def_cfa_offset 16
  33 0002 0390     		str	r0, [sp, #12]
  34 0004 0291     		str	r1, [sp, #8]
  35 0006 0192     		str	r2, [sp, #4]
  36 0008 0093     		str	r3, [sp]
  37              		.loc 1 89 0
  38 000a 039B     		ldr	r3, [sp, #12]
  39 000c 1622     		movs	r2, #22
  40 000e 1A60     		str	r2, [r3]
  41              		.loc 1 90 0
  42 0010 4FF0FF33 		mov	r3, #-1
  43              		.loc 1 92 0
  44 0014 1846     		mov	r0, r3
  45 0016 04B0     		add	sp, sp, #16
  46              		.cfi_def_cfa_offset 0
  47              		@ sp needed
  48 0018 7047     		bx	lr
  49              		.cfi_endproc
  50              	.LFE7:
  51              		.size	_read_r, .-_read_r
  52 001a 00BF     		.align	2
  53              		.global	_lseek_r
  54              		.thumb
  55              		.thumb_func
  56              		.type	_lseek_r, %function
  57              	_lseek_r:
ARM GAS  /tmp/cci9w84h.s 			page 2


  58              	.LFB8:
  59              		.loc 1 97 0
  60              		.cfi_startproc
  61              		@ args = 0, pretend = 0, frame = 16
  62              		@ frame_needed = 0, uses_anonymous_args = 0
  63              		@ link register save eliminated.
  64 001c 84B0     		sub	sp, sp, #16
  65              		.cfi_def_cfa_offset 16
  66 001e 0390     		str	r0, [sp, #12]
  67 0020 0291     		str	r1, [sp, #8]
  68 0022 0192     		str	r2, [sp, #4]
  69 0024 0093     		str	r3, [sp]
  70              		.loc 1 103 0
  71 0026 0023     		movs	r3, #0
  72              		.loc 1 104 0
  73 0028 1846     		mov	r0, r3
  74 002a 04B0     		add	sp, sp, #16
  75              		.cfi_def_cfa_offset 0
  76              		@ sp needed
  77 002c 7047     		bx	lr
  78              		.cfi_endproc
  79              	.LFE8:
  80              		.size	_lseek_r, .-_lseek_r
  81 002e 00BF     		.align	2
  82              		.global	_write_r
  83              		.thumb
  84              		.thumb_func
  85              		.type	_write_r, %function
  86              	_write_r:
  87              	.LFB9:
  88              		.loc 1 109 0
  89              		.cfi_startproc
  90              		@ args = 0, pretend = 0, frame = 16
  91              		@ frame_needed = 0, uses_anonymous_args = 0
  92              		@ link register save eliminated.
  93 0030 84B0     		sub	sp, sp, #16
  94              		.cfi_def_cfa_offset 16
  95 0032 0390     		str	r0, [sp, #12]
  96 0034 0291     		str	r1, [sp, #8]
  97 0036 0192     		str	r2, [sp, #4]
  98 0038 0093     		str	r3, [sp]
  99              		.loc 1 120 0
 100 003a 009B     		ldr	r3, [sp]
 101              		.loc 1 121 0
 102 003c 1846     		mov	r0, r3
 103 003e 04B0     		add	sp, sp, #16
 104              		.cfi_def_cfa_offset 0
 105              		@ sp needed
 106 0040 7047     		bx	lr
 107              		.cfi_endproc
 108              	.LFE9:
 109              		.size	_write_r, .-_write_r
 110 0042 00BF     		.align	2
 111              		.global	_close_r
 112              		.thumb
 113              		.thumb_func
 114              		.type	_close_r, %function
ARM GAS  /tmp/cci9w84h.s 			page 3


 115              	_close_r:
 116              	.LFB10:
 117              		.loc 1 126 0
 118              		.cfi_startproc
 119              		@ args = 0, pretend = 0, frame = 8
 120              		@ frame_needed = 0, uses_anonymous_args = 0
 121              		@ link register save eliminated.
 122 0044 82B0     		sub	sp, sp, #8
 123              		.cfi_def_cfa_offset 8
 124 0046 0190     		str	r0, [sp, #4]
 125 0048 0091     		str	r1, [sp]
 126              		.loc 1 130 0
 127 004a 0023     		movs	r3, #0
 128              		.loc 1 131 0
 129 004c 1846     		mov	r0, r3
 130 004e 02B0     		add	sp, sp, #8
 131              		.cfi_def_cfa_offset 0
 132              		@ sp needed
 133 0050 7047     		bx	lr
 134              		.cfi_endproc
 135              	.LFE10:
 136              		.size	_close_r, .-_close_r
 137              		.section	.rodata
 138              		.align	2
 139              	.LC0:
 140 0000 225F7362 		.ascii	"\"_sbrk_r\"()\000"
 140      726B5F72 
 140      22282900 
 141              		.text
 142 0052 00BF     		.align	2
 143              		.global	_sbrk_r
 144              		.thumb
 145              		.thumb_func
 146              		.type	_sbrk_r, %function
 147              	_sbrk_r:
 148              	.LFB11:
 149              		.loc 1 136 0
 150              		.cfi_startproc
 151              		@ args = 0, pretend = 0, frame = 16
 152              		@ frame_needed = 0, uses_anonymous_args = 0
 153 0054 00B5     		push	{lr}
 154              		.cfi_def_cfa_offset 4
 155              		.cfi_offset 14, -4
 156 0056 85B0     		sub	sp, sp, #20
 157              		.cfi_def_cfa_offset 24
 158 0058 0190     		str	r0, [sp, #4]
 159 005a 0091     		str	r1, [sp]
 160              		.loc 1 140 0
 161 005c 009B     		ldr	r3, [sp]
 162 005e 002B     		cmp	r3, #0
 163 0060 02DC     		bgt	.L10
 164              		.loc 1 140 0 is_stmt 0 discriminator 1
 165 0062 0B48     		ldr	r0, .L13
 166 0064 FFF7FEFF 		bl	chDbgPanic
 167              	.L10:
 168              		.loc 1 142 0 is_stmt 1
 169 0068 009B     		ldr	r3, [sp]
ARM GAS  /tmp/cci9w84h.s 			page 4


 170 006a 1846     		mov	r0, r3
 171 006c FFF7FEFF 		bl	chCoreAlloc
 172 0070 0390     		str	r0, [sp, #12]
 173              		.loc 1 143 0
 174 0072 039B     		ldr	r3, [sp, #12]
 175 0074 002B     		cmp	r3, #0
 176 0076 05D1     		bne	.L11
 177              		.loc 1 144 0
 178 0078 019B     		ldr	r3, [sp, #4]
 179 007a 0C22     		movs	r2, #12
 180 007c 1A60     		str	r2, [r3]
 181              		.loc 1 145 0
 182 007e 4FF0FF33 		mov	r3, #-1
 183 0082 00E0     		b	.L12
 184              	.L11:
 185              		.loc 1 147 0
 186 0084 039B     		ldr	r3, [sp, #12]
 187              	.L12:
 188              		.loc 1 153 0
 189 0086 1846     		mov	r0, r3
 190 0088 05B0     		add	sp, sp, #20
 191              		.cfi_def_cfa_offset 4
 192              		@ sp needed
 193 008a 5DF804FB 		ldr	pc, [sp], #4
 194              	.L14:
 195 008e 00BF     		.align	2
 196              	.L13:
 197 0090 00000000 		.word	.LC0
 198              		.cfi_endproc
 199              	.LFE11:
 200              		.size	_sbrk_r, .-_sbrk_r
 201              		.align	2
 202              		.global	_fstat_r
 203              		.thumb
 204              		.thumb_func
 205              		.type	_fstat_r, %function
 206              	_fstat_r:
 207              	.LFB12:
 208              		.loc 1 158 0
 209              		.cfi_startproc
 210              		@ args = 0, pretend = 0, frame = 16
 211              		@ frame_needed = 0, uses_anonymous_args = 0
 212 0094 00B5     		push	{lr}
 213              		.cfi_def_cfa_offset 4
 214              		.cfi_offset 14, -4
 215 0096 85B0     		sub	sp, sp, #20
 216              		.cfi_def_cfa_offset 24
 217 0098 0390     		str	r0, [sp, #12]
 218 009a 0291     		str	r1, [sp, #8]
 219 009c 0192     		str	r2, [sp, #4]
 220              		.loc 1 162 0
 221 009e 0198     		ldr	r0, [sp, #4]
 222 00a0 0021     		movs	r1, #0
 223 00a2 3C22     		movs	r2, #60
 224 00a4 FFF7FEFF 		bl	memset
 225              		.loc 1 163 0
 226 00a8 019B     		ldr	r3, [sp, #4]
ARM GAS  /tmp/cci9w84h.s 			page 5


 227 00aa 4FF40052 		mov	r2, #8192
 228 00ae 5A60     		str	r2, [r3, #4]
 229              		.loc 1 164 0
 230 00b0 0023     		movs	r3, #0
 231              		.loc 1 165 0
 232 00b2 1846     		mov	r0, r3
 233 00b4 05B0     		add	sp, sp, #20
 234              		.cfi_def_cfa_offset 4
 235              		@ sp needed
 236 00b6 5DF804FB 		ldr	pc, [sp], #4
 237              		.cfi_endproc
 238              	.LFE12:
 239              		.size	_fstat_r, .-_fstat_r
 240 00ba 00BF     		.align	2
 241              		.global	_isatty_r
 242              		.thumb
 243              		.thumb_func
 244              		.type	_isatty_r, %function
 245              	_isatty_r:
 246              	.LFB13:
 247              		.loc 1 170 0
 248              		.cfi_startproc
 249              		@ args = 0, pretend = 0, frame = 8
 250              		@ frame_needed = 0, uses_anonymous_args = 0
 251              		@ link register save eliminated.
 252 00bc 82B0     		sub	sp, sp, #8
 253              		.cfi_def_cfa_offset 8
 254 00be 0190     		str	r0, [sp, #4]
 255 00c0 0091     		str	r1, [sp]
 256              		.loc 1 174 0
 257 00c2 0123     		movs	r3, #1
 258              		.loc 1 175 0
 259 00c4 1846     		mov	r0, r3
 260 00c6 02B0     		add	sp, sp, #8
 261              		.cfi_def_cfa_offset 0
 262              		@ sp needed
 263 00c8 7047     		bx	lr
 264              		.cfi_endproc
 265              	.LFE13:
 266              		.size	_isatty_r, .-_isatty_r
 267              	.Letext0:
 268              		.file 2 "/opt/R2P/tools/gcc-arm-none-eabi-4_9-2014q4/lib/gcc/arm-none-eabi/4.9.3/include/stddef.h"
 269              		.file 3 "/opt/R2P/tools/gcc-arm-none-eabi-4_9-2014q4/arm-none-eabi/include/sys/lock.h"
 270              		.file 4 "/opt/R2P/tools/gcc-arm-none-eabi-4_9-2014q4/arm-none-eabi/include/sys/_types.h"
 271              		.file 5 "/opt/R2P/tools/gcc-arm-none-eabi-4_9-2014q4/arm-none-eabi/include/sys/reent.h"
 272              		.file 6 "/opt/R2P/tools/gcc-arm-none-eabi-4_9-2014q4/arm-none-eabi/include/sys/types.h"
 273              		.file 7 "/opt/R2P/tools/gcc-arm-none-eabi-4_9-2014q4/arm-none-eabi/include/sys/stat.h"
 274 00ca 00BF     		.section	.debug_info,"",%progbits
 275              	.Ldebug_info0:
 276 0000 B30B0000 		.4byte	0xbb3
 277 0004 0400     		.2byte	0x4
 278 0006 00000000 		.4byte	.Ldebug_abbrev0
 279 000a 04       		.byte	0x4
 280 000b 01       		.uleb128 0x1
 281 000c 34020000 		.4byte	.LASF157
 282 0010 01       		.byte	0x1
 283 0011 DE030000 		.4byte	.LASF158
ARM GAS  /tmp/cci9w84h.s 			page 6


 284 0015 00000000 		.4byte	.Ltext0
 285 0019 CA000000 		.4byte	.Letext0-.Ltext0
 286 001d 00000000 		.4byte	.Ldebug_line0
 287 0021 02       		.uleb128 0x2
 288 0022 80010000 		.4byte	.LASF9
 289 0026 02       		.byte	0x2
 290 0027 D4       		.byte	0xd4
 291 0028 2C000000 		.4byte	0x2c
 292 002c 03       		.uleb128 0x3
 293 002d 04       		.byte	0x4
 294 002e 07       		.byte	0x7
 295 002f 40000000 		.4byte	.LASF0
 296 0033 04       		.uleb128 0x4
 297 0034 04       		.byte	0x4
 298 0035 05       		.byte	0x5
 299 0036 696E7400 		.ascii	"int\000"
 300 003a 03       		.uleb128 0x3
 301 003b 01       		.byte	0x1
 302 003c 06       		.byte	0x6
 303 003d A7050000 		.4byte	.LASF1
 304 0041 03       		.uleb128 0x3
 305 0042 01       		.byte	0x1
 306 0043 08       		.byte	0x8
 307 0044 3F050000 		.4byte	.LASF2
 308 0048 03       		.uleb128 0x3
 309 0049 02       		.byte	0x2
 310 004a 05       		.byte	0x5
 311 004b 48040000 		.4byte	.LASF3
 312 004f 03       		.uleb128 0x3
 313 0050 02       		.byte	0x2
 314 0051 07       		.byte	0x7
 315 0052 C7050000 		.4byte	.LASF4
 316 0056 03       		.uleb128 0x3
 317 0057 04       		.byte	0x4
 318 0058 05       		.byte	0x5
 319 0059 52040000 		.4byte	.LASF5
 320 005d 03       		.uleb128 0x3
 321 005e 04       		.byte	0x4
 322 005f 07       		.byte	0x7
 323 0060 03050000 		.4byte	.LASF6
 324 0064 03       		.uleb128 0x3
 325 0065 08       		.byte	0x8
 326 0066 05       		.byte	0x5
 327 0067 29030000 		.4byte	.LASF7
 328 006b 03       		.uleb128 0x3
 329 006c 08       		.byte	0x8
 330 006d 07       		.byte	0x7
 331 006e 0E010000 		.4byte	.LASF8
 332 0072 02       		.uleb128 0x2
 333 0073 6F000000 		.4byte	.LASF10
 334 0077 03       		.byte	0x3
 335 0078 07       		.byte	0x7
 336 0079 33000000 		.4byte	0x33
 337 007d 02       		.uleb128 0x2
 338 007e E9050000 		.4byte	.LASF11
 339 0082 04       		.byte	0x4
 340 0083 10       		.byte	0x10
ARM GAS  /tmp/cci9w84h.s 			page 7


 341 0084 56000000 		.4byte	0x56
 342 0088 02       		.uleb128 0x2
 343 0089 47030000 		.4byte	.LASF12
 344 008d 04       		.byte	0x4
 345 008e 14       		.byte	0x14
 346 008f 48000000 		.4byte	0x48
 347 0093 02       		.uleb128 0x2
 348 0094 9C040000 		.4byte	.LASF13
 349 0098 04       		.byte	0x4
 350 0099 18       		.byte	0x18
 351 009a 4F000000 		.4byte	0x4f
 352 009e 02       		.uleb128 0x2
 353 009f 22040000 		.4byte	.LASF14
 354 00a3 04       		.byte	0x4
 355 00a4 1B       		.byte	0x1b
 356 00a5 4F000000 		.4byte	0x4f
 357 00a9 02       		.uleb128 0x2
 358 00aa 9D000000 		.4byte	.LASF15
 359 00ae 04       		.byte	0x4
 360 00af 27       		.byte	0x27
 361 00b0 56000000 		.4byte	0x56
 362 00b4 05       		.uleb128 0x5
 363 00b5 1C050000 		.4byte	.LASF16
 364 00b9 02       		.byte	0x2
 365 00ba 6101     		.2byte	0x161
 366 00bc 2C000000 		.4byte	0x2c
 367 00c0 06       		.uleb128 0x6
 368 00c1 04       		.byte	0x4
 369 00c2 04       		.byte	0x4
 370 00c3 4A       		.byte	0x4a
 371 00c4 DF000000 		.4byte	0xdf
 372 00c8 07       		.uleb128 0x7
 373 00c9 E7020000 		.4byte	.LASF17
 374 00cd 04       		.byte	0x4
 375 00ce 4C       		.byte	0x4c
 376 00cf B4000000 		.4byte	0xb4
 377 00d3 07       		.uleb128 0x7
 378 00d4 7C040000 		.4byte	.LASF18
 379 00d8 04       		.byte	0x4
 380 00d9 4D       		.byte	0x4d
 381 00da DF000000 		.4byte	0xdf
 382 00de 00       		.byte	0
 383 00df 08       		.uleb128 0x8
 384 00e0 41000000 		.4byte	0x41
 385 00e4 EF000000 		.4byte	0xef
 386 00e8 09       		.uleb128 0x9
 387 00e9 EF000000 		.4byte	0xef
 388 00ed 03       		.byte	0x3
 389 00ee 00       		.byte	0
 390 00ef 03       		.uleb128 0x3
 391 00f0 04       		.byte	0x4
 392 00f1 07       		.byte	0x7
 393 00f2 FA040000 		.4byte	.LASF19
 394 00f6 0A       		.uleb128 0xa
 395 00f7 08       		.byte	0x8
 396 00f8 04       		.byte	0x4
 397 00f9 47       		.byte	0x47
ARM GAS  /tmp/cci9w84h.s 			page 8


 398 00fa 17010000 		.4byte	0x117
 399 00fe 0B       		.uleb128 0xb
 400 00ff E4000000 		.4byte	.LASF20
 401 0103 04       		.byte	0x4
 402 0104 49       		.byte	0x49
 403 0105 33000000 		.4byte	0x33
 404 0109 00       		.byte	0
 405 010a 0B       		.uleb128 0xb
 406 010b E1010000 		.4byte	.LASF21
 407 010f 04       		.byte	0x4
 408 0110 4E       		.byte	0x4e
 409 0111 C0000000 		.4byte	0xc0
 410 0115 04       		.byte	0x4
 411 0116 00       		.byte	0
 412 0117 02       		.uleb128 0x2
 413 0118 88030000 		.4byte	.LASF22
 414 011c 04       		.byte	0x4
 415 011d 4F       		.byte	0x4f
 416 011e F6000000 		.4byte	0xf6
 417 0122 02       		.uleb128 0x2
 418 0123 D0020000 		.4byte	.LASF23
 419 0127 04       		.byte	0x4
 420 0128 53       		.byte	0x53
 421 0129 72000000 		.4byte	0x72
 422 012d 0C       		.uleb128 0xc
 423 012e 04       		.byte	0x4
 424 012f 02       		.uleb128 0x2
 425 0130 55030000 		.4byte	.LASF24
 426 0134 05       		.byte	0x5
 427 0135 16       		.byte	0x16
 428 0136 5D000000 		.4byte	0x5d
 429 013a 0D       		.uleb128 0xd
 430 013b B2000000 		.4byte	.LASF29
 431 013f 18       		.byte	0x18
 432 0140 05       		.byte	0x5
 433 0141 2D       		.byte	0x2d
 434 0142 8D010000 		.4byte	0x18d
 435 0146 0B       		.uleb128 0xb
 436 0147 AB010000 		.4byte	.LASF25
 437 014b 05       		.byte	0x5
 438 014c 2F       		.byte	0x2f
 439 014d 8D010000 		.4byte	0x18d
 440 0151 00       		.byte	0
 441 0152 0E       		.uleb128 0xe
 442 0153 5F6B00   		.ascii	"_k\000"
 443 0156 05       		.byte	0x5
 444 0157 30       		.byte	0x30
 445 0158 33000000 		.4byte	0x33
 446 015c 04       		.byte	0x4
 447 015d 0B       		.uleb128 0xb
 448 015e BA040000 		.4byte	.LASF26
 449 0162 05       		.byte	0x5
 450 0163 30       		.byte	0x30
 451 0164 33000000 		.4byte	0x33
 452 0168 08       		.byte	0x8
 453 0169 0B       		.uleb128 0xb
 454 016a 60040000 		.4byte	.LASF27
ARM GAS  /tmp/cci9w84h.s 			page 9


 455 016e 05       		.byte	0x5
 456 016f 30       		.byte	0x30
 457 0170 33000000 		.4byte	0x33
 458 0174 0C       		.byte	0xc
 459 0175 0B       		.uleb128 0xb
 460 0176 44010000 		.4byte	.LASF28
 461 017a 05       		.byte	0x5
 462 017b 30       		.byte	0x30
 463 017c 33000000 		.4byte	0x33
 464 0180 10       		.byte	0x10
 465 0181 0E       		.uleb128 0xe
 466 0182 5F7800   		.ascii	"_x\000"
 467 0185 05       		.byte	0x5
 468 0186 31       		.byte	0x31
 469 0187 93010000 		.4byte	0x193
 470 018b 14       		.byte	0x14
 471 018c 00       		.byte	0
 472 018d 0F       		.uleb128 0xf
 473 018e 04       		.byte	0x4
 474 018f 3A010000 		.4byte	0x13a
 475 0193 08       		.uleb128 0x8
 476 0194 2F010000 		.4byte	0x12f
 477 0198 A3010000 		.4byte	0x1a3
 478 019c 09       		.uleb128 0x9
 479 019d EF000000 		.4byte	0xef
 480 01a1 00       		.byte	0
 481 01a2 00       		.byte	0
 482 01a3 0D       		.uleb128 0xd
 483 01a4 EF040000 		.4byte	.LASF30
 484 01a8 24       		.byte	0x24
 485 01a9 05       		.byte	0x5
 486 01aa 35       		.byte	0x35
 487 01ab 1C020000 		.4byte	0x21c
 488 01af 0B       		.uleb128 0xb
 489 01b0 87010000 		.4byte	.LASF31
 490 01b4 05       		.byte	0x5
 491 01b5 37       		.byte	0x37
 492 01b6 33000000 		.4byte	0x33
 493 01ba 00       		.byte	0
 494 01bb 0B       		.uleb128 0xb
 495 01bc EC000000 		.4byte	.LASF32
 496 01c0 05       		.byte	0x5
 497 01c1 38       		.byte	0x38
 498 01c2 33000000 		.4byte	0x33
 499 01c6 04       		.byte	0x4
 500 01c7 0B       		.uleb128 0xb
 501 01c8 D2000000 		.4byte	.LASF33
 502 01cc 05       		.byte	0x5
 503 01cd 39       		.byte	0x39
 504 01ce 33000000 		.4byte	0x33
 505 01d2 08       		.byte	0x8
 506 01d3 0B       		.uleb128 0xb
 507 01d4 11020000 		.4byte	.LASF34
 508 01d8 05       		.byte	0x5
 509 01d9 3A       		.byte	0x3a
 510 01da 33000000 		.4byte	0x33
 511 01de 0C       		.byte	0xc
ARM GAS  /tmp/cci9w84h.s 			page 10


 512 01df 0B       		.uleb128 0xb
 513 01e0 10040000 		.4byte	.LASF35
 514 01e4 05       		.byte	0x5
 515 01e5 3B       		.byte	0x3b
 516 01e6 33000000 		.4byte	0x33
 517 01ea 10       		.byte	0x10
 518 01eb 0B       		.uleb128 0xb
 519 01ec 83040000 		.4byte	.LASF36
 520 01f0 05       		.byte	0x5
 521 01f1 3C       		.byte	0x3c
 522 01f2 33000000 		.4byte	0x33
 523 01f6 14       		.byte	0x14
 524 01f7 0B       		.uleb128 0xb
 525 01f8 BA000000 		.4byte	.LASF37
 526 01fc 05       		.byte	0x5
 527 01fd 3D       		.byte	0x3d
 528 01fe 33000000 		.4byte	0x33
 529 0202 18       		.byte	0x18
 530 0203 0B       		.uleb128 0xb
 531 0204 90010000 		.4byte	.LASF38
 532 0208 05       		.byte	0x5
 533 0209 3E       		.byte	0x3e
 534 020a 33000000 		.4byte	0x33
 535 020e 1C       		.byte	0x1c
 536 020f 0B       		.uleb128 0xb
 537 0210 93030000 		.4byte	.LASF39
 538 0214 05       		.byte	0x5
 539 0215 3F       		.byte	0x3f
 540 0216 33000000 		.4byte	0x33
 541 021a 20       		.byte	0x20
 542 021b 00       		.byte	0
 543 021c 10       		.uleb128 0x10
 544 021d 00000000 		.4byte	.LASF40
 545 0221 0801     		.2byte	0x108
 546 0223 05       		.byte	0x5
 547 0224 48       		.byte	0x48
 548 0225 5C020000 		.4byte	0x25c
 549 0229 0B       		.uleb128 0xb
 550 022a 9F050000 		.4byte	.LASF41
 551 022e 05       		.byte	0x5
 552 022f 49       		.byte	0x49
 553 0230 5C020000 		.4byte	0x25c
 554 0234 00       		.byte	0
 555 0235 0B       		.uleb128 0xb
 556 0236 23050000 		.4byte	.LASF42
 557 023a 05       		.byte	0x5
 558 023b 4A       		.byte	0x4a
 559 023c 5C020000 		.4byte	0x25c
 560 0240 80       		.byte	0x80
 561 0241 11       		.uleb128 0x11
 562 0242 DA050000 		.4byte	.LASF43
 563 0246 05       		.byte	0x5
 564 0247 4C       		.byte	0x4c
 565 0248 2F010000 		.4byte	0x12f
 566 024c 0001     		.2byte	0x100
 567 024e 11       		.uleb128 0x11
 568 024f 13060000 		.4byte	.LASF44
ARM GAS  /tmp/cci9w84h.s 			page 11


 569 0253 05       		.byte	0x5
 570 0254 4F       		.byte	0x4f
 571 0255 2F010000 		.4byte	0x12f
 572 0259 0401     		.2byte	0x104
 573 025b 00       		.byte	0
 574 025c 08       		.uleb128 0x8
 575 025d 2D010000 		.4byte	0x12d
 576 0261 6C020000 		.4byte	0x26c
 577 0265 09       		.uleb128 0x9
 578 0266 EF000000 		.4byte	0xef
 579 026a 1F       		.byte	0x1f
 580 026b 00       		.byte	0
 581 026c 10       		.uleb128 0x10
 582 026d 37040000 		.4byte	.LASF45
 583 0271 9001     		.2byte	0x190
 584 0273 05       		.byte	0x5
 585 0274 5B       		.byte	0x5b
 586 0275 AA020000 		.4byte	0x2aa
 587 0279 0B       		.uleb128 0xb
 588 027a AB010000 		.4byte	.LASF25
 589 027e 05       		.byte	0x5
 590 027f 5C       		.byte	0x5c
 591 0280 AA020000 		.4byte	0x2aa
 592 0284 00       		.byte	0
 593 0285 0B       		.uleb128 0xb
 594 0286 9F010000 		.4byte	.LASF46
 595 028a 05       		.byte	0x5
 596 028b 5D       		.byte	0x5d
 597 028c 33000000 		.4byte	0x33
 598 0290 04       		.byte	0x4
 599 0291 0B       		.uleb128 0xb
 600 0292 A5000000 		.4byte	.LASF47
 601 0296 05       		.byte	0x5
 602 0297 5F       		.byte	0x5f
 603 0298 B0020000 		.4byte	0x2b0
 604 029c 08       		.byte	0x8
 605 029d 0B       		.uleb128 0xb
 606 029e 00000000 		.4byte	.LASF40
 607 02a2 05       		.byte	0x5
 608 02a3 60       		.byte	0x60
 609 02a4 1C020000 		.4byte	0x21c
 610 02a8 88       		.byte	0x88
 611 02a9 00       		.byte	0
 612 02aa 0F       		.uleb128 0xf
 613 02ab 04       		.byte	0x4
 614 02ac 6C020000 		.4byte	0x26c
 615 02b0 08       		.uleb128 0x8
 616 02b1 C0020000 		.4byte	0x2c0
 617 02b5 C0020000 		.4byte	0x2c0
 618 02b9 09       		.uleb128 0x9
 619 02ba EF000000 		.4byte	0xef
 620 02be 1F       		.byte	0x1f
 621 02bf 00       		.byte	0
 622 02c0 0F       		.uleb128 0xf
 623 02c1 04       		.byte	0x4
 624 02c2 C6020000 		.4byte	0x2c6
 625 02c6 12       		.uleb128 0x12
ARM GAS  /tmp/cci9w84h.s 			page 12


 626 02c7 0D       		.uleb128 0xd
 627 02c8 67050000 		.4byte	.LASF48
 628 02cc 08       		.byte	0x8
 629 02cd 05       		.byte	0x5
 630 02ce 73       		.byte	0x73
 631 02cf EC020000 		.4byte	0x2ec
 632 02d3 0B       		.uleb128 0xb
 633 02d4 37030000 		.4byte	.LASF49
 634 02d8 05       		.byte	0x5
 635 02d9 74       		.byte	0x74
 636 02da EC020000 		.4byte	0x2ec
 637 02de 00       		.byte	0
 638 02df 0B       		.uleb128 0xb
 639 02e0 E3050000 		.4byte	.LASF50
 640 02e4 05       		.byte	0x5
 641 02e5 75       		.byte	0x75
 642 02e6 33000000 		.4byte	0x33
 643 02ea 04       		.byte	0x4
 644 02eb 00       		.byte	0
 645 02ec 0F       		.uleb128 0xf
 646 02ed 04       		.byte	0x4
 647 02ee 41000000 		.4byte	0x41
 648 02f2 0D       		.uleb128 0xd
 649 02f3 3C010000 		.4byte	.LASF51
 650 02f7 68       		.byte	0x68
 651 02f8 05       		.byte	0x5
 652 02f9 B3       		.byte	0xb3
 653 02fa 1C040000 		.4byte	0x41c
 654 02fe 0E       		.uleb128 0xe
 655 02ff 5F7000   		.ascii	"_p\000"
 656 0302 05       		.byte	0x5
 657 0303 B4       		.byte	0xb4
 658 0304 EC020000 		.4byte	0x2ec
 659 0308 00       		.byte	0
 660 0309 0E       		.uleb128 0xe
 661 030a 5F7200   		.ascii	"_r\000"
 662 030d 05       		.byte	0x5
 663 030e B5       		.byte	0xb5
 664 030f 33000000 		.4byte	0x33
 665 0313 04       		.byte	0x4
 666 0314 0E       		.uleb128 0xe
 667 0315 5F7700   		.ascii	"_w\000"
 668 0318 05       		.byte	0x5
 669 0319 B6       		.byte	0xb6
 670 031a 33000000 		.4byte	0x33
 671 031e 08       		.byte	0x8
 672 031f 0B       		.uleb128 0xb
 673 0320 61000000 		.4byte	.LASF52
 674 0324 05       		.byte	0x5
 675 0325 B7       		.byte	0xb7
 676 0326 48000000 		.4byte	0x48
 677 032a 0C       		.byte	0xc
 678 032b 0B       		.uleb128 0xb
 679 032c 78030000 		.4byte	.LASF53
 680 0330 05       		.byte	0x5
 681 0331 B8       		.byte	0xb8
 682 0332 48000000 		.4byte	0x48
ARM GAS  /tmp/cci9w84h.s 			page 13


 683 0336 0E       		.byte	0xe
 684 0337 0E       		.uleb128 0xe
 685 0338 5F626600 		.ascii	"_bf\000"
 686 033c 05       		.byte	0x5
 687 033d B9       		.byte	0xb9
 688 033e C7020000 		.4byte	0x2c7
 689 0342 10       		.byte	0x10
 690 0343 0B       		.uleb128 0xb
 691 0344 58000000 		.4byte	.LASF54
 692 0348 05       		.byte	0x5
 693 0349 BA       		.byte	0xba
 694 034a 33000000 		.4byte	0x33
 695 034e 18       		.byte	0x18
 696 034f 0B       		.uleb128 0xb
 697 0350 AA000000 		.4byte	.LASF55
 698 0354 05       		.byte	0x5
 699 0355 C1       		.byte	0xc1
 700 0356 2D010000 		.4byte	0x12d
 701 035a 1C       		.byte	0x1c
 702 035b 0B       		.uleb128 0xb
 703 035c 81000000 		.4byte	.LASF56
 704 0360 05       		.byte	0x5
 705 0361 C3       		.byte	0xc3
 706 0362 7F050000 		.4byte	0x57f
 707 0366 20       		.byte	0x20
 708 0367 0B       		.uleb128 0xb
 709 0368 2A040000 		.4byte	.LASF57
 710 036c 05       		.byte	0x5
 711 036d C5       		.byte	0xc5
 712 036e AE050000 		.4byte	0x5ae
 713 0372 24       		.byte	0x24
 714 0373 0B       		.uleb128 0xb
 715 0374 35060000 		.4byte	.LASF58
 716 0378 05       		.byte	0x5
 717 0379 C8       		.byte	0xc8
 718 037a D2050000 		.4byte	0x5d2
 719 037e 28       		.byte	0x28
 720 037f 0B       		.uleb128 0xb
 721 0380 FA020000 		.4byte	.LASF59
 722 0384 05       		.byte	0x5
 723 0385 C9       		.byte	0xc9
 724 0386 EC050000 		.4byte	0x5ec
 725 038a 2C       		.byte	0x2c
 726 038b 0E       		.uleb128 0xe
 727 038c 5F756200 		.ascii	"_ub\000"
 728 0390 05       		.byte	0x5
 729 0391 CC       		.byte	0xcc
 730 0392 C7020000 		.4byte	0x2c7
 731 0396 30       		.byte	0x30
 732 0397 0E       		.uleb128 0xe
 733 0398 5F757000 		.ascii	"_up\000"
 734 039c 05       		.byte	0x5
 735 039d CD       		.byte	0xcd
 736 039e EC020000 		.4byte	0x2ec
 737 03a2 38       		.byte	0x38
 738 03a3 0E       		.uleb128 0xe
 739 03a4 5F757200 		.ascii	"_ur\000"
ARM GAS  /tmp/cci9w84h.s 			page 14


 740 03a8 05       		.byte	0x5
 741 03a9 CE       		.byte	0xce
 742 03aa 33000000 		.4byte	0x33
 743 03ae 3C       		.byte	0x3c
 744 03af 0B       		.uleb128 0xb
 745 03b0 4C060000 		.4byte	.LASF60
 746 03b4 05       		.byte	0x5
 747 03b5 D1       		.byte	0xd1
 748 03b6 F2050000 		.4byte	0x5f2
 749 03ba 40       		.byte	0x40
 750 03bb 0B       		.uleb128 0xb
 751 03bc F0050000 		.4byte	.LASF61
 752 03c0 05       		.byte	0x5
 753 03c1 D2       		.byte	0xd2
 754 03c2 02060000 		.4byte	0x602
 755 03c6 43       		.byte	0x43
 756 03c7 0E       		.uleb128 0xe
 757 03c8 5F6C6200 		.ascii	"_lb\000"
 758 03cc 05       		.byte	0x5
 759 03cd D5       		.byte	0xd5
 760 03ce C7020000 		.4byte	0x2c7
 761 03d2 44       		.byte	0x44
 762 03d3 0B       		.uleb128 0xb
 763 03d4 E6040000 		.4byte	.LASF62
 764 03d8 05       		.byte	0x5
 765 03d9 D8       		.byte	0xd8
 766 03da 33000000 		.4byte	0x33
 767 03de 4C       		.byte	0x4c
 768 03df 0B       		.uleb128 0xb
 769 03e0 61010000 		.4byte	.LASF63
 770 03e4 05       		.byte	0x5
 771 03e5 D9       		.byte	0xd9
 772 03e6 7D000000 		.4byte	0x7d
 773 03ea 50       		.byte	0x50
 774 03eb 0B       		.uleb128 0xb
 775 03ec 76040000 		.4byte	.LASF64
 776 03f0 05       		.byte	0x5
 777 03f1 DC       		.byte	0xdc
 778 03f2 3A040000 		.4byte	0x43a
 779 03f6 54       		.byte	0x54
 780 03f7 0B       		.uleb128 0xb
 781 03f8 F4040000 		.4byte	.LASF65
 782 03fc 05       		.byte	0x5
 783 03fd E0       		.byte	0xe0
 784 03fe 22010000 		.4byte	0x122
 785 0402 58       		.byte	0x58
 786 0403 0B       		.uleb128 0xb
 787 0404 3F040000 		.4byte	.LASF66
 788 0408 05       		.byte	0x5
 789 0409 E2       		.byte	0xe2
 790 040a 17010000 		.4byte	0x117
 791 040e 5C       		.byte	0x5c
 792 040f 0B       		.uleb128 0xb
 793 0410 0B060000 		.4byte	.LASF67
 794 0414 05       		.byte	0x5
 795 0415 E3       		.byte	0xe3
 796 0416 33000000 		.4byte	0x33
ARM GAS  /tmp/cci9w84h.s 			page 15


 797 041a 64       		.byte	0x64
 798 041b 00       		.byte	0
 799 041c 13       		.uleb128 0x13
 800 041d 33000000 		.4byte	0x33
 801 0421 3A040000 		.4byte	0x43a
 802 0425 14       		.uleb128 0x14
 803 0426 3A040000 		.4byte	0x43a
 804 042a 14       		.uleb128 0x14
 805 042b 2D010000 		.4byte	0x12d
 806 042f 14       		.uleb128 0x14
 807 0430 72050000 		.4byte	0x572
 808 0434 14       		.uleb128 0x14
 809 0435 33000000 		.4byte	0x33
 810 0439 00       		.byte	0
 811 043a 0F       		.uleb128 0xf
 812 043b 04       		.byte	0x4
 813 043c 40040000 		.4byte	0x440
 814 0440 15       		.uleb128 0x15
 815 0441 BA050000 		.4byte	.LASF68
 816 0445 2804     		.2byte	0x428
 817 0447 05       		.byte	0x5
 818 0448 3902     		.2byte	0x239
 819 044a 72050000 		.4byte	0x572
 820 044e 16       		.uleb128 0x16
 821 044f 68000000 		.4byte	.LASF69
 822 0453 05       		.byte	0x5
 823 0454 3B02     		.2byte	0x23b
 824 0456 33000000 		.4byte	0x33
 825 045a 00       		.byte	0
 826 045b 16       		.uleb128 0x16
 827 045c 13030000 		.4byte	.LASF70
 828 0460 05       		.byte	0x5
 829 0461 4002     		.2byte	0x240
 830 0463 59060000 		.4byte	0x659
 831 0467 04       		.byte	0x4
 832 0468 16       		.uleb128 0x16
 833 0469 95000000 		.4byte	.LASF71
 834 046d 05       		.byte	0x5
 835 046e 4002     		.2byte	0x240
 836 0470 59060000 		.4byte	0x659
 837 0474 08       		.byte	0x8
 838 0475 16       		.uleb128 0x16
 839 0476 3B060000 		.4byte	.LASF72
 840 047a 05       		.byte	0x5
 841 047b 4002     		.2byte	0x240
 842 047d 59060000 		.4byte	0x659
 843 0481 0C       		.byte	0xc
 844 0482 16       		.uleb128 0x16
 845 0483 9A010000 		.4byte	.LASF73
 846 0487 05       		.byte	0x5
 847 0488 4202     		.2byte	0x242
 848 048a 33000000 		.4byte	0x33
 849 048e 10       		.byte	0x10
 850 048f 16       		.uleb128 0x16
 851 0490 6E010000 		.4byte	.LASF74
 852 0494 05       		.byte	0x5
 853 0495 4302     		.2byte	0x243
ARM GAS  /tmp/cci9w84h.s 			page 16


 854 0497 3B080000 		.4byte	0x83b
 855 049b 14       		.byte	0x14
 856 049c 16       		.uleb128 0x16
 857 049d CC040000 		.4byte	.LASF75
 858 04a1 05       		.byte	0x5
 859 04a2 4502     		.2byte	0x245
 860 04a4 33000000 		.4byte	0x33
 861 04a8 30       		.byte	0x30
 862 04a9 16       		.uleb128 0x16
 863 04aa 66040000 		.4byte	.LASF76
 864 04ae 05       		.byte	0x5
 865 04af 4602     		.2byte	0x246
 866 04b1 A3050000 		.4byte	0x5a3
 867 04b5 34       		.byte	0x34
 868 04b6 16       		.uleb128 0x16
 869 04b7 01030000 		.4byte	.LASF77
 870 04bb 05       		.byte	0x5
 871 04bc 4802     		.2byte	0x248
 872 04be 33000000 		.4byte	0x33
 873 04c2 38       		.byte	0x38
 874 04c3 16       		.uleb128 0x16
 875 04c4 7E030000 		.4byte	.LASF78
 876 04c8 05       		.byte	0x5
 877 04c9 4A02     		.2byte	0x24a
 878 04cb 56080000 		.4byte	0x856
 879 04cf 3C       		.byte	0x3c
 880 04d0 16       		.uleb128 0x16
 881 04d1 C4000000 		.4byte	.LASF79
 882 04d5 05       		.byte	0x5
 883 04d6 4D02     		.2byte	0x24d
 884 04d8 8D010000 		.4byte	0x18d
 885 04dc 40       		.byte	0x40
 886 04dd 16       		.uleb128 0x16
 887 04de 04010000 		.4byte	.LASF80
 888 04e2 05       		.byte	0x5
 889 04e3 4E02     		.2byte	0x24e
 890 04e5 33000000 		.4byte	0x33
 891 04e9 44       		.byte	0x44
 892 04ea 16       		.uleb128 0x16
 893 04eb E9010000 		.4byte	.LASF81
 894 04ef 05       		.byte	0x5
 895 04f0 4F02     		.2byte	0x24f
 896 04f2 8D010000 		.4byte	0x18d
 897 04f6 48       		.byte	0x48
 898 04f7 16       		.uleb128 0x16
 899 04f8 3D030000 		.4byte	.LASF82
 900 04fc 05       		.byte	0x5
 901 04fd 5002     		.2byte	0x250
 902 04ff 5C080000 		.4byte	0x85c
 903 0503 4C       		.byte	0x4c
 904 0504 16       		.uleb128 0x16
 905 0505 B2040000 		.4byte	.LASF83
 906 0509 05       		.byte	0x5
 907 050a 5302     		.2byte	0x253
 908 050c 33000000 		.4byte	0x33
 909 0510 50       		.byte	0x50
 910 0511 16       		.uleb128 0x16
ARM GAS  /tmp/cci9w84h.s 			page 17


 911 0512 37050000 		.4byte	.LASF84
 912 0516 05       		.byte	0x5
 913 0517 5402     		.2byte	0x254
 914 0519 72050000 		.4byte	0x572
 915 051d 54       		.byte	0x54
 916 051e 16       		.uleb128 0x16
 917 051f AD040000 		.4byte	.LASF85
 918 0523 05       		.byte	0x5
 919 0524 7702     		.2byte	0x277
 920 0526 19080000 		.4byte	0x819
 921 052a 58       		.byte	0x58
 922 052b 17       		.uleb128 0x17
 923 052c 37040000 		.4byte	.LASF45
 924 0530 05       		.byte	0x5
 925 0531 7B02     		.2byte	0x27b
 926 0533 AA020000 		.4byte	0x2aa
 927 0537 4801     		.2byte	0x148
 928 0539 17       		.uleb128 0x17
 929 053a 2C060000 		.4byte	.LASF86
 930 053e 05       		.byte	0x5
 931 053f 7C02     		.2byte	0x27c
 932 0541 6C020000 		.4byte	0x26c
 933 0545 4C01     		.2byte	0x14c
 934 0547 17       		.uleb128 0x17
 935 0548 1B020000 		.4byte	.LASF87
 936 054c 05       		.byte	0x5
 937 054d 8002     		.2byte	0x280
 938 054f 6D080000 		.4byte	0x86d
 939 0553 DC02     		.2byte	0x2dc
 940 0555 17       		.uleb128 0x17
 941 0556 7C050000 		.4byte	.LASF88
 942 055a 05       		.byte	0x5
 943 055b 8502     		.2byte	0x285
 944 055d 1E060000 		.4byte	0x61e
 945 0561 E002     		.2byte	0x2e0
 946 0563 17       		.uleb128 0x17
 947 0564 5B040000 		.4byte	.LASF89
 948 0568 05       		.byte	0x5
 949 0569 8602     		.2byte	0x286
 950 056b 79080000 		.4byte	0x879
 951 056f EC02     		.2byte	0x2ec
 952 0571 00       		.byte	0
 953 0572 0F       		.uleb128 0xf
 954 0573 04       		.byte	0x4
 955 0574 78050000 		.4byte	0x578
 956 0578 03       		.uleb128 0x3
 957 0579 01       		.byte	0x1
 958 057a 08       		.byte	0x8
 959 057b 0C020000 		.4byte	.LASF90
 960 057f 0F       		.uleb128 0xf
 961 0580 04       		.byte	0x4
 962 0581 1C040000 		.4byte	0x41c
 963 0585 13       		.uleb128 0x13
 964 0586 33000000 		.4byte	0x33
 965 058a A3050000 		.4byte	0x5a3
 966 058e 14       		.uleb128 0x14
 967 058f 3A040000 		.4byte	0x43a
ARM GAS  /tmp/cci9w84h.s 			page 18


 968 0593 14       		.uleb128 0x14
 969 0594 2D010000 		.4byte	0x12d
 970 0598 14       		.uleb128 0x14
 971 0599 A3050000 		.4byte	0x5a3
 972 059d 14       		.uleb128 0x14
 973 059e 33000000 		.4byte	0x33
 974 05a2 00       		.byte	0
 975 05a3 0F       		.uleb128 0xf
 976 05a4 04       		.byte	0x4
 977 05a5 A9050000 		.4byte	0x5a9
 978 05a9 18       		.uleb128 0x18
 979 05aa 78050000 		.4byte	0x578
 980 05ae 0F       		.uleb128 0xf
 981 05af 04       		.byte	0x4
 982 05b0 85050000 		.4byte	0x585
 983 05b4 13       		.uleb128 0x13
 984 05b5 A9000000 		.4byte	0xa9
 985 05b9 D2050000 		.4byte	0x5d2
 986 05bd 14       		.uleb128 0x14
 987 05be 3A040000 		.4byte	0x43a
 988 05c2 14       		.uleb128 0x14
 989 05c3 2D010000 		.4byte	0x12d
 990 05c7 14       		.uleb128 0x14
 991 05c8 A9000000 		.4byte	0xa9
 992 05cc 14       		.uleb128 0x14
 993 05cd 33000000 		.4byte	0x33
 994 05d1 00       		.byte	0
 995 05d2 0F       		.uleb128 0xf
 996 05d3 04       		.byte	0x4
 997 05d4 B4050000 		.4byte	0x5b4
 998 05d8 13       		.uleb128 0x13
 999 05d9 33000000 		.4byte	0x33
 1000 05dd EC050000 		.4byte	0x5ec
 1001 05e1 14       		.uleb128 0x14
 1002 05e2 3A040000 		.4byte	0x43a
 1003 05e6 14       		.uleb128 0x14
 1004 05e7 2D010000 		.4byte	0x12d
 1005 05eb 00       		.byte	0
 1006 05ec 0F       		.uleb128 0xf
 1007 05ed 04       		.byte	0x4
 1008 05ee D8050000 		.4byte	0x5d8
 1009 05f2 08       		.uleb128 0x8
 1010 05f3 41000000 		.4byte	0x41
 1011 05f7 02060000 		.4byte	0x602
 1012 05fb 09       		.uleb128 0x9
 1013 05fc EF000000 		.4byte	0xef
 1014 0600 02       		.byte	0x2
 1015 0601 00       		.byte	0
 1016 0602 08       		.uleb128 0x8
 1017 0603 41000000 		.4byte	0x41
 1018 0607 12060000 		.4byte	0x612
 1019 060b 09       		.uleb128 0x9
 1020 060c EF000000 		.4byte	0xef
 1021 0610 00       		.byte	0
 1022 0611 00       		.byte	0
 1023 0612 05       		.uleb128 0x5
 1024 0613 5A010000 		.4byte	.LASF91
ARM GAS  /tmp/cci9w84h.s 			page 19


 1025 0617 05       		.byte	0x5
 1026 0618 1D01     		.2byte	0x11d
 1027 061a F2020000 		.4byte	0x2f2
 1028 061e 19       		.uleb128 0x19
 1029 061f 76050000 		.4byte	.LASF92
 1030 0623 0C       		.byte	0xc
 1031 0624 05       		.byte	0x5
 1032 0625 2101     		.2byte	0x121
 1033 0627 53060000 		.4byte	0x653
 1034 062b 16       		.uleb128 0x16
 1035 062c AB010000 		.4byte	.LASF25
 1036 0630 05       		.byte	0x5
 1037 0631 2301     		.2byte	0x123
 1038 0633 53060000 		.4byte	0x653
 1039 0637 00       		.byte	0
 1040 0638 16       		.uleb128 0x16
 1041 0639 15050000 		.4byte	.LASF93
 1042 063d 05       		.byte	0x5
 1043 063e 2401     		.2byte	0x124
 1044 0640 33000000 		.4byte	0x33
 1045 0644 04       		.byte	0x4
 1046 0645 16       		.uleb128 0x16
 1047 0646 ED020000 		.4byte	.LASF94
 1048 064a 05       		.byte	0x5
 1049 064b 2501     		.2byte	0x125
 1050 064d 59060000 		.4byte	0x659
 1051 0651 08       		.byte	0x8
 1052 0652 00       		.byte	0
 1053 0653 0F       		.uleb128 0xf
 1054 0654 04       		.byte	0x4
 1055 0655 1E060000 		.4byte	0x61e
 1056 0659 0F       		.uleb128 0xf
 1057 065a 04       		.byte	0x4
 1058 065b 12060000 		.4byte	0x612
 1059 065f 19       		.uleb128 0x19
 1060 0660 FC000000 		.4byte	.LASF95
 1061 0664 0E       		.byte	0xe
 1062 0665 05       		.byte	0x5
 1063 0666 3D01     		.2byte	0x13d
 1064 0668 94060000 		.4byte	0x694
 1065 066c 16       		.uleb128 0x16
 1066 066d 1B060000 		.4byte	.LASF96
 1067 0671 05       		.byte	0x5
 1068 0672 3E01     		.2byte	0x13e
 1069 0674 94060000 		.4byte	0x694
 1070 0678 00       		.byte	0
 1071 0679 16       		.uleb128 0x16
 1072 067a 4F030000 		.4byte	.LASF97
 1073 067e 05       		.byte	0x5
 1074 067f 3F01     		.2byte	0x13f
 1075 0681 94060000 		.4byte	0x694
 1076 0685 06       		.byte	0x6
 1077 0686 16       		.uleb128 0x16
 1078 0687 5A050000 		.4byte	.LASF98
 1079 068b 05       		.byte	0x5
 1080 068c 4001     		.2byte	0x140
 1081 068e 4F000000 		.4byte	0x4f
ARM GAS  /tmp/cci9w84h.s 			page 20


 1082 0692 0C       		.byte	0xc
 1083 0693 00       		.byte	0
 1084 0694 08       		.uleb128 0x8
 1085 0695 4F000000 		.4byte	0x4f
 1086 0699 A4060000 		.4byte	0x6a4
 1087 069d 09       		.uleb128 0x9
 1088 069e EF000000 		.4byte	0xef
 1089 06a2 02       		.byte	0x2
 1090 06a3 00       		.byte	0
 1091 06a4 1A       		.uleb128 0x1a
 1092 06a5 D0       		.byte	0xd0
 1093 06a6 05       		.byte	0x5
 1094 06a7 5802     		.2byte	0x258
 1095 06a9 A5070000 		.4byte	0x7a5
 1096 06ad 16       		.uleb128 0x16
 1097 06ae F6050000 		.4byte	.LASF99
 1098 06b2 05       		.byte	0x5
 1099 06b3 5A02     		.2byte	0x25a
 1100 06b5 2C000000 		.4byte	0x2c
 1101 06b9 00       		.byte	0
 1102 06ba 16       		.uleb128 0x16
 1103 06bb 84050000 		.4byte	.LASF100
 1104 06bf 05       		.byte	0x5
 1105 06c0 5B02     		.2byte	0x25b
 1106 06c2 72050000 		.4byte	0x572
 1107 06c6 04       		.byte	0x4
 1108 06c7 16       		.uleb128 0x16
 1109 06c8 2F010000 		.4byte	.LASF101
 1110 06cc 05       		.byte	0x5
 1111 06cd 5C02     		.2byte	0x25c
 1112 06cf A5070000 		.4byte	0x7a5
 1113 06d3 08       		.byte	0x8
 1114 06d4 16       		.uleb128 0x16
 1115 06d5 8D040000 		.4byte	.LASF102
 1116 06d9 05       		.byte	0x5
 1117 06da 5D02     		.2byte	0x25d
 1118 06dc A3010000 		.4byte	0x1a3
 1119 06e0 24       		.byte	0x24
 1120 06e1 16       		.uleb128 0x16
 1121 06e2 1A030000 		.4byte	.LASF103
 1122 06e6 05       		.byte	0x5
 1123 06e7 5E02     		.2byte	0x25e
 1124 06e9 33000000 		.4byte	0x33
 1125 06ed 48       		.byte	0x48
 1126 06ee 16       		.uleb128 0x16
 1127 06ef 21060000 		.4byte	.LASF104
 1128 06f3 05       		.byte	0x5
 1129 06f4 5F02     		.2byte	0x25f
 1130 06f6 6B000000 		.4byte	0x6b
 1131 06fa 50       		.byte	0x50
 1132 06fb 16       		.uleb128 0x16
 1133 06fc 26000000 		.4byte	.LASF105
 1134 0700 05       		.byte	0x5
 1135 0701 6002     		.2byte	0x260
 1136 0703 5F060000 		.4byte	0x65f
 1137 0707 58       		.byte	0x58
 1138 0708 16       		.uleb128 0x16
ARM GAS  /tmp/cci9w84h.s 			page 21


 1139 0709 FF010000 		.4byte	.LASF106
 1140 070d 05       		.byte	0x5
 1141 070e 6102     		.2byte	0x261
 1142 0710 17010000 		.4byte	0x117
 1143 0714 68       		.byte	0x68
 1144 0715 16       		.uleb128 0x16
 1145 0716 91050000 		.4byte	.LASF107
 1146 071a 05       		.byte	0x5
 1147 071b 6202     		.2byte	0x262
 1148 071d 17010000 		.4byte	0x117
 1149 0721 70       		.byte	0x70
 1150 0722 16       		.uleb128 0x16
 1151 0723 0E000000 		.4byte	.LASF108
 1152 0727 05       		.byte	0x5
 1153 0728 6302     		.2byte	0x263
 1154 072a 17010000 		.4byte	0x117
 1155 072e 78       		.byte	0x78
 1156 072f 16       		.uleb128 0x16
 1157 0730 C2040000 		.4byte	.LASF109
 1158 0734 05       		.byte	0x5
 1159 0735 6402     		.2byte	0x264
 1160 0737 B5070000 		.4byte	0x7b5
 1161 073b 80       		.byte	0x80
 1162 073c 16       		.uleb128 0x16
 1163 073d 34000000 		.4byte	.LASF110
 1164 0741 05       		.byte	0x5
 1165 0742 6502     		.2byte	0x265
 1166 0744 C5070000 		.4byte	0x7c5
 1167 0748 88       		.byte	0x88
 1168 0749 16       		.uleb128 0x16
 1169 074a 4D050000 		.4byte	.LASF111
 1170 074e 05       		.byte	0x5
 1171 074f 6602     		.2byte	0x266
 1172 0751 33000000 		.4byte	0x33
 1173 0755 A0       		.byte	0xa0
 1174 0756 16       		.uleb128 0x16
 1175 0757 87000000 		.4byte	.LASF112
 1176 075b 05       		.byte	0x5
 1177 075c 6702     		.2byte	0x267
 1178 075e 17010000 		.4byte	0x117
 1179 0762 A4       		.byte	0xa4
 1180 0763 16       		.uleb128 0x16
 1181 0764 25020000 		.4byte	.LASF113
 1182 0768 05       		.byte	0x5
 1183 0769 6802     		.2byte	0x268
 1184 076b 17010000 		.4byte	0x117
 1185 076f AC       		.byte	0xac
 1186 0770 16       		.uleb128 0x16
 1187 0771 B9010000 		.4byte	.LASF114
 1188 0775 05       		.byte	0x5
 1189 0776 6902     		.2byte	0x269
 1190 0778 17010000 		.4byte	0x117
 1191 077c B4       		.byte	0xb4
 1192 077d 16       		.uleb128 0x16
 1193 077e 5D030000 		.4byte	.LASF115
 1194 0782 05       		.byte	0x5
 1195 0783 6A02     		.2byte	0x26a
ARM GAS  /tmp/cci9w84h.s 			page 22


 1196 0785 17010000 		.4byte	0x117
 1197 0789 BC       		.byte	0xbc
 1198 078a 16       		.uleb128 0x16
 1199 078b EE010000 		.4byte	.LASF116
 1200 078f 05       		.byte	0x5
 1201 0790 6B02     		.2byte	0x26b
 1202 0792 17010000 		.4byte	0x117
 1203 0796 C4       		.byte	0xc4
 1204 0797 16       		.uleb128 0x16
 1205 0798 9E030000 		.4byte	.LASF117
 1206 079c 05       		.byte	0x5
 1207 079d 6C02     		.2byte	0x26c
 1208 079f 33000000 		.4byte	0x33
 1209 07a3 CC       		.byte	0xcc
 1210 07a4 00       		.byte	0
 1211 07a5 08       		.uleb128 0x8
 1212 07a6 78050000 		.4byte	0x578
 1213 07aa B5070000 		.4byte	0x7b5
 1214 07ae 09       		.uleb128 0x9
 1215 07af EF000000 		.4byte	0xef
 1216 07b3 19       		.byte	0x19
 1217 07b4 00       		.byte	0
 1218 07b5 08       		.uleb128 0x8
 1219 07b6 78050000 		.4byte	0x578
 1220 07ba C5070000 		.4byte	0x7c5
 1221 07be 09       		.uleb128 0x9
 1222 07bf EF000000 		.4byte	0xef
 1223 07c3 07       		.byte	0x7
 1224 07c4 00       		.byte	0
 1225 07c5 08       		.uleb128 0x8
 1226 07c6 78050000 		.4byte	0x578
 1227 07ca D5070000 		.4byte	0x7d5
 1228 07ce 09       		.uleb128 0x9
 1229 07cf EF000000 		.4byte	0xef
 1230 07d3 17       		.byte	0x17
 1231 07d4 00       		.byte	0
 1232 07d5 1A       		.uleb128 0x1a
 1233 07d6 F0       		.byte	0xf0
 1234 07d7 05       		.byte	0x5
 1235 07d8 7102     		.2byte	0x271
 1236 07da F9070000 		.4byte	0x7f9
 1237 07de 16       		.uleb128 0x16
 1238 07df F5000000 		.4byte	.LASF118
 1239 07e3 05       		.byte	0x5
 1240 07e4 7402     		.2byte	0x274
 1241 07e6 F9070000 		.4byte	0x7f9
 1242 07ea 00       		.byte	0
 1243 07eb 16       		.uleb128 0x16
 1244 07ec 43060000 		.4byte	.LASF119
 1245 07f0 05       		.byte	0x5
 1246 07f1 7502     		.2byte	0x275
 1247 07f3 09080000 		.4byte	0x809
 1248 07f7 78       		.byte	0x78
 1249 07f8 00       		.byte	0
 1250 07f9 08       		.uleb128 0x8
 1251 07fa EC020000 		.4byte	0x2ec
 1252 07fe 09080000 		.4byte	0x809
ARM GAS  /tmp/cci9w84h.s 			page 23


 1253 0802 09       		.uleb128 0x9
 1254 0803 EF000000 		.4byte	0xef
 1255 0807 1D       		.byte	0x1d
 1256 0808 00       		.byte	0
 1257 0809 08       		.uleb128 0x8
 1258 080a 2C000000 		.4byte	0x2c
 1259 080e 19080000 		.4byte	0x819
 1260 0812 09       		.uleb128 0x9
 1261 0813 EF000000 		.4byte	0xef
 1262 0817 1D       		.byte	0x1d
 1263 0818 00       		.byte	0
 1264 0819 1B       		.uleb128 0x1b
 1265 081a F0       		.byte	0xf0
 1266 081b 05       		.byte	0x5
 1267 081c 5602     		.2byte	0x256
 1268 081e 3B080000 		.4byte	0x83b
 1269 0822 1C       		.uleb128 0x1c
 1270 0823 BA050000 		.4byte	.LASF68
 1271 0827 05       		.byte	0x5
 1272 0828 6D02     		.2byte	0x26d
 1273 082a A4060000 		.4byte	0x6a4
 1274 082e 1C       		.uleb128 0x1c
 1275 082f 5F050000 		.4byte	.LASF120
 1276 0833 05       		.byte	0x5
 1277 0834 7602     		.2byte	0x276
 1278 0836 D5070000 		.4byte	0x7d5
 1279 083a 00       		.byte	0
 1280 083b 08       		.uleb128 0x8
 1281 083c 78050000 		.4byte	0x578
 1282 0840 4B080000 		.4byte	0x84b
 1283 0844 09       		.uleb128 0x9
 1284 0845 EF000000 		.4byte	0xef
 1285 0849 18       		.byte	0x18
 1286 084a 00       		.byte	0
 1287 084b 1D       		.uleb128 0x1d
 1288 084c 56080000 		.4byte	0x856
 1289 0850 14       		.uleb128 0x14
 1290 0851 3A040000 		.4byte	0x43a
 1291 0855 00       		.byte	0
 1292 0856 0F       		.uleb128 0xf
 1293 0857 04       		.byte	0x4
 1294 0858 4B080000 		.4byte	0x84b
 1295 085c 0F       		.uleb128 0xf
 1296 085d 04       		.byte	0x4
 1297 085e 8D010000 		.4byte	0x18d
 1298 0862 1D       		.uleb128 0x1d
 1299 0863 6D080000 		.4byte	0x86d
 1300 0867 14       		.uleb128 0x14
 1301 0868 33000000 		.4byte	0x33
 1302 086c 00       		.byte	0
 1303 086d 0F       		.uleb128 0xf
 1304 086e 04       		.byte	0x4
 1305 086f 73080000 		.4byte	0x873
 1306 0873 0F       		.uleb128 0xf
 1307 0874 04       		.byte	0x4
 1308 0875 62080000 		.4byte	0x862
 1309 0879 08       		.uleb128 0x8
ARM GAS  /tmp/cci9w84h.s 			page 24


 1310 087a 12060000 		.4byte	0x612
 1311 087e 89080000 		.4byte	0x889
 1312 0882 09       		.uleb128 0x9
 1313 0883 EF000000 		.4byte	0xef
 1314 0887 02       		.byte	0x2
 1315 0888 00       		.byte	0
 1316 0889 02       		.uleb128 0x2
 1317 088a F3020000 		.4byte	.LASF121
 1318 088e 06       		.byte	0x6
 1319 088f 7A       		.byte	0x7a
 1320 0890 56000000 		.4byte	0x56
 1321 0894 02       		.uleb128 0x2
 1322 0895 DE040000 		.4byte	.LASF122
 1323 0899 06       		.byte	0x6
 1324 089a 92       		.byte	0x92
 1325 089b 72050000 		.4byte	0x572
 1326 089f 02       		.uleb128 0x2
 1327 08a0 CC000000 		.4byte	.LASF123
 1328 08a4 06       		.byte	0x6
 1329 08a5 9B       		.byte	0x9b
 1330 08a6 4F000000 		.4byte	0x4f
 1331 08aa 02       		.uleb128 0x2
 1332 08ab C1050000 		.4byte	.LASF124
 1333 08af 06       		.byte	0x6
 1334 08b0 B8       		.byte	0xb8
 1335 08b1 7D000000 		.4byte	0x7d
 1336 08b5 02       		.uleb128 0x2
 1337 08b6 72030000 		.4byte	.LASF125
 1338 08ba 06       		.byte	0x6
 1339 08bb B9       		.byte	0xb9
 1340 08bc 88000000 		.4byte	0x88
 1341 08c0 02       		.uleb128 0x2
 1342 08c1 6C030000 		.4byte	.LASF126
 1343 08c5 06       		.byte	0x6
 1344 08c6 BA       		.byte	0xba
 1345 08c7 93000000 		.4byte	0x93
 1346 08cb 02       		.uleb128 0x2
 1347 08cc 31040000 		.4byte	.LASF127
 1348 08d0 06       		.byte	0x6
 1349 08d1 BB       		.byte	0xbb
 1350 08d2 9E000000 		.4byte	0x9e
 1351 08d6 02       		.uleb128 0x2
 1352 08d7 B3050000 		.4byte	.LASF128
 1353 08db 06       		.byte	0x6
 1354 08dc D9       		.byte	0xd9
 1355 08dd 2C000000 		.4byte	0x2c
 1356 08e1 02       		.uleb128 0x2
 1357 08e2 2F050000 		.4byte	.LASF129
 1358 08e6 06       		.byte	0x6
 1359 08e7 DE       		.byte	0xde
 1360 08e8 4F000000 		.4byte	0x4f
 1361 08ec 0D       		.uleb128 0xd
 1362 08ed 69010000 		.4byte	.LASF130
 1363 08f1 3C       		.byte	0x3c
 1364 08f2 07       		.byte	0x7
 1365 08f3 1A       		.byte	0x1a
 1366 08f4 C5090000 		.4byte	0x9c5
ARM GAS  /tmp/cci9w84h.s 			page 25


 1367 08f8 0B       		.uleb128 0xb
 1368 08f9 79010000 		.4byte	.LASF131
 1369 08fd 07       		.byte	0x7
 1370 08fe 1C       		.byte	0x1c
 1371 08ff B5080000 		.4byte	0x8b5
 1372 0903 00       		.byte	0
 1373 0904 0B       		.uleb128 0xb
 1374 0905 0C030000 		.4byte	.LASF132
 1375 0909 07       		.byte	0x7
 1376 090a 1D       		.byte	0x1d
 1377 090b 9F080000 		.4byte	0x89f
 1378 090f 02       		.byte	0x2
 1379 0910 0B       		.uleb128 0xb
 1380 0911 B1010000 		.4byte	.LASF133
 1381 0915 07       		.byte	0x7
 1382 0916 1E       		.byte	0x1e
 1383 0917 D6080000 		.4byte	0x8d6
 1384 091b 04       		.byte	0x4
 1385 091c 0B       		.uleb128 0xb
 1386 091d CA010000 		.4byte	.LASF134
 1387 0921 07       		.byte	0x7
 1388 0922 1F       		.byte	0x1f
 1389 0923 E1080000 		.4byte	0x8e1
 1390 0927 08       		.byte	0x8
 1391 0928 0B       		.uleb128 0xb
 1392 0929 C9020000 		.4byte	.LASF135
 1393 092d 07       		.byte	0x7
 1394 092e 20       		.byte	0x20
 1395 092f C0080000 		.4byte	0x8c0
 1396 0933 0A       		.byte	0xa
 1397 0934 0B       		.uleb128 0xb
 1398 0935 A4010000 		.4byte	.LASF136
 1399 0939 07       		.byte	0x7
 1400 093a 21       		.byte	0x21
 1401 093b CB080000 		.4byte	0x8cb
 1402 093f 0C       		.byte	0xc
 1403 0940 0B       		.uleb128 0xb
 1404 0941 03060000 		.4byte	.LASF137
 1405 0945 07       		.byte	0x7
 1406 0946 22       		.byte	0x22
 1407 0947 B5080000 		.4byte	0x8b5
 1408 094b 0E       		.byte	0xe
 1409 094c 0B       		.uleb128 0xb
 1410 094d 6E050000 		.4byte	.LASF138
 1411 0951 07       		.byte	0x7
 1412 0952 23       		.byte	0x23
 1413 0953 AA080000 		.4byte	0x8aa
 1414 0957 10       		.byte	0x10
 1415 0958 0B       		.uleb128 0xb
 1416 0959 D9020000 		.4byte	.LASF139
 1417 095d 07       		.byte	0x7
 1418 095e 31       		.byte	0x31
 1419 095f 89080000 		.4byte	0x889
 1420 0963 14       		.byte	0x14
 1421 0964 0B       		.uleb128 0xb
 1422 0965 A7030000 		.4byte	.LASF140
 1423 0969 07       		.byte	0x7
ARM GAS  /tmp/cci9w84h.s 			page 26


 1424 096a 32       		.byte	0x32
 1425 096b 56000000 		.4byte	0x56
 1426 096f 18       		.byte	0x18
 1427 0970 0B       		.uleb128 0xb
 1428 0971 51010000 		.4byte	.LASF141
 1429 0975 07       		.byte	0x7
 1430 0976 33       		.byte	0x33
 1431 0977 89080000 		.4byte	0x889
 1432 097b 1C       		.byte	0x1c
 1433 097c 0B       		.uleb128 0xb
 1434 097d B1030000 		.4byte	.LASF142
 1435 0981 07       		.byte	0x7
 1436 0982 34       		.byte	0x34
 1437 0983 56000000 		.4byte	0x56
 1438 0987 20       		.byte	0x20
 1439 0988 0B       		.uleb128 0xb
 1440 0989 A4040000 		.4byte	.LASF143
 1441 098d 07       		.byte	0x7
 1442 098e 35       		.byte	0x35
 1443 098f 89080000 		.4byte	0x889
 1444 0993 24       		.byte	0x24
 1445 0994 0B       		.uleb128 0xb
 1446 0995 BB030000 		.4byte	.LASF144
 1447 0999 07       		.byte	0x7
 1448 099a 36       		.byte	0x36
 1449 099b 56000000 		.4byte	0x56
 1450 099f 28       		.byte	0x28
 1451 09a0 0B       		.uleb128 0xb
 1452 09a1 4D000000 		.4byte	.LASF145
 1453 09a5 07       		.byte	0x7
 1454 09a6 37       		.byte	0x37
 1455 09a7 56000000 		.4byte	0x56
 1456 09ab 2C       		.byte	0x2c
 1457 09ac 0B       		.uleb128 0xb
 1458 09ad 25010000 		.4byte	.LASF146
 1459 09b1 07       		.byte	0x7
 1460 09b2 38       		.byte	0x38
 1461 09b3 56000000 		.4byte	0x56
 1462 09b7 30       		.byte	0x30
 1463 09b8 0B       		.uleb128 0xb
 1464 09b9 C5030000 		.4byte	.LASF147
 1465 09bd 07       		.byte	0x7
 1466 09be 39       		.byte	0x39
 1467 09bf C5090000 		.4byte	0x9c5
 1468 09c3 34       		.byte	0x34
 1469 09c4 00       		.byte	0
 1470 09c5 08       		.uleb128 0x8
 1471 09c6 56000000 		.4byte	0x56
 1472 09ca D5090000 		.4byte	0x9d5
 1473 09ce 09       		.uleb128 0x9
 1474 09cf EF000000 		.4byte	0xef
 1475 09d3 01       		.byte	0x1
 1476 09d4 00       		.byte	0
 1477 09d5 03       		.uleb128 0x3
 1478 09d6 01       		.byte	0x1
 1479 09d7 02       		.byte	0x2
 1480 09d8 D8030000 		.4byte	.LASF148
ARM GAS  /tmp/cci9w84h.s 			page 27


 1481 09dc 1E       		.uleb128 0x1e
 1482 09dd DC000000 		.4byte	.LASF150
 1483 09e1 01       		.byte	0x1
 1484 09e2 4B       		.byte	0x4b
 1485 09e3 33000000 		.4byte	0x33
 1486 09e7 00000000 		.4byte	.LFB7
 1487 09eb 1A000000 		.4byte	.LFE7-.LFB7
 1488 09ef 01       		.uleb128 0x1
 1489 09f0 9C       		.byte	0x9c
 1490 09f1 2C0A0000 		.4byte	0xa2c
 1491 09f5 1F       		.uleb128 0x1f
 1492 09f6 7200     		.ascii	"r\000"
 1493 09f8 01       		.byte	0x1
 1494 09f9 4B       		.byte	0x4b
 1495 09fa 3A040000 		.4byte	0x43a
 1496 09fe 02       		.uleb128 0x2
 1497 09ff 91       		.byte	0x91
 1498 0a00 7C       		.sleb128 -4
 1499 0a01 20       		.uleb128 0x20
 1500 0a02 E2020000 		.4byte	.LASF149
 1501 0a06 01       		.byte	0x1
 1502 0a07 4B       		.byte	0x4b
 1503 0a08 33000000 		.4byte	0x33
 1504 0a0c 02       		.uleb128 0x2
 1505 0a0d 91       		.byte	0x91
 1506 0a0e 78       		.sleb128 -8
 1507 0a0f 1F       		.uleb128 0x1f
 1508 0a10 70747200 		.ascii	"ptr\000"
 1509 0a14 01       		.byte	0x1
 1510 0a15 4B       		.byte	0x4b
 1511 0a16 72050000 		.4byte	0x572
 1512 0a1a 02       		.uleb128 0x2
 1513 0a1b 91       		.byte	0x91
 1514 0a1c 74       		.sleb128 -12
 1515 0a1d 1F       		.uleb128 0x1f
 1516 0a1e 6C656E00 		.ascii	"len\000"
 1517 0a22 01       		.byte	0x1
 1518 0a23 4B       		.byte	0x4b
 1519 0a24 33000000 		.4byte	0x33
 1520 0a28 02       		.uleb128 0x2
 1521 0a29 91       		.byte	0x91
 1522 0a2a 70       		.sleb128 -16
 1523 0a2b 00       		.byte	0
 1524 0a2c 1E       		.uleb128 0x1e
 1525 0a2d 19040000 		.4byte	.LASF151
 1526 0a31 01       		.byte	0x1
 1527 0a32 60       		.byte	0x60
 1528 0a33 33000000 		.4byte	0x33
 1529 0a37 1C000000 		.4byte	.LFB8
 1530 0a3b 12000000 		.4byte	.LFE8-.LFB8
 1531 0a3f 01       		.uleb128 0x1
 1532 0a40 9C       		.byte	0x9c
 1533 0a41 7C0A0000 		.4byte	0xa7c
 1534 0a45 1F       		.uleb128 0x1f
 1535 0a46 7200     		.ascii	"r\000"
 1536 0a48 01       		.byte	0x1
 1537 0a49 60       		.byte	0x60
ARM GAS  /tmp/cci9w84h.s 			page 28


 1538 0a4a 3A040000 		.4byte	0x43a
 1539 0a4e 02       		.uleb128 0x2
 1540 0a4f 91       		.byte	0x91
 1541 0a50 7C       		.sleb128 -4
 1542 0a51 20       		.uleb128 0x20
 1543 0a52 E2020000 		.4byte	.LASF149
 1544 0a56 01       		.byte	0x1
 1545 0a57 60       		.byte	0x60
 1546 0a58 33000000 		.4byte	0x33
 1547 0a5c 02       		.uleb128 0x2
 1548 0a5d 91       		.byte	0x91
 1549 0a5e 78       		.sleb128 -8
 1550 0a5f 1F       		.uleb128 0x1f
 1551 0a60 70747200 		.ascii	"ptr\000"
 1552 0a64 01       		.byte	0x1
 1553 0a65 60       		.byte	0x60
 1554 0a66 33000000 		.4byte	0x33
 1555 0a6a 02       		.uleb128 0x2
 1556 0a6b 91       		.byte	0x91
 1557 0a6c 74       		.sleb128 -12
 1558 0a6d 1F       		.uleb128 0x1f
 1559 0a6e 64697200 		.ascii	"dir\000"
 1560 0a72 01       		.byte	0x1
 1561 0a73 60       		.byte	0x60
 1562 0a74 33000000 		.4byte	0x33
 1563 0a78 02       		.uleb128 0x2
 1564 0a79 91       		.byte	0x91
 1565 0a7a 70       		.sleb128 -16
 1566 0a7b 00       		.byte	0
 1567 0a7c 1E       		.uleb128 0x1e
 1568 0a7d 2B000000 		.4byte	.LASF152
 1569 0a81 01       		.byte	0x1
 1570 0a82 6C       		.byte	0x6c
 1571 0a83 33000000 		.4byte	0x33
 1572 0a87 30000000 		.4byte	.LFB9
 1573 0a8b 12000000 		.4byte	.LFE9-.LFB9
 1574 0a8f 01       		.uleb128 0x1
 1575 0a90 9C       		.byte	0x9c
 1576 0a91 CC0A0000 		.4byte	0xacc
 1577 0a95 1F       		.uleb128 0x1f
 1578 0a96 7200     		.ascii	"r\000"
 1579 0a98 01       		.byte	0x1
 1580 0a99 6C       		.byte	0x6c
 1581 0a9a 3A040000 		.4byte	0x43a
 1582 0a9e 02       		.uleb128 0x2
 1583 0a9f 91       		.byte	0x91
 1584 0aa0 7C       		.sleb128 -4
 1585 0aa1 20       		.uleb128 0x20
 1586 0aa2 E2020000 		.4byte	.LASF149
 1587 0aa6 01       		.byte	0x1
 1588 0aa7 6C       		.byte	0x6c
 1589 0aa8 33000000 		.4byte	0x33
 1590 0aac 02       		.uleb128 0x2
 1591 0aad 91       		.byte	0x91
 1592 0aae 78       		.sleb128 -8
 1593 0aaf 1F       		.uleb128 0x1f
 1594 0ab0 70747200 		.ascii	"ptr\000"
ARM GAS  /tmp/cci9w84h.s 			page 29


 1595 0ab4 01       		.byte	0x1
 1596 0ab5 6C       		.byte	0x6c
 1597 0ab6 72050000 		.4byte	0x572
 1598 0aba 02       		.uleb128 0x2
 1599 0abb 91       		.byte	0x91
 1600 0abc 74       		.sleb128 -12
 1601 0abd 1F       		.uleb128 0x1f
 1602 0abe 6C656E00 		.ascii	"len\000"
 1603 0ac2 01       		.byte	0x1
 1604 0ac3 6C       		.byte	0x6c
 1605 0ac4 33000000 		.4byte	0x33
 1606 0ac8 02       		.uleb128 0x2
 1607 0ac9 91       		.byte	0x91
 1608 0aca 70       		.sleb128 -16
 1609 0acb 00       		.byte	0
 1610 0acc 1E       		.uleb128 0x1e
 1611 0acd CF030000 		.4byte	.LASF153
 1612 0ad1 01       		.byte	0x1
 1613 0ad2 7D       		.byte	0x7d
 1614 0ad3 33000000 		.4byte	0x33
 1615 0ad7 44000000 		.4byte	.LFB10
 1616 0adb 0E000000 		.4byte	.LFE10-.LFB10
 1617 0adf 01       		.uleb128 0x1
 1618 0ae0 9C       		.byte	0x9c
 1619 0ae1 000B0000 		.4byte	0xb00
 1620 0ae5 1F       		.uleb128 0x1f
 1621 0ae6 7200     		.ascii	"r\000"
 1622 0ae8 01       		.byte	0x1
 1623 0ae9 7D       		.byte	0x7d
 1624 0aea 3A040000 		.4byte	0x43a
 1625 0aee 02       		.uleb128 0x2
 1626 0aef 91       		.byte	0x91
 1627 0af0 7C       		.sleb128 -4
 1628 0af1 20       		.uleb128 0x20
 1629 0af2 E2020000 		.4byte	.LASF149
 1630 0af6 01       		.byte	0x1
 1631 0af7 7D       		.byte	0x7d
 1632 0af8 33000000 		.4byte	0x33
 1633 0afc 02       		.uleb128 0x2
 1634 0afd 91       		.byte	0x91
 1635 0afe 78       		.sleb128 -8
 1636 0aff 00       		.byte	0
 1637 0b00 21       		.uleb128 0x21
 1638 0b01 49010000 		.4byte	.LASF154
 1639 0b05 01       		.byte	0x1
 1640 0b06 87       		.byte	0x87
 1641 0b07 94080000 		.4byte	0x894
 1642 0b0b 54000000 		.4byte	.LFB11
 1643 0b0f 40000000 		.4byte	.LFE11-.LFB11
 1644 0b13 01       		.uleb128 0x1
 1645 0b14 9C       		.byte	0x9c
 1646 0b15 400B0000 		.4byte	0xb40
 1647 0b19 1F       		.uleb128 0x1f
 1648 0b1a 7200     		.ascii	"r\000"
 1649 0b1c 01       		.byte	0x1
 1650 0b1d 87       		.byte	0x87
 1651 0b1e 3A040000 		.4byte	0x43a
ARM GAS  /tmp/cci9w84h.s 			page 30


 1652 0b22 02       		.uleb128 0x2
 1653 0b23 91       		.byte	0x91
 1654 0b24 6C       		.sleb128 -20
 1655 0b25 20       		.uleb128 0x20
 1656 0b26 DC010000 		.4byte	.LASF155
 1657 0b2a 01       		.byte	0x1
 1658 0b2b 87       		.byte	0x87
 1659 0b2c 33000000 		.4byte	0x33
 1660 0b30 02       		.uleb128 0x2
 1661 0b31 91       		.byte	0x91
 1662 0b32 68       		.sleb128 -24
 1663 0b33 22       		.uleb128 0x22
 1664 0b34 7000     		.ascii	"p\000"
 1665 0b36 01       		.byte	0x1
 1666 0b37 8A       		.byte	0x8a
 1667 0b38 2D010000 		.4byte	0x12d
 1668 0b3c 02       		.uleb128 0x2
 1669 0b3d 91       		.byte	0x91
 1670 0b3e 74       		.sleb128 -12
 1671 0b3f 00       		.byte	0
 1672 0b40 21       		.uleb128 0x21
 1673 0b41 D3010000 		.4byte	.LASF156
 1674 0b45 01       		.byte	0x1
 1675 0b46 9D       		.byte	0x9d
 1676 0b47 33000000 		.4byte	0x33
 1677 0b4b 94000000 		.4byte	.LFB12
 1678 0b4f 26000000 		.4byte	.LFE12-.LFB12
 1679 0b53 01       		.uleb128 0x1
 1680 0b54 9C       		.byte	0x9c
 1681 0b55 810B0000 		.4byte	0xb81
 1682 0b59 1F       		.uleb128 0x1f
 1683 0b5a 7200     		.ascii	"r\000"
 1684 0b5c 01       		.byte	0x1
 1685 0b5d 9D       		.byte	0x9d
 1686 0b5e 3A040000 		.4byte	0x43a
 1687 0b62 02       		.uleb128 0x2
 1688 0b63 91       		.byte	0x91
 1689 0b64 74       		.sleb128 -12
 1690 0b65 20       		.uleb128 0x20
 1691 0b66 E2020000 		.4byte	.LASF149
 1692 0b6a 01       		.byte	0x1
 1693 0b6b 9D       		.byte	0x9d
 1694 0b6c 33000000 		.4byte	0x33
 1695 0b70 02       		.uleb128 0x2
 1696 0b71 91       		.byte	0x91
 1697 0b72 70       		.sleb128 -16
 1698 0b73 1F       		.uleb128 0x1f
 1699 0b74 737400   		.ascii	"st\000"
 1700 0b77 01       		.byte	0x1
 1701 0b78 9D       		.byte	0x9d
 1702 0b79 810B0000 		.4byte	0xb81
 1703 0b7d 02       		.uleb128 0x2
 1704 0b7e 91       		.byte	0x91
 1705 0b7f 6C       		.sleb128 -20
 1706 0b80 00       		.byte	0
 1707 0b81 0F       		.uleb128 0xf
 1708 0b82 04       		.byte	0x4
ARM GAS  /tmp/cci9w84h.s 			page 31


 1709 0b83 EC080000 		.4byte	0x8ec
 1710 0b87 23       		.uleb128 0x23
 1711 0b88 1C000000 		.4byte	.LASF159
 1712 0b8c 01       		.byte	0x1
 1713 0b8d A9       		.byte	0xa9
 1714 0b8e 33000000 		.4byte	0x33
 1715 0b92 BC000000 		.4byte	.LFB13
 1716 0b96 0E000000 		.4byte	.LFE13-.LFB13
 1717 0b9a 01       		.uleb128 0x1
 1718 0b9b 9C       		.byte	0x9c
 1719 0b9c 1F       		.uleb128 0x1f
 1720 0b9d 7200     		.ascii	"r\000"
 1721 0b9f 01       		.byte	0x1
 1722 0ba0 A9       		.byte	0xa9
 1723 0ba1 3A040000 		.4byte	0x43a
 1724 0ba5 02       		.uleb128 0x2
 1725 0ba6 91       		.byte	0x91
 1726 0ba7 7C       		.sleb128 -4
 1727 0ba8 1F       		.uleb128 0x1f
 1728 0ba9 666400   		.ascii	"fd\000"
 1729 0bac 01       		.byte	0x1
 1730 0bad A9       		.byte	0xa9
 1731 0bae 33000000 		.4byte	0x33
 1732 0bb2 02       		.uleb128 0x2
 1733 0bb3 91       		.byte	0x91
 1734 0bb4 78       		.sleb128 -8
 1735 0bb5 00       		.byte	0
 1736 0bb6 00       		.byte	0
 1737              		.section	.debug_abbrev,"",%progbits
 1738              	.Ldebug_abbrev0:
 1739 0000 01       		.uleb128 0x1
 1740 0001 11       		.uleb128 0x11
 1741 0002 01       		.byte	0x1
 1742 0003 25       		.uleb128 0x25
 1743 0004 0E       		.uleb128 0xe
 1744 0005 13       		.uleb128 0x13
 1745 0006 0B       		.uleb128 0xb
 1746 0007 03       		.uleb128 0x3
 1747 0008 0E       		.uleb128 0xe
 1748 0009 11       		.uleb128 0x11
 1749 000a 01       		.uleb128 0x1
 1750 000b 12       		.uleb128 0x12
 1751 000c 06       		.uleb128 0x6
 1752 000d 10       		.uleb128 0x10
 1753 000e 17       		.uleb128 0x17
 1754 000f 00       		.byte	0
 1755 0010 00       		.byte	0
 1756 0011 02       		.uleb128 0x2
 1757 0012 16       		.uleb128 0x16
 1758 0013 00       		.byte	0
 1759 0014 03       		.uleb128 0x3
 1760 0015 0E       		.uleb128 0xe
 1761 0016 3A       		.uleb128 0x3a
 1762 0017 0B       		.uleb128 0xb
 1763 0018 3B       		.uleb128 0x3b
 1764 0019 0B       		.uleb128 0xb
 1765 001a 49       		.uleb128 0x49
ARM GAS  /tmp/cci9w84h.s 			page 32


 1766 001b 13       		.uleb128 0x13
 1767 001c 00       		.byte	0
 1768 001d 00       		.byte	0
 1769 001e 03       		.uleb128 0x3
 1770 001f 24       		.uleb128 0x24
 1771 0020 00       		.byte	0
 1772 0021 0B       		.uleb128 0xb
 1773 0022 0B       		.uleb128 0xb
 1774 0023 3E       		.uleb128 0x3e
 1775 0024 0B       		.uleb128 0xb
 1776 0025 03       		.uleb128 0x3
 1777 0026 0E       		.uleb128 0xe
 1778 0027 00       		.byte	0
 1779 0028 00       		.byte	0
 1780 0029 04       		.uleb128 0x4
 1781 002a 24       		.uleb128 0x24
 1782 002b 00       		.byte	0
 1783 002c 0B       		.uleb128 0xb
 1784 002d 0B       		.uleb128 0xb
 1785 002e 3E       		.uleb128 0x3e
 1786 002f 0B       		.uleb128 0xb
 1787 0030 03       		.uleb128 0x3
 1788 0031 08       		.uleb128 0x8
 1789 0032 00       		.byte	0
 1790 0033 00       		.byte	0
 1791 0034 05       		.uleb128 0x5
 1792 0035 16       		.uleb128 0x16
 1793 0036 00       		.byte	0
 1794 0037 03       		.uleb128 0x3
 1795 0038 0E       		.uleb128 0xe
 1796 0039 3A       		.uleb128 0x3a
 1797 003a 0B       		.uleb128 0xb
 1798 003b 3B       		.uleb128 0x3b
 1799 003c 05       		.uleb128 0x5
 1800 003d 49       		.uleb128 0x49
 1801 003e 13       		.uleb128 0x13
 1802 003f 00       		.byte	0
 1803 0040 00       		.byte	0
 1804 0041 06       		.uleb128 0x6
 1805 0042 17       		.uleb128 0x17
 1806 0043 01       		.byte	0x1
 1807 0044 0B       		.uleb128 0xb
 1808 0045 0B       		.uleb128 0xb
 1809 0046 3A       		.uleb128 0x3a
 1810 0047 0B       		.uleb128 0xb
 1811 0048 3B       		.uleb128 0x3b
 1812 0049 0B       		.uleb128 0xb
 1813 004a 01       		.uleb128 0x1
 1814 004b 13       		.uleb128 0x13
 1815 004c 00       		.byte	0
 1816 004d 00       		.byte	0
 1817 004e 07       		.uleb128 0x7
 1818 004f 0D       		.uleb128 0xd
 1819 0050 00       		.byte	0
 1820 0051 03       		.uleb128 0x3
 1821 0052 0E       		.uleb128 0xe
 1822 0053 3A       		.uleb128 0x3a
ARM GAS  /tmp/cci9w84h.s 			page 33


 1823 0054 0B       		.uleb128 0xb
 1824 0055 3B       		.uleb128 0x3b
 1825 0056 0B       		.uleb128 0xb
 1826 0057 49       		.uleb128 0x49
 1827 0058 13       		.uleb128 0x13
 1828 0059 00       		.byte	0
 1829 005a 00       		.byte	0
 1830 005b 08       		.uleb128 0x8
 1831 005c 01       		.uleb128 0x1
 1832 005d 01       		.byte	0x1
 1833 005e 49       		.uleb128 0x49
 1834 005f 13       		.uleb128 0x13
 1835 0060 01       		.uleb128 0x1
 1836 0061 13       		.uleb128 0x13
 1837 0062 00       		.byte	0
 1838 0063 00       		.byte	0
 1839 0064 09       		.uleb128 0x9
 1840 0065 21       		.uleb128 0x21
 1841 0066 00       		.byte	0
 1842 0067 49       		.uleb128 0x49
 1843 0068 13       		.uleb128 0x13
 1844 0069 2F       		.uleb128 0x2f
 1845 006a 0B       		.uleb128 0xb
 1846 006b 00       		.byte	0
 1847 006c 00       		.byte	0
 1848 006d 0A       		.uleb128 0xa
 1849 006e 13       		.uleb128 0x13
 1850 006f 01       		.byte	0x1
 1851 0070 0B       		.uleb128 0xb
 1852 0071 0B       		.uleb128 0xb
 1853 0072 3A       		.uleb128 0x3a
 1854 0073 0B       		.uleb128 0xb
 1855 0074 3B       		.uleb128 0x3b
 1856 0075 0B       		.uleb128 0xb
 1857 0076 01       		.uleb128 0x1
 1858 0077 13       		.uleb128 0x13
 1859 0078 00       		.byte	0
 1860 0079 00       		.byte	0
 1861 007a 0B       		.uleb128 0xb
 1862 007b 0D       		.uleb128 0xd
 1863 007c 00       		.byte	0
 1864 007d 03       		.uleb128 0x3
 1865 007e 0E       		.uleb128 0xe
 1866 007f 3A       		.uleb128 0x3a
 1867 0080 0B       		.uleb128 0xb
 1868 0081 3B       		.uleb128 0x3b
 1869 0082 0B       		.uleb128 0xb
 1870 0083 49       		.uleb128 0x49
 1871 0084 13       		.uleb128 0x13
 1872 0085 38       		.uleb128 0x38
 1873 0086 0B       		.uleb128 0xb
 1874 0087 00       		.byte	0
 1875 0088 00       		.byte	0
 1876 0089 0C       		.uleb128 0xc
 1877 008a 0F       		.uleb128 0xf
 1878 008b 00       		.byte	0
 1879 008c 0B       		.uleb128 0xb
ARM GAS  /tmp/cci9w84h.s 			page 34


 1880 008d 0B       		.uleb128 0xb
 1881 008e 00       		.byte	0
 1882 008f 00       		.byte	0
 1883 0090 0D       		.uleb128 0xd
 1884 0091 13       		.uleb128 0x13
 1885 0092 01       		.byte	0x1
 1886 0093 03       		.uleb128 0x3
 1887 0094 0E       		.uleb128 0xe
 1888 0095 0B       		.uleb128 0xb
 1889 0096 0B       		.uleb128 0xb
 1890 0097 3A       		.uleb128 0x3a
 1891 0098 0B       		.uleb128 0xb
 1892 0099 3B       		.uleb128 0x3b
 1893 009a 0B       		.uleb128 0xb
 1894 009b 01       		.uleb128 0x1
 1895 009c 13       		.uleb128 0x13
 1896 009d 00       		.byte	0
 1897 009e 00       		.byte	0
 1898 009f 0E       		.uleb128 0xe
 1899 00a0 0D       		.uleb128 0xd
 1900 00a1 00       		.byte	0
 1901 00a2 03       		.uleb128 0x3
 1902 00a3 08       		.uleb128 0x8
 1903 00a4 3A       		.uleb128 0x3a
 1904 00a5 0B       		.uleb128 0xb
 1905 00a6 3B       		.uleb128 0x3b
 1906 00a7 0B       		.uleb128 0xb
 1907 00a8 49       		.uleb128 0x49
 1908 00a9 13       		.uleb128 0x13
 1909 00aa 38       		.uleb128 0x38
 1910 00ab 0B       		.uleb128 0xb
 1911 00ac 00       		.byte	0
 1912 00ad 00       		.byte	0
 1913 00ae 0F       		.uleb128 0xf
 1914 00af 0F       		.uleb128 0xf
 1915 00b0 00       		.byte	0
 1916 00b1 0B       		.uleb128 0xb
 1917 00b2 0B       		.uleb128 0xb
 1918 00b3 49       		.uleb128 0x49
 1919 00b4 13       		.uleb128 0x13
 1920 00b5 00       		.byte	0
 1921 00b6 00       		.byte	0
 1922 00b7 10       		.uleb128 0x10
 1923 00b8 13       		.uleb128 0x13
 1924 00b9 01       		.byte	0x1
 1925 00ba 03       		.uleb128 0x3
 1926 00bb 0E       		.uleb128 0xe
 1927 00bc 0B       		.uleb128 0xb
 1928 00bd 05       		.uleb128 0x5
 1929 00be 3A       		.uleb128 0x3a
 1930 00bf 0B       		.uleb128 0xb
 1931 00c0 3B       		.uleb128 0x3b
 1932 00c1 0B       		.uleb128 0xb
 1933 00c2 01       		.uleb128 0x1
 1934 00c3 13       		.uleb128 0x13
 1935 00c4 00       		.byte	0
 1936 00c5 00       		.byte	0
ARM GAS  /tmp/cci9w84h.s 			page 35


 1937 00c6 11       		.uleb128 0x11
 1938 00c7 0D       		.uleb128 0xd
 1939 00c8 00       		.byte	0
 1940 00c9 03       		.uleb128 0x3
 1941 00ca 0E       		.uleb128 0xe
 1942 00cb 3A       		.uleb128 0x3a
 1943 00cc 0B       		.uleb128 0xb
 1944 00cd 3B       		.uleb128 0x3b
 1945 00ce 0B       		.uleb128 0xb
 1946 00cf 49       		.uleb128 0x49
 1947 00d0 13       		.uleb128 0x13
 1948 00d1 38       		.uleb128 0x38
 1949 00d2 05       		.uleb128 0x5
 1950 00d3 00       		.byte	0
 1951 00d4 00       		.byte	0
 1952 00d5 12       		.uleb128 0x12
 1953 00d6 15       		.uleb128 0x15
 1954 00d7 00       		.byte	0
 1955 00d8 27       		.uleb128 0x27
 1956 00d9 19       		.uleb128 0x19
 1957 00da 00       		.byte	0
 1958 00db 00       		.byte	0
 1959 00dc 13       		.uleb128 0x13
 1960 00dd 15       		.uleb128 0x15
 1961 00de 01       		.byte	0x1
 1962 00df 27       		.uleb128 0x27
 1963 00e0 19       		.uleb128 0x19
 1964 00e1 49       		.uleb128 0x49
 1965 00e2 13       		.uleb128 0x13
 1966 00e3 01       		.uleb128 0x1
 1967 00e4 13       		.uleb128 0x13
 1968 00e5 00       		.byte	0
 1969 00e6 00       		.byte	0
 1970 00e7 14       		.uleb128 0x14
 1971 00e8 05       		.uleb128 0x5
 1972 00e9 00       		.byte	0
 1973 00ea 49       		.uleb128 0x49
 1974 00eb 13       		.uleb128 0x13
 1975 00ec 00       		.byte	0
 1976 00ed 00       		.byte	0
 1977 00ee 15       		.uleb128 0x15
 1978 00ef 13       		.uleb128 0x13
 1979 00f0 01       		.byte	0x1
 1980 00f1 03       		.uleb128 0x3
 1981 00f2 0E       		.uleb128 0xe
 1982 00f3 0B       		.uleb128 0xb
 1983 00f4 05       		.uleb128 0x5
 1984 00f5 3A       		.uleb128 0x3a
 1985 00f6 0B       		.uleb128 0xb
 1986 00f7 3B       		.uleb128 0x3b
 1987 00f8 05       		.uleb128 0x5
 1988 00f9 01       		.uleb128 0x1
 1989 00fa 13       		.uleb128 0x13
 1990 00fb 00       		.byte	0
 1991 00fc 00       		.byte	0
 1992 00fd 16       		.uleb128 0x16
 1993 00fe 0D       		.uleb128 0xd
ARM GAS  /tmp/cci9w84h.s 			page 36


 1994 00ff 00       		.byte	0
 1995 0100 03       		.uleb128 0x3
 1996 0101 0E       		.uleb128 0xe
 1997 0102 3A       		.uleb128 0x3a
 1998 0103 0B       		.uleb128 0xb
 1999 0104 3B       		.uleb128 0x3b
 2000 0105 05       		.uleb128 0x5
 2001 0106 49       		.uleb128 0x49
 2002 0107 13       		.uleb128 0x13
 2003 0108 38       		.uleb128 0x38
 2004 0109 0B       		.uleb128 0xb
 2005 010a 00       		.byte	0
 2006 010b 00       		.byte	0
 2007 010c 17       		.uleb128 0x17
 2008 010d 0D       		.uleb128 0xd
 2009 010e 00       		.byte	0
 2010 010f 03       		.uleb128 0x3
 2011 0110 0E       		.uleb128 0xe
 2012 0111 3A       		.uleb128 0x3a
 2013 0112 0B       		.uleb128 0xb
 2014 0113 3B       		.uleb128 0x3b
 2015 0114 05       		.uleb128 0x5
 2016 0115 49       		.uleb128 0x49
 2017 0116 13       		.uleb128 0x13
 2018 0117 38       		.uleb128 0x38
 2019 0118 05       		.uleb128 0x5
 2020 0119 00       		.byte	0
 2021 011a 00       		.byte	0
 2022 011b 18       		.uleb128 0x18
 2023 011c 26       		.uleb128 0x26
 2024 011d 00       		.byte	0
 2025 011e 49       		.uleb128 0x49
 2026 011f 13       		.uleb128 0x13
 2027 0120 00       		.byte	0
 2028 0121 00       		.byte	0
 2029 0122 19       		.uleb128 0x19
 2030 0123 13       		.uleb128 0x13
 2031 0124 01       		.byte	0x1
 2032 0125 03       		.uleb128 0x3
 2033 0126 0E       		.uleb128 0xe
 2034 0127 0B       		.uleb128 0xb
 2035 0128 0B       		.uleb128 0xb
 2036 0129 3A       		.uleb128 0x3a
 2037 012a 0B       		.uleb128 0xb
 2038 012b 3B       		.uleb128 0x3b
 2039 012c 05       		.uleb128 0x5
 2040 012d 01       		.uleb128 0x1
 2041 012e 13       		.uleb128 0x13
 2042 012f 00       		.byte	0
 2043 0130 00       		.byte	0
 2044 0131 1A       		.uleb128 0x1a
 2045 0132 13       		.uleb128 0x13
 2046 0133 01       		.byte	0x1
 2047 0134 0B       		.uleb128 0xb
 2048 0135 0B       		.uleb128 0xb
 2049 0136 3A       		.uleb128 0x3a
 2050 0137 0B       		.uleb128 0xb
ARM GAS  /tmp/cci9w84h.s 			page 37


 2051 0138 3B       		.uleb128 0x3b
 2052 0139 05       		.uleb128 0x5
 2053 013a 01       		.uleb128 0x1
 2054 013b 13       		.uleb128 0x13
 2055 013c 00       		.byte	0
 2056 013d 00       		.byte	0
 2057 013e 1B       		.uleb128 0x1b
 2058 013f 17       		.uleb128 0x17
 2059 0140 01       		.byte	0x1
 2060 0141 0B       		.uleb128 0xb
 2061 0142 0B       		.uleb128 0xb
 2062 0143 3A       		.uleb128 0x3a
 2063 0144 0B       		.uleb128 0xb
 2064 0145 3B       		.uleb128 0x3b
 2065 0146 05       		.uleb128 0x5
 2066 0147 01       		.uleb128 0x1
 2067 0148 13       		.uleb128 0x13
 2068 0149 00       		.byte	0
 2069 014a 00       		.byte	0
 2070 014b 1C       		.uleb128 0x1c
 2071 014c 0D       		.uleb128 0xd
 2072 014d 00       		.byte	0
 2073 014e 03       		.uleb128 0x3
 2074 014f 0E       		.uleb128 0xe
 2075 0150 3A       		.uleb128 0x3a
 2076 0151 0B       		.uleb128 0xb
 2077 0152 3B       		.uleb128 0x3b
 2078 0153 05       		.uleb128 0x5
 2079 0154 49       		.uleb128 0x49
 2080 0155 13       		.uleb128 0x13
 2081 0156 00       		.byte	0
 2082 0157 00       		.byte	0
 2083 0158 1D       		.uleb128 0x1d
 2084 0159 15       		.uleb128 0x15
 2085 015a 01       		.byte	0x1
 2086 015b 27       		.uleb128 0x27
 2087 015c 19       		.uleb128 0x19
 2088 015d 01       		.uleb128 0x1
 2089 015e 13       		.uleb128 0x13
 2090 015f 00       		.byte	0
 2091 0160 00       		.byte	0
 2092 0161 1E       		.uleb128 0x1e
 2093 0162 2E       		.uleb128 0x2e
 2094 0163 01       		.byte	0x1
 2095 0164 3F       		.uleb128 0x3f
 2096 0165 19       		.uleb128 0x19
 2097 0166 03       		.uleb128 0x3
 2098 0167 0E       		.uleb128 0xe
 2099 0168 3A       		.uleb128 0x3a
 2100 0169 0B       		.uleb128 0xb
 2101 016a 3B       		.uleb128 0x3b
 2102 016b 0B       		.uleb128 0xb
 2103 016c 27       		.uleb128 0x27
 2104 016d 19       		.uleb128 0x19
 2105 016e 49       		.uleb128 0x49
 2106 016f 13       		.uleb128 0x13
 2107 0170 11       		.uleb128 0x11
ARM GAS  /tmp/cci9w84h.s 			page 38


 2108 0171 01       		.uleb128 0x1
 2109 0172 12       		.uleb128 0x12
 2110 0173 06       		.uleb128 0x6
 2111 0174 40       		.uleb128 0x40
 2112 0175 18       		.uleb128 0x18
 2113 0176 9742     		.uleb128 0x2117
 2114 0178 19       		.uleb128 0x19
 2115 0179 01       		.uleb128 0x1
 2116 017a 13       		.uleb128 0x13
 2117 017b 00       		.byte	0
 2118 017c 00       		.byte	0
 2119 017d 1F       		.uleb128 0x1f
 2120 017e 05       		.uleb128 0x5
 2121 017f 00       		.byte	0
 2122 0180 03       		.uleb128 0x3
 2123 0181 08       		.uleb128 0x8
 2124 0182 3A       		.uleb128 0x3a
 2125 0183 0B       		.uleb128 0xb
 2126 0184 3B       		.uleb128 0x3b
 2127 0185 0B       		.uleb128 0xb
 2128 0186 49       		.uleb128 0x49
 2129 0187 13       		.uleb128 0x13
 2130 0188 02       		.uleb128 0x2
 2131 0189 18       		.uleb128 0x18
 2132 018a 00       		.byte	0
 2133 018b 00       		.byte	0
 2134 018c 20       		.uleb128 0x20
 2135 018d 05       		.uleb128 0x5
 2136 018e 00       		.byte	0
 2137 018f 03       		.uleb128 0x3
 2138 0190 0E       		.uleb128 0xe
 2139 0191 3A       		.uleb128 0x3a
 2140 0192 0B       		.uleb128 0xb
 2141 0193 3B       		.uleb128 0x3b
 2142 0194 0B       		.uleb128 0xb
 2143 0195 49       		.uleb128 0x49
 2144 0196 13       		.uleb128 0x13
 2145 0197 02       		.uleb128 0x2
 2146 0198 18       		.uleb128 0x18
 2147 0199 00       		.byte	0
 2148 019a 00       		.byte	0
 2149 019b 21       		.uleb128 0x21
 2150 019c 2E       		.uleb128 0x2e
 2151 019d 01       		.byte	0x1
 2152 019e 3F       		.uleb128 0x3f
 2153 019f 19       		.uleb128 0x19
 2154 01a0 03       		.uleb128 0x3
 2155 01a1 0E       		.uleb128 0xe
 2156 01a2 3A       		.uleb128 0x3a
 2157 01a3 0B       		.uleb128 0xb
 2158 01a4 3B       		.uleb128 0x3b
 2159 01a5 0B       		.uleb128 0xb
 2160 01a6 27       		.uleb128 0x27
 2161 01a7 19       		.uleb128 0x19
 2162 01a8 49       		.uleb128 0x49
 2163 01a9 13       		.uleb128 0x13
 2164 01aa 11       		.uleb128 0x11
ARM GAS  /tmp/cci9w84h.s 			page 39


 2165 01ab 01       		.uleb128 0x1
 2166 01ac 12       		.uleb128 0x12
 2167 01ad 06       		.uleb128 0x6
 2168 01ae 40       		.uleb128 0x40
 2169 01af 18       		.uleb128 0x18
 2170 01b0 9642     		.uleb128 0x2116
 2171 01b2 19       		.uleb128 0x19
 2172 01b3 01       		.uleb128 0x1
 2173 01b4 13       		.uleb128 0x13
 2174 01b5 00       		.byte	0
 2175 01b6 00       		.byte	0
 2176 01b7 22       		.uleb128 0x22
 2177 01b8 34       		.uleb128 0x34
 2178 01b9 00       		.byte	0
 2179 01ba 03       		.uleb128 0x3
 2180 01bb 08       		.uleb128 0x8
 2181 01bc 3A       		.uleb128 0x3a
 2182 01bd 0B       		.uleb128 0xb
 2183 01be 3B       		.uleb128 0x3b
 2184 01bf 0B       		.uleb128 0xb
 2185 01c0 49       		.uleb128 0x49
 2186 01c1 13       		.uleb128 0x13
 2187 01c2 02       		.uleb128 0x2
 2188 01c3 18       		.uleb128 0x18
 2189 01c4 00       		.byte	0
 2190 01c5 00       		.byte	0
 2191 01c6 23       		.uleb128 0x23
 2192 01c7 2E       		.uleb128 0x2e
 2193 01c8 01       		.byte	0x1
 2194 01c9 3F       		.uleb128 0x3f
 2195 01ca 19       		.uleb128 0x19
 2196 01cb 03       		.uleb128 0x3
 2197 01cc 0E       		.uleb128 0xe
 2198 01cd 3A       		.uleb128 0x3a
 2199 01ce 0B       		.uleb128 0xb
 2200 01cf 3B       		.uleb128 0x3b
 2201 01d0 0B       		.uleb128 0xb
 2202 01d1 27       		.uleb128 0x27
 2203 01d2 19       		.uleb128 0x19
 2204 01d3 49       		.uleb128 0x49
 2205 01d4 13       		.uleb128 0x13
 2206 01d5 11       		.uleb128 0x11
 2207 01d6 01       		.uleb128 0x1
 2208 01d7 12       		.uleb128 0x12
 2209 01d8 06       		.uleb128 0x6
 2210 01d9 40       		.uleb128 0x40
 2211 01da 18       		.uleb128 0x18
 2212 01db 9742     		.uleb128 0x2117
 2213 01dd 19       		.uleb128 0x19
 2214 01de 00       		.byte	0
 2215 01df 00       		.byte	0
 2216 01e0 00       		.byte	0
 2217              		.section	.debug_aranges,"",%progbits
 2218 0000 1C000000 		.4byte	0x1c
 2219 0004 0200     		.2byte	0x2
 2220 0006 00000000 		.4byte	.Ldebug_info0
 2221 000a 04       		.byte	0x4
ARM GAS  /tmp/cci9w84h.s 			page 40


 2222 000b 00       		.byte	0
 2223 000c 0000     		.2byte	0
 2224 000e 0000     		.2byte	0
 2225 0010 00000000 		.4byte	.Ltext0
 2226 0014 CA000000 		.4byte	.Letext0-.Ltext0
 2227 0018 00000000 		.4byte	0
 2228 001c 00000000 		.4byte	0
 2229              		.section	.debug_line,"",%progbits
 2230              	.Ldebug_line0:
 2231 0000 5D010000 		.section	.debug_str,"MS",%progbits,1
 2231      02002001 
 2231      00000201 
 2231      FB0E0D00 
 2231      01010101 
 2232              	.LASF40:
 2233 0000 5F6F6E5F 		.ascii	"_on_exit_args\000"
 2233      65786974 
 2233      5F617267 
 2233      7300
 2234              	.LASF108:
 2235 000e 5F776374 		.ascii	"_wctomb_state\000"
 2235      6F6D625F 
 2235      73746174 
 2235      6500
 2236              	.LASF159:
 2237 001c 5F697361 		.ascii	"_isatty_r\000"
 2237      7474795F 
 2237      7200
 2238              	.LASF105:
 2239 0026 5F723438 		.ascii	"_r48\000"
 2239      00
 2240              	.LASF152:
 2241 002b 5F777269 		.ascii	"_write_r\000"
 2241      74655F72 
 2241      00
 2242              	.LASF110:
 2243 0034 5F736967 		.ascii	"_signal_buf\000"
 2243      6E616C5F 
 2243      62756600 
 2244              	.LASF0:
 2245 0040 756E7369 		.ascii	"unsigned int\000"
 2245      676E6564 
 2245      20696E74 
 2245      00
 2246              	.LASF145:
 2247 004d 73745F62 		.ascii	"st_blksize\000"
 2247      6C6B7369 
 2247      7A6500
 2248              	.LASF54:
 2249 0058 5F6C6266 		.ascii	"_lbfsize\000"
 2249      73697A65 
 2249      00
 2250              	.LASF52:
 2251 0061 5F666C61 		.ascii	"_flags\000"
 2251      677300
 2252              	.LASF69:
 2253 0068 5F657272 		.ascii	"_errno\000"
ARM GAS  /tmp/cci9w84h.s 			page 41


 2253      6E6F00
 2254              	.LASF10:
 2255 006f 5F4C4F43 		.ascii	"_LOCK_RECURSIVE_T\000"
 2255      4B5F5245 
 2255      43555253 
 2255      4956455F 
 2255      5400
 2256              	.LASF56:
 2257 0081 5F726561 		.ascii	"_read\000"
 2257      6400
 2258              	.LASF112:
 2259 0087 5F6D6272 		.ascii	"_mbrlen_state\000"
 2259      6C656E5F 
 2259      73746174 
 2259      6500
 2260              	.LASF71:
 2261 0095 5F737464 		.ascii	"_stdout\000"
 2261      6F757400 
 2262              	.LASF15:
 2263 009d 5F66706F 		.ascii	"_fpos_t\000"
 2263      735F7400 
 2264              	.LASF47:
 2265 00a5 5F666E73 		.ascii	"_fns\000"
 2265      00
 2266              	.LASF55:
 2267 00aa 5F636F6F 		.ascii	"_cookie\000"
 2267      6B696500 
 2268              	.LASF29:
 2269 00b2 5F426967 		.ascii	"_Bigint\000"
 2269      696E7400 
 2270              	.LASF37:
 2271 00ba 5F5F746D 		.ascii	"__tm_wday\000"
 2271      5F776461 
 2271      7900
 2272              	.LASF79:
 2273 00c4 5F726573 		.ascii	"_result\000"
 2273      756C7400 
 2274              	.LASF123:
 2275 00cc 696E6F5F 		.ascii	"ino_t\000"
 2275      7400
 2276              	.LASF33:
 2277 00d2 5F5F746D 		.ascii	"__tm_hour\000"
 2277      5F686F75 
 2277      7200
 2278              	.LASF150:
 2279 00dc 5F726561 		.ascii	"_read_r\000"
 2279      645F7200 
 2280              	.LASF20:
 2281 00e4 5F5F636F 		.ascii	"__count\000"
 2281      756E7400 
 2282              	.LASF32:
 2283 00ec 5F5F746D 		.ascii	"__tm_min\000"
 2283      5F6D696E 
 2283      00
 2284              	.LASF118:
 2285 00f5 5F6E6578 		.ascii	"_nextf\000"
 2285      746600
ARM GAS  /tmp/cci9w84h.s 			page 42


 2286              	.LASF95:
 2287 00fc 5F72616E 		.ascii	"_rand48\000"
 2287      64343800 
 2288              	.LASF80:
 2289 0104 5F726573 		.ascii	"_result_k\000"
 2289      756C745F 
 2289      6B00
 2290              	.LASF8:
 2291 010e 6C6F6E67 		.ascii	"long long unsigned int\000"
 2291      206C6F6E 
 2291      6720756E 
 2291      7369676E 
 2291      65642069 
 2292              	.LASF146:
 2293 0125 73745F62 		.ascii	"st_blocks\000"
 2293      6C6F636B 
 2293      7300
 2294              	.LASF101:
 2295 012f 5F617363 		.ascii	"_asctime_buf\000"
 2295      74696D65 
 2295      5F627566 
 2295      00
 2296              	.LASF51:
 2297 013c 5F5F7346 		.ascii	"__sFILE\000"
 2297      494C4500 
 2298              	.LASF28:
 2299 0144 5F776473 		.ascii	"_wds\000"
 2299      00
 2300              	.LASF154:
 2301 0149 5F736272 		.ascii	"_sbrk_r\000"
 2301      6B5F7200 
 2302              	.LASF141:
 2303 0151 73745F6D 		.ascii	"st_mtime\000"
 2303      74696D65 
 2303      00
 2304              	.LASF91:
 2305 015a 5F5F4649 		.ascii	"__FILE\000"
 2305      4C4500
 2306              	.LASF63:
 2307 0161 5F6F6666 		.ascii	"_offset\000"
 2307      73657400 
 2308              	.LASF130:
 2309 0169 73746174 		.ascii	"stat\000"
 2309      00
 2310              	.LASF74:
 2311 016e 5F656D65 		.ascii	"_emergency\000"
 2311      7267656E 
 2311      637900
 2312              	.LASF131:
 2313 0179 73745F64 		.ascii	"st_dev\000"
 2313      657600
 2314              	.LASF9:
 2315 0180 73697A65 		.ascii	"size_t\000"
 2315      5F7400
 2316              	.LASF31:
 2317 0187 5F5F746D 		.ascii	"__tm_sec\000"
 2317      5F736563 
ARM GAS  /tmp/cci9w84h.s 			page 43


 2317      00
 2318              	.LASF38:
 2319 0190 5F5F746D 		.ascii	"__tm_yday\000"
 2319      5F796461 
 2319      7900
 2320              	.LASF73:
 2321 019a 5F696E63 		.ascii	"_inc\000"
 2321      00
 2322              	.LASF46:
 2323 019f 5F696E64 		.ascii	"_ind\000"
 2323      00
 2324              	.LASF136:
 2325 01a4 73745F67 		.ascii	"st_gid\000"
 2325      696400
 2326              	.LASF25:
 2327 01ab 5F6E6578 		.ascii	"_next\000"
 2327      7400
 2328              	.LASF133:
 2329 01b1 73745F6D 		.ascii	"st_mode\000"
 2329      6F646500 
 2330              	.LASF114:
 2331 01b9 5F6D6273 		.ascii	"_mbsrtowcs_state\000"
 2331      72746F77 
 2331      63735F73 
 2331      74617465 
 2331      00
 2332              	.LASF134:
 2333 01ca 73745F6E 		.ascii	"st_nlink\000"
 2333      6C696E6B 
 2333      00
 2334              	.LASF156:
 2335 01d3 5F667374 		.ascii	"_fstat_r\000"
 2335      61745F72 
 2335      00
 2336              	.LASF155:
 2337 01dc 696E6372 		.ascii	"incr\000"
 2337      00
 2338              	.LASF21:
 2339 01e1 5F5F7661 		.ascii	"__value\000"
 2339      6C756500 
 2340              	.LASF81:
 2341 01e9 5F703573 		.ascii	"_p5s\000"
 2341      00
 2342              	.LASF116:
 2343 01ee 5F776373 		.ascii	"_wcsrtombs_state\000"
 2343      72746F6D 
 2343      62735F73 
 2343      74617465 
 2343      00
 2344              	.LASF106:
 2345 01ff 5F6D626C 		.ascii	"_mblen_state\000"
 2345      656E5F73 
 2345      74617465 
 2345      00
 2346              	.LASF90:
 2347 020c 63686172 		.ascii	"char\000"
 2347      00
ARM GAS  /tmp/cci9w84h.s 			page 44


 2348              	.LASF34:
 2349 0211 5F5F746D 		.ascii	"__tm_mday\000"
 2349      5F6D6461 
 2349      7900
 2350              	.LASF87:
 2351 021b 5F736967 		.ascii	"_sig_func\000"
 2351      5F66756E 
 2351      6300
 2352              	.LASF113:
 2353 0225 5F6D6272 		.ascii	"_mbrtowc_state\000"
 2353      746F7763 
 2353      5F737461 
 2353      746500
 2354              	.LASF157:
 2355 0234 474E5520 		.ascii	"GNU C 4.9.3 20141119 (release) [ARM/embedded-4_9-br"
 2355      4320342E 
 2355      392E3320 
 2355      32303134 
 2355      31313139 
 2356 0267 616E6368 		.ascii	"anch revision 218278] -mcpu=cortex-m4 -mno-thumb-in"
 2356      20726576 
 2356      6973696F 
 2356      6E203231 
 2356      38323738 
 2357 029a 74657277 		.ascii	"terwork -mthumb -ggdb -O0 -fomit-frame-pointer\000"
 2357      6F726B20 
 2357      2D6D7468 
 2357      756D6220 
 2357      2D676764 
 2358              	.LASF135:
 2359 02c9 73745F75 		.ascii	"st_uid\000"
 2359      696400
 2360              	.LASF23:
 2361 02d0 5F666C6F 		.ascii	"_flock_t\000"
 2361      636B5F74 
 2361      00
 2362              	.LASF139:
 2363 02d9 73745F61 		.ascii	"st_atime\000"
 2363      74696D65 
 2363      00
 2364              	.LASF149:
 2365 02e2 66696C65 		.ascii	"file\000"
 2365      00
 2366              	.LASF17:
 2367 02e7 5F5F7763 		.ascii	"__wch\000"
 2367      6800
 2368              	.LASF94:
 2369 02ed 5F696F62 		.ascii	"_iobs\000"
 2369      7300
 2370              	.LASF121:
 2371 02f3 74696D65 		.ascii	"time_t\000"
 2371      5F7400
 2372              	.LASF59:
 2373 02fa 5F636C6F 		.ascii	"_close\000"
 2373      736500
 2374              	.LASF77:
 2375 0301 5F5F7364 		.ascii	"__sdidinit\000"
ARM GAS  /tmp/cci9w84h.s 			page 45


 2375      6964696E 
 2375      697400
 2376              	.LASF132:
 2377 030c 73745F69 		.ascii	"st_ino\000"
 2377      6E6F00
 2378              	.LASF70:
 2379 0313 5F737464 		.ascii	"_stdin\000"
 2379      696E00
 2380              	.LASF103:
 2381 031a 5F67616D 		.ascii	"_gamma_signgam\000"
 2381      6D615F73 
 2381      69676E67 
 2381      616D00
 2382              	.LASF7:
 2383 0329 6C6F6E67 		.ascii	"long long int\000"
 2383      206C6F6E 
 2383      6720696E 
 2383      7400
 2384              	.LASF49:
 2385 0337 5F626173 		.ascii	"_base\000"
 2385      6500
 2386              	.LASF82:
 2387 033d 5F667265 		.ascii	"_freelist\000"
 2387      656C6973 
 2387      7400
 2388              	.LASF12:
 2389 0347 5F5F6465 		.ascii	"__dev_t\000"
 2389      765F7400 
 2390              	.LASF97:
 2391 034f 5F6D756C 		.ascii	"_mult\000"
 2391      7400
 2392              	.LASF24:
 2393 0355 5F5F554C 		.ascii	"__ULong\000"
 2393      6F6E6700 
 2394              	.LASF115:
 2395 035d 5F776372 		.ascii	"_wcrtomb_state\000"
 2395      746F6D62 
 2395      5F737461 
 2395      746500
 2396              	.LASF126:
 2397 036c 7569645F 		.ascii	"uid_t\000"
 2397      7400
 2398              	.LASF125:
 2399 0372 6465765F 		.ascii	"dev_t\000"
 2399      7400
 2400              	.LASF53:
 2401 0378 5F66696C 		.ascii	"_file\000"
 2401      6500
 2402              	.LASF78:
 2403 037e 5F5F636C 		.ascii	"__cleanup\000"
 2403      65616E75 
 2403      7000
 2404              	.LASF22:
 2405 0388 5F6D6273 		.ascii	"_mbstate_t\000"
 2405      74617465 
 2405      5F7400
 2406              	.LASF39:
ARM GAS  /tmp/cci9w84h.s 			page 46


 2407 0393 5F5F746D 		.ascii	"__tm_isdst\000"
 2407      5F697364 
 2407      737400
 2408              	.LASF117:
 2409 039e 5F685F65 		.ascii	"_h_errno\000"
 2409      72726E6F 
 2409      00
 2410              	.LASF140:
 2411 03a7 73745F73 		.ascii	"st_spare1\000"
 2411      70617265 
 2411      3100
 2412              	.LASF142:
 2413 03b1 73745F73 		.ascii	"st_spare2\000"
 2413      70617265 
 2413      3200
 2414              	.LASF144:
 2415 03bb 73745F73 		.ascii	"st_spare3\000"
 2415      70617265 
 2415      3300
 2416              	.LASF147:
 2417 03c5 73745F73 		.ascii	"st_spare4\000"
 2417      70617265 
 2417      3400
 2418              	.LASF153:
 2419 03cf 5F636C6F 		.ascii	"_close_r\000"
 2419      73655F72 
 2419      00
 2420              	.LASF148:
 2421 03d8 5F426F6F 		.ascii	"_Bool\000"
 2421      6C00
 2422              	.LASF158:
 2423 03de 2F6F7074 		.ascii	"/opt/R2P/core/ChibiOS_2.6.5/os/various/syscalls.c\000"
 2423      2F523250 
 2423      2F636F72 
 2423      652F4368 
 2423      6962694F 
 2424              	.LASF35:
 2425 0410 5F5F746D 		.ascii	"__tm_mon\000"
 2425      5F6D6F6E 
 2425      00
 2426              	.LASF151:
 2427 0419 5F6C7365 		.ascii	"_lseek_r\000"
 2427      656B5F72 
 2427      00
 2428              	.LASF14:
 2429 0422 5F5F6769 		.ascii	"__gid_t\000"
 2429      645F7400 
 2430              	.LASF57:
 2431 042a 5F777269 		.ascii	"_write\000"
 2431      746500
 2432              	.LASF127:
 2433 0431 6769645F 		.ascii	"gid_t\000"
 2433      7400
 2434              	.LASF45:
 2435 0437 5F617465 		.ascii	"_atexit\000"
 2435      78697400 
 2436              	.LASF66:
ARM GAS  /tmp/cci9w84h.s 			page 47


 2437 043f 5F6D6273 		.ascii	"_mbstate\000"
 2437      74617465 
 2437      00
 2438              	.LASF3:
 2439 0448 73686F72 		.ascii	"short int\000"
 2439      7420696E 
 2439      7400
 2440              	.LASF5:
 2441 0452 6C6F6E67 		.ascii	"long int\000"
 2441      20696E74 
 2441      00
 2442              	.LASF89:
 2443 045b 5F5F7366 		.ascii	"__sf\000"
 2443      00
 2444              	.LASF27:
 2445 0460 5F736967 		.ascii	"_sign\000"
 2445      6E00
 2446              	.LASF76:
 2447 0466 5F637572 		.ascii	"_current_locale\000"
 2447      72656E74 
 2447      5F6C6F63 
 2447      616C6500 
 2448              	.LASF64:
 2449 0476 5F646174 		.ascii	"_data\000"
 2449      6100
 2450              	.LASF18:
 2451 047c 5F5F7763 		.ascii	"__wchb\000"
 2451      686200
 2452              	.LASF36:
 2453 0483 5F5F746D 		.ascii	"__tm_year\000"
 2453      5F796561 
 2453      7200
 2454              	.LASF102:
 2455 048d 5F6C6F63 		.ascii	"_localtime_buf\000"
 2455      616C7469 
 2455      6D655F62 
 2455      756600
 2456              	.LASF13:
 2457 049c 5F5F7569 		.ascii	"__uid_t\000"
 2457      645F7400 
 2458              	.LASF143:
 2459 04a4 73745F63 		.ascii	"st_ctime\000"
 2459      74696D65 
 2459      00
 2460              	.LASF85:
 2461 04ad 5F6E6577 		.ascii	"_new\000"
 2461      00
 2462              	.LASF83:
 2463 04b2 5F637674 		.ascii	"_cvtlen\000"
 2463      6C656E00 
 2464              	.LASF26:
 2465 04ba 5F6D6178 		.ascii	"_maxwds\000"
 2465      77647300 
 2466              	.LASF109:
 2467 04c2 5F6C3634 		.ascii	"_l64a_buf\000"
 2467      615F6275 
 2467      6600
ARM GAS  /tmp/cci9w84h.s 			page 48


 2468              	.LASF75:
 2469 04cc 5F637572 		.ascii	"_current_category\000"
 2469      72656E74 
 2469      5F636174 
 2469      65676F72 
 2469      7900
 2470              	.LASF122:
 2471 04de 63616464 		.ascii	"caddr_t\000"
 2471      725F7400 
 2472              	.LASF62:
 2473 04e6 5F626C6B 		.ascii	"_blksize\000"
 2473      73697A65 
 2473      00
 2474              	.LASF30:
 2475 04ef 5F5F746D 		.ascii	"__tm\000"
 2475      00
 2476              	.LASF65:
 2477 04f4 5F6C6F63 		.ascii	"_lock\000"
 2477      6B00
 2478              	.LASF19:
 2479 04fa 73697A65 		.ascii	"sizetype\000"
 2479      74797065 
 2479      00
 2480              	.LASF6:
 2481 0503 6C6F6E67 		.ascii	"long unsigned int\000"
 2481      20756E73 
 2481      69676E65 
 2481      6420696E 
 2481      7400
 2482              	.LASF93:
 2483 0515 5F6E696F 		.ascii	"_niobs\000"
 2483      627300
 2484              	.LASF16:
 2485 051c 77696E74 		.ascii	"wint_t\000"
 2485      5F7400
 2486              	.LASF42:
 2487 0523 5F64736F 		.ascii	"_dso_handle\000"
 2487      5F68616E 
 2487      646C6500 
 2488              	.LASF129:
 2489 052f 6E6C696E 		.ascii	"nlink_t\000"
 2489      6B5F7400 
 2490              	.LASF84:
 2491 0537 5F637674 		.ascii	"_cvtbuf\000"
 2491      62756600 
 2492              	.LASF2:
 2493 053f 756E7369 		.ascii	"unsigned char\000"
 2493      676E6564 
 2493      20636861 
 2493      7200
 2494              	.LASF111:
 2495 054d 5F676574 		.ascii	"_getdate_err\000"
 2495      64617465 
 2495      5F657272 
 2495      00
 2496              	.LASF98:
 2497 055a 5F616464 		.ascii	"_add\000"
ARM GAS  /tmp/cci9w84h.s 			page 49


 2497      00
 2498              	.LASF120:
 2499 055f 5F756E75 		.ascii	"_unused\000"
 2499      73656400 
 2500              	.LASF48:
 2501 0567 5F5F7362 		.ascii	"__sbuf\000"
 2501      756600
 2502              	.LASF138:
 2503 056e 73745F73 		.ascii	"st_size\000"
 2503      697A6500 
 2504              	.LASF92:
 2505 0576 5F676C75 		.ascii	"_glue\000"
 2505      6500
 2506              	.LASF88:
 2507 057c 5F5F7367 		.ascii	"__sglue\000"
 2507      6C756500 
 2508              	.LASF100:
 2509 0584 5F737472 		.ascii	"_strtok_last\000"
 2509      746F6B5F 
 2509      6C617374 
 2509      00
 2510              	.LASF107:
 2511 0591 5F6D6274 		.ascii	"_mbtowc_state\000"
 2511      6F77635F 
 2511      73746174 
 2511      6500
 2512              	.LASF41:
 2513 059f 5F666E61 		.ascii	"_fnargs\000"
 2513      72677300 
 2514              	.LASF1:
 2515 05a7 7369676E 		.ascii	"signed char\000"
 2515      65642063 
 2515      68617200 
 2516              	.LASF128:
 2517 05b3 6D6F6465 		.ascii	"mode_t\000"
 2517      5F7400
 2518              	.LASF68:
 2519 05ba 5F726565 		.ascii	"_reent\000"
 2519      6E7400
 2520              	.LASF124:
 2521 05c1 6F66665F 		.ascii	"off_t\000"
 2521      7400
 2522              	.LASF4:
 2523 05c7 73686F72 		.ascii	"short unsigned int\000"
 2523      7420756E 
 2523      7369676E 
 2523      65642069 
 2523      6E7400
 2524              	.LASF43:
 2525 05da 5F666E74 		.ascii	"_fntypes\000"
 2525      79706573 
 2525      00
 2526              	.LASF50:
 2527 05e3 5F73697A 		.ascii	"_size\000"
 2527      6500
 2528              	.LASF11:
 2529 05e9 5F6F6666 		.ascii	"_off_t\000"
ARM GAS  /tmp/cci9w84h.s 			page 50


 2529      5F7400
 2530              	.LASF61:
 2531 05f0 5F6E6275 		.ascii	"_nbuf\000"
 2531      6600
 2532              	.LASF99:
 2533 05f6 5F756E75 		.ascii	"_unused_rand\000"
 2533      7365645F 
 2533      72616E64 
 2533      00
 2534              	.LASF137:
 2535 0603 73745F72 		.ascii	"st_rdev\000"
 2535      64657600 
 2536              	.LASF67:
 2537 060b 5F666C61 		.ascii	"_flags2\000"
 2537      67733200 
 2538              	.LASF44:
 2539 0613 5F69735F 		.ascii	"_is_cxa\000"
 2539      63786100 
 2540              	.LASF96:
 2541 061b 5F736565 		.ascii	"_seed\000"
 2541      6400
 2542              	.LASF104:
 2543 0621 5F72616E 		.ascii	"_rand_next\000"
 2543      645F6E65 
 2543      787400
 2544              	.LASF86:
 2545 062c 5F617465 		.ascii	"_atexit0\000"
 2545      78697430 
 2545      00
 2546              	.LASF58:
 2547 0635 5F736565 		.ascii	"_seek\000"
 2547      6B00
 2548              	.LASF72:
 2549 063b 5F737464 		.ascii	"_stderr\000"
 2549      65727200 
 2550              	.LASF119:
 2551 0643 5F6E6D61 		.ascii	"_nmalloc\000"
 2551      6C6C6F63 
 2551      00
 2552              	.LASF60:
 2553 064c 5F756275 		.ascii	"_ubuf\000"
 2553      6600
 2554              		.ident	"GCC: (GNU Tools for ARM Embedded Processors) 4.9.3 20141119 (release) [ARM/embedded-4_9-br
ARM GAS  /tmp/cci9w84h.s 			page 51


DEFINED SYMBOLS
                            *ABS*:00000000 syscalls.c
     /tmp/cci9w84h.s:18     .text:00000000 $t
     /tmp/cci9w84h.s:23     .text:00000000 _read_r
     /tmp/cci9w84h.s:57     .text:0000001c _lseek_r
     /tmp/cci9w84h.s:86     .text:00000030 _write_r
     /tmp/cci9w84h.s:115    .text:00000044 _close_r
     /tmp/cci9w84h.s:138    .rodata:00000000 $d
     /tmp/cci9w84h.s:147    .text:00000054 _sbrk_r
     /tmp/cci9w84h.s:197    .text:00000090 $d
     /tmp/cci9w84h.s:201    .text:00000094 $t
     /tmp/cci9w84h.s:206    .text:00000094 _fstat_r
     /tmp/cci9w84h.s:245    .text:000000bc _isatty_r
                     .debug_frame:00000010 $d

UNDEFINED SYMBOLS
chDbgPanic
chCoreAlloc
memset
